<?xml version="1.0" encoding="UTF-8"?>
<testsuites>
  <testsuite name="ds.asNumeric::arg::test errors" timestamp="2020-04-20T15:54:25Z" hostname="fv-az14" tests="1" skipped="0" failures="0" errors="0" time="5.458">
    <testcase time="5.458" classname="ds.asNumeric_arg_test_errors" name="asNumeric_erros"/>
  </testsuite>
  <testsuite name="ds.asNumeric::smk::setup" timestamp="2020-04-20T15:54:26Z" hostname="fv-az14" tests="3" skipped="0" failures="0" errors="0" time="5.295">
    <testcase time="5.284" classname="ds.asNumeric_smk_setup" name="setup"/>
    <testcase time="0.00200000000000244" classname="ds.asNumeric_smk_setup" name="setup"/>
    <testcase time="0.00900000000000034" classname="ds.asNumeric_smk_setup" name="setup"/>
  </testsuite>
  <testsuite name="ds.asNumeric::smk::simple test" timestamp="2020-04-20T15:54:30Z" hostname="fv-az14" tests="3" skipped="0" failures="0" errors="0" time="1.036">
    <testcase time="1.032" classname="ds.asNumeric_smk_simple_test" name="simple_test"/>
    <testcase time="0.00199999999999889" classname="ds.asNumeric_smk_simple_test" name="simple_test"/>
    <testcase time="0.00199999999999889" classname="ds.asNumeric_smk_simple_test" name="simple_test"/>
  </testsuite>
  <testsuite name="ds.asNumeric::smk::shutdown" timestamp="2020-04-20T15:54:31Z" hostname="fv-az14" tests="3" skipped="0" failures="0" errors="0" time="0.327">
    <testcase time="0.324000000000002" classname="ds.asNumeric_smk_shutdown" name="shutdown"/>
    <testcase time="0.00199999999999889" classname="ds.asNumeric_smk_shutdown" name="shutdown"/>
    <testcase time="0.00100000000000122" classname="ds.asNumeric_smk_shutdown" name="shutdown"/>
  </testsuite>
  <testsuite name="ds.asNumeric::smk::done" timestamp="2020-04-20T15:54:32Z" hostname="fv-az14" tests="0" skipped="0" failures="0" errors="0" time="0"/>
</testsuites>
