<?xml version="1.0" encoding="UTF-8"?>
<testsuites>
  <testsuite name="ds.asCharacter::arg::test errors" timestamp="2019-11-15T18:15:38Z" hostname="fv-az50" tests="1" skipped="0" failures="0" errors="0" time="6.15">
    <testcase time="6.15" classname="ds.asCharacter_arg_test_errors" name="asCharacter_erros"/>
  </testsuite>
  <testsuite name="ds.asDataMatrix::arg::test errors" timestamp="2019-11-15T18:15:45Z" hostname="fv-az50" tests="1" skipped="0" failures="0" errors="0" time="6.638">
    <testcase time="6.638" classname="ds.asDataMatrix_arg_test_errors" name="asDataMatrix_erros"/>
  </testsuite>
  <testsuite name="ds.asFactor::arg::test errors" timestamp="2019-11-15T18:15:51Z" hostname="fv-az50" tests="3" skipped="0" failures="0" errors="0" time="6.685">
    <testcase time="6.535" classname="ds.asFactor_arg_test_errors" name="asFactor_erros"/>
    <testcase time="0.100999999999999" classname="ds.asFactor_arg_test_errors" name="asFactor_erros"/>
    <testcase time="0.049000000000003" classname="ds.asFactor_arg_test_errors" name="asFactor_erros"/>
  </testsuite>
  <testsuite name="ds.asInteger::arg::test errors" timestamp="2019-11-15T18:15:58Z" hostname="fv-az50" tests="1" skipped="0" failures="0" errors="0" time="6.566">
    <testcase time="6.566" classname="ds.asInteger_arg_test_errors" name="asInteger_erros"/>
  </testsuite>
  <testsuite name="ds.asList::arg::test errors" timestamp="2019-11-15T18:16:04Z" hostname="fv-az50" tests="1" skipped="0" failures="0" errors="0" time="6.469">
    <testcase time="6.469" classname="ds.asList_arg_test_errors" name="asList_erros"/>
  </testsuite>
  <testsuite name="ds.asLogical::arg::test errors" timestamp="2019-11-15T18:16:11Z" hostname="fv-az50" tests="1" skipped="0" failures="0" errors="0" time="6.391">
    <testcase time="6.39100000000001" classname="ds.asLogical_arg_test_errors" name="asLogical_erros"/>
  </testsuite>
  <testsuite name="ds.asMatrix::arg::test errors" timestamp="2019-11-15T18:16:17Z" hostname="fv-az50" tests="1" skipped="0" failures="0" errors="0" time="6.54">
    <testcase time="6.54" classname="ds.asMatrix_arg_test_errors" name="asMatrix_erros"/>
  </testsuite>
  <testsuite name="ds.asNumeric::arg::test errors" timestamp="2019-11-15T18:16:24Z" hostname="fv-az50" tests="1" skipped="0" failures="0" errors="0" time="6.445">
    <testcase time="6.445" classname="ds.asNumeric_arg_test_errors" name="asNumeric_erros"/>
  </testsuite>
  <testsuite name="ds.assign::arg::test errors" timestamp="2019-11-15T18:16:30Z" hostname="fv-az50" tests="1" skipped="0" failures="0" errors="0" time="6.418">
    <testcase time="6.418" classname="ds.assign_arg_test_errors" name="assign_erros"/>
  </testsuite>
  <testsuite name="ds.Boole::arg::test errors" timestamp="2019-11-15T18:16:37Z" hostname="fv-az50" tests="5" skipped="0" failures="0" errors="0" time="6.726">
    <testcase time="6.473" classname="ds.Boole_arg_test_errors" name="Boole_erros"/>
    <testcase time="0.132999999999996" classname="ds.Boole_arg_test_errors" name="Boole_erros"/>
    <testcase time="0.041000000000011" classname="ds.Boole_arg_test_errors" name="Boole_erros"/>
    <testcase time="0.0389999999999873" classname="ds.Boole_arg_test_errors" name="Boole_erros"/>
    <testcase time="0.0400000000000063" classname="ds.Boole_arg_test_errors" name="Boole_erros"/>
  </testsuite>
  <testsuite name="ds.cbind::arg::test errors" timestamp="2019-11-15T18:16:43Z" hostname="fv-az50" tests="2" skipped="0" failures="0" errors="0" time="7.861">
    <testcase time="6.693" classname="ds.cbind_arg_test_errors" name="cbind_erros"/>
    <testcase time="1.16800000000001" classname="ds.cbind_arg_test_errors" name="cbind_erros"/>
  </testsuite>
  <testsuite name="ds.changeRefGroup::arg::test errors" timestamp="2019-11-15T18:16:51Z" hostname="fv-az50" tests="3" skipped="0" failures="0" errors="0" time="7.583">
    <testcase time="6.48099999999999" classname="ds.changeRefGroup_arg_test_errors" name="changeRefGroup_erros"/>
    <testcase time="0.0730000000000075" classname="ds.changeRefGroup_arg_test_errors" name="changeRefGroup_erros"/>
    <testcase time="1.029" classname="ds.changeRefGroup_arg_test_errors" name="changeRefGroup_erros"/>
  </testsuite>
  <testsuite name="ds.class::arg::test errors" timestamp="2019-11-15T18:16:59Z" hostname="fv-az50" tests="1" skipped="0" failures="0" errors="0" time="6.549">
    <testcase time="6.54899999999999" classname="ds.class_arg_test_errors" name="class_erros"/>
  </testsuite>
  <testsuite name="ds.colnames::arg::test errors" timestamp="2019-11-15T18:17:05Z" hostname="fv-az50" tests="1" skipped="0" failures="0" errors="0" time="6.547">
    <testcase time="6.54700000000001" classname="ds.colnames_arg_test_errors" name="simple_colnames_errors"/>
  </testsuite>
  <testsuite name="ds.cor::arg::test errors" timestamp="2019-11-15T18:17:12Z" hostname="fv-az50" tests="3" skipped="0" failures="0" errors="0" time="10.08">
    <testcase time="6.518" classname="ds.cor_arg_test_errors" name="cor_erros"/>
    <testcase time="1.267" classname="ds.cor_arg_test_errors" name="cor_erros"/>
    <testcase time="2.295" classname="ds.cor_arg_test_errors" name="cor_erros"/>
  </testsuite>
  <testsuite name="ds.corTest::arg" timestamp="2019-11-15T18:17:22Z" hostname="fv-az50" tests="2" skipped="0" failures="0" errors="0" time="6.424">
    <testcase time="6.35199999999999" classname="ds.corTest_arg" name="simple_arg_test"/>
    <testcase time="0.0720000000000027" classname="ds.corTest_arg" name="simple_arg_test"/>
  </testsuite>
  <testsuite name="ds.cov::arg::test errors" timestamp="2019-11-15T18:17:28Z" hostname="fv-az50" tests="3" skipped="0" failures="0" errors="0" time="9.869">
    <testcase time="6.381" classname="ds.cov_arg_test_errors" name="cov_erros"/>
    <testcase time="1.208" classname="ds.cov_arg_test_errors" name="cov_erros"/>
    <testcase time="2.28" classname="ds.cov_arg_test_errors" name="cov_erros"/>
  </testsuite>
  <testsuite name="ds.c::arg::test errors" timestamp="2019-11-15T18:17:38Z" hostname="fv-az50" tests="1" skipped="0" failures="0" errors="0" time="6.434">
    <testcase time="6.43400000000001" classname="ds.c_arg_test_errors" name="simple_c_errors"/>
  </testsuite>
  <testsuite name="ds.dataFrameFill::arg::test errors" timestamp="2019-11-15T18:17:45Z" hostname="fv-az50" tests="3" skipped="0" failures="0" errors="0" time="7.875">
    <testcase time="6.50399999999999" classname="ds.dataFrameFill_arg_test_errors" name="dataFrameFill_erros"/>
    <testcase time="0.390999999999991" classname="ds.dataFrameFill_arg_test_errors" name="dataFrameFill_erros"/>
    <testcase time="0.980000000000018" classname="ds.dataFrameFill_arg_test_errors" name="dataFrameFill_erros"/>
  </testsuite>
  <testsuite name="ds.dataFrame::arg::test errors" timestamp="2019-11-15T18:17:52Z" hostname="fv-az50" tests="2" skipped="0" failures="0" errors="0" time="7.813">
    <testcase time="6.42499999999998" classname="ds.dataFrame_arg_test_errors" name="dataframe_erros"/>
    <testcase time="1.38800000000001" classname="ds.dataFrame_arg_test_errors" name="dataframe_erros"/>
  </testsuite>
  <testsuite name="ds.dataFrameSubset::arg::test errors" timestamp="2019-11-15T18:18:00Z" hostname="fv-az50" tests="1" skipped="0" failures="0" errors="0" time="6.449">
    <testcase time="6.44900000000001" classname="ds.dataFrameSubset_arg_test_errors" name="dataFrameSubset_erros"/>
  </testsuite>
  <testsuite name="ds.dim::arg::test errors" timestamp="2019-11-15T18:18:07Z" hostname="fv-az50" tests="3" skipped="0" failures="0" errors="0" time="7.807">
    <testcase time="6.464" classname="ds.dim_arg_test_errors" name="dim_erros"/>
    <testcase time="1.03999999999999" classname="ds.dim_arg_test_errors" name="dim_erros"/>
    <testcase time="0.302999999999997" classname="ds.dim_arg_test_errors" name="dim_erros"/>
  </testsuite>
  <testsuite name="ds.exists::arg::test errors" timestamp="2019-11-15T18:18:15Z" hostname="fv-az50" tests="1" skipped="0" failures="0" errors="0" time="6.512">
    <testcase time="6.512" classname="ds.exists_arg_test_errors" name="simple_exists_errors"/>
  </testsuite>
  <testsuite name="ds.exp::arg::test errors" timestamp="2019-11-15T18:18:21Z" hostname="fv-az50" tests="1" skipped="0" failures="0" errors="0" time="6.508">
    <testcase time="6.50800000000001" classname="ds.exp_arg_test_errors" name="exp_erros"/>
  </testsuite>
  <testsuite name="ds.foobar::arg::aggregate" timestamp="2019-11-15T18:18:28Z" hostname="fv-az50" tests="1" skipped="0" failures="0" errors="0" time="6.594">
    <testcase time="6.59399999999999" classname="ds.foobar_arg_aggregate" name="NULL_opal"/>
  </testsuite>
  <testsuite name="ds.foobar::arg::aggregate" timestamp="2019-11-15T18:18:28Z" hostname="fv-az50" tests="1" skipped="0" failures="0" errors="0" time="0.041">
    <testcase time="0.0409999999999968" classname="ds.foobar_arg_aggregate" name="NULL_expr"/>
  </testsuite>
  <testsuite name="ds.foobar::arg::aggregate" timestamp="2019-11-15T18:18:28Z" hostname="fv-az50" tests="1" skipped="0" failures="0" errors="0" time="0.233">
    <testcase time="0.233000000000004" classname="ds.foobar_arg_aggregate" name="non_existent_aggregate_foobarDS"/>
  </testsuite>
  <testsuite name="ds.foobar::arg::assign" timestamp="2019-11-15T18:18:28Z" hostname="fv-az50" tests="1" skipped="0" failures="0" errors="0" time="0.039">
    <testcase time="0.0389999999999873" classname="ds.foobar_arg_assign" name="NULL_opal"/>
  </testsuite>
  <testsuite name="ds.foobar::arg::assign" timestamp="2019-11-15T18:18:28Z" hostname="fv-az50" tests="1" skipped="0" failures="0" errors="0" time="0.042">
    <testcase time="0.0420000000000016" classname="ds.foobar_arg_assign" name="NULL_value"/>
  </testsuite>
  <testsuite name="ds.foobar::arg::assign" timestamp="2019-11-15T18:18:28Z" hostname="fv-az50" tests="2" skipped="0" failures="0" errors="0" time="0.262">
    <testcase time="0.260999999999996" classname="ds.foobar_arg_assign" name="non_existent_assign_foobarDS"/>
    <testcase time="0.00100000000000477" classname="ds.foobar_arg_assign" name="non_existent_assign_foobarDS"/>
  </testsuite>
  <testsuite name="ds.glm::arg::test errors" timestamp="2019-11-15T18:18:35Z" hostname="fv-az50" tests="2" skipped="0" failures="0" errors="0" time="6.965">
    <testcase time="6.434" classname="ds.glm_arg_test_errors" name="glm_erros"/>
    <testcase time="0.531000000000006" classname="ds.glm_arg_test_errors" name="glm_erros"/>
  </testsuite>
  <testsuite name="ds.glmSLMA::arg::test errors" timestamp="2019-11-15T18:18:42Z" hostname="fv-az50" tests="1" skipped="0" failures="0" errors="0" time="6.392">
    <testcase time="6.392" classname="ds.glmSLMA_arg_test_errors" name="glmSLMA_erros"/>
  </testsuite>
  <testsuite name="ds.isNA()::smk::errors" timestamp="2019-11-15T18:18:48Z" hostname="fv-az50" tests="1" skipped="0" failures="0" errors="0" time="6.392">
    <testcase time="6.392" classname="ds.isNA_smk_errors" name="isNA_errors"/>
  </testsuite>
  <testsuite name="ds.isValid()::smk::errors" timestamp="2019-11-15T18:18:55Z" hostname="fv-az50" tests="2" skipped="0" failures="0" errors="0" time="7.453">
    <testcase time="6.44400000000002" classname="ds.isValid_smk_errors" name="isValid_errors"/>
    <testcase time="1.00899999999999" classname="ds.isValid_smk_errors" name="isValid_errors"/>
  </testsuite>
  <testsuite name="ds.length::arg::test errors" timestamp="2019-11-15T18:19:02Z" hostname="fv-az50" tests="5" skipped="0" failures="0" errors="0" time="9.43">
    <testcase time="7.32300000000001" classname="ds.length_arg_test_errors" name="length_erros"/>
    <testcase time="0.119" classname="ds.length_arg_test_errors" name="length_erros"/>
    <testcase time="0.039999999999992" classname="ds.length_arg_test_errors" name="length_erros"/>
    <testcase time="0.980999999999995" classname="ds.length_arg_test_errors" name="length_erros"/>
    <testcase time="0.967000000000013" classname="ds.length_arg_test_errors" name="length_erros"/>
  </testsuite>
  <testsuite name="ds.levels::arg" timestamp="2019-11-15T18:19:12Z" hostname="fv-az50" tests="2" skipped="0" failures="0" errors="0" time="6.904">
    <testcase time="6.583" classname="ds.levels_arg" name="simple_levels"/>
    <testcase time="0.320999999999998" classname="ds.levels_arg" name="simple_levels"/>
  </testsuite>
  <testsuite name="ds.lexis::arg::test errors" timestamp="2019-11-15T18:19:18Z" hostname="fv-az50" tests="1" skipped="0" failures="0" errors="0" time="6.481">
    <testcase time="6.48099999999999" classname="ds.lexis_arg_test_errors" name="lexis_erros"/>
  </testsuite>
  <testsuite name="ds.list::arg::test errors" timestamp="2019-11-15T18:19:25Z" hostname="fv-az50" tests="1" skipped="0" failures="0" errors="0" time="6.472">
    <testcase time="6.47200000000001" classname="ds.list_arg_test_errors" name="simple_ds.list_errors"/>
  </testsuite>
  <testsuite name="ds.log::arg::test errors" timestamp="2019-11-15T18:19:31Z" hostname="fv-az50" tests="1" skipped="0" failures="0" errors="0" time="6.415">
    <testcase time="6.41499999999999" classname="ds.log_arg_test_errors" name="log_erros"/>
  </testsuite>
  <testsuite name="ds.look::arg::test errors" timestamp="2019-11-15T18:19:38Z" hostname="fv-az50" tests="1" skipped="0" failures="0" errors="0" time="6.459">
    <testcase time="6.459" classname="ds.look_arg_test_errors" name="look_erros"/>
  </testsuite>
  <testsuite name="ds.make::arg::test errors" timestamp="2019-11-15T18:19:44Z" hostname="fv-az50" tests="1" skipped="0" failures="0" errors="0" time="6.503">
    <testcase time="6.50300000000001" classname="ds.make_arg_test_errors" name="make_erros"/>
  </testsuite>
  <testsuite name="ds.matrixDet::arg::test errors" timestamp="2019-11-15T18:19:51Z" hostname="fv-az50" tests="1" skipped="0" failures="0" errors="0" time="6.438">
    <testcase time="6.43799999999999" classname="ds.matrixDet_arg_test_errors" name="matrixDet_erros"/>
  </testsuite>
  <testsuite name="ds.matrixDet.report::arg::test errors" timestamp="2019-11-15T18:19:57Z" hostname="fv-az50" tests="1" skipped="0" failures="0" errors="0" time="6.44">
    <testcase time="6.44" classname="ds.matrixDet.report_arg_test_errors" name="ds.matixDet.report_erros"/>
  </testsuite>
  <testsuite name="ds.matrixDiag::arg::test errors" timestamp="2019-11-15T18:20:04Z" hostname="fv-az50" tests="2" skipped="0" failures="0" errors="0" time="6.374">
    <testcase time="6.37299999999999" classname="ds.matrixDiag_arg_test_errors" name="matrixDiag_erros"/>
    <testcase time="0.000999999999976353" classname="ds.matrixDiag_arg_test_errors" name="matrixDiag_erros"/>
  </testsuite>
  <testsuite name="ds.matrixDimnames::arg::test errors" timestamp="2019-11-15T18:20:10Z" hostname="fv-az50" tests="1" skipped="0" failures="0" errors="0" time="6.409">
    <testcase time="6.40900000000005" classname="ds.matrixDimnames_arg_test_errors" name="matrixDimnames_erros"/>
  </testsuite>
  <testsuite name="ds.matrixInvert::arg::test errors" timestamp="2019-11-15T18:20:16Z" hostname="fv-az50" tests="1" skipped="0" failures="0" errors="0" time="6.396">
    <testcase time="6.39600000000002" classname="ds.matrixInvert_arg_test_errors" name="matrixInvert_erros"/>
  </testsuite>
  <testsuite name="ds.matrixMult::arg::test errors" timestamp="2019-11-15T18:20:23Z" hostname="fv-az50" tests="1" skipped="0" failures="0" errors="0" time="6.42">
    <testcase time="6.42000000000002" classname="ds.matrixMult_arg_test_errors" name="matrixMult_erros"/>
  </testsuite>
  <testsuite name="ds.matrix::arg::test errors" timestamp="2019-11-15T18:20:29Z" hostname="fv-az50" tests="1" skipped="0" failures="0" errors="0" time="6.545">
    <testcase time="6.54499999999996" classname="ds.matrix_arg_test_errors" name="matrix_erros"/>
  </testsuite>
  <testsuite name="ds.matrixTranspose::arg::test errors" timestamp="2019-11-15T18:20:36Z" hostname="fv-az50" tests="1" skipped="0" failures="0" errors="0" time="6.607">
    <testcase time="6.60700000000003" classname="ds.matrixTranspose_arg_test_errors" name="matrixTranspose_erros"/>
  </testsuite>
  <testsuite name="ds.meanByClass::arg::test errors" timestamp="2019-11-15T18:20:42Z" hostname="fv-az50" tests="5" skipped="0" failures="0" errors="0" time="16.602">
    <testcase time="9.22800000000001" classname="ds.meanByClass_arg_test_errors" name="meanByClass_erros"/>
    <testcase time="1.23399999999998" classname="ds.meanByClass_arg_test_errors" name="meanByClass_erros"/>
    <testcase time="1.899" classname="ds.meanByClass_arg_test_errors" name="meanByClass_erros"/>
    <testcase time="0.0389999999999873" classname="ds.meanByClass_arg_test_errors" name="meanByClass_erros"/>
    <testcase time="4.202" classname="ds.meanByClass_arg_test_errors" name="meanByClass_erros"/>
  </testsuite>
  <testsuite name="ds.mean::arg::test errors" timestamp="2019-11-15T18:20:59Z" hostname="fv-az50" tests="3" skipped="0" failures="0" errors="0" time="8.397">
    <testcase time="7.27199999999999" classname="ds.mean_arg_test_errors" name="mean_erros"/>
    <testcase time="0.15500000000003" classname="ds.mean_arg_test_errors" name="mean_erros"/>
    <testcase time="0.96999999999997" classname="ds.mean_arg_test_errors" name="mean_erros"/>
  </testsuite>
  <testsuite name="ds.meanSdGp::arg::test errors" timestamp="2019-11-15T18:21:07Z" hostname="fv-az50" tests="1" skipped="0" failures="0" errors="0" time="6.469">
    <testcase time="6.46899999999999" classname="ds.meanSdGp_arg_test_errors" name="meanSdGp_erros"/>
  </testsuite>
  <testsuite name="ds.merge::arg::test errors" timestamp="2019-11-15T18:21:14Z" hostname="fv-az50" tests="5" skipped="0" failures="0" errors="0" time="6.892">
    <testcase time="6.65900000000005" classname="ds.merge_arg_test_errors" name="merge_erros"/>
    <testcase time="0.108000000000004" classname="ds.merge_arg_test_errors" name="merge_erros"/>
    <testcase time="0.0419999999999732" classname="ds.merge_arg_test_errors" name="merge_erros"/>
    <testcase time="0.0419999999999732" classname="ds.merge_arg_test_errors" name="merge_erros"/>
    <testcase time="0.0410000000000537" classname="ds.merge_arg_test_errors" name="merge_erros"/>
  </testsuite>
  <testsuite name="ds.message::arg" timestamp="2019-11-15T18:21:21Z" hostname="fv-az50" tests="1" skipped="0" failures="0" errors="0" time="6.488">
    <testcase time="6.488" classname="ds.message_arg" name="request_message_for_NULL"/>
  </testsuite>
  <testsuite name="ds.names::arg::test errors" timestamp="2019-11-15T18:21:27Z" hostname="fv-az50" tests="2" skipped="0" failures="0" errors="0" time="7.458">
    <testcase time="6.464" classname="ds.names_arg_test_errors" name="simple_ds.names_errors"/>
    <testcase time="0.993999999999971" classname="ds.names_arg_test_errors" name="simple_ds.names_errors"/>
  </testsuite>
  <testsuite name="ds.numNA::arg::test errors" timestamp="2019-11-15T18:21:35Z" hostname="fv-az50" tests="1" skipped="0" failures="0" errors="0" time="6.421">
    <testcase time="6.42100000000005" classname="ds.numNA_arg_test_errors" name="simple_ds.numNA_errors"/>
  </testsuite>
  <testsuite name="ds.quantileMean::arg::test errors" timestamp="2019-11-15T18:21:41Z" hostname="fv-az50" tests="3" skipped="0" failures="0" errors="0" time="10.103">
    <testcase time="7.29699999999997" classname="ds.quantileMean_arg_test_errors" name="quantileMean_erros"/>
    <testcase time="1.82999999999998" classname="ds.quantileMean_arg_test_errors" name="quantileMean_erros"/>
    <testcase time="0.975999999999999" classname="ds.quantileMean_arg_test_errors" name="quantileMean_erros"/>
  </testsuite>
  <testsuite name="ds.rbind::arg::test errors" timestamp="2019-11-15T18:21:51Z" hostname="fv-az50" tests="1" skipped="0" failures="0" errors="0" time="6.493">
    <testcase time="6.49300000000005" classname="ds.rbind_arg_test_errors" name="rbind_erros"/>
  </testsuite>
  <testsuite name="ds.rBinom::arg::test errors" timestamp="2019-11-15T18:21:58Z" hostname="fv-az50" tests="2" skipped="0" failures="0" errors="0" time="6.501">
    <testcase time="6.5" classname="ds.rBinom_arg_test_errors" name="rBinom_erros"/>
    <testcase time="0.000999999999976353" classname="ds.rBinom_arg_test_errors" name="rBinom_erros"/>
  </testsuite>
  <testsuite name="ds.recodeLevels::arg::test errors" timestamp="2019-11-15T18:22:04Z" hostname="fv-az50" tests="4" skipped="0" failures="0" errors="0" time="8.902">
    <testcase time="6.60500000000002" classname="ds.recodeLevels_arg_test_errors" name="recodeLevels_erros"/>
    <testcase time="0.0790000000000077" classname="ds.recodeLevels_arg_test_errors" name="recodeLevels_erros"/>
    <testcase time="0.977999999999952" classname="ds.recodeLevels_arg_test_errors" name="recodeLevels_erros"/>
    <testcase time="1.24000000000001" classname="ds.recodeLevels_arg_test_errors" name="recodeLevels_erros"/>
  </testsuite>
  <testsuite name="ds.recodeValues::arg::test errors" timestamp="2019-11-15T18:22:13Z" hostname="fv-az50" tests="6" skipped="0" failures="0" errors="0" time="6.786">
    <testcase time="6.47799999999995" classname="ds.recodeValues_arg_test_errors" name="recodeValues_erros"/>
    <testcase time="0.146999999999991" classname="ds.recodeValues_arg_test_errors" name="recodeValues_erros"/>
    <testcase time="0.0400000000000205" classname="ds.recodeValues_arg_test_errors" name="recodeValues_erros"/>
    <testcase time="0.0409999999999968" classname="ds.recodeValues_arg_test_errors" name="recodeValues_erros"/>
    <testcase time="0.0389999999999873" classname="ds.recodeValues_arg_test_errors" name="recodeValues_erros"/>
    <testcase time="0.0409999999999968" classname="ds.recodeValues_arg_test_errors" name="recodeValues_erros"/>
  </testsuite>
  <testsuite name="ds.replaceNA::arg::test errors" timestamp="2019-11-15T18:22:20Z" hostname="fv-az50" tests="2" skipped="0" failures="0" errors="0" time="6.557">
    <testcase time="6.46699999999998" classname="ds.replaceNA_arg_test_errors" name="simple_ds.replaceNA_errors"/>
    <testcase time="0.0900000000000318" classname="ds.replaceNA_arg_test_errors" name="simple_ds.replaceNA_errors"/>
  </testsuite>
  <testsuite name="ds.reShape::arg::test errors" timestamp="2019-11-15T18:22:26Z" hostname="fv-az50" tests="4" skipped="0" failures="0" errors="0" time="6.651">
    <testcase time="6.459" classname="ds.reShape_arg_test_errors" name="reShape_erros"/>
    <testcase time="0.111999999999966" classname="ds.reShape_arg_test_errors" name="reShape_erros"/>
    <testcase time="0.0400000000000205" classname="ds.reShape_arg_test_errors" name="reShape_erros"/>
    <testcase time="0.0400000000000205" classname="ds.reShape_arg_test_errors" name="reShape_erros"/>
  </testsuite>
  <testsuite name="ds.rm::arg::test errors" timestamp="2019-11-15T18:22:33Z" hostname="fv-az50" tests="1" skipped="0" failures="0" errors="0" time="6.553">
    <testcase time="6.553" classname="ds.rm_arg_test_errors" name="ds.rm_erros"/>
  </testsuite>
  <testsuite name="ds.rNorm::arg::test errors" timestamp="2019-11-15T18:22:40Z" hostname="fv-az50" tests="2" skipped="0" failures="0" errors="0" time="6.461">
    <testcase time="6.45999999999998" classname="ds.rNorm_arg_test_errors" name="rNorm_erros"/>
    <testcase time="0.000999999999976353" classname="ds.rNorm_arg_test_errors" name="rNorm_erros"/>
  </testsuite>
  <testsuite name="ds.rowColCalc::arg::test errors" timestamp="2019-11-15T18:22:46Z" hostname="fv-az50" tests="3" skipped="0" failures="0" errors="0" time="14.163">
    <testcase time="6.56100000000004" classname="ds.rowColCalc_arg_test_errors" name="rowColCalc_errors"/>
    <testcase time="3.83499999999998" classname="ds.rowColCalc_arg_test_errors" name="rowColCalc_errors"/>
    <testcase time="3.767" classname="ds.rowColCalc_arg_test_errors" name="rowColCalc_errors"/>
  </testsuite>
  <testsuite name="ds.rPois::arg::test errors" timestamp="2019-11-15T18:23:00Z" hostname="fv-az50" tests="2" skipped="0" failures="0" errors="0" time="6.453">
    <testcase time="6.452" classname="ds.rPois_arg_test_errors" name="rPois_erros"/>
    <testcase time="0.000999999999976353" classname="ds.rPois_arg_test_errors" name="rPois_erros"/>
  </testsuite>
  <testsuite name="ds.rUnif::arg::test errors" timestamp="2019-11-15T18:23:07Z" hostname="fv-az50" tests="2" skipped="0" failures="0" errors="0" time="6.485">
    <testcase time="6.48399999999998" classname="ds.rUnif_arg_test_errors" name="rUnif_erros"/>
    <testcase time="0.0010000000000332" classname="ds.rUnif_arg_test_errors" name="rUnif_erros"/>
  </testsuite>
  <testsuite name="ds.seq::arg::test errors" timestamp="2019-11-15T18:23:13Z" hostname="fv-az50" tests="1" skipped="0" failures="0" errors="0" time="6.53">
    <testcase time="6.52999999999997" classname="ds.seq_arg_test_errors" name="seq_erros"/>
  </testsuite>
  <testsuite name="ds.setSeed::arg::test errors" timestamp="2019-11-15T18:23:20Z" hostname="fv-az50" tests="1" skipped="0" failures="0" errors="0" time="6.499">
    <testcase time="6.49900000000002" classname="ds.setSeed_arg_test_errors" name="setSeed_erros"/>
  </testsuite>
  <testsuite name="ds.subsetByClass::arg::test errors" timestamp="2019-11-15T18:23:26Z" hostname="fv-az50" tests="2" skipped="0" failures="0" errors="0" time="7.532">
    <testcase time="6.49200000000002" classname="ds.subsetByClass_arg_test_errors" name="subsetByClass_erros"/>
    <testcase time="1.04000000000002" classname="ds.subsetByClass_arg_test_errors" name="subsetByClass_erros"/>
  </testsuite>
  <testsuite name="ds.subset::arg::test errors" timestamp="2019-11-15T18:23:34Z" hostname="fv-az50" tests="1" skipped="0" failures="0" errors="0" time="6.474">
    <testcase time="6.47399999999999" classname="ds.subset_arg_test_errors" name="subset_erros"/>
  </testsuite>
  <testsuite name="ds.summary::arg::test errors" timestamp="2019-11-15T18:23:40Z" hostname="fv-az50" tests="1" skipped="0" failures="0" errors="0" time="6.437">
    <testcase time="6.43700000000001" classname="ds.summary_arg_test_errors" name="summary_erros"/>
  </testsuite>
  <testsuite name="ds.table1D::arg::test errors" timestamp="2019-11-15T18:23:47Z" hostname="fv-az50" tests="2" skipped="0" failures="0" errors="0" time="7.868">
    <testcase time="6.50899999999996" classname="ds.table1D_arg_test_errors" name="table1D_erros"/>
    <testcase time="1.35900000000004" classname="ds.table1D_arg_test_errors" name="table1D_erros"/>
  </testsuite>
  <testsuite name="ds.table2D::arg::test errors" timestamp="2019-11-15T18:23:55Z" hostname="fv-az50" tests="1" skipped="0" failures="0" errors="0" time="6.522">
    <testcase time="6.52199999999999" classname="ds.table2D_arg_test_errors" name="table2D_erros"/>
  </testsuite>
  <testsuite name="ds.tapply.assign::arg::test errors" timestamp="2019-11-15T18:24:01Z" hostname="fv-az50" tests="8" skipped="0" failures="0" errors="0" time="6.65">
    <testcase time="6.57300000000004" classname="ds.tapply.assign_arg_test_errors" name="tapply_erros"/>
    <testcase time="0.000999999999976353" classname="ds.tapply.assign_arg_test_errors" name="tapply_erros"/>
    <testcase time="0.0679999999999836" classname="ds.tapply.assign_arg_test_errors" name="tapply_erros"/>
    <testcase time="0.000999999999976353" classname="ds.tapply.assign_arg_test_errors" name="tapply_erros"/>
    <testcase time="0.00200000000006639" classname="ds.tapply.assign_arg_test_errors" name="tapply_erros"/>
    <testcase time="0.000999999999976353" classname="ds.tapply.assign_arg_test_errors" name="tapply_erros"/>
    <testcase time="0.00199999999995271" classname="ds.tapply.assign_arg_test_errors" name="tapply_erros"/>
    <testcase time="0.00200000000006639" classname="ds.tapply.assign_arg_test_errors" name="tapply_erros"/>
  </testsuite>
  <testsuite name="ds.tapply::arg::test errors" timestamp="2019-11-15T18:24:08Z" hostname="fv-az50" tests="8" skipped="0" failures="0" errors="0" time="6.585">
    <testcase time="6.55499999999995" classname="ds.tapply_arg_test_errors" name="tapply_erros"/>
    <testcase time="0.000999999999976353" classname="ds.tapply_arg_test_errors" name="tapply_erros"/>
    <testcase time="0.0220000000000482" classname="ds.tapply_arg_test_errors" name="tapply_erros"/>
    <testcase time="0.000999999999976353" classname="ds.tapply_arg_test_errors" name="tapply_erros"/>
    <testcase time="0.000999999999976353" classname="ds.tapply_arg_test_errors" name="tapply_erros"/>
    <testcase time="0.00200000000006639" classname="ds.tapply_arg_test_errors" name="tapply_erros"/>
    <testcase time="0.00199999999995271" classname="ds.tapply_arg_test_errors" name="tapply_erros"/>
    <testcase time="0.00100000000009004" classname="ds.tapply_arg_test_errors" name="tapply_erros"/>
  </testsuite>
  <testsuite name="ds.testObjExists::arg::test errors" timestamp="2019-11-15T18:24:14Z" hostname="fv-az50" tests="1" skipped="0" failures="0" errors="0" time="6.454">
    <testcase time="6.45399999999995" classname="ds.testObjExists_arg_test_errors" name="testObjExists_erros"/>
  </testsuite>
  <testsuite name="ds.unList::arg::test errors" timestamp="2019-11-15T18:24:21Z" hostname="fv-az50" tests="1" skipped="0" failures="0" errors="0" time="6.448">
    <testcase time="6.44799999999998" classname="ds.unList_arg_test_errors" name="unList_erros"/>
  </testsuite>
  <testsuite name="ds.var::arg::test errors" timestamp="2019-11-15T18:24:27Z" hostname="fv-az50" tests="2" skipped="0" failures="0" errors="0" time="8.386">
    <testcase time="7.29300000000001" classname="ds.var_arg_test_errors" name="var_erros"/>
    <testcase time="1.09299999999996" classname="ds.var_arg_test_errors" name="var_erros"/>
  </testsuite>
  <testsuite name="ds.vectorCalc::arg::test errors" timestamp="2019-11-15T18:24:36Z" hostname="fv-az50" tests="1" skipped="0" failures="0" errors="0" time="6.48">
    <testcase time="6.48000000000002" classname="ds.vectorCalc_arg_test_errors" name="ds.vectorCalc_erros"/>
  </testsuite>
  <testsuite name="ds.mean::disc::type=both" timestamp="2019-11-15T18:24:42Z" hostname="fv-az50" tests="29" skipped="0" failures="0" errors="0" time="10.415">
    <testcase time="10.1080000000001" classname="ds.mean_disc_type_both" name="mean_values_both_"/>
    <testcase time="0.00199999999995271" classname="ds.mean_disc_type_both" name="mean_values_both_"/>
    <testcase time="0.000999999999976353" classname="ds.mean_disc_type_both" name="mean_values_both_"/>
    <testcase time="0.00200000000006639" classname="ds.mean_disc_type_both" name="mean_values_both_"/>
    <testcase time="0.000999999999976353" classname="ds.mean_disc_type_both" name="mean_values_both_"/>
    <testcase time="0.259999999999991" classname="ds.mean_disc_type_both" name="mean_values_both_"/>
    <testcase time="0.000999999999976353" classname="ds.mean_disc_type_both" name="mean_values_both_"/>
    <testcase time="0.00700000000006185" classname="ds.mean_disc_type_both" name="mean_values_both_"/>
    <testcase time="0.000999999999976353" classname="ds.mean_disc_type_both" name="mean_values_both_"/>
    <testcase time="0.000999999999976353" classname="ds.mean_disc_type_both" name="mean_values_both_"/>
    <testcase time="0.00200000000006639" classname="ds.mean_disc_type_both" name="mean_values_both_"/>
    <testcase time="0.00199999999995271" classname="ds.mean_disc_type_both" name="mean_values_both_"/>
    <testcase time="0.000999999999976353" classname="ds.mean_disc_type_both" name="mean_values_both_"/>
    <testcase time="0.00200000000006639" classname="ds.mean_disc_type_both" name="mean_values_both_"/>
    <testcase time="0.000999999999976353" classname="ds.mean_disc_type_both" name="mean_values_both_"/>
    <testcase time="0.00199999999995271" classname="ds.mean_disc_type_both" name="mean_values_both_"/>
    <testcase time="0.00100000000009004" classname="ds.mean_disc_type_both" name="mean_values_both_"/>
    <testcase time="0.00199999999995271" classname="ds.mean_disc_type_both" name="mean_values_both_"/>
    <testcase time="0.00199999999995271" classname="ds.mean_disc_type_both" name="mean_values_both_"/>
    <testcase time="0.00100000000009004" classname="ds.mean_disc_type_both" name="mean_values_both_"/>
    <testcase time="0.00199999999995271" classname="ds.mean_disc_type_both" name="mean_values_both_"/>
    <testcase time="0.000999999999976353" classname="ds.mean_disc_type_both" name="mean_values_both_"/>
    <testcase time="0.00200000000006639" classname="ds.mean_disc_type_both" name="mean_values_both_"/>
    <testcase time="0.000999999999976353" classname="ds.mean_disc_type_both" name="mean_values_both_"/>
    <testcase time="0.00199999999995271" classname="ds.mean_disc_type_both" name="mean_values_both_"/>
    <testcase time="0.00200000000006639" classname="ds.mean_disc_type_both" name="mean_values_both_"/>
    <testcase time="0.000999999999976353" classname="ds.mean_disc_type_both" name="mean_values_both_"/>
    <testcase time="0.00199999999995271" classname="ds.mean_disc_type_both" name="mean_values_both_"/>
    <testcase time="0.00200000000006639" classname="ds.mean_disc_type_both" name="mean_values_both_"/>
  </testsuite>
  <testsuite name="ds.rm::disc" timestamp="2019-11-15T18:24:53Z" hostname="fv-az50" tests="31" skipped="0" failures="0" errors="0" time="7.601">
    <testcase time="6.78800000000001" classname="ds.rm_disc" name="justovertest"/>
    <testcase time="0.000999999999976353" classname="ds.rm_disc" name="justovertest"/>
    <testcase time="0.000999999999976353" classname="ds.rm_disc" name="justovertest"/>
    <testcase time="0.000999999999976353" classname="ds.rm_disc" name="justovertest"/>
    <testcase time="0.00200000000006639" classname="ds.rm_disc" name="justovertest"/>
    <testcase time="0.000999999999976353" classname="ds.rm_disc" name="justovertest"/>
    <testcase time="0.00199999999995271" classname="ds.rm_disc" name="justovertest"/>
    <testcase time="0.256000000000085" classname="ds.rm_disc" name="justovertest"/>
    <testcase time="0.00199999999995271" classname="ds.rm_disc" name="justovertest"/>
    <testcase time="0.000999999999976353" classname="ds.rm_disc" name="justovertest"/>
    <testcase time="0.00200000000006639" classname="ds.rm_disc" name="justovertest"/>
    <testcase time="0.000999999999976353" classname="ds.rm_disc" name="justovertest"/>
    <testcase time="0.000999999999976353" classname="ds.rm_disc" name="justovertest"/>
    <testcase time="0.00199999999995271" classname="ds.rm_disc" name="justovertest"/>
    <testcase time="0.00100000000009004" classname="ds.rm_disc" name="justovertest"/>
    <testcase time="0.00199999999995271" classname="ds.rm_disc" name="justovertest"/>
    <testcase time="0.000999999999976353" classname="ds.rm_disc" name="justovertest"/>
    <testcase time="0.261000000000081" classname="ds.rm_disc" name="simple_test"/>
    <testcase time="0.000999999999976353" classname="ds.rm_disc" name="simple_test"/>
    <testcase time="0.000999999999976353" classname="ds.rm_disc" name="simple_test"/>
    <testcase time="0.00200000000006639" classname="ds.rm_disc" name="simple_test"/>
    <testcase time="0.000999999999976353" classname="ds.rm_disc" name="simple_test"/>
    <testcase time="0.00199999999995271" classname="ds.rm_disc" name="simple_test"/>
    <testcase time="0.000999999999976353" classname="ds.rm_disc" name="simple_test"/>
    <testcase time="0.257000000000062" classname="ds.rm_disc" name="simple_test"/>
    <testcase time="0.00199999999995271" classname="ds.rm_disc" name="simple_test"/>
    <testcase time="0.00200000000006639" classname="ds.rm_disc" name="simple_test"/>
    <testcase time="0.000999999999976353" classname="ds.rm_disc" name="simple_test"/>
    <testcase time="0.000999999999976353" classname="ds.rm_disc" name="simple_test"/>
    <testcase time="0.00200000000006639" classname="ds.rm_disc" name="simple_test"/>
    <testcase time="0.00199999999995271" classname="ds.rm_disc" name="simple_test"/>
  </testsuite>
  <testsuite name="ds.var::disc::type=both" timestamp="2019-11-15T18:25:00Z" hostname="fv-az50" tests="29" skipped="0" failures="0" errors="0" time="10.219">
    <testcase time="9.91700000000003" classname="ds.var_disc_type_both" name="var_values_both_"/>
    <testcase time="0.000999999999976353" classname="ds.var_disc_type_both" name="var_values_both_"/>
    <testcase time="0.00200000000006639" classname="ds.var_disc_type_both" name="var_values_both_"/>
    <testcase time="0.000999999999976353" classname="ds.var_disc_type_both" name="var_values_both_"/>
    <testcase time="0.00199999999995271" classname="ds.var_disc_type_both" name="var_values_both_"/>
    <testcase time="0.259000000000015" classname="ds.var_disc_type_both" name="var_values_both_"/>
    <testcase time="0.000999999999976353" classname="ds.var_disc_type_both" name="var_values_both_"/>
    <testcase time="0.000999999999976353" classname="ds.var_disc_type_both" name="var_values_both_"/>
    <testcase time="0.00200000000006639" classname="ds.var_disc_type_both" name="var_values_both_"/>
    <testcase time="0.000999999999976353" classname="ds.var_disc_type_both" name="var_values_both_"/>
    <testcase time="0.000999999999976353" classname="ds.var_disc_type_both" name="var_values_both_"/>
    <testcase time="0.00200000000006639" classname="ds.var_disc_type_both" name="var_values_both_"/>
    <testcase time="0.000999999999976353" classname="ds.var_disc_type_both" name="var_values_both_"/>
    <testcase time="0.00199999999995271" classname="ds.var_disc_type_both" name="var_values_both_"/>
    <testcase time="0.00100000000009004" classname="ds.var_disc_type_both" name="var_values_both_"/>
    <testcase time="0.00199999999995271" classname="ds.var_disc_type_both" name="var_values_both_"/>
    <testcase time="0.00199999999995271" classname="ds.var_disc_type_both" name="var_values_both_"/>
    <testcase time="0.00100000000009004" classname="ds.var_disc_type_both" name="var_values_both_"/>
    <testcase time="0.00199999999995271" classname="ds.var_disc_type_both" name="var_values_both_"/>
    <testcase time="0.00199999999995271" classname="ds.var_disc_type_both" name="var_values_both_"/>
    <testcase time="0.00100000000009004" classname="ds.var_disc_type_both" name="var_values_both_"/>
    <testcase time="0.00199999999995271" classname="ds.var_disc_type_both" name="var_values_both_"/>
    <testcase time="0.00199999999995271" classname="ds.var_disc_type_both" name="var_values_both_"/>
    <testcase time="0.00200000000006639" classname="ds.var_disc_type_both" name="var_values_both_"/>
    <testcase time="0.00199999999995271" classname="ds.var_disc_type_both" name="var_values_both_"/>
    <testcase time="0.00100000000009004" classname="ds.var_disc_type_both" name="var_values_both_"/>
    <testcase time="0.00199999999995271" classname="ds.var_disc_type_both" name="var_values_both_"/>
    <testcase time="0.00199999999995271" classname="ds.var_disc_type_both" name="var_values_both_"/>
    <testcase time="0.00200000000006639" classname="ds.var_disc_type_both" name="var_values_both_"/>
  </testsuite>
  <testsuite name="ds.asFactor()::expt::multiple" timestamp="2019-11-15T18:25:04Z" hostname="fv-az50" tests="18" skipped="0" failures="0" errors="0" time="14.059">
    <testcase time="7.46799999999996" classname="ds.asFactor_expt_multiple" name="combined_data_set"/>
    <testcase time="0.000999999999976353" classname="ds.asFactor_expt_multiple" name="combined_data_set"/>
    <testcase time="0.836999999999989" classname="ds.asFactor_expt_multiple" name="combined_data_set"/>
    <testcase time="0.00200000000006639" classname="ds.asFactor_expt_multiple" name="combined_data_set"/>
    <testcase time="0.819999999999936" classname="ds.asFactor_expt_multiple" name="combined_data_set"/>
    <testcase time="0.00100000000009004" classname="ds.asFactor_expt_multiple" name="combined_data_set"/>
    <testcase time="0.826999999999998" classname="ds.asFactor_expt_multiple" name="combined_data_set"/>
    <testcase time="0.000999999999976353" classname="ds.asFactor_expt_multiple" name="combined_data_set"/>
    <testcase time="0.822000000000003" classname="ds.asFactor_expt_multiple" name="combined_data_set"/>
    <testcase time="0.00199999999995271" classname="ds.asFactor_expt_multiple" name="combined_data_set"/>
    <testcase time="0.822000000000003" classname="ds.asFactor_expt_multiple" name="combined_data_set"/>
    <testcase time="0.00100000000009004" classname="ds.asFactor_expt_multiple" name="combined_data_set"/>
    <testcase time="0.822999999999979" classname="ds.asFactor_expt_multiple" name="combined_data_set"/>
    <testcase time="0.00199999999995271" classname="ds.asFactor_expt_multiple" name="combined_data_set"/>
    <testcase time="0.817000000000007" classname="ds.asFactor_expt_multiple" name="combined_data_set"/>
    <testcase time="0.00200000000006639" classname="ds.asFactor_expt_multiple" name="combined_data_set"/>
    <testcase time="0.808999999999969" classname="ds.asFactor_expt_multiple" name="combined_data_set"/>
    <testcase time="0.00199999999995271" classname="ds.asFactor_expt_multiple" name="combined_data_set"/>
  </testsuite>
  <testsuite name="ds.asFactor()::expt::single" timestamp="2019-11-15T18:25:18Z" hostname="fv-az50" tests="18" skipped="0" failures="0" errors="0" time="10.353">
    <testcase time="4.61200000000008" classname="ds.asFactor_expt_single" name="single_dataset_"/>
    <testcase time="0.000999999999976353" classname="ds.asFactor_expt_single" name="single_dataset_"/>
    <testcase time="0.713999999999942" classname="ds.asFactor_expt_single" name="single_dataset_"/>
    <testcase time="0.00100000000009004" classname="ds.asFactor_expt_single" name="single_dataset_"/>
    <testcase time="0.713999999999942" classname="ds.asFactor_expt_single" name="single_dataset_"/>
    <testcase time="0.00200000000006639" classname="ds.asFactor_expt_single" name="single_dataset_"/>
    <testcase time="0.709999999999923" classname="ds.asFactor_expt_single" name="single_dataset_"/>
    <testcase time="0.00200000000006639" classname="ds.asFactor_expt_single" name="single_dataset_"/>
    <testcase time="0.717999999999961" classname="ds.asFactor_expt_single" name="single_dataset_"/>
    <testcase time="0.00199999999995271" classname="ds.asFactor_expt_single" name="single_dataset_"/>
    <testcase time="0.714000000000055" classname="ds.asFactor_expt_single" name="single_dataset_"/>
    <testcase time="0.000999999999976353" classname="ds.asFactor_expt_single" name="single_dataset_"/>
    <testcase time="0.715000000000032" classname="ds.asFactor_expt_single" name="single_dataset_"/>
    <testcase time="0.00200000000006639" classname="ds.asFactor_expt_single" name="single_dataset_"/>
    <testcase time="0.713999999999942" classname="ds.asFactor_expt_single" name="single_dataset_"/>
    <testcase time="0.00199999999995271" classname="ds.asFactor_expt_single" name="single_dataset_"/>
    <testcase time="0.727000000000089" classname="ds.asFactor_expt_single" name="single_dataset_"/>
    <testcase time="0.00199999999995271" classname="ds.asFactor_expt_single" name="single_dataset_"/>
  </testsuite>
  <testsuite name="ds.dataFrame()::expt::one_column::single" timestamp="2019-11-15T18:25:28Z" hostname="fv-az50" tests="24" skipped="0" failures="0" errors="0" time="22.496">
    <testcase time="6.12" classname="ds.dataFrame_expt_one_column_single" name="numeric_data"/>
    <testcase time="0.00199999999995271" classname="ds.dataFrame_expt_one_column_single" name="numeric_data"/>
    <testcase time="0.00100000000009004" classname="ds.dataFrame_expt_one_column_single" name="numeric_data"/>
    <testcase time="2.34100000000001" classname="ds.dataFrame_expt_one_column_single" name="numeric_data"/>
    <testcase time="0.000999999999976353" classname="ds.dataFrame_expt_one_column_single" name="numeric_data"/>
    <testcase time="0.000999999999976353" classname="ds.dataFrame_expt_one_column_single" name="numeric_data"/>
    <testcase time="2.33600000000001" classname="ds.dataFrame_expt_one_column_single" name="numeric_data"/>
    <testcase time="0.00200000000006639" classname="ds.dataFrame_expt_one_column_single" name="numeric_data"/>
    <testcase time="0.000999999999976353" classname="ds.dataFrame_expt_one_column_single" name="numeric_data"/>
    <testcase time="2.32600000000002" classname="ds.dataFrame_expt_one_column_single" name="numeric_data"/>
    <testcase time="0.00199999999995271" classname="ds.dataFrame_expt_one_column_single" name="numeric_data"/>
    <testcase time="0.000999999999976353" classname="ds.dataFrame_expt_one_column_single" name="numeric_data"/>
    <testcase time="2.33699999999999" classname="ds.dataFrame_expt_one_column_single" name="numeric_data"/>
    <testcase time="0.00200000000006639" classname="ds.dataFrame_expt_one_column_single" name="numeric_data"/>
    <testcase time="0.000999999999976353" classname="ds.dataFrame_expt_one_column_single" name="numeric_data"/>
    <testcase time="2.346" classname="ds.dataFrame_expt_one_column_single" name="numeric_data"/>
    <testcase time="0.00199999999995271" classname="ds.dataFrame_expt_one_column_single" name="numeric_data"/>
    <testcase time="0.000999999999976353" classname="ds.dataFrame_expt_one_column_single" name="numeric_data"/>
    <testcase time="2.33600000000001" classname="ds.dataFrame_expt_one_column_single" name="numeric_data"/>
    <testcase time="0.00200000000006639" classname="ds.dataFrame_expt_one_column_single" name="numeric_data"/>
    <testcase time="0.000999999999976353" classname="ds.dataFrame_expt_one_column_single" name="numeric_data"/>
    <testcase time="2.33000000000004" classname="ds.dataFrame_expt_one_column_single" name="numeric_data"/>
    <testcase time="0.00199999999995271" classname="ds.dataFrame_expt_one_column_single" name="numeric_data"/>
    <testcase time="0.00199999999995271" classname="ds.dataFrame_expt_one_column_single" name="numeric_data"/>
  </testsuite>
  <testsuite name="ds.dataFrame()::expt::several_columns::single" timestamp="2019-11-15T18:25:51Z" hostname="fv-az50" tests="12" skipped="0" failures="0" errors="0" time="9.778">
    <testcase time="6.74200000000008" classname="ds.dataFrame_expt_several_columns_single" name="numeric_data"/>
    <testcase time="0.000999999999976353" classname="ds.dataFrame_expt_several_columns_single" name="numeric_data"/>
    <testcase time="0.00199999999995271" classname="ds.dataFrame_expt_several_columns_single" name="numeric_data"/>
    <testcase time="0.00100000000009004" classname="ds.dataFrame_expt_several_columns_single" name="numeric_data"/>
    <testcase time="0.000999999999976353" classname="ds.dataFrame_expt_several_columns_single" name="numeric_data"/>
    <testcase time="0.000999999999976353" classname="ds.dataFrame_expt_several_columns_single" name="numeric_data"/>
    <testcase time="3.02300000000002" classname="ds.dataFrame_expt_several_columns_single" name="numeric_data"/>
    <testcase time="0.000999999999976353" classname="ds.dataFrame_expt_several_columns_single" name="numeric_data"/>
    <testcase time="0.00199999999995271" classname="ds.dataFrame_expt_several_columns_single" name="numeric_data"/>
    <testcase time="0.00100000000009004" classname="ds.dataFrame_expt_several_columns_single" name="numeric_data"/>
    <testcase time="0.000999999999976353" classname="ds.dataFrame_expt_several_columns_single" name="numeric_data"/>
    <testcase time="0.00199999999995271" classname="ds.dataFrame_expt_several_columns_single" name="numeric_data"/>
  </testsuite>
  <testsuite name="ds.dataFrame()::expt::one_column::multiple" timestamp="2019-11-15T18:26:01Z" hostname="fv-az50" tests="40" skipped="0" failures="0" errors="0" time="30.703">
    <testcase time="9.36400000000003" classname="ds.dataFrame_expt_one_column_multiple" name="numeric_data"/>
    <testcase time="0.000999999999976353" classname="ds.dataFrame_expt_one_column_multiple" name="numeric_data"/>
    <testcase time="0.000999999999976353" classname="ds.dataFrame_expt_one_column_multiple" name="numeric_data"/>
    <testcase time="0.00200000000006639" classname="ds.dataFrame_expt_one_column_multiple" name="numeric_data"/>
    <testcase time="0.000999999999976353" classname="ds.dataFrame_expt_one_column_multiple" name="numeric_data"/>
    <testcase time="3.04899999999998" classname="ds.dataFrame_expt_one_column_multiple" name="numeric_data"/>
    <testcase time="0.00200000000006639" classname="ds.dataFrame_expt_one_column_multiple" name="numeric_data"/>
    <testcase time="0.000999999999976353" classname="ds.dataFrame_expt_one_column_multiple" name="numeric_data"/>
    <testcase time="0.000999999999976353" classname="ds.dataFrame_expt_one_column_multiple" name="numeric_data"/>
    <testcase time="0.00199999999995271" classname="ds.dataFrame_expt_one_column_multiple" name="numeric_data"/>
    <testcase time="3.03200000000004" classname="ds.dataFrame_expt_one_column_multiple" name="numeric_data"/>
    <testcase time="0.00200000000006639" classname="ds.dataFrame_expt_one_column_multiple" name="numeric_data"/>
    <testcase time="0.000999999999976353" classname="ds.dataFrame_expt_one_column_multiple" name="numeric_data"/>
    <testcase time="0.000999999999976353" classname="ds.dataFrame_expt_one_column_multiple" name="numeric_data"/>
    <testcase time="0.00199999999995271" classname="ds.dataFrame_expt_one_column_multiple" name="numeric_data"/>
    <testcase time="3.05000000000007" classname="ds.dataFrame_expt_one_column_multiple" name="numeric_data"/>
    <testcase time="0.00199999999995271" classname="ds.dataFrame_expt_one_column_multiple" name="numeric_data"/>
    <testcase time="0.000999999999976353" classname="ds.dataFrame_expt_one_column_multiple" name="numeric_data"/>
    <testcase time="0.00200000000006639" classname="ds.dataFrame_expt_one_column_multiple" name="numeric_data"/>
    <testcase time="0.00199999999995271" classname="ds.dataFrame_expt_one_column_multiple" name="numeric_data"/>
    <testcase time="3.04399999999998" classname="ds.dataFrame_expt_one_column_multiple" name="numeric_data"/>
    <testcase time="0.00200000000006639" classname="ds.dataFrame_expt_one_column_multiple" name="numeric_data"/>
    <testcase time="0.000999999999976353" classname="ds.dataFrame_expt_one_column_multiple" name="numeric_data"/>
    <testcase time="0.00199999999995271" classname="ds.dataFrame_expt_one_column_multiple" name="numeric_data"/>
    <testcase time="0.00100000000009004" classname="ds.dataFrame_expt_one_column_multiple" name="numeric_data"/>
    <testcase time="3.04399999999998" classname="ds.dataFrame_expt_one_column_multiple" name="numeric_data"/>
    <testcase time="0.00199999999995271" classname="ds.dataFrame_expt_one_column_multiple" name="numeric_data"/>
    <testcase time="0.000999999999976353" classname="ds.dataFrame_expt_one_column_multiple" name="numeric_data"/>
    <testcase time="0.00200000000006639" classname="ds.dataFrame_expt_one_column_multiple" name="numeric_data"/>
    <testcase time="0.000999999999976353" classname="ds.dataFrame_expt_one_column_multiple" name="numeric_data"/>
    <testcase time="3.03700000000003" classname="ds.dataFrame_expt_one_column_multiple" name="numeric_data"/>
    <testcase time="0.000999999999976353" classname="ds.dataFrame_expt_one_column_multiple" name="numeric_data"/>
    <testcase time="0.00199999999995271" classname="ds.dataFrame_expt_one_column_multiple" name="numeric_data"/>
    <testcase time="0.00100000000009004" classname="ds.dataFrame_expt_one_column_multiple" name="numeric_data"/>
    <testcase time="0.00199999999995271" classname="ds.dataFrame_expt_one_column_multiple" name="numeric_data"/>
    <testcase time="3.03499999999997" classname="ds.dataFrame_expt_one_column_multiple" name="numeric_data"/>
    <testcase time="0.00200000000006639" classname="ds.dataFrame_expt_one_column_multiple" name="numeric_data"/>
    <testcase time="0.00199999999995271" classname="ds.dataFrame_expt_one_column_multiple" name="numeric_data"/>
    <testcase time="0.000999999999976353" classname="ds.dataFrame_expt_one_column_multiple" name="numeric_data"/>
    <testcase time="0.000999999999976353" classname="ds.dataFrame_expt_one_column_multiple" name="numeric_data"/>
  </testsuite>
  <testsuite name="ds.dataFrame()::expt::several_columns::single" timestamp="2019-11-15T18:26:31Z" hostname="fv-az50" tests="16" skipped="0" failures="0" errors="0" time="14.166">
    <testcase time="10.3449999999999" classname="ds.dataFrame_expt_several_columns_single" name="numeric_data"/>
    <testcase time="0.00100000000009004" classname="ds.dataFrame_expt_several_columns_single" name="numeric_data"/>
    <testcase time="0.00199999999995271" classname="ds.dataFrame_expt_several_columns_single" name="numeric_data"/>
    <testcase time="0.000999999999976353" classname="ds.dataFrame_expt_several_columns_single" name="numeric_data"/>
    <testcase time="0.00200000000006639" classname="ds.dataFrame_expt_several_columns_single" name="numeric_data"/>
    <testcase time="0.000999999999976353" classname="ds.dataFrame_expt_several_columns_single" name="numeric_data"/>
    <testcase time="0.00199999999995271" classname="ds.dataFrame_expt_several_columns_single" name="numeric_data"/>
    <testcase time="0.00100000000009004" classname="ds.dataFrame_expt_several_columns_single" name="numeric_data"/>
    <testcase time="3.80099999999993" classname="ds.dataFrame_expt_several_columns_single" name="numeric_data"/>
    <testcase time="0.00200000000006639" classname="ds.dataFrame_expt_several_columns_single" name="numeric_data"/>
    <testcase time="0.000999999999976353" classname="ds.dataFrame_expt_several_columns_single" name="numeric_data"/>
    <testcase time="0.000999999999976353" classname="ds.dataFrame_expt_several_columns_single" name="numeric_data"/>
    <testcase time="0.00199999999995271" classname="ds.dataFrame_expt_several_columns_single" name="numeric_data"/>
    <testcase time="0.00100000000009004" classname="ds.dataFrame_expt_several_columns_single" name="numeric_data"/>
    <testcase time="0.000999999999976353" classname="ds.dataFrame_expt_several_columns_single" name="numeric_data"/>
    <testcase time="0.00199999999995271" classname="ds.dataFrame_expt_several_columns_single" name="numeric_data"/>
  </testsuite>
  <testsuite name="ds.dataFrame()::expt::one_column_from_objects::single" timestamp="2019-11-15T18:26:45Z" hostname="fv-az50" tests="16" skipped="0" failures="0" errors="0" time="22.853">
    <testcase time="6.34000000000003" classname="ds.dataFrame_expt_one_column_from_objects_single" name="numeric_data"/>
    <testcase time="0.000999999999976353" classname="ds.dataFrame_expt_one_column_from_objects_single" name="numeric_data"/>
    <testcase time="2.36199999999997" classname="ds.dataFrame_expt_one_column_from_objects_single" name="numeric_data"/>
    <testcase time="0.00200000000006639" classname="ds.dataFrame_expt_one_column_from_objects_single" name="numeric_data"/>
    <testcase time="2.35799999999995" classname="ds.dataFrame_expt_one_column_from_objects_single" name="numeric_data"/>
    <testcase time="0.00100000000009004" classname="ds.dataFrame_expt_one_column_from_objects_single" name="numeric_data"/>
    <testcase time="2.35899999999992" classname="ds.dataFrame_expt_one_column_from_objects_single" name="numeric_data"/>
    <testcase time="0.00200000000006639" classname="ds.dataFrame_expt_one_column_from_objects_single" name="numeric_data"/>
    <testcase time="2.35500000000002" classname="ds.dataFrame_expt_one_column_from_objects_single" name="numeric_data"/>
    <testcase time="0.000999999999976353" classname="ds.dataFrame_expt_one_column_from_objects_single" name="numeric_data"/>
    <testcase time="2.35899999999992" classname="ds.dataFrame_expt_one_column_from_objects_single" name="numeric_data"/>
    <testcase time="0.00200000000006639" classname="ds.dataFrame_expt_one_column_from_objects_single" name="numeric_data"/>
    <testcase time="2.35699999999997" classname="ds.dataFrame_expt_one_column_from_objects_single" name="numeric_data"/>
    <testcase time="0.00199999999995271" classname="ds.dataFrame_expt_one_column_from_objects_single" name="numeric_data"/>
    <testcase time="2.351" classname="ds.dataFrame_expt_one_column_from_objects_single" name="numeric_data"/>
    <testcase time="0.00100000000009004" classname="ds.dataFrame_expt_one_column_from_objects_single" name="numeric_data"/>
  </testsuite>
  <testsuite name="ds.dataFrame()::expt::object::multiple" timestamp="2019-11-15T18:27:08Z" hostname="fv-az50" tests="32" skipped="0" failures="0" errors="0" time="27.782">
    <testcase time="9.05499999999995" classname="ds.dataFrame_expt_object_multiple" name="numeric_data"/>
    <testcase time="0.000999999999976353" classname="ds.dataFrame_expt_object_multiple" name="numeric_data"/>
    <testcase time="0.00100000000009004" classname="ds.dataFrame_expt_object_multiple" name="numeric_data"/>
    <testcase time="0.000999999999976353" classname="ds.dataFrame_expt_object_multiple" name="numeric_data"/>
    <testcase time="2.66399999999999" classname="ds.dataFrame_expt_object_multiple" name="numeric_data"/>
    <testcase time="0.00199999999995271" classname="ds.dataFrame_expt_object_multiple" name="numeric_data"/>
    <testcase time="0.000999999999976353" classname="ds.dataFrame_expt_object_multiple" name="numeric_data"/>
    <testcase time="0.00100000000009004" classname="ds.dataFrame_expt_object_multiple" name="numeric_data"/>
    <testcase time="2.65300000000002" classname="ds.dataFrame_expt_object_multiple" name="numeric_data"/>
    <testcase time="0.00199999999995271" classname="ds.dataFrame_expt_object_multiple" name="numeric_data"/>
    <testcase time="0.000999999999976353" classname="ds.dataFrame_expt_object_multiple" name="numeric_data"/>
    <testcase time="0.00200000000006639" classname="ds.dataFrame_expt_object_multiple" name="numeric_data"/>
    <testcase time="2.67399999999998" classname="ds.dataFrame_expt_object_multiple" name="numeric_data"/>
    <testcase time="0.000999999999976353" classname="ds.dataFrame_expt_object_multiple" name="numeric_data"/>
    <testcase time="0.00199999999995271" classname="ds.dataFrame_expt_object_multiple" name="numeric_data"/>
    <testcase time="0.00100000000009004" classname="ds.dataFrame_expt_object_multiple" name="numeric_data"/>
    <testcase time="2.66800000000001" classname="ds.dataFrame_expt_object_multiple" name="numeric_data"/>
    <testcase time="0.000999999999976353" classname="ds.dataFrame_expt_object_multiple" name="numeric_data"/>
    <testcase time="0.00199999999995271" classname="ds.dataFrame_expt_object_multiple" name="numeric_data"/>
    <testcase time="0.000999999999976353" classname="ds.dataFrame_expt_object_multiple" name="numeric_data"/>
    <testcase time="2.68100000000004" classname="ds.dataFrame_expt_object_multiple" name="numeric_data"/>
    <testcase time="0.00199999999995271" classname="ds.dataFrame_expt_object_multiple" name="numeric_data"/>
    <testcase time="0.00100000000009004" classname="ds.dataFrame_expt_object_multiple" name="numeric_data"/>
    <testcase time="0.000999999999976353" classname="ds.dataFrame_expt_object_multiple" name="numeric_data"/>
    <testcase time="2.69299999999998" classname="ds.dataFrame_expt_object_multiple" name="numeric_data"/>
    <testcase time="0.00200000000006639" classname="ds.dataFrame_expt_object_multiple" name="numeric_data"/>
    <testcase time="0.00199999999995271" classname="ds.dataFrame_expt_object_multiple" name="numeric_data"/>
    <testcase time="0.000999999999976353" classname="ds.dataFrame_expt_object_multiple" name="numeric_data"/>
    <testcase time="2.66000000000008" classname="ds.dataFrame_expt_object_multiple" name="numeric_data"/>
    <testcase time="0.00199999999995271" classname="ds.dataFrame_expt_object_multiple" name="numeric_data"/>
    <testcase time="0.000999999999976353" classname="ds.dataFrame_expt_object_multiple" name="numeric_data"/>
    <testcase time="0.00200000000006639" classname="ds.dataFrame_expt_object_multiple" name="numeric_data"/>
  </testsuite>
  <testsuite name="ds.dataFrame()::expt::several_objects::multiple" timestamp="2019-11-15T18:27:36Z" hostname="fv-az50" tests="4" skipped="0" failures="0" errors="0" time="10.249">
    <testcase time="10.245" classname="ds.dataFrame_expt_several_objects_multiple" name="several_objects"/>
    <testcase time="0.00199999999995271" classname="ds.dataFrame_expt_several_objects_multiple" name="several_objects"/>
    <testcase time="0.000999999999976353" classname="ds.dataFrame_expt_several_objects_multiple" name="several_objects"/>
    <testcase time="0.000999999999976353" classname="ds.dataFrame_expt_several_objects_multiple" name="several_objects"/>
  </testsuite>
  <testsuite name="ds.dataFrame()::expt::non_numeric::multiple" timestamp="2019-11-15T18:27:46Z" hostname="fv-az50" tests="18" skipped="0" failures="0" errors="0" time="17.933">
    <testcase time="9.54600000000005" classname="ds.dataFrame_expt_non_numeric_multiple" name="non_numeric"/>
    <testcase time="0.000999999999976353" classname="ds.dataFrame_expt_non_numeric_multiple" name="non_numeric"/>
    <testcase time="0.00200000000006639" classname="ds.dataFrame_expt_non_numeric_multiple" name="non_numeric"/>
    <testcase time="0.000999999999976353" classname="ds.dataFrame_expt_non_numeric_multiple" name="non_numeric"/>
    <testcase time="0.000999999999976353" classname="ds.dataFrame_expt_non_numeric_multiple" name="non_numeric"/>
    <testcase time="3.04399999999998" classname="ds.dataFrame_expt_non_numeric_multiple" name="non_numeric"/>
    <testcase time="0.000999999999976353" classname="ds.dataFrame_expt_non_numeric_multiple" name="non_numeric"/>
    <testcase time="0.00200000000006639" classname="ds.dataFrame_expt_non_numeric_multiple" name="non_numeric"/>
    <testcase time="0.000999999999976353" classname="ds.dataFrame_expt_non_numeric_multiple" name="non_numeric"/>
    <testcase time="0.000999999999976353" classname="ds.dataFrame_expt_non_numeric_multiple" name="non_numeric"/>
    <testcase time="2.66200000000003" classname="ds.dataFrame_expt_non_numeric_multiple" name="non_numeric"/>
    <testcase time="0.00199999999995271" classname="ds.dataFrame_expt_non_numeric_multiple" name="non_numeric"/>
    <testcase time="0.000999999999976353" classname="ds.dataFrame_expt_non_numeric_multiple" name="non_numeric"/>
    <testcase time="0.00100000000009004" classname="ds.dataFrame_expt_non_numeric_multiple" name="non_numeric"/>
    <testcase time="2.66199999999992" classname="ds.dataFrame_expt_non_numeric_multiple" name="non_numeric"/>
    <testcase time="0.00200000000006639" classname="ds.dataFrame_expt_non_numeric_multiple" name="non_numeric"/>
    <testcase time="0.00199999999995271" classname="ds.dataFrame_expt_non_numeric_multiple" name="non_numeric"/>
    <testcase time="0.000999999999976353" classname="ds.dataFrame_expt_non_numeric_multiple" name="non_numeric"/>
  </testsuite>
  <testsuite name="ds.dataFrame()::expt::non_numeric::multiple" timestamp="2019-11-15T18:28:04Z" hostname="fv-az50" tests="10" skipped="0" failures="0" errors="0" time="13.295">
    <testcase time="6.2170000000001" classname="ds.dataFrame_expt_non_numeric_multiple" name="_unnamed_"/>
    <testcase time="0.000999999999976353" classname="ds.dataFrame_expt_non_numeric_multiple" name="_unnamed_"/>
    <testcase time="0.00199999999995271" classname="ds.dataFrame_expt_non_numeric_multiple" name="_unnamed_"/>
    <testcase time="2.35800000000006" classname="ds.dataFrame_expt_non_numeric_multiple" name="_unnamed_"/>
    <testcase time="0.000999999999976353" classname="ds.dataFrame_expt_non_numeric_multiple" name="_unnamed_"/>
    <testcase time="0.000999999999976353" classname="ds.dataFrame_expt_non_numeric_multiple" name="_unnamed_"/>
    <testcase time="2.35800000000006" classname="ds.dataFrame_expt_non_numeric_multiple" name="_unnamed_"/>
    <testcase time="0.000999999999976353" classname="ds.dataFrame_expt_non_numeric_multiple" name="_unnamed_"/>
    <testcase time="2.35399999999993" classname="ds.dataFrame_expt_non_numeric_multiple" name="_unnamed_"/>
    <testcase time="0.00200000000006639" classname="ds.dataFrame_expt_non_numeric_multiple" name="_unnamed_"/>
  </testsuite>
  <testsuite name="ds.mean()::expt::combine::multiple" timestamp="2019-11-15T18:28:18Z" hostname="fv-az50" tests="8" skipped="0" failures="0" errors="0" time="15.957">
    <testcase time="7.57299999999998" classname="ds.mean_expt_combine_multiple" name="combined_data_set"/>
    <testcase time="1.19100000000003" classname="ds.mean_expt_combine_multiple" name="combined_data_set"/>
    <testcase time="1.20699999999999" classname="ds.mean_expt_combine_multiple" name="combined_data_set"/>
    <testcase time="1.19999999999993" classname="ds.mean_expt_combine_multiple" name="combined_data_set"/>
    <testcase time="1.20400000000006" classname="ds.mean_expt_combine_multiple" name="combined_data_set"/>
    <testcase time="1.19200000000001" classname="ds.mean_expt_combine_multiple" name="combined_data_set"/>
    <testcase time="1.19299999999998" classname="ds.mean_expt_combine_multiple" name="combined_data_set"/>
    <testcase time="1.197" classname="ds.mean_expt_combine_multiple" name="combined_data_set"/>
  </testsuite>
  <testsuite name="ds.mean()::expt::split::multiple" timestamp="2019-11-15T18:28:33Z" hostname="fv-az50" tests="24" skipped="0" failures="0" errors="0" time="16.213">
    <testcase time="7.80899999999997" classname="ds.mean_expt_split_multiple" name="split_data_set"/>
    <testcase time="0.00200000000006639" classname="ds.mean_expt_split_multiple" name="split_data_set"/>
    <testcase time="0.000999999999976353" classname="ds.mean_expt_split_multiple" name="split_data_set"/>
    <testcase time="1.21299999999997" classname="ds.mean_expt_split_multiple" name="split_data_set"/>
    <testcase time="0.000999999999976353" classname="ds.mean_expt_split_multiple" name="split_data_set"/>
    <testcase time="0.00300000000004275" classname="ds.mean_expt_split_multiple" name="split_data_set"/>
    <testcase time="1.19899999999996" classname="ds.mean_expt_split_multiple" name="split_data_set"/>
    <testcase time="0.00200000000006639" classname="ds.mean_expt_split_multiple" name="split_data_set"/>
    <testcase time="0.000999999999976353" classname="ds.mean_expt_split_multiple" name="split_data_set"/>
    <testcase time="1.19399999999996" classname="ds.mean_expt_split_multiple" name="split_data_set"/>
    <testcase time="0.00100000000009004" classname="ds.mean_expt_split_multiple" name="split_data_set"/>
    <testcase time="0.000999999999976353" classname="ds.mean_expt_split_multiple" name="split_data_set"/>
    <testcase time="1.19600000000003" classname="ds.mean_expt_split_multiple" name="split_data_set"/>
    <testcase time="0.00199999999995271" classname="ds.mean_expt_split_multiple" name="split_data_set"/>
    <testcase time="0.000999999999976353" classname="ds.mean_expt_split_multiple" name="split_data_set"/>
    <testcase time="1.19900000000007" classname="ds.mean_expt_split_multiple" name="split_data_set"/>
    <testcase time="0.00299999999992906" classname="ds.mean_expt_split_multiple" name="split_data_set"/>
    <testcase time="0.00100000000009004" classname="ds.mean_expt_split_multiple" name="split_data_set"/>
    <testcase time="1.18099999999993" classname="ds.mean_expt_split_multiple" name="split_data_set"/>
    <testcase time="0.00200000000006639" classname="ds.mean_expt_split_multiple" name="split_data_set"/>
    <testcase time="0.00199999999995271" classname="ds.mean_expt_split_multiple" name="split_data_set"/>
    <testcase time="1.19500000000005" classname="ds.mean_expt_split_multiple" name="split_data_set"/>
    <testcase time="0.00199999999995271" classname="ds.mean_expt_split_multiple" name="split_data_set"/>
    <testcase time="0.00200000000006639" classname="ds.mean_expt_split_multiple" name="split_data_set"/>
  </testsuite>
  <testsuite name="ds.mean()::expt::single" timestamp="2019-11-15T18:28:50Z" hostname="fv-az50" tests="8" skipped="0" failures="0" errors="0" time="9.467">
    <testcase time="4.58199999999999" classname="ds.mean_expt_single" name="combined_data_set"/>
    <testcase time="0.692999999999984" classname="ds.mean_expt_single" name="combined_data_set"/>
    <testcase time="0.692000000000007" classname="ds.mean_expt_single" name="combined_data_set"/>
    <testcase time="0.695999999999913" classname="ds.mean_expt_single" name="combined_data_set"/>
    <testcase time="0.704000000000065" classname="ds.mean_expt_single" name="combined_data_set"/>
    <testcase time="0.700000000000045" classname="ds.mean_expt_single" name="combined_data_set"/>
    <testcase time="0.699999999999932" classname="ds.mean_expt_single" name="combined_data_set"/>
    <testcase time="0.700000000000045" classname="ds.mean_expt_single" name="combined_data_set"/>
  </testsuite>
  <testsuite name="ds.mean()::expt::large_values::single" timestamp="2019-11-15T18:28:59Z" hostname="fv-az50" tests="8" skipped="0" failures="0" errors="0" time="15.092">
    <testcase time="5.21999999999991" classname="ds.mean_expt_large_values_single" name="combined_data_set"/>
    <testcase time="1.41600000000005" classname="ds.mean_expt_large_values_single" name="combined_data_set"/>
    <testcase time="1.41200000000003" classname="ds.mean_expt_large_values_single" name="combined_data_set"/>
    <testcase time="1.404" classname="ds.mean_expt_large_values_single" name="combined_data_set"/>
    <testcase time="1.40899999999999" classname="ds.mean_expt_large_values_single" name="combined_data_set"/>
    <testcase time="1.40699999999993" classname="ds.mean_expt_large_values_single" name="combined_data_set"/>
    <testcase time="1.41000000000008" classname="ds.mean_expt_large_values_single" name="combined_data_set"/>
    <testcase time="1.41399999999999" classname="ds.mean_expt_large_values_single" name="combined_data_set"/>
  </testsuite>
  <testsuite name="ds.mean()::expt::large_values::multiple" timestamp="2019-11-15T18:29:14Z" hostname="fv-az50" tests="8" skipped="0" failures="0" errors="0" time="22.57">
    <testcase time="8.48099999999999" classname="ds.mean_expt_large_values_multiple" name="combined_data_set"/>
    <testcase time="2.02099999999996" classname="ds.mean_expt_large_values_multiple" name="combined_data_set"/>
    <testcase time="2.02100000000007" classname="ds.mean_expt_large_values_multiple" name="combined_data_set"/>
    <testcase time="2" classname="ds.mean_expt_large_values_multiple" name="combined_data_set"/>
    <testcase time="2.01299999999992" classname="ds.mean_expt_large_values_multiple" name="combined_data_set"/>
    <testcase time="2.01100000000008" classname="ds.mean_expt_large_values_multiple" name="combined_data_set"/>
    <testcase time="2.00299999999993" classname="ds.mean_expt_large_values_multiple" name="combined_data_set"/>
    <testcase time="2.01999999999998" classname="ds.mean_expt_large_values_multiple" name="combined_data_set"/>
  </testsuite>
  <testsuite name="ds.reshape()::expt::multiple" timestamp="2019-11-15T18:29:37Z" hostname="fv-az50" tests="1" skipped="1" failures="0" errors="0" time="0.577">
    <testcase time="0.576999999999998" classname="ds.reshape_expt_multiple" name="copy_and_transform">
      <skipped/>
    </testcase>
  </testsuite>
  <testsuite name="ds.var()::expt::multiple" timestamp="2019-11-15T18:29:37Z" hostname="fv-az50" tests="8" skipped="0" failures="0" errors="0" time="15.937">
    <testcase time="7.55500000000006" classname="ds.var_expt_multiple" name="combined_data_set"/>
    <testcase time="1.20299999999997" classname="ds.var_expt_multiple" name="combined_data_set"/>
    <testcase time="1.20000000000005" classname="ds.var_expt_multiple" name="combined_data_set"/>
    <testcase time="1.19999999999993" classname="ds.var_expt_multiple" name="combined_data_set"/>
    <testcase time="1.197" classname="ds.var_expt_multiple" name="combined_data_set"/>
    <testcase time="1.19400000000007" classname="ds.var_expt_multiple" name="combined_data_set"/>
    <testcase time="1.19799999999998" classname="ds.var_expt_multiple" name="combined_data_set"/>
    <testcase time="1.18999999999994" classname="ds.var_expt_multiple" name="combined_data_set"/>
  </testsuite>
  <testsuite name="ds.var()::expt::single" timestamp="2019-11-15T18:29:53Z" hostname="fv-az50" tests="24" skipped="0" failures="0" errors="0" time="16.205">
    <testcase time="7.82000000000005" classname="ds.var_expt_single" name="split_data_set"/>
    <testcase time="0.00199999999995271" classname="ds.var_expt_single" name="split_data_set"/>
    <testcase time="0.00100000000009004" classname="ds.var_expt_single" name="split_data_set"/>
    <testcase time="1.19299999999998" classname="ds.var_expt_single" name="split_data_set"/>
    <testcase time="0.00199999999995271" classname="ds.var_expt_single" name="split_data_set"/>
    <testcase time="0.00199999999995271" classname="ds.var_expt_single" name="split_data_set"/>
    <testcase time="1.19500000000005" classname="ds.var_expt_single" name="split_data_set"/>
    <testcase time="0.00199999999995271" classname="ds.var_expt_single" name="split_data_set"/>
    <testcase time="0.00100000000009004" classname="ds.var_expt_single" name="split_data_set"/>
    <testcase time="1.19499999999994" classname="ds.var_expt_single" name="split_data_set"/>
    <testcase time="0.00200000000006639" classname="ds.var_expt_single" name="split_data_set"/>
    <testcase time="0.00199999999995271" classname="ds.var_expt_single" name="split_data_set"/>
    <testcase time="1.19100000000003" classname="ds.var_expt_single" name="split_data_set"/>
    <testcase time="0.000999999999976353" classname="ds.var_expt_single" name="split_data_set"/>
    <testcase time="0.00199999999995271" classname="ds.var_expt_single" name="split_data_set"/>
    <testcase time="1.197" classname="ds.var_expt_single" name="split_data_set"/>
    <testcase time="0.00100000000009004" classname="ds.var_expt_single" name="split_data_set"/>
    <testcase time="0.00199999999995271" classname="ds.var_expt_single" name="split_data_set"/>
    <testcase time="1.19500000000005" classname="ds.var_expt_single" name="split_data_set"/>
    <testcase time="0.000999999999976353" classname="ds.var_expt_single" name="split_data_set"/>
    <testcase time="0.00199999999995271" classname="ds.var_expt_single" name="split_data_set"/>
    <testcase time="1.19200000000001" classname="ds.var_expt_single" name="split_data_set"/>
    <testcase time="0.00200000000006639" classname="ds.var_expt_single" name="split_data_set"/>
    <testcase time="0.00199999999995271" classname="ds.var_expt_single" name="split_data_set"/>
  </testsuite>
  <testsuite name="ds.var()::expt::large_values::multiple" timestamp="2019-11-15T18:30:10Z" hostname="fv-az50" tests="8" skipped="0" failures="0" errors="0" time="22.717">
    <testcase time="8.60599999999999" classname="ds.var_expt_large_values_multiple" name="large_values"/>
    <testcase time="2.01200000000006" classname="ds.var_expt_large_values_multiple" name="large_values"/>
    <testcase time="2.02300000000002" classname="ds.var_expt_large_values_multiple" name="large_values"/>
    <testcase time="2.02199999999993" classname="ds.var_expt_large_values_multiple" name="large_values"/>
    <testcase time="2.02200000000005" classname="ds.var_expt_large_values_multiple" name="large_values"/>
    <testcase time="2.00599999999997" classname="ds.var_expt_large_values_multiple" name="large_values"/>
    <testcase time="2.01400000000001" classname="ds.var_expt_large_values_multiple" name="large_values"/>
    <testcase time="2.01199999999994" classname="ds.var_expt_large_values_multiple" name="large_values"/>
  </testsuite>
  <testsuite name="ds.var()::expt::large_values::single" timestamp="2019-11-15T18:30:32Z" hostname="fv-az50" tests="8" skipped="0" failures="0" errors="0" time="15.205">
    <testcase time="5.35700000000008" classname="ds.var_expt_large_values_single" name="large_values"/>
    <testcase time="1.404" classname="ds.var_expt_large_values_single" name="large_values"/>
    <testcase time="1.40499999999997" classname="ds.var_expt_large_values_single" name="large_values"/>
    <testcase time="1.40300000000002" classname="ds.var_expt_large_values_single" name="large_values"/>
    <testcase time="1.40800000000002" classname="ds.var_expt_large_values_single" name="large_values"/>
    <testcase time="1.4079999999999" classname="ds.var_expt_large_values_single" name="large_values"/>
    <testcase time="1.41600000000005" classname="ds.var_expt_large_values_single" name="large_values"/>
    <testcase time="1.404" classname="ds.var_expt_large_values_single" name="large_values"/>
  </testsuite>
  <testsuite name="ds.asFactor()::math::multiple" timestamp="2019-11-15T18:30:47Z" hostname="fv-az50" tests="9" skipped="0" failures="0" errors="0" time="13.977">
    <testcase time="7.19799999999998" classname="ds.asFactor_math_multiple" name="every_factor_should_be_unique"/>
    <testcase time="0.824000000000069" classname="ds.asFactor_math_multiple" name="every_factor_should_be_unique"/>
    <testcase time="0.820999999999913" classname="ds.asFactor_math_multiple" name="every_factor_should_be_unique"/>
    <testcase time="0.826999999999998" classname="ds.asFactor_math_multiple" name="every_factor_should_be_unique"/>
    <testcase time="0.81899999999996" classname="ds.asFactor_math_multiple" name="every_factor_should_be_unique"/>
    <testcase time="0.826999999999998" classname="ds.asFactor_math_multiple" name="every_factor_should_be_unique"/>
    <testcase time="0.822000000000003" classname="ds.asFactor_math_multiple" name="every_factor_should_be_unique"/>
    <testcase time="0.817999999999984" classname="ds.asFactor_math_multiple" name="every_factor_should_be_unique"/>
    <testcase time="1.02099999999996" classname="ds.asFactor_math_multiple" name="every_factor_should_be_unique"/>
  </testsuite>
  <testsuite name="ds.asFactor()::math::multiple" timestamp="2019-11-15T18:31:01Z" hostname="fv-az50" tests="9" skipped="0" failures="0" errors="0" time="10.433">
    <testcase time="4.70900000000006" classname="ds.asFactor_math_multiple" name="every_factor_should_be_unique"/>
    <testcase time="0.711999999999989" classname="ds.asFactor_math_multiple" name="every_factor_should_be_unique"/>
    <testcase time="0.711999999999989" classname="ds.asFactor_math_multiple" name="every_factor_should_be_unique"/>
    <testcase time="0.712999999999965" classname="ds.asFactor_math_multiple" name="every_factor_should_be_unique"/>
    <testcase time="0.715000000000032" classname="ds.asFactor_math_multiple" name="every_factor_should_be_unique"/>
    <testcase time="0.716000000000008" classname="ds.asFactor_math_multiple" name="every_factor_should_be_unique"/>
    <testcase time="0.72199999999998" classname="ds.asFactor_math_multiple" name="every_factor_should_be_unique"/>
    <testcase time="0.72199999999998" classname="ds.asFactor_math_multiple" name="every_factor_should_be_unique"/>
    <testcase time="0.711999999999989" classname="ds.asFactor_math_multiple" name="every_factor_should_be_unique"/>
  </testsuite>
  <testsuite name="ds.make()::math::transformation::multiple" timestamp="2019-11-15T18:31:12Z" hostname="fv-az50" tests="64" skipped="0" failures="0" errors="0" time="178.613">
    <testcase time="11.7520000000001" classname="ds.make_math_transformation_multiple" name="transformation"/>
    <testcase time="0.000999999999976353" classname="ds.make_math_transformation_multiple" name="transformation"/>
    <testcase time="5.35199999999998" classname="ds.make_math_transformation_multiple" name="transformation"/>
    <testcase time="0.00100000000009004" classname="ds.make_math_transformation_multiple" name="transformation"/>
    <testcase time="5.36099999999999" classname="ds.make_math_transformation_multiple" name="transformation"/>
    <testcase time="0.000999999999976353" classname="ds.make_math_transformation_multiple" name="transformation"/>
    <testcase time="5.35000000000002" classname="ds.make_math_transformation_multiple" name="transformation"/>
    <testcase time="0.00199999999995271" classname="ds.make_math_transformation_multiple" name="transformation"/>
    <testcase time="5.36700000000008" classname="ds.make_math_transformation_multiple" name="transformation"/>
    <testcase time="0.00199999999995271" classname="ds.make_math_transformation_multiple" name="transformation"/>
    <testcase time="5.35199999999998" classname="ds.make_math_transformation_multiple" name="transformation"/>
    <testcase time="0.00200000000006639" classname="ds.make_math_transformation_multiple" name="transformation"/>
    <testcase time="5.35599999999999" classname="ds.make_math_transformation_multiple" name="transformation"/>
    <testcase time="0.000999999999976353" classname="ds.make_math_transformation_multiple" name="transformation"/>
    <testcase time="5.38499999999999" classname="ds.make_math_transformation_multiple" name="transformation"/>
    <testcase time="0.00199999999995271" classname="ds.make_math_transformation_multiple" name="transformation"/>
    <testcase time="5.37200000000007" classname="ds.make_math_transformation_multiple" name="transformation"/>
    <testcase time="0.000999999999976353" classname="ds.make_math_transformation_multiple" name="transformation"/>
    <testcase time="5.37599999999998" classname="ds.make_math_transformation_multiple" name="transformation"/>
    <testcase time="0.00200000000006639" classname="ds.make_math_transformation_multiple" name="transformation"/>
    <testcase time="5.44999999999993" classname="ds.make_math_transformation_multiple" name="transformation"/>
    <testcase time="0.00200000000006639" classname="ds.make_math_transformation_multiple" name="transformation"/>
    <testcase time="5.38199999999995" classname="ds.make_math_transformation_multiple" name="transformation"/>
    <testcase time="0.00199999999995271" classname="ds.make_math_transformation_multiple" name="transformation"/>
    <testcase time="5.35800000000006" classname="ds.make_math_transformation_multiple" name="transformation"/>
    <testcase time="0.000999999999976353" classname="ds.make_math_transformation_multiple" name="transformation"/>
    <testcase time="5.39300000000003" classname="ds.make_math_transformation_multiple" name="transformation"/>
    <testcase time="0.00199999999995271" classname="ds.make_math_transformation_multiple" name="transformation"/>
    <testcase time="5.37800000000016" classname="ds.make_math_transformation_multiple" name="transformation"/>
    <testcase time="0.00900000000001455" classname="ds.make_math_transformation_multiple" name="transformation"/>
    <testcase time="5.35799999999995" classname="ds.make_math_transformation_multiple" name="transformation"/>
    <testcase time="0.00199999999995271" classname="ds.make_math_transformation_multiple" name="transformation"/>
    <testcase time="5.37999999999988" classname="ds.make_math_transformation_multiple" name="transformation"/>
    <testcase time="0.00200000000018008" classname="ds.make_math_transformation_multiple" name="transformation"/>
    <testcase time="5.38099999999986" classname="ds.make_math_transformation_multiple" name="transformation"/>
    <testcase time="0.00300000000015643" classname="ds.make_math_transformation_multiple" name="transformation"/>
    <testcase time="5.37400000000002" classname="ds.make_math_transformation_multiple" name="transformation"/>
    <testcase time="0.00199999999995271" classname="ds.make_math_transformation_multiple" name="transformation"/>
    <testcase time="5.38099999999986" classname="ds.make_math_transformation_multiple" name="transformation"/>
    <testcase time="0.00200000000018008" classname="ds.make_math_transformation_multiple" name="transformation"/>
    <testcase time="5.38399999999979" classname="ds.make_math_transformation_multiple" name="transformation"/>
    <testcase time="0.00200000000018008" classname="ds.make_math_transformation_multiple" name="transformation"/>
    <testcase time="5.36899999999991" classname="ds.make_math_transformation_multiple" name="transformation"/>
    <testcase time="0.00199999999995271" classname="ds.make_math_transformation_multiple" name="transformation"/>
    <testcase time="5.404" classname="ds.make_math_transformation_multiple" name="transformation"/>
    <testcase time="0.00200000000018008" classname="ds.make_math_transformation_multiple" name="transformation"/>
    <testcase time="5.38199999999983" classname="ds.make_math_transformation_multiple" name="transformation"/>
    <testcase time="0.00200000000018008" classname="ds.make_math_transformation_multiple" name="transformation"/>
    <testcase time="5.39599999999996" classname="ds.make_math_transformation_multiple" name="transformation"/>
    <testcase time="0.00199999999995271" classname="ds.make_math_transformation_multiple" name="transformation"/>
    <testcase time="5.38100000000009" classname="ds.make_math_transformation_multiple" name="transformation"/>
    <testcase time="0.00199999999995271" classname="ds.make_math_transformation_multiple" name="transformation"/>
    <testcase time="5.36899999999991" classname="ds.make_math_transformation_multiple" name="transformation"/>
    <testcase time="0.00299999999992906" classname="ds.make_math_transformation_multiple" name="transformation"/>
    <testcase time="5.38100000000009" classname="ds.make_math_transformation_multiple" name="transformation"/>
    <testcase time="0.00299999999992906" classname="ds.make_math_transformation_multiple" name="transformation"/>
    <testcase time="5.40200000000004" classname="ds.make_math_transformation_multiple" name="transformation"/>
    <testcase time="0.00199999999995271" classname="ds.make_math_transformation_multiple" name="transformation"/>
    <testcase time="5.40700000000015" classname="ds.make_math_transformation_multiple" name="transformation"/>
    <testcase time="0.00299999999992906" classname="ds.make_math_transformation_multiple" name="transformation"/>
    <testcase time="5.41399999999999" classname="ds.make_math_transformation_multiple" name="transformation"/>
    <testcase time="0.00299999999992906" classname="ds.make_math_transformation_multiple" name="transformation"/>
    <testcase time="5.39499999999998" classname="ds.make_math_transformation_multiple" name="transformation"/>
    <testcase time="0.00300000000015643" classname="ds.make_math_transformation_multiple" name="transformation"/>
  </testsuite>
  <testsuite name="ds.mean()::math::residual::multiple" timestamp="2019-11-15T18:34:10Z" hostname="fv-az50" tests="32" skipped="0" failures="0" errors="0" time="25.797">
    <testcase time="7.80899999999997" classname="ds.mean_math_residual_multiple" name="residual_deviation_tends_to_0"/>
    <testcase time="1.20699999999988" classname="ds.mean_math_residual_multiple" name="residual_deviation_tends_to_0"/>
    <testcase time="1.19300000000021" classname="ds.mean_math_residual_multiple" name="residual_deviation_tends_to_0"/>
    <testcase time="1.19499999999994" classname="ds.mean_math_residual_multiple" name="residual_deviation_tends_to_0"/>
    <testcase time="1.19000000000005" classname="ds.mean_math_residual_multiple" name="residual_deviation_tends_to_0"/>
    <testcase time="1.19999999999982" classname="ds.mean_math_residual_multiple" name="residual_deviation_tends_to_0"/>
    <testcase time="1.19700000000012" classname="ds.mean_math_residual_multiple" name="residual_deviation_tends_to_0"/>
    <testcase time="1.18900000000008" classname="ds.mean_math_residual_multiple" name="residual_deviation_tends_to_0"/>
    <testcase time="1.19999999999982" classname="ds.mean_math_residual_multiple" name="residual_deviation_tends_to_0"/>
    <testcase time="0.00200000000018008" classname="ds.mean_math_residual_multiple" name="residual_deviation_tends_to_0"/>
    <testcase time="0.00199999999995271" classname="ds.mean_math_residual_multiple" name="residual_deviation_tends_to_0"/>
    <testcase time="1.19699999999989" classname="ds.mean_math_residual_multiple" name="residual_deviation_tends_to_0"/>
    <testcase time="0.000999999999976353" classname="ds.mean_math_residual_multiple" name="residual_deviation_tends_to_0"/>
    <testcase time="0.00200000000018008" classname="ds.mean_math_residual_multiple" name="residual_deviation_tends_to_0"/>
    <testcase time="1.20699999999988" classname="ds.mean_math_residual_multiple" name="residual_deviation_tends_to_0"/>
    <testcase time="0.00199999999995271" classname="ds.mean_math_residual_multiple" name="residual_deviation_tends_to_0"/>
    <testcase time="0.000999999999976353" classname="ds.mean_math_residual_multiple" name="residual_deviation_tends_to_0"/>
    <testcase time="1.18900000000008" classname="ds.mean_math_residual_multiple" name="residual_deviation_tends_to_0"/>
    <testcase time="0.00199999999995271" classname="ds.mean_math_residual_multiple" name="residual_deviation_tends_to_0"/>
    <testcase time="0.00199999999995271" classname="ds.mean_math_residual_multiple" name="residual_deviation_tends_to_0"/>
    <testcase time="1.2030000000002" classname="ds.mean_math_residual_multiple" name="residual_deviation_tends_to_0"/>
    <testcase time="0.000999999999976353" classname="ds.mean_math_residual_multiple" name="residual_deviation_tends_to_0"/>
    <testcase time="0.00199999999995271" classname="ds.mean_math_residual_multiple" name="residual_deviation_tends_to_0"/>
    <testcase time="1.20800000000008" classname="ds.mean_math_residual_multiple" name="residual_deviation_tends_to_0"/>
    <testcase time="0.000999999999976353" classname="ds.mean_math_residual_multiple" name="residual_deviation_tends_to_0"/>
    <testcase time="0.00199999999995271" classname="ds.mean_math_residual_multiple" name="residual_deviation_tends_to_0"/>
    <testcase time="1.19200000000001" classname="ds.mean_math_residual_multiple" name="residual_deviation_tends_to_0"/>
    <testcase time="0.00199999999995271" classname="ds.mean_math_residual_multiple" name="residual_deviation_tends_to_0"/>
    <testcase time="0.00199999999995271" classname="ds.mean_math_residual_multiple" name="residual_deviation_tends_to_0"/>
    <testcase time="1.19299999999998" classname="ds.mean_math_residual_multiple" name="residual_deviation_tends_to_0"/>
    <testcase time="0.00200000000018008" classname="ds.mean_math_residual_multiple" name="residual_deviation_tends_to_0"/>
    <testcase time="0.00199999999995271" classname="ds.mean_math_residual_multiple" name="residual_deviation_tends_to_0"/>
  </testsuite>
  <testsuite name="ds.mean()::math::residual::single" timestamp="2019-11-15T18:34:36Z" hostname="fv-az50" tests="32" skipped="0" failures="0" errors="0" time="25.865">
    <testcase time="7.92899999999986" classname="ds.mean_math_residual_single" name="residual_deviation_tends_to_0"/>
    <testcase time="1.19299999999998" classname="ds.mean_math_residual_single" name="residual_deviation_tends_to_0"/>
    <testcase time="1.19900000000007" classname="ds.mean_math_residual_single" name="residual_deviation_tends_to_0"/>
    <testcase time="1.19399999999996" classname="ds.mean_math_residual_single" name="residual_deviation_tends_to_0"/>
    <testcase time="1.19000000000005" classname="ds.mean_math_residual_single" name="residual_deviation_tends_to_0"/>
    <testcase time="1.19100000000003" classname="ds.mean_math_residual_single" name="residual_deviation_tends_to_0"/>
    <testcase time="1.20800000000008" classname="ds.mean_math_residual_single" name="residual_deviation_tends_to_0"/>
    <testcase time="1.1869999999999" classname="ds.mean_math_residual_single" name="residual_deviation_tends_to_0"/>
    <testcase time="1.18299999999999" classname="ds.mean_math_residual_single" name="residual_deviation_tends_to_0"/>
    <testcase time="0.00199999999995271" classname="ds.mean_math_residual_single" name="residual_deviation_tends_to_0"/>
    <testcase time="0.00100000000020373" classname="ds.mean_math_residual_single" name="residual_deviation_tends_to_0"/>
    <testcase time="1.1909999999998" classname="ds.mean_math_residual_single" name="residual_deviation_tends_to_0"/>
    <testcase time="0.00200000000018008" classname="ds.mean_math_residual_single" name="residual_deviation_tends_to_0"/>
    <testcase time="0.00199999999995271" classname="ds.mean_math_residual_single" name="residual_deviation_tends_to_0"/>
    <testcase time="1.19799999999987" classname="ds.mean_math_residual_single" name="residual_deviation_tends_to_0"/>
    <testcase time="0.00200000000018008" classname="ds.mean_math_residual_single" name="residual_deviation_tends_to_0"/>
    <testcase time="0.00199999999995271" classname="ds.mean_math_residual_single" name="residual_deviation_tends_to_0"/>
    <testcase time="1.19000000000005" classname="ds.mean_math_residual_single" name="residual_deviation_tends_to_0"/>
    <testcase time="0.00199999999995271" classname="ds.mean_math_residual_single" name="residual_deviation_tends_to_0"/>
    <testcase time="0.00199999999995271" classname="ds.mean_math_residual_single" name="residual_deviation_tends_to_0"/>
    <testcase time="1.20100000000002" classname="ds.mean_math_residual_single" name="residual_deviation_tends_to_0"/>
    <testcase time="0.00199999999995271" classname="ds.mean_math_residual_single" name="residual_deviation_tends_to_0"/>
    <testcase time="0.000999999999976353" classname="ds.mean_math_residual_single" name="residual_deviation_tends_to_0"/>
    <testcase time="1.19200000000001" classname="ds.mean_math_residual_single" name="residual_deviation_tends_to_0"/>
    <testcase time="0.00199999999995271" classname="ds.mean_math_residual_single" name="residual_deviation_tends_to_0"/>
    <testcase time="0.00200000000018008" classname="ds.mean_math_residual_single" name="residual_deviation_tends_to_0"/>
    <testcase time="1.18899999999985" classname="ds.mean_math_residual_single" name="residual_deviation_tends_to_0"/>
    <testcase time="0.00199999999995271" classname="ds.mean_math_residual_single" name="residual_deviation_tends_to_0"/>
    <testcase time="0.00200000000018008" classname="ds.mean_math_residual_single" name="residual_deviation_tends_to_0"/>
    <testcase time="1.19999999999982" classname="ds.mean_math_residual_single" name="residual_deviation_tends_to_0"/>
    <testcase time="0.00200000000018008" classname="ds.mean_math_residual_single" name="residual_deviation_tends_to_0"/>
    <testcase time="0.00199999999995271" classname="ds.mean_math_residual_single" name="residual_deviation_tends_to_0"/>
  </testsuite>
  <testsuite name="ds.mean()::math::location_parameter::single" timestamp="2019-11-15T18:35:02Z" hostname="fv-az50" tests="8" skipped="0" failures="0" errors="0" time="20.821">
    <testcase time="6.10400000000004" classname="ds.mean_math_location_parameter_single" name="mean_X_a_mean_X_a"/>
    <testcase time="2.09699999999998" classname="ds.mean_math_location_parameter_single" name="mean_X_a_mean_X_a"/>
    <testcase time="2.09500000000003" classname="ds.mean_math_location_parameter_single" name="mean_X_a_mean_X_a"/>
    <testcase time="2.09699999999998" classname="ds.mean_math_location_parameter_single" name="mean_X_a_mean_X_a"/>
    <testcase time="2.09500000000003" classname="ds.mean_math_location_parameter_single" name="mean_X_a_mean_X_a"/>
    <testcase time="2.11999999999989" classname="ds.mean_math_location_parameter_single" name="mean_X_a_mean_X_a"/>
    <testcase time="2.10500000000002" classname="ds.mean_math_location_parameter_single" name="mean_X_a_mean_X_a"/>
    <testcase time="2.10799999999995" classname="ds.mean_math_location_parameter_single" name="mean_X_a_mean_X_a"/>
  </testsuite>
  <testsuite name="ds.mean()::math::location_parameter::multiple" timestamp="2019-11-15T18:35:23Z" hostname="fv-az50" tests="8" skipped="0" failures="0" errors="0" time="32.067">
    <testcase time="9.69900000000007" classname="ds.mean_math_location_parameter_multiple" name="mean_X_a_mean_X_a"/>
    <testcase time="3.20299999999997" classname="ds.mean_math_location_parameter_multiple" name="mean_X_a_mean_X_a"/>
    <testcase time="3.18900000000008" classname="ds.mean_math_location_parameter_multiple" name="mean_X_a_mean_X_a"/>
    <testcase time="3.20699999999988" classname="ds.mean_math_location_parameter_multiple" name="mean_X_a_mean_X_a"/>
    <testcase time="3.19600000000014" classname="ds.mean_math_location_parameter_multiple" name="mean_X_a_mean_X_a"/>
    <testcase time="3.19200000000001" classname="ds.mean_math_location_parameter_multiple" name="mean_X_a_mean_X_a"/>
    <testcase time="3.19699999999989" classname="ds.mean_math_location_parameter_multiple" name="mean_X_a_mean_X_a"/>
    <testcase time="3.18399999999997" classname="ds.mean_math_location_parameter_multiple" name="mean_X_a_mean_X_a"/>
  </testsuite>
  <testsuite name="ds.mean()::math::scale::multiple" timestamp="2019-11-15T18:35:55Z" hostname="fv-az50" tests="8" skipped="0" failures="0" errors="0" time="32.243">
    <testcase time="9.88300000000004" classname="ds.mean_math_scale_multiple" name="mean_X_a_mean_X_a"/>
    <testcase time="3.20700000000011" classname="ds.mean_math_scale_multiple" name="mean_X_a_mean_X_a"/>
    <testcase time="3.19299999999998" classname="ds.mean_math_scale_multiple" name="mean_X_a_mean_X_a"/>
    <testcase time="3.19599999999991" classname="ds.mean_math_scale_multiple" name="mean_X_a_mean_X_a"/>
    <testcase time="3.18499999999995" classname="ds.mean_math_scale_multiple" name="mean_X_a_mean_X_a"/>
    <testcase time="3.20399999999995" classname="ds.mean_math_scale_multiple" name="mean_X_a_mean_X_a"/>
    <testcase time="3.19600000000014" classname="ds.mean_math_scale_multiple" name="mean_X_a_mean_X_a"/>
    <testcase time="3.17899999999986" classname="ds.mean_math_scale_multiple" name="mean_X_a_mean_X_a"/>
  </testsuite>
  <testsuite name="ds.mean()::math::scale::single" timestamp="2019-11-15T18:36:27Z" hostname="fv-az50" tests="8" skipped="0" failures="0" errors="0" time="20.786">
    <testcase time="6.08200000000011" classname="ds.mean_math_scale_single" name="mean_X_a_mean_X_a"/>
    <testcase time="2.09899999999993" classname="ds.mean_math_scale_single" name="mean_X_a_mean_X_a"/>
    <testcase time="2.0920000000001" classname="ds.mean_math_scale_single" name="mean_X_a_mean_X_a"/>
    <testcase time="2.10799999999995" classname="ds.mean_math_scale_single" name="mean_X_a_mean_X_a"/>
    <testcase time="2.10100000000011" classname="ds.mean_math_scale_single" name="mean_X_a_mean_X_a"/>
    <testcase time="2.11099999999988" classname="ds.mean_math_scale_single" name="mean_X_a_mean_X_a"/>
    <testcase time="2.09300000000007" classname="ds.mean_math_scale_single" name="mean_X_a_mean_X_a"/>
    <testcase time="2.09999999999991" classname="ds.mean_math_scale_single" name="mean_X_a_mean_X_a"/>
  </testsuite>
  <testsuite name="ds.rUnif()::math::mean_variance::single" timestamp="2019-11-15T18:36:48Z" hostname="fv-az50" tests="12" skipped="0" failures="0" errors="0" time="13.189">
    <testcase time="7.09000000000015" classname="ds.rUnif_math_mean_variance_single" name="mean_variance"/>
    <testcase time="0.000999999999976353" classname="ds.rUnif_math_mean_variance_single" name="mean_variance"/>
    <testcase time="0.00199999999995271" classname="ds.rUnif_math_mean_variance_single" name="mean_variance"/>
    <testcase time="0.000999999999976353" classname="ds.rUnif_math_mean_variance_single" name="mean_variance"/>
    <testcase time="3.0630000000001" classname="ds.rUnif_math_mean_variance_single" name="mean_variance"/>
    <testcase time="0.000999999999976353" classname="ds.rUnif_math_mean_variance_single" name="mean_variance"/>
    <testcase time="0.000999999999976353" classname="ds.rUnif_math_mean_variance_single" name="mean_variance"/>
    <testcase time="0.000999999999976353" classname="ds.rUnif_math_mean_variance_single" name="mean_variance"/>
    <testcase time="3.02500000000009" classname="ds.rUnif_math_mean_variance_single" name="mean_variance"/>
    <testcase time="0.00199999999995271" classname="ds.rUnif_math_mean_variance_single" name="mean_variance"/>
    <testcase time="0.000999999999976353" classname="ds.rUnif_math_mean_variance_single" name="mean_variance"/>
    <testcase time="0.000999999999976353" classname="ds.rUnif_math_mean_variance_single" name="mean_variance"/>
  </testsuite>
  <testsuite name="ds.rUnif()::math::distributions comparison::single" timestamp="2019-11-15T18:37:01Z" hostname="fv-az50" tests="12" skipped="0" failures="0" errors="0" time="40.557">
    <testcase time="9.89800000000014" classname="ds.rUnif_math_distributions_comparison_single" name="changes_in_distribution"/>
    <testcase time="0.000999999999976353" classname="ds.rUnif_math_distributions_comparison_single" name="changes_in_distribution"/>
    <testcase time="6.19200000000001" classname="ds.rUnif_math_distributions_comparison_single" name="changes_in_distribution"/>
    <testcase time="0.00199999999995271" classname="ds.rUnif_math_distributions_comparison_single" name="changes_in_distribution"/>
    <testcase time="6.05899999999997" classname="ds.rUnif_math_distributions_comparison_single" name="changes_in_distribution"/>
    <testcase time="0.000999999999976353" classname="ds.rUnif_math_distributions_comparison_single" name="changes_in_distribution"/>
    <testcase time="6.20499999999993" classname="ds.rUnif_math_distributions_comparison_single" name="changes_in_distribution"/>
    <testcase time="0.00200000000018008" classname="ds.rUnif_math_distributions_comparison_single" name="changes_in_distribution"/>
    <testcase time="6.11500000000001" classname="ds.rUnif_math_distributions_comparison_single" name="changes_in_distribution"/>
    <testcase time="0.00199999999995271" classname="ds.rUnif_math_distributions_comparison_single" name="changes_in_distribution"/>
    <testcase time="6.07799999999997" classname="ds.rUnif_math_distributions_comparison_single" name="changes_in_distribution"/>
    <testcase time="0.00199999999995271" classname="ds.rUnif_math_distributions_comparison_single" name="changes_in_distribution"/>
  </testsuite>
  <testsuite name="ds.rUnif()::math::distributions comparison::multiple" timestamp="2019-11-15T18:37:42Z" hostname="fv-az50" tests="12" skipped="0" failures="0" errors="0" time="121.42">
    <testcase time="26.1600000000001" classname="ds.rUnif_math_distributions_comparison_multiple" name="changes_in_distribution"/>
    <testcase time="0.00199999999995271" classname="ds.rUnif_math_distributions_comparison_multiple" name="changes_in_distribution"/>
    <testcase time="18.7829999999999" classname="ds.rUnif_math_distributions_comparison_multiple" name="changes_in_distribution"/>
    <testcase time="0.000999999999976353" classname="ds.rUnif_math_distributions_comparison_multiple" name="changes_in_distribution"/>
    <testcase time="18.7259999999999" classname="ds.rUnif_math_distributions_comparison_multiple" name="changes_in_distribution"/>
    <testcase time="0.00199999999995271" classname="ds.rUnif_math_distributions_comparison_multiple" name="changes_in_distribution"/>
    <testcase time="19.413" classname="ds.rUnif_math_distributions_comparison_multiple" name="changes_in_distribution"/>
    <testcase time="0.00200000000018008" classname="ds.rUnif_math_distributions_comparison_multiple" name="changes_in_distribution"/>
    <testcase time="19.4669999999999" classname="ds.rUnif_math_distributions_comparison_multiple" name="changes_in_distribution"/>
    <testcase time="0.00199999999995271" classname="ds.rUnif_math_distributions_comparison_multiple" name="changes_in_distribution"/>
    <testcase time="18.8610000000001" classname="ds.rUnif_math_distributions_comparison_multiple" name="changes_in_distribution"/>
    <testcase time="0.000999999999976353" classname="ds.rUnif_math_distributions_comparison_multiple" name="changes_in_distribution"/>
  </testsuite>
  <testsuite name="ds.var()::math::positive_result::multiple" timestamp="2019-11-15T18:39:43Z" hostname="fv-az50" tests="32" skipped="0" failures="0" errors="0" time="25.912">
    <testcase time="7.99800000000005" classname="ds.var_math_positive_result_multiple" name="variance_0"/>
    <testcase time="1.20100000000002" classname="ds.var_math_positive_result_multiple" name="variance_0"/>
    <testcase time="1.1869999999999" classname="ds.var_math_positive_result_multiple" name="variance_0"/>
    <testcase time="1.19599999999991" classname="ds.var_math_positive_result_multiple" name="variance_0"/>
    <testcase time="1.19900000000007" classname="ds.var_math_positive_result_multiple" name="variance_0"/>
    <testcase time="1.18700000000013" classname="ds.var_math_positive_result_multiple" name="variance_0"/>
    <testcase time="1.18599999999992" classname="ds.var_math_positive_result_multiple" name="variance_0"/>
    <testcase time="1.19100000000003" classname="ds.var_math_positive_result_multiple" name="variance_0"/>
    <testcase time="1.19100000000003" classname="ds.var_math_positive_result_multiple" name="variance_0"/>
    <testcase time="0.000999999999976353" classname="ds.var_math_positive_result_multiple" name="variance_0"/>
    <testcase time="0.00199999999995271" classname="ds.var_math_positive_result_multiple" name="variance_0"/>
    <testcase time="1.20100000000002" classname="ds.var_math_positive_result_multiple" name="variance_0"/>
    <testcase time="0.000999999999976353" classname="ds.var_math_positive_result_multiple" name="variance_0"/>
    <testcase time="0.00199999999995271" classname="ds.var_math_positive_result_multiple" name="variance_0"/>
    <testcase time="1.19900000000007" classname="ds.var_math_positive_result_multiple" name="variance_0"/>
    <testcase time="0.000999999999976353" classname="ds.var_math_positive_result_multiple" name="variance_0"/>
    <testcase time="0.00199999999995271" classname="ds.var_math_positive_result_multiple" name="variance_0"/>
    <testcase time="1.18900000000008" classname="ds.var_math_positive_result_multiple" name="variance_0"/>
    <testcase time="0.00199999999995271" classname="ds.var_math_positive_result_multiple" name="variance_0"/>
    <testcase time="0.000999999999976353" classname="ds.var_math_positive_result_multiple" name="variance_0"/>
    <testcase time="1.18600000000015" classname="ds.var_math_positive_result_multiple" name="variance_0"/>
    <testcase time="0.000999999999976353" classname="ds.var_math_positive_result_multiple" name="variance_0"/>
    <testcase time="0.00199999999995271" classname="ds.var_math_positive_result_multiple" name="variance_0"/>
    <testcase time="1.18299999999999" classname="ds.var_math_positive_result_multiple" name="variance_0"/>
    <testcase time="0.00199999999995271" classname="ds.var_math_positive_result_multiple" name="variance_0"/>
    <testcase time="0.00200000000018008" classname="ds.var_math_positive_result_multiple" name="variance_0"/>
    <testcase time="1.18599999999992" classname="ds.var_math_positive_result_multiple" name="variance_0"/>
    <testcase time="0.000999999999976353" classname="ds.var_math_positive_result_multiple" name="variance_0"/>
    <testcase time="0.00199999999995271" classname="ds.var_math_positive_result_multiple" name="variance_0"/>
    <testcase time="1.20600000000013" classname="ds.var_math_positive_result_multiple" name="variance_0"/>
    <testcase time="0.00199999999995271" classname="ds.var_math_positive_result_multiple" name="variance_0"/>
    <testcase time="0.00199999999995271" classname="ds.var_math_positive_result_multiple" name="variance_0"/>
  </testsuite>
  <testsuite name="ds.var()::math::positive_result::single" timestamp="2019-11-15T18:40:09Z" hostname="fv-az50" tests="32" skipped="0" failures="0" errors="0" time="15.324">
    <testcase time="4.87300000000005" classname="ds.var_math_positive_result_single" name="variance_0"/>
    <testcase time="0.690000000000055" classname="ds.var_math_positive_result_single" name="variance_0"/>
    <testcase time="0.692000000000007" classname="ds.var_math_positive_result_single" name="variance_0"/>
    <testcase time="0.69199999999978" classname="ds.var_math_positive_result_single" name="variance_0"/>
    <testcase time="0.693000000000211" classname="ds.var_math_positive_result_single" name="variance_0"/>
    <testcase time="0.692000000000007" classname="ds.var_math_positive_result_single" name="variance_0"/>
    <testcase time="0.69199999999978" classname="ds.var_math_positive_result_single" name="variance_0"/>
    <testcase time="0.69600000000014" classname="ds.var_math_positive_result_single" name="variance_0"/>
    <testcase time="0.694999999999936" classname="ds.var_math_positive_result_single" name="variance_0"/>
    <testcase time="0.000999999999976353" classname="ds.var_math_positive_result_single" name="variance_0"/>
    <testcase time="0.000999999999976353" classname="ds.var_math_positive_result_single" name="variance_0"/>
    <testcase time="0.694000000000187" classname="ds.var_math_positive_result_single" name="variance_0"/>
    <testcase time="0.00199999999995271" classname="ds.var_math_positive_result_single" name="variance_0"/>
    <testcase time="0.000999999999976353" classname="ds.var_math_positive_result_single" name="variance_0"/>
    <testcase time="0.700000000000045" classname="ds.var_math_positive_result_single" name="variance_0"/>
    <testcase time="0.000999999999976353" classname="ds.var_math_positive_result_single" name="variance_0"/>
    <testcase time="0.00199999999995271" classname="ds.var_math_positive_result_single" name="variance_0"/>
    <testcase time="0.692999999999984" classname="ds.var_math_positive_result_single" name="variance_0"/>
    <testcase time="0.00199999999995271" classname="ds.var_math_positive_result_single" name="variance_0"/>
    <testcase time="0.00200000000018008" classname="ds.var_math_positive_result_single" name="variance_0"/>
    <testcase time="0.695999999999913" classname="ds.var_math_positive_result_single" name="variance_0"/>
    <testcase time="0.00199999999995271" classname="ds.var_math_positive_result_single" name="variance_0"/>
    <testcase time="0.000999999999976353" classname="ds.var_math_positive_result_single" name="variance_0"/>
    <testcase time="0.705000000000155" classname="ds.var_math_positive_result_single" name="variance_0"/>
    <testcase time="0.00199999999995271" classname="ds.var_math_positive_result_single" name="variance_0"/>
    <testcase time="0.000999999999976353" classname="ds.var_math_positive_result_single" name="variance_0"/>
    <testcase time="0.695999999999913" classname="ds.var_math_positive_result_single" name="variance_0"/>
    <testcase time="0.00100000000020373" classname="ds.var_math_positive_result_single" name="variance_0"/>
    <testcase time="0.00199999999995271" classname="ds.var_math_positive_result_single" name="variance_0"/>
    <testcase time="0.700000000000045" classname="ds.var_math_positive_result_single" name="variance_0"/>
    <testcase time="0.00199999999995271" classname="ds.var_math_positive_result_single" name="variance_0"/>
    <testcase time="0.00199999999995271" classname="ds.var_math_positive_result_single" name="variance_0"/>
  </testsuite>
  <testsuite name="ds.var()::math::square_root_std::single" timestamp="2019-11-15T18:40:24Z" hostname="fv-az50" tests="8" skipped="0" failures="0" errors="0" time="5.835">
    <testcase time="4.1880000000001" classname="ds.var_math_square_root_std_single" name="variance_is_to_the_power_of_2_of_the_standard_deviation"/>
    <testcase time="0.240999999999985" classname="ds.var_math_square_root_std_single" name="variance_is_to_the_power_of_2_of_the_standard_deviation"/>
    <testcase time="0.2349999999999" classname="ds.var_math_square_root_std_single" name="variance_is_to_the_power_of_2_of_the_standard_deviation"/>
    <testcase time="0.231999999999971" classname="ds.var_math_square_root_std_single" name="variance_is_to_the_power_of_2_of_the_standard_deviation"/>
    <testcase time="0.235000000000127" classname="ds.var_math_square_root_std_single" name="variance_is_to_the_power_of_2_of_the_standard_deviation"/>
    <testcase time="0.231999999999971" classname="ds.var_math_square_root_std_single" name="variance_is_to_the_power_of_2_of_the_standard_deviation"/>
    <testcase time="0.238000000000056" classname="ds.var_math_square_root_std_single" name="variance_is_to_the_power_of_2_of_the_standard_deviation"/>
    <testcase time="0.233999999999924" classname="ds.var_math_square_root_std_single" name="variance_is_to_the_power_of_2_of_the_standard_deviation"/>
  </testsuite>
  <testsuite name="ds.var()::math::square_root_std::multiple" timestamp="2019-11-15T18:40:30Z" hostname="fv-az50" tests="32" skipped="0" failures="0" errors="0" time="10.716">
    <testcase time="6.76299999999992" classname="ds.var_math_square_root_std_multiple" name="variance_is_to_the_power_of_2_of_the_standard_deviation"/>
    <testcase time="0.256000000000085" classname="ds.var_math_square_root_std_multiple" name="variance_is_to_the_power_of_2_of_the_standard_deviation"/>
    <testcase time="0.256000000000085" classname="ds.var_math_square_root_std_multiple" name="variance_is_to_the_power_of_2_of_the_standard_deviation"/>
    <testcase time="0.254999999999882" classname="ds.var_math_square_root_std_multiple" name="variance_is_to_the_power_of_2_of_the_standard_deviation"/>
    <testcase time="0.259000000000015" classname="ds.var_math_square_root_std_multiple" name="variance_is_to_the_power_of_2_of_the_standard_deviation"/>
    <testcase time="0.257000000000062" classname="ds.var_math_square_root_std_multiple" name="variance_is_to_the_power_of_2_of_the_standard_deviation"/>
    <testcase time="0.263999999999896" classname="ds.var_math_square_root_std_multiple" name="variance_is_to_the_power_of_2_of_the_standard_deviation"/>
    <testcase time="0.261999999999944" classname="ds.var_math_square_root_std_multiple" name="variance_is_to_the_power_of_2_of_the_standard_deviation"/>
    <testcase time="0.302000000000135" classname="ds.var_math_square_root_std_multiple" name="variance_is_to_the_power_of_2_of_the_standard_deviation"/>
    <testcase time="0.00199999999995271" classname="ds.var_math_square_root_std_multiple" name="variance_is_to_the_power_of_2_of_the_standard_deviation"/>
    <testcase time="0.000999999999976353" classname="ds.var_math_square_root_std_multiple" name="variance_is_to_the_power_of_2_of_the_standard_deviation"/>
    <testcase time="0.268000000000029" classname="ds.var_math_square_root_std_multiple" name="variance_is_to_the_power_of_2_of_the_standard_deviation"/>
    <testcase time="0.00199999999995271" classname="ds.var_math_square_root_std_multiple" name="variance_is_to_the_power_of_2_of_the_standard_deviation"/>
    <testcase time="0.000999999999976353" classname="ds.var_math_square_root_std_multiple" name="variance_is_to_the_power_of_2_of_the_standard_deviation"/>
    <testcase time="0.260999999999967" classname="ds.var_math_square_root_std_multiple" name="variance_is_to_the_power_of_2_of_the_standard_deviation"/>
    <testcase time="0.00200000000018008" classname="ds.var_math_square_root_std_multiple" name="variance_is_to_the_power_of_2_of_the_standard_deviation"/>
    <testcase time="0.000999999999976353" classname="ds.var_math_square_root_std_multiple" name="variance_is_to_the_power_of_2_of_the_standard_deviation"/>
    <testcase time="0.253999999999905" classname="ds.var_math_square_root_std_multiple" name="variance_is_to_the_power_of_2_of_the_standard_deviation"/>
    <testcase time="0.00199999999995271" classname="ds.var_math_square_root_std_multiple" name="variance_is_to_the_power_of_2_of_the_standard_deviation"/>
    <testcase time="0.00100000000020373" classname="ds.var_math_square_root_std_multiple" name="variance_is_to_the_power_of_2_of_the_standard_deviation"/>
    <testcase time="0.256999999999834" classname="ds.var_math_square_root_std_multiple" name="variance_is_to_the_power_of_2_of_the_standard_deviation"/>
    <testcase time="0.00199999999995271" classname="ds.var_math_square_root_std_multiple" name="variance_is_to_the_power_of_2_of_the_standard_deviation"/>
    <testcase time="0.00200000000018008" classname="ds.var_math_square_root_std_multiple" name="variance_is_to_the_power_of_2_of_the_standard_deviation"/>
    <testcase time="0.256999999999834" classname="ds.var_math_square_root_std_multiple" name="variance_is_to_the_power_of_2_of_the_standard_deviation"/>
    <testcase time="0.00100000000020373" classname="ds.var_math_square_root_std_multiple" name="variance_is_to_the_power_of_2_of_the_standard_deviation"/>
    <testcase time="0.00199999999995271" classname="ds.var_math_square_root_std_multiple" name="variance_is_to_the_power_of_2_of_the_standard_deviation"/>
    <testcase time="0.258000000000038" classname="ds.var_math_square_root_std_multiple" name="variance_is_to_the_power_of_2_of_the_standard_deviation"/>
    <testcase time="0.00199999999995271" classname="ds.var_math_square_root_std_multiple" name="variance_is_to_the_power_of_2_of_the_standard_deviation"/>
    <testcase time="0.00299999999992906" classname="ds.var_math_square_root_std_multiple" name="variance_is_to_the_power_of_2_of_the_standard_deviation"/>
    <testcase time="0.259000000000015" classname="ds.var_math_square_root_std_multiple" name="variance_is_to_the_power_of_2_of_the_standard_deviation"/>
    <testcase time="0.00199999999995271" classname="ds.var_math_square_root_std_multiple" name="variance_is_to_the_power_of_2_of_the_standard_deviation"/>
    <testcase time="0.00199999999995271" classname="ds.var_math_square_root_std_multiple" name="variance_is_to_the_power_of_2_of_the_standard_deviation"/>
  </testsuite>
  <testsuite name="ds.var()::math::location::parameter::single" timestamp="2019-11-15T18:40:41Z" hostname="fv-az50" tests="8" skipped="0" failures="0" errors="0" time="20.772">
    <testcase time="6.15600000000018" classname="ds.var_math_location_parameter_single" name="var_X_a_Var_X_"/>
    <testcase time="2.08299999999986" classname="ds.var_math_location_parameter_single" name="var_X_a_Var_X_"/>
    <testcase time="2.077" classname="ds.var_math_location_parameter_single" name="var_X_a_Var_X_"/>
    <testcase time="2.07899999999995" classname="ds.var_math_location_parameter_single" name="var_X_a_Var_X_"/>
    <testcase time="2.09700000000021" classname="ds.var_math_location_parameter_single" name="var_X_a_Var_X_"/>
    <testcase time="2.09299999999985" classname="ds.var_math_location_parameter_single" name="var_X_a_Var_X_"/>
    <testcase time="2.0920000000001" classname="ds.var_math_location_parameter_single" name="var_X_a_Var_X_"/>
    <testcase time="2.09500000000003" classname="ds.var_math_location_parameter_single" name="var_X_a_Var_X_"/>
  </testsuite>
  <testsuite name="ds.var()::math::location::parameter::multiple" timestamp="2019-11-15T18:41:02Z" hostname="fv-az50" tests="8" skipped="0" failures="0" errors="0" time="31.842">
    <testcase time="9.54199999999992" classname="ds.var_math_location_parameter_multiple" name="var_X_a_Var_X_"/>
    <testcase time="3.17100000000005" classname="ds.var_math_location_parameter_multiple" name="var_X_a_Var_X_"/>
    <testcase time="3.173" classname="ds.var_math_location_parameter_multiple" name="var_X_a_Var_X_"/>
    <testcase time="3.19299999999998" classname="ds.var_math_location_parameter_multiple" name="var_X_a_Var_X_"/>
    <testcase time="3.1869999999999" classname="ds.var_math_location_parameter_multiple" name="var_X_a_Var_X_"/>
    <testcase time="3.18600000000015" classname="ds.var_math_location_parameter_multiple" name="var_X_a_Var_X_"/>
    <testcase time="3.18799999999987" classname="ds.var_math_location_parameter_multiple" name="var_X_a_Var_X_"/>
    <testcase time="3.202" classname="ds.var_math_location_parameter_multiple" name="var_X_a_Var_X_"/>
  </testsuite>
  <testsuite name="ds.var()::math::scale::single" timestamp="2019-11-15T18:41:34Z" hostname="fv-az50" tests="8" skipped="0" failures="0" errors="0" time="20.758">
    <testcase time="6.09500000000003" classname="ds.var_math_scale_single" name="var_aX_a_2Var_X_"/>
    <testcase time="2.10699999999997" classname="ds.var_math_scale_single" name="var_aX_a_2Var_X_"/>
    <testcase time="2.08900000000017" classname="ds.var_math_scale_single" name="var_aX_a_2Var_X_"/>
    <testcase time="2.0949999999998" classname="ds.var_math_scale_single" name="var_aX_a_2Var_X_"/>
    <testcase time="2.10000000000014" classname="ds.var_math_scale_single" name="var_aX_a_2Var_X_"/>
    <testcase time="2.09299999999985" classname="ds.var_math_scale_single" name="var_aX_a_2Var_X_"/>
    <testcase time="2.08300000000008" classname="ds.var_math_scale_single" name="var_aX_a_2Var_X_"/>
    <testcase time="2.096" classname="ds.var_math_scale_single" name="var_aX_a_2Var_X_"/>
  </testsuite>
  <testsuite name="ds.var()::math::scale::multiple" timestamp="2019-11-15T18:41:54Z" hostname="fv-az50" tests="8" skipped="0" failures="0" errors="0" time="31.94">
    <testcase time="9.6880000000001" classname="ds.var_math_scale_multiple" name="var_aX_a_2Var_X_"/>
    <testcase time="3.19200000000001" classname="ds.var_math_scale_multiple" name="var_aX_a_2Var_X_"/>
    <testcase time="3.173" classname="ds.var_math_scale_multiple" name="var_aX_a_2Var_X_"/>
    <testcase time="3.17399999999998" classname="ds.var_math_scale_multiple" name="var_aX_a_2Var_X_"/>
    <testcase time="3.18200000000002" classname="ds.var_math_scale_multiple" name="var_aX_a_2Var_X_"/>
    <testcase time="3.16999999999985" classname="ds.var_math_scale_multiple" name="var_aX_a_2Var_X_"/>
    <testcase time="3.1880000000001" classname="ds.var_math_scale_multiple" name="var_aX_a_2Var_X_"/>
    <testcase time="3.173" classname="ds.var_math_scale_multiple" name="var_aX_a_2Var_X_"/>
  </testsuite>
  <testsuite name="checkClass::smk::discordant" timestamp="2019-11-15T18:42:33Z" hostname="fv-az50" tests="3" skipped="0" failures="0" errors="0" time="8.419">
    <testcase time="6.99700000000007" classname="checkClass_smk_discordant" name="simple_test_discordant_dataset_A"/>
    <testcase time="0.708999999999833" classname="checkClass_smk_discordant" name="simple_test_discordant_dataset_B"/>
    <testcase time="0.712999999999965" classname="checkClass_smk_discordant" name="simple_test_discordant_dataset_C"/>
  </testsuite>
  <testsuite name="checkClass::smk::simple test" timestamp="2019-11-15T18:42:41Z" hostname="fv-az50" tests="24" skipped="0" failures="0" errors="0" time="13.512">
    <testcase time="7.41100000000006" classname="checkClass_smk_simple_test" name="simple_test"/>
    <testcase time="0.000999999999976353" classname="checkClass_smk_simple_test" name="simple_test"/>
    <testcase time="0.000999999999976353" classname="checkClass_smk_simple_test" name="simple_test"/>
    <testcase time="0.685000000000173" classname="checkClass_smk_simple_test" name="simple_test"/>
    <testcase time="0.00199999999995271" classname="checkClass_smk_simple_test" name="simple_test"/>
    <testcase time="0.000999999999976353" classname="checkClass_smk_simple_test" name="simple_test"/>
    <testcase time="0.676999999999907" classname="checkClass_smk_simple_test" name="simple_test"/>
    <testcase time="0.00200000000018008" classname="checkClass_smk_simple_test" name="simple_test"/>
    <testcase time="0.000999999999976353" classname="checkClass_smk_simple_test" name="simple_test"/>
    <testcase time="0.682000000000016" classname="checkClass_smk_simple_test" name="simple_test"/>
    <testcase time="0.000999999999976353" classname="checkClass_smk_simple_test" name="simple_test"/>
    <testcase time="0.00199999999995271" classname="checkClass_smk_simple_test" name="simple_test"/>
    <testcase time="0.680000000000064" classname="checkClass_smk_simple_test" name="simple_test"/>
    <testcase time="0.00199999999995271" classname="checkClass_smk_simple_test" name="simple_test"/>
    <testcase time="0.000999999999976353" classname="checkClass_smk_simple_test" name="simple_test"/>
    <testcase time="0.673000000000002" classname="checkClass_smk_simple_test" name="simple_test"/>
    <testcase time="0.000999999999976353" classname="checkClass_smk_simple_test" name="simple_test"/>
    <testcase time="0.00199999999995271" classname="checkClass_smk_simple_test" name="simple_test"/>
    <testcase time="2.00400000000013" classname="checkClass_smk_simple_test" name="data.frame_test"/>
    <testcase time="0.00199999999995271" classname="checkClass_smk_simple_test" name="data.frame_test"/>
    <testcase time="0.000999999999976353" classname="checkClass_smk_simple_test" name="data.frame_test"/>
    <testcase time="0.676999999999907" classname="checkClass_smk_simple_test" name="missing_test"/>
    <testcase time="0.00200000000018008" classname="checkClass_smk_simple_test" name="missing_test"/>
    <testcase time="0.000999999999976353" classname="checkClass_smk_simple_test" name="missing_test"/>
  </testsuite>
  <testsuite name="ds.asCharacter::smk::simple test" timestamp="2019-11-15T18:42:55Z" hostname="fv-az50" tests="3" skipped="0" failures="0" errors="0" time="7.216">
    <testcase time="7.21399999999994" classname="ds.asCharacter_smk_simple_test" name="simple_test"/>
    <testcase time="0.000999999999976353" classname="ds.asCharacter_smk_simple_test" name="simple_test"/>
    <testcase time="0.000999999999976353" classname="ds.asCharacter_smk_simple_test" name="simple_test"/>
  </testsuite>
  <testsuite name="ds.asDataMatrix::smk::simple test" timestamp="2019-11-15T18:43:02Z" hostname="fv-az50" tests="3" skipped="0" failures="0" errors="0" time="7.404">
    <testcase time="7.40200000000004" classname="ds.asDataMatrix_smk_simple_test" name="simple_test"/>
    <testcase time="0.000999999999976353" classname="ds.asDataMatrix_smk_simple_test" name="simple_test"/>
    <testcase time="0.000999999999976353" classname="ds.asDataMatrix_smk_simple_test" name="simple_test"/>
  </testsuite>
  <testsuite name="ds.asFactor::smk::force.factor.levels" timestamp="2019-11-15T18:43:10Z" hostname="fv-az50" tests="20" skipped="0" failures="0" errors="0" time="20.357">
    <testcase time="9.99600000000009" classname="ds.asFactor_smk_force.factor.levels" name="with_no_force.factor.levels"/>
    <testcase time="0.00199999999995271" classname="ds.asFactor_smk_force.factor.levels" name="with_no_force.factor.levels"/>
    <testcase time="0.000999999999976353" classname="ds.asFactor_smk_force.factor.levels" name="with_no_force.factor.levels"/>
    <testcase time="0.000999999999976353" classname="ds.asFactor_smk_force.factor.levels" name="with_no_force.factor.levels"/>
    <testcase time="2.76800000000003" classname="ds.asFactor_smk_force.factor.levels" name="with_forced.factor.levels_of_1_6"/>
    <testcase time="0.00199999999995271" classname="ds.asFactor_smk_force.factor.levels" name="with_forced.factor.levels_of_1_6"/>
    <testcase time="0.000999999999976353" classname="ds.asFactor_smk_force.factor.levels" name="with_forced.factor.levels_of_1_6"/>
    <testcase time="0.00100000000020373" classname="ds.asFactor_smk_force.factor.levels" name="with_forced.factor.levels_of_1_6"/>
    <testcase time="2.51299999999992" classname="ds.asFactor_smk_force.factor.levels" name="with_force.factor.levels_of_0_10"/>
    <testcase time="0.00199999999995271" classname="ds.asFactor_smk_force.factor.levels" name="with_force.factor.levels_of_0_10"/>
    <testcase time="0.00199999999995271" classname="ds.asFactor_smk_force.factor.levels" name="with_force.factor.levels_of_0_10"/>
    <testcase time="0.000999999999976353" classname="ds.asFactor_smk_force.factor.levels" name="with_force.factor.levels_of_0_10"/>
    <testcase time="2.53700000000003" classname="ds.asFactor_smk_force.factor.levels" name="with_force.factor.levels_of_2_3"/>
    <testcase time="0.00200000000018008" classname="ds.asFactor_smk_force.factor.levels" name="with_force.factor.levels_of_2_3"/>
    <testcase time="0.000999999999976353" classname="ds.asFactor_smk_force.factor.levels" name="with_force.factor.levels_of_2_3"/>
    <testcase time="0.00199999999995271" classname="ds.asFactor_smk_force.factor.levels" name="with_force.factor.levels_of_2_3"/>
    <testcase time="2.51999999999998" classname="ds.asFactor_smk_force.factor.levels" name="with_force.factor.levels_of_c_1_2_3_4_a_h_5_"/>
    <testcase time="0.00199999999995271" classname="ds.asFactor_smk_force.factor.levels" name="with_force.factor.levels_of_c_1_2_3_4_a_h_5_"/>
    <testcase time="0.000999999999976353" classname="ds.asFactor_smk_force.factor.levels" name="with_force.factor.levels_of_c_1_2_3_4_a_h_5_"/>
    <testcase time="0.00199999999995271" classname="ds.asFactor_smk_force.factor.levels" name="with_force.factor.levels_of_c_1_2_3_4_a_h_5_"/>
  </testsuite>
  <testsuite name="ds.asFactor::smk::fixed.dummy.vars" timestamp="2019-11-15T18:43:23Z" hostname="fv-az50" tests="6" skipped="0" failures="0" errors="0" time="2.676">
    <testcase time="1.33699999999999" classname="ds.asFactor_smk_fixed.dummy.vars" name="with_fixed.dummy.vars_of_TRUE"/>
    <testcase time="0.00200000000018008" classname="ds.asFactor_smk_fixed.dummy.vars" name="with_fixed.dummy.vars_of_TRUE"/>
    <testcase time="0.000999999999976353" classname="ds.asFactor_smk_fixed.dummy.vars" name="with_fixed.dummy.vars_of_TRUE"/>
    <testcase time="1.33299999999986" classname="ds.asFactor_smk_fixed.dummy.vars" name="with_fixed.dummy.vars_of_TRUE_and_baseline.level_of_6"/>
    <testcase time="0.00100000000020373" classname="ds.asFactor_smk_fixed.dummy.vars" name="with_fixed.dummy.vars_of_TRUE_and_baseline.level_of_6"/>
    <testcase time="0.00199999999995271" classname="ds.asFactor_smk_fixed.dummy.vars" name="with_fixed.dummy.vars_of_TRUE_and_baseline.level_of_6"/>
  </testsuite>
  <testsuite name="ds.asInteger::smk::simple test" timestamp="2019-11-15T18:43:33Z" hostname="fv-az50" tests="3" skipped="0" failures="0" errors="0" time="7.546">
    <testcase time="7.54299999999989" classname="ds.asInteger_smk_simple_test" name="simple_test"/>
    <testcase time="0.00199999999995271" classname="ds.asInteger_smk_simple_test" name="simple_test"/>
    <testcase time="0.00100000000020373" classname="ds.asInteger_smk_simple_test" name="simple_test"/>
  </testsuite>
  <testsuite name="ds.asList::smk::simple test" timestamp="2019-11-15T18:43:40Z" hostname="fv-az50" tests="10" skipped="0" failures="0" errors="0" time="6.843">
    <testcase time="6.8309999999999" classname="ds.asList_smk_simple_test" name="simple_test"/>
    <testcase time="0.00199999999995271" classname="ds.asList_smk_simple_test" name="simple_test"/>
    <testcase time="0.000999999999976353" classname="ds.asList_smk_simple_test" name="simple_test"/>
    <testcase time="0.000999999999976353" classname="ds.asList_smk_simple_test" name="simple_test"/>
    <testcase time="0.000999999999976353" classname="ds.asList_smk_simple_test" name="simple_test"/>
    <testcase time="0.00200000000018008" classname="ds.asList_smk_simple_test" name="simple_test"/>
    <testcase time="0.000999999999976353" classname="ds.asList_smk_simple_test" name="simple_test"/>
    <testcase time="0.000999999999976353" classname="ds.asList_smk_simple_test" name="simple_test"/>
    <testcase time="0.000999999999976353" classname="ds.asList_smk_simple_test" name="simple_test"/>
    <testcase time="0.00199999999995271" classname="ds.asList_smk_simple_test" name="simple_test"/>
  </testsuite>
  <testsuite name="ds.asLogical::smk::simple test" timestamp="2019-11-15T18:43:47Z" hostname="fv-az50" tests="3" skipped="0" failures="0" errors="0" time="7.369">
    <testcase time="7.36699999999996" classname="ds.asLogical_smk_simple_test" name="simple_test"/>
    <testcase time="0.000999999999976353" classname="ds.asLogical_smk_simple_test" name="simple_test"/>
    <testcase time="0.00100000000020373" classname="ds.asLogical_smk_simple_test" name="simple_test"/>
  </testsuite>
  <testsuite name="ds.asMatrix::smk::simple test" timestamp="2019-11-15T18:43:54Z" hostname="fv-az50" tests="3" skipped="0" failures="0" errors="0" time="7.566">
    <testcase time="7.56299999999987" classname="ds.asMatrix_smk_simple_test" name="simple_test"/>
    <testcase time="0.00199999999995271" classname="ds.asMatrix_smk_simple_test" name="simple_test"/>
    <testcase time="0.000999999999976353" classname="ds.asMatrix_smk_simple_test" name="simple_test"/>
  </testsuite>
  <testsuite name="ds.asNumeric::smk::simple test" timestamp="2019-11-15T18:44:02Z" hostname="fv-az50" tests="3" skipped="0" failures="0" errors="0" time="7.5">
    <testcase time="7.49700000000007" classname="ds.asNumeric_smk_simple_test" name="simple_test"/>
    <testcase time="0.00199999999995271" classname="ds.asNumeric_smk_simple_test" name="simple_test"/>
    <testcase time="0.000999999999976353" classname="ds.asNumeric_smk_simple_test" name="simple_test"/>
  </testsuite>
  <testsuite name="ds.assign::smk" timestamp="2019-11-15T18:44:10Z" hostname="fv-az50" tests="1" skipped="0" failures="0" errors="0" time="7.321">
    <testcase time="7.32100000000014" classname="ds.assign_smk" name="test_assign"/>
  </testsuite>
  <testsuite name="ds.Boole::smk" timestamp="2019-11-15T18:44:17Z" hostname="fv-az50" tests="3" skipped="0" failures="0" errors="0" time="7.694">
    <testcase time="7.69100000000003" classname="ds.Boole_smk" name="simple_boole"/>
    <testcase time="0.00199999999995271" classname="ds.Boole_smk" name="simple_boole"/>
    <testcase time="0.000999999999976353" classname="ds.Boole_smk" name="simple_boole"/>
  </testsuite>
  <testsuite name="ds.cbind::smk" timestamp="2019-11-15T18:44:24Z" hostname="fv-az50" tests="5" skipped="0" failures="0" errors="0" time="8.821">
    <testcase time="8.30700000000002" classname="ds.cbind_smk" name="simple_test"/>
    <testcase time="0.00199999999995271" classname="ds.cbind_smk" name="simple_test"/>
    <testcase time="0.509000000000015" classname="ds.cbind_smk" name="simple_test"/>
    <testcase time="0.000999999999976353" classname="ds.cbind_smk" name="simple_test"/>
    <testcase time="0.00199999999995271" classname="ds.cbind_smk" name="simple_test"/>
  </testsuite>
  <testsuite name="ds.changeRefGroup::smk" timestamp="2019-11-15T18:44:33Z" hostname="fv-az50" tests="21" skipped="0" failures="0" errors="0" time="11.679">
    <testcase time="11.6490000000001" classname="ds.changeRefGroup_smk" name="simple_changeRefGroup"/>
    <testcase time="0.000999999999976353" classname="ds.changeRefGroup_smk" name="simple_changeRefGroup"/>
    <testcase time="0.000999999999976353" classname="ds.changeRefGroup_smk" name="simple_changeRefGroup"/>
    <testcase time="0.00199999999995271" classname="ds.changeRefGroup_smk" name="simple_changeRefGroup"/>
    <testcase time="0.000999999999976353" classname="ds.changeRefGroup_smk" name="simple_changeRefGroup"/>
    <testcase time="0.000999999999976353" classname="ds.changeRefGroup_smk" name="simple_changeRefGroup"/>
    <testcase time="0.00200000000018008" classname="ds.changeRefGroup_smk" name="simple_changeRefGroup"/>
    <testcase time="0.000999999999976353" classname="ds.changeRefGroup_smk" name="simple_changeRefGroup"/>
    <testcase time="0.000999999999976353" classname="ds.changeRefGroup_smk" name="simple_changeRefGroup"/>
    <testcase time="0.000999999999976353" classname="ds.changeRefGroup_smk" name="simple_changeRefGroup"/>
    <testcase time="0.00199999999995271" classname="ds.changeRefGroup_smk" name="simple_changeRefGroup"/>
    <testcase time="0.000999999999976353" classname="ds.changeRefGroup_smk" name="simple_changeRefGroup"/>
    <testcase time="0.00200000000018008" classname="ds.changeRefGroup_smk" name="simple_changeRefGroup"/>
    <testcase time="0.00199999999995271" classname="ds.changeRefGroup_smk" name="simple_changeRefGroup"/>
    <testcase time="0.000999999999976353" classname="ds.changeRefGroup_smk" name="simple_changeRefGroup"/>
    <testcase time="0.00199999999995271" classname="ds.changeRefGroup_smk" name="simple_changeRefGroup"/>
    <testcase time="0.00199999999995271" classname="ds.changeRefGroup_smk" name="simple_changeRefGroup"/>
    <testcase time="0.00200000000018008" classname="ds.changeRefGroup_smk" name="simple_changeRefGroup"/>
    <testcase time="0.000999999999976353" classname="ds.changeRefGroup_smk" name="simple_changeRefGroup"/>
    <testcase time="0.00199999999995271" classname="ds.changeRefGroup_smk" name="simple_changeRefGroup"/>
    <testcase time="0.00199999999995271" classname="ds.changeRefGroup_smk" name="simple_changeRefGroup"/>
  </testsuite>
  <testsuite name="ds.class::smk" timestamp="2019-11-15T18:44:45Z" hostname="fv-az50" tests="14" skipped="0" failures="0" errors="0" time="7.679">
    <testcase time="7.15800000000013" classname="ds.class_smk" name="simple_class"/>
    <testcase time="0.000999999999976353" classname="ds.class_smk" name="simple_class"/>
    <testcase time="0.00199999999995271" classname="ds.class_smk" name="simple_class"/>
    <testcase time="0.000999999999976353" classname="ds.class_smk" name="simple_class"/>
    <testcase time="0.000999999999976353" classname="ds.class_smk" name="simple_class"/>
    <testcase time="0.000999999999976353" classname="ds.class_smk" name="simple_class"/>
    <testcase time="0.00199999999995271" classname="ds.class_smk" name="simple_class"/>
    <testcase time="0.505000000000109" classname="ds.class_smk" name="simple_class"/>
    <testcase time="0.00199999999995271" classname="ds.class_smk" name="simple_class"/>
    <testcase time="0.000999999999976353" classname="ds.class_smk" name="simple_class"/>
    <testcase time="0.000999999999976353" classname="ds.class_smk" name="simple_class"/>
    <testcase time="0.00199999999995271" classname="ds.class_smk" name="simple_class"/>
    <testcase time="0.00100000000020373" classname="ds.class_smk" name="simple_class"/>
    <testcase time="0.000999999999976353" classname="ds.class_smk" name="simple_class"/>
  </testsuite>
  <testsuite name="ds.colnames::smk" timestamp="2019-11-15T18:44:52Z" hostname="fv-az50" tests="10" skipped="0" failures="0" errors="0" time="8.928">
    <testcase time="8.91699999999992" classname="ds.colnames_smk" name="simple_colnames"/>
    <testcase time="0.000999999999976353" classname="ds.colnames_smk" name="simple_colnames"/>
    <testcase time="0.000999999999976353" classname="ds.colnames_smk" name="simple_colnames"/>
    <testcase time="0.00199999999995271" classname="ds.colnames_smk" name="simple_colnames"/>
    <testcase time="0.00100000000020373" classname="ds.colnames_smk" name="simple_colnames"/>
    <testcase time="0.000999999999976353" classname="ds.colnames_smk" name="simple_colnames"/>
    <testcase time="0.000999999999976353" classname="ds.colnames_smk" name="simple_colnames"/>
    <testcase time="0.00199999999995271" classname="ds.colnames_smk" name="simple_colnames"/>
    <testcase time="0.000999999999976353" classname="ds.colnames_smk" name="simple_colnames"/>
    <testcase time="0.000999999999976353" classname="ds.colnames_smk" name="simple_colnames"/>
  </testsuite>
  <testsuite name="ds.cor::smk" timestamp="2019-11-15T18:45:01Z" hostname="fv-az50" tests="56" skipped="0" failures="0" errors="0" time="15.455">
    <testcase time="8.73800000000006" classname="ds.cor_smk" name="simple_test_combine_pairwise.complete"/>
    <testcase time="0.000999999999976353" classname="ds.cor_smk" name="simple_test_combine_pairwise.complete"/>
    <testcase time="0.000999999999976353" classname="ds.cor_smk" name="simple_test_combine_pairwise.complete"/>
    <testcase time="0.000999999999976353" classname="ds.cor_smk" name="simple_test_combine_pairwise.complete"/>
    <testcase time="0.00200000000018008" classname="ds.cor_smk" name="simple_test_combine_pairwise.complete"/>
    <testcase time="0.000999999999976353" classname="ds.cor_smk" name="simple_test_combine_pairwise.complete"/>
    <testcase time="0.000999999999976353" classname="ds.cor_smk" name="simple_test_combine_pairwise.complete"/>
    <testcase time="0.000999999999976353" classname="ds.cor_smk" name="simple_test_combine_pairwise.complete"/>
    <testcase time="0.00199999999995271" classname="ds.cor_smk" name="simple_test_combine_pairwise.complete"/>
    <testcase time="2.18599999999992" classname="ds.cor_smk" name="simple_test_combine_casewise.complete"/>
    <testcase time="0.00200000000018008" classname="ds.cor_smk" name="simple_test_combine_casewise.complete"/>
    <testcase time="0.00199999999995271" classname="ds.cor_smk" name="simple_test_combine_casewise.complete"/>
    <testcase time="0.000999999999976353" classname="ds.cor_smk" name="simple_test_combine_casewise.complete"/>
    <testcase time="0.000999999999976353" classname="ds.cor_smk" name="simple_test_combine_casewise.complete"/>
    <testcase time="0.00199999999995271" classname="ds.cor_smk" name="simple_test_combine_casewise.complete"/>
    <testcase time="0.00199999999995271" classname="ds.cor_smk" name="simple_test_combine_casewise.complete"/>
    <testcase time="0.00100000000020373" classname="ds.cor_smk" name="simple_test_combine_casewise.complete"/>
    <testcase time="0.00199999999995271" classname="ds.cor_smk" name="simple_test_combine_casewise.complete"/>
    <testcase time="2.21599999999989" classname="ds.cor_smk" name="simple_test_split_pairwise.complete"/>
    <testcase time="0.00199999999995271" classname="ds.cor_smk" name="simple_test_split_pairwise.complete"/>
    <testcase time="0.00200000000018008" classname="ds.cor_smk" name="simple_test_split_pairwise.complete"/>
    <testcase time="0.00199999999995271" classname="ds.cor_smk" name="simple_test_split_pairwise.complete"/>
    <testcase time="0.00199999999995271" classname="ds.cor_smk" name="simple_test_split_pairwise.complete"/>
    <testcase time="0.000999999999976353" classname="ds.cor_smk" name="simple_test_split_pairwise.complete"/>
    <testcase time="0.00199999999995271" classname="ds.cor_smk" name="simple_test_split_pairwise.complete"/>
    <testcase time="0.00200000000018008" classname="ds.cor_smk" name="simple_test_split_pairwise.complete"/>
    <testcase time="0.00199999999995271" classname="ds.cor_smk" name="simple_test_split_pairwise.complete"/>
    <testcase time="0.00199999999995271" classname="ds.cor_smk" name="simple_test_split_pairwise.complete"/>
    <testcase time="0.00199999999995271" classname="ds.cor_smk" name="simple_test_split_pairwise.complete"/>
    <testcase time="0.00199999999995271" classname="ds.cor_smk" name="simple_test_split_pairwise.complete"/>
    <testcase time="0.00200000000018008" classname="ds.cor_smk" name="simple_test_split_pairwise.complete"/>
    <testcase time="0.00199999999995271" classname="ds.cor_smk" name="simple_test_split_pairwise.complete"/>
    <testcase time="0.00199999999995271" classname="ds.cor_smk" name="simple_test_split_pairwise.complete"/>
    <testcase time="0.00299999999992906" classname="ds.cor_smk" name="simple_test_split_pairwise.complete"/>
    <testcase time="0.00200000000018008" classname="ds.cor_smk" name="simple_test_split_pairwise.complete"/>
    <testcase time="0.00199999999995271" classname="ds.cor_smk" name="simple_test_split_pairwise.complete"/>
    <testcase time="0.00199999999995271" classname="ds.cor_smk" name="simple_test_split_pairwise.complete"/>
    <testcase time="2.22000000000003" classname="ds.cor_smk" name="simple_test_split_casewise.complete"/>
    <testcase time="0.000999999999976353" classname="ds.cor_smk" name="simple_test_split_casewise.complete"/>
    <testcase time="0.00199999999995271" classname="ds.cor_smk" name="simple_test_split_casewise.complete"/>
    <testcase time="0.00199999999995271" classname="ds.cor_smk" name="simple_test_split_casewise.complete"/>
    <testcase time="0.00200000000018008" classname="ds.cor_smk" name="simple_test_split_casewise.complete"/>
    <testcase time="0.00199999999995271" classname="ds.cor_smk" name="simple_test_split_casewise.complete"/>
    <testcase time="0.00199999999995271" classname="ds.cor_smk" name="simple_test_split_casewise.complete"/>
    <testcase time="0.00199999999995271" classname="ds.cor_smk" name="simple_test_split_casewise.complete"/>
    <testcase time="0.00199999999995271" classname="ds.cor_smk" name="simple_test_split_casewise.complete"/>
    <testcase time="0.00200000000018008" classname="ds.cor_smk" name="simple_test_split_casewise.complete"/>
    <testcase time="0.00199999999995271" classname="ds.cor_smk" name="simple_test_split_casewise.complete"/>
    <testcase time="0.00199999999995271" classname="ds.cor_smk" name="simple_test_split_casewise.complete"/>
    <testcase time="0.00199999999995271" classname="ds.cor_smk" name="simple_test_split_casewise.complete"/>
    <testcase time="0.00199999999995271" classname="ds.cor_smk" name="simple_test_split_casewise.complete"/>
    <testcase time="0.00200000000018008" classname="ds.cor_smk" name="simple_test_split_casewise.complete"/>
    <testcase time="0.00199999999995271" classname="ds.cor_smk" name="simple_test_split_casewise.complete"/>
    <testcase time="0.00299999999992906" classname="ds.cor_smk" name="simple_test_split_casewise.complete"/>
    <testcase time="0.00199999999995271" classname="ds.cor_smk" name="simple_test_split_casewise.complete"/>
    <testcase time="0.00200000000018008" classname="ds.cor_smk" name="simple_test_split_casewise.complete"/>
  </testsuite>
  <testsuite name="ds.corTest::smk" timestamp="2019-11-15T18:45:17Z" hostname="fv-az50" tests="28" skipped="0" failures="0" errors="0" time="8.816">
    <testcase time="8.77399999999989" classname="ds.corTest_smk" name="simple_test"/>
    <testcase time="0.00199999999995271" classname="ds.corTest_smk" name="simple_test"/>
    <testcase time="0.000999999999976353" classname="ds.corTest_smk" name="simple_test"/>
    <testcase time="0.00100000000020373" classname="ds.corTest_smk" name="simple_test"/>
    <testcase time="0.00199999999995271" classname="ds.corTest_smk" name="simple_test"/>
    <testcase time="0.000999999999976353" classname="ds.corTest_smk" name="simple_test"/>
    <testcase time="0.000999999999976353" classname="ds.corTest_smk" name="simple_test"/>
    <testcase time="0.00199999999995271" classname="ds.corTest_smk" name="simple_test"/>
    <testcase time="0.000999999999976353" classname="ds.corTest_smk" name="simple_test"/>
    <testcase time="0.00199999999995271" classname="ds.corTest_smk" name="simple_test"/>
    <testcase time="0.00100000000020373" classname="ds.corTest_smk" name="simple_test"/>
    <testcase time="0.000999999999976353" classname="ds.corTest_smk" name="simple_test"/>
    <testcase time="0.00199999999995271" classname="ds.corTest_smk" name="simple_test"/>
    <testcase time="0.00199999999995271" classname="ds.corTest_smk" name="simple_test"/>
    <testcase time="0.000999999999976353" classname="ds.corTest_smk" name="simple_test"/>
    <testcase time="0.00199999999995271" classname="ds.corTest_smk" name="simple_test"/>
    <testcase time="0.00100000000020373" classname="ds.corTest_smk" name="simple_test"/>
    <testcase time="0.00199999999995271" classname="ds.corTest_smk" name="simple_test"/>
    <testcase time="0.000999999999976353" classname="ds.corTest_smk" name="simple_test"/>
    <testcase time="0.00199999999995271" classname="ds.corTest_smk" name="simple_test"/>
    <testcase time="0.00199999999995271" classname="ds.corTest_smk" name="simple_test"/>
    <testcase time="0.000999999999976353" classname="ds.corTest_smk" name="simple_test"/>
    <testcase time="0.00200000000018008" classname="ds.corTest_smk" name="simple_test"/>
    <testcase time="0.00199999999995271" classname="ds.corTest_smk" name="simple_test"/>
    <testcase time="0.000999999999976353" classname="ds.corTest_smk" name="simple_test"/>
    <testcase time="0.00199999999995271" classname="ds.corTest_smk" name="simple_test"/>
    <testcase time="0.00199999999995271" classname="ds.corTest_smk" name="simple_test"/>
    <testcase time="0.00200000000018008" classname="ds.corTest_smk" name="simple_test"/>
  </testsuite>
  <testsuite name="ds.cov::smk" timestamp="2019-11-15T18:45:26Z" hostname="fv-az50" tests="28" skipped="0" failures="0" errors="0" time="11.052">
    <testcase time="8.8309999999999" classname="ds.cov_smk" name="simple_test_split"/>
    <testcase time="0.000999999999976353" classname="ds.cov_smk" name="simple_test_split"/>
    <testcase time="0.00199999999995271" classname="ds.cov_smk" name="simple_test_split"/>
    <testcase time="0.000999999999976353" classname="ds.cov_smk" name="simple_test_split"/>
    <testcase time="0.00200000000018008" classname="ds.cov_smk" name="simple_test_split"/>
    <testcase time="0.000999999999976353" classname="ds.cov_smk" name="simple_test_split"/>
    <testcase time="0.000999999999976353" classname="ds.cov_smk" name="simple_test_split"/>
    <testcase time="0.000999999999976353" classname="ds.cov_smk" name="simple_test_split"/>
    <testcase time="0.00199999999995271" classname="ds.cov_smk" name="simple_test_split"/>
    <testcase time="0.000999999999976353" classname="ds.cov_smk" name="simple_test_split"/>
    <testcase time="0.00199999999995271" classname="ds.cov_smk" name="simple_test_split"/>
    <testcase time="0.000999999999976353" classname="ds.cov_smk" name="simple_test_split"/>
    <testcase time="0.00100000000020373" classname="ds.cov_smk" name="simple_test_split"/>
    <testcase time="0.00199999999995271" classname="ds.cov_smk" name="simple_test_split"/>
    <testcase time="0.00199999999995271" classname="ds.cov_smk" name="simple_test_split"/>
    <testcase time="0.00199999999995271" classname="ds.cov_smk" name="simple_test_split"/>
    <testcase time="0.00199999999995271" classname="ds.cov_smk" name="simple_test_split"/>
    <testcase time="0.00200000000018008" classname="ds.cov_smk" name="simple_test_split"/>
    <testcase time="0.00199999999995271" classname="ds.cov_smk" name="simple_test_split"/>
    <testcase time="2.18000000000006" classname="ds.cov_smk" name="simple_test_combine"/>
    <testcase time="0.00199999999995271" classname="ds.cov_smk" name="simple_test_combine"/>
    <testcase time="0.000999999999976353" classname="ds.cov_smk" name="simple_test_combine"/>
    <testcase time="0.000999999999976353" classname="ds.cov_smk" name="simple_test_combine"/>
    <testcase time="0.00199999999995271" classname="ds.cov_smk" name="simple_test_combine"/>
    <testcase time="0.00200000000018008" classname="ds.cov_smk" name="simple_test_combine"/>
    <testcase time="0.000999999999976353" classname="ds.cov_smk" name="simple_test_combine"/>
    <testcase time="0.00199999999995271" classname="ds.cov_smk" name="simple_test_combine"/>
    <testcase time="0.00199999999995271" classname="ds.cov_smk" name="simple_test_combine"/>
  </testsuite>
  <testsuite name="ds.c::smk" timestamp="2019-11-15T18:45:37Z" hostname="fv-az50" tests="1" skipped="0" failures="0" errors="0" time="7.959">
    <testcase time="7.95900000000006" classname="ds.c_smk" name="simple_c"/>
  </testsuite>
  <testsuite name="ds.dataFrameFill::smk::donothing dataframes" timestamp="2019-11-15T18:45:45Z" hostname="fv-az50" tests="14" skipped="0" failures="0" errors="0" time="10.733">
    <testcase time="7.68399999999997" classname="ds.dataFrameFill_smk_donothing_dataframes" name="dataFrameFill_donothing"/>
    <testcase time="0.000999999999976353" classname="ds.dataFrameFill_smk_donothing_dataframes" name="dataFrameFill_donothing"/>
    <testcase time="0.00199999999995271" classname="ds.dataFrameFill_smk_donothing_dataframes" name="dataFrameFill_donothing"/>
    <testcase time="0.000999999999976353" classname="ds.dataFrameFill_smk_donothing_dataframes" name="dataFrameFill_donothing"/>
    <testcase time="0.000999999999976353" classname="ds.dataFrameFill_smk_donothing_dataframes" name="dataFrameFill_donothing"/>
    <testcase time="0.00100000000020373" classname="ds.dataFrameFill_smk_donothing_dataframes" name="dataFrameFill_donothing"/>
    <testcase time="0.000999999999976353" classname="ds.dataFrameFill_smk_donothing_dataframes" name="dataFrameFill_donothing"/>
    <testcase time="0.00199999999995271" classname="ds.dataFrameFill_smk_donothing_dataframes" name="dataFrameFill_donothing"/>
    <testcase time="0.000999999999976353" classname="ds.dataFrameFill_smk_donothing_dataframes" name="dataFrameFill_donothing"/>
    <testcase time="0.000999999999976353" classname="ds.dataFrameFill_smk_donothing_dataframes" name="dataFrameFill_donothing"/>
    <testcase time="0.000999999999976353" classname="ds.dataFrameFill_smk_donothing_dataframes" name="dataFrameFill_donothing"/>
    <testcase time="0.00199999999995271" classname="ds.dataFrameFill_smk_donothing_dataframes" name="dataFrameFill_donothing"/>
    <testcase time="0.000999999999976353" classname="ds.dataFrameFill_smk_donothing_dataframes" name="dataFrameFill_donothing"/>
    <testcase time="3.03400000000011" classname="ds.dataFrameFill_smk_donothing_dataframes" name="dataFrameFill_donothing"/>
  </testsuite>
  <testsuite name="ds.dataFrameFill::smk::extend unfilled dataframes" timestamp="2019-11-15T18:45:56Z" hostname="fv-az50" tests="26" skipped="0" failures="0" errors="0" time="12.906">
    <testcase time="7.85400000000004" classname="ds.dataFrameFill_smk_extend_unfilled_dataframes" name="dataFrameFill_exists"/>
    <testcase time="0.000999999999976353" classname="ds.dataFrameFill_smk_extend_unfilled_dataframes" name="dataFrameFill_exists"/>
    <testcase time="0.000999999999976353" classname="ds.dataFrameFill_smk_extend_unfilled_dataframes" name="dataFrameFill_exists"/>
    <testcase time="0.00199999999995271" classname="ds.dataFrameFill_smk_extend_unfilled_dataframes" name="dataFrameFill_exists"/>
    <testcase time="0.000999999999976353" classname="ds.dataFrameFill_smk_extend_unfilled_dataframes" name="dataFrameFill_exists"/>
    <testcase time="0.000999999999976353" classname="ds.dataFrameFill_smk_extend_unfilled_dataframes" name="dataFrameFill_exists"/>
    <testcase time="0.00200000000018008" classname="ds.dataFrameFill_smk_extend_unfilled_dataframes" name="dataFrameFill_exists"/>
    <testcase time="0.000999999999976353" classname="ds.dataFrameFill_smk_extend_unfilled_dataframes" name="dataFrameFill_exists"/>
    <testcase time="0.000999999999976353" classname="ds.dataFrameFill_smk_extend_unfilled_dataframes" name="dataFrameFill_exists"/>
    <testcase time="0.00199999999995271" classname="ds.dataFrameFill_smk_extend_unfilled_dataframes" name="dataFrameFill_exists"/>
    <testcase time="3.82600000000002" classname="ds.dataFrameFill_smk_extend_unfilled_dataframes" name="dataFrameFill_exists"/>
    <testcase time="0.000999999999976353" classname="ds.dataFrameFill_smk_extend_unfilled_dataframes" name="dataFrameFill_exists"/>
    <testcase time="0.00199999999995271" classname="ds.dataFrameFill_smk_extend_unfilled_dataframes" name="dataFrameFill_exists"/>
    <testcase time="1.19000000000005" classname="ds.dataFrameFill_smk_extend_unfilled_dataframes" name="dataFrameFill_exists"/>
    <testcase time="0.000999999999976353" classname="ds.dataFrameFill_smk_extend_unfilled_dataframes" name="dataFrameFill_exists"/>
    <testcase time="0.00199999999995271" classname="ds.dataFrameFill_smk_extend_unfilled_dataframes" name="dataFrameFill_exists"/>
    <testcase time="0.00200000000018008" classname="ds.dataFrameFill_smk_extend_unfilled_dataframes" name="dataFrameFill_exists"/>
    <testcase time="0.00199999999995271" classname="ds.dataFrameFill_smk_extend_unfilled_dataframes" name="dataFrameFill_exists"/>
    <testcase time="0.000999999999976353" classname="ds.dataFrameFill_smk_extend_unfilled_dataframes" name="dataFrameFill_exists"/>
    <testcase time="0.00199999999995271" classname="ds.dataFrameFill_smk_extend_unfilled_dataframes" name="dataFrameFill_exists"/>
    <testcase time="0.00199999999995271" classname="ds.dataFrameFill_smk_extend_unfilled_dataframes" name="dataFrameFill_exists"/>
    <testcase time="0.00199999999995271" classname="ds.dataFrameFill_smk_extend_unfilled_dataframes" name="dataFrameFill_exists"/>
    <testcase time="0.00100000000020373" classname="ds.dataFrameFill_smk_extend_unfilled_dataframes" name="dataFrameFill_exists"/>
    <testcase time="0.00199999999995271" classname="ds.dataFrameFill_smk_extend_unfilled_dataframes" name="dataFrameFill_exists"/>
    <testcase time="0.00199999999995271" classname="ds.dataFrameFill_smk_extend_unfilled_dataframes" name="dataFrameFill_exists"/>
    <testcase time="0.00199999999995271" classname="ds.dataFrameFill_smk_extend_unfilled_dataframes" name="dataFrameFill_exists"/>
  </testsuite>
  <testsuite name="ds.dataFrame::smk::create a dataframe" timestamp="2019-11-15T18:46:08Z" hostname="fv-az50" tests="3" skipped="0" failures="0" errors="0" time="8.256">
    <testcase time="8.25199999999995" classname="ds.dataFrame_smk_create_a_dataframe" name="dataframe_exists"/>
    <testcase time="0.00200000000018008" classname="ds.dataFrame_smk_create_a_dataframe" name="dataframe_exists"/>
    <testcase time="0.00199999999995271" classname="ds.dataFrame_smk_create_a_dataframe" name="dataframe_exists"/>
  </testsuite>
  <testsuite name="ds.dataFrame::smk::create a dataframe, with DataSHIELD.checks" timestamp="2019-11-15T18:46:10Z" hostname="fv-az50" tests="3" skipped="0" failures="0" errors="0" time="3.447">
    <testcase time="3.44399999999996" classname="ds.dataFrame_smk_create_a_dataframe_with_DataSHIELD.checks" name="dataframe_exists_with_DataSHIELD.checks"/>
    <testcase time="0.000999999999976353" classname="ds.dataFrame_smk_create_a_dataframe_with_DataSHIELD.checks" name="dataframe_exists_with_DataSHIELD.checks"/>
    <testcase time="0.00199999999995271" classname="ds.dataFrame_smk_create_a_dataframe_with_DataSHIELD.checks" name="dataframe_exists_with_DataSHIELD.checks"/>
  </testsuite>
  <testsuite name="ds.dataFrameSort::smk::create a sorted dataframe" timestamp="2019-11-15T18:46:20Z" hostname="fv-az50" tests="3" skipped="0" failures="0" errors="0" time="8.765">
    <testcase time="8.76200000000017" classname="ds.dataFrameSort_smk_create_a_sorted_dataframe" name="dataFrameSort_exists"/>
    <testcase time="0.00199999999995271" classname="ds.dataFrameSort_smk_create_a_sorted_dataframe" name="dataFrameSort_exists"/>
    <testcase time="0.000999999999976353" classname="ds.dataFrameSort_smk_create_a_sorted_dataframe" name="dataFrameSort_exists"/>
  </testsuite>
  <testsuite name="ds.dataFrameSubset::smk::create a subset dataframe" timestamp="2019-11-15T18:46:29Z" hostname="fv-az50" tests="3" skipped="0" failures="0" errors="0" time="9.771">
    <testcase time="9.76800000000003" classname="ds.dataFrameSubset_smk_create_a_subset_dataframe" name="dataFrameSubset_exists"/>
    <testcase time="0.00199999999995271" classname="ds.dataFrameSubset_smk_create_a_subset_dataframe" name="dataFrameSubset_exists"/>
    <testcase time="0.000999999999976353" classname="ds.dataFrameSubset_smk_create_a_subset_dataframe" name="dataFrameSubset_exists"/>
  </testsuite>
  <testsuite name="ds.dim::smk" timestamp="2019-11-15T18:46:39Z" hostname="fv-az50" tests="13" skipped="0" failures="0" errors="0" time="7.014">
    <testcase time="6.99700000000007" classname="ds.dim_smk" name="simple_dim_both"/>
    <testcase time="0.000999999999976353" classname="ds.dim_smk" name="simple_dim_both"/>
    <testcase time="0.00199999999995271" classname="ds.dim_smk" name="simple_dim_both"/>
    <testcase time="0.000999999999976353" classname="ds.dim_smk" name="simple_dim_both"/>
    <testcase time="0.000999999999976353" classname="ds.dim_smk" name="simple_dim_both"/>
    <testcase time="0.00199999999995271" classname="ds.dim_smk" name="simple_dim_both"/>
    <testcase time="0.00100000000020373" classname="ds.dim_smk" name="simple_dim_both"/>
    <testcase time="0.00199999999995271" classname="ds.dim_smk" name="simple_dim_both"/>
    <testcase time="0.000999999999976353" classname="ds.dim_smk" name="simple_dim_both"/>
    <testcase time="0.00199999999995271" classname="ds.dim_smk" name="simple_dim_both"/>
    <testcase time="0.000999999999976353" classname="ds.dim_smk" name="simple_dim_both"/>
    <testcase time="0.00199999999995271" classname="ds.dim_smk" name="simple_dim_both"/>
    <testcase time="0.00100000000020373" classname="ds.dim_smk" name="simple_dim_both"/>
  </testsuite>
  <testsuite name="ds.dim::smk" timestamp="2019-11-15T18:46:39Z" hostname="fv-az50" tests="10" skipped="0" failures="0" errors="0" time="0.274">
    <testcase time="0.261999999999944" classname="ds.dim_smk" name="simple_dim_split"/>
    <testcase time="0.00199999999995271" classname="ds.dim_smk" name="simple_dim_split"/>
    <testcase time="0.000999999999976353" classname="ds.dim_smk" name="simple_dim_split"/>
    <testcase time="0.000999999999976353" classname="ds.dim_smk" name="simple_dim_split"/>
    <testcase time="0.000999999999976353" classname="ds.dim_smk" name="simple_dim_split"/>
    <testcase time="0.00100000000020373" classname="ds.dim_smk" name="simple_dim_split"/>
    <testcase time="0.00199999999995271" classname="ds.dim_smk" name="simple_dim_split"/>
    <testcase time="0.000999999999976353" classname="ds.dim_smk" name="simple_dim_split"/>
    <testcase time="0.00199999999995271" classname="ds.dim_smk" name="simple_dim_split"/>
    <testcase time="0.000999999999976353" classname="ds.dim_smk" name="simple_dim_split"/>
  </testsuite>
  <testsuite name="ds.dim::smk" timestamp="2019-11-15T18:46:39Z" hostname="fv-az50" tests="4" skipped="0" failures="0" errors="0" time="0.266">
    <testcase time="0.261999999999944" classname="ds.dim_smk" name="simple_dim_combine"/>
    <testcase time="0.000999999999976353" classname="ds.dim_smk" name="simple_dim_combine"/>
    <testcase time="0.00200000000018008" classname="ds.dim_smk" name="simple_dim_combine"/>
    <testcase time="0.000999999999976353" classname="ds.dim_smk" name="simple_dim_combine"/>
  </testsuite>
  <testsuite name="ds.exists::smk" timestamp="2019-11-15T18:46:46Z" hostname="fv-az50" tests="7" skipped="0" failures="0" errors="0" time="7.035">
    <testcase time="7.029" classname="ds.exists_smk" name="simple_exists"/>
    <testcase time="0.000999999999976353" classname="ds.exists_smk" name="simple_exists"/>
    <testcase time="0.000999999999976353" classname="ds.exists_smk" name="simple_exists"/>
    <testcase time="0.000999999999976353" classname="ds.exists_smk" name="simple_exists"/>
    <testcase time="0.000999999999976353" classname="ds.exists_smk" name="simple_exists"/>
    <testcase time="0.000999999999976353" classname="ds.exists_smk" name="simple_exists"/>
    <testcase time="0.000999999999976353" classname="ds.exists_smk" name="simple_exists"/>
  </testsuite>
  <testsuite name="ds.exists::smk" timestamp="2019-11-15T18:46:47Z" hostname="fv-az50" tests="7" skipped="0" failures="0" errors="0" time="0.823">
    <testcase time="0.816000000000031" classname="ds.exists_smk" name="simple_exists"/>
    <testcase time="0.000999999999976353" classname="ds.exists_smk" name="simple_exists"/>
    <testcase time="0.00100000000020373" classname="ds.exists_smk" name="simple_exists"/>
    <testcase time="0.00199999999995271" classname="ds.exists_smk" name="simple_exists"/>
    <testcase time="0.000999999999976353" classname="ds.exists_smk" name="simple_exists"/>
    <testcase time="0.000999999999976353" classname="ds.exists_smk" name="simple_exists"/>
    <testcase time="0.000999999999976353" classname="ds.exists_smk" name="simple_exists"/>
  </testsuite>
  <testsuite name="ds.exp::smk" timestamp="2019-11-15T18:46:54Z" hostname="fv-az50" tests="30" skipped="0" failures="0" errors="0" time="11.96">
    <testcase time="8.06799999999998" classname="ds.exp_smk" name="simple_exp"/>
    <testcase time="0.251999999999953" classname="ds.exp_smk" name="simple_exp"/>
    <testcase time="0.000999999999976353" classname="ds.exp_smk" name="simple_exp"/>
    <testcase time="0.00100000000020373" classname="ds.exp_smk" name="simple_exp"/>
    <testcase time="0.000999999999976353" classname="ds.exp_smk" name="simple_exp"/>
    <testcase time="0.000999999999976353" classname="ds.exp_smk" name="simple_exp"/>
    <testcase time="0.000999999999976353" classname="ds.exp_smk" name="simple_exp"/>
    <testcase time="0.000999999999976353" classname="ds.exp_smk" name="simple_exp"/>
    <testcase time="0.508000000000038" classname="ds.exp_smk" name="simple_exp"/>
    <testcase time="0.00199999999995271" classname="ds.exp_smk" name="simple_exp"/>
    <testcase time="0.000999999999976353" classname="ds.exp_smk" name="simple_exp"/>
    <testcase time="0.000999999999976353" classname="ds.exp_smk" name="simple_exp"/>
    <testcase time="0.000999999999976353" classname="ds.exp_smk" name="simple_exp"/>
    <testcase time="0.00200000000018008" classname="ds.exp_smk" name="simple_exp"/>
    <testcase time="0.000999999999976353" classname="ds.exp_smk" name="simple_exp"/>
    <testcase time="2.32099999999991" classname="ds.exp_smk" name="simple_exp"/>
    <testcase time="0.259000000000015" classname="ds.exp_smk" name="simple_exp"/>
    <testcase time="0.0150000000001" classname="ds.exp_smk" name="simple_exp"/>
    <testcase time="0.000999999999976353" classname="ds.exp_smk" name="simple_exp"/>
    <testcase time="0.00199999999995271" classname="ds.exp_smk" name="simple_exp"/>
    <testcase time="0.000999999999976353" classname="ds.exp_smk" name="simple_exp"/>
    <testcase time="0.00199999999995271" classname="ds.exp_smk" name="simple_exp"/>
    <testcase time="0.000999999999976353" classname="ds.exp_smk" name="simple_exp"/>
    <testcase time="0.507000000000062" classname="ds.exp_smk" name="simple_exp"/>
    <testcase time="0.00199999999995271" classname="ds.exp_smk" name="simple_exp"/>
    <testcase time="0.000999999999976353" classname="ds.exp_smk" name="simple_exp"/>
    <testcase time="0.00200000000018008" classname="ds.exp_smk" name="simple_exp"/>
    <testcase time="0.000999999999976353" classname="ds.exp_smk" name="simple_exp"/>
    <testcase time="0.00199999999995271" classname="ds.exp_smk" name="simple_exp"/>
    <testcase time="0.000999999999976353" classname="ds.exp_smk" name="simple_exp"/>
  </testsuite>
  <testsuite name="ds.glm::smk::binomial" timestamp="2019-11-15T18:47:06Z" hostname="fv-az50" tests="20" skipped="0" failures="0" errors="0" time="9.059">
    <testcase time="9.02999999999997" classname="ds.glm_smk_binomial" name="glm_binomial"/>
    <testcase time="0.000999999999976353" classname="ds.glm_smk_binomial" name="glm_binomial"/>
    <testcase time="0.00200000000018008" classname="ds.glm_smk_binomial" name="glm_binomial"/>
    <testcase time="0.000999999999976353" classname="ds.glm_smk_binomial" name="glm_binomial"/>
    <testcase time="0.000999999999976353" classname="ds.glm_smk_binomial" name="glm_binomial"/>
    <testcase time="0.00199999999995271" classname="ds.glm_smk_binomial" name="glm_binomial"/>
    <testcase time="0.000999999999976353" classname="ds.glm_smk_binomial" name="glm_binomial"/>
    <testcase time="0.00199999999995271" classname="ds.glm_smk_binomial" name="glm_binomial"/>
    <testcase time="0.000999999999976353" classname="ds.glm_smk_binomial" name="glm_binomial"/>
    <testcase time="0.00200000000018008" classname="ds.glm_smk_binomial" name="glm_binomial"/>
    <testcase time="0.000999999999976353" classname="ds.glm_smk_binomial" name="glm_binomial"/>
    <testcase time="0.00199999999995271" classname="ds.glm_smk_binomial" name="glm_binomial"/>
    <testcase time="0.000999999999976353" classname="ds.glm_smk_binomial" name="glm_binomial"/>
    <testcase time="0.00199999999995271" classname="ds.glm_smk_binomial" name="glm_binomial"/>
    <testcase time="0.000999999999976353" classname="ds.glm_smk_binomial" name="glm_binomial"/>
    <testcase time="0.00199999999995271" classname="ds.glm_smk_binomial" name="glm_binomial"/>
    <testcase time="0.00200000000018008" classname="ds.glm_smk_binomial" name="glm_binomial"/>
    <testcase time="0.000999999999976353" classname="ds.glm_smk_binomial" name="glm_binomial"/>
    <testcase time="0.00199999999995271" classname="ds.glm_smk_binomial" name="glm_binomial"/>
    <testcase time="0.00199999999995271" classname="ds.glm_smk_binomial" name="glm_binomial"/>
  </testsuite>
  <testsuite name="ds.glm::smk::binomial, with check" timestamp="2019-11-15T18:47:08Z" hostname="fv-az50" tests="21" skipped="0" failures="0" errors="0" time="10.908">
    <testcase time="10.8780000000002" classname="ds.glm_smk_binomial_with_check" name="glm_binomial_with_check"/>
    <testcase time="0.00199999999995271" classname="ds.glm_smk_binomial_with_check" name="glm_binomial_with_check"/>
    <testcase time="0.000999999999976353" classname="ds.glm_smk_binomial_with_check" name="glm_binomial_with_check"/>
    <testcase time="0.000999999999976353" classname="ds.glm_smk_binomial_with_check" name="glm_binomial_with_check"/>
    <testcase time="0.00199999999995271" classname="ds.glm_smk_binomial_with_check" name="glm_binomial_with_check"/>
    <testcase time="0.000999999999976353" classname="ds.glm_smk_binomial_with_check" name="glm_binomial_with_check"/>
    <testcase time="0.00199999999995271" classname="ds.glm_smk_binomial_with_check" name="glm_binomial_with_check"/>
    <testcase time="0.00100000000020373" classname="ds.glm_smk_binomial_with_check" name="glm_binomial_with_check"/>
    <testcase time="0.000999999999976353" classname="ds.glm_smk_binomial_with_check" name="glm_binomial_with_check"/>
    <testcase time="0.00199999999995271" classname="ds.glm_smk_binomial_with_check" name="glm_binomial_with_check"/>
    <testcase time="0.000999999999976353" classname="ds.glm_smk_binomial_with_check" name="glm_binomial_with_check"/>
    <testcase time="0.00199999999995271" classname="ds.glm_smk_binomial_with_check" name="glm_binomial_with_check"/>
    <testcase time="0.000999999999976353" classname="ds.glm_smk_binomial_with_check" name="glm_binomial_with_check"/>
    <testcase time="0.00200000000018008" classname="ds.glm_smk_binomial_with_check" name="glm_binomial_with_check"/>
    <testcase time="0.000999999999976353" classname="ds.glm_smk_binomial_with_check" name="glm_binomial_with_check"/>
    <testcase time="0.00199999999995271" classname="ds.glm_smk_binomial_with_check" name="glm_binomial_with_check"/>
    <testcase time="0.000999999999976353" classname="ds.glm_smk_binomial_with_check" name="glm_binomial_with_check"/>
    <testcase time="0.00199999999995271" classname="ds.glm_smk_binomial_with_check" name="glm_binomial_with_check"/>
    <testcase time="0.000999999999976353" classname="ds.glm_smk_binomial_with_check" name="glm_binomial_with_check"/>
    <testcase time="0.00199999999995271" classname="ds.glm_smk_binomial_with_check" name="glm_binomial_with_check"/>
    <testcase time="0.00200000000018008" classname="ds.glm_smk_binomial_with_check" name="glm_binomial_with_check"/>
  </testsuite>
  <testsuite name="ds.glm::smk::gaussian" timestamp="2019-11-15T18:47:26Z" hostname="fv-az50" tests="20" skipped="0" failures="0" errors="0" time="8.019">
    <testcase time="7.99299999999994" classname="ds.glm_smk_gaussian" name="glm_gaussian"/>
    <testcase time="0.00199999999995271" classname="ds.glm_smk_gaussian" name="glm_gaussian"/>
    <testcase time="0.000999999999976353" classname="ds.glm_smk_gaussian" name="glm_gaussian"/>
    <testcase time="0.000999999999976353" classname="ds.glm_smk_gaussian" name="glm_gaussian"/>
    <testcase time="0.000999999999976353" classname="ds.glm_smk_gaussian" name="glm_gaussian"/>
    <testcase time="0.000999999999976353" classname="ds.glm_smk_gaussian" name="glm_gaussian"/>
    <testcase time="0.000999999999976353" classname="ds.glm_smk_gaussian" name="glm_gaussian"/>
    <testcase time="0.00199999999995271" classname="ds.glm_smk_gaussian" name="glm_gaussian"/>
    <testcase time="0.000999999999976353" classname="ds.glm_smk_gaussian" name="glm_gaussian"/>
    <testcase time="0.000999999999976353" classname="ds.glm_smk_gaussian" name="glm_gaussian"/>
    <testcase time="0.00199999999995271" classname="ds.glm_smk_gaussian" name="glm_gaussian"/>
    <testcase time="0.000999999999976353" classname="ds.glm_smk_gaussian" name="glm_gaussian"/>
    <testcase time="0.00100000000020373" classname="ds.glm_smk_gaussian" name="glm_gaussian"/>
    <testcase time="0.00199999999995271" classname="ds.glm_smk_gaussian" name="glm_gaussian"/>
    <testcase time="0.000999999999976353" classname="ds.glm_smk_gaussian" name="glm_gaussian"/>
    <testcase time="0.00199999999995271" classname="ds.glm_smk_gaussian" name="glm_gaussian"/>
    <testcase time="0.000999999999976353" classname="ds.glm_smk_gaussian" name="glm_gaussian"/>
    <testcase time="0.00199999999995271" classname="ds.glm_smk_gaussian" name="glm_gaussian"/>
    <testcase time="0.00100000000020373" classname="ds.glm_smk_gaussian" name="glm_gaussian"/>
    <testcase time="0.00199999999995271" classname="ds.glm_smk_gaussian" name="glm_gaussian"/>
  </testsuite>
  <testsuite name="ds.glm::smk::gaussian, with check" timestamp="2019-11-15T18:47:27Z" hostname="fv-az50" tests="21" skipped="0" failures="0" errors="0" time="5.461">
    <testcase time="5.43299999999999" classname="ds.glm_smk_gaussian_with_check" name="glm_gaussian_with_check"/>
    <testcase time="0.000999999999976353" classname="ds.glm_smk_gaussian_with_check" name="glm_gaussian_with_check"/>
    <testcase time="0.000999999999976353" classname="ds.glm_smk_gaussian_with_check" name="glm_gaussian_with_check"/>
    <testcase time="0.00199999999995271" classname="ds.glm_smk_gaussian_with_check" name="glm_gaussian_with_check"/>
    <testcase time="0.000999999999976353" classname="ds.glm_smk_gaussian_with_check" name="glm_gaussian_with_check"/>
    <testcase time="0.000999999999976353" classname="ds.glm_smk_gaussian_with_check" name="glm_gaussian_with_check"/>
    <testcase time="0.00200000000018008" classname="ds.glm_smk_gaussian_with_check" name="glm_gaussian_with_check"/>
    <testcase time="0.000999999999976353" classname="ds.glm_smk_gaussian_with_check" name="glm_gaussian_with_check"/>
    <testcase time="0.00199999999995271" classname="ds.glm_smk_gaussian_with_check" name="glm_gaussian_with_check"/>
    <testcase time="0.000999999999976353" classname="ds.glm_smk_gaussian_with_check" name="glm_gaussian_with_check"/>
    <testcase time="0.000999999999976353" classname="ds.glm_smk_gaussian_with_check" name="glm_gaussian_with_check"/>
    <testcase time="0.00199999999995271" classname="ds.glm_smk_gaussian_with_check" name="glm_gaussian_with_check"/>
    <testcase time="0.000999999999976353" classname="ds.glm_smk_gaussian_with_check" name="glm_gaussian_with_check"/>
    <testcase time="0.00200000000018008" classname="ds.glm_smk_gaussian_with_check" name="glm_gaussian_with_check"/>
    <testcase time="0.000999999999976353" classname="ds.glm_smk_gaussian_with_check" name="glm_gaussian_with_check"/>
    <testcase time="0.000999999999976353" classname="ds.glm_smk_gaussian_with_check" name="glm_gaussian_with_check"/>
    <testcase time="0.00199999999995271" classname="ds.glm_smk_gaussian_with_check" name="glm_gaussian_with_check"/>
    <testcase time="0.000999999999976353" classname="ds.glm_smk_gaussian_with_check" name="glm_gaussian_with_check"/>
    <testcase time="0.00199999999995271" classname="ds.glm_smk_gaussian_with_check" name="glm_gaussian_with_check"/>
    <testcase time="0.00200000000018008" classname="ds.glm_smk_gaussian_with_check" name="glm_gaussian_with_check"/>
    <testcase time="0.000999999999976353" classname="ds.glm_smk_gaussian_with_check" name="glm_gaussian_with_check"/>
  </testsuite>
  <testsuite name="ds.glm::smk::poisson" timestamp="2019-11-15T18:47:39Z" hostname="fv-az50" tests="20" skipped="0" failures="0" errors="0" time="8.835">
    <testcase time="8.80899999999997" classname="ds.glm_smk_poisson" name="glm_gaussian"/>
    <testcase time="0.00199999999995271" classname="ds.glm_smk_poisson" name="glm_gaussian"/>
    <testcase time="0.000999999999976353" classname="ds.glm_smk_poisson" name="glm_gaussian"/>
    <testcase time="0.000999999999976353" classname="ds.glm_smk_poisson" name="glm_gaussian"/>
    <testcase time="0.000999999999976353" classname="ds.glm_smk_poisson" name="glm_gaussian"/>
    <testcase time="0.00200000000018008" classname="ds.glm_smk_poisson" name="glm_gaussian"/>
    <testcase time="0.000999999999976353" classname="ds.glm_smk_poisson" name="glm_gaussian"/>
    <testcase time="0.000999999999976353" classname="ds.glm_smk_poisson" name="glm_gaussian"/>
    <testcase time="0.000999999999976353" classname="ds.glm_smk_poisson" name="glm_gaussian"/>
    <testcase time="0.00199999999995271" classname="ds.glm_smk_poisson" name="glm_gaussian"/>
    <testcase time="0.000999999999976353" classname="ds.glm_smk_poisson" name="glm_gaussian"/>
    <testcase time="0.000999999999976353" classname="ds.glm_smk_poisson" name="glm_gaussian"/>
    <testcase time="0.00199999999995271" classname="ds.glm_smk_poisson" name="glm_gaussian"/>
    <testcase time="0.00100000000020373" classname="ds.glm_smk_poisson" name="glm_gaussian"/>
    <testcase time="0.000999999999976353" classname="ds.glm_smk_poisson" name="glm_gaussian"/>
    <testcase time="0.00199999999995271" classname="ds.glm_smk_poisson" name="glm_gaussian"/>
    <testcase time="0.000999999999976353" classname="ds.glm_smk_poisson" name="glm_gaussian"/>
    <testcase time="0.00199999999995271" classname="ds.glm_smk_poisson" name="glm_gaussian"/>
    <testcase time="0.000999999999976353" classname="ds.glm_smk_poisson" name="glm_gaussian"/>
    <testcase time="0.00200000000018008" classname="ds.glm_smk_poisson" name="glm_gaussian"/>
  </testsuite>
  <testsuite name="ds.glm::smk::poisson, with check" timestamp="2019-11-15T18:47:42Z" hostname="fv-az50" tests="21" skipped="0" failures="0" errors="0" time="8.422">
    <testcase time="8.39499999999998" classname="ds.glm_smk_poisson_with_check" name="glm_gaussian_which_check"/>
    <testcase time="0.00199999999995271" classname="ds.glm_smk_poisson_with_check" name="glm_gaussian_which_check"/>
    <testcase time="0.00199999999995271" classname="ds.glm_smk_poisson_with_check" name="glm_gaussian_which_check"/>
    <testcase time="0.000999999999976353" classname="ds.glm_smk_poisson_with_check" name="glm_gaussian_which_check"/>
    <testcase time="0.000999999999976353" classname="ds.glm_smk_poisson_with_check" name="glm_gaussian_which_check"/>
    <testcase time="0.000999999999976353" classname="ds.glm_smk_poisson_with_check" name="glm_gaussian_which_check"/>
    <testcase time="0.00200000000018008" classname="ds.glm_smk_poisson_with_check" name="glm_gaussian_which_check"/>
    <testcase time="0.000999999999976353" classname="ds.glm_smk_poisson_with_check" name="glm_gaussian_which_check"/>
    <testcase time="0.000999999999976353" classname="ds.glm_smk_poisson_with_check" name="glm_gaussian_which_check"/>
    <testcase time="0.00199999999995271" classname="ds.glm_smk_poisson_with_check" name="glm_gaussian_which_check"/>
    <testcase time="0.000999999999976353" classname="ds.glm_smk_poisson_with_check" name="glm_gaussian_which_check"/>
    <testcase time="0.000999999999976353" classname="ds.glm_smk_poisson_with_check" name="glm_gaussian_which_check"/>
    <testcase time="0.00199999999995271" classname="ds.glm_smk_poisson_with_check" name="glm_gaussian_which_check"/>
    <testcase time="0.000999999999976353" classname="ds.glm_smk_poisson_with_check" name="glm_gaussian_which_check"/>
    <testcase time="0.00100000000020373" classname="ds.glm_smk_poisson_with_check" name="glm_gaussian_which_check"/>
    <testcase time="0.000999999999976353" classname="ds.glm_smk_poisson_with_check" name="glm_gaussian_which_check"/>
    <testcase time="0.000999999999976353" classname="ds.glm_smk_poisson_with_check" name="glm_gaussian_which_check"/>
    <testcase time="0.00199999999995271" classname="ds.glm_smk_poisson_with_check" name="glm_gaussian_which_check"/>
    <testcase time="0.000999999999976353" classname="ds.glm_smk_poisson_with_check" name="glm_gaussian_which_check"/>
    <testcase time="0.00199999999995271" classname="ds.glm_smk_poisson_with_check" name="glm_gaussian_which_check"/>
    <testcase time="0.00100000000020373" classname="ds.glm_smk_poisson_with_check" name="glm_gaussian_which_check"/>
  </testsuite>
  <testsuite name="ds.glmSLMA::smk::gaussian" timestamp="2019-11-15T18:47:57Z" hostname="fv-az50" tests="43" skipped="0" failures="0" errors="0" time="8.995">
    <testcase time="8.91699999999992" classname="ds.glmSLMA_smk_gaussian" name="simple_glmSLMA_gaussian"/>
    <testcase time="0.000999999999976353" classname="ds.glmSLMA_smk_gaussian" name="simple_glmSLMA_gaussian"/>
    <testcase time="0.000999999999976353" classname="ds.glmSLMA_smk_gaussian" name="simple_glmSLMA_gaussian"/>
    <testcase time="0.000999999999976353" classname="ds.glmSLMA_smk_gaussian" name="simple_glmSLMA_gaussian"/>
    <testcase time="0.00199999999995271" classname="ds.glmSLMA_smk_gaussian" name="simple_glmSLMA_gaussian"/>
    <testcase time="0.00100000000020373" classname="ds.glmSLMA_smk_gaussian" name="simple_glmSLMA_gaussian"/>
    <testcase time="0.000999999999976353" classname="ds.glmSLMA_smk_gaussian" name="simple_glmSLMA_gaussian"/>
    <testcase time="0.000999999999976353" classname="ds.glmSLMA_smk_gaussian" name="simple_glmSLMA_gaussian"/>
    <testcase time="0.000999999999976353" classname="ds.glmSLMA_smk_gaussian" name="simple_glmSLMA_gaussian"/>
    <testcase time="0.000999999999976353" classname="ds.glmSLMA_smk_gaussian" name="simple_glmSLMA_gaussian"/>
    <testcase time="0.00199999999995271" classname="ds.glmSLMA_smk_gaussian" name="simple_glmSLMA_gaussian"/>
    <testcase time="0.00100000000020373" classname="ds.glmSLMA_smk_gaussian" name="simple_glmSLMA_gaussian"/>
    <testcase time="0.00199999999995271" classname="ds.glmSLMA_smk_gaussian" name="simple_glmSLMA_gaussian"/>
    <testcase time="0.00199999999995271" classname="ds.glmSLMA_smk_gaussian" name="simple_glmSLMA_gaussian"/>
    <testcase time="0.000999999999976353" classname="ds.glmSLMA_smk_gaussian" name="simple_glmSLMA_gaussian"/>
    <testcase time="0.00199999999995271" classname="ds.glmSLMA_smk_gaussian" name="simple_glmSLMA_gaussian"/>
    <testcase time="0.00199999999995271" classname="ds.glmSLMA_smk_gaussian" name="simple_glmSLMA_gaussian"/>
    <testcase time="0.00200000000018008" classname="ds.glmSLMA_smk_gaussian" name="simple_glmSLMA_gaussian"/>
    <testcase time="0.00199999999995271" classname="ds.glmSLMA_smk_gaussian" name="simple_glmSLMA_gaussian"/>
    <testcase time="0.00199999999995271" classname="ds.glmSLMA_smk_gaussian" name="simple_glmSLMA_gaussian"/>
    <testcase time="0.00199999999995271" classname="ds.glmSLMA_smk_gaussian" name="simple_glmSLMA_gaussian"/>
    <testcase time="0.00200000000018008" classname="ds.glmSLMA_smk_gaussian" name="simple_glmSLMA_gaussian"/>
    <testcase time="0.00199999999995271" classname="ds.glmSLMA_smk_gaussian" name="simple_glmSLMA_gaussian"/>
    <testcase time="0.00199999999995271" classname="ds.glmSLMA_smk_gaussian" name="simple_glmSLMA_gaussian"/>
    <testcase time="0.00199999999995271" classname="ds.glmSLMA_smk_gaussian" name="simple_glmSLMA_gaussian"/>
    <testcase time="0.00199999999995271" classname="ds.glmSLMA_smk_gaussian" name="simple_glmSLMA_gaussian"/>
    <testcase time="0.00200000000018008" classname="ds.glmSLMA_smk_gaussian" name="simple_glmSLMA_gaussian"/>
    <testcase time="0.00199999999995271" classname="ds.glmSLMA_smk_gaussian" name="simple_glmSLMA_gaussian"/>
    <testcase time="0.00199999999995271" classname="ds.glmSLMA_smk_gaussian" name="simple_glmSLMA_gaussian"/>
    <testcase time="0.00199999999995271" classname="ds.glmSLMA_smk_gaussian" name="simple_glmSLMA_gaussian"/>
    <testcase time="0.00199999999995271" classname="ds.glmSLMA_smk_gaussian" name="simple_glmSLMA_gaussian"/>
    <testcase time="0.00200000000018008" classname="ds.glmSLMA_smk_gaussian" name="simple_glmSLMA_gaussian"/>
    <testcase time="0.00199999999995271" classname="ds.glmSLMA_smk_gaussian" name="simple_glmSLMA_gaussian"/>
    <testcase time="0.00299999999992906" classname="ds.glmSLMA_smk_gaussian" name="simple_glmSLMA_gaussian"/>
    <testcase time="0.00199999999995271" classname="ds.glmSLMA_smk_gaussian" name="simple_glmSLMA_gaussian"/>
    <testcase time="0.00200000000018008" classname="ds.glmSLMA_smk_gaussian" name="simple_glmSLMA_gaussian"/>
    <testcase time="0.00299999999992906" classname="ds.glmSLMA_smk_gaussian" name="simple_glmSLMA_gaussian"/>
    <testcase time="0.00199999999995271" classname="ds.glmSLMA_smk_gaussian" name="simple_glmSLMA_gaussian"/>
    <testcase time="0.00199999999995271" classname="ds.glmSLMA_smk_gaussian" name="simple_glmSLMA_gaussian"/>
    <testcase time="0.00300000000015643" classname="ds.glmSLMA_smk_gaussian" name="simple_glmSLMA_gaussian"/>
    <testcase time="0.00199999999995271" classname="ds.glmSLMA_smk_gaussian" name="simple_glmSLMA_gaussian"/>
    <testcase time="0.00299999999992906" classname="ds.glmSLMA_smk_gaussian" name="simple_glmSLMA_gaussian"/>
    <testcase time="0.00199999999995271" classname="ds.glmSLMA_smk_gaussian" name="simple_glmSLMA_gaussian"/>
  </testsuite>
  <testsuite name="ds.glmSLMA::smk::binomial" timestamp="2019-11-15T18:47:59Z" hostname="fv-az50" tests="40" skipped="0" failures="0" errors="0" time="5.387">
    <testcase time="5.31500000000005" classname="ds.glmSLMA_smk_binomial" name="simple_glmSLMA_binomial"/>
    <testcase time="0.00199999999995271" classname="ds.glmSLMA_smk_binomial" name="simple_glmSLMA_binomial"/>
    <testcase time="0.000999999999976353" classname="ds.glmSLMA_smk_binomial" name="simple_glmSLMA_binomial"/>
    <testcase time="0.00200000000018008" classname="ds.glmSLMA_smk_binomial" name="simple_glmSLMA_binomial"/>
    <testcase time="0.000999999999976353" classname="ds.glmSLMA_smk_binomial" name="simple_glmSLMA_binomial"/>
    <testcase time="0.00199999999995271" classname="ds.glmSLMA_smk_binomial" name="simple_glmSLMA_binomial"/>
    <testcase time="0.000999999999976353" classname="ds.glmSLMA_smk_binomial" name="simple_glmSLMA_binomial"/>
    <testcase time="0.00199999999995271" classname="ds.glmSLMA_smk_binomial" name="simple_glmSLMA_binomial"/>
    <testcase time="0.000999999999976353" classname="ds.glmSLMA_smk_binomial" name="simple_glmSLMA_binomial"/>
    <testcase time="0.00200000000018008" classname="ds.glmSLMA_smk_binomial" name="simple_glmSLMA_binomial"/>
    <testcase time="0.000999999999976353" classname="ds.glmSLMA_smk_binomial" name="simple_glmSLMA_binomial"/>
    <testcase time="0.00199999999995271" classname="ds.glmSLMA_smk_binomial" name="simple_glmSLMA_binomial"/>
    <testcase time="0.00199999999995271" classname="ds.glmSLMA_smk_binomial" name="simple_glmSLMA_binomial"/>
    <testcase time="0.000999999999976353" classname="ds.glmSLMA_smk_binomial" name="simple_glmSLMA_binomial"/>
    <testcase time="0.00199999999995271" classname="ds.glmSLMA_smk_binomial" name="simple_glmSLMA_binomial"/>
    <testcase time="0.00200000000018008" classname="ds.glmSLMA_smk_binomial" name="simple_glmSLMA_binomial"/>
    <testcase time="0.00199999999995271" classname="ds.glmSLMA_smk_binomial" name="simple_glmSLMA_binomial"/>
    <testcase time="0.000999999999976353" classname="ds.glmSLMA_smk_binomial" name="simple_glmSLMA_binomial"/>
    <testcase time="0.00199999999995271" classname="ds.glmSLMA_smk_binomial" name="simple_glmSLMA_binomial"/>
    <testcase time="0.00199999999995271" classname="ds.glmSLMA_smk_binomial" name="simple_glmSLMA_binomial"/>
    <testcase time="0.00199999999995271" classname="ds.glmSLMA_smk_binomial" name="simple_glmSLMA_binomial"/>
    <testcase time="0.00200000000018008" classname="ds.glmSLMA_smk_binomial" name="simple_glmSLMA_binomial"/>
    <testcase time="0.00199999999995271" classname="ds.glmSLMA_smk_binomial" name="simple_glmSLMA_binomial"/>
    <testcase time="0.00199999999995271" classname="ds.glmSLMA_smk_binomial" name="simple_glmSLMA_binomial"/>
    <testcase time="0.00199999999995271" classname="ds.glmSLMA_smk_binomial" name="simple_glmSLMA_binomial"/>
    <testcase time="0.00200000000018008" classname="ds.glmSLMA_smk_binomial" name="simple_glmSLMA_binomial"/>
    <testcase time="0.00199999999995271" classname="ds.glmSLMA_smk_binomial" name="simple_glmSLMA_binomial"/>
    <testcase time="0.00199999999995271" classname="ds.glmSLMA_smk_binomial" name="simple_glmSLMA_binomial"/>
    <testcase time="0.00199999999995271" classname="ds.glmSLMA_smk_binomial" name="simple_glmSLMA_binomial"/>
    <testcase time="0.00199999999995271" classname="ds.glmSLMA_smk_binomial" name="simple_glmSLMA_binomial"/>
    <testcase time="0.00200000000018008" classname="ds.glmSLMA_smk_binomial" name="simple_glmSLMA_binomial"/>
    <testcase time="0.00199999999995271" classname="ds.glmSLMA_smk_binomial" name="simple_glmSLMA_binomial"/>
    <testcase time="0.00199999999995271" classname="ds.glmSLMA_smk_binomial" name="simple_glmSLMA_binomial"/>
    <testcase time="0.00199999999995271" classname="ds.glmSLMA_smk_binomial" name="simple_glmSLMA_binomial"/>
    <testcase time="0.00199999999995271" classname="ds.glmSLMA_smk_binomial" name="simple_glmSLMA_binomial"/>
    <testcase time="0.00200000000018008" classname="ds.glmSLMA_smk_binomial" name="simple_glmSLMA_binomial"/>
    <testcase time="0.00299999999992906" classname="ds.glmSLMA_smk_binomial" name="simple_glmSLMA_binomial"/>
    <testcase time="0.00199999999995271" classname="ds.glmSLMA_smk_binomial" name="simple_glmSLMA_binomial"/>
    <testcase time="0.00199999999995271" classname="ds.glmSLMA_smk_binomial" name="simple_glmSLMA_binomial"/>
    <testcase time="0.00200000000018008" classname="ds.glmSLMA_smk_binomial" name="simple_glmSLMA_binomial"/>
  </testsuite>
  <testsuite name="ds.glmSLMA::smk::poisson" timestamp="2019-11-15T18:48:05Z" hostname="fv-az50" tests="43" skipped="0" failures="0" errors="0" time="1.463">
    <testcase time="1.39199999999983" classname="ds.glmSLMA_smk_poisson" name="simple_glmSLMA_poisson"/>
    <testcase time="0.000999999999976353" classname="ds.glmSLMA_smk_poisson" name="simple_glmSLMA_poisson"/>
    <testcase time="0.00200000000018008" classname="ds.glmSLMA_smk_poisson" name="simple_glmSLMA_poisson"/>
    <testcase time="0.000999999999976353" classname="ds.glmSLMA_smk_poisson" name="simple_glmSLMA_poisson"/>
    <testcase time="0.000999999999976353" classname="ds.glmSLMA_smk_poisson" name="simple_glmSLMA_poisson"/>
    <testcase time="0.000999999999976353" classname="ds.glmSLMA_smk_poisson" name="simple_glmSLMA_poisson"/>
    <testcase time="0.00199999999995271" classname="ds.glmSLMA_smk_poisson" name="simple_glmSLMA_poisson"/>
    <testcase time="0.000999999999976353" classname="ds.glmSLMA_smk_poisson" name="simple_glmSLMA_poisson"/>
    <testcase time="0.000999999999976353" classname="ds.glmSLMA_smk_poisson" name="simple_glmSLMA_poisson"/>
    <testcase time="0.000999999999976353" classname="ds.glmSLMA_smk_poisson" name="simple_glmSLMA_poisson"/>
    <testcase time="0.00200000000018008" classname="ds.glmSLMA_smk_poisson" name="simple_glmSLMA_poisson"/>
    <testcase time="0.000999999999976353" classname="ds.glmSLMA_smk_poisson" name="simple_glmSLMA_poisson"/>
    <testcase time="0.00199999999995271" classname="ds.glmSLMA_smk_poisson" name="simple_glmSLMA_poisson"/>
    <testcase time="0.000999999999976353" classname="ds.glmSLMA_smk_poisson" name="simple_glmSLMA_poisson"/>
    <testcase time="0.00199999999995271" classname="ds.glmSLMA_smk_poisson" name="simple_glmSLMA_poisson"/>
    <testcase time="0.000999999999976353" classname="ds.glmSLMA_smk_poisson" name="simple_glmSLMA_poisson"/>
    <testcase time="0.00200000000018008" classname="ds.glmSLMA_smk_poisson" name="simple_glmSLMA_poisson"/>
    <testcase time="0.000999999999976353" classname="ds.glmSLMA_smk_poisson" name="simple_glmSLMA_poisson"/>
    <testcase time="0.00199999999995271" classname="ds.glmSLMA_smk_poisson" name="simple_glmSLMA_poisson"/>
    <testcase time="0.000999999999976353" classname="ds.glmSLMA_smk_poisson" name="simple_glmSLMA_poisson"/>
    <testcase time="0.00199999999995271" classname="ds.glmSLMA_smk_poisson" name="simple_glmSLMA_poisson"/>
    <testcase time="0.00199999999995271" classname="ds.glmSLMA_smk_poisson" name="simple_glmSLMA_poisson"/>
    <testcase time="0.00200000000018008" classname="ds.glmSLMA_smk_poisson" name="simple_glmSLMA_poisson"/>
    <testcase time="0.000999999999976353" classname="ds.glmSLMA_smk_poisson" name="simple_glmSLMA_poisson"/>
    <testcase time="0.00199999999995271" classname="ds.glmSLMA_smk_poisson" name="simple_glmSLMA_poisson"/>
    <testcase time="0.00199999999995271" classname="ds.glmSLMA_smk_poisson" name="simple_glmSLMA_poisson"/>
    <testcase time="0.000999999999976353" classname="ds.glmSLMA_smk_poisson" name="simple_glmSLMA_poisson"/>
    <testcase time="0.00199999999995271" classname="ds.glmSLMA_smk_poisson" name="simple_glmSLMA_poisson"/>
    <testcase time="0.00200000000018008" classname="ds.glmSLMA_smk_poisson" name="simple_glmSLMA_poisson"/>
    <testcase time="0.00199999999995271" classname="ds.glmSLMA_smk_poisson" name="simple_glmSLMA_poisson"/>
    <testcase time="0.00199999999995271" classname="ds.glmSLMA_smk_poisson" name="simple_glmSLMA_poisson"/>
    <testcase time="0.00299999999992906" classname="ds.glmSLMA_smk_poisson" name="simple_glmSLMA_poisson"/>
    <testcase time="0.00200000000018008" classname="ds.glmSLMA_smk_poisson" name="simple_glmSLMA_poisson"/>
    <testcase time="0.000999999999976353" classname="ds.glmSLMA_smk_poisson" name="simple_glmSLMA_poisson"/>
    <testcase time="0.00199999999995271" classname="ds.glmSLMA_smk_poisson" name="simple_glmSLMA_poisson"/>
    <testcase time="0.00199999999995271" classname="ds.glmSLMA_smk_poisson" name="simple_glmSLMA_poisson"/>
    <testcase time="0.00299999999992906" classname="ds.glmSLMA_smk_poisson" name="simple_glmSLMA_poisson"/>
    <testcase time="0.00200000000018008" classname="ds.glmSLMA_smk_poisson" name="simple_glmSLMA_poisson"/>
    <testcase time="0.00199999999995271" classname="ds.glmSLMA_smk_poisson" name="simple_glmSLMA_poisson"/>
    <testcase time="0.00199999999995271" classname="ds.glmSLMA_smk_poisson" name="simple_glmSLMA_poisson"/>
    <testcase time="0.00199999999995271" classname="ds.glmSLMA_smk_poisson" name="simple_glmSLMA_poisson"/>
    <testcase time="0.00199999999995271" classname="ds.glmSLMA_smk_poisson" name="simple_glmSLMA_poisson"/>
    <testcase time="0.00200000000018008" classname="ds.glmSLMA_smk_poisson" name="simple_glmSLMA_poisson"/>
  </testsuite>
  <testsuite name="ds.isNA::smk" timestamp="2019-11-15T18:48:13Z" hostname="fv-az50" tests="3" skipped="0" failures="0" errors="0" time="8.622">
    <testcase time="8.61899999999991" classname="ds.isNA_smk" name="isNA"/>
    <testcase time="0.00199999999995271" classname="ds.isNA_smk" name="isNA"/>
    <testcase time="0.000999999999976353" classname="ds.isNA_smk" name="isNA"/>
  </testsuite>
  <testsuite name="ds.isValid::smk" timestamp="2019-11-15T18:48:21Z" hostname="fv-az50" tests="7" skipped="0" failures="0" errors="0" time="7.873">
    <testcase time="7.86599999999999" classname="ds.isValid_smk" name="isValid"/>
    <testcase time="0.00100000000020373" classname="ds.isValid_smk" name="isValid"/>
    <testcase time="0.00199999999995271" classname="ds.isValid_smk" name="isValid"/>
    <testcase time="0.000999999999976353" classname="ds.isValid_smk" name="isValid"/>
    <testcase time="0.000999999999976353" classname="ds.isValid_smk" name="isValid"/>
    <testcase time="0.000999999999976353" classname="ds.isValid_smk" name="isValid"/>
    <testcase time="0.000999999999976353" classname="ds.isValid_smk" name="isValid"/>
  </testsuite>
  <testsuite name="ds.length::smk" timestamp="2019-11-15T18:48:29Z" hostname="fv-az50" tests="22" skipped="0" failures="0" errors="0" time="11.074">
    <testcase time="6.98000000000002" classname="ds.length_smk" name="basic_length_both"/>
    <testcase time="0.000999999999976353" classname="ds.length_smk" name="basic_length_both"/>
    <testcase time="0.00199999999995271" classname="ds.length_smk" name="basic_length_both"/>
    <testcase time="0.00100000000020373" classname="ds.length_smk" name="basic_length_both"/>
    <testcase time="0.00199999999995271" classname="ds.length_smk" name="basic_length_both"/>
    <testcase time="0.26299999999992" classname="ds.length_smk" name="basic_length_split"/>
    <testcase time="0.000999999999976353" classname="ds.length_smk" name="basic_length_split"/>
    <testcase time="0.00199999999995271" classname="ds.length_smk" name="basic_length_split"/>
    <testcase time="0.000999999999976353" classname="ds.length_smk" name="basic_length_split"/>
    <testcase time="0.254000000000133" classname="ds.length_smk" name="basic_length_combine"/>
    <testcase time="0.00199999999995271" classname="ds.length_smk" name="basic_length_combine"/>
    <testcase time="1.18200000000002" classname="ds.length_smk" name="basic_length_both"/>
    <testcase time="0.000999999999976353" classname="ds.length_smk" name="basic_length_both"/>
    <testcase time="0.00199999999995271" classname="ds.length_smk" name="basic_length_both"/>
    <testcase time="0.000999999999976353" classname="ds.length_smk" name="basic_length_both"/>
    <testcase time="0.00200000000018008" classname="ds.length_smk" name="basic_length_both"/>
    <testcase time="1.18599999999992" classname="ds.length_smk" name="basic_length_split"/>
    <testcase time="0.00199999999995271" classname="ds.length_smk" name="basic_length_split"/>
    <testcase time="0.00199999999995271" classname="ds.length_smk" name="basic_length_split"/>
    <testcase time="0.00100000000020373" classname="ds.length_smk" name="basic_length_split"/>
    <testcase time="1.18399999999997" classname="ds.length_smk" name="basic_length_combine"/>
    <testcase time="0.00199999999995271" classname="ds.length_smk" name="basic_length_combine"/>
  </testsuite>
  <testsuite name="ds.levels::smk" timestamp="2019-11-15T18:48:40Z" hostname="fv-az50" tests="23" skipped="0" failures="0" errors="0" time="9.376">
    <testcase time="8.15699999999993" classname="ds.levels_smk" name="simple_levels"/>
    <testcase time="0.00199999999995271" classname="ds.levels_smk" name="simple_levels"/>
    <testcase time="0.00100000000020373" classname="ds.levels_smk" name="simple_levels"/>
    <testcase time="0.000999999999976353" classname="ds.levels_smk" name="simple_levels"/>
    <testcase time="0.000999999999976353" classname="ds.levels_smk" name="simple_levels"/>
    <testcase time="0.00199999999995271" classname="ds.levels_smk" name="simple_levels"/>
    <testcase time="0.000999999999976353" classname="ds.levels_smk" name="simple_levels"/>
    <testcase time="0.000999999999976353" classname="ds.levels_smk" name="simple_levels"/>
    <testcase time="0.00199999999995271" classname="ds.levels_smk" name="simple_levels"/>
    <testcase time="0.000999999999976353" classname="ds.levels_smk" name="simple_levels"/>
    <testcase time="1.18900000000008" classname="ds.levels_smk" name="simple_levels"/>
    <testcase time="0.000999999999976353" classname="ds.levels_smk" name="simple_levels"/>
    <testcase time="0.00199999999995271" classname="ds.levels_smk" name="simple_levels"/>
    <testcase time="0.00100000000020373" classname="ds.levels_smk" name="simple_levels"/>
    <testcase time="0.00199999999995271" classname="ds.levels_smk" name="simple_levels"/>
    <testcase time="0.000999999999976353" classname="ds.levels_smk" name="simple_levels"/>
    <testcase time="0.00199999999995271" classname="ds.levels_smk" name="simple_levels"/>
    <testcase time="0.000999999999976353" classname="ds.levels_smk" name="simple_levels"/>
    <testcase time="0.00199999999995271" classname="ds.levels_smk" name="simple_levels"/>
    <testcase time="0.000999999999976353" classname="ds.levels_smk" name="simple_levels"/>
    <testcase time="0.00100000000020373" classname="ds.levels_smk" name="simple_levels"/>
    <testcase time="0.00199999999995271" classname="ds.levels_smk" name="simple_levels"/>
    <testcase time="0.00199999999995271" classname="ds.levels_smk" name="simple_levels"/>
  </testsuite>
  <testsuite name="ds.lexis::smk" timestamp="2019-11-15T18:48:50Z" hostname="fv-az50" tests="14" skipped="0" failures="0" errors="0" time="8.574">
    <testcase time="8.05299999999988" classname="ds.lexis_smk" name="simple_lexis"/>
    <testcase time="0.00100000000020373" classname="ds.lexis_smk" name="simple_lexis"/>
    <testcase time="0.000999999999976353" classname="ds.lexis_smk" name="simple_lexis"/>
    <testcase time="0.000999999999976353" classname="ds.lexis_smk" name="simple_lexis"/>
    <testcase time="0.00199999999995271" classname="ds.lexis_smk" name="simple_lexis"/>
    <testcase time="0.000999999999976353" classname="ds.lexis_smk" name="simple_lexis"/>
    <testcase time="0.252999999999929" classname="ds.lexis_smk" name="simple_lexis"/>
    <testcase time="0.00200000000018008" classname="ds.lexis_smk" name="simple_lexis"/>
    <testcase time="0.000999999999976353" classname="ds.lexis_smk" name="simple_lexis"/>
    <testcase time="0.000999999999976353" classname="ds.lexis_smk" name="simple_lexis"/>
    <testcase time="0.252999999999929" classname="ds.lexis_smk" name="simple_lexis"/>
    <testcase time="0.00199999999995271" classname="ds.lexis_smk" name="simple_lexis"/>
    <testcase time="0.000999999999976353" classname="ds.lexis_smk" name="simple_lexis"/>
    <testcase time="0.00200000000018008" classname="ds.lexis_smk" name="simple_lexis"/>
  </testsuite>
  <testsuite name="ds.listClientsideFunctions::smk::check results" timestamp="2019-11-15T18:48:58Z" hostname="fv-az50" tests="91" skipped="0" failures="88" errors="1" time="7.176">
    <testcase time="6.84099999999989" classname="ds.listClientsideFunctions_smk_check_results" name="check_results"/>
    <testcase time="0.000999999999976353" classname="ds.listClientsideFunctions_smk_check_results" name="check_results">
      <failure type="failure" message="`res` has length 88, not length 112. (@test-smk-ds.listClientsideFunctions.R#140)">`res` has length 88, not length 112.</failure>
    </testcase>
    <testcase time="0.00199999999995271" classname="ds.listClientsideFunctions_smk_check_results" name="check_results"/>
    <testcase time="0.0390000000002146" classname="ds.listClientsideFunctions_smk_check_results" name="check_results">
      <failure type="failure" message="res[[x]] not equal to output[[x]]. (@test-smk-ds.listClientsideFunctions.R#142)">res[[x]] not equal to output[[x]].
1/1 mismatches
x[1]: "ds.asCharacter"
y[1]: "checkClass"</failure>
    </testcase>
    <testcase time="0.00199999999995271" classname="ds.listClientsideFunctions_smk_check_results" name="check_results">
      <failure type="failure" message="res[[x]] not equal to output[[x]]. (@test-smk-ds.listClientsideFunctions.R#142)">res[[x]] not equal to output[[x]].
1/1 mismatches
x[1]: "ds.asDataMatrix"
y[1]: "colPercent"</failure>
    </testcase>
    <testcase time="0.00199999999995271" classname="ds.listClientsideFunctions_smk_check_results" name="check_results">
      <failure type="failure" message="res[[x]] not equal to output[[x]]. (@test-smk-ds.listClientsideFunctions.R#142)">res[[x]] not equal to output[[x]].
1/1 mismatches
x[1]: "ds.asFactor"
y[1]: "ds.asCharacter"</failure>
    </testcase>
    <testcase time="0.00199999999995271" classname="ds.listClientsideFunctions_smk_check_results" name="check_results">
      <failure type="failure" message="res[[x]] not equal to output[[x]]. (@test-smk-ds.listClientsideFunctions.R#142)">res[[x]] not equal to output[[x]].
1/1 mismatches
x[1]: "ds.asInteger"
y[1]: "ds.asDataMatrix"</failure>
    </testcase>
    <testcase time="0.00199999999995271" classname="ds.listClientsideFunctions_smk_check_results" name="check_results">
      <failure type="failure" message="res[[x]] not equal to output[[x]]. (@test-smk-ds.listClientsideFunctions.R#142)">res[[x]] not equal to output[[x]].
1/1 mismatches
x[1]: "ds.asList"
y[1]: "ds.asFactor"</failure>
    </testcase>
    <testcase time="0.00200000000018008" classname="ds.listClientsideFunctions_smk_check_results" name="check_results">
      <failure type="failure" message="res[[x]] not equal to output[[x]]. (@test-smk-ds.listClientsideFunctions.R#142)">res[[x]] not equal to output[[x]].
1/1 mismatches
x[1]: "ds.asLogical"
y[1]: "ds.asInteger"</failure>
    </testcase>
    <testcase time="0.00299999999992906" classname="ds.listClientsideFunctions_smk_check_results" name="check_results">
      <failure type="failure" message="res[[x]] not equal to output[[x]]. (@test-smk-ds.listClientsideFunctions.R#142)">res[[x]] not equal to output[[x]].
1/1 mismatches
x[1]: "ds.asMatrix"
y[1]: "ds.asList"</failure>
    </testcase>
    <testcase time="0.000999999999976353" classname="ds.listClientsideFunctions_smk_check_results" name="check_results">
      <failure type="failure" message="res[[x]] not equal to output[[x]]. (@test-smk-ds.listClientsideFunctions.R#142)">res[[x]] not equal to output[[x]].
1/1 mismatches
x[1]: "ds.asNumeric"
y[1]: "ds.asLogical"</failure>
    </testcase>
    <testcase time="0.00199999999995271" classname="ds.listClientsideFunctions_smk_check_results" name="check_results">
      <failure type="failure" message="res[[x]] not equal to output[[x]]. (@test-smk-ds.listClientsideFunctions.R#142)">res[[x]] not equal to output[[x]].
1/1 mismatches
x[1]: "ds.assign"
y[1]: "ds.asMatrix"</failure>
    </testcase>
    <testcase time="0.00199999999995271" classname="ds.listClientsideFunctions_smk_check_results" name="check_results">
      <failure type="failure" message="res[[x]] not equal to output[[x]]. (@test-smk-ds.listClientsideFunctions.R#142)">res[[x]] not equal to output[[x]].
1/1 mismatches
x[1]: "ds.Boole"
y[1]: "ds.asNumeric"</failure>
    </testcase>
    <testcase time="0.00200000000018008" classname="ds.listClientsideFunctions_smk_check_results" name="check_results">
      <failure type="failure" message="res[[x]] not equal to output[[x]]. (@test-smk-ds.listClientsideFunctions.R#142)">res[[x]] not equal to output[[x]].
1/1 mismatches
x[1]: "ds.c"
y[1]: "ds.assign"</failure>
    </testcase>
    <testcase time="0.00299999999992906" classname="ds.listClientsideFunctions_smk_check_results" name="check_results">
      <failure type="failure" message="res[[x]] not equal to output[[x]]. (@test-smk-ds.listClientsideFunctions.R#142)">res[[x]] not equal to output[[x]].
1/1 mismatches
x[1]: "ds.cbind"
y[1]: "ds.Boole"</failure>
    </testcase>
    <testcase time="0.00199999999995271" classname="ds.listClientsideFunctions_smk_check_results" name="check_results">
      <failure type="failure" message="res[[x]] not equal to output[[x]]. (@test-smk-ds.listClientsideFunctions.R#142)">res[[x]] not equal to output[[x]].
1/1 mismatches
x[1]: "ds.changeRefGroup"
y[1]: "ds.c"</failure>
    </testcase>
    <testcase time="0.00199999999995271" classname="ds.listClientsideFunctions_smk_check_results" name="check_results">
      <failure type="failure" message="res[[x]] not equal to output[[x]]. (@test-smk-ds.listClientsideFunctions.R#142)">res[[x]] not equal to output[[x]].
1/1 mismatches
x[1]: "ds.class"
y[1]: "ds.cbind"</failure>
    </testcase>
    <testcase time="0.00200000000018008" classname="ds.listClientsideFunctions_smk_check_results" name="check_results">
      <failure type="failure" message="res[[x]] not equal to output[[x]]. (@test-smk-ds.listClientsideFunctions.R#142)">res[[x]] not equal to output[[x]].
1/1 mismatches
x[1]: "ds.colnames"
y[1]: "ds.changeRefGroup"</failure>
    </testcase>
    <testcase time="0.00199999999995271" classname="ds.listClientsideFunctions_smk_check_results" name="check_results">
      <failure type="failure" message="res[[x]] not equal to output[[x]]. (@test-smk-ds.listClientsideFunctions.R#142)">res[[x]] not equal to output[[x]].
1/1 mismatches
x[1]: "ds.contourPlot"
y[1]: "ds.class"</failure>
    </testcase>
    <testcase time="0.00199999999995271" classname="ds.listClientsideFunctions_smk_check_results" name="check_results">
      <failure type="failure" message="res[[x]] not equal to output[[x]]. (@test-smk-ds.listClientsideFunctions.R#142)">res[[x]] not equal to output[[x]].
1/1 mismatches
x[1]: "ds.cor"
y[1]: "ds.colnames"</failure>
    </testcase>
    <testcase time="0.00199999999995271" classname="ds.listClientsideFunctions_smk_check_results" name="check_results">
      <failure type="failure" message="res[[x]] not equal to output[[x]]. (@test-smk-ds.listClientsideFunctions.R#142)">res[[x]] not equal to output[[x]].
1/1 mismatches
x[1]: "ds.corTest"
y[1]: "ds.contourPlot"</failure>
    </testcase>
    <testcase time="0.00200000000018008" classname="ds.listClientsideFunctions_smk_check_results" name="check_results">
      <failure type="failure" message="res[[x]] not equal to output[[x]]. (@test-smk-ds.listClientsideFunctions.R#142)">res[[x]] not equal to output[[x]].
1/1 mismatches
x[1]: "ds.cov"
y[1]: "ds.cor"</failure>
    </testcase>
    <testcase time="0.00199999999995271" classname="ds.listClientsideFunctions_smk_check_results" name="check_results">
      <failure type="failure" message="res[[x]] not equal to output[[x]]. (@test-smk-ds.listClientsideFunctions.R#142)">res[[x]] not equal to output[[x]].
1/1 mismatches
x[1]: "ds.dataFrame"
y[1]: "ds.corTest"</failure>
    </testcase>
    <testcase time="0.00199999999995271" classname="ds.listClientsideFunctions_smk_check_results" name="check_results">
      <failure type="failure" message="res[[x]] not equal to output[[x]]. (@test-smk-ds.listClientsideFunctions.R#142)">res[[x]] not equal to output[[x]].
1/1 mismatches
x[1]: "ds.dataFrameFill"
y[1]: "ds.cov"</failure>
    </testcase>
    <testcase time="0.00199999999995271" classname="ds.listClientsideFunctions_smk_check_results" name="check_results">
      <failure type="failure" message="res[[x]] not equal to output[[x]]. (@test-smk-ds.listClientsideFunctions.R#142)">res[[x]] not equal to output[[x]].
1/1 mismatches
x[1]: "ds.dataFrameSort"
y[1]: "ds.dataFrame"</failure>
    </testcase>
    <testcase time="0.00300000000015643" classname="ds.listClientsideFunctions_smk_check_results" name="check_results">
      <failure type="failure" message="res[[x]] not equal to output[[x]]. (@test-smk-ds.listClientsideFunctions.R#142)">res[[x]] not equal to output[[x]].
1/1 mismatches
x[1]: "ds.dataFrameSubset"
y[1]: "ds.dataFrameFill"</failure>
    </testcase>
    <testcase time="0.00199999999995271" classname="ds.listClientsideFunctions_smk_check_results" name="check_results">
      <failure type="failure" message="res[[x]] not equal to output[[x]]. (@test-smk-ds.listClientsideFunctions.R#142)">res[[x]] not equal to output[[x]].
1/1 mismatches
x[1]: "ds.densityGrid"
y[1]: "ds.dataFrameSort"</failure>
    </testcase>
    <testcase time="0.00199999999995271" classname="ds.listClientsideFunctions_smk_check_results" name="check_results">
      <failure type="failure" message="res[[x]] not equal to output[[x]]. (@test-smk-ds.listClientsideFunctions.R#142)">res[[x]] not equal to output[[x]].
1/1 mismatches
x[1]: "ds.dim"
y[1]: "ds.dataFrameSubset"</failure>
    </testcase>
    <testcase time="0.00199999999995271" classname="ds.listClientsideFunctions_smk_check_results" name="check_results">
      <failure type="failure" message="res[[x]] not equal to output[[x]]. (@test-smk-ds.listClientsideFunctions.R#142)">res[[x]] not equal to output[[x]].
1/1 mismatches
x[1]: "ds.exists"
y[1]: "ds.densityGrid"</failure>
    </testcase>
    <testcase time="0.00199999999995271" classname="ds.listClientsideFunctions_smk_check_results" name="check_results">
      <failure type="failure" message="res[[x]] not equal to output[[x]]. (@test-smk-ds.listClientsideFunctions.R#142)">res[[x]] not equal to output[[x]].
1/1 mismatches
x[1]: "ds.exp"
y[1]: "ds.dim"</failure>
    </testcase>
    <testcase time="0.00200000000018008" classname="ds.listClientsideFunctions_smk_check_results" name="check_results">
      <failure type="failure" message="res[[x]] not equal to output[[x]]. (@test-smk-ds.listClientsideFunctions.R#142)">res[[x]] not equal to output[[x]].
1/1 mismatches
x[1]: "ds.glm"
y[1]: "ds.exists"</failure>
    </testcase>
    <testcase time="0.00299999999992906" classname="ds.listClientsideFunctions_smk_check_results" name="check_results">
      <failure type="failure" message="res[[x]] not equal to output[[x]]. (@test-smk-ds.listClientsideFunctions.R#142)">res[[x]] not equal to output[[x]].
1/1 mismatches
x[1]: "ds.glmSLMA"
y[1]: "ds.exp"</failure>
    </testcase>
    <testcase time="0.00199999999995271" classname="ds.listClientsideFunctions_smk_check_results" name="check_results">
      <failure type="failure" message="res[[x]] not equal to output[[x]]. (@test-smk-ds.listClientsideFunctions.R#142)">res[[x]] not equal to output[[x]].
1/1 mismatches
x[1]: "ds.heatmapPlot"
y[1]: "ds.glm"</failure>
    </testcase>
    <testcase time="0.00199999999995271" classname="ds.listClientsideFunctions_smk_check_results" name="check_results">
      <failure type="failure" message="res[[x]] not equal to output[[x]]. (@test-smk-ds.listClientsideFunctions.R#142)">res[[x]] not equal to output[[x]].
1/1 mismatches
x[1]: "ds.histogram"
y[1]: "ds.glmSLMA"</failure>
    </testcase>
    <testcase time="0.00200000000018008" classname="ds.listClientsideFunctions_smk_check_results" name="check_results">
      <failure type="failure" message="res[[x]] not equal to output[[x]]. (@test-smk-ds.listClientsideFunctions.R#142)">res[[x]] not equal to output[[x]].
1/1 mismatches
x[1]: "ds.isNA"
y[1]: "ds.heatmapPlot"</failure>
    </testcase>
    <testcase time="0.00299999999992906" classname="ds.listClientsideFunctions_smk_check_results" name="check_results">
      <failure type="failure" message="res[[x]] not equal to output[[x]]. (@test-smk-ds.listClientsideFunctions.R#142)">res[[x]] not equal to output[[x]].
1/1 mismatches
x[1]: "ds.isValid"
y[1]: "ds.histogram"</failure>
    </testcase>
    <testcase time="0.00199999999995271" classname="ds.listClientsideFunctions_smk_check_results" name="check_results">
      <failure type="failure" message="res[[x]] not equal to output[[x]]. (@test-smk-ds.listClientsideFunctions.R#142)">res[[x]] not equal to output[[x]].
1/1 mismatches
x[1]: "ds.length"
y[1]: "ds.isNA"</failure>
    </testcase>
    <testcase time="0.00300000000015643" classname="ds.listClientsideFunctions_smk_check_results" name="check_results">
      <failure type="failure" message="res[[x]] not equal to output[[x]]. (@test-smk-ds.listClientsideFunctions.R#142)">res[[x]] not equal to output[[x]].
1/1 mismatches
x[1]: "ds.levels"
y[1]: "ds.isValid"</failure>
    </testcase>
    <testcase time="0.00199999999995271" classname="ds.listClientsideFunctions_smk_check_results" name="check_results">
      <failure type="failure" message="res[[x]] not equal to output[[x]]. (@test-smk-ds.listClientsideFunctions.R#142)">res[[x]] not equal to output[[x]].
1/1 mismatches
x[1]: "ds.lexis"
y[1]: "ds.length"</failure>
    </testcase>
    <testcase time="0.00299999999992906" classname="ds.listClientsideFunctions_smk_check_results" name="check_results">
      <failure type="failure" message="res[[x]] not equal to output[[x]]. (@test-smk-ds.listClientsideFunctions.R#142)">res[[x]] not equal to output[[x]].
1/1 mismatches
x[1]: "ds.list"
y[1]: "ds.levels"</failure>
    </testcase>
    <testcase time="0.00299999999992906" classname="ds.listClientsideFunctions_smk_check_results" name="check_results">
      <failure type="failure" message="res[[x]] not equal to output[[x]]. (@test-smk-ds.listClientsideFunctions.R#142)">res[[x]] not equal to output[[x]].
1/1 mismatches
x[1]: "ds.listClientsideFunctions"
y[1]: "ds.lexis"</failure>
    </testcase>
    <testcase time="0.00200000000018008" classname="ds.listClientsideFunctions_smk_check_results" name="check_results">
      <failure type="failure" message="res[[x]] not equal to output[[x]]. (@test-smk-ds.listClientsideFunctions.R#142)">res[[x]] not equal to output[[x]].
1/1 mismatches
x[1]: "ds.listDisclosureSettings"
y[1]: "ds.list"</failure>
    </testcase>
    <testcase time="0.00599999999985812" classname="ds.listClientsideFunctions_smk_check_results" name="check_results">
      <failure type="failure" message="res[[x]] not equal to output[[x]]. (@test-smk-ds.listClientsideFunctions.R#142)">res[[x]] not equal to output[[x]].
1/1 mismatches
x[1]: "ds.listOpals"
y[1]: "ds.listClientsideFunctions"</failure>
    </testcase>
    <testcase time="0.00299999999992906" classname="ds.listClientsideFunctions_smk_check_results" name="check_results">
      <failure type="failure" message="res[[x]] not equal to output[[x]]. (@test-smk-ds.listClientsideFunctions.R#142)">res[[x]] not equal to output[[x]].
1/1 mismatches
x[1]: "ds.listServersideFunctions"
y[1]: "ds.listDisclosureSettings"</failure>
    </testcase>
    <testcase time="0.00200000000018008" classname="ds.listClientsideFunctions_smk_check_results" name="check_results">
      <failure type="failure" message="res[[x]] not equal to output[[x]]. (@test-smk-ds.listClientsideFunctions.R#142)">res[[x]] not equal to output[[x]].
1/1 mismatches
x[1]: "ds.log"
y[1]: "ds.listOpals"</failure>
    </testcase>
    <testcase time="0.00299999999992906" classname="ds.listClientsideFunctions_smk_check_results" name="check_results">
      <failure type="failure" message="res[[x]] not equal to output[[x]]. (@test-smk-ds.listClientsideFunctions.R#142)">res[[x]] not equal to output[[x]].
1/1 mismatches
x[1]: "ds.look"
y[1]: "ds.listServersideFunctions"</failure>
    </testcase>
    <testcase time="0.00299999999992906" classname="ds.listClientsideFunctions_smk_check_results" name="check_results">
      <failure type="failure" message="res[[x]] not equal to output[[x]]. (@test-smk-ds.listClientsideFunctions.R#142)">res[[x]] not equal to output[[x]].
1/1 mismatches
x[1]: "ds.ls"
y[1]: "ds.log"</failure>
    </testcase>
    <testcase time="0.00300000000015643" classname="ds.listClientsideFunctions_smk_check_results" name="check_results">
      <failure type="failure" message="res[[x]] not equal to output[[x]]. (@test-smk-ds.listClientsideFunctions.R#142)">res[[x]] not equal to output[[x]].
1/1 mismatches
x[1]: "ds.make"
y[1]: "ds.look"</failure>
    </testcase>
    <testcase time="0.00299999999992906" classname="ds.listClientsideFunctions_smk_check_results" name="check_results">
      <failure type="failure" message="res[[x]] not equal to output[[x]]. (@test-smk-ds.listClientsideFunctions.R#142)">res[[x]] not equal to output[[x]].
1/1 mismatches
x[1]: "ds.matrix"
y[1]: "ds.ls"</failure>
    </testcase>
    <testcase time="0.00199999999995271" classname="ds.listClientsideFunctions_smk_check_results" name="check_results">
      <failure type="failure" message="res[[x]] not equal to output[[x]]. (@test-smk-ds.listClientsideFunctions.R#142)">res[[x]] not equal to output[[x]].
1/1 mismatches
x[1]: "ds.matrixDet"
y[1]: "ds.make"</failure>
    </testcase>
    <testcase time="0.00299999999992906" classname="ds.listClientsideFunctions_smk_check_results" name="check_results">
      <failure type="failure" message="res[[x]] not equal to output[[x]]. (@test-smk-ds.listClientsideFunctions.R#142)">res[[x]] not equal to output[[x]].
1/1 mismatches
x[1]: "ds.matrixDet.report"
y[1]: "ds.matrix"</failure>
    </testcase>
    <testcase time="0.00400000000013279" classname="ds.listClientsideFunctions_smk_check_results" name="check_results">
      <failure type="failure" message="res[[x]] not equal to output[[x]]. (@test-smk-ds.listClientsideFunctions.R#142)">res[[x]] not equal to output[[x]].
1/1 mismatches
x[1]: "ds.matrixDiag"
y[1]: "ds.matrixDet"</failure>
    </testcase>
    <testcase time="0.00299999999992906" classname="ds.listClientsideFunctions_smk_check_results" name="check_results">
      <failure type="failure" message="res[[x]] not equal to output[[x]]. (@test-smk-ds.listClientsideFunctions.R#142)">res[[x]] not equal to output[[x]].
1/1 mismatches
x[1]: "ds.matrixDimnames"
y[1]: "ds.matrixDet.report"</failure>
    </testcase>
    <testcase time="0.00300000000015643" classname="ds.listClientsideFunctions_smk_check_results" name="check_results">
      <failure type="failure" message="res[[x]] not equal to output[[x]]. (@test-smk-ds.listClientsideFunctions.R#142)">res[[x]] not equal to output[[x]].
1/1 mismatches
x[1]: "ds.matrixInvert"
y[1]: "ds.matrixDiag"</failure>
    </testcase>
    <testcase time="0.00299999999992906" classname="ds.listClientsideFunctions_smk_check_results" name="check_results">
      <failure type="failure" message="res[[x]] not equal to output[[x]]. (@test-smk-ds.listClientsideFunctions.R#142)">res[[x]] not equal to output[[x]].
1/1 mismatches
x[1]: "ds.matrixMult"
y[1]: "ds.matrixDimnames"</failure>
    </testcase>
    <testcase time="0.00299999999992906" classname="ds.listClientsideFunctions_smk_check_results" name="check_results">
      <failure type="failure" message="res[[x]] not equal to output[[x]]. (@test-smk-ds.listClientsideFunctions.R#142)">res[[x]] not equal to output[[x]].
1/1 mismatches
x[1]: "ds.matrixTranspose"
y[1]: "ds.matrixInvert"</failure>
    </testcase>
    <testcase time="0.00299999999992906" classname="ds.listClientsideFunctions_smk_check_results" name="check_results">
      <failure type="failure" message="res[[x]] not equal to output[[x]]. (@test-smk-ds.listClientsideFunctions.R#142)">res[[x]] not equal to output[[x]].
1/1 mismatches
x[1]: "ds.mean"
y[1]: "ds.matrixMult"</failure>
    </testcase>
    <testcase time="0.00400000000013279" classname="ds.listClientsideFunctions_smk_check_results" name="check_results">
      <failure type="failure" message="res[[x]] not equal to output[[x]]. (@test-smk-ds.listClientsideFunctions.R#142)">res[[x]] not equal to output[[x]].
1/1 mismatches
x[1]: "ds.meanByClass"
y[1]: "ds.matrixTranspose"</failure>
    </testcase>
    <testcase time="0.00299999999992906" classname="ds.listClientsideFunctions_smk_check_results" name="check_results">
      <failure type="failure" message="res[[x]] not equal to output[[x]]. (@test-smk-ds.listClientsideFunctions.R#142)">res[[x]] not equal to output[[x]].
1/1 mismatches
x[1]: "ds.meanSdGp"
y[1]: "ds.mean"</failure>
    </testcase>
    <testcase time="0.00400000000013279" classname="ds.listClientsideFunctions_smk_check_results" name="check_results">
      <failure type="failure" message="res[[x]] not equal to output[[x]]. (@test-smk-ds.listClientsideFunctions.R#142)">res[[x]] not equal to output[[x]].
1/1 mismatches
x[1]: "ds.merge"
y[1]: "ds.meanByClass"</failure>
    </testcase>
    <testcase time="0.00299999999992906" classname="ds.listClientsideFunctions_smk_check_results" name="check_results">
      <failure type="failure" message="res[[x]] not equal to output[[x]]. (@test-smk-ds.listClientsideFunctions.R#142)">res[[x]] not equal to output[[x]].
1/1 mismatches
x[1]: "ds.message"
y[1]: "ds.meanSdGp"</failure>
    </testcase>
    <testcase time="0.00299999999992906" classname="ds.listClientsideFunctions_smk_check_results" name="check_results">
      <failure type="failure" message="res[[x]] not equal to output[[x]]. (@test-smk-ds.listClientsideFunctions.R#142)">res[[x]] not equal to output[[x]].
1/1 mismatches
x[1]: "ds.names"
y[1]: "ds.merge"</failure>
    </testcase>
    <testcase time="0.00300000000015643" classname="ds.listClientsideFunctions_smk_check_results" name="check_results">
      <failure type="failure" message="res[[x]] not equal to output[[x]]. (@test-smk-ds.listClientsideFunctions.R#142)">res[[x]] not equal to output[[x]].
1/1 mismatches
x[1]: "ds.numNA"
y[1]: "ds.message"</failure>
    </testcase>
    <testcase time="0.00299999999992906" classname="ds.listClientsideFunctions_smk_check_results" name="check_results">
      <failure type="failure" message="res[[x]] not equal to output[[x]]. (@test-smk-ds.listClientsideFunctions.R#142)">res[[x]] not equal to output[[x]].
1/1 mismatches
x[1]: "ds.quantileMean"
y[1]: "ds.names"</failure>
    </testcase>
    <testcase time="0.00399999999990541" classname="ds.listClientsideFunctions_smk_check_results" name="check_results">
      <failure type="failure" message="res[[x]] not equal to output[[x]]. (@test-smk-ds.listClientsideFunctions.R#142)">res[[x]] not equal to output[[x]].
1/1 mismatches
x[1]: "ds.rbind"
y[1]: "ds.numNA"</failure>
    </testcase>
    <testcase time="0.00199999999995271" classname="ds.listClientsideFunctions_smk_check_results" name="check_results">
      <failure type="failure" message="res[[x]] not equal to output[[x]]. (@test-smk-ds.listClientsideFunctions.R#142)">res[[x]] not equal to output[[x]].
1/1 mismatches
x[1]: "ds.rBinom"
y[1]: "ds.quantileMean"</failure>
    </testcase>
    <testcase time="0.00400000000013279" classname="ds.listClientsideFunctions_smk_check_results" name="check_results">
      <failure type="failure" message="res[[x]] not equal to output[[x]]. (@test-smk-ds.listClientsideFunctions.R#142)">res[[x]] not equal to output[[x]].
1/1 mismatches
x[1]: "ds.recodeLevels"
y[1]: "ds.rbind"</failure>
    </testcase>
    <testcase time="0.00299999999992906" classname="ds.listClientsideFunctions_smk_check_results" name="check_results">
      <failure type="failure" message="res[[x]] not equal to output[[x]]. (@test-smk-ds.listClientsideFunctions.R#142)">res[[x]] not equal to output[[x]].
1/1 mismatches
x[1]: "ds.recodeValues"
y[1]: "ds.rBinom"</failure>
    </testcase>
    <testcase time="0.00300000000015643" classname="ds.listClientsideFunctions_smk_check_results" name="check_results">
      <failure type="failure" message="res[[x]] not equal to output[[x]]. (@test-smk-ds.listClientsideFunctions.R#142)">res[[x]] not equal to output[[x]].
1/1 mismatches
x[1]: "ds.replaceNA"
y[1]: "ds.recodeLevels"</failure>
    </testcase>
    <testcase time="0.00299999999992906" classname="ds.listClientsideFunctions_smk_check_results" name="check_results">
      <failure type="failure" message="res[[x]] not equal to output[[x]]. (@test-smk-ds.listClientsideFunctions.R#142)">res[[x]] not equal to output[[x]].
1/1 mismatches
x[1]: "ds.reShape"
y[1]: "ds.recodeValues"</failure>
    </testcase>
    <testcase time="0.00299999999992906" classname="ds.listClientsideFunctions_smk_check_results" name="check_results">
      <failure type="failure" message="res[[x]] not equal to output[[x]]. (@test-smk-ds.listClientsideFunctions.R#142)">res[[x]] not equal to output[[x]].
1/1 mismatches
x[1]: "ds.rm"
y[1]: "ds.replaceNA"</failure>
    </testcase>
    <testcase time="0.00400000000013279" classname="ds.listClientsideFunctions_smk_check_results" name="check_results">
      <failure type="failure" message="res[[x]] not equal to output[[x]]. (@test-smk-ds.listClientsideFunctions.R#142)">res[[x]] not equal to output[[x]].
1/1 mismatches
x[1]: "ds.rNorm"
y[1]: "ds.reShape"</failure>
    </testcase>
    <testcase time="0.00299999999992906" classname="ds.listClientsideFunctions_smk_check_results" name="check_results">
      <failure type="failure" message="res[[x]] not equal to output[[x]]. (@test-smk-ds.listClientsideFunctions.R#142)">res[[x]] not equal to output[[x]].
1/1 mismatches
x[1]: "ds.rowColCalc"
y[1]: "ds.rm"</failure>
    </testcase>
    <testcase time="0.00299999999992906" classname="ds.listClientsideFunctions_smk_check_results" name="check_results">
      <failure type="failure" message="res[[x]] not equal to output[[x]]. (@test-smk-ds.listClientsideFunctions.R#142)">res[[x]] not equal to output[[x]].
1/1 mismatches
x[1]: "ds.rPois"
y[1]: "ds.rNorm"</failure>
    </testcase>
    <testcase time="0.00400000000013279" classname="ds.listClientsideFunctions_smk_check_results" name="check_results">
      <failure type="failure" message="res[[x]] not equal to output[[x]]. (@test-smk-ds.listClientsideFunctions.R#142)">res[[x]] not equal to output[[x]].
1/1 mismatches
x[1]: "ds.rUnif"
y[1]: "ds.rowColCalc"</failure>
    </testcase>
    <testcase time="0.00299999999992906" classname="ds.listClientsideFunctions_smk_check_results" name="check_results">
      <failure type="failure" message="res[[x]] not equal to output[[x]]. (@test-smk-ds.listClientsideFunctions.R#142)">res[[x]] not equal to output[[x]].
1/1 mismatches
x[1]: "ds.scatterPlot"
y[1]: "ds.rPois"</failure>
    </testcase>
    <testcase time="0.00399999999990541" classname="ds.listClientsideFunctions_smk_check_results" name="check_results">
      <failure type="failure" message="res[[x]] not equal to output[[x]]. (@test-smk-ds.listClientsideFunctions.R#142)">res[[x]] not equal to output[[x]].
1/1 mismatches
x[1]: "ds.seq"
y[1]: "ds.rUnif"</failure>
    </testcase>
    <testcase time="0.00300000000015643" classname="ds.listClientsideFunctions_smk_check_results" name="check_results">
      <failure type="failure" message="res[[x]] not equal to output[[x]]. (@test-smk-ds.listClientsideFunctions.R#142)">res[[x]] not equal to output[[x]].
1/1 mismatches
x[1]: "ds.setDefaultOpals"
y[1]: "ds.scatterPlot"</failure>
    </testcase>
    <testcase time="0.00299999999992906" classname="ds.listClientsideFunctions_smk_check_results" name="check_results">
      <failure type="failure" message="res[[x]] not equal to output[[x]]. (@test-smk-ds.listClientsideFunctions.R#142)">res[[x]] not equal to output[[x]].
1/1 mismatches
x[1]: "ds.setSeed"
y[1]: "ds.seq"</failure>
    </testcase>
    <testcase time="0.00399999999990541" classname="ds.listClientsideFunctions_smk_check_results" name="check_results">
      <failure type="failure" message="res[[x]] not equal to output[[x]]. (@test-smk-ds.listClientsideFunctions.R#142)">res[[x]] not equal to output[[x]].
1/1 mismatches
x[1]: "ds.subset"
y[1]: "ds.setDefaultOpals"</failure>
    </testcase>
    <testcase time="0.00300000000015643" classname="ds.listClientsideFunctions_smk_check_results" name="check_results">
      <failure type="failure" message="res[[x]] not equal to output[[x]]. (@test-smk-ds.listClientsideFunctions.R#142)">res[[x]] not equal to output[[x]].
1/1 mismatches
x[1]: "ds.subsetByClass"
y[1]: "ds.setSeed"</failure>
    </testcase>
    <testcase time="0.00399999999990541" classname="ds.listClientsideFunctions_smk_check_results" name="check_results">
      <failure type="failure" message="res[[x]] not equal to output[[x]]. (@test-smk-ds.listClientsideFunctions.R#142)">res[[x]] not equal to output[[x]].
1/1 mismatches
x[1]: "ds.summary"
y[1]: "ds.subset"</failure>
    </testcase>
    <testcase time="0.00299999999992906" classname="ds.listClientsideFunctions_smk_check_results" name="check_results">
      <failure type="failure" message="res[[x]] not equal to output[[x]]. (@test-smk-ds.listClientsideFunctions.R#142)">res[[x]] not equal to output[[x]].
1/1 mismatches
x[1]: "ds.table1D"
y[1]: "ds.subsetByClass"</failure>
    </testcase>
    <testcase time="0.00400000000013279" classname="ds.listClientsideFunctions_smk_check_results" name="check_results">
      <failure type="failure" message="res[[x]] not equal to output[[x]]. (@test-smk-ds.listClientsideFunctions.R#142)">res[[x]] not equal to output[[x]].
1/1 mismatches
x[1]: "ds.table2D"
y[1]: "ds.summary"</failure>
    </testcase>
    <testcase time="0.00299999999992906" classname="ds.listClientsideFunctions_smk_check_results" name="check_results">
      <failure type="failure" message="res[[x]] not equal to output[[x]]. (@test-smk-ds.listClientsideFunctions.R#142)">res[[x]] not equal to output[[x]].
1/1 mismatches
x[1]: "ds.tapply"
y[1]: "ds.table1D"</failure>
    </testcase>
    <testcase time="0.00400000000013279" classname="ds.listClientsideFunctions_smk_check_results" name="check_results">
      <failure type="failure" message="res[[x]] not equal to output[[x]]. (@test-smk-ds.listClientsideFunctions.R#142)">res[[x]] not equal to output[[x]].
1/1 mismatches
x[1]: "ds.tapply.assign"
y[1]: "ds.table2D"</failure>
    </testcase>
    <testcase time="0.00399999999990541" classname="ds.listClientsideFunctions_smk_check_results" name="check_results">
      <failure type="failure" message="res[[x]] not equal to output[[x]]. (@test-smk-ds.listClientsideFunctions.R#142)">res[[x]] not equal to output[[x]].
1/1 mismatches
x[1]: "ds.testObjExists"
y[1]: "ds.tapply"</failure>
    </testcase>
    <testcase time="0.00399999999990541" classname="ds.listClientsideFunctions_smk_check_results" name="check_results">
      <failure type="failure" message="res[[x]] not equal to output[[x]]. (@test-smk-ds.listClientsideFunctions.R#142)">res[[x]] not equal to output[[x]].
1/1 mismatches
x[1]: "ds.unList"
y[1]: "ds.tapply.assign"</failure>
    </testcase>
    <testcase time="0.00400000000013279" classname="ds.listClientsideFunctions_smk_check_results" name="check_results">
      <failure type="failure" message="res[[x]] not equal to output[[x]]. (@test-smk-ds.listClientsideFunctions.R#142)">res[[x]] not equal to output[[x]].
1/1 mismatches
x[1]: "ds.var"
y[1]: "ds.testObjExists"</failure>
    </testcase>
    <testcase time="0.00399999999990541" classname="ds.listClientsideFunctions_smk_check_results" name="check_results">
      <failure type="failure" message="res[[x]] not equal to output[[x]]. (@test-smk-ds.listClientsideFunctions.R#142)">res[[x]] not equal to output[[x]].
1/1 mismatches
x[1]: "ds.vectorCalc"
y[1]: "ds.unList"</failure>
    </testcase>
    <testcase time="0.0499999999999545" classname="ds.listClientsideFunctions_smk_check_results" name="check_results">
      <error type="error" message="subscript out of bounds (@test-smk-ds.listClientsideFunctions.R#142)">subscript out of bounds
Backtrace:
 1. testthat::expect_equal(res[[x]], output[[x]]) tests/testthat/test-smk-ds.listClientsideFunctions.R:142:8
 2. testthat::quasi_label(enquo(object), label, arg = "object")
 3. rlang::eval_bare(expr, quo_get_env(quo))</error>
    </testcase>
  </testsuite>
  <testsuite name="ds.listDisclosureSettings::smk::check results" timestamp="2019-11-15T18:49:06Z" hostname="fv-az50" tests="31" skipped="0" failures="0" errors="0" time="7.149">
    <testcase time="7.10500000000002" classname="ds.listDisclosureSettings_smk_check_results" name="check_results"/>
    <testcase time="0.00200000000018008" classname="ds.listDisclosureSettings_smk_check_results" name="check_results"/>
    <testcase time="0.000999999999976353" classname="ds.listDisclosureSettings_smk_check_results" name="check_results"/>
    <testcase time="0.000999999999976353" classname="ds.listDisclosureSettings_smk_check_results" name="check_results"/>
    <testcase time="0.000999999999976353" classname="ds.listDisclosureSettings_smk_check_results" name="check_results"/>
    <testcase time="0.00199999999995271" classname="ds.listDisclosureSettings_smk_check_results" name="check_results"/>
    <testcase time="0.000999999999976353" classname="ds.listDisclosureSettings_smk_check_results" name="check_results"/>
    <testcase time="0.000999999999976353" classname="ds.listDisclosureSettings_smk_check_results" name="check_results"/>
    <testcase time="0.00199999999995271" classname="ds.listDisclosureSettings_smk_check_results" name="check_results"/>
    <testcase time="0.00100000000020373" classname="ds.listDisclosureSettings_smk_check_results" name="check_results"/>
    <testcase time="0.00199999999995271" classname="ds.listDisclosureSettings_smk_check_results" name="check_results"/>
    <testcase time="0.000999999999976353" classname="ds.listDisclosureSettings_smk_check_results" name="check_results"/>
    <testcase time="0.000999999999976353" classname="ds.listDisclosureSettings_smk_check_results" name="check_results"/>
    <testcase time="0.00199999999995271" classname="ds.listDisclosureSettings_smk_check_results" name="check_results"/>
    <testcase time="0.000999999999976353" classname="ds.listDisclosureSettings_smk_check_results" name="check_results"/>
    <testcase time="0.00200000000018008" classname="ds.listDisclosureSettings_smk_check_results" name="check_results"/>
    <testcase time="0.000999999999976353" classname="ds.listDisclosureSettings_smk_check_results" name="check_results"/>
    <testcase time="0.00199999999995271" classname="ds.listDisclosureSettings_smk_check_results" name="check_results"/>
    <testcase time="0.000999999999976353" classname="ds.listDisclosureSettings_smk_check_results" name="check_results"/>
    <testcase time="0.00199999999995271" classname="ds.listDisclosureSettings_smk_check_results" name="check_results"/>
    <testcase time="0.000999999999976353" classname="ds.listDisclosureSettings_smk_check_results" name="check_results"/>
    <testcase time="0.00199999999995271" classname="ds.listDisclosureSettings_smk_check_results" name="check_results"/>
    <testcase time="0.00100000000020373" classname="ds.listDisclosureSettings_smk_check_results" name="check_results"/>
    <testcase time="0.00199999999995271" classname="ds.listDisclosureSettings_smk_check_results" name="check_results"/>
    <testcase time="0.000999999999976353" classname="ds.listDisclosureSettings_smk_check_results" name="check_results"/>
    <testcase time="0.00199999999995271" classname="ds.listDisclosureSettings_smk_check_results" name="check_results"/>
    <testcase time="0.00199999999995271" classname="ds.listDisclosureSettings_smk_check_results" name="check_results"/>
    <testcase time="0.000999999999976353" classname="ds.listDisclosureSettings_smk_check_results" name="check_results"/>
    <testcase time="0.00200000000018008" classname="ds.listDisclosureSettings_smk_check_results" name="check_results"/>
    <testcase time="0.000999999999976353" classname="ds.listDisclosureSettings_smk_check_results" name="check_results"/>
    <testcase time="0.00199999999995271" classname="ds.listDisclosureSettings_smk_check_results" name="check_results"/>
  </testsuite>
  <testsuite name="ds.list::smk" timestamp="2019-11-15T18:49:13Z" hostname="fv-az50" tests="25" skipped="0" failures="0" errors="0" time="11.354">
    <testcase time="9.36599999999999" classname="ds.list_smk" name="Is_List"/>
    <testcase time="0.257000000000062" classname="ds.list_smk" name="Is_List"/>
    <testcase time="0.000999999999976353" classname="ds.list_smk" name="Is_List"/>
    <testcase time="0.00199999999995271" classname="ds.list_smk" name="Is_List"/>
    <testcase time="0.000999999999976353" classname="ds.list_smk" name="Is_List"/>
    <testcase time="0.000999999999976353" classname="ds.list_smk" name="Is_List"/>
    <testcase time="0.000999999999976353" classname="ds.list_smk" name="Is_List"/>
    <testcase time="0.000999999999976353" classname="ds.list_smk" name="Is_List"/>
    <testcase time="0.00200000000018008" classname="ds.list_smk" name="Is_List"/>
    <testcase time="0.000999999999976353" classname="ds.list_smk" name="Is_List"/>
    <testcase time="0.00199999999995271" classname="ds.list_smk" name="Is_List"/>
    <testcase time="0.511999999999944" classname="ds.list_smk" name="Is_List"/>
    <testcase time="0.00199999999995271" classname="ds.list_smk" name="Is_List"/>
    <testcase time="0.000999999999976353" classname="ds.list_smk" name="Is_List"/>
    <testcase time="0.00100000000020373" classname="ds.list_smk" name="Is_List"/>
    <testcase time="1.18799999999987" classname="ds.list_smk" name="Is_List"/>
    <testcase time="0.00199999999995271" classname="ds.list_smk" name="Is_List"/>
    <testcase time="0.000999999999976353" classname="ds.list_smk" name="Is_List"/>
    <testcase time="0.00200000000018008" classname="ds.list_smk" name="Is_List"/>
    <testcase time="0.00199999999995271" classname="ds.list_smk" name="Is_List"/>
    <testcase time="0.000999999999976353" classname="ds.list_smk" name="Is_List"/>
    <testcase time="0.00199999999995271" classname="ds.list_smk" name="Is_List"/>
    <testcase time="0.00199999999995271" classname="ds.list_smk" name="Is_List"/>
    <testcase time="0.00200000000018008" classname="ds.list_smk" name="Is_List"/>
    <testcase time="0.000999999999976353" classname="ds.list_smk" name="Is_List"/>
  </testsuite>
  <testsuite name="ds.log::smk" timestamp="2019-11-15T18:49:24Z" hostname="fv-az50" tests="30" skipped="0" failures="0" errors="0" time="12.449">
    <testcase time="8.5329999999999" classname="ds.log_smk" name="simple_log"/>
    <testcase time="0.255000000000109" classname="ds.log_smk" name="simple_log"/>
    <testcase time="0.000999999999976353" classname="ds.log_smk" name="simple_log"/>
    <testcase time="0.000999999999976353" classname="ds.log_smk" name="simple_log"/>
    <testcase time="0.000999999999976353" classname="ds.log_smk" name="simple_log"/>
    <testcase time="0.00199999999995271" classname="ds.log_smk" name="simple_log"/>
    <testcase time="0.000999999999976353" classname="ds.log_smk" name="simple_log"/>
    <testcase time="0.00199999999995271" classname="ds.log_smk" name="simple_log"/>
    <testcase time="0.507000000000062" classname="ds.log_smk" name="simple_log"/>
    <testcase time="0.00199999999995271" classname="ds.log_smk" name="simple_log"/>
    <testcase time="0.00100000000020373" classname="ds.log_smk" name="simple_log"/>
    <testcase time="0.000999999999976353" classname="ds.log_smk" name="simple_log"/>
    <testcase time="0.000999999999976353" classname="ds.log_smk" name="simple_log"/>
    <testcase time="0.00199999999995271" classname="ds.log_smk" name="simple_log"/>
    <testcase time="0.000999999999976353" classname="ds.log_smk" name="simple_log"/>
    <testcase time="2.35200000000009" classname="ds.log_smk" name="simple_log"/>
    <testcase time="0.256999999999834" classname="ds.log_smk" name="simple_log"/>
    <testcase time="0.00200000000018008" classname="ds.log_smk" name="simple_log"/>
    <testcase time="0.000999999999976353" classname="ds.log_smk" name="simple_log"/>
    <testcase time="0.000999999999976353" classname="ds.log_smk" name="simple_log"/>
    <testcase time="0.00199999999995271" classname="ds.log_smk" name="simple_log"/>
    <testcase time="0.000999999999976353" classname="ds.log_smk" name="simple_log"/>
    <testcase time="0.00199999999995271" classname="ds.log_smk" name="simple_log"/>
    <testcase time="0.509999999999991" classname="ds.log_smk" name="simple_log"/>
    <testcase time="0.00100000000020373" classname="ds.log_smk" name="simple_log"/>
    <testcase time="0.00199999999995271" classname="ds.log_smk" name="simple_log"/>
    <testcase time="0.00199999999995271" classname="ds.log_smk" name="simple_log"/>
    <testcase time="0.00199999999995271" classname="ds.log_smk" name="simple_log"/>
    <testcase time="0.000999999999976353" classname="ds.log_smk" name="simple_log"/>
    <testcase time="0.00200000000018008" classname="ds.log_smk" name="simple_log"/>
  </testsuite>
  <testsuite name="ds.look::smk" timestamp="2019-11-15T18:49:37Z" hostname="fv-az50" tests="5" skipped="0" failures="0" errors="0" time="7.261">
    <testcase time="7.25399999999991" classname="ds.look_smk" name="simple_look"/>
    <testcase time="0.00100000000020373" classname="ds.look_smk" name="simple_look"/>
    <testcase time="0.000999999999748979" classname="ds.look_smk" name="simple_look"/>
    <testcase time="0.00299999999970169" classname="ds.look_smk" name="simple_look"/>
    <testcase time="0.00199999999995271" classname="ds.look_smk" name="simple_look"/>
  </testsuite>
  <testsuite name="ds.ls::smk" timestamp="2019-11-15T18:49:44Z" hostname="fv-az50" tests="7" skipped="0" failures="0" errors="0" time="7.238">
    <testcase time="7.23100000000022" classname="ds.ls_smk" name="simple_ls"/>
    <testcase time="0.000999999999748979" classname="ds.ls_smk" name="simple_ls"/>
    <testcase time="0.00200000000040745" classname="ds.ls_smk" name="simple_ls"/>
    <testcase time="0.000999999999748979" classname="ds.ls_smk" name="simple_ls"/>
    <testcase time="0.00100000000020373" classname="ds.ls_smk" name="simple_ls"/>
    <testcase time="0.000999999999748979" classname="ds.ls_smk" name="simple_ls"/>
    <testcase time="0.00100000000020373" classname="ds.ls_smk" name="simple_ls"/>
  </testsuite>
  <testsuite name="ds.make::smk" timestamp="2019-11-15T18:49:51Z" hostname="fv-az50" tests="3" skipped="0" failures="0" errors="0" time="7.676">
    <testcase time="7.67299999999977" classname="ds.make_smk" name="simple_make"/>
    <testcase time="0.00199999999995271" classname="ds.make_smk" name="simple_make"/>
    <testcase time="0.00100000000020373" classname="ds.make_smk" name="simple_make"/>
  </testsuite>
  <testsuite name="ds.matrixDet::smk" timestamp="2019-11-15T18:49:59Z" hostname="fv-az50" tests="7" skipped="0" failures="0" errors="0" time="9.074">
    <testcase time="8.5630000000001" classname="ds.matrixDet_smk" name="simplest_ds.matrixDet"/>
    <testcase time="0.000999999999748979" classname="ds.matrixDet_smk" name="simplest_ds.matrixDet"/>
    <testcase time="0.00100000000020373" classname="ds.matrixDet_smk" name="simplest_ds.matrixDet"/>
    <testcase time="0.505000000000109" classname="ds.matrixDet_smk" name="simplest_ds.matrixDet"/>
    <testcase time="0.000999999999748979" classname="ds.matrixDet_smk" name="simplest_ds.matrixDet"/>
    <testcase time="0.00199999999995271" classname="ds.matrixDet_smk" name="simplest_ds.matrixDet"/>
    <testcase time="0.00100000000020373" classname="ds.matrixDet_smk" name="simplest_ds.matrixDet"/>
  </testsuite>
  <testsuite name="ds.matrixDet.report::smk" timestamp="2019-11-15T18:50:08Z" hostname="fv-az50" tests="14" skipped="0" failures="0" errors="0" time="8.08">
    <testcase time="8.06399999999985" classname="ds.matrixDet.report_smk" name="simplest_ds.matrixDet.report"/>
    <testcase time="0.00100000000020373" classname="ds.matrixDet.report_smk" name="simplest_ds.matrixDet.report"/>
    <testcase time="0.000999999999748979" classname="ds.matrixDet.report_smk" name="simplest_ds.matrixDet.report"/>
    <testcase time="0.00199999999995271" classname="ds.matrixDet.report_smk" name="simplest_ds.matrixDet.report"/>
    <testcase time="0.00100000000020373" classname="ds.matrixDet.report_smk" name="simplest_ds.matrixDet.report"/>
    <testcase time="0.000999999999748979" classname="ds.matrixDet.report_smk" name="simplest_ds.matrixDet.report"/>
    <testcase time="0.00100000000020373" classname="ds.matrixDet.report_smk" name="simplest_ds.matrixDet.report"/>
    <testcase time="0.00199999999995271" classname="ds.matrixDet.report_smk" name="simplest_ds.matrixDet.report"/>
    <testcase time="0.00100000000020373" classname="ds.matrixDet.report_smk" name="simplest_ds.matrixDet.report"/>
    <testcase time="0.000999999999748979" classname="ds.matrixDet.report_smk" name="simplest_ds.matrixDet.report"/>
    <testcase time="0.000999999999748979" classname="ds.matrixDet.report_smk" name="simplest_ds.matrixDet.report"/>
    <testcase time="0.00100000000020373" classname="ds.matrixDet.report_smk" name="simplest_ds.matrixDet.report"/>
    <testcase time="0.000999999999748979" classname="ds.matrixDet.report_smk" name="simplest_ds.matrixDet.report"/>
    <testcase time="0.00199999999995271" classname="ds.matrixDet.report_smk" name="simplest_ds.matrixDet.report"/>
  </testsuite>
  <testsuite name="ds.matrixDiag::smk" timestamp="2019-11-15T18:50:16Z" hostname="fv-az50" tests="7" skipped="0" failures="0" errors="0" time="8.335">
    <testcase time="7.82600000000002" classname="ds.matrixDiag_smk" name="simplest_ds.matrixDiag"/>
    <testcase time="0.00100000000020373" classname="ds.matrixDiag_smk" name="simplest_ds.matrixDiag"/>
    <testcase time="0.00100000000020373" classname="ds.matrixDiag_smk" name="simplest_ds.matrixDiag"/>
    <testcase time="0.503999999999905" classname="ds.matrixDiag_smk" name="simplest_ds.matrixDiag"/>
    <testcase time="0.000999999999748979" classname="ds.matrixDiag_smk" name="simplest_ds.matrixDiag"/>
    <testcase time="0.00100000000020373" classname="ds.matrixDiag_smk" name="simplest_ds.matrixDiag"/>
    <testcase time="0.000999999999748979" classname="ds.matrixDiag_smk" name="simplest_ds.matrixDiag"/>
  </testsuite>
  <testsuite name="ds.matrixDiag::smk" timestamp="2019-11-15T18:50:17Z" hostname="fv-az50" tests="7" skipped="0" failures="0" errors="0" time="1.334">
    <testcase time="0.816000000000258" classname="ds.matrixDiag_smk" name="simplest_ds.matrixDiag"/>
    <testcase time="0.00199999999995271" classname="ds.matrixDiag_smk" name="simplest_ds.matrixDiag"/>
    <testcase time="0.00199999999995271" classname="ds.matrixDiag_smk" name="simplest_ds.matrixDiag"/>
    <testcase time="0.510000000000218" classname="ds.matrixDiag_smk" name="simplest_ds.matrixDiag"/>
    <testcase time="0.00199999999995271" classname="ds.matrixDiag_smk" name="simplest_ds.matrixDiag"/>
    <testcase time="0.000999999999748979" classname="ds.matrixDiag_smk" name="simplest_ds.matrixDiag"/>
    <testcase time="0.00100000000020373" classname="ds.matrixDiag_smk" name="simplest_ds.matrixDiag"/>
  </testsuite>
  <testsuite name="ds.matrixDimnames::smk" timestamp="2019-11-15T18:50:25Z" hostname="fv-az50" tests="7" skipped="0" failures="0" errors="0" time="8.892">
    <testcase time="8.37699999999995" classname="ds.matrixDimnames_smk" name="simplest_ds.matrixDimnames"/>
    <testcase time="0.000999999999748979" classname="ds.matrixDimnames_smk" name="simplest_ds.matrixDimnames"/>
    <testcase time="0.00200000000040745" classname="ds.matrixDimnames_smk" name="simplest_ds.matrixDimnames"/>
    <testcase time="0.507999999999811" classname="ds.matrixDimnames_smk" name="simplest_ds.matrixDimnames"/>
    <testcase time="0.000999999999748979" classname="ds.matrixDimnames_smk" name="simplest_ds.matrixDimnames"/>
    <testcase time="0.00200000000040745" classname="ds.matrixDimnames_smk" name="simplest_ds.matrixDimnames"/>
    <testcase time="0.000999999999748979" classname="ds.matrixDimnames_smk" name="simplest_ds.matrixDimnames"/>
  </testsuite>
  <testsuite name="ds.matrixInvert::smk" timestamp="2019-11-15T18:50:34Z" hostname="fv-az50" tests="7" skipped="0" failures="0" errors="0" time="8.987">
    <testcase time="8.47400000000016" classname="ds.matrixInvert_smk" name="simplest_ds.matrixInvert"/>
    <testcase time="0.000999999999748979" classname="ds.matrixInvert_smk" name="simplest_ds.matrixInvert"/>
    <testcase time="0.00100000000020373" classname="ds.matrixInvert_smk" name="simplest_ds.matrixInvert"/>
    <testcase time="0.507000000000062" classname="ds.matrixInvert_smk" name="simplest_ds.matrixInvert"/>
    <testcase time="0.00100000000020373" classname="ds.matrixInvert_smk" name="simplest_ds.matrixInvert"/>
    <testcase time="0.000999999999748979" classname="ds.matrixInvert_smk" name="simplest_ds.matrixInvert"/>
    <testcase time="0.00200000000040745" classname="ds.matrixInvert_smk" name="simplest_ds.matrixInvert"/>
  </testsuite>
  <testsuite name="ds.matrixMult::smk" timestamp="2019-11-15T18:50:43Z" hostname="fv-az50" tests="7" skipped="0" failures="0" errors="0" time="9.995">
    <testcase time="9.47599999999966" classname="ds.matrixMult_smk" name="simplest_ds.matrixMult"/>
    <testcase time="0.00100000000020373" classname="ds.matrixMult_smk" name="simplest_ds.matrixMult"/>
    <testcase time="0.00199999999995271" classname="ds.matrixMult_smk" name="simplest_ds.matrixMult"/>
    <testcase time="0.510999999999967" classname="ds.matrixMult_smk" name="simplest_ds.matrixMult"/>
    <testcase time="0.00199999999995271" classname="ds.matrixMult_smk" name="simplest_ds.matrixMult"/>
    <testcase time="0.00100000000020373" classname="ds.matrixMult_smk" name="simplest_ds.matrixMult"/>
    <testcase time="0.00199999999995271" classname="ds.matrixMult_smk" name="simplest_ds.matrixMult"/>
  </testsuite>
  <testsuite name="ds.matrix::smk" timestamp="2019-11-15T18:50:54Z" hostname="fv-az50" tests="7" skipped="0" failures="0" errors="0" time="8.412">
    <testcase time="7.89199999999983" classname="ds.matrix_smk" name="simplest_ds.matrix"/>
    <testcase time="0.00199999999995271" classname="ds.matrix_smk" name="simplest_ds.matrix"/>
    <testcase time="0.00100000000020373" classname="ds.matrix_smk" name="simplest_ds.matrix"/>
    <testcase time="0.51299999999992" classname="ds.matrix_smk" name="simplest_ds.matrix"/>
    <testcase time="0.00199999999995271" classname="ds.matrix_smk" name="simplest_ds.matrix"/>
    <testcase time="0.00100000000020373" classname="ds.matrix_smk" name="simplest_ds.matrix"/>
    <testcase time="0.000999999999748979" classname="ds.matrix_smk" name="simplest_ds.matrix"/>
  </testsuite>
  <testsuite name="ds.matrixTranspose::smk" timestamp="2019-11-15T18:51:02Z" hostname="fv-az50" tests="7" skipped="0" failures="0" errors="0" time="9.162">
    <testcase time="8.63500000000022" classname="ds.matrixTranspose_smk" name="simplest_ds.matrixTranspose"/>
    <testcase time="0.000999999999748979" classname="ds.matrixTranspose_smk" name="simplest_ds.matrixTranspose"/>
    <testcase time="0.00199999999995271" classname="ds.matrixTranspose_smk" name="simplest_ds.matrixTranspose"/>
    <testcase time="0.519999999999982" classname="ds.matrixTranspose_smk" name="simplest_ds.matrixTranspose"/>
    <testcase time="0.00200000000040745" classname="ds.matrixTranspose_smk" name="simplest_ds.matrixTranspose"/>
    <testcase time="0.000999999999748979" classname="ds.matrixTranspose_smk" name="simplest_ds.matrixTranspose"/>
    <testcase time="0.00100000000020373" classname="ds.matrixTranspose_smk" name="simplest_ds.matrixTranspose"/>
  </testsuite>
  <testsuite name="ds.meanByClass::smk::calculate the mean proportion for LAB_HDL across gender categories" timestamp="2019-11-15T18:51:11Z" hostname="fv-az50" tests="3" skipped="0" failures="0" errors="0" time="12.574">
    <testcase time="12.5709999999999" classname="ds.meanByClass_smk_calculate_the_mean_proportion_for_LAB_HDL_across_gender_categories" name="LAB_HDL_across_gender"/>
    <testcase time="0.000999999999748979" classname="ds.meanByClass_smk_calculate_the_mean_proportion_for_LAB_HDL_across_gender_categories" name="LAB_HDL_across_gender"/>
    <testcase time="0.00199999999995271" classname="ds.meanByClass_smk_calculate_the_mean_proportion_for_LAB_HDL_across_gender_categories" name="LAB_HDL_across_gender"/>
  </testsuite>
  <testsuite name="ds.meanByClass::smk::LAB_HDL across GENDER categories where both vectors are 'loose'" timestamp="2019-11-15T18:51:17Z" hostname="fv-az50" tests="3" skipped="0" failures="0" errors="0" time="8.133">
    <testcase time="8.13000000000011" classname="ds.meanByClass_smk_LAB_HDL_across_GENDER_categories_where_both_vectors_are_loose_" name="LAB_HDL_across_gender_loose"/>
    <testcase time="0.00199999999995271" classname="ds.meanByClass_smk_LAB_HDL_across_GENDER_categories_where_both_vectors_are_loose_" name="LAB_HDL_across_gender_loose"/>
    <testcase time="0.00100000000020373" classname="ds.meanByClass_smk_LAB_HDL_across_GENDER_categories_where_both_vectors_are_loose_" name="LAB_HDL_across_gender_loose"/>
  </testsuite>
  <testsuite name="ds.meanByClass::smk::calculate the mean proportion for LAB_HDL across gender and bmi categories" timestamp="2019-11-15T18:51:25Z" hostname="fv-az50" tests="5" skipped="0" failures="0" errors="0" time="7.229">
    <testcase time="7.22299999999996" classname="ds.meanByClass_smk_calculate_the_mean_proportion_for_LAB_HDL_across_gender_and_bmi_categories" name="LAB_HDL_across_gender_bmi"/>
    <testcase time="0.00199999999995271" classname="ds.meanByClass_smk_calculate_the_mean_proportion_for_LAB_HDL_across_gender_and_bmi_categories" name="LAB_HDL_across_gender_bmi"/>
    <testcase time="0.00199999999995271" classname="ds.meanByClass_smk_calculate_the_mean_proportion_for_LAB_HDL_across_gender_and_bmi_categories" name="LAB_HDL_across_gender_bmi"/>
    <testcase time="0.00100000000020373" classname="ds.meanByClass_smk_calculate_the_mean_proportion_for_LAB_HDL_across_gender_and_bmi_categories" name="LAB_HDL_across_gender_bmi"/>
    <testcase time="0.000999999999748979" classname="ds.meanByClass_smk_calculate_the_mean_proportion_for_LAB_HDL_across_gender_and_bmi_categories" name="LAB_HDL_across_gender_bmi"/>
  </testsuite>
  <testsuite name="ds.meanByClass::smk::calculate the mean proportion for LAB_HDL across gender bmi and diabetes status categories" timestamp="2019-11-15T18:51:32Z" hostname="fv-az50" tests="6" skipped="0" failures="0" errors="0" time="56.897">
    <testcase time="56.8900000000003" classname="ds.meanByClass_smk_calculate_the_mean_proportion_for_LAB_HDL_across_gender_bmi_and_diabetes_status_categories" name="LAB_HDL_across_gender_bmi_diabetes"/>
    <testcase time="0.00100000000020373" classname="ds.meanByClass_smk_calculate_the_mean_proportion_for_LAB_HDL_across_gender_bmi_and_diabetes_status_categories" name="LAB_HDL_across_gender_bmi_diabetes"/>
    <testcase time="0.000999999999748979" classname="ds.meanByClass_smk_calculate_the_mean_proportion_for_LAB_HDL_across_gender_bmi_and_diabetes_status_categories" name="LAB_HDL_across_gender_bmi_diabetes"/>
    <testcase time="0.00100000000020373" classname="ds.meanByClass_smk_calculate_the_mean_proportion_for_LAB_HDL_across_gender_bmi_and_diabetes_status_categories" name="LAB_HDL_across_gender_bmi_diabetes"/>
    <testcase time="0.00199999999995271" classname="ds.meanByClass_smk_calculate_the_mean_proportion_for_LAB_HDL_across_gender_bmi_and_diabetes_status_categories" name="LAB_HDL_across_gender_bmi_diabetes"/>
    <testcase time="0.00199999999995271" classname="ds.meanByClass_smk_calculate_the_mean_proportion_for_LAB_HDL_across_gender_bmi_and_diabetes_status_categories" name="LAB_HDL_across_gender_bmi_diabetes"/>
  </testsuite>
  <testsuite name="ds.meanByClass::smk::calculate the mean proportion for LAB_HDL across gender categories for each study separately" timestamp="2019-11-15T18:52:29Z" hostname="fv-az50" tests="6" skipped="0" failures="0" errors="0" time="8.333">
    <testcase time="8.32600000000002" classname="ds.meanByClass_smk_calculate_the_mean_proportion_for_LAB_HDL_across_gender_categories_for_each_study_separately" name="LAB_HDL_across_gender_split"/>
    <testcase time="0.00199999999995271" classname="ds.meanByClass_smk_calculate_the_mean_proportion_for_LAB_HDL_across_gender_categories_for_each_study_separately" name="LAB_HDL_across_gender_split"/>
    <testcase time="0.00100000000020373" classname="ds.meanByClass_smk_calculate_the_mean_proportion_for_LAB_HDL_across_gender_categories_for_each_study_separately" name="LAB_HDL_across_gender_split"/>
    <testcase time="0.000999999999748979" classname="ds.meanByClass_smk_calculate_the_mean_proportion_for_LAB_HDL_across_gender_categories_for_each_study_separately" name="LAB_HDL_across_gender_split"/>
    <testcase time="0.00100000000020373" classname="ds.meanByClass_smk_calculate_the_mean_proportion_for_LAB_HDL_across_gender_categories_for_each_study_separately" name="LAB_HDL_across_gender_split"/>
    <testcase time="0.00199999999995271" classname="ds.meanByClass_smk_calculate_the_mean_proportion_for_LAB_HDL_across_gender_categories_for_each_study_separately" name="LAB_HDL_across_gender_split"/>
  </testsuite>
  <testsuite name="ds.mean::smk::type=combine" timestamp="2019-11-15T18:52:44Z" hostname="fv-az50" tests="23" skipped="0" failures="0" errors="0" time="8.631">
    <testcase time="8.35300000000007" classname="ds.mean_smk_type_combine" name="mean_values_combine_"/>
    <testcase time="0.00199999999995271" classname="ds.mean_smk_type_combine" name="mean_values_combine_"/>
    <testcase time="0.000999999999748979" classname="ds.mean_smk_type_combine" name="mean_values_combine_"/>
    <testcase time="0.00100000000020373" classname="ds.mean_smk_type_combine" name="mean_values_combine_"/>
    <testcase time="0.000999999999748979" classname="ds.mean_smk_type_combine" name="mean_values_combine_"/>
    <testcase time="0.00200000000040745" classname="ds.mean_smk_type_combine" name="mean_values_combine_"/>
    <testcase time="0.000999999999748979" classname="ds.mean_smk_type_combine" name="mean_values_combine_"/>
    <testcase time="0.00100000000020373" classname="ds.mean_smk_type_combine" name="mean_values_combine_"/>
    <testcase time="0.000999999999748979" classname="ds.mean_smk_type_combine" name="mean_values_combine_"/>
    <testcase time="0.00199999999995271" classname="ds.mean_smk_type_combine" name="mean_values_combine_"/>
    <testcase time="0.00100000000020373" classname="ds.mean_smk_type_combine" name="mean_values_combine_"/>
    <testcase time="0.25" classname="ds.mean_smk_type_combine" name="mean_values_combine_"/>
    <testcase time="0.00199999999995271" classname="ds.mean_smk_type_combine" name="mean_values_combine_"/>
    <testcase time="0.000999999999748979" classname="ds.mean_smk_type_combine" name="mean_values_combine_"/>
    <testcase time="0.00100000000020373" classname="ds.mean_smk_type_combine" name="mean_values_combine_"/>
    <testcase time="0.00100000000020373" classname="ds.mean_smk_type_combine" name="mean_values_combine_"/>
    <testcase time="0.00199999999995271" classname="ds.mean_smk_type_combine" name="mean_values_combine_"/>
    <testcase time="0.000999999999748979" classname="ds.mean_smk_type_combine" name="mean_values_combine_"/>
    <testcase time="0.00100000000020373" classname="ds.mean_smk_type_combine" name="mean_values_combine_"/>
    <testcase time="0.00199999999995271" classname="ds.mean_smk_type_combine" name="mean_values_combine_"/>
    <testcase time="0.000999999999748979" classname="ds.mean_smk_type_combine" name="mean_values_combine_"/>
    <testcase time="0.00100000000020373" classname="ds.mean_smk_type_combine" name="mean_values_combine_"/>
    <testcase time="0.00199999999995271" classname="ds.mean_smk_type_combine" name="mean_values_combine_"/>
  </testsuite>
  <testsuite name="ds.mean::smk::type=split" timestamp="2019-11-15T18:52:46Z" hostname="fv-az50" tests="31" skipped="0" failures="0" errors="0" time="1.576">
    <testcase time="1.27199999999993" classname="ds.mean_smk_type_split" name="mean_values_split_"/>
    <testcase time="0.00100000000020373" classname="ds.mean_smk_type_split" name="mean_values_split_"/>
    <testcase time="0.000999999999748979" classname="ds.mean_smk_type_split" name="mean_values_split_"/>
    <testcase time="0.00199999999995271" classname="ds.mean_smk_type_split" name="mean_values_split_"/>
    <testcase time="0.00100000000020373" classname="ds.mean_smk_type_split" name="mean_values_split_"/>
    <testcase time="0.00100000000020373" classname="ds.mean_smk_type_split" name="mean_values_split_"/>
    <testcase time="0.000999999999748979" classname="ds.mean_smk_type_split" name="mean_values_split_"/>
    <testcase time="0.00199999999995271" classname="ds.mean_smk_type_split" name="mean_values_split_"/>
    <testcase time="0.00100000000020373" classname="ds.mean_smk_type_split" name="mean_values_split_"/>
    <testcase time="0.000999999999748979" classname="ds.mean_smk_type_split" name="mean_values_split_"/>
    <testcase time="0.00199999999995271" classname="ds.mean_smk_type_split" name="mean_values_split_"/>
    <testcase time="0.00100000000020373" classname="ds.mean_smk_type_split" name="mean_values_split_"/>
    <testcase time="0.00199999999995271" classname="ds.mean_smk_type_split" name="mean_values_split_"/>
    <testcase time="0.00100000000020373" classname="ds.mean_smk_type_split" name="mean_values_split_"/>
    <testcase time="0.00199999999995271" classname="ds.mean_smk_type_split" name="mean_values_split_"/>
    <testcase time="0.000999999999748979" classname="ds.mean_smk_type_split" name="mean_values_split_"/>
    <testcase time="0.00100000000020373" classname="ds.mean_smk_type_split" name="mean_values_split_"/>
    <testcase time="0.00199999999995271" classname="ds.mean_smk_type_split" name="mean_values_split_"/>
    <testcase time="0.00100000000020373" classname="ds.mean_smk_type_split" name="mean_values_split_"/>
    <testcase time="0.263999999999669" classname="ds.mean_smk_type_split" name="mean_values_split_"/>
    <testcase time="0.00199999999995271" classname="ds.mean_smk_type_split" name="mean_values_split_"/>
    <testcase time="0.00100000000020373" classname="ds.mean_smk_type_split" name="mean_values_split_"/>
    <testcase time="0.00199999999995271" classname="ds.mean_smk_type_split" name="mean_values_split_"/>
    <testcase time="0.00100000000020373" classname="ds.mean_smk_type_split" name="mean_values_split_"/>
    <testcase time="0.000999999999748979" classname="ds.mean_smk_type_split" name="mean_values_split_"/>
    <testcase time="0.000999999999748979" classname="ds.mean_smk_type_split" name="mean_values_split_"/>
    <testcase time="0.00199999999995271" classname="ds.mean_smk_type_split" name="mean_values_split_"/>
    <testcase time="0.00199999999995271" classname="ds.mean_smk_type_split" name="mean_values_split_"/>
    <testcase time="0.00100000000020373" classname="ds.mean_smk_type_split" name="mean_values_split_"/>
    <testcase time="0.00199999999995271" classname="ds.mean_smk_type_split" name="mean_values_split_"/>
    <testcase time="0.00100000000020373" classname="ds.mean_smk_type_split" name="mean_values_split_"/>
  </testsuite>
  <testsuite name="ds.mean::smk::type=both" timestamp="2019-11-15T18:52:47Z" hostname="fv-az50" tests="36" skipped="0" failures="0" errors="0" time="1.579">
    <testcase time="1.27399999999989" classname="ds.mean_smk_type_both" name="mean_values_both_"/>
    <testcase time="0.00199999999995271" classname="ds.mean_smk_type_both" name="mean_values_both_"/>
    <testcase time="0.00100000000020373" classname="ds.mean_smk_type_both" name="mean_values_both_"/>
    <testcase time="0.000999999999748979" classname="ds.mean_smk_type_both" name="mean_values_both_"/>
    <testcase time="0.00199999999995271" classname="ds.mean_smk_type_both" name="mean_values_both_"/>
    <testcase time="0.00100000000020373" classname="ds.mean_smk_type_both" name="mean_values_both_"/>
    <testcase time="0.000999999999748979" classname="ds.mean_smk_type_both" name="mean_values_both_"/>
    <testcase time="0.00199999999995271" classname="ds.mean_smk_type_both" name="mean_values_both_"/>
    <testcase time="0.00100000000020373" classname="ds.mean_smk_type_both" name="mean_values_both_"/>
    <testcase time="0.00199999999995271" classname="ds.mean_smk_type_both" name="mean_values_both_"/>
    <testcase time="0.00100000000020373" classname="ds.mean_smk_type_both" name="mean_values_both_"/>
    <testcase time="0.00199999999995271" classname="ds.mean_smk_type_both" name="mean_values_both_"/>
    <testcase time="0.00199999999995271" classname="ds.mean_smk_type_both" name="mean_values_both_"/>
    <testcase time="0.000999999999748979" classname="ds.mean_smk_type_both" name="mean_values_both_"/>
    <testcase time="0.00199999999995271" classname="ds.mean_smk_type_both" name="mean_values_both_"/>
    <testcase time="0.00100000000020373" classname="ds.mean_smk_type_both" name="mean_values_both_"/>
    <testcase time="0.00199999999995271" classname="ds.mean_smk_type_both" name="mean_values_both_"/>
    <testcase time="0.00199999999995271" classname="ds.mean_smk_type_both" name="mean_values_both_"/>
    <testcase time="0.00100000000020373" classname="ds.mean_smk_type_both" name="mean_values_both_"/>
    <testcase time="0.00199999999995271" classname="ds.mean_smk_type_both" name="mean_values_both_"/>
    <testcase time="0.00199999999995271" classname="ds.mean_smk_type_both" name="mean_values_both_"/>
    <testcase time="0.00100000000020373" classname="ds.mean_smk_type_both" name="mean_values_both_"/>
    <testcase time="0.00199999999995271" classname="ds.mean_smk_type_both" name="mean_values_both_"/>
    <testcase time="0.000999999999748979" classname="ds.mean_smk_type_both" name="mean_values_both_"/>
    <testcase time="0.251000000000204" classname="ds.mean_smk_type_both" name="mean_values_both_"/>
    <testcase time="0.00199999999995271" classname="ds.mean_smk_type_both" name="mean_values_both_"/>
    <testcase time="0.00199999999995271" classname="ds.mean_smk_type_both" name="mean_values_both_"/>
    <testcase time="0.000999999999748979" classname="ds.mean_smk_type_both" name="mean_values_both_"/>
    <testcase time="0.00200000000040745" classname="ds.mean_smk_type_both" name="mean_values_both_"/>
    <testcase time="0.00199999999995271" classname="ds.mean_smk_type_both" name="mean_values_both_"/>
    <testcase time="0.00199999999995271" classname="ds.mean_smk_type_both" name="mean_values_both_"/>
    <testcase time="0.00199999999995271" classname="ds.mean_smk_type_both" name="mean_values_both_"/>
    <testcase time="0.000999999999748979" classname="ds.mean_smk_type_both" name="mean_values_both_"/>
    <testcase time="0.00200000000040745" classname="ds.mean_smk_type_both" name="mean_values_both_"/>
    <testcase time="0.000999999999748979" classname="ds.mean_smk_type_both" name="mean_values_both_"/>
    <testcase time="0.00199999999995271" classname="ds.mean_smk_type_both" name="mean_values_both_"/>
  </testsuite>
  <testsuite name="ds.mean::smk::type=combine,save.mean.Nvalid=TRUE" timestamp="2019-11-15T18:52:49Z" hostname="fv-az50" tests="23" skipped="0" failures="0" errors="0" time="3.946">
    <testcase time="3.6579999999999" classname="ds.mean_smk_type_combine_save.mean.Nvalid_TRUE" name="mean_values_combine_"/>
    <testcase time="0.00100000000020373" classname="ds.mean_smk_type_combine_save.mean.Nvalid_TRUE" name="mean_values_combine_"/>
    <testcase time="0.00100000000020373" classname="ds.mean_smk_type_combine_save.mean.Nvalid_TRUE" name="mean_values_combine_"/>
    <testcase time="0.00100000000020373" classname="ds.mean_smk_type_combine_save.mean.Nvalid_TRUE" name="mean_values_combine_"/>
    <testcase time="0.00199999999995271" classname="ds.mean_smk_type_combine_save.mean.Nvalid_TRUE" name="mean_values_combine_"/>
    <testcase time="0.000999999999748979" classname="ds.mean_smk_type_combine_save.mean.Nvalid_TRUE" name="mean_values_combine_"/>
    <testcase time="0.00100000000020373" classname="ds.mean_smk_type_combine_save.mean.Nvalid_TRUE" name="mean_values_combine_"/>
    <testcase time="0.00199999999995271" classname="ds.mean_smk_type_combine_save.mean.Nvalid_TRUE" name="mean_values_combine_"/>
    <testcase time="0.00100000000020373" classname="ds.mean_smk_type_combine_save.mean.Nvalid_TRUE" name="mean_values_combine_"/>
    <testcase time="0.000999999999748979" classname="ds.mean_smk_type_combine_save.mean.Nvalid_TRUE" name="mean_values_combine_"/>
    <testcase time="0.00199999999995271" classname="ds.mean_smk_type_combine_save.mean.Nvalid_TRUE" name="mean_values_combine_"/>
    <testcase time="0.258000000000266" classname="ds.mean_smk_type_combine_save.mean.Nvalid_TRUE" name="mean_values_combine_"/>
    <testcase time="0.00199999999995271" classname="ds.mean_smk_type_combine_save.mean.Nvalid_TRUE" name="mean_values_combine_"/>
    <testcase time="0.000999999999748979" classname="ds.mean_smk_type_combine_save.mean.Nvalid_TRUE" name="mean_values_combine_"/>
    <testcase time="0.00199999999995271" classname="ds.mean_smk_type_combine_save.mean.Nvalid_TRUE" name="mean_values_combine_"/>
    <testcase time="0.00100000000020373" classname="ds.mean_smk_type_combine_save.mean.Nvalid_TRUE" name="mean_values_combine_"/>
    <testcase time="0.00199999999995271" classname="ds.mean_smk_type_combine_save.mean.Nvalid_TRUE" name="mean_values_combine_"/>
    <testcase time="0.00100000000020373" classname="ds.mean_smk_type_combine_save.mean.Nvalid_TRUE" name="mean_values_combine_"/>
    <testcase time="0.00199999999995271" classname="ds.mean_smk_type_combine_save.mean.Nvalid_TRUE" name="mean_values_combine_"/>
    <testcase time="0.000999999999748979" classname="ds.mean_smk_type_combine_save.mean.Nvalid_TRUE" name="mean_values_combine_"/>
    <testcase time="0.00199999999995271" classname="ds.mean_smk_type_combine_save.mean.Nvalid_TRUE" name="mean_values_combine_"/>
    <testcase time="0.00100000000020373" classname="ds.mean_smk_type_combine_save.mean.Nvalid_TRUE" name="mean_values_combine_"/>
    <testcase time="0.00199999999995271" classname="ds.mean_smk_type_combine_save.mean.Nvalid_TRUE" name="mean_values_combine_"/>
  </testsuite>
  <testsuite name="ds.mean::smk::type=split,save.mean.Nvalid=TRUE" timestamp="2019-11-15T18:52:53Z" hostname="fv-az50" tests="31" skipped="0" failures="0" errors="0" time="3.97">
    <testcase time="3.66899999999987" classname="ds.mean_smk_type_split_save.mean.Nvalid_TRUE" name="mean_values_split_"/>
    <testcase time="0.00100000000020373" classname="ds.mean_smk_type_split_save.mean.Nvalid_TRUE" name="mean_values_split_"/>
    <testcase time="0.00199999999995271" classname="ds.mean_smk_type_split_save.mean.Nvalid_TRUE" name="mean_values_split_"/>
    <testcase time="0.000999999999748979" classname="ds.mean_smk_type_split_save.mean.Nvalid_TRUE" name="mean_values_split_"/>
    <testcase time="0.00100000000020373" classname="ds.mean_smk_type_split_save.mean.Nvalid_TRUE" name="mean_values_split_"/>
    <testcase time="0.00199999999995271" classname="ds.mean_smk_type_split_save.mean.Nvalid_TRUE" name="mean_values_split_"/>
    <testcase time="0.00100000000020373" classname="ds.mean_smk_type_split_save.mean.Nvalid_TRUE" name="mean_values_split_"/>
    <testcase time="0.00199999999995271" classname="ds.mean_smk_type_split_save.mean.Nvalid_TRUE" name="mean_values_split_"/>
    <testcase time="0.000999999999748979" classname="ds.mean_smk_type_split_save.mean.Nvalid_TRUE" name="mean_values_split_"/>
    <testcase time="0.00199999999995271" classname="ds.mean_smk_type_split_save.mean.Nvalid_TRUE" name="mean_values_split_"/>
    <testcase time="0.00100000000020373" classname="ds.mean_smk_type_split_save.mean.Nvalid_TRUE" name="mean_values_split_"/>
    <testcase time="0.00100000000020373" classname="ds.mean_smk_type_split_save.mean.Nvalid_TRUE" name="mean_values_split_"/>
    <testcase time="0.00199999999995271" classname="ds.mean_smk_type_split_save.mean.Nvalid_TRUE" name="mean_values_split_"/>
    <testcase time="0.000999999999748979" classname="ds.mean_smk_type_split_save.mean.Nvalid_TRUE" name="mean_values_split_"/>
    <testcase time="0.00199999999995271" classname="ds.mean_smk_type_split_save.mean.Nvalid_TRUE" name="mean_values_split_"/>
    <testcase time="0.00100000000020373" classname="ds.mean_smk_type_split_save.mean.Nvalid_TRUE" name="mean_values_split_"/>
    <testcase time="0.00199999999995271" classname="ds.mean_smk_type_split_save.mean.Nvalid_TRUE" name="mean_values_split_"/>
    <testcase time="0.00199999999995271" classname="ds.mean_smk_type_split_save.mean.Nvalid_TRUE" name="mean_values_split_"/>
    <testcase time="0.00100000000020373" classname="ds.mean_smk_type_split_save.mean.Nvalid_TRUE" name="mean_values_split_"/>
    <testcase time="0.253999999999905" classname="ds.mean_smk_type_split_save.mean.Nvalid_TRUE" name="mean_values_split_"/>
    <testcase time="0.00199999999995271" classname="ds.mean_smk_type_split_save.mean.Nvalid_TRUE" name="mean_values_split_"/>
    <testcase time="0.00199999999995271" classname="ds.mean_smk_type_split_save.mean.Nvalid_TRUE" name="mean_values_split_"/>
    <testcase time="0.00199999999995271" classname="ds.mean_smk_type_split_save.mean.Nvalid_TRUE" name="mean_values_split_"/>
    <testcase time="0.00100000000020373" classname="ds.mean_smk_type_split_save.mean.Nvalid_TRUE" name="mean_values_split_"/>
    <testcase time="0.00199999999995271" classname="ds.mean_smk_type_split_save.mean.Nvalid_TRUE" name="mean_values_split_"/>
    <testcase time="0.00199999999995271" classname="ds.mean_smk_type_split_save.mean.Nvalid_TRUE" name="mean_values_split_"/>
    <testcase time="0.00199999999995271" classname="ds.mean_smk_type_split_save.mean.Nvalid_TRUE" name="mean_values_split_"/>
    <testcase time="0.00199999999995271" classname="ds.mean_smk_type_split_save.mean.Nvalid_TRUE" name="mean_values_split_"/>
    <testcase time="0.00199999999995271" classname="ds.mean_smk_type_split_save.mean.Nvalid_TRUE" name="mean_values_split_"/>
    <testcase time="0.00199999999995271" classname="ds.mean_smk_type_split_save.mean.Nvalid_TRUE" name="mean_values_split_"/>
    <testcase time="0.00199999999995271" classname="ds.mean_smk_type_split_save.mean.Nvalid_TRUE" name="mean_values_split_"/>
  </testsuite>
  <testsuite name="ds.mean::smk::type=both,save.mean.Nvalid=TRUE" timestamp="2019-11-15T18:52:57Z" hostname="fv-az50" tests="36" skipped="0" failures="0" errors="0" time="2.965">
    <testcase time="2.6560000000004" classname="ds.mean_smk_type_both_save.mean.Nvalid_TRUE" name="mean_values_both_"/>
    <testcase time="0.000999999999748979" classname="ds.mean_smk_type_both_save.mean.Nvalid_TRUE" name="mean_values_both_"/>
    <testcase time="0.00199999999995271" classname="ds.mean_smk_type_both_save.mean.Nvalid_TRUE" name="mean_values_both_"/>
    <testcase time="0.00100000000020373" classname="ds.mean_smk_type_both_save.mean.Nvalid_TRUE" name="mean_values_both_"/>
    <testcase time="0.00199999999995271" classname="ds.mean_smk_type_both_save.mean.Nvalid_TRUE" name="mean_values_both_"/>
    <testcase time="0.000999999999748979" classname="ds.mean_smk_type_both_save.mean.Nvalid_TRUE" name="mean_values_both_"/>
    <testcase time="0.00199999999995271" classname="ds.mean_smk_type_both_save.mean.Nvalid_TRUE" name="mean_values_both_"/>
    <testcase time="0.00100000000020373" classname="ds.mean_smk_type_both_save.mean.Nvalid_TRUE" name="mean_values_both_"/>
    <testcase time="0.00199999999995271" classname="ds.mean_smk_type_both_save.mean.Nvalid_TRUE" name="mean_values_both_"/>
    <testcase time="0.00100000000020373" classname="ds.mean_smk_type_both_save.mean.Nvalid_TRUE" name="mean_values_both_"/>
    <testcase time="0.00199999999995271" classname="ds.mean_smk_type_both_save.mean.Nvalid_TRUE" name="mean_values_both_"/>
    <testcase time="0.000999999999748979" classname="ds.mean_smk_type_both_save.mean.Nvalid_TRUE" name="mean_values_both_"/>
    <testcase time="0.000999999999748979" classname="ds.mean_smk_type_both_save.mean.Nvalid_TRUE" name="mean_values_both_"/>
    <testcase time="0.00100000000020373" classname="ds.mean_smk_type_both_save.mean.Nvalid_TRUE" name="mean_values_both_"/>
    <testcase time="0.00199999999995271" classname="ds.mean_smk_type_both_save.mean.Nvalid_TRUE" name="mean_values_both_"/>
    <testcase time="0.00199999999995271" classname="ds.mean_smk_type_both_save.mean.Nvalid_TRUE" name="mean_values_both_"/>
    <testcase time="0.00100000000020373" classname="ds.mean_smk_type_both_save.mean.Nvalid_TRUE" name="mean_values_both_"/>
    <testcase time="0.00199999999995271" classname="ds.mean_smk_type_both_save.mean.Nvalid_TRUE" name="mean_values_both_"/>
    <testcase time="0.000999999999748979" classname="ds.mean_smk_type_both_save.mean.Nvalid_TRUE" name="mean_values_both_"/>
    <testcase time="0.00200000000040745" classname="ds.mean_smk_type_both_save.mean.Nvalid_TRUE" name="mean_values_both_"/>
    <testcase time="0.000999999999748979" classname="ds.mean_smk_type_both_save.mean.Nvalid_TRUE" name="mean_values_both_"/>
    <testcase time="0.00199999999995271" classname="ds.mean_smk_type_both_save.mean.Nvalid_TRUE" name="mean_values_both_"/>
    <testcase time="0.00199999999995271" classname="ds.mean_smk_type_both_save.mean.Nvalid_TRUE" name="mean_values_both_"/>
    <testcase time="0.00100000000020373" classname="ds.mean_smk_type_both_save.mean.Nvalid_TRUE" name="mean_values_both_"/>
    <testcase time="0.255999999999858" classname="ds.mean_smk_type_both_save.mean.Nvalid_TRUE" name="mean_values_both_"/>
    <testcase time="0.00199999999995271" classname="ds.mean_smk_type_both_save.mean.Nvalid_TRUE" name="mean_values_both_"/>
    <testcase time="0.00100000000020373" classname="ds.mean_smk_type_both_save.mean.Nvalid_TRUE" name="mean_values_both_"/>
    <testcase time="0.00199999999995271" classname="ds.mean_smk_type_both_save.mean.Nvalid_TRUE" name="mean_values_both_"/>
    <testcase time="0.00199999999995271" classname="ds.mean_smk_type_both_save.mean.Nvalid_TRUE" name="mean_values_both_"/>
    <testcase time="0.00199999999995271" classname="ds.mean_smk_type_both_save.mean.Nvalid_TRUE" name="mean_values_both_"/>
    <testcase time="0.00100000000020373" classname="ds.mean_smk_type_both_save.mean.Nvalid_TRUE" name="mean_values_both_"/>
    <testcase time="0.00199999999995271" classname="ds.mean_smk_type_both_save.mean.Nvalid_TRUE" name="mean_values_both_"/>
    <testcase time="0.00199999999995271" classname="ds.mean_smk_type_both_save.mean.Nvalid_TRUE" name="mean_values_both_"/>
    <testcase time="0.00199999999995271" classname="ds.mean_smk_type_both_save.mean.Nvalid_TRUE" name="mean_values_both_"/>
    <testcase time="0.00100000000020373" classname="ds.mean_smk_type_both_save.mean.Nvalid_TRUE" name="mean_values_both_"/>
    <testcase time="0.00199999999995271" classname="ds.mean_smk_type_both_save.mean.Nvalid_TRUE" name="mean_values_both_"/>
  </testsuite>
  <testsuite name="ds.meanSdGp::smk::type=split" timestamp="2019-11-15T18:53:07Z" hostname="fv-az50" tests="8" skipped="0" failures="0" errors="0" time="7.46">
    <testcase time="7.45100000000002" classname="ds.meanSdGp_smk_type_split" name="meanSdGp_values_split_"/>
    <testcase time="0.00199999999995271" classname="ds.meanSdGp_smk_type_split" name="meanSdGp_values_split_"/>
    <testcase time="0.000999999999748979" classname="ds.meanSdGp_smk_type_split" name="meanSdGp_values_split_"/>
    <testcase time="0.00100000000020373" classname="ds.meanSdGp_smk_type_split" name="meanSdGp_values_split_"/>
    <testcase time="0.000999999999748979" classname="ds.meanSdGp_smk_type_split" name="meanSdGp_values_split_"/>
    <testcase time="0.00100000000020373" classname="ds.meanSdGp_smk_type_split" name="meanSdGp_values_split_"/>
    <testcase time="0.00199999999995271" classname="ds.meanSdGp_smk_type_split" name="meanSdGp_values_split_"/>
    <testcase time="0.00100000000020373" classname="ds.meanSdGp_smk_type_split" name="meanSdGp_values_split_"/>
  </testsuite>
  <testsuite name="ds.meanSdGp::smk::type=combine" timestamp="2019-11-15T18:53:07Z" hostname="fv-az50" tests="8" skipped="0" failures="0" errors="0" time="0.269">
    <testcase time="0.259999999999764" classname="ds.meanSdGp_smk_type_combine" name="meanSdGp_values_combine_"/>
    <testcase time="0.00199999999995271" classname="ds.meanSdGp_smk_type_combine" name="meanSdGp_values_combine_"/>
    <testcase time="0.00100000000020373" classname="ds.meanSdGp_smk_type_combine" name="meanSdGp_values_combine_"/>
    <testcase time="0.000999999999748979" classname="ds.meanSdGp_smk_type_combine" name="meanSdGp_values_combine_"/>
    <testcase time="0.00100000000020373" classname="ds.meanSdGp_smk_type_combine" name="meanSdGp_values_combine_"/>
    <testcase time="0.00199999999995271" classname="ds.meanSdGp_smk_type_combine" name="meanSdGp_values_combine_"/>
    <testcase time="0.000999999999748979" classname="ds.meanSdGp_smk_type_combine" name="meanSdGp_values_combine_"/>
    <testcase time="0.00100000000020373" classname="ds.meanSdGp_smk_type_combine" name="meanSdGp_values_combine_"/>
  </testsuite>
  <testsuite name="ds.meanSdGp::smk::type=both" timestamp="2019-11-15T18:53:08Z" hostname="fv-az50" tests="8" skipped="0" failures="0" errors="0" time="0.27">
    <testcase time="0.260999999999967" classname="ds.meanSdGp_smk_type_both" name="meanSdGp_values_both_"/>
    <testcase time="0.00199999999995271" classname="ds.meanSdGp_smk_type_both" name="meanSdGp_values_both_"/>
    <testcase time="0.00100000000020373" classname="ds.meanSdGp_smk_type_both" name="meanSdGp_values_both_"/>
    <testcase time="0.000999999999748979" classname="ds.meanSdGp_smk_type_both" name="meanSdGp_values_both_"/>
    <testcase time="0.000999999999748979" classname="ds.meanSdGp_smk_type_both" name="meanSdGp_values_both_"/>
    <testcase time="0.00100000000020373" classname="ds.meanSdGp_smk_type_both" name="meanSdGp_values_both_"/>
    <testcase time="0.00199999999995271" classname="ds.meanSdGp_smk_type_both" name="meanSdGp_values_both_"/>
    <testcase time="0.00100000000020373" classname="ds.meanSdGp_smk_type_both" name="meanSdGp_values_both_"/>
  </testsuite>
  <testsuite name="ds.merge::smk" timestamp="2019-11-15T18:53:15Z" hostname="fv-az50" tests="7" skipped="0" failures="0" errors="0" time="12.44">
    <testcase time="11.924" classname="ds.merge_smk" name="simple_test"/>
    <testcase time="0.000999999999748979" classname="ds.merge_smk" name="simple_test"/>
    <testcase time="0.00199999999995271" classname="ds.merge_smk" name="simple_test"/>
    <testcase time="0.509000000000015" classname="ds.merge_smk" name="simple_test"/>
    <testcase time="0.00199999999995271" classname="ds.merge_smk" name="simple_test"/>
    <testcase time="0.00100000000020373" classname="ds.merge_smk" name="simple_test"/>
    <testcase time="0.00100000000020373" classname="ds.merge_smk" name="simple_test"/>
  </testsuite>
  <testsuite name="ds.message::smk" timestamp="2019-11-15T18:53:27Z" hostname="fv-az50" tests="12" skipped="0" failures="0" errors="0" time="10.33">
    <testcase time="7.37599999999975" classname="ds.message_smk" name="not_exists_request_message"/>
    <testcase time="0.00199999999995271" classname="ds.message_smk" name="not_exists_request_message"/>
    <testcase time="0.00100000000020373" classname="ds.message_smk" name="not_exists_request_message"/>
    <testcase time="0.000999999999748979" classname="ds.message_smk" name="not_exists_request_message"/>
    <testcase time="1.74299999999994" classname="ds.message_smk" name="exists_request_message"/>
    <testcase time="0.00200000000040745" classname="ds.message_smk" name="exists_request_message"/>
    <testcase time="0.00299999999970169" classname="ds.message_smk" name="exists_request_message"/>
    <testcase time="0.00100000000020373" classname="ds.message_smk" name="exists_request_message"/>
    <testcase time="1.19599999999991" classname="ds.message_smk" name="partial_request_message"/>
    <testcase time="0.00199999999995271" classname="ds.message_smk" name="partial_request_message"/>
    <testcase time="0.00100000000020373" classname="ds.message_smk" name="partial_request_message"/>
    <testcase time="0.00199999999995271" classname="ds.message_smk" name="partial_request_message"/>
  </testsuite>
  <testsuite name="ds.names::smk" timestamp="2019-11-15T18:53:38Z" hostname="fv-az50" tests="10" skipped="0" failures="0" errors="0" time="10.631">
    <testcase time="10.6179999999999" classname="ds.names_smk" name="level_names"/>
    <testcase time="0.000999999999748979" classname="ds.names_smk" name="level_names"/>
    <testcase time="0.00100000000020373" classname="ds.names_smk" name="level_names"/>
    <testcase time="0.00199999999995271" classname="ds.names_smk" name="level_names"/>
    <testcase time="0.00100000000020373" classname="ds.names_smk" name="level_names"/>
    <testcase time="0.000999999999748979" classname="ds.names_smk" name="level_names"/>
    <testcase time="0.00199999999995271" classname="ds.names_smk" name="level_names"/>
    <testcase time="0.00199999999995271" classname="ds.names_smk" name="level_names"/>
    <testcase time="0.00100000000020373" classname="ds.names_smk" name="level_names"/>
    <testcase time="0.00199999999995271" classname="ds.names_smk" name="level_names"/>
  </testsuite>
  <testsuite name="ds.numNA::smk" timestamp="2019-11-15T18:53:48Z" hostname="fv-az50" tests="12" skipped="0" failures="0" errors="0" time="8.525">
    <testcase time="7.49699999999984" classname="ds.numNA_smk" name="simple_numNA"/>
    <testcase time="0.00199999999995271" classname="ds.numNA_smk" name="simple_numNA"/>
    <testcase time="0.00100000000020373" classname="ds.numNA_smk" name="simple_numNA"/>
    <testcase time="0.00100000000020373" classname="ds.numNA_smk" name="simple_numNA"/>
    <testcase time="0.509999999999764" classname="ds.numNA_smk" name="simple_numNA"/>
    <testcase time="0.00199999999995271" classname="ds.numNA_smk" name="simple_numNA"/>
    <testcase time="0.00100000000020373" classname="ds.numNA_smk" name="simple_numNA"/>
    <testcase time="0.000999999999748979" classname="ds.numNA_smk" name="simple_numNA"/>
    <testcase time="0.506000000000313" classname="ds.numNA_smk" name="simple_numNA"/>
    <testcase time="0.00199999999995271" classname="ds.numNA_smk" name="simple_numNA"/>
    <testcase time="0.000999999999748979" classname="ds.numNA_smk" name="simple_numNA"/>
    <testcase time="0.00100000000020373" classname="ds.numNA_smk" name="simple_numNA"/>
  </testsuite>
  <testsuite name="ds.quantileMean::smk::standard" timestamp="2019-11-15T18:53:57Z" hostname="fv-az50" tests="9" skipped="0" failures="0" errors="0" time="8.588">
    <testcase time="8.57600000000002" classname="ds.quantileMean_smk_standard" name="quantileMean"/>
    <testcase time="0.00199999999995271" classname="ds.quantileMean_smk_standard" name="quantileMean"/>
    <testcase time="0.000999999999748979" classname="ds.quantileMean_smk_standard" name="quantileMean"/>
    <testcase time="0.00200000000040745" classname="ds.quantileMean_smk_standard" name="quantileMean"/>
    <testcase time="0.000999999999748979" classname="ds.quantileMean_smk_standard" name="quantileMean"/>
    <testcase time="0.00100000000020373" classname="ds.quantileMean_smk_standard" name="quantileMean"/>
    <testcase time="0.00199999999995271" classname="ds.quantileMean_smk_standard" name="quantileMean"/>
    <testcase time="0.000999999999748979" classname="ds.quantileMean_smk_standard" name="quantileMean"/>
    <testcase time="0.00199999999995271" classname="ds.quantileMean_smk_standard" name="quantileMean"/>
  </testsuite>
  <testsuite name="ds.quantileMean::smk::split" timestamp="2019-11-15T18:53:58Z" hostname="fv-az50" tests="28" skipped="0" failures="0" errors="0" time="2.318">
    <testcase time="2.27700000000004" classname="ds.quantileMean_smk_split" name="quantileMean_split"/>
    <testcase time="0.00100000000020373" classname="ds.quantileMean_smk_split" name="quantileMean_split"/>
    <testcase time="0.000999999999748979" classname="ds.quantileMean_smk_split" name="quantileMean_split"/>
    <testcase time="0.00199999999995271" classname="ds.quantileMean_smk_split" name="quantileMean_split"/>
    <testcase time="0.00100000000020373" classname="ds.quantileMean_smk_split" name="quantileMean_split"/>
    <testcase time="0.00100000000020373" classname="ds.quantileMean_smk_split" name="quantileMean_split"/>
    <testcase time="0.000999999999748979" classname="ds.quantileMean_smk_split" name="quantileMean_split"/>
    <testcase time="0.00199999999995271" classname="ds.quantileMean_smk_split" name="quantileMean_split"/>
    <testcase time="0.00199999999995271" classname="ds.quantileMean_smk_split" name="quantileMean_split"/>
    <testcase time="0.00100000000020373" classname="ds.quantileMean_smk_split" name="quantileMean_split"/>
    <testcase time="0.000999999999748979" classname="ds.quantileMean_smk_split" name="quantileMean_split"/>
    <testcase time="0.00200000000040745" classname="ds.quantileMean_smk_split" name="quantileMean_split"/>
    <testcase time="0.000999999999748979" classname="ds.quantileMean_smk_split" name="quantileMean_split"/>
    <testcase time="0.00199999999995271" classname="ds.quantileMean_smk_split" name="quantileMean_split"/>
    <testcase time="0.00100000000020373" classname="ds.quantileMean_smk_split" name="quantileMean_split"/>
    <testcase time="0.00199999999995271" classname="ds.quantileMean_smk_split" name="quantileMean_split"/>
    <testcase time="0.000999999999748979" classname="ds.quantileMean_smk_split" name="quantileMean_split"/>
    <testcase time="0.00200000000040745" classname="ds.quantileMean_smk_split" name="quantileMean_split"/>
    <testcase time="0.00199999999995271" classname="ds.quantileMean_smk_split" name="quantileMean_split"/>
    <testcase time="0.000999999999748979" classname="ds.quantileMean_smk_split" name="quantileMean_split"/>
    <testcase time="0.00199999999995271" classname="ds.quantileMean_smk_split" name="quantileMean_split"/>
    <testcase time="0.00199999999995271" classname="ds.quantileMean_smk_split" name="quantileMean_split"/>
    <testcase time="0.00100000000020373" classname="ds.quantileMean_smk_split" name="quantileMean_split"/>
    <testcase time="0.00199999999995271" classname="ds.quantileMean_smk_split" name="quantileMean_split"/>
    <testcase time="0.00199999999995271" classname="ds.quantileMean_smk_split" name="quantileMean_split"/>
    <testcase time="0.00199999999995271" classname="ds.quantileMean_smk_split" name="quantileMean_split"/>
    <testcase time="0.00100000000020373" classname="ds.quantileMean_smk_split" name="quantileMean_split"/>
    <testcase time="0.00199999999995271" classname="ds.quantileMean_smk_split" name="quantileMean_split"/>
  </testsuite>
  <testsuite name="ds.rbind::smk" timestamp="2019-11-15T18:54:08Z" hostname="fv-az50" tests="5" skipped="0" failures="0" errors="0" time="10.158">
    <testcase time="9.64300000000003" classname="ds.rbind_smk" name="simple_test"/>
    <testcase time="0.000999999999748979" classname="ds.rbind_smk" name="simple_test"/>
    <testcase time="0.510999999999967" classname="ds.rbind_smk" name="simple_test"/>
    <testcase time="0.00200000000040745" classname="ds.rbind_smk" name="simple_test"/>
    <testcase time="0.000999999999748979" classname="ds.rbind_smk" name="simple_test"/>
  </testsuite>
  <testsuite name="ds.rBinom::smk::simple test" timestamp="2019-11-15T18:54:18Z" hostname="fv-az50" tests="11" skipped="0" failures="0" errors="0" time="9.087">
    <testcase time="9.07299999999987" classname="ds.rBinom_smk_simple_test" name="simple_test"/>
    <testcase time="0.00200000000040745" classname="ds.rBinom_smk_simple_test" name="simple_test"/>
    <testcase time="0.000999999999748979" classname="ds.rBinom_smk_simple_test" name="simple_test"/>
    <testcase time="0.00100000000020373" classname="ds.rBinom_smk_simple_test" name="simple_test"/>
    <testcase time="0.00199999999995271" classname="ds.rBinom_smk_simple_test" name="simple_test"/>
    <testcase time="0.000999999999748979" classname="ds.rBinom_smk_simple_test" name="simple_test"/>
    <testcase time="0.00199999999995271" classname="ds.rBinom_smk_simple_test" name="simple_test"/>
    <testcase time="0.00100000000020373" classname="ds.rBinom_smk_simple_test" name="simple_test"/>
    <testcase time="0.000999999999748979" classname="ds.rBinom_smk_simple_test" name="simple_test"/>
    <testcase time="0.00200000000040745" classname="ds.rBinom_smk_simple_test" name="simple_test"/>
    <testcase time="0.000999999999748979" classname="ds.rBinom_smk_simple_test" name="simple_test"/>
  </testsuite>
  <testsuite name="ds.recodeLevels::smk" timestamp="2019-11-15T18:54:27Z" hostname="fv-az50" tests="7" skipped="0" failures="0" errors="0" time="10.102">
    <testcase time="10.096" classname="ds.recodeLevels_smk" name="new_levels"/>
    <testcase time="0.00100000000020373" classname="ds.recodeLevels_smk" name="new_levels"/>
    <testcase time="0.00100000000020373" classname="ds.recodeLevels_smk" name="new_levels"/>
    <testcase time="0.000999999999748979" classname="ds.recodeLevels_smk" name="new_levels"/>
    <testcase time="0.00100000000020373" classname="ds.recodeLevels_smk" name="new_levels"/>
    <testcase time="0.000999999999748979" classname="ds.recodeLevels_smk" name="new_levels"/>
    <testcase time="0.00100000000020373" classname="ds.recodeLevels_smk" name="new_levels"/>
  </testsuite>
  <testsuite name="ds.recodeLevels::smk::no opals or newobj" timestamp="2019-11-15T18:54:30Z" hostname="fv-az50" tests="7" skipped="0" failures="0" errors="0" time="2.933">
    <testcase time="2.92599999999993" classname="ds.recodeLevels_smk_no_opals_or_newobj" name="new_levels_auto"/>
    <testcase time="0.00199999999995271" classname="ds.recodeLevels_smk_no_opals_or_newobj" name="new_levels_auto"/>
    <testcase time="0.00100000000020373" classname="ds.recodeLevels_smk_no_opals_or_newobj" name="new_levels_auto"/>
    <testcase time="0.000999999999748979" classname="ds.recodeLevels_smk_no_opals_or_newobj" name="new_levels_auto"/>
    <testcase time="0.00100000000020373" classname="ds.recodeLevels_smk_no_opals_or_newobj" name="new_levels_auto"/>
    <testcase time="0.000999999999748979" classname="ds.recodeLevels_smk_no_opals_or_newobj" name="new_levels_auto"/>
    <testcase time="0.00100000000020373" classname="ds.recodeLevels_smk_no_opals_or_newobj" name="new_levels_auto"/>
  </testsuite>
  <testsuite name="ds.recodeValues::smk" timestamp="2019-11-15T18:54:40Z" hostname="fv-az50" tests="7" skipped="0" failures="0" errors="0" time="8.624">
    <testcase time="8.10500000000002" classname="ds.recodeValues_smk" name="simple_test"/>
    <testcase time="0.00199999999995271" classname="ds.recodeValues_smk" name="simple_test"/>
    <testcase time="0.00100000000020373" classname="ds.recodeValues_smk" name="simple_test"/>
    <testcase time="0.511999999999716" classname="ds.recodeValues_smk" name="simple_test"/>
    <testcase time="0.00100000000020373" classname="ds.recodeValues_smk" name="simple_test"/>
    <testcase time="0.000999999999748979" classname="ds.recodeValues_smk" name="simple_test"/>
    <testcase time="0.00199999999995271" classname="ds.recodeValues_smk" name="simple_test"/>
  </testsuite>
  <testsuite name="ds.replaceNA::smk" timestamp="2019-11-15T18:54:49Z" hostname="fv-az50" tests="3" skipped="0" failures="0" errors="0" time="16.416">
    <testcase time="10.1260000000002" classname="ds.replaceNA_smk" name="simple_replaceNA"/>
    <testcase time="3.13200000000006" classname="ds.replaceNA_smk" name="simple_replaceNA"/>
    <testcase time="3.1579999999999" classname="ds.replaceNA_smk" name="simple_replaceNA"/>
  </testsuite>
  <testsuite name="ds.reShape::smk" timestamp="2019-11-15T18:55:05Z" hostname="fv-az50" tests="3" skipped="0" failures="0" errors="0" time="8.278">
    <testcase time="8.27500000000009" classname="ds.reShape_smk" name="simplest_ds.reShape_wide"/>
    <testcase time="0.000999999999748979" classname="ds.reShape_smk" name="simplest_ds.reShape_wide"/>
    <testcase time="0.00200000000040745" classname="ds.reShape_smk" name="simplest_ds.reShape_wide"/>
  </testsuite>
  <testsuite name="ds.rm::smk" timestamp="2019-11-15T18:55:13Z" hostname="fv-az50" tests="14" skipped="0" failures="0" errors="0" time="9.148">
    <testcase time="7.28699999999981" classname="ds.rm_smk" name="simple_test"/>
    <testcase time="0.00100000000020373" classname="ds.rm_smk" name="simple_test"/>
    <testcase time="0.000999999999748979" classname="ds.rm_smk" name="simple_test"/>
    <testcase time="0.00100000000020373" classname="ds.rm_smk" name="simple_test"/>
    <testcase time="0.000999999999748979" classname="ds.rm_smk" name="simple_test"/>
    <testcase time="0.00100000000020373" classname="ds.rm_smk" name="simple_test"/>
    <testcase time="0.000999999999748979" classname="ds.rm_smk" name="simple_test"/>
    <testcase time="1.84700000000021" classname="ds.rm_smk" name="simple_test"/>
    <testcase time="0.00199999999995271" classname="ds.rm_smk" name="simple_test"/>
    <testcase time="0.000999999999748979" classname="ds.rm_smk" name="simple_test"/>
    <testcase time="0.00100000000020373" classname="ds.rm_smk" name="simple_test"/>
    <testcase time="0.00199999999995271" classname="ds.rm_smk" name="simple_test"/>
    <testcase time="0.00100000000020373" classname="ds.rm_smk" name="simple_test"/>
    <testcase time="0.000999999999748979" classname="ds.rm_smk" name="simple_test"/>
  </testsuite>
  <testsuite name="ds.rNorm::smk::simple test" timestamp="2019-11-15T18:55:23Z" hostname="fv-az50" tests="11" skipped="0" failures="0" errors="0" time="9.17">
    <testcase time="9.15700000000015" classname="ds.rNorm_smk_simple_test" name="simple_test"/>
    <testcase time="0.000999999999748979" classname="ds.rNorm_smk_simple_test" name="simple_test"/>
    <testcase time="0.00100000000020373" classname="ds.rNorm_smk_simple_test" name="simple_test"/>
    <testcase time="0.000999999999748979" classname="ds.rNorm_smk_simple_test" name="simple_test"/>
    <testcase time="0.00199999999995271" classname="ds.rNorm_smk_simple_test" name="simple_test"/>
    <testcase time="0.00100000000020373" classname="ds.rNorm_smk_simple_test" name="simple_test"/>
    <testcase time="0.000999999999748979" classname="ds.rNorm_smk_simple_test" name="simple_test"/>
    <testcase time="0.00199999999995271" classname="ds.rNorm_smk_simple_test" name="simple_test"/>
    <testcase time="0.00100000000020373" classname="ds.rNorm_smk_simple_test" name="simple_test"/>
    <testcase time="0.00199999999995271" classname="ds.rNorm_smk_simple_test" name="simple_test"/>
    <testcase time="0.00100000000020373" classname="ds.rNorm_smk_simple_test" name="simple_test"/>
  </testsuite>
  <testsuite name="ds.rowColCalc::smk" timestamp="2019-11-15T18:55:32Z" hostname="fv-az50" tests="4" skipped="0" failures="0" errors="0" time="11.507">
    <testcase time="11.5029999999997" classname="ds.rowColCalc_smk" name="rowColCalc_exists"/>
    <testcase time="0.00100000000020373" classname="ds.rowColCalc_smk" name="rowColCalc_exists"/>
    <testcase time="0.00199999999995271" classname="ds.rowColCalc_smk" name="rowColCalc_exists"/>
    <testcase time="0.00100000000020373" classname="ds.rowColCalc_smk" name="rowColCalc_exists"/>
  </testsuite>
  <testsuite name="ds.rowColCalc::smk::no newobj" timestamp="2019-11-15T18:55:36Z" hostname="fv-az50" tests="4" skipped="0" failures="0" errors="0" time="4.536">
    <testcase time="4.5329999999999" classname="ds.rowColCalc_smk_no_newobj" name="rowColCalc_out_exists"/>
    <testcase time="0.000999999999748979" classname="ds.rowColCalc_smk_no_newobj" name="rowColCalc_out_exists"/>
    <testcase time="0.00100000000020373" classname="ds.rowColCalc_smk_no_newobj" name="rowColCalc_out_exists"/>
    <testcase time="0.00100000000020373" classname="ds.rowColCalc_smk_no_newobj" name="rowColCalc_out_exists"/>
  </testsuite>
  <testsuite name="ds.rPois::smk::simple test" timestamp="2019-11-15T18:55:48Z" hostname="fv-az50" tests="11" skipped="0" failures="0" errors="0" time="9.231">
    <testcase time="9.21900000000005" classname="ds.rPois_smk_simple_test" name="simple_test"/>
    <testcase time="0.000999999999748979" classname="ds.rPois_smk_simple_test" name="simple_test"/>
    <testcase time="0.000999999999748979" classname="ds.rPois_smk_simple_test" name="simple_test"/>
    <testcase time="0.00100000000020373" classname="ds.rPois_smk_simple_test" name="simple_test"/>
    <testcase time="0.00100000000020373" classname="ds.rPois_smk_simple_test" name="simple_test"/>
    <testcase time="0.00100000000020373" classname="ds.rPois_smk_simple_test" name="simple_test"/>
    <testcase time="0.000999999999748979" classname="ds.rPois_smk_simple_test" name="simple_test"/>
    <testcase time="0.00199999999995271" classname="ds.rPois_smk_simple_test" name="simple_test"/>
    <testcase time="0.00100000000020373" classname="ds.rPois_smk_simple_test" name="simple_test"/>
    <testcase time="0.000999999999748979" classname="ds.rPois_smk_simple_test" name="simple_test"/>
    <testcase time="0.00200000000040745" classname="ds.rPois_smk_simple_test" name="simple_test"/>
  </testsuite>
  <testsuite name="ds.rUnif::smk::simple test" timestamp="2019-11-15T18:55:57Z" hostname="fv-az50" tests="11" skipped="0" failures="0" errors="0" time="8.898">
    <testcase time="8.88400000000001" classname="ds.rUnif_smk_simple_test" name="simple_test"/>
    <testcase time="0.00199999999995271" classname="ds.rUnif_smk_simple_test" name="simple_test"/>
    <testcase time="0.000999999999748979" classname="ds.rUnif_smk_simple_test" name="simple_test"/>
    <testcase time="0.00100000000020373" classname="ds.rUnif_smk_simple_test" name="simple_test"/>
    <testcase time="0.00199999999995271" classname="ds.rUnif_smk_simple_test" name="simple_test"/>
    <testcase time="0.000999999999748979" classname="ds.rUnif_smk_simple_test" name="simple_test"/>
    <testcase time="0.00100000000020373" classname="ds.rUnif_smk_simple_test" name="simple_test"/>
    <testcase time="0.00199999999995271" classname="ds.rUnif_smk_simple_test" name="simple_test"/>
    <testcase time="0.00100000000020373" classname="ds.rUnif_smk_simple_test" name="simple_test"/>
    <testcase time="0.00199999999995271" classname="ds.rUnif_smk_simple_test" name="simple_test"/>
    <testcase time="0.000999999999748979" classname="ds.rUnif_smk_simple_test" name="simple_test"/>
  </testsuite>
  <testsuite name="ds.seq::smk" timestamp="2019-11-15T18:56:06Z" hostname="fv-az50" tests="6" skipped="0" failures="0" errors="0" time="8.76">
    <testcase time="7.94300000000021" classname="ds.seq_smk" name="simplest_ds.seq"/>
    <testcase time="0.000999999999748979" classname="ds.seq_smk" name="simplest_ds.seq"/>
    <testcase time="0.00100000000020373" classname="ds.seq_smk" name="simplest_ds.seq"/>
    <testcase time="0.813000000000102" classname="ds.seq_smk" name="simplest_ds.seq"/>
    <testcase time="0.000999999999748979" classname="ds.seq_smk" name="simplest_ds.seq"/>
    <testcase time="0.00100000000020373" classname="ds.seq_smk" name="simplest_ds.seq"/>
  </testsuite>
  <testsuite name="ds.setSeed::smk" timestamp="2019-11-15T18:56:15Z" hostname="fv-az50" tests="9" skipped="0" failures="0" errors="0" time="7.221">
    <testcase time="7.21099999999979" classname="ds.setSeed_smk" name="basic_setSeed"/>
    <testcase time="0.00199999999995271" classname="ds.setSeed_smk" name="basic_setSeed"/>
    <testcase time="0.00100000000020373" classname="ds.setSeed_smk" name="basic_setSeed"/>
    <testcase time="0.000999999999748979" classname="ds.setSeed_smk" name="basic_setSeed"/>
    <testcase time="0.00100000000020373" classname="ds.setSeed_smk" name="basic_setSeed"/>
    <testcase time="0.00100000000020373" classname="ds.setSeed_smk" name="basic_setSeed"/>
    <testcase time="0.000999999999748979" classname="ds.setSeed_smk" name="basic_setSeed"/>
    <testcase time="0.00199999999995271" classname="ds.setSeed_smk" name="basic_setSeed"/>
    <testcase time="0.00100000000020373" classname="ds.setSeed_smk" name="basic_setSeed"/>
  </testsuite>
  <testsuite name="ds.subsetByClass::smk" timestamp="2019-11-15T18:56:22Z" hostname="fv-az50" tests="11" skipped="0" failures="0" errors="0" time="12.405">
    <testcase time="11.2129999999997" classname="ds.subsetByClass_smk" name="gender"/>
    <testcase time="1.18100000000004" classname="ds.subsetByClass_smk" name="gender"/>
    <testcase time="0.00100000000020373" classname="ds.subsetByClass_smk" name="gender"/>
    <testcase time="0.00100000000020373" classname="ds.subsetByClass_smk" name="gender"/>
    <testcase time="0.000999999999748979" classname="ds.subsetByClass_smk" name="gender"/>
    <testcase time="0.00100000000020373" classname="ds.subsetByClass_smk" name="gender"/>
    <testcase time="0.00199999999995271" classname="ds.subsetByClass_smk" name="gender"/>
    <testcase time="0.00100000000020373" classname="ds.subsetByClass_smk" name="gender"/>
    <testcase time="0.00199999999995271" classname="ds.subsetByClass_smk" name="gender"/>
    <testcase time="0.000999999999748979" classname="ds.subsetByClass_smk" name="gender"/>
    <testcase time="0.00100000000020373" classname="ds.subsetByClass_smk" name="gender"/>
  </testsuite>
  <testsuite name="ds.subset::smk::generate a subset of the assigned table (by default the table is named 'D') with the first 50 observations and the two first columns" timestamp="2019-11-15T18:56:34Z" hostname="fv-az50" tests="4" skipped="0" failures="0" errors="0" time="9.871">
    <testcase time="9.86799999999994" classname="ds.subset_smk_generate_a_subset_of_the_assigned_table_by_default_the_table_is_named_D_with_the_first_50_observations_and_the_two_first_columns" name="subD_exists"/>
    <testcase time="0.00100000000020373" classname="ds.subset_smk_generate_a_subset_of_the_assigned_table_by_default_the_table_is_named_D_with_the_first_50_observations_and_the_two_first_columns" name="subD_exists"/>
    <testcase time="0.000999999999748979" classname="ds.subset_smk_generate_a_subset_of_the_assigned_table_by_default_the_table_is_named_D_with_the_first_50_observations_and_the_two_first_columns" name="subD_exists"/>
    <testcase time="0.00100000000020373" classname="ds.subset_smk_generate_a_subset_of_the_assigned_table_by_default_the_table_is_named_D_with_the_first_50_observations_and_the_two_first_columns" name="subD_exists"/>
  </testsuite>
  <testsuite name="ds.subset::smk::generate a subset of the assigned table (by default the table is named 'D') with the first 50 observations and the two first columns refered to by their names" timestamp="2019-11-15T18:56:37Z" hostname="fv-az50" tests="4" skipped="0" failures="0" errors="0" time="2.645">
    <testcase time="2.64099999999962" classname="ds.subset_smk_generate_a_subset_of_the_assigned_table_by_default_the_table_is_named_D_with_the_first_50_observations_and_the_two_first_columns_refered_to_by_their_names" name="subD2_exists"/>
    <testcase time="0.00200000000040745" classname="ds.subset_smk_generate_a_subset_of_the_assigned_table_by_default_the_table_is_named_D_with_the_first_50_observations_and_the_two_first_columns_refered_to_by_their_names" name="subD2_exists"/>
    <testcase time="0.000999999999748979" classname="ds.subset_smk_generate_a_subset_of_the_assigned_table_by_default_the_table_is_named_D_with_the_first_50_observations_and_the_two_first_columns_refered_to_by_their_names" name="subD2_exists"/>
    <testcase time="0.00100000000020373" classname="ds.subset_smk_generate_a_subset_of_the_assigned_table_by_default_the_table_is_named_D_with_the_first_50_observations_and_the_two_first_columns_refered_to_by_their_names" name="subD2_exists"/>
  </testsuite>
  <testsuite name="ds.subset::smk::generate a subset of the table D with bmi values greater than or equal to 25." timestamp="2019-11-15T18:56:40Z" hostname="fv-az50" tests="4" skipped="0" failures="0" errors="0" time="1.513">
    <testcase time="1.50999999999976" classname="ds.subset_smk_generate_a_subset_of_the_table_D_with_bmi_values_greater_than_or_equal_to_25." name="subD3_exists"/>
    <testcase time="0.00100000000020373" classname="ds.subset_smk_generate_a_subset_of_the_table_D_with_bmi_values_greater_than_or_equal_to_25." name="subD3_exists"/>
    <testcase time="0.000999999999748979" classname="ds.subset_smk_generate_a_subset_of_the_table_D_with_bmi_values_greater_than_or_equal_to_25." name="subD3_exists"/>
    <testcase time="0.00100000000020373" classname="ds.subset_smk_generate_a_subset_of_the_table_D_with_bmi_values_greater_than_or_equal_to_25." name="subD3_exists"/>
  </testsuite>
  <testsuite name="ds.summary::smk::summary of a numerical variable" timestamp="2019-11-15T18:56:49Z" hostname="fv-az50" tests="3" skipped="0" failures="0" errors="0" time="10.434">
    <testcase time="10.4319999999998" classname="ds.summary_smk_summary_of_a_numerical_variable" name="summary_numerical_variable"/>
    <testcase time="0.00100000000020373" classname="ds.summary_smk_summary_of_a_numerical_variable" name="summary_numerical_variable"/>
    <testcase time="0.000999999999748979" classname="ds.summary_smk_summary_of_a_numerical_variable" name="summary_numerical_variable"/>
  </testsuite>
  <testsuite name="ds.summary::smk::summary of a character variable" timestamp="2019-11-15T18:56:52Z" hostname="fv-az50" tests="2" skipped="0" failures="0" errors="0" time="3.137">
    <testcase time="3.13600000000042" classname="ds.summary_smk_summary_of_a_character_variable" name="summary_character_variable"/>
    <testcase time="0.000999999999748979" classname="ds.summary_smk_summary_of_a_character_variable" name="summary_character_variable"/>
  </testsuite>
  <testsuite name="ds.summary::smk::summary of a factor variable" timestamp="2019-11-15T18:56:55Z" hostname="fv-az50" tests="5" skipped="0" failures="0" errors="0" time="3.739">
    <testcase time="3.73399999999992" classname="ds.summary_smk_summary_of_a_factor_variable" name="summary_factor_variable"/>
    <testcase time="0.00199999999995271" classname="ds.summary_smk_summary_of_a_factor_variable" name="summary_factor_variable"/>
    <testcase time="0.00100000000020373" classname="ds.summary_smk_summary_of_a_factor_variable" name="summary_factor_variable"/>
    <testcase time="0.000999999999748979" classname="ds.summary_smk_summary_of_a_factor_variable" name="summary_factor_variable"/>
    <testcase time="0.00100000000020373" classname="ds.summary_smk_summary_of_a_factor_variable" name="summary_factor_variable"/>
  </testsuite>
  <testsuite name="ds.summary::smk::summary of a data frame" timestamp="2019-11-15T18:56:59Z" hostname="fv-az50" tests="5" skipped="0" failures="0" errors="0" time="3.008">
    <testcase time="3.00300000000016" classname="ds.summary_smk_summary_of_a_data_frame" name="summary_data_frame"/>
    <testcase time="0.00199999999995271" classname="ds.summary_smk_summary_of_a_data_frame" name="summary_data_frame"/>
    <testcase time="0.000999999999748979" classname="ds.summary_smk_summary_of_a_data_frame" name="summary_data_frame"/>
    <testcase time="0.00100000000020373" classname="ds.summary_smk_summary_of_a_data_frame" name="summary_data_frame"/>
    <testcase time="0.000999999999748979" classname="ds.summary_smk_summary_of_a_data_frame" name="summary_data_frame"/>
  </testsuite>
  <testsuite name="ds.table1D::smk::generate a one dimensional table, outputting combined contingency tables" timestamp="2019-11-15T18:57:09Z" hostname="fv-az50" tests="3" skipped="0" failures="0" errors="0" time="8.257">
    <testcase time="8.25500000000011" classname="ds.table1D_smk_generate_a_one_dimensional_table_outputting_combined_contingency_tables" name="GENDER_normal"/>
    <testcase time="0.00100000000020373" classname="ds.table1D_smk_generate_a_one_dimensional_table_outputting_combined_contingency_tables" name="GENDER_normal"/>
    <testcase time="0.000999999999748979" classname="ds.table1D_smk_generate_a_one_dimensional_table_outputting_combined_contingency_tables" name="GENDER_normal"/>
  </testsuite>
  <testsuite name="ds.table1D::smk::generate a one dimensional table, outputting combined contingency tables fail" timestamp="2019-11-15T18:57:10Z" hostname="fv-az50" tests="1" skipped="0" failures="0" errors="0" time="1.197">
    <testcase time="1.19700000000012" classname="ds.table1D_smk_generate_a_one_dimensional_table_outputting_combined_contingency_tables_fail" name="DIS_CVA_invalid"/>
  </testsuite>
  <testsuite name="ds.table1D::smk::generate a one dimensional table, outputting combined contingency tables fail split" timestamp="2019-11-15T18:57:11Z" hostname="fv-az50" tests="1" skipped="0" failures="0" errors="0" time="1.188">
    <testcase time="1.1880000000001" classname="ds.table1D_smk_generate_a_one_dimensional_table_outputting_combined_contingency_tables_fail_split" name="DIS_CVA_invalid_split"/>
  </testsuite>
  <testsuite name="ds.table1D::smk::generate a one dimensional table, outputting study specific contingency tables" timestamp="2019-11-15T18:57:12Z" hostname="fv-az50" tests="4" skipped="0" failures="0" errors="0" time="1.196">
    <testcase time="1.19200000000001" classname="ds.table1D_smk_generate_a_one_dimensional_table_outputting_study_specific_contingency_tables" name="GENDER_split"/>
    <testcase time="0.000999999999748979" classname="ds.table1D_smk_generate_a_one_dimensional_table_outputting_study_specific_contingency_tables" name="GENDER_split"/>
    <testcase time="0.00100000000020373" classname="ds.table1D_smk_generate_a_one_dimensional_table_outputting_study_specific_contingency_tables" name="GENDER_split"/>
    <testcase time="0.00199999999995271" classname="ds.table1D_smk_generate_a_one_dimensional_table_outputting_study_specific_contingency_tables" name="GENDER_split"/>
  </testsuite>
  <testsuite name="ds.table1D::smk::generate a one dimensional table, outputting study specific contingency tables for study 1 and 2" timestamp="2019-11-15T18:57:13Z" hostname="fv-az50" tests="4" skipped="0" failures="0" errors="0" time="0.941">
    <testcase time="0.936999999999898" classname="ds.table1D_smk_generate_a_one_dimensional_table_outputting_study_specific_contingency_tables_for_study_1_and_2" name="GENDER_split_12"/>
    <testcase time="0.00199999999995271" classname="ds.table1D_smk_generate_a_one_dimensional_table_outputting_study_specific_contingency_tables_for_study_1_and_2" name="GENDER_split_12"/>
    <testcase time="0.00100000000020373" classname="ds.table1D_smk_generate_a_one_dimensional_table_outputting_study_specific_contingency_tables_for_study_1_and_2" name="GENDER_split_12"/>
    <testcase time="0.000999999999748979" classname="ds.table1D_smk_generate_a_one_dimensional_table_outputting_study_specific_contingency_tables_for_study_1_and_2" name="GENDER_split_12"/>
  </testsuite>
  <testsuite name="ds.table1D::smk::generate a one dimensional table, outputting study specific and combined contingency tables" timestamp="2019-11-15T18:57:14Z" hostname="fv-az50" tests="3" skipped="0" failures="0" errors="0" time="1.191">
    <testcase time="1.1880000000001" classname="ds.table1D_smk_generate_a_one_dimensional_table_outputting_study_specific_and_combined_contingency_tables" name="GENDER_normal_2"/>
    <testcase time="0.00100000000020373" classname="ds.table1D_smk_generate_a_one_dimensional_table_outputting_study_specific_and_combined_contingency_tables" name="GENDER_normal_2"/>
    <testcase time="0.00199999999995271" classname="ds.table1D_smk_generate_a_one_dimensional_table_outputting_study_specific_and_combined_contingency_tables" name="GENDER_normal_2"/>
  </testsuite>
  <testsuite name="ds.table2D::smk" timestamp="2019-11-15T18:57:23Z" hostname="fv-az50" tests="22" skipped="0" failures="0" errors="0" time="8.053">
    <testcase time="8.02599999999984" classname="ds.table2D_smk" name="simple_table2D"/>
    <testcase time="0.00199999999995271" classname="ds.table2D_smk" name="simple_table2D"/>
    <testcase time="0.00100000000020373" classname="ds.table2D_smk" name="simple_table2D"/>
    <testcase time="0.000999999999748979" classname="ds.table2D_smk" name="simple_table2D"/>
    <testcase time="0.00100000000020373" classname="ds.table2D_smk" name="simple_table2D"/>
    <testcase time="0.00100000000020373" classname="ds.table2D_smk" name="simple_table2D"/>
    <testcase time="0.000999999999748979" classname="ds.table2D_smk" name="simple_table2D"/>
    <testcase time="0.000999999999748979" classname="ds.table2D_smk" name="simple_table2D"/>
    <testcase time="0.00100000000020373" classname="ds.table2D_smk" name="simple_table2D"/>
    <testcase time="0.000999999999748979" classname="ds.table2D_smk" name="simple_table2D"/>
    <testcase time="0.00199999999995271" classname="ds.table2D_smk" name="simple_table2D"/>
    <testcase time="0.00100000000020373" classname="ds.table2D_smk" name="simple_table2D"/>
    <testcase time="0.000999999999748979" classname="ds.table2D_smk" name="simple_table2D"/>
    <testcase time="0.00200000000040745" classname="ds.table2D_smk" name="simple_table2D"/>
    <testcase time="0.000999999999748979" classname="ds.table2D_smk" name="simple_table2D"/>
    <testcase time="0.00199999999995271" classname="ds.table2D_smk" name="simple_table2D"/>
    <testcase time="0.00100000000020373" classname="ds.table2D_smk" name="simple_table2D"/>
    <testcase time="0.000999999999748979" classname="ds.table2D_smk" name="simple_table2D"/>
    <testcase time="0.00199999999995271" classname="ds.table2D_smk" name="simple_table2D"/>
    <testcase time="0.00100000000020373" classname="ds.table2D_smk" name="simple_table2D"/>
    <testcase time="0.00199999999995271" classname="ds.table2D_smk" name="simple_table2D"/>
    <testcase time="0.00100000000020373" classname="ds.table2D_smk" name="simple_table2D"/>
  </testsuite>
  <testsuite name="ds.tapply.assign::smk::mean" timestamp="2019-11-15T18:57:32Z" hostname="fv-az50" tests="3" skipped="0" failures="0" errors="0" time="8.808">
    <testcase time="8.80600000000004" classname="ds.tapply.assign_smk_mean" name="simplest_ds.tapply.assign_mean_"/>
    <testcase time="0.000999999999748979" classname="ds.tapply.assign_smk_mean" name="simplest_ds.tapply.assign_mean_"/>
    <testcase time="0.00100000000020373" classname="ds.tapply.assign_smk_mean" name="simplest_ds.tapply.assign_mean_"/>
  </testsuite>
  <testsuite name="ds.tapply.assign::smk::sd" timestamp="2019-11-15T18:57:32Z" hostname="fv-az50" tests="3" skipped="0" failures="0" errors="0" time="0.819">
    <testcase time="0.817000000000007" classname="ds.tapply.assign_smk_sd" name="simplest_ds.tapply.assign_sd_"/>
    <testcase time="0.000999999999748979" classname="ds.tapply.assign_smk_sd" name="simplest_ds.tapply.assign_sd_"/>
    <testcase time="0.00100000000020373" classname="ds.tapply.assign_smk_sd" name="simplest_ds.tapply.assign_sd_"/>
  </testsuite>
  <testsuite name="ds.tapply.assign::smk::sum" timestamp="2019-11-15T18:57:33Z" hostname="fv-az50" tests="3" skipped="0" failures="0" errors="0" time="0.818">
    <testcase time="0.815999999999804" classname="ds.tapply.assign_smk_sum" name="simplest_ds.tapply.assign_sum_"/>
    <testcase time="0.000999999999748979" classname="ds.tapply.assign_smk_sum" name="simplest_ds.tapply.assign_sum_"/>
    <testcase time="0.00100000000020373" classname="ds.tapply.assign_smk_sum" name="simplest_ds.tapply.assign_sum_"/>
  </testsuite>
  <testsuite name="ds.tapply.assign::smk::quantile" timestamp="2019-11-15T18:57:34Z" hostname="fv-az50" tests="3" skipped="0" failures="0" errors="0" time="0.817">
    <testcase time="0.813999999999851" classname="ds.tapply.assign_smk_quantile" name="simplest_ds.tapply.assign_quantile_"/>
    <testcase time="0.00100000000020373" classname="ds.tapply.assign_smk_quantile" name="simplest_ds.tapply.assign_quantile_"/>
    <testcase time="0.00199999999995271" classname="ds.tapply.assign_smk_quantile" name="simplest_ds.tapply.assign_quantile_"/>
  </testsuite>
  <testsuite name="ds.tapply::smk::fun=mean" timestamp="2019-11-15T18:57:43Z" hostname="fv-az50" tests="22" skipped="0" failures="0" errors="0" time="8.2">
    <testcase time="8.17200000000003" classname="ds.tapply_smk_fun_mean" name="simplest_ds.tapply_fun_mean"/>
    <testcase time="0.000999999999748979" classname="ds.tapply_smk_fun_mean" name="simplest_ds.tapply_fun_mean"/>
    <testcase time="0.00100000000020373" classname="ds.tapply_smk_fun_mean" name="simplest_ds.tapply_fun_mean"/>
    <testcase time="0.000999999999748979" classname="ds.tapply_smk_fun_mean" name="simplest_ds.tapply_fun_mean"/>
    <testcase time="0.00100000000020373" classname="ds.tapply_smk_fun_mean" name="simplest_ds.tapply_fun_mean"/>
    <testcase time="0.00199999999995271" classname="ds.tapply_smk_fun_mean" name="simplest_ds.tapply_fun_mean"/>
    <testcase time="0.00100000000020373" classname="ds.tapply_smk_fun_mean" name="simplest_ds.tapply_fun_mean"/>
    <testcase time="0.000999999999748979" classname="ds.tapply_smk_fun_mean" name="simplest_ds.tapply_fun_mean"/>
    <testcase time="0.00100000000020373" classname="ds.tapply_smk_fun_mean" name="simplest_ds.tapply_fun_mean"/>
    <testcase time="0.00199999999995271" classname="ds.tapply_smk_fun_mean" name="simplest_ds.tapply_fun_mean"/>
    <testcase time="0.000999999999748979" classname="ds.tapply_smk_fun_mean" name="simplest_ds.tapply_fun_mean"/>
    <testcase time="0.00100000000020373" classname="ds.tapply_smk_fun_mean" name="simplest_ds.tapply_fun_mean"/>
    <testcase time="0.00100000000020373" classname="ds.tapply_smk_fun_mean" name="simplest_ds.tapply_fun_mean"/>
    <testcase time="0.00199999999995271" classname="ds.tapply_smk_fun_mean" name="simplest_ds.tapply_fun_mean"/>
    <testcase time="0.000999999999748979" classname="ds.tapply_smk_fun_mean" name="simplest_ds.tapply_fun_mean"/>
    <testcase time="0.00199999999995271" classname="ds.tapply_smk_fun_mean" name="simplest_ds.tapply_fun_mean"/>
    <testcase time="0.00100000000020373" classname="ds.tapply_smk_fun_mean" name="simplest_ds.tapply_fun_mean"/>
    <testcase time="0.00199999999995271" classname="ds.tapply_smk_fun_mean" name="simplest_ds.tapply_fun_mean"/>
    <testcase time="0.000999999999748979" classname="ds.tapply_smk_fun_mean" name="simplest_ds.tapply_fun_mean"/>
    <testcase time="0.00100000000020373" classname="ds.tapply_smk_fun_mean" name="simplest_ds.tapply_fun_mean"/>
    <testcase time="0.00199999999995271" classname="ds.tapply_smk_fun_mean" name="simplest_ds.tapply_fun_mean"/>
    <testcase time="0.00199999999995271" classname="ds.tapply_smk_fun_mean" name="simplest_ds.tapply_fun_mean"/>
  </testsuite>
  <testsuite name="ds.tapply::smk::fun=sd" timestamp="2019-11-15T18:57:43Z" hostname="fv-az50" tests="22" skipped="0" failures="0" errors="0" time="0.288">
    <testcase time="0.260999999999967" classname="ds.tapply_smk_fun_sd" name="simplest_ds.tapply_fun_sd"/>
    <testcase time="0.00100000000020373" classname="ds.tapply_smk_fun_sd" name="simplest_ds.tapply_fun_sd"/>
    <testcase time="0.000999999999748979" classname="ds.tapply_smk_fun_sd" name="simplest_ds.tapply_fun_sd"/>
    <testcase time="0.00100000000020373" classname="ds.tapply_smk_fun_sd" name="simplest_ds.tapply_fun_sd"/>
    <testcase time="0.00199999999995271" classname="ds.tapply_smk_fun_sd" name="simplest_ds.tapply_fun_sd"/>
    <testcase time="0.00100000000020373" classname="ds.tapply_smk_fun_sd" name="simplest_ds.tapply_fun_sd"/>
    <testcase time="0.000999999999748979" classname="ds.tapply_smk_fun_sd" name="simplest_ds.tapply_fun_sd"/>
    <testcase time="0.00100000000020373" classname="ds.tapply_smk_fun_sd" name="simplest_ds.tapply_fun_sd"/>
    <testcase time="0.00199999999995271" classname="ds.tapply_smk_fun_sd" name="simplest_ds.tapply_fun_sd"/>
    <testcase time="0.000999999999748979" classname="ds.tapply_smk_fun_sd" name="simplest_ds.tapply_fun_sd"/>
    <testcase time="0.00100000000020373" classname="ds.tapply_smk_fun_sd" name="simplest_ds.tapply_fun_sd"/>
    <testcase time="0.000999999999748979" classname="ds.tapply_smk_fun_sd" name="simplest_ds.tapply_fun_sd"/>
    <testcase time="0.00100000000020373" classname="ds.tapply_smk_fun_sd" name="simplest_ds.tapply_fun_sd"/>
    <testcase time="0.00199999999995271" classname="ds.tapply_smk_fun_sd" name="simplest_ds.tapply_fun_sd"/>
    <testcase time="0.00100000000020373" classname="ds.tapply_smk_fun_sd" name="simplest_ds.tapply_fun_sd"/>
    <testcase time="0.00199999999995271" classname="ds.tapply_smk_fun_sd" name="simplest_ds.tapply_fun_sd"/>
    <testcase time="0.000999999999748979" classname="ds.tapply_smk_fun_sd" name="simplest_ds.tapply_fun_sd"/>
    <testcase time="0.00100000000020373" classname="ds.tapply_smk_fun_sd" name="simplest_ds.tapply_fun_sd"/>
    <testcase time="0.00199999999995271" classname="ds.tapply_smk_fun_sd" name="simplest_ds.tapply_fun_sd"/>
    <testcase time="0.00100000000020373" classname="ds.tapply_smk_fun_sd" name="simplest_ds.tapply_fun_sd"/>
    <testcase time="0.00199999999995271" classname="ds.tapply_smk_fun_sd" name="simplest_ds.tapply_fun_sd"/>
    <testcase time="0.000999999999748979" classname="ds.tapply_smk_fun_sd" name="simplest_ds.tapply_fun_sd"/>
  </testsuite>
  <testsuite name="ds.tapply::smk::fun=sum" timestamp="2019-11-15T18:57:43Z" hostname="fv-az50" tests="22" skipped="0" failures="0" errors="0" time="0.284">
    <testcase time="0.256000000000313" classname="ds.tapply_smk_fun_sum" name="simplest_ds.tapply_fun_sum"/>
    <testcase time="0.000999999999748979" classname="ds.tapply_smk_fun_sum" name="simplest_ds.tapply_fun_sum"/>
    <testcase time="0.00199999999995271" classname="ds.tapply_smk_fun_sum" name="simplest_ds.tapply_fun_sum"/>
    <testcase time="0.00100000000020373" classname="ds.tapply_smk_fun_sum" name="simplest_ds.tapply_fun_sum"/>
    <testcase time="0.000999999999748979" classname="ds.tapply_smk_fun_sum" name="simplest_ds.tapply_fun_sum"/>
    <testcase time="0.00199999999995271" classname="ds.tapply_smk_fun_sum" name="simplest_ds.tapply_fun_sum"/>
    <testcase time="0.00100000000020373" classname="ds.tapply_smk_fun_sum" name="simplest_ds.tapply_fun_sum"/>
    <testcase time="0.00100000000020373" classname="ds.tapply_smk_fun_sum" name="simplest_ds.tapply_fun_sum"/>
    <testcase time="0.000999999999748979" classname="ds.tapply_smk_fun_sum" name="simplest_ds.tapply_fun_sum"/>
    <testcase time="0.00199999999995271" classname="ds.tapply_smk_fun_sum" name="simplest_ds.tapply_fun_sum"/>
    <testcase time="0.00100000000020373" classname="ds.tapply_smk_fun_sum" name="simplest_ds.tapply_fun_sum"/>
    <testcase time="0.000999999999748979" classname="ds.tapply_smk_fun_sum" name="simplest_ds.tapply_fun_sum"/>
    <testcase time="0.00199999999995271" classname="ds.tapply_smk_fun_sum" name="simplest_ds.tapply_fun_sum"/>
    <testcase time="0.00100000000020373" classname="ds.tapply_smk_fun_sum" name="simplest_ds.tapply_fun_sum"/>
    <testcase time="0.00199999999995271" classname="ds.tapply_smk_fun_sum" name="simplest_ds.tapply_fun_sum"/>
    <testcase time="0.00100000000020373" classname="ds.tapply_smk_fun_sum" name="simplest_ds.tapply_fun_sum"/>
    <testcase time="0.00199999999995271" classname="ds.tapply_smk_fun_sum" name="simplest_ds.tapply_fun_sum"/>
    <testcase time="0.000999999999748979" classname="ds.tapply_smk_fun_sum" name="simplest_ds.tapply_fun_sum"/>
    <testcase time="0.00100000000020373" classname="ds.tapply_smk_fun_sum" name="simplest_ds.tapply_fun_sum"/>
    <testcase time="0.00100000000020373" classname="ds.tapply_smk_fun_sum" name="simplest_ds.tapply_fun_sum"/>
    <testcase time="0.00199999999995271" classname="ds.tapply_smk_fun_sum" name="simplest_ds.tapply_fun_sum"/>
    <testcase time="0.00100000000020373" classname="ds.tapply_smk_fun_sum" name="simplest_ds.tapply_fun_sum"/>
  </testsuite>
  <testsuite name="ds.tapply::smk::fun=quantile" timestamp="2019-11-15T18:57:44Z" hostname="fv-az50" tests="10" skipped="0" failures="0" errors="0" time="0.27">
    <testcase time="0.259000000000015" classname="ds.tapply_smk_fun_quantile" name="simplest_ds.tapply_fun_quantile"/>
    <testcase time="0.00199999999995271" classname="ds.tapply_smk_fun_quantile" name="simplest_ds.tapply_fun_quantile"/>
    <testcase time="0.000999999999748979" classname="ds.tapply_smk_fun_quantile" name="simplest_ds.tapply_fun_quantile"/>
    <testcase time="0.00100000000020373" classname="ds.tapply_smk_fun_quantile" name="simplest_ds.tapply_fun_quantile"/>
    <testcase time="0.000999999999748979" classname="ds.tapply_smk_fun_quantile" name="simplest_ds.tapply_fun_quantile"/>
    <testcase time="0.00100000000020373" classname="ds.tapply_smk_fun_quantile" name="simplest_ds.tapply_fun_quantile"/>
    <testcase time="0.00199999999995271" classname="ds.tapply_smk_fun_quantile" name="simplest_ds.tapply_fun_quantile"/>
    <testcase time="0.000999999999748979" classname="ds.tapply_smk_fun_quantile" name="simplest_ds.tapply_fun_quantile"/>
    <testcase time="0.00100000000020373" classname="ds.tapply_smk_fun_quantile" name="simplest_ds.tapply_fun_quantile"/>
    <testcase time="0.00100000000020373" classname="ds.tapply_smk_fun_quantile" name="simplest_ds.tapply_fun_quantile"/>
  </testsuite>
  <testsuite name="ds.testObjExists::smk::discordant" timestamp="2019-11-15T18:57:51Z" hostname="fv-az50" tests="20" skipped="0" failures="0" errors="0" time="7.555">
    <testcase time="7.27299999999968" classname="ds.testObjExists_smk_discordant" name="simple_testObjExists_discordant"/>
    <testcase time="0.00199999999995271" classname="ds.testObjExists_smk_discordant" name="simple_testObjExists_discordant"/>
    <testcase time="0.257000000000062" classname="ds.testObjExists_smk_discordant" name="data.frame_testObjExists_discordant"/>
    <testcase time="0.00199999999995271" classname="ds.testObjExists_smk_discordant" name="data.frame_testObjExists_discordant"/>
    <testcase time="0.00100000000020373" classname="ds.testObjExists_smk_discordant" name="data.frame_testObjExists_discordant"/>
    <testcase time="0.000999999999748979" classname="ds.testObjExists_smk_discordant" name="data.frame_testObjExists_discordant"/>
    <testcase time="0.00100000000020373" classname="ds.testObjExists_smk_discordant" name="data.frame_testObjExists_discordant"/>
    <testcase time="0.00199999999995271" classname="ds.testObjExists_smk_discordant" name="data.frame_testObjExists_discordant"/>
    <testcase time="0.00100000000020373" classname="ds.testObjExists_smk_discordant" name="data.frame_testObjExists_discordant"/>
    <testcase time="0.000999999999748979" classname="ds.testObjExists_smk_discordant" name="data.frame_testObjExists_discordant"/>
    <testcase time="0.00100000000020373" classname="ds.testObjExists_smk_discordant" name="data.frame_testObjExists_discordant"/>
    <testcase time="0.00199999999995271" classname="ds.testObjExists_smk_discordant" name="data.frame_testObjExists_discordant"/>
    <testcase time="0.000999999999748979" classname="ds.testObjExists_smk_discordant" name="data.frame_testObjExists_discordant"/>
    <testcase time="0.00200000000040745" classname="ds.testObjExists_smk_discordant" name="data.frame_testObjExists_discordant"/>
    <testcase time="0.000999999999748979" classname="ds.testObjExists_smk_discordant" name="data.frame_testObjExists_discordant"/>
    <testcase time="0.00100000000020373" classname="ds.testObjExists_smk_discordant" name="data.frame_testObjExists_discordant"/>
    <testcase time="0.00199999999995271" classname="ds.testObjExists_smk_discordant" name="data.frame_testObjExists_discordant"/>
    <testcase time="0.000999999999748979" classname="ds.testObjExists_smk_discordant" name="data.frame_testObjExists_discordant"/>
    <testcase time="0.00199999999995271" classname="ds.testObjExists_smk_discordant" name="data.frame_testObjExists_discordant"/>
    <testcase time="0.00100000000020373" classname="ds.testObjExists_smk_discordant" name="data.frame_testObjExists_discordant"/>
  </testsuite>
  <testsuite name="ds.testObjExists::smk" timestamp="2019-11-15T18:57:59Z" hostname="fv-az50" tests="40" skipped="0" failures="0" errors="0" time="9.66">
    <testcase time="7.51800000000003" classname="ds.testObjExists_smk" name="simple_testObjExists"/>
    <testcase time="0.000999999999748979" classname="ds.testObjExists_smk" name="simple_testObjExists"/>
    <testcase time="1.58100000000013" classname="ds.testObjExists_smk" name="data.frame_testObjExists"/>
    <testcase time="0.00100000000020373" classname="ds.testObjExists_smk" name="data.frame_testObjExists"/>
    <testcase time="0.253999999999905" classname="ds.testObjExists_smk" name="data.frame_testObjExists"/>
    <testcase time="0.00199999999995271" classname="ds.testObjExists_smk" name="data.frame_testObjExists"/>
    <testcase time="0.00100000000020373" classname="ds.testObjExists_smk" name="data.frame_testObjExists"/>
    <testcase time="0.000999999999748979" classname="ds.testObjExists_smk" name="data.frame_testObjExists"/>
    <testcase time="0.00100000000020373" classname="ds.testObjExists_smk" name="data.frame_testObjExists"/>
    <testcase time="0.000999999999748979" classname="ds.testObjExists_smk" name="data.frame_testObjExists"/>
    <testcase time="0.00199999999995271" classname="ds.testObjExists_smk" name="data.frame_testObjExists"/>
    <testcase time="0.00100000000020373" classname="ds.testObjExists_smk" name="data.frame_testObjExists"/>
    <testcase time="0.000999999999748979" classname="ds.testObjExists_smk" name="data.frame_testObjExists"/>
    <testcase time="0.00100000000020373" classname="ds.testObjExists_smk" name="data.frame_testObjExists"/>
    <testcase time="0.00199999999995271" classname="ds.testObjExists_smk" name="data.frame_testObjExists"/>
    <testcase time="0.00100000000020373" classname="ds.testObjExists_smk" name="data.frame_testObjExists"/>
    <testcase time="0.000999999999748979" classname="ds.testObjExists_smk" name="data.frame_testObjExists"/>
    <testcase time="0.00100000000020373" classname="ds.testObjExists_smk" name="data.frame_testObjExists"/>
    <testcase time="0.00199999999995271" classname="ds.testObjExists_smk" name="data.frame_testObjExists"/>
    <testcase time="0.000999999999748979" classname="ds.testObjExists_smk" name="data.frame_testObjExists"/>
    <testcase time="0.00100000000020373" classname="ds.testObjExists_smk" name="data.frame_testObjExists"/>
    <testcase time="0.00199999999995271" classname="ds.testObjExists_smk" name="data.frame_testObjExists"/>
    <testcase time="0.257999999999811" classname="ds.testObjExists_smk" name="data.frame_testObjExists"/>
    <testcase time="0.00100000000020373" classname="ds.testObjExists_smk" name="data.frame_testObjExists"/>
    <testcase time="0.00199999999995271" classname="ds.testObjExists_smk" name="data.frame_testObjExists"/>
    <testcase time="0.00100000000020373" classname="ds.testObjExists_smk" name="data.frame_testObjExists"/>
    <testcase time="0.00199999999995271" classname="ds.testObjExists_smk" name="data.frame_testObjExists"/>
    <testcase time="0.000999999999748979" classname="ds.testObjExists_smk" name="data.frame_testObjExists"/>
    <testcase time="0.00100000000020373" classname="ds.testObjExists_smk" name="data.frame_testObjExists"/>
    <testcase time="0.00100000000020373" classname="ds.testObjExists_smk" name="data.frame_testObjExists"/>
    <testcase time="0.00100000000020373" classname="ds.testObjExists_smk" name="data.frame_testObjExists"/>
    <testcase time="0.00199999999995271" classname="ds.testObjExists_smk" name="data.frame_testObjExists"/>
    <testcase time="0.000999999999748979" classname="ds.testObjExists_smk" name="data.frame_testObjExists"/>
    <testcase time="0.00199999999995271" classname="ds.testObjExists_smk" name="data.frame_testObjExists"/>
    <testcase time="0.00100000000020373" classname="ds.testObjExists_smk" name="data.frame_testObjExists"/>
    <testcase time="0.00199999999995271" classname="ds.testObjExists_smk" name="data.frame_testObjExists"/>
    <testcase time="0.00100000000020373" classname="ds.testObjExists_smk" name="data.frame_testObjExists"/>
    <testcase time="0.00199999999995271" classname="ds.testObjExists_smk" name="data.frame_testObjExists"/>
    <testcase time="0.00199999999995271" classname="ds.testObjExists_smk" name="data.frame_testObjExists"/>
    <testcase time="0.00199999999995271" classname="ds.testObjExists_smk" name="data.frame_testObjExists"/>
  </testsuite>
  <testsuite name="ds.unList::smk::simple test" timestamp="2019-11-15T18:58:08Z" hostname="fv-az50" tests="3" skipped="0" failures="0" errors="0" time="8.211">
    <testcase time="8.20899999999983" classname="ds.unList_smk_simple_test" name="simple_test"/>
    <testcase time="0.00100000000020373" classname="ds.unList_smk_simple_test" name="simple_test"/>
    <testcase time="0.000999999999748979" classname="ds.unList_smk_simple_test" name="simple_test"/>
  </testsuite>
  <testsuite name="ds.unList::smk::simple test" timestamp="2019-11-15T18:58:09Z" hostname="fv-az50" tests="7" skipped="0" failures="0" errors="0" time="1.155">
    <testcase time="1.14800000000014" classname="ds.unList_smk_simple_test" name="simple_test"/>
    <testcase time="0.00100000000020373" classname="ds.unList_smk_simple_test" name="simple_test"/>
    <testcase time="0.000999999999748979" classname="ds.unList_smk_simple_test" name="simple_test"/>
    <testcase time="0.00100000000020373" classname="ds.unList_smk_simple_test" name="simple_test"/>
    <testcase time="0.00199999999995271" classname="ds.unList_smk_simple_test" name="simple_test"/>
    <testcase time="0.000999999999748979" classname="ds.unList_smk_simple_test" name="simple_test"/>
    <testcase time="0.00100000000020373" classname="ds.unList_smk_simple_test" name="simple_test"/>
  </testsuite>
  <testsuite name="ds.var::smk::split" timestamp="2019-11-15T18:58:17Z" hostname="fv-az50" tests="19" skipped="0" failures="0" errors="0" time="7.074">
    <testcase time="7.05099999999993" classname="ds.var_smk_split" name="simple_var_split"/>
    <testcase time="0.00199999999995271" classname="ds.var_smk_split" name="simple_var_split"/>
    <testcase time="0.00100000000020373" classname="ds.var_smk_split" name="simple_var_split"/>
    <testcase time="0.000999999999748979" classname="ds.var_smk_split" name="simple_var_split"/>
    <testcase time="0.00100000000020373" classname="ds.var_smk_split" name="simple_var_split"/>
    <testcase time="0.00199999999995271" classname="ds.var_smk_split" name="simple_var_split"/>
    <testcase time="0.000999999999748979" classname="ds.var_smk_split" name="simple_var_split"/>
    <testcase time="0.00100000000020373" classname="ds.var_smk_split" name="simple_var_split"/>
    <testcase time="0.00199999999995271" classname="ds.var_smk_split" name="simple_var_split"/>
    <testcase time="0.00100000000020373" classname="ds.var_smk_split" name="simple_var_split"/>
    <testcase time="0.000999999999748979" classname="ds.var_smk_split" name="simple_var_split"/>
    <testcase time="0.00199999999995271" classname="ds.var_smk_split" name="simple_var_split"/>
    <testcase time="0.00100000000020373" classname="ds.var_smk_split" name="simple_var_split"/>
    <testcase time="0.000999999999748979" classname="ds.var_smk_split" name="simple_var_split"/>
    <testcase time="0.00199999999995271" classname="ds.var_smk_split" name="simple_var_split"/>
    <testcase time="0.00100000000020373" classname="ds.var_smk_split" name="simple_var_split"/>
    <testcase time="0.00100000000020373" classname="ds.var_smk_split" name="simple_var_split"/>
    <testcase time="0.000999999999748979" classname="ds.var_smk_split" name="simple_var_split"/>
    <testcase time="0.000999999999748979" classname="ds.var_smk_split" name="simple_var_split"/>
  </testsuite>
  <testsuite name="ds.var::smk::combine" timestamp="2019-11-15T18:58:18Z" hostname="fv-az50" tests="11" skipped="0" failures="0" errors="0" time="0.274">
    <testcase time="0.262000000000171" classname="ds.var_smk_combine" name="simple_var_combine"/>
    <testcase time="0.00100000000020373" classname="ds.var_smk_combine" name="simple_var_combine"/>
    <testcase time="0.00100000000020373" classname="ds.var_smk_combine" name="simple_var_combine"/>
    <testcase time="0.000999999999748979" classname="ds.var_smk_combine" name="simple_var_combine"/>
    <testcase time="0.00100000000020373" classname="ds.var_smk_combine" name="simple_var_combine"/>
    <testcase time="0.00199999999995271" classname="ds.var_smk_combine" name="simple_var_combine"/>
    <testcase time="0.000999999999748979" classname="ds.var_smk_combine" name="simple_var_combine"/>
    <testcase time="0.00100000000020373" classname="ds.var_smk_combine" name="simple_var_combine"/>
    <testcase time="0.000999999999748979" classname="ds.var_smk_combine" name="simple_var_combine"/>
    <testcase time="0.00100000000020373" classname="ds.var_smk_combine" name="simple_var_combine"/>
    <testcase time="0.00199999999995271" classname="ds.var_smk_combine" name="simple_var_combine"/>
  </testsuite>
  <testsuite name="ds.var::smk::both" timestamp="2019-11-15T18:58:18Z" hostname="fv-az50" tests="24" skipped="0" failures="0" errors="0" time="0.287">
    <testcase time="0.257999999999811" classname="ds.var_smk_both" name="simple_var_both"/>
    <testcase time="0.00100000000020373" classname="ds.var_smk_both" name="simple_var_both"/>
    <testcase time="0.00100000000020373" classname="ds.var_smk_both" name="simple_var_both"/>
    <testcase time="0.00199999999995271" classname="ds.var_smk_both" name="simple_var_both"/>
    <testcase time="0.000999999999748979" classname="ds.var_smk_both" name="simple_var_both"/>
    <testcase time="0.00100000000020373" classname="ds.var_smk_both" name="simple_var_both"/>
    <testcase time="0.000999999999748979" classname="ds.var_smk_both" name="simple_var_both"/>
    <testcase time="0.00100000000020373" classname="ds.var_smk_both" name="simple_var_both"/>
    <testcase time="0.00199999999995271" classname="ds.var_smk_both" name="simple_var_both"/>
    <testcase time="0.00100000000020373" classname="ds.var_smk_both" name="simple_var_both"/>
    <testcase time="0.000999999999748979" classname="ds.var_smk_both" name="simple_var_both"/>
    <testcase time="0.00199999999995271" classname="ds.var_smk_both" name="simple_var_both"/>
    <testcase time="0.00100000000020373" classname="ds.var_smk_both" name="simple_var_both"/>
    <testcase time="0.000999999999748979" classname="ds.var_smk_both" name="simple_var_both"/>
    <testcase time="0.00100000000020373" classname="ds.var_smk_both" name="simple_var_both"/>
    <testcase time="0.00199999999995271" classname="ds.var_smk_both" name="simple_var_both"/>
    <testcase time="0.00100000000020373" classname="ds.var_smk_both" name="simple_var_both"/>
    <testcase time="0.000999999999748979" classname="ds.var_smk_both" name="simple_var_both"/>
    <testcase time="0.00199999999995271" classname="ds.var_smk_both" name="simple_var_both"/>
    <testcase time="0.00100000000020373" classname="ds.var_smk_both" name="simple_var_both"/>
    <testcase time="0.000999999999748979" classname="ds.var_smk_both" name="simple_var_both"/>
    <testcase time="0.00100000000020373" classname="ds.var_smk_both" name="simple_var_both"/>
    <testcase time="0.00199999999995271" classname="ds.var_smk_both" name="simple_var_both"/>
    <testcase time="0.000999999999748979" classname="ds.var_smk_both" name="simple_var_both"/>
  </testsuite>
  <testsuite name="ds.vectorCalc::smk" timestamp="2019-11-15T18:58:25Z" hostname="fv-az50" tests="17" skipped="0" failures="0" errors="0" time="9.86">
    <testcase time="9.08000000000038" classname="ds.vectorCalc_smk" name="simple_test"/>
    <testcase time="0.506999999999607" classname="ds.vectorCalc_smk" name="simple_test"/>
    <testcase time="0.00200000000040745" classname="ds.vectorCalc_smk" name="simple_test"/>
    <testcase time="0.000999999999748979" classname="ds.vectorCalc_smk" name="simple_test"/>
    <testcase time="0.00100000000020373" classname="ds.vectorCalc_smk" name="simple_test"/>
    <testcase time="0.000999999999748979" classname="ds.vectorCalc_smk" name="simple_test"/>
    <testcase time="0.00199999999995271" classname="ds.vectorCalc_smk" name="simple_test"/>
    <testcase time="0.00100000000020373" classname="ds.vectorCalc_smk" name="simple_test"/>
    <testcase time="0.253999999999905" classname="ds.vectorCalc_smk" name="simple_test"/>
    <testcase time="0.00199999999995271" classname="ds.vectorCalc_smk" name="simple_test"/>
    <testcase time="0.00100000000020373" classname="ds.vectorCalc_smk" name="simple_test"/>
    <testcase time="0.000999999999748979" classname="ds.vectorCalc_smk" name="simple_test"/>
    <testcase time="0.00199999999995271" classname="ds.vectorCalc_smk" name="simple_test"/>
    <testcase time="0.00100000000020373" classname="ds.vectorCalc_smk" name="simple_test"/>
    <testcase time="0.00100000000020373" classname="ds.vectorCalc_smk" name="simple_test"/>
    <testcase time="0.00199999999995271" classname="ds.vectorCalc_smk" name="simple_test"/>
    <testcase time="0.000999999999748979" classname="ds.vectorCalc_smk" name="simple_test"/>
  </testsuite>
  <testsuite name="ds.mean::smk_expt::type=combine" timestamp="2019-11-15T18:58:35Z" hostname="fv-az50" tests="1" skipped="0" failures="0" errors="0" time="7.469">
    <testcase time="7.46900000000005" classname="ds.mean_smk_expt_type_combine" name="mean_values_combine_"/>
  </testsuite>
  <testsuite name="ds.mean::smk_expt::type=split" timestamp="2019-11-15T18:58:35Z" hostname="fv-az50" tests="1" skipped="0" failures="0" errors="0" time="0.261">
    <testcase time="0.260999999999967" classname="ds.mean_smk_expt_type_split" name="mean_values_split_"/>
  </testsuite>
  <testsuite name="ds.mean::smk_expt::type=both" timestamp="2019-11-15T18:58:36Z" hostname="fv-az50" tests="1" skipped="0" failures="0" errors="0" time="0.264">
    <testcase time="0.264000000000124" classname="ds.mean_smk_expt_type_both" name="mean_values_both_"/>
  </testsuite>
  <testsuite name="ds.mean::smk_expt::type=combine" timestamp="2019-11-15T18:58:36Z" hostname="fv-az50" tests="1" skipped="0" failures="0" errors="0" time="0.264">
    <testcase time="0.264000000000124" classname="ds.mean_smk_expt_type_combine" name="mean_values_combine_"/>
  </testsuite>
  <testsuite name="ds.mean::smk_expt::type=split" timestamp="2019-11-15T18:58:36Z" hostname="fv-az50" tests="1" skipped="0" failures="0" errors="0" time="0.259">
    <testcase time="0.259000000000015" classname="ds.mean_smk_expt_type_split" name="mean_values_split_"/>
  </testsuite>
  <testsuite name="ds.mean::smk_expt::type=both" timestamp="2019-11-15T18:58:36Z" hostname="fv-az50" tests="1" skipped="0" failures="0" errors="0" time="0.262">
    <testcase time="0.261999999999716" classname="ds.mean_smk_expt_type_both" name="mean_values_both_"/>
  </testsuite>
  <testsuite name="ds.mean::smk_expt::type=combine" timestamp="2019-11-15T18:58:37Z" hostname="fv-az50" tests="1" skipped="0" failures="0" errors="0" time="0.261">
    <testcase time="0.260999999999967" classname="ds.mean_smk_expt_type_combine" name="mean_values_combine_"/>
  </testsuite>
  <testsuite name="ds.mean::smk_expt::type=split" timestamp="2019-11-15T18:58:37Z" hostname="fv-az50" tests="1" skipped="0" failures="0" errors="0" time="0.261">
    <testcase time="0.260999999999967" classname="ds.mean_smk_expt_type_split" name="mean_values_split_"/>
  </testsuite>
  <testsuite name="ds.mean::smk_expt::type=both" timestamp="2019-11-15T18:58:37Z" hostname="fv-az50" tests="1" skipped="0" failures="0" errors="0" time="0.262">
    <testcase time="0.262000000000171" classname="ds.mean_smk_expt_type_both" name="mean_values_both_"/>
  </testsuite>
  <testsuite name="ds.mean::smk_expt::type=combine" timestamp="2019-11-15T18:58:38Z" hostname="fv-az50" tests="1" skipped="0" failures="0" errors="0" time="0.264">
    <testcase time="0.264000000000124" classname="ds.mean_smk_expt_type_combine" name="mean_values_combine_"/>
  </testsuite>
  <testsuite name="ds.mean::smk_expt::type=split" timestamp="2019-11-15T18:58:38Z" hostname="fv-az50" tests="1" skipped="0" failures="0" errors="0" time="0.262">
    <testcase time="0.261999999999716" classname="ds.mean_smk_expt_type_split" name="mean_values_split_"/>
  </testsuite>
  <testsuite name="ds.mean::smk_expt::type=both" timestamp="2019-11-15T18:58:38Z" hostname="fv-az50" tests="1" skipped="0" failures="0" errors="0" time="0.268">
    <testcase time="0.268000000000029" classname="ds.mean_smk_expt_type_both" name="mean_values_both_"/>
  </testsuite>
  <testsuite name="ds.mean::smk_expt::type=combine" timestamp="2019-11-15T18:58:38Z" hostname="fv-az50" tests="1" skipped="0" failures="0" errors="0" time="0.264">
    <testcase time="0.264000000000124" classname="ds.mean_smk_expt_type_combine" name="mean_values_combine_"/>
  </testsuite>
  <testsuite name="ds.mean::smk_expt::type=split" timestamp="2019-11-15T18:58:39Z" hostname="fv-az50" tests="1" skipped="0" failures="0" errors="0" time="0.264">
    <testcase time="0.263999999999669" classname="ds.mean_smk_expt_type_split" name="mean_values_split_"/>
  </testsuite>
  <testsuite name="ds.mean::smk_expt::type=both" timestamp="2019-11-15T18:58:39Z" hostname="fv-az50" tests="1" skipped="0" failures="0" errors="0" time="0.265">
    <testcase time="0.265000000000327" classname="ds.mean_smk_expt_type_both" name="mean_values_both_"/>
  </testsuite>
  <testsuite name="ds.mean::smk_expt::type=combine" timestamp="2019-11-15T18:58:39Z" hostname="fv-az50" tests="1" skipped="0" failures="0" errors="0" time="1.1">
    <testcase time="1.09999999999991" classname="ds.mean_smk_expt_type_combine" name="mean_values_combine_"/>
  </testsuite>
  <testsuite name="ds.mean::smk_expt::type=split" timestamp="2019-11-15T18:58:40Z" hostname="fv-az50" tests="1" skipped="0" failures="0" errors="0" time="1.084">
    <testcase time="1.08399999999983" classname="ds.mean_smk_expt_type_split" name="mean_values_split_"/>
  </testsuite>
  <testsuite name="ds.mean::smk_expt::type=both" timestamp="2019-11-15T18:58:41Z" hostname="fv-az50" tests="1" skipped="0" failures="0" errors="0" time="1.086">
    <testcase time="1.08600000000024" classname="ds.mean_smk_expt_type_both" name="mean_values_both_"/>
  </testsuite>
  <testsuite name="ds.mean::smk_expt::type=combine" timestamp="2019-11-15T18:58:42Z" hostname="fv-az50" tests="1" skipped="0" failures="0" errors="0" time="1.078">
    <testcase time="1.07799999999997" classname="ds.mean_smk_expt_type_combine" name="mean_values_combine_"/>
  </testsuite>
  <testsuite name="ds.mean::smk_expt::type=split" timestamp="2019-11-15T18:58:43Z" hostname="fv-az50" tests="1" skipped="0" failures="0" errors="0" time="1.075">
    <testcase time="1.07499999999982" classname="ds.mean_smk_expt_type_split" name="mean_values_split_"/>
  </testsuite>
  <testsuite name="ds.mean::smk_expt::type=both" timestamp="2019-11-15T18:58:45Z" hostname="fv-az50" tests="1" skipped="0" failures="0" errors="0" time="1.072">
    <testcase time="1.07200000000012" classname="ds.mean_smk_expt_type_both" name="mean_values_both_"/>
  </testsuite>
  <testsuite name="ds.mean::smk_expt::type=combine" timestamp="2019-11-15T18:58:46Z" hostname="fv-az50" tests="1" skipped="0" failures="0" errors="0" time="1.065">
    <testcase time="1.06500000000005" classname="ds.mean_smk_expt_type_combine" name="mean_values_combine_"/>
  </testsuite>
  <testsuite name="ds.mean::smk_expt::type=split" timestamp="2019-11-15T18:58:47Z" hostname="fv-az50" tests="1" skipped="0" failures="0" errors="0" time="1.102">
    <testcase time="1.10199999999986" classname="ds.mean_smk_expt_type_split" name="mean_values_split_"/>
  </testsuite>
  <testsuite name="ds.mean::smk_expt::type=both" timestamp="2019-11-15T18:58:48Z" hostname="fv-az50" tests="1" skipped="0" failures="0" errors="0" time="1.171">
    <testcase time="1.17099999999982" classname="ds.mean_smk_expt_type_both" name="mean_values_both_"/>
  </testsuite>
  <testsuite name="ds.mean::smk_expt::type=combine" timestamp="2019-11-15T18:58:49Z" hostname="fv-az50" tests="1" skipped="0" failures="0" errors="0" time="1.078">
    <testcase time="1.07799999999997" classname="ds.mean_smk_expt_type_combine" name="mean_values_combine_"/>
  </testsuite>
  <testsuite name="ds.mean::smk_expt::type=split" timestamp="2019-11-15T18:58:50Z" hostname="fv-az50" tests="1" skipped="0" failures="0" errors="0" time="1.077">
    <testcase time="1.07700000000023" classname="ds.mean_smk_expt_type_split" name="mean_values_split_"/>
  </testsuite>
  <testsuite name="ds.mean::smk_expt::type=both" timestamp="2019-11-15T18:58:51Z" hostname="fv-az50" tests="1" skipped="0" failures="0" errors="0" time="1.07">
    <testcase time="1.07000000000016" classname="ds.mean_smk_expt_type_both" name="mean_values_both_"/>
  </testsuite>
  <testsuite name="ds.mean::smk_expt::type=combine" timestamp="2019-11-15T18:58:52Z" hostname="fv-az50" tests="1" skipped="0" failures="0" errors="0" time="1.072">
    <testcase time="1.07199999999966" classname="ds.mean_smk_expt_type_combine" name="mean_values_combine_"/>
  </testsuite>
  <testsuite name="ds.mean::smk_expt::type=split" timestamp="2019-11-15T18:58:53Z" hostname="fv-az50" tests="1" skipped="0" failures="0" errors="0" time="1.092">
    <testcase time="1.0920000000001" classname="ds.mean_smk_expt_type_split" name="mean_values_split_"/>
  </testsuite>
  <testsuite name="ds.mean::smk_expt::type=both" timestamp="2019-11-15T18:58:54Z" hostname="fv-az50" tests="1" skipped="0" failures="0" errors="0" time="1.069">
    <testcase time="1.06899999999996" classname="ds.mean_smk_expt_type_both" name="mean_values_both_"/>
  </testsuite>
  <testsuite name="ds.mean::smk_expt::type=combine" timestamp="2019-11-15T18:58:55Z" hostname="fv-az50" tests="1" skipped="0" failures="0" errors="0" time="1.076">
    <testcase time="1.07600000000002" classname="ds.mean_smk_expt_type_combine" name="mean_values_combine_"/>
  </testsuite>
  <testsuite name="ds.mean::smk_expt::type=split" timestamp="2019-11-15T18:58:56Z" hostname="fv-az50" tests="1" skipped="0" failures="0" errors="0" time="1.07">
    <testcase time="1.06999999999971" classname="ds.mean_smk_expt_type_split" name="mean_values_split_"/>
  </testsuite>
  <testsuite name="ds.mean::smk_expt::type=both" timestamp="2019-11-15T18:58:58Z" hostname="fv-az50" tests="1" skipped="0" failures="0" errors="0" time="1.084">
    <testcase time="1.08400000000029" classname="ds.mean_smk_expt_type_both" name="mean_values_both_"/>
  </testsuite>
  <testsuite name="VM problems" timestamp="2019-11-15T18:59:00Z" hostname="fv-az50" tests="2" skipped="0" failures="0" errors="0" time="6.96">
    <testcase time="1.1279999999997" classname="VM_problems" name="The_virtual_machine_is_loaded._"/>
    <testcase time="5.83200000000033" classname="VM_problems" name="The_number_of_servers_the_same_has_setup"/>
  </testsuite>
</testsuites>
