<?xml version="1.0" encoding="UTF-8"?>
<testsuites>
  <testsuite name="ds.asList.o::arg::test errors" timestamp="2019-07-02 08:19:31" hostname="fv-az670" tests="1" skipped="0" failures="0" errors="0" time="3.87">
    <testcase time="3.87" classname="ds.asList.o_arg_test_errors" name="asList_erros"/>
  </testsuite>
  <testsuite name="ds.cor.o::arg::test errors" timestamp="2019-07-02 08:19:35" hostname="fv-az670" tests="3" skipped="0" failures="0" errors="0" time="6.24">
    <testcase time="4.03" classname="ds.cor.o_arg_test_errors" name="cor_erros"/>
    <testcase time="0.77" classname="ds.cor.o_arg_test_errors" name="cor_erros"/>
    <testcase time="1.44" classname="ds.cor.o_arg_test_errors" name="cor_erros"/>
  </testsuite>
  <testsuite name="ds.cov.o::arg::test errors" timestamp="2019-07-02 08:19:41" hostname="fv-az670" tests="3" skipped="0" failures="0" errors="0" time="5.94">
    <testcase time="3.85" classname="ds.cov.o_arg_test_errors" name="cov_erros"/>
    <testcase time="0.66" classname="ds.cov.o_arg_test_errors" name="cov_erros"/>
    <testcase time="1.43" classname="ds.cov.o_arg_test_errors" name="cov_erros"/>
  </testsuite>
  <testsuite name="ds.dataFrame.o::arg::test errors" timestamp="2019-07-02 08:19:47" hostname="fv-az670" tests="1" skipped="0" failures="0" errors="0" time="3.9">
    <testcase time="3.9" classname="ds.dataFrame.o_arg_test_errors" name="dataFrame_erros"/>
  </testsuite>
  <testsuite name="ds.dim.o::arg::test errors" timestamp="2019-07-02 08:19:51" hostname="fv-az670" tests="2" skipped="0" failures="0" errors="0" time="3.93">
    <testcase time="3.9" classname="ds.dim.o_arg_test_errors" name="dim_erros"/>
    <testcase time="0.03" classname="ds.dim.o_arg_test_errors" name="dim_erros"/>
  </testsuite>
  <testsuite name="ds.foobar.o::arg::aggregate" timestamp="2019-07-02 08:19:55" hostname="fv-az670" tests="1" skipped="0" failures="0" errors="0" time="3.87">
    <testcase time="3.87" classname="ds.foobar.o_arg_aggregate" name="NULL_opal"/>
  </testsuite>
  <testsuite name="ds.foobar.o::arg::aggregate" timestamp="2019-07-02 08:19:55" hostname="fv-az670" tests="1" skipped="0" failures="0" errors="0" time="0">
    <testcase time="0" classname="ds.foobar.o_arg_aggregate" name="NULL_expr"/>
  </testsuite>
  <testsuite name="ds.foobar.o::arg::aggregate" timestamp="2019-07-02 08:19:55" hostname="fv-az670" tests="1" skipped="0" failures="0" errors="0" time="0.19">
    <testcase time="0.19" classname="ds.foobar.o_arg_aggregate" name="non_existent_aggregate_foobarDS"/>
  </testsuite>
  <testsuite name="ds.foobar.o::arg::assign" timestamp="2019-07-02 08:19:55" hostname="fv-az670" tests="1" skipped="0" failures="0" errors="0" time="0">
    <testcase time="0" classname="ds.foobar.o_arg_assign" name="NULL_opal"/>
  </testsuite>
  <testsuite name="ds.foobar.o::arg::assign" timestamp="2019-07-02 08:19:55" hostname="fv-az670" tests="1" skipped="0" failures="0" errors="0" time="0">
    <testcase time="0" classname="ds.foobar.o_arg_assign" name="NULL_value"/>
  </testsuite>
  <testsuite name="ds.foobar.o::arg::assign" timestamp="2019-07-02 08:19:55" hostname="fv-az670" tests="2" skipped="0" failures="0" errors="0" time="0.23">
    <testcase time="0.23" classname="ds.foobar.o_arg_assign" name="non_existent_assign_foobarDS"/>
    <testcase time="0" classname="ds.foobar.o_arg_assign" name="non_existent_assign_foobarDS"/>
  </testsuite>
  <testsuite name="ds.length.o::arg::test errors" timestamp="2019-07-02 08:19:59" hostname="fv-az670" tests="4" skipped="0" failures="0" errors="0" time="5.55">
    <testcase time="4.98" classname="ds.length.o_arg_test_errors" name="length_erros"/>
    <testcase time="0.04" classname="ds.length.o_arg_test_errors" name="length_erros"/>
    <testcase time="0" classname="ds.length.o_arg_test_errors" name="length_erros"/>
    <testcase time="0.53" classname="ds.length.o_arg_test_errors" name="length_erros"/>
  </testsuite>
  <testsuite name="ds.look.o::arg::test errors" timestamp="2019-07-02 08:20:05" hostname="fv-az670" tests="1" skipped="0" failures="0" errors="0" time="4.33">
    <testcase time="4.33" classname="ds.look.o_arg_test_errors" name="look_erros"/>
  </testsuite>
  <testsuite name="ds.mean.o::arg::test errors" timestamp="2019-07-02 08:20:09" hostname="fv-az670" tests="2" skipped="0" failures="0" errors="0" time="5.02">
    <testcase time="4.96" classname="ds.mean.o_arg_test_errors" name="mean_erros"/>
    <testcase time="0.06" classname="ds.mean.o_arg_test_errors" name="mean_erros"/>
  </testsuite>
  <testsuite name="ds.recodeValues.o::arg::test errors" timestamp="2019-07-02 08:20:14" hostname="fv-az670" tests="6" skipped="0" failures="0" errors="0" time="4.23">
    <testcase time="4.17" classname="ds.recodeValues.o_arg_test_errors" name="recodeValues_erros"/>
    <testcase time="0.05" classname="ds.recodeValues.o_arg_test_errors" name="recodeValues_erros"/>
    <testcase time="0" classname="ds.recodeValues.o_arg_test_errors" name="recodeValues_erros"/>
    <testcase time="0" classname="ds.recodeValues.o_arg_test_errors" name="recodeValues_erros"/>
    <testcase time="0.01" classname="ds.recodeValues.o_arg_test_errors" name="recodeValues_erros"/>
    <testcase time="0" classname="ds.recodeValues.o_arg_test_errors" name="recodeValues_erros"/>
  </testsuite>
  <testsuite name="ds.unList.o::arg::test errors" timestamp="2019-07-02 08:20:18" hostname="fv-az670" tests="1" skipped="0" failures="0" errors="0" time="4.04">
    <testcase time="4.04" classname="ds.unList.o_arg_test_errors" name="unList_erros"/>
  </testsuite>
  <testsuite name="ds.asFactor.o()::mathematical::Returns expected numerical value" timestamp="2019-07-02 08:20:18" hostname="fv-az670" tests="5" skipped="0" failures="0" errors="0" time="19.52">
    <testcase time="5.39" classname="ds.asFactor.o_mathematical_Returns_expected_numerical_value" name="combined_data_set"/>
    <testcase time="3.03" classname="ds.asFactor.o_mathematical_Returns_expected_numerical_value" name="split_dataset"/>
    <testcase time="2.87" classname="ds.asFactor.o_mathematical_Returns_expected_numerical_value" name="split_dataset"/>
    <testcase time="2.92" classname="ds.asFactor.o_mathematical_Returns_expected_numerical_value" name="split_dataset"/>
    <testcase time="5.31" classname="ds.asFactor.o_mathematical_Returns_expected_numerical_value" name="every_factor_should_be_unique"/>
  </testsuite>
  <testsuite name="ds.mean.o()::mathematical::Returns expected numerical value" timestamp="2019-07-02 08:20:42" hostname="fv-az670" tests="40" skipped="0" failures="0" errors="0" time="23.2">
    <testcase time="5.31" classname="ds.mean.o_mathematical_Returns_expected_numerical_value" name="combined_data_set"/>
    <testcase time="0.78" classname="ds.mean.o_mathematical_Returns_expected_numerical_value" name="combined_data_set"/>
    <testcase time="0.78" classname="ds.mean.o_mathematical_Returns_expected_numerical_value" name="combined_data_set"/>
    <testcase time="0.79" classname="ds.mean.o_mathematical_Returns_expected_numerical_value" name="combined_data_set"/>
    <testcase time="0.78" classname="ds.mean.o_mathematical_Returns_expected_numerical_value" name="combined_data_set"/>
    <testcase time="0.78" classname="ds.mean.o_mathematical_Returns_expected_numerical_value" name="combined_data_set"/>
    <testcase time="0.77" classname="ds.mean.o_mathematical_Returns_expected_numerical_value" name="combined_data_set"/>
    <testcase time="0.79" classname="ds.mean.o_mathematical_Returns_expected_numerical_value" name="combined_data_set"/>
    <testcase time="0.77" classname="ds.mean.o_mathematical_Returns_expected_numerical_value" name="split_dataset"/>
    <testcase time="0" classname="ds.mean.o_mathematical_Returns_expected_numerical_value" name="split_dataset"/>
    <testcase time="0" classname="ds.mean.o_mathematical_Returns_expected_numerical_value" name="split_dataset"/>
    <testcase time="0.77" classname="ds.mean.o_mathematical_Returns_expected_numerical_value" name="split_dataset"/>
    <testcase time="0" classname="ds.mean.o_mathematical_Returns_expected_numerical_value" name="split_dataset"/>
    <testcase time="0" classname="ds.mean.o_mathematical_Returns_expected_numerical_value" name="split_dataset"/>
    <testcase time="0.78" classname="ds.mean.o_mathematical_Returns_expected_numerical_value" name="split_dataset"/>
    <testcase time="0" classname="ds.mean.o_mathematical_Returns_expected_numerical_value" name="split_dataset"/>
    <testcase time="0" classname="ds.mean.o_mathematical_Returns_expected_numerical_value" name="split_dataset"/>
    <testcase time="0.77" classname="ds.mean.o_mathematical_Returns_expected_numerical_value" name="split_dataset"/>
    <testcase time="0" classname="ds.mean.o_mathematical_Returns_expected_numerical_value" name="split_dataset"/>
    <testcase time="0" classname="ds.mean.o_mathematical_Returns_expected_numerical_value" name="split_dataset"/>
    <testcase time="0.77" classname="ds.mean.o_mathematical_Returns_expected_numerical_value" name="split_dataset"/>
    <testcase time="0" classname="ds.mean.o_mathematical_Returns_expected_numerical_value" name="split_dataset"/>
    <testcase time="0" classname="ds.mean.o_mathematical_Returns_expected_numerical_value" name="split_dataset"/>
    <testcase time="0.78" classname="ds.mean.o_mathematical_Returns_expected_numerical_value" name="split_dataset"/>
    <testcase time="0" classname="ds.mean.o_mathematical_Returns_expected_numerical_value" name="split_dataset"/>
    <testcase time="0" classname="ds.mean.o_mathematical_Returns_expected_numerical_value" name="split_dataset"/>
    <testcase time="0.77" classname="ds.mean.o_mathematical_Returns_expected_numerical_value" name="split_dataset"/>
    <testcase time="0" classname="ds.mean.o_mathematical_Returns_expected_numerical_value" name="split_dataset"/>
    <testcase time="0" classname="ds.mean.o_mathematical_Returns_expected_numerical_value" name="split_dataset"/>
    <testcase time="0.78" classname="ds.mean.o_mathematical_Returns_expected_numerical_value" name="split_dataset"/>
    <testcase time="0" classname="ds.mean.o_mathematical_Returns_expected_numerical_value" name="split_dataset"/>
    <testcase time="0" classname="ds.mean.o_mathematical_Returns_expected_numerical_value" name="split_dataset"/>
    <testcase time="0.78" classname="ds.mean.o_mathematical_Returns_expected_numerical_value" name="residual_deviation_tends_to_0"/>
    <testcase time="0.77" classname="ds.mean.o_mathematical_Returns_expected_numerical_value" name="residual_deviation_tends_to_0"/>
    <testcase time="0.77" classname="ds.mean.o_mathematical_Returns_expected_numerical_value" name="residual_deviation_tends_to_0"/>
    <testcase time="0.78" classname="ds.mean.o_mathematical_Returns_expected_numerical_value" name="residual_deviation_tends_to_0"/>
    <testcase time="0.78" classname="ds.mean.o_mathematical_Returns_expected_numerical_value" name="residual_deviation_tends_to_0"/>
    <testcase time="0.78" classname="ds.mean.o_mathematical_Returns_expected_numerical_value" name="residual_deviation_tends_to_0"/>
    <testcase time="0.78" classname="ds.mean.o_mathematical_Returns_expected_numerical_value" name="residual_deviation_tends_to_0"/>
    <testcase time="0.79" classname="ds.mean.o_mathematical_Returns_expected_numerical_value" name="residual_deviation_tends_to_0"/>
  </testsuite>
  <testsuite name="ds.recodeValues.o()::mathematical::Returns expected numerical value" timestamp="2019-07-02 08:21:01" hostname="fv-az670" tests="1" skipped="0" failures="0" errors="0" time="6.4">
    <testcase time="6.4" classname="ds.recodeValues.o_mathematical_Returns_expected_numerical_value" name="combined_data_set"/>
  </testsuite>
  <testsuite name="ds.var.o()::mathematical::Returns expected numerical value" timestamp="2019-07-02 08:21:12" hostname="fv-az670" tests="104" skipped="0" failures="0" errors="0" time="17.08">
    <testcase time="4.72" classname="ds.var.o_mathematical_Returns_expected_numerical_value" name="combined_data_set"/>
    <testcase time="0.32" classname="ds.var.o_mathematical_Returns_expected_numerical_value" name="combined_data_set"/>
    <testcase time="0.27" classname="ds.var.o_mathematical_Returns_expected_numerical_value" name="combined_data_set"/>
    <testcase time="0.27" classname="ds.var.o_mathematical_Returns_expected_numerical_value" name="combined_data_set"/>
    <testcase time="0.27" classname="ds.var.o_mathematical_Returns_expected_numerical_value" name="combined_data_set"/>
    <testcase time="0.26" classname="ds.var.o_mathematical_Returns_expected_numerical_value" name="combined_data_set"/>
    <testcase time="0.26" classname="ds.var.o_mathematical_Returns_expected_numerical_value" name="combined_data_set"/>
    <testcase time="0.26" classname="ds.var.o_mathematical_Returns_expected_numerical_value" name="combined_data_set"/>
    <testcase time="0.26" classname="ds.var.o_mathematical_Returns_expected_numerical_value" name="split_dataset"/>
    <testcase time="0" classname="ds.var.o_mathematical_Returns_expected_numerical_value" name="split_dataset"/>
    <testcase time="0" classname="ds.var.o_mathematical_Returns_expected_numerical_value" name="split_dataset"/>
    <testcase time="0.26" classname="ds.var.o_mathematical_Returns_expected_numerical_value" name="split_dataset"/>
    <testcase time="0" classname="ds.var.o_mathematical_Returns_expected_numerical_value" name="split_dataset"/>
    <testcase time="0" classname="ds.var.o_mathematical_Returns_expected_numerical_value" name="split_dataset"/>
    <testcase time="0.25" classname="ds.var.o_mathematical_Returns_expected_numerical_value" name="split_dataset"/>
    <testcase time="0" classname="ds.var.o_mathematical_Returns_expected_numerical_value" name="split_dataset"/>
    <testcase time="0" classname="ds.var.o_mathematical_Returns_expected_numerical_value" name="split_dataset"/>
    <testcase time="0.27" classname="ds.var.o_mathematical_Returns_expected_numerical_value" name="split_dataset"/>
    <testcase time="0" classname="ds.var.o_mathematical_Returns_expected_numerical_value" name="split_dataset"/>
    <testcase time="0" classname="ds.var.o_mathematical_Returns_expected_numerical_value" name="split_dataset"/>
    <testcase time="0.26" classname="ds.var.o_mathematical_Returns_expected_numerical_value" name="split_dataset"/>
    <testcase time="0" classname="ds.var.o_mathematical_Returns_expected_numerical_value" name="split_dataset"/>
    <testcase time="0" classname="ds.var.o_mathematical_Returns_expected_numerical_value" name="split_dataset"/>
    <testcase time="0.27" classname="ds.var.o_mathematical_Returns_expected_numerical_value" name="split_dataset"/>
    <testcase time="0" classname="ds.var.o_mathematical_Returns_expected_numerical_value" name="split_dataset"/>
    <testcase time="0" classname="ds.var.o_mathematical_Returns_expected_numerical_value" name="split_dataset"/>
    <testcase time="0.26" classname="ds.var.o_mathematical_Returns_expected_numerical_value" name="split_dataset"/>
    <testcase time="0" classname="ds.var.o_mathematical_Returns_expected_numerical_value" name="split_dataset"/>
    <testcase time="0" classname="ds.var.o_mathematical_Returns_expected_numerical_value" name="split_dataset"/>
    <testcase time="0.26" classname="ds.var.o_mathematical_Returns_expected_numerical_value" name="split_dataset"/>
    <testcase time="0" classname="ds.var.o_mathematical_Returns_expected_numerical_value" name="split_dataset"/>
    <testcase time="0" classname="ds.var.o_mathematical_Returns_expected_numerical_value" name="split_dataset"/>
    <testcase time="0.26" classname="ds.var.o_mathematical_Returns_expected_numerical_value" name="variance_0"/>
    <testcase time="0.26" classname="ds.var.o_mathematical_Returns_expected_numerical_value" name="variance_0"/>
    <testcase time="0.26" classname="ds.var.o_mathematical_Returns_expected_numerical_value" name="variance_0"/>
    <testcase time="0.26" classname="ds.var.o_mathematical_Returns_expected_numerical_value" name="variance_0"/>
    <testcase time="0.25" classname="ds.var.o_mathematical_Returns_expected_numerical_value" name="variance_0"/>
    <testcase time="0" classname="ds.var.o_mathematical_Returns_expected_numerical_value" name="variance_0"/>
    <testcase time="0" classname="ds.var.o_mathematical_Returns_expected_numerical_value" name="variance_0"/>
    <testcase time="0.26" classname="ds.var.o_mathematical_Returns_expected_numerical_value" name="variance_0"/>
    <testcase time="0" classname="ds.var.o_mathematical_Returns_expected_numerical_value" name="variance_0"/>
    <testcase time="0" classname="ds.var.o_mathematical_Returns_expected_numerical_value" name="variance_0"/>
    <testcase time="0.26" classname="ds.var.o_mathematical_Returns_expected_numerical_value" name="variance_0"/>
    <testcase time="0" classname="ds.var.o_mathematical_Returns_expected_numerical_value" name="variance_0"/>
    <testcase time="0" classname="ds.var.o_mathematical_Returns_expected_numerical_value" name="variance_0"/>
    <testcase time="0.27" classname="ds.var.o_mathematical_Returns_expected_numerical_value" name="variance_0"/>
    <testcase time="0" classname="ds.var.o_mathematical_Returns_expected_numerical_value" name="variance_0"/>
    <testcase time="0" classname="ds.var.o_mathematical_Returns_expected_numerical_value" name="variance_0"/>
    <testcase time="0.27" classname="ds.var.o_mathematical_Returns_expected_numerical_value" name="variance_0"/>
    <testcase time="0" classname="ds.var.o_mathematical_Returns_expected_numerical_value" name="variance_0"/>
    <testcase time="0" classname="ds.var.o_mathematical_Returns_expected_numerical_value" name="variance_0"/>
    <testcase time="0.26" classname="ds.var.o_mathematical_Returns_expected_numerical_value" name="variance_0"/>
    <testcase time="0" classname="ds.var.o_mathematical_Returns_expected_numerical_value" name="variance_0"/>
    <testcase time="0" classname="ds.var.o_mathematical_Returns_expected_numerical_value" name="variance_0"/>
    <testcase time="0.26" classname="ds.var.o_mathematical_Returns_expected_numerical_value" name="variance_0"/>
    <testcase time="0" classname="ds.var.o_mathematical_Returns_expected_numerical_value" name="variance_0"/>
    <testcase time="0" classname="ds.var.o_mathematical_Returns_expected_numerical_value" name="variance_0"/>
    <testcase time="0.26" classname="ds.var.o_mathematical_Returns_expected_numerical_value" name="variance_0"/>
    <testcase time="0" classname="ds.var.o_mathematical_Returns_expected_numerical_value" name="variance_0"/>
    <testcase time="0" classname="ds.var.o_mathematical_Returns_expected_numerical_value" name="variance_0"/>
    <testcase time="0.26" classname="ds.var.o_mathematical_Returns_expected_numerical_value" name="variance_0"/>
    <testcase time="0" classname="ds.var.o_mathematical_Returns_expected_numerical_value" name="variance_0"/>
    <testcase time="0" classname="ds.var.o_mathematical_Returns_expected_numerical_value" name="variance_0"/>
    <testcase time="0.26" classname="ds.var.o_mathematical_Returns_expected_numerical_value" name="variance_0"/>
    <testcase time="0" classname="ds.var.o_mathematical_Returns_expected_numerical_value" name="variance_0"/>
    <testcase time="0" classname="ds.var.o_mathematical_Returns_expected_numerical_value" name="variance_0"/>
    <testcase time="0.26" classname="ds.var.o_mathematical_Returns_expected_numerical_value" name="variance_0"/>
    <testcase time="0" classname="ds.var.o_mathematical_Returns_expected_numerical_value" name="variance_0"/>
    <testcase time="0" classname="ds.var.o_mathematical_Returns_expected_numerical_value" name="variance_0"/>
    <testcase time="0.26" classname="ds.var.o_mathematical_Returns_expected_numerical_value" name="variance_0"/>
    <testcase time="0" classname="ds.var.o_mathematical_Returns_expected_numerical_value" name="variance_0"/>
    <testcase time="0" classname="ds.var.o_mathematical_Returns_expected_numerical_value" name="variance_0"/>
    <testcase time="0.27" classname="ds.var.o_mathematical_Returns_expected_numerical_value" name="The_variance_is_the_standard_deviation_to_the_power_of_2"/>
    <testcase time="0.26" classname="ds.var.o_mathematical_Returns_expected_numerical_value" name="The_variance_is_the_standard_deviation_to_the_power_of_2"/>
    <testcase time="0.26" classname="ds.var.o_mathematical_Returns_expected_numerical_value" name="The_variance_is_the_standard_deviation_to_the_power_of_2"/>
    <testcase time="0.26" classname="ds.var.o_mathematical_Returns_expected_numerical_value" name="The_variance_is_the_standard_deviation_to_the_power_of_2"/>
    <testcase time="0.26" classname="ds.var.o_mathematical_Returns_expected_numerical_value" name="The_variance_is_the_standard_deviation_to_the_power_of_2"/>
    <testcase time="0.26" classname="ds.var.o_mathematical_Returns_expected_numerical_value" name="The_variance_is_the_standard_deviation_to_the_power_of_2"/>
    <testcase time="0.26" classname="ds.var.o_mathematical_Returns_expected_numerical_value" name="The_variance_is_the_standard_deviation_to_the_power_of_2"/>
    <testcase time="0.25" classname="ds.var.o_mathematical_Returns_expected_numerical_value" name="The_variance_is_the_standard_deviation_to_the_power_of_2"/>
    <testcase time="0.26" classname="ds.var.o_mathematical_Returns_expected_numerical_value" name="The_variance_is_the_standard_deviation_to_the_power_of_2"/>
    <testcase time="0" classname="ds.var.o_mathematical_Returns_expected_numerical_value" name="The_variance_is_the_standard_deviation_to_the_power_of_2"/>
    <testcase time="0" classname="ds.var.o_mathematical_Returns_expected_numerical_value" name="The_variance_is_the_standard_deviation_to_the_power_of_2"/>
    <testcase time="0.27" classname="ds.var.o_mathematical_Returns_expected_numerical_value" name="The_variance_is_the_standard_deviation_to_the_power_of_2"/>
    <testcase time="0" classname="ds.var.o_mathematical_Returns_expected_numerical_value" name="The_variance_is_the_standard_deviation_to_the_power_of_2"/>
    <testcase time="0" classname="ds.var.o_mathematical_Returns_expected_numerical_value" name="The_variance_is_the_standard_deviation_to_the_power_of_2"/>
    <testcase time="0.26" classname="ds.var.o_mathematical_Returns_expected_numerical_value" name="The_variance_is_the_standard_deviation_to_the_power_of_2"/>
    <testcase time="0" classname="ds.var.o_mathematical_Returns_expected_numerical_value" name="The_variance_is_the_standard_deviation_to_the_power_of_2"/>
    <testcase time="0" classname="ds.var.o_mathematical_Returns_expected_numerical_value" name="The_variance_is_the_standard_deviation_to_the_power_of_2"/>
    <testcase time="0.27" classname="ds.var.o_mathematical_Returns_expected_numerical_value" name="The_variance_is_the_standard_deviation_to_the_power_of_2"/>
    <testcase time="0" classname="ds.var.o_mathematical_Returns_expected_numerical_value" name="The_variance_is_the_standard_deviation_to_the_power_of_2"/>
    <testcase time="0" classname="ds.var.o_mathematical_Returns_expected_numerical_value" name="The_variance_is_the_standard_deviation_to_the_power_of_2"/>
    <testcase time="0.26" classname="ds.var.o_mathematical_Returns_expected_numerical_value" name="The_variance_is_the_standard_deviation_to_the_power_of_2"/>
    <testcase time="0" classname="ds.var.o_mathematical_Returns_expected_numerical_value" name="The_variance_is_the_standard_deviation_to_the_power_of_2"/>
    <testcase time="0" classname="ds.var.o_mathematical_Returns_expected_numerical_value" name="The_variance_is_the_standard_deviation_to_the_power_of_2"/>
    <testcase time="0.27" classname="ds.var.o_mathematical_Returns_expected_numerical_value" name="The_variance_is_the_standard_deviation_to_the_power_of_2"/>
    <testcase time="0" classname="ds.var.o_mathematical_Returns_expected_numerical_value" name="The_variance_is_the_standard_deviation_to_the_power_of_2"/>
    <testcase time="0" classname="ds.var.o_mathematical_Returns_expected_numerical_value" name="The_variance_is_the_standard_deviation_to_the_power_of_2"/>
    <testcase time="0.26" classname="ds.var.o_mathematical_Returns_expected_numerical_value" name="The_variance_is_the_standard_deviation_to_the_power_of_2"/>
    <testcase time="0" classname="ds.var.o_mathematical_Returns_expected_numerical_value" name="The_variance_is_the_standard_deviation_to_the_power_of_2"/>
    <testcase time="0" classname="ds.var.o_mathematical_Returns_expected_numerical_value" name="The_variance_is_the_standard_deviation_to_the_power_of_2"/>
    <testcase time="0.26" classname="ds.var.o_mathematical_Returns_expected_numerical_value" name="The_variance_is_the_standard_deviation_to_the_power_of_2"/>
    <testcase time="0" classname="ds.var.o_mathematical_Returns_expected_numerical_value" name="The_variance_is_the_standard_deviation_to_the_power_of_2"/>
    <testcase time="0" classname="ds.var.o_mathematical_Returns_expected_numerical_value" name="The_variance_is_the_standard_deviation_to_the_power_of_2"/>
  </testsuite>
  <testsuite name="checkClass()::smoke::simple test" timestamp="2019-07-02 08:21:29" hostname="fv-az670" tests="21" skipped="0" failures="0" errors="0" time="7.39">
    <testcase time="4.43" classname="checkClass_smoke_simple_test" name="simple_test"/>
    <testcase time="0" classname="checkClass_smoke_simple_test" name="simple_test"/>
    <testcase time="0" classname="checkClass_smoke_simple_test" name="simple_test"/>
    <testcase time="0.26" classname="checkClass_smoke_simple_test" name="simple_test"/>
    <testcase time="0" classname="checkClass_smoke_simple_test" name="simple_test"/>
    <testcase time="0" classname="checkClass_smoke_simple_test" name="simple_test"/>
    <testcase time="0.26" classname="checkClass_smoke_simple_test" name="simple_test"/>
    <testcase time="0" classname="checkClass_smoke_simple_test" name="simple_test"/>
    <testcase time="0" classname="checkClass_smoke_simple_test" name="simple_test"/>
    <testcase time="0.26" classname="checkClass_smoke_simple_test" name="simple_test"/>
    <testcase time="0" classname="checkClass_smoke_simple_test" name="simple_test"/>
    <testcase time="0" classname="checkClass_smoke_simple_test" name="simple_test"/>
    <testcase time="0.26" classname="checkClass_smoke_simple_test" name="simple_test"/>
    <testcase time="0" classname="checkClass_smoke_simple_test" name="simple_test"/>
    <testcase time="0" classname="checkClass_smoke_simple_test" name="simple_test"/>
    <testcase time="0.27" classname="checkClass_smoke_simple_test" name="simple_test"/>
    <testcase time="0" classname="checkClass_smoke_simple_test" name="simple_test"/>
    <testcase time="0" classname="checkClass_smoke_simple_test" name="simple_test"/>
    <testcase time="1.65" classname="checkClass_smoke_simple_test" name="data.frame_test"/>
    <testcase time="0" classname="checkClass_smoke_simple_test" name="data.frame_test"/>
    <testcase time="0" classname="checkClass_smoke_simple_test" name="data.frame_test"/>
  </testsuite>
  <testsuite name="ds.asCharacter.o()::smoke::simple test" timestamp="2019-07-02 08:21:36" hostname="fv-az670" tests="3" skipped="0" failures="0" errors="0" time="4.89">
    <testcase time="4.89" classname="ds.asCharacter.o_smoke_simple_test" name="simple_test"/>
    <testcase time="0" classname="ds.asCharacter.o_smoke_simple_test" name="simple_test"/>
    <testcase time="0" classname="ds.asCharacter.o_smoke_simple_test" name="simple_test"/>
  </testsuite>
  <testsuite name="ds.asDataMatrix.o()::smoke::simple test" timestamp="2019-07-02 08:21:41" hostname="fv-az670" tests="3" skipped="0" failures="0" errors="0" time="4.73">
    <testcase time="4.73" classname="ds.asDataMatrix.o_smoke_simple_test" name="simple_test"/>
    <testcase time="0" classname="ds.asDataMatrix.o_smoke_simple_test" name="simple_test"/>
    <testcase time="0" classname="ds.asDataMatrix.o_smoke_simple_test" name="simple_test"/>
  </testsuite>
  <testsuite name="ds.asFactor.o()::smoke" timestamp="2019-07-02 08:21:46" hostname="fv-az670" tests="0" skipped="0" failures="0" errors="0" time="0"/>
  <testsuite name="ds.asFactor.o()::smoke::force.factor.levels" timestamp="2019-07-02 08:21:46" hostname="fv-az670" tests="20" skipped="0" failures="0" errors="0" time="15.24">
    <testcase time="6.96" classname="ds.asFactor.o_smoke_force.factor.levels" name="with_no_force.factor.levels"/>
    <testcase time="0" classname="ds.asFactor.o_smoke_force.factor.levels" name="with_no_force.factor.levels"/>
    <testcase time="0" classname="ds.asFactor.o_smoke_force.factor.levels" name="with_no_force.factor.levels"/>
    <testcase time="0" classname="ds.asFactor.o_smoke_force.factor.levels" name="with_no_force.factor.levels"/>
    <testcase time="2.07" classname="ds.asFactor.o_smoke_force.factor.levels" name="with_forced.factor.levels_of_1_6"/>
    <testcase time="0" classname="ds.asFactor.o_smoke_force.factor.levels" name="with_forced.factor.levels_of_1_6"/>
    <testcase time="0" classname="ds.asFactor.o_smoke_force.factor.levels" name="with_forced.factor.levels_of_1_6"/>
    <testcase time="0" classname="ds.asFactor.o_smoke_force.factor.levels" name="with_forced.factor.levels_of_1_6"/>
    <testcase time="2.07" classname="ds.asFactor.o_smoke_force.factor.levels" name="with_force.factor.levels_of_0_10"/>
    <testcase time="0" classname="ds.asFactor.o_smoke_force.factor.levels" name="with_force.factor.levels_of_0_10"/>
    <testcase time="0" classname="ds.asFactor.o_smoke_force.factor.levels" name="with_force.factor.levels_of_0_10"/>
    <testcase time="0" classname="ds.asFactor.o_smoke_force.factor.levels" name="with_force.factor.levels_of_0_10"/>
    <testcase time="2.07" classname="ds.asFactor.o_smoke_force.factor.levels" name="with_force.factor.levels_of_2_3"/>
    <testcase time="0" classname="ds.asFactor.o_smoke_force.factor.levels" name="with_force.factor.levels_of_2_3"/>
    <testcase time="0" classname="ds.asFactor.o_smoke_force.factor.levels" name="with_force.factor.levels_of_2_3"/>
    <testcase time="0" classname="ds.asFactor.o_smoke_force.factor.levels" name="with_force.factor.levels_of_2_3"/>
    <testcase time="2.07" classname="ds.asFactor.o_smoke_force.factor.levels" name="with_force.factor.levels_of_c_1_2_3_4_a_h_5_"/>
    <testcase time="0" classname="ds.asFactor.o_smoke_force.factor.levels" name="with_force.factor.levels_of_c_1_2_3_4_a_h_5_"/>
    <testcase time="0" classname="ds.asFactor.o_smoke_force.factor.levels" name="with_force.factor.levels_of_c_1_2_3_4_a_h_5_"/>
    <testcase time="0" classname="ds.asFactor.o_smoke_force.factor.levels" name="with_force.factor.levels_of_c_1_2_3_4_a_h_5_"/>
  </testsuite>
  <testsuite name="ds.asFactor.o()::smoke::fixed.dummy.vars" timestamp="2019-07-02 08:21:57" hostname="fv-az670" tests="6" skipped="0" failures="0" errors="0" time="2.62">
    <testcase time="1.31" classname="ds.asFactor.o_smoke_fixed.dummy.vars" name="with_fixed.dummy.vars_of_TRUE"/>
    <testcase time="0" classname="ds.asFactor.o_smoke_fixed.dummy.vars" name="with_fixed.dummy.vars_of_TRUE"/>
    <testcase time="0" classname="ds.asFactor.o_smoke_fixed.dummy.vars" name="with_fixed.dummy.vars_of_TRUE"/>
    <testcase time="1.31" classname="ds.asFactor.o_smoke_fixed.dummy.vars" name="with_fixed.dummy.vars_of_TRUE_and_baseline.level_of_6"/>
    <testcase time="0" classname="ds.asFactor.o_smoke_fixed.dummy.vars" name="with_fixed.dummy.vars_of_TRUE_and_baseline.level_of_6"/>
    <testcase time="0" classname="ds.asFactor.o_smoke_fixed.dummy.vars" name="with_fixed.dummy.vars_of_TRUE_and_baseline.level_of_6"/>
  </testsuite>
  <testsuite name="ds.asInteger.o()::smoke::simple test" timestamp="2019-07-02 08:22:03" hostname="fv-az670" tests="3" skipped="0" failures="0" errors="0" time="4.8">
    <testcase time="4.8" classname="ds.asInteger.o_smoke_simple_test" name="simple_test"/>
    <testcase time="0" classname="ds.asInteger.o_smoke_simple_test" name="simple_test"/>
    <testcase time="0" classname="ds.asInteger.o_smoke_simple_test" name="simple_test"/>
  </testsuite>
  <testsuite name="ds.asList.o()::smoke::simple test" timestamp="2019-07-02 08:22:08" hostname="fv-az670" tests="10" skipped="0" failures="0" errors="0" time="4.24">
    <testcase time="4.24" classname="ds.asList.o_smoke_simple_test" name="simple_test"/>
    <testcase time="0" classname="ds.asList.o_smoke_simple_test" name="simple_test"/>
    <testcase time="0" classname="ds.asList.o_smoke_simple_test" name="simple_test"/>
    <testcase time="0" classname="ds.asList.o_smoke_simple_test" name="simple_test"/>
    <testcase time="0" classname="ds.asList.o_smoke_simple_test" name="simple_test"/>
    <testcase time="0" classname="ds.asList.o_smoke_simple_test" name="simple_test"/>
    <testcase time="0" classname="ds.asList.o_smoke_simple_test" name="simple_test"/>
    <testcase time="0" classname="ds.asList.o_smoke_simple_test" name="simple_test"/>
    <testcase time="0" classname="ds.asList.o_smoke_simple_test" name="simple_test"/>
    <testcase time="0" classname="ds.asList.o_smoke_simple_test" name="simple_test"/>
  </testsuite>
  <testsuite name="ds.asLogical.o()::smoke::simple test" timestamp="2019-07-02 08:22:12" hostname="fv-az670" tests="3" skipped="0" failures="0" errors="0" time="4.73">
    <testcase time="4.73" classname="ds.asLogical.o_smoke_simple_test" name="simple_test"/>
    <testcase time="0" classname="ds.asLogical.o_smoke_simple_test" name="simple_test"/>
    <testcase time="0" classname="ds.asLogical.o_smoke_simple_test" name="simple_test"/>
  </testsuite>
  <testsuite name="ds.asMatrix.o()::smoke::simple test" timestamp="2019-07-02 08:22:17" hostname="fv-az670" tests="3" skipped="0" failures="0" errors="0" time="4.77">
    <testcase time="4.77" classname="ds.asMatrix.o_smoke_simple_test" name="simple_test"/>
    <testcase time="0" classname="ds.asMatrix.o_smoke_simple_test" name="simple_test"/>
    <testcase time="0" classname="ds.asMatrix.o_smoke_simple_test" name="simple_test"/>
  </testsuite>
  <testsuite name="ds.asNumeric.o()::smoke::simple test" timestamp="2019-07-02 08:22:22" hostname="fv-az670" tests="3" skipped="0" failures="0" errors="0" time="4.8">
    <testcase time="4.8" classname="ds.asNumeric.o_smoke_simple_test" name="simple_test"/>
    <testcase time="0" classname="ds.asNumeric.o_smoke_simple_test" name="simple_test"/>
    <testcase time="0" classname="ds.asNumeric.o_smoke_simple_test" name="simple_test"/>
  </testsuite>
  <testsuite name="ds.Boole.o::smoke" timestamp="2019-07-02 08:22:27" hostname="fv-az670" tests="3" skipped="0" failures="0" errors="0" time="5.16">
    <testcase time="5.16" classname="ds.Boole.o_smoke" name="simple_boole"/>
    <testcase time="0" classname="ds.Boole.o_smoke" name="simple_boole"/>
    <testcase time="0" classname="ds.Boole.o_smoke" name="simple_boole"/>
  </testsuite>
  <testsuite name="ds.cbind.o()::smoke" timestamp="2019-07-02 08:22:32" hostname="fv-az670" tests="5" skipped="0" failures="0" errors="0" time="6.39">
    <testcase time="5.88" classname="ds.cbind.o_smoke" name="simple_test"/>
    <testcase time="0" classname="ds.cbind.o_smoke" name="simple_test"/>
    <testcase time="0.51" classname="ds.cbind.o_smoke" name="simple_test"/>
    <testcase time="0" classname="ds.cbind.o_smoke" name="simple_test"/>
    <testcase time="0" classname="ds.cbind.o_smoke" name="simple_test"/>
  </testsuite>
  <testsuite name="ds.cor.o()::smoke" timestamp="2019-07-02 08:22:38" hostname="fv-az670" tests="28" skipped="0" failures="0" errors="0" time="6.73">
    <testcase time="5.35" classname="ds.cor.o_smoke" name="simple_test_combine"/>
    <testcase time="0" classname="ds.cor.o_smoke" name="simple_test_combine"/>
    <testcase time="0" classname="ds.cor.o_smoke" name="simple_test_combine"/>
    <testcase time="0" classname="ds.cor.o_smoke" name="simple_test_combine"/>
    <testcase time="0" classname="ds.cor.o_smoke" name="simple_test_combine"/>
    <testcase time="0" classname="ds.cor.o_smoke" name="simple_test_combine"/>
    <testcase time="0" classname="ds.cor.o_smoke" name="simple_test_combine"/>
    <testcase time="0" classname="ds.cor.o_smoke" name="simple_test_combine"/>
    <testcase time="0" classname="ds.cor.o_smoke" name="simple_test_combine"/>
    <testcase time="1.38" classname="ds.cor.o_smoke" name="simple_test_split"/>
    <testcase time="0" classname="ds.cor.o_smoke" name="simple_test_split"/>
    <testcase time="0" classname="ds.cor.o_smoke" name="simple_test_split"/>
    <testcase time="0" classname="ds.cor.o_smoke" name="simple_test_split"/>
    <testcase time="0" classname="ds.cor.o_smoke" name="simple_test_split"/>
    <testcase time="0" classname="ds.cor.o_smoke" name="simple_test_split"/>
    <testcase time="0" classname="ds.cor.o_smoke" name="simple_test_split"/>
    <testcase time="0" classname="ds.cor.o_smoke" name="simple_test_split"/>
    <testcase time="0" classname="ds.cor.o_smoke" name="simple_test_split"/>
    <testcase time="0" classname="ds.cor.o_smoke" name="simple_test_split"/>
    <testcase time="0" classname="ds.cor.o_smoke" name="simple_test_split"/>
    <testcase time="0" classname="ds.cor.o_smoke" name="simple_test_split"/>
    <testcase time="0" classname="ds.cor.o_smoke" name="simple_test_split"/>
    <testcase time="0" classname="ds.cor.o_smoke" name="simple_test_split"/>
    <testcase time="0" classname="ds.cor.o_smoke" name="simple_test_split"/>
    <testcase time="0" classname="ds.cor.o_smoke" name="simple_test_split"/>
    <testcase time="0" classname="ds.cor.o_smoke" name="simple_test_split"/>
    <testcase time="0" classname="ds.cor.o_smoke" name="simple_test_split"/>
    <testcase time="0" classname="ds.cor.o_smoke" name="simple_test_split"/>
  </testsuite>
  <testsuite name="ds.cov.o()::smoke" timestamp="2019-07-02 08:22:45" hostname="fv-az670" tests="28" skipped="0" failures="0" errors="0" time="6.85">
    <testcase time="5.47" classname="ds.cov.o_smoke" name="simple_test_split"/>
    <testcase time="0" classname="ds.cov.o_smoke" name="simple_test_split"/>
    <testcase time="0" classname="ds.cov.o_smoke" name="simple_test_split"/>
    <testcase time="0" classname="ds.cov.o_smoke" name="simple_test_split"/>
    <testcase time="0" classname="ds.cov.o_smoke" name="simple_test_split"/>
    <testcase time="0" classname="ds.cov.o_smoke" name="simple_test_split"/>
    <testcase time="0" classname="ds.cov.o_smoke" name="simple_test_split"/>
    <testcase time="0" classname="ds.cov.o_smoke" name="simple_test_split"/>
    <testcase time="0" classname="ds.cov.o_smoke" name="simple_test_split"/>
    <testcase time="0" classname="ds.cov.o_smoke" name="simple_test_split"/>
    <testcase time="0" classname="ds.cov.o_smoke" name="simple_test_split"/>
    <testcase time="0" classname="ds.cov.o_smoke" name="simple_test_split"/>
    <testcase time="0" classname="ds.cov.o_smoke" name="simple_test_split"/>
    <testcase time="0" classname="ds.cov.o_smoke" name="simple_test_split"/>
    <testcase time="0" classname="ds.cov.o_smoke" name="simple_test_split"/>
    <testcase time="0" classname="ds.cov.o_smoke" name="simple_test_split"/>
    <testcase time="0" classname="ds.cov.o_smoke" name="simple_test_split"/>
    <testcase time="0" classname="ds.cov.o_smoke" name="simple_test_split"/>
    <testcase time="0" classname="ds.cov.o_smoke" name="simple_test_split"/>
    <testcase time="1.38" classname="ds.cov.o_smoke" name="simple_test_split"/>
    <testcase time="0" classname="ds.cov.o_smoke" name="simple_test_split"/>
    <testcase time="0" classname="ds.cov.o_smoke" name="simple_test_split"/>
    <testcase time="0" classname="ds.cov.o_smoke" name="simple_test_split"/>
    <testcase time="0" classname="ds.cov.o_smoke" name="simple_test_split"/>
    <testcase time="0" classname="ds.cov.o_smoke" name="simple_test_split"/>
    <testcase time="0" classname="ds.cov.o_smoke" name="simple_test_split"/>
    <testcase time="0" classname="ds.cov.o_smoke" name="simple_test_split"/>
    <testcase time="0" classname="ds.cov.o_smoke" name="simple_test_split"/>
  </testsuite>
  <testsuite name="ds.dataFrame.o()::smoke::create a dataframe" timestamp="2019-07-02 08:22:52" hostname="fv-az670" tests="3" skipped="0" failures="0" errors="0" time="5.63">
    <testcase time="5.63" classname="ds.dataFrame.o_smoke_create_a_dataframe" name="dataframe_exists"/>
    <testcase time="0" classname="ds.dataFrame.o_smoke_create_a_dataframe" name="dataframe_exists"/>
    <testcase time="0" classname="ds.dataFrame.o_smoke_create_a_dataframe" name="dataframe_exists"/>
  </testsuite>
  <testsuite name="ds.dataFrame.o()::smoke::create a dataframe, with DataSHIELD.checks" timestamp="2019-07-02 08:22:54" hostname="fv-az670" tests="3" skipped="0" failures="0" errors="0" time="2.57">
    <testcase time="2.57" classname="ds.dataFrame.o_smoke_create_a_dataframe_with_DataSHIELD.checks" name="dataframe_exists_with_DataSHIELD.checks"/>
    <testcase time="0" classname="ds.dataFrame.o_smoke_create_a_dataframe_with_DataSHIELD.checks" name="dataframe_exists_with_DataSHIELD.checks"/>
    <testcase time="0" classname="ds.dataFrame.o_smoke_create_a_dataframe_with_DataSHIELD.checks" name="dataframe_exists_with_DataSHIELD.checks"/>
  </testsuite>
  <testsuite name="ds.dataFrameSort.o()::smoke::create a sorted dataframe" timestamp="2019-07-02 08:23:00" hostname="fv-az670" tests="3" skipped="0" failures="0" errors="0" time="6.15">
    <testcase time="6.15" classname="ds.dataFrameSort.o_smoke_create_a_sorted_dataframe" name="dataFrameSort_exists"/>
    <testcase time="0" classname="ds.dataFrameSort.o_smoke_create_a_sorted_dataframe" name="dataFrameSort_exists"/>
    <testcase time="0" classname="ds.dataFrameSort.o_smoke_create_a_sorted_dataframe" name="dataFrameSort_exists"/>
  </testsuite>
  <testsuite name="ds.dataFrameSubset.o()::smoke::create a subset dataframe" timestamp="2019-07-02 08:23:06" hostname="fv-az670" tests="3" skipped="0" failures="0" errors="0" time="7.09">
    <testcase time="7.09" classname="ds.dataFrameSubset.o_smoke_create_a_subset_dataframe" name="dataFrameSubset_exists"/>
    <testcase time="0" classname="ds.dataFrameSubset.o_smoke_create_a_subset_dataframe" name="dataFrameSubset_exists"/>
    <testcase time="0" classname="ds.dataFrameSubset.o_smoke_create_a_subset_dataframe" name="dataFrameSubset_exists"/>
  </testsuite>
  <testsuite name="ds.dim.o()::smoke" timestamp="2019-07-02 08:23:13" hostname="fv-az670" tests="13" skipped="0" failures="0" errors="0" time="4.23">
    <testcase time="4.23" classname="ds.dim.o_smoke" name="simple_dim_both"/>
    <testcase time="0" classname="ds.dim.o_smoke" name="simple_dim_both"/>
    <testcase time="0" classname="ds.dim.o_smoke" name="simple_dim_both"/>
    <testcase time="0" classname="ds.dim.o_smoke" name="simple_dim_both"/>
    <testcase time="0" classname="ds.dim.o_smoke" name="simple_dim_both"/>
    <testcase time="0" classname="ds.dim.o_smoke" name="simple_dim_both"/>
    <testcase time="0" classname="ds.dim.o_smoke" name="simple_dim_both"/>
    <testcase time="0" classname="ds.dim.o_smoke" name="simple_dim_both"/>
    <testcase time="0" classname="ds.dim.o_smoke" name="simple_dim_both"/>
    <testcase time="0" classname="ds.dim.o_smoke" name="simple_dim_both"/>
    <testcase time="0" classname="ds.dim.o_smoke" name="simple_dim_both"/>
    <testcase time="0" classname="ds.dim.o_smoke" name="simple_dim_both"/>
    <testcase time="0" classname="ds.dim.o_smoke" name="simple_dim_both"/>
  </testsuite>
  <testsuite name="ds.dim.o()::smoke" timestamp="2019-07-02 08:23:14" hostname="fv-az670" tests="10" skipped="0" failures="0" errors="0" time="0.26">
    <testcase time="0.26" classname="ds.dim.o_smoke" name="simple_dim_split"/>
    <testcase time="0" classname="ds.dim.o_smoke" name="simple_dim_split"/>
    <testcase time="0" classname="ds.dim.o_smoke" name="simple_dim_split"/>
    <testcase time="0" classname="ds.dim.o_smoke" name="simple_dim_split"/>
    <testcase time="0" classname="ds.dim.o_smoke" name="simple_dim_split"/>
    <testcase time="0" classname="ds.dim.o_smoke" name="simple_dim_split"/>
    <testcase time="0" classname="ds.dim.o_smoke" name="simple_dim_split"/>
    <testcase time="0" classname="ds.dim.o_smoke" name="simple_dim_split"/>
    <testcase time="0" classname="ds.dim.o_smoke" name="simple_dim_split"/>
    <testcase time="0" classname="ds.dim.o_smoke" name="simple_dim_split"/>
  </testsuite>
  <testsuite name="ds.dim.o()::smoke" timestamp="2019-07-02 08:23:14" hostname="fv-az670" tests="4" skipped="0" failures="0" errors="0" time="0.25">
    <testcase time="0.25" classname="ds.dim.o_smoke" name="simple_dim_combine"/>
    <testcase time="0" classname="ds.dim.o_smoke" name="simple_dim_combine"/>
    <testcase time="0" classname="ds.dim.o_smoke" name="simple_dim_combine"/>
    <testcase time="0" classname="ds.dim.o_smoke" name="simple_dim_combine"/>
  </testsuite>
  <testsuite name="ds.glm.o()::smoke::Standard Gaussian regression model for piecewise exponential regression analysis" timestamp="2019-07-02 08:23:18" hostname="fv-az670" tests="2" skipped="0" failures="0" errors="0" time="5.16">
    <testcase time="5.16" classname="ds.glm.o_smoke_Standard_Gaussian_regression_model_for_piecewise_exponential_regression_analysis" name="glm_gaussian"/>
    <testcase time="0" classname="ds.glm.o_smoke_Standard_Gaussian_regression_model_for_piecewise_exponential_regression_analysis" name="glm_gaussian"/>
  </testsuite>
  <testsuite name="ds.glmSLMA.o()::smoke" timestamp="2019-07-02 08:23:23" hostname="fv-az670" tests="36" skipped="0" failures="0" errors="0" time="4.6">
    <testcase time="4.51" classname="ds.glmSLMA.o_smoke" name="simple_glmSLMA"/>
    <testcase time="0.02" classname="ds.glmSLMA.o_smoke" name="simple_glmSLMA"/>
    <testcase time="0.03" classname="ds.glmSLMA.o_smoke" name="simple_glmSLMA"/>
    <testcase time="0.04" classname="ds.glmSLMA.o_smoke" name="simple_glmSLMA"/>
    <testcase time="0" classname="ds.glmSLMA.o_smoke" name="simple_glmSLMA"/>
    <testcase time="0" classname="ds.glmSLMA.o_smoke" name="simple_glmSLMA"/>
    <testcase time="0" classname="ds.glmSLMA.o_smoke" name="simple_glmSLMA"/>
    <testcase time="0" classname="ds.glmSLMA.o_smoke" name="simple_glmSLMA"/>
    <testcase time="0" classname="ds.glmSLMA.o_smoke" name="simple_glmSLMA"/>
    <testcase time="0" classname="ds.glmSLMA.o_smoke" name="simple_glmSLMA"/>
    <testcase time="0" classname="ds.glmSLMA.o_smoke" name="simple_glmSLMA"/>
    <testcase time="0" classname="ds.glmSLMA.o_smoke" name="simple_glmSLMA"/>
    <testcase time="0" classname="ds.glmSLMA.o_smoke" name="simple_glmSLMA"/>
    <testcase time="0" classname="ds.glmSLMA.o_smoke" name="simple_glmSLMA"/>
    <testcase time="0" classname="ds.glmSLMA.o_smoke" name="simple_glmSLMA"/>
    <testcase time="0" classname="ds.glmSLMA.o_smoke" name="simple_glmSLMA"/>
    <testcase time="0" classname="ds.glmSLMA.o_smoke" name="simple_glmSLMA"/>
    <testcase time="0" classname="ds.glmSLMA.o_smoke" name="simple_glmSLMA"/>
    <testcase time="0" classname="ds.glmSLMA.o_smoke" name="simple_glmSLMA"/>
    <testcase time="0" classname="ds.glmSLMA.o_smoke" name="simple_glmSLMA"/>
    <testcase time="0" classname="ds.glmSLMA.o_smoke" name="simple_glmSLMA"/>
    <testcase time="0" classname="ds.glmSLMA.o_smoke" name="simple_glmSLMA"/>
    <testcase time="0" classname="ds.glmSLMA.o_smoke" name="simple_glmSLMA"/>
    <testcase time="0" classname="ds.glmSLMA.o_smoke" name="simple_glmSLMA"/>
    <testcase time="0" classname="ds.glmSLMA.o_smoke" name="simple_glmSLMA"/>
    <testcase time="0" classname="ds.glmSLMA.o_smoke" name="simple_glmSLMA"/>
    <testcase time="0" classname="ds.glmSLMA.o_smoke" name="simple_glmSLMA"/>
    <testcase time="0" classname="ds.glmSLMA.o_smoke" name="simple_glmSLMA"/>
    <testcase time="0" classname="ds.glmSLMA.o_smoke" name="simple_glmSLMA"/>
    <testcase time="0" classname="ds.glmSLMA.o_smoke" name="simple_glmSLMA"/>
    <testcase time="0" classname="ds.glmSLMA.o_smoke" name="simple_glmSLMA"/>
    <testcase time="0" classname="ds.glmSLMA.o_smoke" name="simple_glmSLMA"/>
    <testcase time="0" classname="ds.glmSLMA.o_smoke" name="simple_glmSLMA"/>
    <testcase time="0" classname="ds.glmSLMA.o_smoke" name="simple_glmSLMA"/>
    <testcase time="0" classname="ds.glmSLMA.o_smoke" name="simple_glmSLMA"/>
    <testcase time="0" classname="ds.glmSLMA.o_smoke" name="simple_glmSLMA"/>
  </testsuite>
  <testsuite name="ds.length.o()::smoke" timestamp="2019-07-02 08:23:28" hostname="fv-az670" tests="22" skipped="0" failures="0" errors="0" time="7.11">
    <testcase time="4.27" classname="ds.length.o_smoke" name="basic_length_both"/>
    <testcase time="0" classname="ds.length.o_smoke" name="basic_length_both"/>
    <testcase time="0" classname="ds.length.o_smoke" name="basic_length_both"/>
    <testcase time="0" classname="ds.length.o_smoke" name="basic_length_both"/>
    <testcase time="0" classname="ds.length.o_smoke" name="basic_length_both"/>
    <testcase time="0.26" classname="ds.length.o_smoke" name="basic_length_split"/>
    <testcase time="0" classname="ds.length.o_smoke" name="basic_length_split"/>
    <testcase time="0" classname="ds.length.o_smoke" name="basic_length_split"/>
    <testcase time="0" classname="ds.length.o_smoke" name="basic_length_split"/>
    <testcase time="0.26" classname="ds.length.o_smoke" name="basic_length_combine"/>
    <testcase time="0" classname="ds.length.o_smoke" name="basic_length_combine"/>
    <testcase time="0.77" classname="ds.length.o_smoke" name="basic_length_both"/>
    <testcase time="0" classname="ds.length.o_smoke" name="basic_length_both"/>
    <testcase time="0" classname="ds.length.o_smoke" name="basic_length_both"/>
    <testcase time="0" classname="ds.length.o_smoke" name="basic_length_both"/>
    <testcase time="0" classname="ds.length.o_smoke" name="basic_length_both"/>
    <testcase time="0.78" classname="ds.length.o_smoke" name="basic_length_split"/>
    <testcase time="0" classname="ds.length.o_smoke" name="basic_length_split"/>
    <testcase time="0" classname="ds.length.o_smoke" name="basic_length_split"/>
    <testcase time="0" classname="ds.length.o_smoke" name="basic_length_split"/>
    <testcase time="0.77" classname="ds.length.o_smoke" name="basic_length_combine"/>
    <testcase time="0" classname="ds.length.o_smoke" name="basic_length_combine"/>
  </testsuite>
  <testsuite name="ds.listDisclosureSettings.o()::smoke::check results" timestamp="2019-07-02 08:23:35" hostname="fv-az670" tests="31" skipped="0" failures="0" errors="0" time="4.42">
    <testcase time="4.42" classname="ds.listDisclosureSettings.o_smoke_check_results" name="check_results"/>
    <testcase time="0" classname="ds.listDisclosureSettings.o_smoke_check_results" name="check_results"/>
    <testcase time="0" classname="ds.listDisclosureSettings.o_smoke_check_results" name="check_results"/>
    <testcase time="0" classname="ds.listDisclosureSettings.o_smoke_check_results" name="check_results"/>
    <testcase time="0" classname="ds.listDisclosureSettings.o_smoke_check_results" name="check_results"/>
    <testcase time="0" classname="ds.listDisclosureSettings.o_smoke_check_results" name="check_results"/>
    <testcase time="0" classname="ds.listDisclosureSettings.o_smoke_check_results" name="check_results"/>
    <testcase time="0" classname="ds.listDisclosureSettings.o_smoke_check_results" name="check_results"/>
    <testcase time="0" classname="ds.listDisclosureSettings.o_smoke_check_results" name="check_results"/>
    <testcase time="0" classname="ds.listDisclosureSettings.o_smoke_check_results" name="check_results"/>
    <testcase time="0" classname="ds.listDisclosureSettings.o_smoke_check_results" name="check_results"/>
    <testcase time="0" classname="ds.listDisclosureSettings.o_smoke_check_results" name="check_results"/>
    <testcase time="0" classname="ds.listDisclosureSettings.o_smoke_check_results" name="check_results"/>
    <testcase time="0" classname="ds.listDisclosureSettings.o_smoke_check_results" name="check_results"/>
    <testcase time="0" classname="ds.listDisclosureSettings.o_smoke_check_results" name="check_results"/>
    <testcase time="0" classname="ds.listDisclosureSettings.o_smoke_check_results" name="check_results"/>
    <testcase time="0" classname="ds.listDisclosureSettings.o_smoke_check_results" name="check_results"/>
    <testcase time="0" classname="ds.listDisclosureSettings.o_smoke_check_results" name="check_results"/>
    <testcase time="0" classname="ds.listDisclosureSettings.o_smoke_check_results" name="check_results"/>
    <testcase time="0" classname="ds.listDisclosureSettings.o_smoke_check_results" name="check_results"/>
    <testcase time="0" classname="ds.listDisclosureSettings.o_smoke_check_results" name="check_results"/>
    <testcase time="0" classname="ds.listDisclosureSettings.o_smoke_check_results" name="check_results"/>
    <testcase time="0" classname="ds.listDisclosureSettings.o_smoke_check_results" name="check_results"/>
    <testcase time="0" classname="ds.listDisclosureSettings.o_smoke_check_results" name="check_results"/>
    <testcase time="0" classname="ds.listDisclosureSettings.o_smoke_check_results" name="check_results"/>
    <testcase time="0" classname="ds.listDisclosureSettings.o_smoke_check_results" name="check_results"/>
    <testcase time="0" classname="ds.listDisclosureSettings.o_smoke_check_results" name="check_results"/>
    <testcase time="0" classname="ds.listDisclosureSettings.o_smoke_check_results" name="check_results"/>
    <testcase time="0" classname="ds.listDisclosureSettings.o_smoke_check_results" name="check_results"/>
    <testcase time="0" classname="ds.listDisclosureSettings.o_smoke_check_results" name="check_results"/>
    <testcase time="0" classname="ds.listDisclosureSettings.o_smoke_check_results" name="check_results"/>
  </testsuite>
  <testsuite name="ds.listServersideFunctions.o()::smoke::check results" timestamp="2019-07-02 08:23:40" hostname="fv-az670" tests="15" skipped="0" failures="0" errors="0" time="4.11">
    <testcase time="4.11" classname="ds.listServersideFunctions.o_smoke_check_results" name="check_results"/>
    <testcase time="0" classname="ds.listServersideFunctions.o_smoke_check_results" name="check_results"/>
    <testcase time="0" classname="ds.listServersideFunctions.o_smoke_check_results" name="check_results"/>
    <testcase time="0" classname="ds.listServersideFunctions.o_smoke_check_results" name="check_results"/>
    <testcase time="0" classname="ds.listServersideFunctions.o_smoke_check_results" name="check_results"/>
    <testcase time="0" classname="ds.listServersideFunctions.o_smoke_check_results" name="check_results"/>
    <testcase time="0" classname="ds.listServersideFunctions.o_smoke_check_results" name="check_results"/>
    <testcase time="0" classname="ds.listServersideFunctions.o_smoke_check_results" name="check_results"/>
    <testcase time="0" classname="ds.listServersideFunctions.o_smoke_check_results" name="check_results"/>
    <testcase time="0" classname="ds.listServersideFunctions.o_smoke_check_results" name="check_results"/>
    <testcase time="0" classname="ds.listServersideFunctions.o_smoke_check_results" name="check_results"/>
    <testcase time="0" classname="ds.listServersideFunctions.o_smoke_check_results" name="check_results"/>
    <testcase time="0" classname="ds.listServersideFunctions.o_smoke_check_results" name="check_results"/>
    <testcase time="0" classname="ds.listServersideFunctions.o_smoke_check_results" name="check_results"/>
    <testcase time="0" classname="ds.listServersideFunctions.o_smoke_check_results" name="check_results"/>
  </testsuite>
  <testsuite name="ds.look.o()::smoke" timestamp="2019-07-02 08:23:44" hostname="fv-az670" tests="5" skipped="0" failures="0" errors="0" time="4.41">
    <testcase time="4.41" classname="ds.look.o_smoke" name="simple_look"/>
    <testcase time="0" classname="ds.look.o_smoke" name="simple_look"/>
    <testcase time="0" classname="ds.look.o_smoke" name="simple_look"/>
    <testcase time="0" classname="ds.look.o_smoke" name="simple_look"/>
    <testcase time="0" classname="ds.look.o_smoke" name="simple_look"/>
  </testsuite>
  <testsuite name="ds.make.o()::smoke" timestamp="2019-07-02 08:23:48" hostname="fv-az670" tests="3" skipped="0" failures="0" errors="0" time="4.91">
    <testcase time="4.91" classname="ds.make.o_smoke" name="simple_make"/>
    <testcase time="0" classname="ds.make.o_smoke" name="simple_make"/>
    <testcase time="0" classname="ds.make.o_smoke" name="simple_make"/>
  </testsuite>
  <testsuite name="ds.matrixDet()::smoke" timestamp="2019-07-02 08:23:53" hostname="fv-az670" tests="7" skipped="0" failures="0" errors="0" time="6.12">
    <testcase time="5.6" classname="ds.matrixDet_smoke" name="simplest_ds.matrixDet"/>
    <testcase time="0" classname="ds.matrixDet_smoke" name="simplest_ds.matrixDet"/>
    <testcase time="0" classname="ds.matrixDet_smoke" name="simplest_ds.matrixDet"/>
    <testcase time="0.52" classname="ds.matrixDet_smoke" name="simplest_ds.matrixDet"/>
    <testcase time="0" classname="ds.matrixDet_smoke" name="simplest_ds.matrixDet"/>
    <testcase time="0" classname="ds.matrixDet_smoke" name="simplest_ds.matrixDet"/>
    <testcase time="0" classname="ds.matrixDet_smoke" name="simplest_ds.matrixDet"/>
  </testsuite>
  <testsuite name="ds.matrixDet.report()::smoke" timestamp="2019-07-02 08:23:59" hostname="fv-az670" tests="14" skipped="0" failures="0" errors="0" time="5.08">
    <testcase time="5.08" classname="ds.matrixDet.report_smoke" name="simplest_ds.matrixDet.report"/>
    <testcase time="0" classname="ds.matrixDet.report_smoke" name="simplest_ds.matrixDet.report"/>
    <testcase time="0" classname="ds.matrixDet.report_smoke" name="simplest_ds.matrixDet.report"/>
    <testcase time="0" classname="ds.matrixDet.report_smoke" name="simplest_ds.matrixDet.report"/>
    <testcase time="0" classname="ds.matrixDet.report_smoke" name="simplest_ds.matrixDet.report"/>
    <testcase time="0" classname="ds.matrixDet.report_smoke" name="simplest_ds.matrixDet.report"/>
    <testcase time="0" classname="ds.matrixDet.report_smoke" name="simplest_ds.matrixDet.report"/>
    <testcase time="0" classname="ds.matrixDet.report_smoke" name="simplest_ds.matrixDet.report"/>
    <testcase time="0" classname="ds.matrixDet.report_smoke" name="simplest_ds.matrixDet.report"/>
    <testcase time="0" classname="ds.matrixDet.report_smoke" name="simplest_ds.matrixDet.report"/>
    <testcase time="0" classname="ds.matrixDet.report_smoke" name="simplest_ds.matrixDet.report"/>
    <testcase time="0" classname="ds.matrixDet.report_smoke" name="simplest_ds.matrixDet.report"/>
    <testcase time="0" classname="ds.matrixDet.report_smoke" name="simplest_ds.matrixDet.report"/>
    <testcase time="0" classname="ds.matrixDet.report_smoke" name="simplest_ds.matrixDet.report"/>
  </testsuite>
  <testsuite name="ds.matrixDimnames()::smoke" timestamp="2019-07-02 08:24:04" hostname="fv-az670" tests="7" skipped="0" failures="0" errors="0" time="6.06">
    <testcase time="5.55" classname="ds.matrixDimnames_smoke" name="simplest_ds.matrixDimnames"/>
    <testcase time="0" classname="ds.matrixDimnames_smoke" name="simplest_ds.matrixDimnames"/>
    <testcase time="0" classname="ds.matrixDimnames_smoke" name="simplest_ds.matrixDimnames"/>
    <testcase time="0.51" classname="ds.matrixDimnames_smoke" name="simplest_ds.matrixDimnames"/>
    <testcase time="0" classname="ds.matrixDimnames_smoke" name="simplest_ds.matrixDimnames"/>
    <testcase time="0" classname="ds.matrixDimnames_smoke" name="simplest_ds.matrixDimnames"/>
    <testcase time="0" classname="ds.matrixDimnames_smoke" name="simplest_ds.matrixDimnames"/>
  </testsuite>
  <testsuite name="ds.matrixInvert()::smoke" timestamp="2019-07-02 08:24:10" hostname="fv-az670" tests="7" skipped="0" failures="0" errors="0" time="5.96">
    <testcase time="5.44" classname="ds.matrixInvert_smoke" name="simplest_ds.matrixInvert"/>
    <testcase time="0" classname="ds.matrixInvert_smoke" name="simplest_ds.matrixInvert"/>
    <testcase time="0" classname="ds.matrixInvert_smoke" name="simplest_ds.matrixInvert"/>
    <testcase time="0.52" classname="ds.matrixInvert_smoke" name="simplest_ds.matrixInvert"/>
    <testcase time="0" classname="ds.matrixInvert_smoke" name="simplest_ds.matrixInvert"/>
    <testcase time="0" classname="ds.matrixInvert_smoke" name="simplest_ds.matrixInvert"/>
    <testcase time="0" classname="ds.matrixInvert_smoke" name="simplest_ds.matrixInvert"/>
  </testsuite>
  <testsuite name="ds.matrixMult()::smoke" timestamp="2019-07-02 08:24:16" hostname="fv-az670" tests="7" skipped="0" failures="0" errors="0" time="6.83">
    <testcase time="6.31" classname="ds.matrixMult_smoke" name="simplest_ds.matrixMult"/>
    <testcase time="0" classname="ds.matrixMult_smoke" name="simplest_ds.matrixMult"/>
    <testcase time="0" classname="ds.matrixMult_smoke" name="simplest_ds.matrixMult"/>
    <testcase time="0.52" classname="ds.matrixMult_smoke" name="simplest_ds.matrixMult"/>
    <testcase time="0" classname="ds.matrixMult_smoke" name="simplest_ds.matrixMult"/>
    <testcase time="0" classname="ds.matrixMult_smoke" name="simplest_ds.matrixMult"/>
    <testcase time="0" classname="ds.matrixMult_smoke" name="simplest_ds.matrixMult"/>
  </testsuite>
  <testsuite name="ds.matrix()::smoke" timestamp="2019-07-02 08:24:23" hostname="fv-az670" tests="7" skipped="0" failures="0" errors="0" time="5.31">
    <testcase time="4.78" classname="ds.matrix_smoke" name="simplest_ds.matrix"/>
    <testcase time="0" classname="ds.matrix_smoke" name="simplest_ds.matrix"/>
    <testcase time="0" classname="ds.matrix_smoke" name="simplest_ds.matrix"/>
    <testcase time="0.53" classname="ds.matrix_smoke" name="simplest_ds.matrix"/>
    <testcase time="0" classname="ds.matrix_smoke" name="simplest_ds.matrix"/>
    <testcase time="0" classname="ds.matrix_smoke" name="simplest_ds.matrix"/>
    <testcase time="0" classname="ds.matrix_smoke" name="simplest_ds.matrix"/>
  </testsuite>
  <testsuite name="ds.matrixTranspose()::smoke" timestamp="2019-07-02 08:24:28" hostname="fv-az670" tests="7" skipped="0" failures="0" errors="0" time="6.07">
    <testcase time="5.55" classname="ds.matrixTranspose_smoke" name="simplest_ds.matrixTranspose"/>
    <testcase time="0" classname="ds.matrixTranspose_smoke" name="simplest_ds.matrixTranspose"/>
    <testcase time="0" classname="ds.matrixTranspose_smoke" name="simplest_ds.matrixTranspose"/>
    <testcase time="0.52" classname="ds.matrixTranspose_smoke" name="simplest_ds.matrixTranspose"/>
    <testcase time="0" classname="ds.matrixTranspose_smoke" name="simplest_ds.matrixTranspose"/>
    <testcase time="0" classname="ds.matrixTranspose_smoke" name="simplest_ds.matrixTranspose"/>
    <testcase time="0" classname="ds.matrixTranspose_smoke" name="simplest_ds.matrixTranspose"/>
  </testsuite>
  <testsuite name="ds.mean.o()::smoke::type=combine" timestamp="2019-07-02 08:24:35" hostname="fv-az670" tests="23" skipped="0" failures="0" errors="0" time="5.53">
    <testcase time="5.27" classname="ds.mean.o_smoke_type_combine" name="mean_values_combine_"/>
    <testcase time="0" classname="ds.mean.o_smoke_type_combine" name="mean_values_combine_"/>
    <testcase time="0" classname="ds.mean.o_smoke_type_combine" name="mean_values_combine_"/>
    <testcase time="0" classname="ds.mean.o_smoke_type_combine" name="mean_values_combine_"/>
    <testcase time="0" classname="ds.mean.o_smoke_type_combine" name="mean_values_combine_"/>
    <testcase time="0" classname="ds.mean.o_smoke_type_combine" name="mean_values_combine_"/>
    <testcase time="0" classname="ds.mean.o_smoke_type_combine" name="mean_values_combine_"/>
    <testcase time="0" classname="ds.mean.o_smoke_type_combine" name="mean_values_combine_"/>
    <testcase time="0" classname="ds.mean.o_smoke_type_combine" name="mean_values_combine_"/>
    <testcase time="0" classname="ds.mean.o_smoke_type_combine" name="mean_values_combine_"/>
    <testcase time="0" classname="ds.mean.o_smoke_type_combine" name="mean_values_combine_"/>
    <testcase time="0.26" classname="ds.mean.o_smoke_type_combine" name="mean_values_combine_"/>
    <testcase time="0" classname="ds.mean.o_smoke_type_combine" name="mean_values_combine_"/>
    <testcase time="0" classname="ds.mean.o_smoke_type_combine" name="mean_values_combine_"/>
    <testcase time="0" classname="ds.mean.o_smoke_type_combine" name="mean_values_combine_"/>
    <testcase time="0" classname="ds.mean.o_smoke_type_combine" name="mean_values_combine_"/>
    <testcase time="0" classname="ds.mean.o_smoke_type_combine" name="mean_values_combine_"/>
    <testcase time="0" classname="ds.mean.o_smoke_type_combine" name="mean_values_combine_"/>
    <testcase time="0" classname="ds.mean.o_smoke_type_combine" name="mean_values_combine_"/>
    <testcase time="0" classname="ds.mean.o_smoke_type_combine" name="mean_values_combine_"/>
    <testcase time="0" classname="ds.mean.o_smoke_type_combine" name="mean_values_combine_"/>
    <testcase time="0" classname="ds.mean.o_smoke_type_combine" name="mean_values_combine_"/>
    <testcase time="0" classname="ds.mean.o_smoke_type_combine" name="mean_values_combine_"/>
  </testsuite>
  <testsuite name="ds.mean.o::smoke::type=split" timestamp="2019-07-02 08:24:36" hostname="fv-az670" tests="31" skipped="0" failures="0" errors="0" time="1.53">
    <testcase time="1.27" classname="ds.mean.o_smoke_type_split" name="mean_values_split_"/>
    <testcase time="0" classname="ds.mean.o_smoke_type_split" name="mean_values_split_"/>
    <testcase time="0" classname="ds.mean.o_smoke_type_split" name="mean_values_split_"/>
    <testcase time="0" classname="ds.mean.o_smoke_type_split" name="mean_values_split_"/>
    <testcase time="0" classname="ds.mean.o_smoke_type_split" name="mean_values_split_"/>
    <testcase time="0" classname="ds.mean.o_smoke_type_split" name="mean_values_split_"/>
    <testcase time="0" classname="ds.mean.o_smoke_type_split" name="mean_values_split_"/>
    <testcase time="0" classname="ds.mean.o_smoke_type_split" name="mean_values_split_"/>
    <testcase time="0" classname="ds.mean.o_smoke_type_split" name="mean_values_split_"/>
    <testcase time="0" classname="ds.mean.o_smoke_type_split" name="mean_values_split_"/>
    <testcase time="0" classname="ds.mean.o_smoke_type_split" name="mean_values_split_"/>
    <testcase time="0" classname="ds.mean.o_smoke_type_split" name="mean_values_split_"/>
    <testcase time="0" classname="ds.mean.o_smoke_type_split" name="mean_values_split_"/>
    <testcase time="0" classname="ds.mean.o_smoke_type_split" name="mean_values_split_"/>
    <testcase time="0" classname="ds.mean.o_smoke_type_split" name="mean_values_split_"/>
    <testcase time="0" classname="ds.mean.o_smoke_type_split" name="mean_values_split_"/>
    <testcase time="0" classname="ds.mean.o_smoke_type_split" name="mean_values_split_"/>
    <testcase time="0" classname="ds.mean.o_smoke_type_split" name="mean_values_split_"/>
    <testcase time="0" classname="ds.mean.o_smoke_type_split" name="mean_values_split_"/>
    <testcase time="0.26" classname="ds.mean.o_smoke_type_split" name="mean_values_split_"/>
    <testcase time="0" classname="ds.mean.o_smoke_type_split" name="mean_values_split_"/>
    <testcase time="0" classname="ds.mean.o_smoke_type_split" name="mean_values_split_"/>
    <testcase time="0" classname="ds.mean.o_smoke_type_split" name="mean_values_split_"/>
    <testcase time="0" classname="ds.mean.o_smoke_type_split" name="mean_values_split_"/>
    <testcase time="0" classname="ds.mean.o_smoke_type_split" name="mean_values_split_"/>
    <testcase time="0" classname="ds.mean.o_smoke_type_split" name="mean_values_split_"/>
    <testcase time="0" classname="ds.mean.o_smoke_type_split" name="mean_values_split_"/>
    <testcase time="0" classname="ds.mean.o_smoke_type_split" name="mean_values_split_"/>
    <testcase time="0" classname="ds.mean.o_smoke_type_split" name="mean_values_split_"/>
    <testcase time="0" classname="ds.mean.o_smoke_type_split" name="mean_values_split_"/>
    <testcase time="0" classname="ds.mean.o_smoke_type_split" name="mean_values_split_"/>
  </testsuite>
  <testsuite name="ds.mean.o::smoke::type=both" timestamp="2019-07-02 08:24:38" hostname="fv-az670" tests="36" skipped="0" failures="0" errors="0" time="1.55">
    <testcase time="1.29" classname="ds.mean.o_smoke_type_both" name="mean_values_both_"/>
    <testcase time="0" classname="ds.mean.o_smoke_type_both" name="mean_values_both_"/>
    <testcase time="0" classname="ds.mean.o_smoke_type_both" name="mean_values_both_"/>
    <testcase time="0" classname="ds.mean.o_smoke_type_both" name="mean_values_both_"/>
    <testcase time="0" classname="ds.mean.o_smoke_type_both" name="mean_values_both_"/>
    <testcase time="0" classname="ds.mean.o_smoke_type_both" name="mean_values_both_"/>
    <testcase time="0" classname="ds.mean.o_smoke_type_both" name="mean_values_both_"/>
    <testcase time="0" classname="ds.mean.o_smoke_type_both" name="mean_values_both_"/>
    <testcase time="0" classname="ds.mean.o_smoke_type_both" name="mean_values_both_"/>
    <testcase time="0" classname="ds.mean.o_smoke_type_both" name="mean_values_both_"/>
    <testcase time="0" classname="ds.mean.o_smoke_type_both" name="mean_values_both_"/>
    <testcase time="0" classname="ds.mean.o_smoke_type_both" name="mean_values_both_"/>
    <testcase time="0" classname="ds.mean.o_smoke_type_both" name="mean_values_both_"/>
    <testcase time="0" classname="ds.mean.o_smoke_type_both" name="mean_values_both_"/>
    <testcase time="0" classname="ds.mean.o_smoke_type_both" name="mean_values_both_"/>
    <testcase time="0" classname="ds.mean.o_smoke_type_both" name="mean_values_both_"/>
    <testcase time="0" classname="ds.mean.o_smoke_type_both" name="mean_values_both_"/>
    <testcase time="0" classname="ds.mean.o_smoke_type_both" name="mean_values_both_"/>
    <testcase time="0" classname="ds.mean.o_smoke_type_both" name="mean_values_both_"/>
    <testcase time="0" classname="ds.mean.o_smoke_type_both" name="mean_values_both_"/>
    <testcase time="0" classname="ds.mean.o_smoke_type_both" name="mean_values_both_"/>
    <testcase time="0" classname="ds.mean.o_smoke_type_both" name="mean_values_both_"/>
    <testcase time="0" classname="ds.mean.o_smoke_type_both" name="mean_values_both_"/>
    <testcase time="0" classname="ds.mean.o_smoke_type_both" name="mean_values_both_"/>
    <testcase time="0.26" classname="ds.mean.o_smoke_type_both" name="mean_values_both_"/>
    <testcase time="0" classname="ds.mean.o_smoke_type_both" name="mean_values_both_"/>
    <testcase time="0" classname="ds.mean.o_smoke_type_both" name="mean_values_both_"/>
    <testcase time="0" classname="ds.mean.o_smoke_type_both" name="mean_values_both_"/>
    <testcase time="0" classname="ds.mean.o_smoke_type_both" name="mean_values_both_"/>
    <testcase time="0" classname="ds.mean.o_smoke_type_both" name="mean_values_both_"/>
    <testcase time="0" classname="ds.mean.o_smoke_type_both" name="mean_values_both_"/>
    <testcase time="0" classname="ds.mean.o_smoke_type_both" name="mean_values_both_"/>
    <testcase time="0" classname="ds.mean.o_smoke_type_both" name="mean_values_both_"/>
    <testcase time="0" classname="ds.mean.o_smoke_type_both" name="mean_values_both_"/>
    <testcase time="0" classname="ds.mean.o_smoke_type_both" name="mean_values_both_"/>
    <testcase time="0" classname="ds.mean.o_smoke_type_both" name="mean_values_both_"/>
  </testsuite>
  <testsuite name="ds.mean.o()::smoke::type=combine,save.mean.Nvalid=TRUE" timestamp="2019-07-02 08:24:39" hostname="fv-az670" tests="23" skipped="0" failures="0" errors="0" time="3.79">
    <testcase time="3.52" classname="ds.mean.o_smoke_type_combine_save.mean.Nvalid_TRUE" name="mean_values_combine_"/>
    <testcase time="0" classname="ds.mean.o_smoke_type_combine_save.mean.Nvalid_TRUE" name="mean_values_combine_"/>
    <testcase time="0" classname="ds.mean.o_smoke_type_combine_save.mean.Nvalid_TRUE" name="mean_values_combine_"/>
    <testcase time="0" classname="ds.mean.o_smoke_type_combine_save.mean.Nvalid_TRUE" name="mean_values_combine_"/>
    <testcase time="0" classname="ds.mean.o_smoke_type_combine_save.mean.Nvalid_TRUE" name="mean_values_combine_"/>
    <testcase time="0" classname="ds.mean.o_smoke_type_combine_save.mean.Nvalid_TRUE" name="mean_values_combine_"/>
    <testcase time="0" classname="ds.mean.o_smoke_type_combine_save.mean.Nvalid_TRUE" name="mean_values_combine_"/>
    <testcase time="0" classname="ds.mean.o_smoke_type_combine_save.mean.Nvalid_TRUE" name="mean_values_combine_"/>
    <testcase time="0" classname="ds.mean.o_smoke_type_combine_save.mean.Nvalid_TRUE" name="mean_values_combine_"/>
    <testcase time="0" classname="ds.mean.o_smoke_type_combine_save.mean.Nvalid_TRUE" name="mean_values_combine_"/>
    <testcase time="0" classname="ds.mean.o_smoke_type_combine_save.mean.Nvalid_TRUE" name="mean_values_combine_"/>
    <testcase time="0.26" classname="ds.mean.o_smoke_type_combine_save.mean.Nvalid_TRUE" name="mean_values_combine_"/>
    <testcase time="0" classname="ds.mean.o_smoke_type_combine_save.mean.Nvalid_TRUE" name="mean_values_combine_"/>
    <testcase time="0" classname="ds.mean.o_smoke_type_combine_save.mean.Nvalid_TRUE" name="mean_values_combine_"/>
    <testcase time="0" classname="ds.mean.o_smoke_type_combine_save.mean.Nvalid_TRUE" name="mean_values_combine_"/>
    <testcase time="0" classname="ds.mean.o_smoke_type_combine_save.mean.Nvalid_TRUE" name="mean_values_combine_"/>
    <testcase time="0" classname="ds.mean.o_smoke_type_combine_save.mean.Nvalid_TRUE" name="mean_values_combine_"/>
    <testcase time="0" classname="ds.mean.o_smoke_type_combine_save.mean.Nvalid_TRUE" name="mean_values_combine_"/>
    <testcase time="0.01" classname="ds.mean.o_smoke_type_combine_save.mean.Nvalid_TRUE" name="mean_values_combine_"/>
    <testcase time="0" classname="ds.mean.o_smoke_type_combine_save.mean.Nvalid_TRUE" name="mean_values_combine_"/>
    <testcase time="0" classname="ds.mean.o_smoke_type_combine_save.mean.Nvalid_TRUE" name="mean_values_combine_"/>
    <testcase time="0" classname="ds.mean.o_smoke_type_combine_save.mean.Nvalid_TRUE" name="mean_values_combine_"/>
    <testcase time="0" classname="ds.mean.o_smoke_type_combine_save.mean.Nvalid_TRUE" name="mean_values_combine_"/>
  </testsuite>
  <testsuite name="ds.mean.o::smoke::type=split,save.mean.Nvalid=TRUE" timestamp="2019-07-02 08:24:43" hostname="fv-az670" tests="31" skipped="0" failures="0" errors="0" time="3.79">
    <testcase time="3.53" classname="ds.mean.o_smoke_type_split_save.mean.Nvalid_TRUE" name="mean_values_split_"/>
    <testcase time="0" classname="ds.mean.o_smoke_type_split_save.mean.Nvalid_TRUE" name="mean_values_split_"/>
    <testcase time="0" classname="ds.mean.o_smoke_type_split_save.mean.Nvalid_TRUE" name="mean_values_split_"/>
    <testcase time="0" classname="ds.mean.o_smoke_type_split_save.mean.Nvalid_TRUE" name="mean_values_split_"/>
    <testcase time="0" classname="ds.mean.o_smoke_type_split_save.mean.Nvalid_TRUE" name="mean_values_split_"/>
    <testcase time="0" classname="ds.mean.o_smoke_type_split_save.mean.Nvalid_TRUE" name="mean_values_split_"/>
    <testcase time="0" classname="ds.mean.o_smoke_type_split_save.mean.Nvalid_TRUE" name="mean_values_split_"/>
    <testcase time="0" classname="ds.mean.o_smoke_type_split_save.mean.Nvalid_TRUE" name="mean_values_split_"/>
    <testcase time="0" classname="ds.mean.o_smoke_type_split_save.mean.Nvalid_TRUE" name="mean_values_split_"/>
    <testcase time="0" classname="ds.mean.o_smoke_type_split_save.mean.Nvalid_TRUE" name="mean_values_split_"/>
    <testcase time="0" classname="ds.mean.o_smoke_type_split_save.mean.Nvalid_TRUE" name="mean_values_split_"/>
    <testcase time="0" classname="ds.mean.o_smoke_type_split_save.mean.Nvalid_TRUE" name="mean_values_split_"/>
    <testcase time="0" classname="ds.mean.o_smoke_type_split_save.mean.Nvalid_TRUE" name="mean_values_split_"/>
    <testcase time="0" classname="ds.mean.o_smoke_type_split_save.mean.Nvalid_TRUE" name="mean_values_split_"/>
    <testcase time="0" classname="ds.mean.o_smoke_type_split_save.mean.Nvalid_TRUE" name="mean_values_split_"/>
    <testcase time="0" classname="ds.mean.o_smoke_type_split_save.mean.Nvalid_TRUE" name="mean_values_split_"/>
    <testcase time="0" classname="ds.mean.o_smoke_type_split_save.mean.Nvalid_TRUE" name="mean_values_split_"/>
    <testcase time="0" classname="ds.mean.o_smoke_type_split_save.mean.Nvalid_TRUE" name="mean_values_split_"/>
    <testcase time="0" classname="ds.mean.o_smoke_type_split_save.mean.Nvalid_TRUE" name="mean_values_split_"/>
    <testcase time="0.26" classname="ds.mean.o_smoke_type_split_save.mean.Nvalid_TRUE" name="mean_values_split_"/>
    <testcase time="0" classname="ds.mean.o_smoke_type_split_save.mean.Nvalid_TRUE" name="mean_values_split_"/>
    <testcase time="0" classname="ds.mean.o_smoke_type_split_save.mean.Nvalid_TRUE" name="mean_values_split_"/>
    <testcase time="0" classname="ds.mean.o_smoke_type_split_save.mean.Nvalid_TRUE" name="mean_values_split_"/>
    <testcase time="0" classname="ds.mean.o_smoke_type_split_save.mean.Nvalid_TRUE" name="mean_values_split_"/>
    <testcase time="0" classname="ds.mean.o_smoke_type_split_save.mean.Nvalid_TRUE" name="mean_values_split_"/>
    <testcase time="0" classname="ds.mean.o_smoke_type_split_save.mean.Nvalid_TRUE" name="mean_values_split_"/>
    <testcase time="0" classname="ds.mean.o_smoke_type_split_save.mean.Nvalid_TRUE" name="mean_values_split_"/>
    <testcase time="0" classname="ds.mean.o_smoke_type_split_save.mean.Nvalid_TRUE" name="mean_values_split_"/>
    <testcase time="0" classname="ds.mean.o_smoke_type_split_save.mean.Nvalid_TRUE" name="mean_values_split_"/>
    <testcase time="0" classname="ds.mean.o_smoke_type_split_save.mean.Nvalid_TRUE" name="mean_values_split_"/>
    <testcase time="0" classname="ds.mean.o_smoke_type_split_save.mean.Nvalid_TRUE" name="mean_values_split_"/>
  </testsuite>
  <testsuite name="ds.mean.o::smoke::type=both,save.mean.Nvalid=TRUE" timestamp="2019-07-02 08:24:47" hostname="fv-az670" tests="36" skipped="0" failures="0" errors="0" time="2.75">
    <testcase time="2.48" classname="ds.mean.o_smoke_type_both_save.mean.Nvalid_TRUE" name="mean_values_both_"/>
    <testcase time="0" classname="ds.mean.o_smoke_type_both_save.mean.Nvalid_TRUE" name="mean_values_both_"/>
    <testcase time="0" classname="ds.mean.o_smoke_type_both_save.mean.Nvalid_TRUE" name="mean_values_both_"/>
    <testcase time="0.01" classname="ds.mean.o_smoke_type_both_save.mean.Nvalid_TRUE" name="mean_values_both_"/>
    <testcase time="0" classname="ds.mean.o_smoke_type_both_save.mean.Nvalid_TRUE" name="mean_values_both_"/>
    <testcase time="0" classname="ds.mean.o_smoke_type_both_save.mean.Nvalid_TRUE" name="mean_values_both_"/>
    <testcase time="0" classname="ds.mean.o_smoke_type_both_save.mean.Nvalid_TRUE" name="mean_values_both_"/>
    <testcase time="0" classname="ds.mean.o_smoke_type_both_save.mean.Nvalid_TRUE" name="mean_values_both_"/>
    <testcase time="0" classname="ds.mean.o_smoke_type_both_save.mean.Nvalid_TRUE" name="mean_values_both_"/>
    <testcase time="0" classname="ds.mean.o_smoke_type_both_save.mean.Nvalid_TRUE" name="mean_values_both_"/>
    <testcase time="0" classname="ds.mean.o_smoke_type_both_save.mean.Nvalid_TRUE" name="mean_values_both_"/>
    <testcase time="0" classname="ds.mean.o_smoke_type_both_save.mean.Nvalid_TRUE" name="mean_values_both_"/>
    <testcase time="0" classname="ds.mean.o_smoke_type_both_save.mean.Nvalid_TRUE" name="mean_values_both_"/>
    <testcase time="0" classname="ds.mean.o_smoke_type_both_save.mean.Nvalid_TRUE" name="mean_values_both_"/>
    <testcase time="0" classname="ds.mean.o_smoke_type_both_save.mean.Nvalid_TRUE" name="mean_values_both_"/>
    <testcase time="0" classname="ds.mean.o_smoke_type_both_save.mean.Nvalid_TRUE" name="mean_values_both_"/>
    <testcase time="0" classname="ds.mean.o_smoke_type_both_save.mean.Nvalid_TRUE" name="mean_values_both_"/>
    <testcase time="0" classname="ds.mean.o_smoke_type_both_save.mean.Nvalid_TRUE" name="mean_values_both_"/>
    <testcase time="0" classname="ds.mean.o_smoke_type_both_save.mean.Nvalid_TRUE" name="mean_values_both_"/>
    <testcase time="0" classname="ds.mean.o_smoke_type_both_save.mean.Nvalid_TRUE" name="mean_values_both_"/>
    <testcase time="0" classname="ds.mean.o_smoke_type_both_save.mean.Nvalid_TRUE" name="mean_values_both_"/>
    <testcase time="0" classname="ds.mean.o_smoke_type_both_save.mean.Nvalid_TRUE" name="mean_values_both_"/>
    <testcase time="0" classname="ds.mean.o_smoke_type_both_save.mean.Nvalid_TRUE" name="mean_values_both_"/>
    <testcase time="0" classname="ds.mean.o_smoke_type_both_save.mean.Nvalid_TRUE" name="mean_values_both_"/>
    <testcase time="0.26" classname="ds.mean.o_smoke_type_both_save.mean.Nvalid_TRUE" name="mean_values_both_"/>
    <testcase time="0" classname="ds.mean.o_smoke_type_both_save.mean.Nvalid_TRUE" name="mean_values_both_"/>
    <testcase time="0" classname="ds.mean.o_smoke_type_both_save.mean.Nvalid_TRUE" name="mean_values_both_"/>
    <testcase time="0" classname="ds.mean.o_smoke_type_both_save.mean.Nvalid_TRUE" name="mean_values_both_"/>
    <testcase time="0" classname="ds.mean.o_smoke_type_both_save.mean.Nvalid_TRUE" name="mean_values_both_"/>
    <testcase time="0" classname="ds.mean.o_smoke_type_both_save.mean.Nvalid_TRUE" name="mean_values_both_"/>
    <testcase time="0" classname="ds.mean.o_smoke_type_both_save.mean.Nvalid_TRUE" name="mean_values_both_"/>
    <testcase time="0" classname="ds.mean.o_smoke_type_both_save.mean.Nvalid_TRUE" name="mean_values_both_"/>
    <testcase time="0" classname="ds.mean.o_smoke_type_both_save.mean.Nvalid_TRUE" name="mean_values_both_"/>
    <testcase time="0" classname="ds.mean.o_smoke_type_both_save.mean.Nvalid_TRUE" name="mean_values_both_"/>
    <testcase time="0" classname="ds.mean.o_smoke_type_both_save.mean.Nvalid_TRUE" name="mean_values_both_"/>
    <testcase time="0" classname="ds.mean.o_smoke_type_both_save.mean.Nvalid_TRUE" name="mean_values_both_"/>
  </testsuite>
  <testsuite name="ds.meanSdGp()::smoke::type=split" timestamp="2019-07-02 08:24:54" hostname="fv-az670" tests="8" skipped="0" failures="0" errors="0" time="4.37">
    <testcase time="4.37" classname="ds.meanSdGp_smoke_type_split" name="meanSdGp_values_split_"/>
    <testcase time="0" classname="ds.meanSdGp_smoke_type_split" name="meanSdGp_values_split_"/>
    <testcase time="0" classname="ds.meanSdGp_smoke_type_split" name="meanSdGp_values_split_"/>
    <testcase time="0" classname="ds.meanSdGp_smoke_type_split" name="meanSdGp_values_split_"/>
    <testcase time="0" classname="ds.meanSdGp_smoke_type_split" name="meanSdGp_values_split_"/>
    <testcase time="0" classname="ds.meanSdGp_smoke_type_split" name="meanSdGp_values_split_"/>
    <testcase time="0" classname="ds.meanSdGp_smoke_type_split" name="meanSdGp_values_split_"/>
    <testcase time="0" classname="ds.meanSdGp_smoke_type_split" name="meanSdGp_values_split_"/>
  </testsuite>
  <testsuite name="ds.meanSdGp()::smoke::type=combine" timestamp="2019-07-02 08:24:54" hostname="fv-az670" tests="8" skipped="0" failures="0" errors="0" time="0.37">
    <testcase time="0.37" classname="ds.meanSdGp_smoke_type_combine" name="meanSdGp_values_combine_"/>
    <testcase time="0" classname="ds.meanSdGp_smoke_type_combine" name="meanSdGp_values_combine_"/>
    <testcase time="0" classname="ds.meanSdGp_smoke_type_combine" name="meanSdGp_values_combine_"/>
    <testcase time="0" classname="ds.meanSdGp_smoke_type_combine" name="meanSdGp_values_combine_"/>
    <testcase time="0" classname="ds.meanSdGp_smoke_type_combine" name="meanSdGp_values_combine_"/>
    <testcase time="0" classname="ds.meanSdGp_smoke_type_combine" name="meanSdGp_values_combine_"/>
    <testcase time="0" classname="ds.meanSdGp_smoke_type_combine" name="meanSdGp_values_combine_"/>
    <testcase time="0" classname="ds.meanSdGp_smoke_type_combine" name="meanSdGp_values_combine_"/>
  </testsuite>
  <testsuite name="ds.meanSdGp()::smoke::type=both" timestamp="2019-07-02 08:24:55" hostname="fv-az670" tests="8" skipped="0" failures="0" errors="0" time="0.26">
    <testcase time="0.26" classname="ds.meanSdGp_smoke_type_both" name="meanSdGp_values_both_"/>
    <testcase time="0" classname="ds.meanSdGp_smoke_type_both" name="meanSdGp_values_both_"/>
    <testcase time="0" classname="ds.meanSdGp_smoke_type_both" name="meanSdGp_values_both_"/>
    <testcase time="0" classname="ds.meanSdGp_smoke_type_both" name="meanSdGp_values_both_"/>
    <testcase time="0" classname="ds.meanSdGp_smoke_type_both" name="meanSdGp_values_both_"/>
    <testcase time="0" classname="ds.meanSdGp_smoke_type_both" name="meanSdGp_values_both_"/>
    <testcase time="0" classname="ds.meanSdGp_smoke_type_both" name="meanSdGp_values_both_"/>
    <testcase time="0" classname="ds.meanSdGp_smoke_type_both" name="meanSdGp_values_both_"/>
  </testsuite>
  <testsuite name="ds.message.o()::smoke" timestamp="2019-07-02 08:24:59" hostname="fv-az670" tests="4" skipped="0" failures="0" errors="0" time="4.33">
    <testcase time="4.33" classname="ds.message.o_smoke" name="request_message"/>
    <testcase time="0" classname="ds.message.o_smoke" name="request_message"/>
    <testcase time="0" classname="ds.message.o_smoke" name="request_message"/>
    <testcase time="0" classname="ds.message.o_smoke" name="request_message"/>
  </testsuite>
  <testsuite name="ds.message.o()::smoke" timestamp="2019-07-02 08:24:59" hostname="fv-az670" tests="1" skipped="0" failures="0" errors="0" time="0">
    <testcase time="0" classname="ds.message.o_smoke" name="request_message_for_NULL"/>
  </testsuite>
  <testsuite name="ds.rbind.o()::smoke" timestamp="2019-07-02 08:25:03" hostname="fv-az670" tests="5" skipped="0" failures="0" errors="0" time="6.53">
    <testcase time="6.02" classname="ds.rbind.o_smoke" name="simple_test"/>
    <testcase time="0" classname="ds.rbind.o_smoke" name="simple_test"/>
    <testcase time="0.51" classname="ds.rbind.o_smoke" name="simple_test"/>
    <testcase time="0" classname="ds.rbind.o_smoke" name="simple_test"/>
    <testcase time="0" classname="ds.rbind.o_smoke" name="simple_test"/>
  </testsuite>
  <testsuite name="ds.rBinom.o()::smoke::simple test" timestamp="2019-07-02 08:25:10" hostname="fv-az670" tests="11" skipped="0" failures="0" errors="0" time="5.88">
    <testcase time="5.88" classname="ds.rBinom.o_smoke_simple_test" name="simple_test"/>
    <testcase time="0" classname="ds.rBinom.o_smoke_simple_test" name="simple_test"/>
    <testcase time="0" classname="ds.rBinom.o_smoke_simple_test" name="simple_test"/>
    <testcase time="0" classname="ds.rBinom.o_smoke_simple_test" name="simple_test"/>
    <testcase time="0" classname="ds.rBinom.o_smoke_simple_test" name="simple_test"/>
    <testcase time="0" classname="ds.rBinom.o_smoke_simple_test" name="simple_test"/>
    <testcase time="0" classname="ds.rBinom.o_smoke_simple_test" name="simple_test"/>
    <testcase time="0" classname="ds.rBinom.o_smoke_simple_test" name="simple_test"/>
    <testcase time="0" classname="ds.rBinom.o_smoke_simple_test" name="simple_test"/>
    <testcase time="0" classname="ds.rBinom.o_smoke_simple_test" name="simple_test"/>
    <testcase time="0" classname="ds.rBinom.o_smoke_simple_test" name="simple_test"/>
  </testsuite>
  <testsuite name="ds.recodeValues.o()::smoke" timestamp="2019-07-02 08:25:16" hostname="fv-az670" tests="7" skipped="0" failures="0" errors="0" time="5.79">
    <testcase time="5.27" classname="ds.recodeValues.o_smoke" name="simple_test"/>
    <testcase time="0" classname="ds.recodeValues.o_smoke" name="simple_test"/>
    <testcase time="0" classname="ds.recodeValues.o_smoke" name="simple_test"/>
    <testcase time="0.52" classname="ds.recodeValues.o_smoke" name="simple_test"/>
    <testcase time="0" classname="ds.recodeValues.o_smoke" name="simple_test"/>
    <testcase time="0" classname="ds.recodeValues.o_smoke" name="simple_test"/>
    <testcase time="0" classname="ds.recodeValues.o_smoke" name="simple_test"/>
  </testsuite>
  <testsuite name="ds.rm.o()::smoke" timestamp="2019-07-02 08:25:22" hostname="fv-az670" tests="14" skipped="0" failures="0" errors="0" time="6.38">
    <testcase time="4.46" classname="ds.rm.o_smoke" name="simple_test"/>
    <testcase time="0" classname="ds.rm.o_smoke" name="simple_test"/>
    <testcase time="0" classname="ds.rm.o_smoke" name="simple_test"/>
    <testcase time="0" classname="ds.rm.o_smoke" name="simple_test"/>
    <testcase time="0" classname="ds.rm.o_smoke" name="simple_test"/>
    <testcase time="0" classname="ds.rm.o_smoke" name="simple_test"/>
    <testcase time="0" classname="ds.rm.o_smoke" name="simple_test"/>
    <testcase time="1.92" classname="ds.rm.o_smoke" name="simple_test"/>
    <testcase time="0" classname="ds.rm.o_smoke" name="simple_test"/>
    <testcase time="0" classname="ds.rm.o_smoke" name="simple_test"/>
    <testcase time="0" classname="ds.rm.o_smoke" name="simple_test"/>
    <testcase time="0" classname="ds.rm.o_smoke" name="simple_test"/>
    <testcase time="0" classname="ds.rm.o_smoke" name="simple_test"/>
    <testcase time="0" classname="ds.rm.o_smoke" name="simple_test"/>
  </testsuite>
  <testsuite name="ds.rm.o()::smoke::test errors" timestamp="2019-07-02 08:25:24" hostname="fv-az670" tests="1" skipped="0" failures="0" errors="0" time="0.01">
    <testcase time="0.01" classname="ds.rm.o_smoke_test_errors" name="ds.rm.o_erros"/>
  </testsuite>
  <testsuite name="ds.rNorm.o()::smoke::simple test" timestamp="2019-07-02 08:25:28" hostname="fv-az670" tests="11" skipped="0" failures="0" errors="0" time="6.1">
    <testcase time="6.1" classname="ds.rNorm.o_smoke_simple_test" name="simple_test"/>
    <testcase time="0" classname="ds.rNorm.o_smoke_simple_test" name="simple_test"/>
    <testcase time="0" classname="ds.rNorm.o_smoke_simple_test" name="simple_test"/>
    <testcase time="0" classname="ds.rNorm.o_smoke_simple_test" name="simple_test"/>
    <testcase time="0" classname="ds.rNorm.o_smoke_simple_test" name="simple_test"/>
    <testcase time="0" classname="ds.rNorm.o_smoke_simple_test" name="simple_test"/>
    <testcase time="0" classname="ds.rNorm.o_smoke_simple_test" name="simple_test"/>
    <testcase time="0" classname="ds.rNorm.o_smoke_simple_test" name="simple_test"/>
    <testcase time="0" classname="ds.rNorm.o_smoke_simple_test" name="simple_test"/>
    <testcase time="0" classname="ds.rNorm.o_smoke_simple_test" name="simple_test"/>
    <testcase time="0" classname="ds.rNorm.o_smoke_simple_test" name="simple_test"/>
  </testsuite>
  <testsuite name="ds.rPois.o()::smoke::simple test" timestamp="2019-07-02 08:25:34" hostname="fv-az670" tests="11" skipped="0" failures="0" errors="0" time="6.06">
    <testcase time="6.06" classname="ds.rPois.o_smoke_simple_test" name="simple_test"/>
    <testcase time="0" classname="ds.rPois.o_smoke_simple_test" name="simple_test"/>
    <testcase time="0" classname="ds.rPois.o_smoke_simple_test" name="simple_test"/>
    <testcase time="0" classname="ds.rPois.o_smoke_simple_test" name="simple_test"/>
    <testcase time="0" classname="ds.rPois.o_smoke_simple_test" name="simple_test"/>
    <testcase time="0" classname="ds.rPois.o_smoke_simple_test" name="simple_test"/>
    <testcase time="0" classname="ds.rPois.o_smoke_simple_test" name="simple_test"/>
    <testcase time="0" classname="ds.rPois.o_smoke_simple_test" name="simple_test"/>
    <testcase time="0" classname="ds.rPois.o_smoke_simple_test" name="simple_test"/>
    <testcase time="0" classname="ds.rPois.o_smoke_simple_test" name="simple_test"/>
    <testcase time="0" classname="ds.rPois.o_smoke_simple_test" name="simple_test"/>
  </testsuite>
  <testsuite name="ds.rUnif.o()::smoke::simple test" timestamp="2019-07-02 08:25:40" hostname="fv-az670" tests="11" skipped="0" failures="0" errors="0" time="6.02">
    <testcase time="6.02" classname="ds.rUnif.o_smoke_simple_test" name="simple_test"/>
    <testcase time="0" classname="ds.rUnif.o_smoke_simple_test" name="simple_test"/>
    <testcase time="0" classname="ds.rUnif.o_smoke_simple_test" name="simple_test"/>
    <testcase time="0" classname="ds.rUnif.o_smoke_simple_test" name="simple_test"/>
    <testcase time="0" classname="ds.rUnif.o_smoke_simple_test" name="simple_test"/>
    <testcase time="0" classname="ds.rUnif.o_smoke_simple_test" name="simple_test"/>
    <testcase time="0" classname="ds.rUnif.o_smoke_simple_test" name="simple_test"/>
    <testcase time="0" classname="ds.rUnif.o_smoke_simple_test" name="simple_test"/>
    <testcase time="0" classname="ds.rUnif.o_smoke_simple_test" name="simple_test"/>
    <testcase time="0" classname="ds.rUnif.o_smoke_simple_test" name="simple_test"/>
    <testcase time="0" classname="ds.rUnif.o_smoke_simple_test" name="simple_test"/>
  </testsuite>
  <testsuite name="ds.seq.o()::smoke" timestamp="2019-07-02 08:25:46" hostname="fv-az670" tests="3" skipped="0" failures="0" errors="0" time="4.9">
    <testcase time="4.9" classname="ds.seq.o_smoke" name="simplest_ds.seq.o"/>
    <testcase time="0" classname="ds.seq.o_smoke" name="simplest_ds.seq.o"/>
    <testcase time="0" classname="ds.seq.o_smoke" name="simplest_ds.seq.o"/>
  </testsuite>
  <testsuite name="ds.setSeed.o()::smoke" timestamp="2019-07-02 08:25:51" hostname="fv-az670" tests="9" skipped="0" failures="0" errors="0" time="4.39">
    <testcase time="4.39" classname="ds.setSeed.o_smoke" name="basic_setSeed"/>
    <testcase time="0" classname="ds.setSeed.o_smoke" name="basic_setSeed"/>
    <testcase time="0" classname="ds.setSeed.o_smoke" name="basic_setSeed"/>
    <testcase time="0" classname="ds.setSeed.o_smoke" name="basic_setSeed"/>
    <testcase time="0" classname="ds.setSeed.o_smoke" name="basic_setSeed"/>
    <testcase time="0" classname="ds.setSeed.o_smoke" name="basic_setSeed"/>
    <testcase time="0" classname="ds.setSeed.o_smoke" name="basic_setSeed"/>
    <testcase time="0" classname="ds.setSeed.o_smoke" name="basic_setSeed"/>
    <testcase time="0" classname="ds.setSeed.o_smoke" name="basic_setSeed"/>
  </testsuite>
  <testsuite name="ds.table2D.o()::smoke" timestamp="2019-07-02 08:25:55" hostname="fv-az670" tests="22" skipped="0" failures="0" errors="0" time="4.96">
    <testcase time="4.96" classname="ds.table2D.o_smoke" name="simple_table2D"/>
    <testcase time="0" classname="ds.table2D.o_smoke" name="simple_table2D"/>
    <testcase time="0" classname="ds.table2D.o_smoke" name="simple_table2D"/>
    <testcase time="0" classname="ds.table2D.o_smoke" name="simple_table2D"/>
    <testcase time="0" classname="ds.table2D.o_smoke" name="simple_table2D"/>
    <testcase time="0" classname="ds.table2D.o_smoke" name="simple_table2D"/>
    <testcase time="0" classname="ds.table2D.o_smoke" name="simple_table2D"/>
    <testcase time="0" classname="ds.table2D.o_smoke" name="simple_table2D"/>
    <testcase time="0" classname="ds.table2D.o_smoke" name="simple_table2D"/>
    <testcase time="0" classname="ds.table2D.o_smoke" name="simple_table2D"/>
    <testcase time="0" classname="ds.table2D.o_smoke" name="simple_table2D"/>
    <testcase time="0" classname="ds.table2D.o_smoke" name="simple_table2D"/>
    <testcase time="0" classname="ds.table2D.o_smoke" name="simple_table2D"/>
    <testcase time="0" classname="ds.table2D.o_smoke" name="simple_table2D"/>
    <testcase time="0" classname="ds.table2D.o_smoke" name="simple_table2D"/>
    <testcase time="0" classname="ds.table2D.o_smoke" name="simple_table2D"/>
    <testcase time="0" classname="ds.table2D.o_smoke" name="simple_table2D"/>
    <testcase time="0" classname="ds.table2D.o_smoke" name="simple_table2D"/>
    <testcase time="0" classname="ds.table2D.o_smoke" name="simple_table2D"/>
    <testcase time="0" classname="ds.table2D.o_smoke" name="simple_table2D"/>
    <testcase time="0" classname="ds.table2D.o_smoke" name="simple_table2D"/>
    <testcase time="0" classname="ds.table2D.o_smoke" name="simple_table2D"/>
  </testsuite>
  <testsuite name="ds.testObjExists.o()::smoke" timestamp="2019-07-02 08:26:00" hostname="fv-az670" tests="2" skipped="0" failures="0" errors="0" time="4.42">
    <testcase time="4.42" classname="ds.testObjExists.o_smoke" name="simple_testObjExists"/>
    <testcase time="0" classname="ds.testObjExists.o_smoke" name="simple_testObjExists"/>
  </testsuite>
  <testsuite name="ds.unList.o()::smoke::simple test" timestamp="2019-07-02 08:26:05" hostname="fv-az670" tests="10" skipped="0" failures="0" errors="0" time="4.67">
    <testcase time="4.67" classname="ds.unList.o_smoke_simple_test" name="simple_test"/>
    <testcase time="0" classname="ds.unList.o_smoke_simple_test" name="simple_test"/>
    <testcase time="0" classname="ds.unList.o_smoke_simple_test" name="simple_test"/>
    <testcase time="0" classname="ds.unList.o_smoke_simple_test" name="simple_test"/>
    <testcase time="0" classname="ds.unList.o_smoke_simple_test" name="simple_test"/>
    <testcase time="0" classname="ds.unList.o_smoke_simple_test" name="simple_test"/>
    <testcase time="0" classname="ds.unList.o_smoke_simple_test" name="simple_test"/>
    <testcase time="0" classname="ds.unList.o_smoke_simple_test" name="simple_test"/>
    <testcase time="0" classname="ds.unList.o_smoke_simple_test" name="simple_test"/>
    <testcase time="0" classname="ds.unList.o_smoke_simple_test" name="simple_test"/>
  </testsuite>
  <testsuite name="ds.var.o()::smoke::split" timestamp="2019-07-02 08:26:09" hostname="fv-az670" tests="19" skipped="0" failures="0" errors="0" time="4.28">
    <testcase time="4.28" classname="ds.var.o_smoke_split" name="simple_var_split"/>
    <testcase time="0" classname="ds.var.o_smoke_split" name="simple_var_split"/>
    <testcase time="0" classname="ds.var.o_smoke_split" name="simple_var_split"/>
    <testcase time="0" classname="ds.var.o_smoke_split" name="simple_var_split"/>
    <testcase time="0" classname="ds.var.o_smoke_split" name="simple_var_split"/>
    <testcase time="0" classname="ds.var.o_smoke_split" name="simple_var_split"/>
    <testcase time="0" classname="ds.var.o_smoke_split" name="simple_var_split"/>
    <testcase time="0" classname="ds.var.o_smoke_split" name="simple_var_split"/>
    <testcase time="0" classname="ds.var.o_smoke_split" name="simple_var_split"/>
    <testcase time="0" classname="ds.var.o_smoke_split" name="simple_var_split"/>
    <testcase time="0" classname="ds.var.o_smoke_split" name="simple_var_split"/>
    <testcase time="0" classname="ds.var.o_smoke_split" name="simple_var_split"/>
    <testcase time="0" classname="ds.var.o_smoke_split" name="simple_var_split"/>
    <testcase time="0" classname="ds.var.o_smoke_split" name="simple_var_split"/>
    <testcase time="0" classname="ds.var.o_smoke_split" name="simple_var_split"/>
    <testcase time="0" classname="ds.var.o_smoke_split" name="simple_var_split"/>
    <testcase time="0" classname="ds.var.o_smoke_split" name="simple_var_split"/>
    <testcase time="0" classname="ds.var.o_smoke_split" name="simple_var_split"/>
    <testcase time="0" classname="ds.var.o_smoke_split" name="simple_var_split"/>
  </testsuite>
  <testsuite name="ds.var.o()::smoke::combine" timestamp="2019-07-02 08:26:10" hostname="fv-az670" tests="11" skipped="0" failures="0" errors="0" time="0.26">
    <testcase time="0.26" classname="ds.var.o_smoke_combine" name="simple_var_combine"/>
    <testcase time="0" classname="ds.var.o_smoke_combine" name="simple_var_combine"/>
    <testcase time="0" classname="ds.var.o_smoke_combine" name="simple_var_combine"/>
    <testcase time="0" classname="ds.var.o_smoke_combine" name="simple_var_combine"/>
    <testcase time="0" classname="ds.var.o_smoke_combine" name="simple_var_combine"/>
    <testcase time="0" classname="ds.var.o_smoke_combine" name="simple_var_combine"/>
    <testcase time="0" classname="ds.var.o_smoke_combine" name="simple_var_combine"/>
    <testcase time="0" classname="ds.var.o_smoke_combine" name="simple_var_combine"/>
    <testcase time="0" classname="ds.var.o_smoke_combine" name="simple_var_combine"/>
    <testcase time="0" classname="ds.var.o_smoke_combine" name="simple_var_combine"/>
    <testcase time="0" classname="ds.var.o_smoke_combine" name="simple_var_combine"/>
  </testsuite>
  <testsuite name="ds.var.o()::smoke::both" timestamp="2019-07-02 08:26:10" hostname="fv-az670" tests="24" skipped="0" failures="0" errors="0" time="0.26">
    <testcase time="0.26" classname="ds.var.o_smoke_both" name="simple_var_both"/>
    <testcase time="0" classname="ds.var.o_smoke_both" name="simple_var_both"/>
    <testcase time="0" classname="ds.var.o_smoke_both" name="simple_var_both"/>
    <testcase time="0" classname="ds.var.o_smoke_both" name="simple_var_both"/>
    <testcase time="0" classname="ds.var.o_smoke_both" name="simple_var_both"/>
    <testcase time="0" classname="ds.var.o_smoke_both" name="simple_var_both"/>
    <testcase time="0" classname="ds.var.o_smoke_both" name="simple_var_both"/>
    <testcase time="0" classname="ds.var.o_smoke_both" name="simple_var_both"/>
    <testcase time="0" classname="ds.var.o_smoke_both" name="simple_var_both"/>
    <testcase time="0" classname="ds.var.o_smoke_both" name="simple_var_both"/>
    <testcase time="0" classname="ds.var.o_smoke_both" name="simple_var_both"/>
    <testcase time="0" classname="ds.var.o_smoke_both" name="simple_var_both"/>
    <testcase time="0" classname="ds.var.o_smoke_both" name="simple_var_both"/>
    <testcase time="0" classname="ds.var.o_smoke_both" name="simple_var_both"/>
    <testcase time="0" classname="ds.var.o_smoke_both" name="simple_var_both"/>
    <testcase time="0" classname="ds.var.o_smoke_both" name="simple_var_both"/>
    <testcase time="0" classname="ds.var.o_smoke_both" name="simple_var_both"/>
    <testcase time="0" classname="ds.var.o_smoke_both" name="simple_var_both"/>
    <testcase time="0" classname="ds.var.o_smoke_both" name="simple_var_both"/>
    <testcase time="0" classname="ds.var.o_smoke_both" name="simple_var_both"/>
    <testcase time="0" classname="ds.var.o_smoke_both" name="simple_var_both"/>
    <testcase time="0" classname="ds.var.o_smoke_both" name="simple_var_both"/>
    <testcase time="0" classname="ds.var.o_smoke_both" name="simple_var_both"/>
    <testcase time="0" classname="ds.var.o_smoke_both" name="simple_var_both"/>
  </testsuite>
  <testsuite name="ds.mean.o::smk_expt::type=combine" timestamp="2019-07-02 08:26:15" hostname="fv-az670" tests="1" skipped="0" failures="0" errors="0" time="4.82">
    <testcase time="4.82" classname="ds.mean.o_smk_expt_type_combine" name="mean_values_combine_"/>
  </testsuite>
  <testsuite name="ds.mean.o::smk_expt::type=split" timestamp="2019-07-02 08:26:15" hostname="fv-az670" tests="1" skipped="0" failures="0" errors="0" time="0.27">
    <testcase time="0.27" classname="ds.mean.o_smk_expt_type_split" name="mean_values_split_"/>
  </testsuite>
  <testsuite name="ds.mean.o::smk_expt::type=both" timestamp="2019-07-02 08:26:15" hostname="fv-az670" tests="1" skipped="0" failures="0" errors="0" time="0.27">
    <testcase time="0.27" classname="ds.mean.o_smk_expt_type_both" name="mean_values_both_"/>
  </testsuite>
  <testsuite name="ds.mean.o::smk_expt::type=combine" timestamp="2019-07-02 08:26:16" hostname="fv-az670" tests="1" skipped="0" failures="0" errors="0" time="0.26">
    <testcase time="0.26" classname="ds.mean.o_smk_expt_type_combine" name="mean_values_combine_"/>
  </testsuite>
  <testsuite name="ds.mean.o::smk_expt::type=split" timestamp="2019-07-02 08:26:16" hostname="fv-az670" tests="1" skipped="0" failures="0" errors="0" time="0.26">
    <testcase time="0.26" classname="ds.mean.o_smk_expt_type_split" name="mean_values_split_"/>
  </testsuite>
  <testsuite name="ds.mean.o::smk_expt::type=both" timestamp="2019-07-02 08:26:16" hostname="fv-az670" tests="1" skipped="0" failures="0" errors="0" time="0.26">
    <testcase time="0.26" classname="ds.mean.o_smk_expt_type_both" name="mean_values_both_"/>
  </testsuite>
  <testsuite name="ds.mean.o::smk_expt::type=combine" timestamp="2019-07-02 08:26:16" hostname="fv-az670" tests="1" skipped="0" failures="0" errors="0" time="0.26">
    <testcase time="0.26" classname="ds.mean.o_smk_expt_type_combine" name="mean_values_combine_"/>
  </testsuite>
  <testsuite name="ds.mean.o::smk_expt::type=split" timestamp="2019-07-02 08:26:17" hostname="fv-az670" tests="1" skipped="0" failures="0" errors="0" time="0.27">
    <testcase time="0.27" classname="ds.mean.o_smk_expt_type_split" name="mean_values_split_"/>
  </testsuite>
  <testsuite name="ds.mean.o::smk_expt::type=both" timestamp="2019-07-02 08:26:17" hostname="fv-az670" tests="1" skipped="0" failures="0" errors="0" time="0.26">
    <testcase time="0.26" classname="ds.mean.o_smk_expt_type_both" name="mean_values_both_"/>
  </testsuite>
  <testsuite name="ds.mean.o::smk_expt::type=combine" timestamp="2019-07-02 08:26:17" hostname="fv-az670" tests="1" skipped="0" failures="0" errors="0" time="0.27">
    <testcase time="0.27" classname="ds.mean.o_smk_expt_type_combine" name="mean_values_combine_"/>
  </testsuite>
  <testsuite name="ds.mean.o::smk_expt::type=split" timestamp="2019-07-02 08:26:17" hostname="fv-az670" tests="1" skipped="0" failures="0" errors="0" time="0.26">
    <testcase time="0.26" classname="ds.mean.o_smk_expt_type_split" name="mean_values_split_"/>
  </testsuite>
  <testsuite name="ds.mean.o::smk_expt::type=both" timestamp="2019-07-02 08:26:18" hostname="fv-az670" tests="1" skipped="0" failures="0" errors="0" time="0.27">
    <testcase time="0.27" classname="ds.mean.o_smk_expt_type_both" name="mean_values_both_"/>
  </testsuite>
  <testsuite name="ds.mean.o::smk_expt::type=combine" timestamp="2019-07-02 08:26:18" hostname="fv-az670" tests="1" skipped="0" failures="0" errors="0" time="0.28">
    <testcase time="0.28" classname="ds.mean.o_smk_expt_type_combine" name="mean_values_combine_"/>
  </testsuite>
  <testsuite name="ds.mean.o::smk_expt::type=split" timestamp="2019-07-02 08:26:18" hostname="fv-az670" tests="1" skipped="0" failures="0" errors="0" time="0.27">
    <testcase time="0.27" classname="ds.mean.o_smk_expt_type_split" name="mean_values_split_"/>
  </testsuite>
  <testsuite name="ds.mean.o::smk_expt::type=both" timestamp="2019-07-02 08:26:19" hostname="fv-az670" tests="1" skipped="0" failures="0" errors="0" time="0.26">
    <testcase time="0.26" classname="ds.mean.o_smk_expt_type_both" name="mean_values_both_"/>
  </testsuite>
  <testsuite name="ds.mean.o::smk_expt::type=combine" timestamp="2019-07-02 08:26:19" hostname="fv-az670" tests="1" skipped="0" failures="0" errors="0" time="0.27">
    <testcase time="0.27" classname="ds.mean.o_smk_expt_type_combine" name="mean_values_combine_"/>
  </testsuite>
  <testsuite name="ds.mean.o::smk_expt::type=split" timestamp="2019-07-02 08:26:19" hostname="fv-az670" tests="1" skipped="0" failures="0" errors="0" time="0.26">
    <testcase time="0.26" classname="ds.mean.o_smk_expt_type_split" name="mean_values_split_"/>
  </testsuite>
  <testsuite name="ds.mean.o::smk_expt::type=both" timestamp="2019-07-02 08:26:19" hostname="fv-az670" tests="1" skipped="0" failures="0" errors="0" time="0.27">
    <testcase time="0.27" classname="ds.mean.o_smk_expt_type_both" name="mean_values_both_"/>
  </testsuite>
  <testsuite name="ds.mean.o::smk_expt::type=combine" timestamp="2019-07-02 08:26:20" hostname="fv-az670" tests="1" skipped="0" failures="0" errors="0" time="0.26">
    <testcase time="0.26" classname="ds.mean.o_smk_expt_type_combine" name="mean_values_combine_"/>
  </testsuite>
  <testsuite name="ds.mean.o::smk_expt::type=split" timestamp="2019-07-02 08:26:20" hostname="fv-az670" tests="1" skipped="0" failures="0" errors="0" time="0.26">
    <testcase time="0.26" classname="ds.mean.o_smk_expt_type_split" name="mean_values_split_"/>
  </testsuite>
  <testsuite name="ds.mean.o::smk_expt::type=both" timestamp="2019-07-02 08:26:20" hostname="fv-az670" tests="1" skipped="0" failures="0" errors="0" time="0.26">
    <testcase time="0.26" classname="ds.mean.o_smk_expt_type_both" name="mean_values_both_"/>
  </testsuite>
  <testsuite name="ds.mean.o::smk_expt::type=combine" timestamp="2019-07-02 08:26:20" hostname="fv-az670" tests="1" skipped="0" failures="0" errors="0" time="0.27">
    <testcase time="0.27" classname="ds.mean.o_smk_expt_type_combine" name="mean_values_combine_"/>
  </testsuite>
  <testsuite name="ds.mean.o::smk_expt::type=split" timestamp="2019-07-02 08:26:21" hostname="fv-az670" tests="1" skipped="0" failures="0" errors="0" time="0.27">
    <testcase time="0.27" classname="ds.mean.o_smk_expt_type_split" name="mean_values_split_"/>
  </testsuite>
  <testsuite name="ds.mean.o::smk_expt::type=both" timestamp="2019-07-02 08:26:21" hostname="fv-az670" tests="1" skipped="0" failures="0" errors="0" time="0.26">
    <testcase time="0.26" classname="ds.mean.o_smk_expt_type_both" name="mean_values_both_"/>
  </testsuite>
  <testsuite name="ds.mean.o::smk_expt::type=combine" timestamp="2019-07-02 08:26:21" hostname="fv-az670" tests="1" skipped="0" failures="0" errors="0" time="0.27">
    <testcase time="0.27" classname="ds.mean.o_smk_expt_type_combine" name="mean_values_combine_"/>
  </testsuite>
  <testsuite name="ds.mean.o::smk_expt::type=split" timestamp="2019-07-02 08:26:21" hostname="fv-az670" tests="1" skipped="0" failures="0" errors="0" time="0.27">
    <testcase time="0.27" classname="ds.mean.o_smk_expt_type_split" name="mean_values_split_"/>
  </testsuite>
  <testsuite name="ds.mean.o::smk_expt::type=both" timestamp="2019-07-02 08:26:22" hostname="fv-az670" tests="1" skipped="0" failures="0" errors="0" time="0.28">
    <testcase time="0.28" classname="ds.mean.o_smk_expt_type_both" name="mean_values_both_"/>
  </testsuite>
  <testsuite name="ds.mean.o::smk_expt::type=combine" timestamp="2019-07-02 08:26:22" hostname="fv-az670" tests="1" skipped="0" failures="0" errors="0" time="0.26">
    <testcase time="0.26" classname="ds.mean.o_smk_expt_type_combine" name="mean_values_combine_"/>
  </testsuite>
  <testsuite name="ds.mean.o::smk_expt::type=split" timestamp="2019-07-02 08:26:22" hostname="fv-az670" tests="1" skipped="0" failures="0" errors="0" time="0.26">
    <testcase time="0.26" classname="ds.mean.o_smk_expt_type_split" name="mean_values_split_"/>
  </testsuite>
  <testsuite name="ds.mean.o::smk_expt::type=both" timestamp="2019-07-02 08:26:23" hostname="fv-az670" tests="1" skipped="0" failures="0" errors="0" time="0.26">
    <testcase time="0.26" classname="ds.mean.o_smk_expt_type_both" name="mean_values_both_"/>
  </testsuite>
  <testsuite name="ds.mean.o::smk_expt::type=combine" timestamp="2019-07-02 08:26:23" hostname="fv-az670" tests="1" skipped="0" failures="0" errors="0" time="0.26">
    <testcase time="0.26" classname="ds.mean.o_smk_expt_type_combine" name="mean_values_combine_"/>
  </testsuite>
  <testsuite name="ds.mean.o::smk_expt::type=split" timestamp="2019-07-02 08:26:23" hostname="fv-az670" tests="1" skipped="0" failures="0" errors="0" time="0.26">
    <testcase time="0.26" classname="ds.mean.o_smk_expt_type_split" name="mean_values_split_"/>
  </testsuite>
  <testsuite name="ds.mean.o::smk_expt::type=both" timestamp="2019-07-02 08:26:23" hostname="fv-az670" tests="1" skipped="0" failures="0" errors="0" time="0.26">
    <testcase time="0.26" classname="ds.mean.o_smk_expt_type_both" name="mean_values_both_"/>
  </testsuite>
</testsuites>
