<?xml version="1.0" encoding="UTF-8"?>
<testsuites>
  <testsuite name="ds.asCharacter::smk" timestamp="2019-07-25 19:55:00" hostname="fv-az679" tests="0" skipped="0" failures="0" errors="0" time="0"/>
  <testsuite name="ds.asCharacter::smk::turn the factor variable 'GENDER' into a character vector" timestamp="2019-07-25 19:55:06" hostname="fv-az679" tests="3" skipped="0" failures="0" errors="0" time="7.27">
    <testcase time="7.23" classname="ds.asCharacter_smk_turn_the_factor_variable_GENDER_into_a_character_vector" name="asCharacter_exists"/>
    <testcase time="0.03" classname="ds.asCharacter_smk_turn_the_factor_variable_GENDER_into_a_character_vector" name="asCharacter_exists"/>
    <testcase time="0.01" classname="ds.asCharacter_smk_turn_the_factor_variable_GENDER_into_a_character_vector" name="asCharacter_exists"/>
  </testsuite>
  <testsuite name="ds.asCharacter::smk::no table or newobj" timestamp="2019-07-25 19:55:08" hostname="fv-az679" tests="3" skipped="0" failures="0" errors="0" time="1.41">
    <testcase time="1.41" classname="ds.asCharacter_smk_no_table_or_newobj" name="defualt_Character_exists"/>
    <testcase time="0" classname="ds.asCharacter_smk_no_table_or_newobj" name="defualt_Character_exists"/>
    <testcase time="0" classname="ds.asCharacter_smk_no_table_or_newobj" name="defualt_Character_exists"/>
  </testsuite>
  <testsuite name="ds.asCharacter::smk::no x" timestamp="2019-07-25 19:55:09" hostname="fv-az679" tests="1" skipped="0" failures="0" errors="0" time="0">
    <testcase time="0" classname="ds.asCharacter_smk_no_x" name="asCharacter_no_x"/>
  </testsuite>
  <testsuite name="ds.asList::smk" timestamp="2019-07-25 19:55:09" hostname="fv-az679" tests="0" skipped="0" failures="0" errors="0" time="0"/>
  <testsuite name="ds.asList::smk::turn the data frame D into a list" timestamp="2019-07-25 19:55:15" hostname="fv-az679" tests="1" skipped="0" failures="0" errors="0" time="8.88">
    <testcase time="8.88" classname="ds.asList_smk_turn_the_data_frame_D_into_a_list" name="Is_List"/>
  </testsuite>
  <testsuite name="ds.asList::smk::test errors" timestamp="2019-07-25 19:55:18" hostname="fv-az679" tests="2" skipped="0" failures="0" errors="0" time="0.53">
    <testcase time="0.02" classname="ds.asList_smk_test_errors" name="asList_erros"/>
    <testcase time="0.51" classname="ds.asList_smk_test_errors" name="asList_erros"/>
  </testsuite>
  <testsuite name="ds.assign::smk" timestamp="2019-07-25 19:55:19" hostname="fv-az679" tests="0" skipped="0" failures="0" errors="0" time="0"/>
  <testsuite name="ds.assign::smk" timestamp="2019-07-25 19:55:25" hostname="fv-az679" tests="1" skipped="0" failures="0" errors="0" time="6.55">
    <testcase time="6.55" classname="ds.assign_smk" name="test_assign"/>
  </testsuite>
  <testsuite name="ds.dataframe::smk" timestamp="2019-07-25 19:55:25" hostname="fv-az679" tests="0" skipped="0" failures="0" errors="0" time="0"/>
  <testsuite name="ds.dataframe::smk::create a dataframe" timestamp="2019-07-25 19:55:31" hostname="fv-az679" tests="3" skipped="0" failures="0" errors="0" time="8.59">
    <testcase time="8.07" classname="ds.dataframe_smk_create_a_dataframe" name="dataframe_exists"/>
    <testcase time="0.26" classname="ds.dataframe_smk_create_a_dataframe" name="dataframe_exists"/>
    <testcase time="0.26" classname="ds.dataframe_smk_create_a_dataframe" name="dataframe_exists"/>
  </testsuite>
  <testsuite name="ds.dataframe::smk::errors" timestamp="2019-07-25 19:55:34" hostname="fv-az679" tests="1" skipped="0" failures="0" errors="0" time="0.03">
    <testcase time="0.03" classname="ds.dataframe_smk_errors" name="dataframe_errors"/>
  </testsuite>
  <testsuite name="ds.dim:smk" timestamp="2019-07-25 19:55:34" hostname="fv-az679" tests="0" skipped="0" failures="0" errors="0" time="0"/>
  <testsuite name="ds.dim::smk" timestamp="2019-07-25 19:55:40" hostname="fv-az679" tests="4" skipped="0" failures="0" errors="0" time="9.14">
    <testcase time="6.85" classname="ds.dim_smk" name="test_dim"/>
    <testcase time="0.77" classname="ds.dim_smk" name="test_dim"/>
    <testcase time="0.76" classname="ds.dim_smk" name="test_dim"/>
    <testcase time="0.76" classname="ds.dim_smk" name="test_dim"/>
  </testsuite>
  <testsuite name="ds.dim::smk::errors" timestamp="2019-07-25 19:55:43" hostname="fv-az679" tests="3" skipped="0" failures="0" errors="0" time="1.26">
    <testcase time="0" classname="ds.dim_smk_errors" name="dim_errors"/>
    <testcase time="0.5" classname="ds.dim_smk_errors" name="dim_errors"/>
    <testcase time="0.76" classname="ds.dim_smk_errors" name="dim_errors"/>
  </testsuite>
  <testsuite name="ds.isNA::smk" timestamp="2019-07-25 19:55:44" hostname="fv-az679" tests="0" skipped="0" failures="0" errors="0" time="0"/>
  <testsuite name="ds.isNA::smk" timestamp="2019-07-25 19:55:50" hostname="fv-az679" tests="3" skipped="0" failures="0" errors="0" time="7.12">
    <testcase time="7.12" classname="ds.isNA_smk" name="isNA"/>
    <testcase time="0" classname="ds.isNA_smk" name="isNA"/>
    <testcase time="0" classname="ds.isNA_smk" name="isNA"/>
  </testsuite>
  <testsuite name="ds.isNA()::smk::errors" timestamp="2019-07-25 19:55:51" hostname="fv-az679" tests="1" skipped="0" failures="0" errors="0" time="0.03">
    <testcase time="0.03" classname="ds.isNA_smk_errors" name="isNA_errors"/>
  </testsuite>
  <testsuite name="ds.length::smk" timestamp="2019-07-25 19:55:51" hostname="fv-az679" tests="0" skipped="0" failures="0" errors="0" time="0"/>
  <testsuite name="ds.length::smk" timestamp="2019-07-25 19:55:57" hostname="fv-az679" tests="3" skipped="0" failures="0" errors="0" time="8.27">
    <testcase time="6.68" classname="ds.length_smk" name="test_length"/>
    <testcase time="0.77" classname="ds.length_smk" name="test_length"/>
    <testcase time="0.82" classname="ds.length_smk" name="test_length"/>
  </testsuite>
  <testsuite name="ds.length::smk::errors" timestamp="2019-07-25 19:55:59" hostname="fv-az679" tests="3" skipped="0" failures="0" errors="0" time="1.31">
    <testcase time="0" classname="ds.length_smk_errors" name="length_errors"/>
    <testcase time="0.54" classname="ds.length_smk_errors" name="length_errors"/>
    <testcase time="0.77" classname="ds.length_smk_errors" name="length_errors"/>
  </testsuite>
  <testsuite name="ds.list::smk" timestamp="2019-07-25 19:56:01" hostname="fv-az679" tests="0" skipped="0" failures="0" errors="0" time="0"/>
  <testsuite name="ds.list::smk" timestamp="2019-07-25 19:56:07" hostname="fv-az679" tests="1" skipped="0" failures="0" errors="0" time="8.04">
    <testcase time="8.04" classname="ds.list_smk" name="Is_List"/>
  </testsuite>
  <testsuite name="ds.list::smk::test errors" timestamp="2019-07-25 19:56:09" hostname="fv-az679" tests="2" skipped="0" failures="0" errors="0" time="0.03">
    <testcase time="0.03" classname="ds.list_smk_test_errors" name="list_erros"/>
    <testcase time="0" classname="ds.list_smk_test_errors" name="list_erros"/>
  </testsuite>
  <testsuite name="ds.meanByClass::smk" timestamp="2019-07-25 19:56:09" hostname="fv-az679" tests="0" skipped="0" failures="0" errors="0" time="0"/>
  <testsuite name="ds.meanByClass::smk::calculate the mean proportion for LAB_HDL across gender categories" timestamp="2019-07-25 19:56:15" hostname="fv-az679" tests="3" skipped="0" failures="0" errors="0" time="13.21">
    <testcase time="13.21" classname="ds.meanByClass_smk_calculate_the_mean_proportion_for_LAB_HDL_across_gender_categories" name="LAB_HDL_across_gender"/>
    <testcase time="0" classname="ds.meanByClass_smk_calculate_the_mean_proportion_for_LAB_HDL_across_gender_categories" name="LAB_HDL_across_gender"/>
    <testcase time="0" classname="ds.meanByClass_smk_calculate_the_mean_proportion_for_LAB_HDL_across_gender_categories" name="LAB_HDL_across_gender"/>
  </testsuite>
  <testsuite name="ds.meanByClass::smk::LAB_HDL across GENDER categories where both vectors are 'loose'" timestamp="2019-07-25 19:56:22" hostname="fv-az679" tests="3" skipped="0" failures="0" errors="0" time="8.96">
    <testcase time="8.96" classname="ds.meanByClass_smk_LAB_HDL_across_GENDER_categories_where_both_vectors_are_loose_" name="LAB_HDL_across_gender_loose"/>
    <testcase time="0" classname="ds.meanByClass_smk_LAB_HDL_across_GENDER_categories_where_both_vectors_are_loose_" name="LAB_HDL_across_gender_loose"/>
    <testcase time="0" classname="ds.meanByClass_smk_LAB_HDL_across_GENDER_categories_where_both_vectors_are_loose_" name="LAB_HDL_across_gender_loose"/>
  </testsuite>
  <testsuite name="ds.meanByClass::smk::calculate the mean proportion for LAB_HDL across gender and bmi categories" timestamp="2019-07-25 19:56:31" hostname="fv-az679" tests="5" skipped="0" failures="0" errors="0" time="10.72">
    <testcase time="10.72" classname="ds.meanByClass_smk_calculate_the_mean_proportion_for_LAB_HDL_across_gender_and_bmi_categories" name="LAB_HDL_across_gender_bmi"/>
    <testcase time="0" classname="ds.meanByClass_smk_calculate_the_mean_proportion_for_LAB_HDL_across_gender_and_bmi_categories" name="LAB_HDL_across_gender_bmi"/>
    <testcase time="0" classname="ds.meanByClass_smk_calculate_the_mean_proportion_for_LAB_HDL_across_gender_and_bmi_categories" name="LAB_HDL_across_gender_bmi"/>
    <testcase time="0" classname="ds.meanByClass_smk_calculate_the_mean_proportion_for_LAB_HDL_across_gender_and_bmi_categories" name="LAB_HDL_across_gender_bmi"/>
    <testcase time="0" classname="ds.meanByClass_smk_calculate_the_mean_proportion_for_LAB_HDL_across_gender_and_bmi_categories" name="LAB_HDL_across_gender_bmi"/>
  </testsuite>
  <testsuite name="ds.meanByClass::smk::calculate the mean proportion for LAB_HDL across gender bmi and diabetes status categories" timestamp="2019-07-25 19:56:42" hostname="fv-az679" tests="6" skipped="0" failures="0" errors="0" time="78.23">
    <testcase time="78.23" classname="ds.meanByClass_smk_calculate_the_mean_proportion_for_LAB_HDL_across_gender_bmi_and_diabetes_status_categories" name="LAB_HDL_across_gender_bmi_diabetes"/>
    <testcase time="0" classname="ds.meanByClass_smk_calculate_the_mean_proportion_for_LAB_HDL_across_gender_bmi_and_diabetes_status_categories" name="LAB_HDL_across_gender_bmi_diabetes"/>
    <testcase time="0" classname="ds.meanByClass_smk_calculate_the_mean_proportion_for_LAB_HDL_across_gender_bmi_and_diabetes_status_categories" name="LAB_HDL_across_gender_bmi_diabetes"/>
    <testcase time="0" classname="ds.meanByClass_smk_calculate_the_mean_proportion_for_LAB_HDL_across_gender_bmi_and_diabetes_status_categories" name="LAB_HDL_across_gender_bmi_diabetes"/>
    <testcase time="0" classname="ds.meanByClass_smk_calculate_the_mean_proportion_for_LAB_HDL_across_gender_bmi_and_diabetes_status_categories" name="LAB_HDL_across_gender_bmi_diabetes"/>
    <testcase time="0" classname="ds.meanByClass_smk_calculate_the_mean_proportion_for_LAB_HDL_across_gender_bmi_and_diabetes_status_categories" name="LAB_HDL_across_gender_bmi_diabetes"/>
  </testsuite>
  <testsuite name="ds.meanByClass::smk::calculate the mean proportion for LAB_HDL across gender categories for each study separately" timestamp="2019-07-25 19:58:00" hostname="fv-az679" tests="6" skipped="0" failures="0" errors="0" time="13.24">
    <testcase time="13.24" classname="ds.meanByClass_smk_calculate_the_mean_proportion_for_LAB_HDL_across_gender_categories_for_each_study_separately" name="LAB_HDL_across_gender_split"/>
    <testcase time="0" classname="ds.meanByClass_smk_calculate_the_mean_proportion_for_LAB_HDL_across_gender_categories_for_each_study_separately" name="LAB_HDL_across_gender_split"/>
    <testcase time="0" classname="ds.meanByClass_smk_calculate_the_mean_proportion_for_LAB_HDL_across_gender_categories_for_each_study_separately" name="LAB_HDL_across_gender_split"/>
    <testcase time="0" classname="ds.meanByClass_smk_calculate_the_mean_proportion_for_LAB_HDL_across_gender_categories_for_each_study_separately" name="LAB_HDL_across_gender_split"/>
    <testcase time="0" classname="ds.meanByClass_smk_calculate_the_mean_proportion_for_LAB_HDL_across_gender_categories_for_each_study_separately" name="LAB_HDL_across_gender_split"/>
    <testcase time="0" classname="ds.meanByClass_smk_calculate_the_mean_proportion_for_LAB_HDL_across_gender_categories_for_each_study_separately" name="LAB_HDL_across_gender_split"/>
  </testsuite>
  <testsuite name="ds.meanByClass::smk::test errors" timestamp="2019-07-25 19:58:13" hostname="fv-az679" tests="5" skipped="0" failures="0" errors="0" time="7.35">
    <testcase time="2.05" classname="ds.meanByClass_smk_test_errors" name="meanByClass_erros"/>
    <testcase time="0.75" classname="ds.meanByClass_smk_test_errors" name="meanByClass_erros"/>
    <testcase time="1.01" classname="ds.meanByClass_smk_test_errors" name="meanByClass_erros"/>
    <testcase time="0" classname="ds.meanByClass_smk_test_errors" name="meanByClass_erros"/>
    <testcase time="3.54" classname="ds.meanByClass_smk_test_errors" name="meanByClass_erros"/>
  </testsuite>
  <testsuite name="ds.mean::smk" timestamp="2019-07-25 19:58:21" hostname="fv-az679" tests="0" skipped="0" failures="0" errors="0" time="0"/>
  <testsuite name="ds.mean::smk::(type=combine)" timestamp="2019-07-25 19:58:26" hostname="fv-az679" tests="2" skipped="0" failures="0" errors="0" time="7.19">
    <testcase time="7.19" classname="ds.mean_smk_type_combine_" name="mean_values_combine_"/>
    <testcase time="0" classname="ds.mean_smk_type_combine_" name="mean_values_combine_"/>
  </testsuite>
  <testsuite name="ds.mean::smk::(type=combine) loose" timestamp="2019-07-25 19:58:28" hostname="fv-az679" tests="2" skipped="0" failures="0" errors="0" time="1.85">
    <testcase time="1.85" classname="ds.mean_smk_type_combine_loose" name="mean_values_combine_loose"/>
    <testcase time="0" classname="ds.mean_smk_type_combine_loose" name="mean_values_combine_loose"/>
  </testsuite>
  <testsuite name="ds.mean::smk::(type=split)" timestamp="2019-07-25 19:58:30" hostname="fv-az679" tests="6" skipped="0" failures="0" errors="0" time="1.27">
    <testcase time="1.27" classname="ds.mean_smk_type_split_" name="mean_values_split_"/>
    <testcase time="0" classname="ds.mean_smk_type_split_" name="mean_values_split_"/>
    <testcase time="0" classname="ds.mean_smk_type_split_" name="mean_values_split_"/>
    <testcase time="0" classname="ds.mean_smk_type_split_" name="mean_values_split_"/>
    <testcase time="0" classname="ds.mean_smk_type_split_" name="mean_values_split_"/>
    <testcase time="0" classname="ds.mean_smk_type_split_" name="mean_values_split_"/>
  </testsuite>
  <testsuite name="ds.mean::smk::test errors" timestamp="2019-07-25 19:58:31" hostname="fv-az679" tests="3" skipped="0" failures="0" errors="0" time="2.78">
    <testcase time="1.01" classname="ds.mean_smk_test_errors" name="mean_erros"/>
    <testcase time="1.27" classname="ds.mean_smk_test_errors" name="mean_erros"/>
    <testcase time="0.5" classname="ds.mean_smk_test_errors" name="mean_erros"/>
  </testsuite>
  <testsuite name="ds.names::smk" timestamp="2019-07-25 19:58:34" hostname="fv-az679" tests="0" skipped="0" failures="0" errors="0" time="0"/>
  <testsuite name="ds.names::smk::test errors" timestamp="2019-07-25 19:58:40" hostname="fv-az679" tests="2" skipped="0" failures="0" errors="0" time="7.53">
    <testcase time="7" classname="ds.names_smk_test_errors" name="names_erros"/>
    <testcase time="0.53" classname="ds.names_smk_test_errors" name="names_erros"/>
  </testsuite>
  <testsuite name="ds.quantileMean::smk" timestamp="2019-07-25 19:58:41" hostname="fv-az679" tests="0" skipped="0" failures="0" errors="0" time="0"/>
  <testsuite name="ds.quantileMean::smk::standard" timestamp="2019-07-25 19:58:47" hostname="fv-az679" tests="2" skipped="0" failures="0" errors="0" time="7.23">
    <testcase time="7.23" classname="ds.quantileMean_smk_standard" name="quantileMean"/>
    <testcase time="0" classname="ds.quantileMean_smk_standard" name="quantileMean"/>
  </testsuite>
  <testsuite name="ds.quantileMean::smk::split" timestamp="2019-07-25 19:58:48" hostname="fv-az679" tests="3" skipped="0" failures="0" errors="0" time="1.8">
    <testcase time="1.8" classname="ds.quantileMean_smk_split" name="quantileMean_split"/>
    <testcase time="0" classname="ds.quantileMean_smk_split" name="quantileMean_split"/>
    <testcase time="0" classname="ds.quantileMean_smk_split" name="quantileMean_split"/>
  </testsuite>
  <testsuite name="ds.quantileMean::smk::test errors" timestamp="2019-07-25 19:58:50" hostname="fv-az679" tests="3" skipped="0" failures="0" errors="0" time="2.78">
    <testcase time="1.02" classname="ds.quantileMean_smk_test_errors" name="quantileMean_erros"/>
    <testcase time="1.26" classname="ds.quantileMean_smk_test_errors" name="quantileMean_erros"/>
    <testcase time="0.5" classname="ds.quantileMean_smk_test_errors" name="quantileMean_erros"/>
  </testsuite>
  <testsuite name="ds.recodeLevels::smk" timestamp="2019-07-25 19:58:53" hostname="fv-az679" tests="0" skipped="0" failures="0" errors="0" time="0"/>
  <testsuite name="ds.rowColCalc::smk" timestamp="2019-07-25 19:58:59" hostname="fv-az679" tests="0" skipped="0" failures="0" errors="0" time="0"/>
  <testsuite name="ds.rowColCalc::smk" timestamp="2019-07-25 19:59:05" hostname="fv-az679" tests="3" skipped="0" failures="0" errors="0" time="16.15">
    <testcase time="16.15" classname="ds.rowColCalc_smk" name="rowColCalc_exists"/>
    <testcase time="0" classname="ds.rowColCalc_smk" name="rowColCalc_exists"/>
    <testcase time="0" classname="ds.rowColCalc_smk" name="rowColCalc_exists"/>
  </testsuite>
  <testsuite name="ds.rowColCalc::smk::no newobj" timestamp="2019-07-25 19:59:09" hostname="fv-az679" tests="3" skipped="0" failures="0" errors="0" time="4.26">
    <testcase time="4.26" classname="ds.rowColCalc_smk_no_newobj" name="rowColCalc_out_exists"/>
    <testcase time="0" classname="ds.rowColCalc_smk_no_newobj" name="rowColCalc_out_exists"/>
    <testcase time="0" classname="ds.rowColCalc_smk_no_newobj" name="rowColCalc_out_exists"/>
  </testsuite>
  <testsuite name="ds.rowColCalc::smk::test errors" timestamp="2019-07-25 19:59:13" hostname="fv-az679" tests="3" skipped="0" failures="0" errors="0" time="6.51">
    <testcase time="0.01" classname="ds.rowColCalc_smk_test_errors" name="rowColCalc_errors"/>
    <testcase time="3.24" classname="ds.rowColCalc_smk_test_errors" name="rowColCalc_errors"/>
    <testcase time="3.26" classname="ds.rowColCalc_smk_test_errors" name="rowColCalc_errors"/>
  </testsuite>
  <testsuite name="ds.subset::smk" timestamp="2019-07-25 19:59:20" hostname="fv-az679" tests="0" skipped="0" failures="0" errors="0" time="0"/>
  <testsuite name="ds.subset::smk::generate a subset of the assigned table (by default the table is named 'D') with the first 50 observations and the two first columns refered to by their names" timestamp="2019-07-25 19:59:26" hostname="fv-az679" tests="3" skipped="0" failures="0" errors="0" time="8.13">
    <testcase time="8.13" classname="ds.subset_smk_generate_a_subset_of_the_assigned_table_by_default_the_table_is_named_D_with_the_first_50_observations_and_the_two_first_columns_refered_to_by_their_names" name="subD2_exists"/>
    <testcase time="0" classname="ds.subset_smk_generate_a_subset_of_the_assigned_table_by_default_the_table_is_named_D_with_the_first_50_observations_and_the_two_first_columns_refered_to_by_their_names" name="subD2_exists"/>
    <testcase time="0" classname="ds.subset_smk_generate_a_subset_of_the_assigned_table_by_default_the_table_is_named_D_with_the_first_50_observations_and_the_two_first_columns_refered_to_by_their_names" name="subD2_exists"/>
  </testsuite>
  <testsuite name="ds.summary::smk" timestamp="2019-07-25 19:59:28" hostname="fv-az679" tests="0" skipped="0" failures="0" errors="0" time="0"/>
  <testsuite name="ds.summary::smk::summary of a numerical variable" timestamp="2019-07-25 19:59:34" hostname="fv-az679" tests="3" skipped="0" failures="0" errors="0" time="8.77">
    <testcase time="8.77" classname="ds.summary_smk_summary_of_a_numerical_variable" name="summary_numerical_variable"/>
    <testcase time="0" classname="ds.summary_smk_summary_of_a_numerical_variable" name="summary_numerical_variable"/>
    <testcase time="0" classname="ds.summary_smk_summary_of_a_numerical_variable" name="summary_numerical_variable"/>
  </testsuite>
  <testsuite name="ds.summary::smk::summary of a character variable" timestamp="2019-07-25 19:59:37" hostname="fv-az679" tests="2" skipped="0" failures="0" errors="0" time="2.89">
    <testcase time="2.89" classname="ds.summary_smk_summary_of_a_character_variable" name="summary_character_variable"/>
    <testcase time="0" classname="ds.summary_smk_summary_of_a_character_variable" name="summary_character_variable"/>
  </testsuite>
  <testsuite name="ds.summary::smk::summary of a factor variable" timestamp="2019-07-25 19:59:40" hostname="fv-az679" tests="5" skipped="0" failures="0" errors="0" time="3.28">
    <testcase time="3.28" classname="ds.summary_smk_summary_of_a_factor_variable" name="summary_factor_variable"/>
    <testcase time="0" classname="ds.summary_smk_summary_of_a_factor_variable" name="summary_factor_variable"/>
    <testcase time="0" classname="ds.summary_smk_summary_of_a_factor_variable" name="summary_factor_variable"/>
    <testcase time="0" classname="ds.summary_smk_summary_of_a_factor_variable" name="summary_factor_variable"/>
    <testcase time="0" classname="ds.summary_smk_summary_of_a_factor_variable" name="summary_factor_variable"/>
  </testsuite>
  <testsuite name="ds.summary::smk::summary of a data frame" timestamp="2019-07-25 19:59:43" hostname="fv-az679" tests="5" skipped="0" failures="0" errors="0" time="2.57">
    <testcase time="2.57" classname="ds.summary_smk_summary_of_a_data_frame" name="summary_data_frame"/>
    <testcase time="0" classname="ds.summary_smk_summary_of_a_data_frame" name="summary_data_frame"/>
    <testcase time="0" classname="ds.summary_smk_summary_of_a_data_frame" name="summary_data_frame"/>
    <testcase time="0" classname="ds.summary_smk_summary_of_a_data_frame" name="summary_data_frame"/>
    <testcase time="0" classname="ds.summary_smk_summary_of_a_data_frame" name="summary_data_frame"/>
  </testsuite>
  <testsuite name="ds.summary::smk::test errors" timestamp="2019-07-25 19:59:46" hostname="fv-az679" tests="1" skipped="0" failures="0" errors="0" time="1.02">
    <testcase time="1.02" classname="ds.summary_smk_test_errors" name="summary_erros"/>
  </testsuite>
  <testsuite name="ds.table1D::smk" timestamp="2019-07-25 19:59:47" hostname="fv-az679" tests="0" skipped="0" failures="0" errors="0" time="0"/>
  <testsuite name="ds.table1D::smk::generate a one dimensional table, outputting combined contingency tables" timestamp="2019-07-25 19:59:53" hostname="fv-az679" tests="3" skipped="0" failures="0" errors="0" time="6.67">
    <testcase time="6.67" classname="ds.table1D_smk_generate_a_one_dimensional_table_outputting_combined_contingency_tables" name="GENDER_normal"/>
    <testcase time="0" classname="ds.table1D_smk_generate_a_one_dimensional_table_outputting_combined_contingency_tables" name="GENDER_normal"/>
    <testcase time="0" classname="ds.table1D_smk_generate_a_one_dimensional_table_outputting_combined_contingency_tables" name="GENDER_normal"/>
  </testsuite>
  <testsuite name="ds.table1D::smk::generate a one dimensional table, outputting combined contingency tables fail" timestamp="2019-07-25 19:59:53" hostname="fv-az679" tests="1" skipped="0" failures="0" errors="0" time="0.8">
    <testcase time="0.8" classname="ds.table1D_smk_generate_a_one_dimensional_table_outputting_combined_contingency_tables_fail" name="DIS_CVA_invalid"/>
  </testsuite>
  <testsuite name="ds.table1D::smk::generate a one dimensional table, outputting combined contingency tables fail split" timestamp="2019-07-25 19:59:54" hostname="fv-az679" tests="1" skipped="0" failures="0" errors="0" time="0.75">
    <testcase time="0.75" classname="ds.table1D_smk_generate_a_one_dimensional_table_outputting_combined_contingency_tables_fail_split" name="DIS_CVA_invalid_split"/>
  </testsuite>
  <testsuite name="ds.table1D::smk::generate a one dimensional table, outputting study specific contingency tables" timestamp="2019-07-25 19:59:55" hostname="fv-az679" tests="4" skipped="0" failures="0" errors="0" time="0.76">
    <testcase time="0.76" classname="ds.table1D_smk_generate_a_one_dimensional_table_outputting_study_specific_contingency_tables" name="GENDER_split"/>
    <testcase time="0" classname="ds.table1D_smk_generate_a_one_dimensional_table_outputting_study_specific_contingency_tables" name="GENDER_split"/>
    <testcase time="0" classname="ds.table1D_smk_generate_a_one_dimensional_table_outputting_study_specific_contingency_tables" name="GENDER_split"/>
    <testcase time="0" classname="ds.table1D_smk_generate_a_one_dimensional_table_outputting_study_specific_contingency_tables" name="GENDER_split"/>
  </testsuite>
  <testsuite name="ds.table1D::smk::generate a one dimensional table, outputting study specific contingency tables for study 1 and 2" timestamp="2019-07-25 19:59:56" hostname="fv-az679" tests="4" skipped="0" failures="0" errors="0" time="0.73">
    <testcase time="0.73" classname="ds.table1D_smk_generate_a_one_dimensional_table_outputting_study_specific_contingency_tables_for_study_1_and_2" name="GENDER_split_12"/>
    <testcase time="0" classname="ds.table1D_smk_generate_a_one_dimensional_table_outputting_study_specific_contingency_tables_for_study_1_and_2" name="GENDER_split_12"/>
    <testcase time="0" classname="ds.table1D_smk_generate_a_one_dimensional_table_outputting_study_specific_contingency_tables_for_study_1_and_2" name="GENDER_split_12"/>
    <testcase time="0" classname="ds.table1D_smk_generate_a_one_dimensional_table_outputting_study_specific_contingency_tables_for_study_1_and_2" name="GENDER_split_12"/>
  </testsuite>
  <testsuite name="ds.table1D::smk::generate a one dimensional table, outputting study specific and combined contingency tables" timestamp="2019-07-25 19:59:56" hostname="fv-az679" tests="3" skipped="0" failures="0" errors="0" time="0.76">
    <testcase time="0.76" classname="ds.table1D_smk_generate_a_one_dimensional_table_outputting_study_specific_and_combined_contingency_tables" name="GENDER_normal_2"/>
    <testcase time="0" classname="ds.table1D_smk_generate_a_one_dimensional_table_outputting_study_specific_and_combined_contingency_tables" name="GENDER_normal_2"/>
    <testcase time="0" classname="ds.table1D_smk_generate_a_one_dimensional_table_outputting_study_specific_and_combined_contingency_tables" name="GENDER_normal_2"/>
  </testsuite>
  <testsuite name="ds.table1D::smk::test errors" timestamp="2019-07-25 19:59:57" hostname="fv-az679" tests="2" skipped="0" failures="0" errors="0" time="0.75">
    <testcase time="0" classname="ds.table1D_smk_test_errors" name="table1D_erros"/>
    <testcase time="0.75" classname="ds.table1D_smk_test_errors" name="table1D_erros"/>
  </testsuite>
  <testsuite name="ds.table2D::smk" timestamp="2019-07-25 19:59:58" hostname="fv-az679" tests="0" skipped="0" failures="0" errors="0" time="0"/>
  <testsuite name="ds.table2D::smk::generate a two dimensional table, outputting combined contingency tables - default behaviour" timestamp="2019-07-25 20:00:04" hostname="fv-az679" tests="4" skipped="0" failures="0" errors="0" time="7.26">
    <testcase time="7.26" classname="ds.table2D_smk_generate_a_two_dimensional_table_outputting_combined_contingency_tables_default_behaviour" name="DIS_DIAB_GENDER"/>
    <testcase time="0" classname="ds.table2D_smk_generate_a_two_dimensional_table_outputting_combined_contingency_tables_default_behaviour" name="DIS_DIAB_GENDER"/>
    <testcase time="0" classname="ds.table2D_smk_generate_a_two_dimensional_table_outputting_combined_contingency_tables_default_behaviour" name="DIS_DIAB_GENDER"/>
    <testcase time="0" classname="ds.table2D_smk_generate_a_two_dimensional_table_outputting_combined_contingency_tables_default_behaviour" name="DIS_DIAB_GENDER"/>
  </testsuite>
  <testsuite name="ds.table2D::smk::generate a two dimensional table, outputting study specific contingency tables" timestamp="2019-07-25 20:00:05" hostname="fv-az679" tests="6" skipped="0" failures="0" errors="0" time="1.36">
    <testcase time="1.36" classname="ds.table2D_smk_generate_a_two_dimensional_table_outputting_study_specific_contingency_tables" name="DIS_DIAB_GENDER_split"/>
    <testcase time="0" classname="ds.table2D_smk_generate_a_two_dimensional_table_outputting_study_specific_contingency_tables" name="DIS_DIAB_GENDER_split"/>
    <testcase time="0" classname="ds.table2D_smk_generate_a_two_dimensional_table_outputting_study_specific_contingency_tables" name="DIS_DIAB_GENDER_split"/>
    <testcase time="0" classname="ds.table2D_smk_generate_a_two_dimensional_table_outputting_study_specific_contingency_tables" name="DIS_DIAB_GENDER_split"/>
    <testcase time="0" classname="ds.table2D_smk_generate_a_two_dimensional_table_outputting_study_specific_contingency_tables" name="DIS_DIAB_GENDER_split"/>
    <testcase time="0" classname="ds.table2D_smk_generate_a_two_dimensional_table_outputting_study_specific_contingency_tables" name="DIS_DIAB_GENDER_split"/>
  </testsuite>
  <testsuite name="ds.table2D::smk::generate a two dimensional table, outputting study specific contingency tables for the first two studies" timestamp="2019-07-25 20:00:07" hostname="fv-az679" tests="6" skipped="0" failures="0" errors="0" time="1.22">
    <testcase time="1.22" classname="ds.table2D_smk_generate_a_two_dimensional_table_outputting_study_specific_contingency_tables_for_the_first_two_studies" name="DIS_DIAB_GENDER_split_12"/>
    <testcase time="0" classname="ds.table2D_smk_generate_a_two_dimensional_table_outputting_study_specific_contingency_tables_for_the_first_two_studies" name="DIS_DIAB_GENDER_split_12"/>
    <testcase time="0" classname="ds.table2D_smk_generate_a_two_dimensional_table_outputting_study_specific_contingency_tables_for_the_first_two_studies" name="DIS_DIAB_GENDER_split_12"/>
    <testcase time="0" classname="ds.table2D_smk_generate_a_two_dimensional_table_outputting_study_specific_contingency_tables_for_the_first_two_studies" name="DIS_DIAB_GENDER_split_12"/>
    <testcase time="0" classname="ds.table2D_smk_generate_a_two_dimensional_table_outputting_study_specific_contingency_tables_for_the_first_two_studies" name="DIS_DIAB_GENDER_split_12"/>
    <testcase time="0" classname="ds.table2D_smk_generate_a_two_dimensional_table_outputting_study_specific_contingency_tables_for_the_first_two_studies" name="DIS_DIAB_GENDER_split_12"/>
  </testsuite>
</testsuites>
