<?xml version="1.0" encoding="UTF-8"?>
<testsuites>
  <testsuite name="Returns expected numerical value" timestamp="2019-06-07 18:00:20" hostname="fv-az679" tests="4" skipped="0" failures="0" errors="0" time="14.33">
    <testcase time="5.48" classname="Returns_expected_numerical_value" name="combined_data_set"/>
    <testcase time="3.07" classname="Returns_expected_numerical_value" name="split_dataset"/>
    <testcase time="2.9" classname="Returns_expected_numerical_value" name="split_dataset"/>
    <testcase time="2.88" classname="Returns_expected_numerical_value" name="split_dataset"/>
  </testsuite>
  <testsuite name="Mathematical properties" timestamp="2019-06-07 18:00:34" hostname="fv-az679" tests="1" skipped="0" failures="0" errors="0" time="5.3">
    <testcase time="5.3" classname="Mathematical_properties" name="every_factor_should_be_unique"/>
  </testsuite>
  <testsuite name="dsBetaTestClient::ds.listDisclosureSettings.o:smoke" timestamp="2019-06-07 18:00:39" hostname="fv-az679" tests="0" skipped="0" failures="0" errors="0" time="0"/>
  <testsuite name="dsBetaTestClient::ds.listDisclosureSettings.o():smoke check results" timestamp="2019-06-07 18:00:44" hostname="fv-az679" tests="31" skipped="0" failures="0" errors="0" time="4.43">
    <testcase time="4.42" classname="dsBetaTestClient_ds.listDisclosureSettings.o_smoke_check_results" name="check_results"/>
    <testcase time="0" classname="dsBetaTestClient_ds.listDisclosureSettings.o_smoke_check_results" name="check_results"/>
    <testcase time="0" classname="dsBetaTestClient_ds.listDisclosureSettings.o_smoke_check_results" name="check_results"/>
    <testcase time="0.01" classname="dsBetaTestClient_ds.listDisclosureSettings.o_smoke_check_results" name="check_results"/>
    <testcase time="0" classname="dsBetaTestClient_ds.listDisclosureSettings.o_smoke_check_results" name="check_results"/>
    <testcase time="0" classname="dsBetaTestClient_ds.listDisclosureSettings.o_smoke_check_results" name="check_results"/>
    <testcase time="0" classname="dsBetaTestClient_ds.listDisclosureSettings.o_smoke_check_results" name="check_results"/>
    <testcase time="0" classname="dsBetaTestClient_ds.listDisclosureSettings.o_smoke_check_results" name="check_results"/>
    <testcase time="0" classname="dsBetaTestClient_ds.listDisclosureSettings.o_smoke_check_results" name="check_results"/>
    <testcase time="0" classname="dsBetaTestClient_ds.listDisclosureSettings.o_smoke_check_results" name="check_results"/>
    <testcase time="0" classname="dsBetaTestClient_ds.listDisclosureSettings.o_smoke_check_results" name="check_results"/>
    <testcase time="0" classname="dsBetaTestClient_ds.listDisclosureSettings.o_smoke_check_results" name="check_results"/>
    <testcase time="0" classname="dsBetaTestClient_ds.listDisclosureSettings.o_smoke_check_results" name="check_results"/>
    <testcase time="0" classname="dsBetaTestClient_ds.listDisclosureSettings.o_smoke_check_results" name="check_results"/>
    <testcase time="0" classname="dsBetaTestClient_ds.listDisclosureSettings.o_smoke_check_results" name="check_results"/>
    <testcase time="0" classname="dsBetaTestClient_ds.listDisclosureSettings.o_smoke_check_results" name="check_results"/>
    <testcase time="0" classname="dsBetaTestClient_ds.listDisclosureSettings.o_smoke_check_results" name="check_results"/>
    <testcase time="0" classname="dsBetaTestClient_ds.listDisclosureSettings.o_smoke_check_results" name="check_results"/>
    <testcase time="0" classname="dsBetaTestClient_ds.listDisclosureSettings.o_smoke_check_results" name="check_results"/>
    <testcase time="0" classname="dsBetaTestClient_ds.listDisclosureSettings.o_smoke_check_results" name="check_results"/>
    <testcase time="0" classname="dsBetaTestClient_ds.listDisclosureSettings.o_smoke_check_results" name="check_results"/>
    <testcase time="0" classname="dsBetaTestClient_ds.listDisclosureSettings.o_smoke_check_results" name="check_results"/>
    <testcase time="0" classname="dsBetaTestClient_ds.listDisclosureSettings.o_smoke_check_results" name="check_results"/>
    <testcase time="0" classname="dsBetaTestClient_ds.listDisclosureSettings.o_smoke_check_results" name="check_results"/>
    <testcase time="0" classname="dsBetaTestClient_ds.listDisclosureSettings.o_smoke_check_results" name="check_results"/>
    <testcase time="0" classname="dsBetaTestClient_ds.listDisclosureSettings.o_smoke_check_results" name="check_results"/>
    <testcase time="0" classname="dsBetaTestClient_ds.listDisclosureSettings.o_smoke_check_results" name="check_results"/>
    <testcase time="0" classname="dsBetaTestClient_ds.listDisclosureSettings.o_smoke_check_results" name="check_results"/>
    <testcase time="0" classname="dsBetaTestClient_ds.listDisclosureSettings.o_smoke_check_results" name="check_results"/>
    <testcase time="0" classname="dsBetaTestClient_ds.listDisclosureSettings.o_smoke_check_results" name="check_results"/>
    <testcase time="0" classname="dsBetaTestClient_ds.listDisclosureSettings.o_smoke_check_results" name="check_results"/>
  </testsuite>
  <testsuite name="dsBetaTestClient::ds.listDisclosureSettings.o:smoke done" timestamp="2019-06-07 18:00:44" hostname="fv-az679" tests="0" skipped="0" failures="0" errors="0" time="0"/>
  <testsuite name="dsBetaTestClient::ds.listServersideFunctions.o:smoke" timestamp="2019-06-07 18:00:44" hostname="fv-az679" tests="0" skipped="0" failures="0" errors="0" time="0"/>
  <testsuite name="dsBetaTestClient::ds.listServersideFunctions.o():smoke check results" timestamp="2019-06-07 18:00:48" hostname="fv-az679" tests="15" skipped="0" failures="0" errors="0" time="4.21">
    <testcase time="4.21" classname="dsBetaTestClient_ds.listServersideFunctions.o_smoke_check_results" name="check_results"/>
    <testcase time="0" classname="dsBetaTestClient_ds.listServersideFunctions.o_smoke_check_results" name="check_results"/>
    <testcase time="0" classname="dsBetaTestClient_ds.listServersideFunctions.o_smoke_check_results" name="check_results"/>
    <testcase time="0" classname="dsBetaTestClient_ds.listServersideFunctions.o_smoke_check_results" name="check_results"/>
    <testcase time="0" classname="dsBetaTestClient_ds.listServersideFunctions.o_smoke_check_results" name="check_results"/>
    <testcase time="0" classname="dsBetaTestClient_ds.listServersideFunctions.o_smoke_check_results" name="check_results"/>
    <testcase time="0" classname="dsBetaTestClient_ds.listServersideFunctions.o_smoke_check_results" name="check_results"/>
    <testcase time="0" classname="dsBetaTestClient_ds.listServersideFunctions.o_smoke_check_results" name="check_results"/>
    <testcase time="0" classname="dsBetaTestClient_ds.listServersideFunctions.o_smoke_check_results" name="check_results"/>
    <testcase time="0" classname="dsBetaTestClient_ds.listServersideFunctions.o_smoke_check_results" name="check_results"/>
    <testcase time="0" classname="dsBetaTestClient_ds.listServersideFunctions.o_smoke_check_results" name="check_results"/>
    <testcase time="0" classname="dsBetaTestClient_ds.listServersideFunctions.o_smoke_check_results" name="check_results"/>
    <testcase time="0" classname="dsBetaTestClient_ds.listServersideFunctions.o_smoke_check_results" name="check_results"/>
    <testcase time="0" classname="dsBetaTestClient_ds.listServersideFunctions.o_smoke_check_results" name="check_results"/>
    <testcase time="0" classname="dsBetaTestClient_ds.listServersideFunctions.o_smoke_check_results" name="check_results"/>
  </testsuite>
  <testsuite name="dsBetaTestClient::ds.listServersideFunctions.o:smoke done" timestamp="2019-06-07 18:00:48" hostname="fv-az679" tests="0" skipped="0" failures="0" errors="0" time="0"/>
  <testsuite name="Returns expected numerical value" timestamp="2019-06-07 18:00:53" hostname="fv-az679" tests="32" skipped="0" failures="0" errors="0" time="17.59">
    <testcase time="5.47" classname="Returns_expected_numerical_value" name="combined_data_set"/>
    <testcase time="0.9" classname="Returns_expected_numerical_value" name="combined_data_set"/>
    <testcase time="0.8" classname="Returns_expected_numerical_value" name="combined_data_set"/>
    <testcase time="0.82" classname="Returns_expected_numerical_value" name="combined_data_set"/>
    <testcase time="0.81" classname="Returns_expected_numerical_value" name="combined_data_set"/>
    <testcase time="0.8" classname="Returns_expected_numerical_value" name="combined_data_set"/>
    <testcase time="0.79" classname="Returns_expected_numerical_value" name="combined_data_set"/>
    <testcase time="0.8" classname="Returns_expected_numerical_value" name="combined_data_set"/>
    <testcase time="0.8" classname="Returns_expected_numerical_value" name="split_dataset"/>
    <testcase time="0" classname="Returns_expected_numerical_value" name="split_dataset"/>
    <testcase time="0" classname="Returns_expected_numerical_value" name="split_dataset"/>
    <testcase time="0.79" classname="Returns_expected_numerical_value" name="split_dataset"/>
    <testcase time="0" classname="Returns_expected_numerical_value" name="split_dataset"/>
    <testcase time="0" classname="Returns_expected_numerical_value" name="split_dataset"/>
    <testcase time="0.8" classname="Returns_expected_numerical_value" name="split_dataset"/>
    <testcase time="0" classname="Returns_expected_numerical_value" name="split_dataset"/>
    <testcase time="0" classname="Returns_expected_numerical_value" name="split_dataset"/>
    <testcase time="0.79" classname="Returns_expected_numerical_value" name="split_dataset"/>
    <testcase time="0" classname="Returns_expected_numerical_value" name="split_dataset"/>
    <testcase time="0" classname="Returns_expected_numerical_value" name="split_dataset"/>
    <testcase time="0.79" classname="Returns_expected_numerical_value" name="split_dataset"/>
    <testcase time="0" classname="Returns_expected_numerical_value" name="split_dataset"/>
    <testcase time="0" classname="Returns_expected_numerical_value" name="split_dataset"/>
    <testcase time="0.81" classname="Returns_expected_numerical_value" name="split_dataset"/>
    <testcase time="0" classname="Returns_expected_numerical_value" name="split_dataset"/>
    <testcase time="0" classname="Returns_expected_numerical_value" name="split_dataset"/>
    <testcase time="0.8" classname="Returns_expected_numerical_value" name="split_dataset"/>
    <testcase time="0" classname="Returns_expected_numerical_value" name="split_dataset"/>
    <testcase time="0" classname="Returns_expected_numerical_value" name="split_dataset"/>
    <testcase time="0.82" classname="Returns_expected_numerical_value" name="split_dataset"/>
    <testcase time="0" classname="Returns_expected_numerical_value" name="split_dataset"/>
    <testcase time="0" classname="Returns_expected_numerical_value" name="split_dataset"/>
  </testsuite>
  <testsuite name="Mathematical properties" timestamp="2019-06-07 18:01:06" hostname="fv-az679" tests="8" skipped="0" failures="0" errors="0" time="6.33">
    <testcase time="0.8" classname="Mathematical_properties" name="residual_deviation_tends_to_0"/>
    <testcase time="0.79" classname="Mathematical_properties" name="residual_deviation_tends_to_0"/>
    <testcase time="0.79" classname="Mathematical_properties" name="residual_deviation_tends_to_0"/>
    <testcase time="0.79" classname="Mathematical_properties" name="residual_deviation_tends_to_0"/>
    <testcase time="0.8" classname="Mathematical_properties" name="residual_deviation_tends_to_0"/>
    <testcase time="0.79" classname="Mathematical_properties" name="residual_deviation_tends_to_0"/>
    <testcase time="0.78" classname="Mathematical_properties" name="residual_deviation_tends_to_0"/>
    <testcase time="0.79" classname="Mathematical_properties" name="residual_deviation_tends_to_0"/>
  </testsuite>
  <testsuite name="ds.asCharacter.o()::smoke::simple test" timestamp="2019-06-07 18:01:16" hostname="fv-az679" tests="3" skipped="0" failures="0" errors="0" time="4.77">
    <testcase time="4.77" classname="ds.asCharacter.o_smoke_simple_test" name="simple_test"/>
    <testcase time="0" classname="ds.asCharacter.o_smoke_simple_test" name="simple_test"/>
    <testcase time="0" classname="ds.asCharacter.o_smoke_simple_test" name="simple_test"/>
  </testsuite>
  <testsuite name="ds.asFactor.o()::smoke" timestamp="2019-06-07 18:01:21" hostname="fv-az679" tests="0" skipped="0" failures="0" errors="0" time="0"/>
  <testsuite name="ds.asFactor.o()::smoke::force.factor.levels" timestamp="2019-06-07 18:01:22" hostname="fv-az679" tests="20" skipped="0" failures="0" errors="0" time="15.49">
    <testcase time="7.05" classname="ds.asFactor.o_smoke_force.factor.levels" name="with_no_force.factor.levels"/>
    <testcase time="0" classname="ds.asFactor.o_smoke_force.factor.levels" name="with_no_force.factor.levels"/>
    <testcase time="0" classname="ds.asFactor.o_smoke_force.factor.levels" name="with_no_force.factor.levels"/>
    <testcase time="0" classname="ds.asFactor.o_smoke_force.factor.levels" name="with_no_force.factor.levels"/>
    <testcase time="2.12" classname="ds.asFactor.o_smoke_force.factor.levels" name="with_forced.factor.levels_of_1_6"/>
    <testcase time="0" classname="ds.asFactor.o_smoke_force.factor.levels" name="with_forced.factor.levels_of_1_6"/>
    <testcase time="0" classname="ds.asFactor.o_smoke_force.factor.levels" name="with_forced.factor.levels_of_1_6"/>
    <testcase time="0" classname="ds.asFactor.o_smoke_force.factor.levels" name="with_forced.factor.levels_of_1_6"/>
    <testcase time="2.1" classname="ds.asFactor.o_smoke_force.factor.levels" name="with_force.factor.levels_of_0_10"/>
    <testcase time="0" classname="ds.asFactor.o_smoke_force.factor.levels" name="with_force.factor.levels_of_0_10"/>
    <testcase time="0" classname="ds.asFactor.o_smoke_force.factor.levels" name="with_force.factor.levels_of_0_10"/>
    <testcase time="0" classname="ds.asFactor.o_smoke_force.factor.levels" name="with_force.factor.levels_of_0_10"/>
    <testcase time="2.09" classname="ds.asFactor.o_smoke_force.factor.levels" name="with_force.factor.levels_of_2_3"/>
    <testcase time="0" classname="ds.asFactor.o_smoke_force.factor.levels" name="with_force.factor.levels_of_2_3"/>
    <testcase time="0" classname="ds.asFactor.o_smoke_force.factor.levels" name="with_force.factor.levels_of_2_3"/>
    <testcase time="0" classname="ds.asFactor.o_smoke_force.factor.levels" name="with_force.factor.levels_of_2_3"/>
    <testcase time="2.13" classname="ds.asFactor.o_smoke_force.factor.levels" name="with_force.factor.levels_of_c_1_2_3_4_a_h_5_"/>
    <testcase time="0" classname="ds.asFactor.o_smoke_force.factor.levels" name="with_force.factor.levels_of_c_1_2_3_4_a_h_5_"/>
    <testcase time="0" classname="ds.asFactor.o_smoke_force.factor.levels" name="with_force.factor.levels_of_c_1_2_3_4_a_h_5_"/>
    <testcase time="0" classname="ds.asFactor.o_smoke_force.factor.levels" name="with_force.factor.levels_of_c_1_2_3_4_a_h_5_"/>
  </testsuite>
  <testsuite name="ds.asFactor.o()::smoke::fixed.dummy.vars" timestamp="2019-06-07 18:01:32" hostname="fv-az679" tests="6" skipped="0" failures="0" errors="0" time="2.7">
    <testcase time="1.38" classname="ds.asFactor.o_smoke_fixed.dummy.vars" name="with_fixed.dummy.vars_of_TRUE"/>
    <testcase time="0" classname="ds.asFactor.o_smoke_fixed.dummy.vars" name="with_fixed.dummy.vars_of_TRUE"/>
    <testcase time="0" classname="ds.asFactor.o_smoke_fixed.dummy.vars" name="with_fixed.dummy.vars_of_TRUE"/>
    <testcase time="1.32" classname="ds.asFactor.o_smoke_fixed.dummy.vars" name="with_fixed.dummy.vars_of_TRUE_and_baseline.level_of_6"/>
    <testcase time="0" classname="ds.asFactor.o_smoke_fixed.dummy.vars" name="with_fixed.dummy.vars_of_TRUE_and_baseline.level_of_6"/>
    <testcase time="0" classname="ds.asFactor.o_smoke_fixed.dummy.vars" name="with_fixed.dummy.vars_of_TRUE_and_baseline.level_of_6"/>
  </testsuite>
  <testsuite name="ds.asInteger.o()::smoke::simple test" timestamp="2019-06-07 18:01:39" hostname="fv-az679" tests="3" skipped="0" failures="0" errors="0" time="4.82">
    <testcase time="4.82" classname="ds.asInteger.o_smoke_simple_test" name="simple_test"/>
    <testcase time="0" classname="ds.asInteger.o_smoke_simple_test" name="simple_test"/>
    <testcase time="0" classname="ds.asInteger.o_smoke_simple_test" name="simple_test"/>
  </testsuite>
  <testsuite name="ds.asNumeric.o()::smoke::simple test" timestamp="2019-06-07 18:01:44" hostname="fv-az679" tests="3" skipped="0" failures="0" errors="0" time="4.86">
    <testcase time="4.86" classname="ds.asNumeric.o_smoke_simple_test" name="simple_test"/>
    <testcase time="0" classname="ds.asNumeric.o_smoke_simple_test" name="simple_test"/>
    <testcase time="0" classname="ds.asNumeric.o_smoke_simple_test" name="simple_test"/>
  </testsuite>
  <testsuite name="ds.cbind.o()::smoke" timestamp="2019-06-07 18:01:49" hostname="fv-az679" tests="5" skipped="0" failures="0" errors="0" time="6.49">
    <testcase time="5.96" classname="ds.cbind.o_smoke" name="simple_test"/>
    <testcase time="0" classname="ds.cbind.o_smoke" name="simple_test"/>
    <testcase time="0.53" classname="ds.cbind.o_smoke" name="simple_test"/>
    <testcase time="0" classname="ds.cbind.o_smoke" name="simple_test"/>
    <testcase time="0" classname="ds.cbind.o_smoke" name="simple_test"/>
  </testsuite>
  <testsuite name="ds.cor.o()::smoke" timestamp="2019-06-07 18:01:55" hostname="fv-az679" tests="19" skipped="0" failures="0" errors="0" time="5.48">
    <testcase time="5.48" classname="ds.cor.o_smoke" name="simple_test"/>
    <testcase time="0" classname="ds.cor.o_smoke" name="simple_test"/>
    <testcase time="0" classname="ds.cor.o_smoke" name="simple_test"/>
    <testcase time="0" classname="ds.cor.o_smoke" name="simple_test"/>
    <testcase time="0" classname="ds.cor.o_smoke" name="simple_test"/>
    <testcase time="0" classname="ds.cor.o_smoke" name="simple_test"/>
    <testcase time="0" classname="ds.cor.o_smoke" name="simple_test"/>
    <testcase time="0" classname="ds.cor.o_smoke" name="simple_test"/>
    <testcase time="0" classname="ds.cor.o_smoke" name="simple_test"/>
    <testcase time="0" classname="ds.cor.o_smoke" name="simple_test"/>
    <testcase time="0" classname="ds.cor.o_smoke" name="simple_test"/>
    <testcase time="0" classname="ds.cor.o_smoke" name="simple_test"/>
    <testcase time="0" classname="ds.cor.o_smoke" name="simple_test"/>
    <testcase time="0" classname="ds.cor.o_smoke" name="simple_test"/>
    <testcase time="0" classname="ds.cor.o_smoke" name="simple_test"/>
    <testcase time="0" classname="ds.cor.o_smoke" name="simple_test"/>
    <testcase time="0" classname="ds.cor.o_smoke" name="simple_test"/>
    <testcase time="0" classname="ds.cor.o_smoke" name="simple_test"/>
    <testcase time="0" classname="ds.cor.o_smoke" name="simple_test"/>
  </testsuite>
  <testsuite name="ds.cov.o()::smoke" timestamp="2019-06-07 18:02:01" hostname="fv-az679" tests="19" skipped="0" failures="0" errors="0" time="5.52">
    <testcase time="5.52" classname="ds.cov.o_smoke" name="simple_test"/>
    <testcase time="0" classname="ds.cov.o_smoke" name="simple_test"/>
    <testcase time="0" classname="ds.cov.o_smoke" name="simple_test"/>
    <testcase time="0" classname="ds.cov.o_smoke" name="simple_test"/>
    <testcase time="0" classname="ds.cov.o_smoke" name="simple_test"/>
    <testcase time="0" classname="ds.cov.o_smoke" name="simple_test"/>
    <testcase time="0" classname="ds.cov.o_smoke" name="simple_test"/>
    <testcase time="0" classname="ds.cov.o_smoke" name="simple_test"/>
    <testcase time="0" classname="ds.cov.o_smoke" name="simple_test"/>
    <testcase time="0" classname="ds.cov.o_smoke" name="simple_test"/>
    <testcase time="0" classname="ds.cov.o_smoke" name="simple_test"/>
    <testcase time="0" classname="ds.cov.o_smoke" name="simple_test"/>
    <testcase time="0" classname="ds.cov.o_smoke" name="simple_test"/>
    <testcase time="0" classname="ds.cov.o_smoke" name="simple_test"/>
    <testcase time="0" classname="ds.cov.o_smoke" name="simple_test"/>
    <testcase time="0" classname="ds.cov.o_smoke" name="simple_test"/>
    <testcase time="0" classname="ds.cov.o_smoke" name="simple_test"/>
    <testcase time="0" classname="ds.cov.o_smoke" name="simple_test"/>
    <testcase time="0" classname="ds.cov.o_smoke" name="simple_test"/>
  </testsuite>
  <testsuite name="ds.dataFrame.o()::smoke::create a dataframe" timestamp="2019-06-07 18:02:06" hostname="fv-az679" tests="3" skipped="0" failures="0" errors="0" time="5.63">
    <testcase time="5.63" classname="ds.dataFrame.o_smoke_create_a_dataframe" name="dataframe_exists"/>
    <testcase time="0" classname="ds.dataFrame.o_smoke_create_a_dataframe" name="dataframe_exists"/>
    <testcase time="0" classname="ds.dataFrame.o_smoke_create_a_dataframe" name="dataframe_exists"/>
  </testsuite>
  <testsuite name="ds.dataFrame.o()::smoke::errors" timestamp="2019-06-07 18:02:08" hostname="fv-az679" tests="1" skipped="0" failures="0" errors="0" time="0.08">
    <testcase time="0.08" classname="ds.dataFrame.o_smoke_errors" name="dataframe_errors"/>
  </testsuite>
  <testsuite name="ds.dataFrameSort.o()::smoke::create a sorted dataframe" timestamp="2019-06-07 18:02:12" hostname="fv-az679" tests="3" skipped="0" failures="0" errors="0" time="6.13">
    <testcase time="6.13" classname="ds.dataFrameSort.o_smoke_create_a_sorted_dataframe" name="dataFrameSort_exists"/>
    <testcase time="0" classname="ds.dataFrameSort.o_smoke_create_a_sorted_dataframe" name="dataFrameSort_exists"/>
    <testcase time="0" classname="ds.dataFrameSort.o_smoke_create_a_sorted_dataframe" name="dataFrameSort_exists"/>
  </testsuite>
  <testsuite name="ds.dataFrameSubset.o()::smoke::create a subset dataframe" timestamp="2019-06-07 18:02:18" hostname="fv-az679" tests="3" skipped="0" failures="0" errors="0" time="7.16">
    <testcase time="7.16" classname="ds.dataFrameSubset.o_smoke_create_a_subset_dataframe" name="dataFrameSubset_exists"/>
    <testcase time="0" classname="ds.dataFrameSubset.o_smoke_create_a_subset_dataframe" name="dataFrameSubset_exists"/>
    <testcase time="0" classname="ds.dataFrameSubset.o_smoke_create_a_subset_dataframe" name="dataFrameSubset_exists"/>
  </testsuite>
  <testsuite name="ds.dim.o()::smoke" timestamp="2019-06-07 18:02:25" hostname="fv-az679" tests="4" skipped="0" failures="0" errors="0" time="4.27">
    <testcase time="4.27" classname="ds.dim.o_smoke" name="simple_dim"/>
    <testcase time="0" classname="ds.dim.o_smoke" name="simple_dim"/>
    <testcase time="0" classname="ds.dim.o_smoke" name="simple_dim"/>
    <testcase time="0" classname="ds.dim.o_smoke" name="simple_dim"/>
  </testsuite>
  <testsuite name="ds.glm.o()::smoke::Standard Gaussian regression model for piecewise exponential regression analysis" timestamp="2019-06-07 18:02:30" hostname="fv-az679" tests="2" skipped="0" failures="0" errors="0" time="5.09">
    <testcase time="5.09" classname="ds.glm.o_smoke_Standard_Gaussian_regression_model_for_piecewise_exponential_regression_analysis" name="glm_gaussian"/>
    <testcase time="0" classname="ds.glm.o_smoke_Standard_Gaussian_regression_model_for_piecewise_exponential_regression_analysis" name="glm_gaussian"/>
  </testsuite>
  <testsuite name="ds.glmSLMA.o()::smoke" timestamp="2019-06-07 18:02:35" hostname="fv-az679" tests="36" skipped="0" failures="0" errors="0" time="4.63">
    <testcase time="4.52" classname="ds.glmSLMA.o_smoke" name="simple_glmSLMA"/>
    <testcase time="0.03" classname="ds.glmSLMA.o_smoke" name="simple_glmSLMA"/>
    <testcase time="0.03" classname="ds.glmSLMA.o_smoke" name="simple_glmSLMA"/>
    <testcase time="0.05" classname="ds.glmSLMA.o_smoke" name="simple_glmSLMA"/>
    <testcase time="0" classname="ds.glmSLMA.o_smoke" name="simple_glmSLMA"/>
    <testcase time="0" classname="ds.glmSLMA.o_smoke" name="simple_glmSLMA"/>
    <testcase time="0" classname="ds.glmSLMA.o_smoke" name="simple_glmSLMA"/>
    <testcase time="0" classname="ds.glmSLMA.o_smoke" name="simple_glmSLMA"/>
    <testcase time="0" classname="ds.glmSLMA.o_smoke" name="simple_glmSLMA"/>
    <testcase time="0" classname="ds.glmSLMA.o_smoke" name="simple_glmSLMA"/>
    <testcase time="0" classname="ds.glmSLMA.o_smoke" name="simple_glmSLMA"/>
    <testcase time="0" classname="ds.glmSLMA.o_smoke" name="simple_glmSLMA"/>
    <testcase time="0" classname="ds.glmSLMA.o_smoke" name="simple_glmSLMA"/>
    <testcase time="0" classname="ds.glmSLMA.o_smoke" name="simple_glmSLMA"/>
    <testcase time="0" classname="ds.glmSLMA.o_smoke" name="simple_glmSLMA"/>
    <testcase time="0" classname="ds.glmSLMA.o_smoke" name="simple_glmSLMA"/>
    <testcase time="0" classname="ds.glmSLMA.o_smoke" name="simple_glmSLMA"/>
    <testcase time="0" classname="ds.glmSLMA.o_smoke" name="simple_glmSLMA"/>
    <testcase time="0" classname="ds.glmSLMA.o_smoke" name="simple_glmSLMA"/>
    <testcase time="0" classname="ds.glmSLMA.o_smoke" name="simple_glmSLMA"/>
    <testcase time="0" classname="ds.glmSLMA.o_smoke" name="simple_glmSLMA"/>
    <testcase time="0" classname="ds.glmSLMA.o_smoke" name="simple_glmSLMA"/>
    <testcase time="0" classname="ds.glmSLMA.o_smoke" name="simple_glmSLMA"/>
    <testcase time="0" classname="ds.glmSLMA.o_smoke" name="simple_glmSLMA"/>
    <testcase time="0" classname="ds.glmSLMA.o_smoke" name="simple_glmSLMA"/>
    <testcase time="0" classname="ds.glmSLMA.o_smoke" name="simple_glmSLMA"/>
    <testcase time="0" classname="ds.glmSLMA.o_smoke" name="simple_glmSLMA"/>
    <testcase time="0" classname="ds.glmSLMA.o_smoke" name="simple_glmSLMA"/>
    <testcase time="0" classname="ds.glmSLMA.o_smoke" name="simple_glmSLMA"/>
    <testcase time="0" classname="ds.glmSLMA.o_smoke" name="simple_glmSLMA"/>
    <testcase time="0" classname="ds.glmSLMA.o_smoke" name="simple_glmSLMA"/>
    <testcase time="0" classname="ds.glmSLMA.o_smoke" name="simple_glmSLMA"/>
    <testcase time="0" classname="ds.glmSLMA.o_smoke" name="simple_glmSLMA"/>
    <testcase time="0" classname="ds.glmSLMA.o_smoke" name="simple_glmSLMA"/>
    <testcase time="0" classname="ds.glmSLMA.o_smoke" name="simple_glmSLMA"/>
    <testcase time="0" classname="ds.glmSLMA.o_smoke" name="simple_glmSLMA"/>
  </testsuite>
  <testsuite name="ds.length.o()::smoke" timestamp="2019-06-07 18:02:39" hostname="fv-az679" tests="4" skipped="0" failures="0" errors="0" time="4.21">
    <testcase time="4.21" classname="ds.length.o_smoke" name="basic_length"/>
    <testcase time="0" classname="ds.length.o_smoke" name="basic_length"/>
    <testcase time="0" classname="ds.length.o_smoke" name="basic_length"/>
    <testcase time="0" classname="ds.length.o_smoke" name="basic_length"/>
  </testsuite>
  <testsuite name="ds.matrixDet()::smoke" timestamp="2019-06-07 18:02:44" hostname="fv-az679" tests="7" skipped="0" failures="0" errors="0" time="6.06">
    <testcase time="5.55" classname="ds.matrixDet_smoke" name="simplest_ds.matrixDet"/>
    <testcase time="0" classname="ds.matrixDet_smoke" name="simplest_ds.matrixDet"/>
    <testcase time="0" classname="ds.matrixDet_smoke" name="simplest_ds.matrixDet"/>
    <testcase time="0.51" classname="ds.matrixDet_smoke" name="simplest_ds.matrixDet"/>
    <testcase time="0" classname="ds.matrixDet_smoke" name="simplest_ds.matrixDet"/>
    <testcase time="0" classname="ds.matrixDet_smoke" name="simplest_ds.matrixDet"/>
    <testcase time="0" classname="ds.matrixDet_smoke" name="simplest_ds.matrixDet"/>
  </testsuite>
  <testsuite name="ds.matrixDet.report()::smoke" timestamp="2019-06-07 18:02:50" hostname="fv-az679" tests="14" skipped="0" failures="0" errors="0" time="5.06">
    <testcase time="5.06" classname="ds.matrixDet.report_smoke" name="simplest_ds.matrixDet.report"/>
    <testcase time="0" classname="ds.matrixDet.report_smoke" name="simplest_ds.matrixDet.report"/>
    <testcase time="0" classname="ds.matrixDet.report_smoke" name="simplest_ds.matrixDet.report"/>
    <testcase time="0" classname="ds.matrixDet.report_smoke" name="simplest_ds.matrixDet.report"/>
    <testcase time="0" classname="ds.matrixDet.report_smoke" name="simplest_ds.matrixDet.report"/>
    <testcase time="0" classname="ds.matrixDet.report_smoke" name="simplest_ds.matrixDet.report"/>
    <testcase time="0" classname="ds.matrixDet.report_smoke" name="simplest_ds.matrixDet.report"/>
    <testcase time="0" classname="ds.matrixDet.report_smoke" name="simplest_ds.matrixDet.report"/>
    <testcase time="0" classname="ds.matrixDet.report_smoke" name="simplest_ds.matrixDet.report"/>
    <testcase time="0" classname="ds.matrixDet.report_smoke" name="simplest_ds.matrixDet.report"/>
    <testcase time="0" classname="ds.matrixDet.report_smoke" name="simplest_ds.matrixDet.report"/>
    <testcase time="0" classname="ds.matrixDet.report_smoke" name="simplest_ds.matrixDet.report"/>
    <testcase time="0" classname="ds.matrixDet.report_smoke" name="simplest_ds.matrixDet.report"/>
    <testcase time="0" classname="ds.matrixDet.report_smoke" name="simplest_ds.matrixDet.report"/>
  </testsuite>
  <testsuite name="ds.matrixDimnames()::smoke" timestamp="2019-06-07 18:02:55" hostname="fv-az679" tests="7" skipped="0" failures="0" errors="0" time="6.13">
    <testcase time="5.61" classname="ds.matrixDimnames_smoke" name="simplest_ds.matrixDimnames"/>
    <testcase time="0" classname="ds.matrixDimnames_smoke" name="simplest_ds.matrixDimnames"/>
    <testcase time="0" classname="ds.matrixDimnames_smoke" name="simplest_ds.matrixDimnames"/>
    <testcase time="0.52" classname="ds.matrixDimnames_smoke" name="simplest_ds.matrixDimnames"/>
    <testcase time="0" classname="ds.matrixDimnames_smoke" name="simplest_ds.matrixDimnames"/>
    <testcase time="0" classname="ds.matrixDimnames_smoke" name="simplest_ds.matrixDimnames"/>
    <testcase time="0" classname="ds.matrixDimnames_smoke" name="simplest_ds.matrixDimnames"/>
  </testsuite>
  <testsuite name="ds.matrixInvert()::smoke" timestamp="2019-06-07 18:03:01" hostname="fv-az679" tests="7" skipped="0" failures="0" errors="0" time="6.03">
    <testcase time="5.51" classname="ds.matrixInvert_smoke" name="simplest_ds.matrixInvert"/>
    <testcase time="0" classname="ds.matrixInvert_smoke" name="simplest_ds.matrixInvert"/>
    <testcase time="0" classname="ds.matrixInvert_smoke" name="simplest_ds.matrixInvert"/>
    <testcase time="0.52" classname="ds.matrixInvert_smoke" name="simplest_ds.matrixInvert"/>
    <testcase time="0" classname="ds.matrixInvert_smoke" name="simplest_ds.matrixInvert"/>
    <testcase time="0" classname="ds.matrixInvert_smoke" name="simplest_ds.matrixInvert"/>
    <testcase time="0" classname="ds.matrixInvert_smoke" name="simplest_ds.matrixInvert"/>
  </testsuite>
  <testsuite name="ds.matrixMult()::smoke" timestamp="2019-06-07 18:03:07" hostname="fv-az679" tests="7" skipped="0" failures="0" errors="0" time="6.9">
    <testcase time="6.38" classname="ds.matrixMult_smoke" name="simplest_ds.matrixMult"/>
    <testcase time="0" classname="ds.matrixMult_smoke" name="simplest_ds.matrixMult"/>
    <testcase time="0" classname="ds.matrixMult_smoke" name="simplest_ds.matrixMult"/>
    <testcase time="0.52" classname="ds.matrixMult_smoke" name="simplest_ds.matrixMult"/>
    <testcase time="0" classname="ds.matrixMult_smoke" name="simplest_ds.matrixMult"/>
    <testcase time="0" classname="ds.matrixMult_smoke" name="simplest_ds.matrixMult"/>
    <testcase time="0" classname="ds.matrixMult_smoke" name="simplest_ds.matrixMult"/>
  </testsuite>
  <testsuite name="ds.matrix()::smoke" timestamp="2019-06-07 18:03:14" hostname="fv-az679" tests="7" skipped="0" failures="0" errors="0" time="5.3">
    <testcase time="4.78" classname="ds.matrix_smoke" name="simplest_ds.matrix"/>
    <testcase time="0" classname="ds.matrix_smoke" name="simplest_ds.matrix"/>
    <testcase time="0" classname="ds.matrix_smoke" name="simplest_ds.matrix"/>
    <testcase time="0.52" classname="ds.matrix_smoke" name="simplest_ds.matrix"/>
    <testcase time="0" classname="ds.matrix_smoke" name="simplest_ds.matrix"/>
    <testcase time="0" classname="ds.matrix_smoke" name="simplest_ds.matrix"/>
    <testcase time="0" classname="ds.matrix_smoke" name="simplest_ds.matrix"/>
  </testsuite>
  <testsuite name="ds.matrixTranspose()::smoke" timestamp="2019-06-07 18:03:19" hostname="fv-az679" tests="7" skipped="0" failures="0" errors="0" time="6.03">
    <testcase time="5.51" classname="ds.matrixTranspose_smoke" name="simplest_ds.matrixTranspose"/>
    <testcase time="0" classname="ds.matrixTranspose_smoke" name="simplest_ds.matrixTranspose"/>
    <testcase time="0" classname="ds.matrixTranspose_smoke" name="simplest_ds.matrixTranspose"/>
    <testcase time="0.52" classname="ds.matrixTranspose_smoke" name="simplest_ds.matrixTranspose"/>
    <testcase time="0" classname="ds.matrixTranspose_smoke" name="simplest_ds.matrixTranspose"/>
    <testcase time="0" classname="ds.matrixTranspose_smoke" name="simplest_ds.matrixTranspose"/>
    <testcase time="0" classname="ds.matrixTranspose_smoke" name="simplest_ds.matrixTranspose"/>
  </testsuite>
  <testsuite name="ds.mean.o()::smoke::type=combine" timestamp="2019-06-07 18:03:25" hostname="fv-az679" tests="2" skipped="0" failures="0" errors="0" time="4.2">
    <testcase time="4.2" classname="ds.mean.o_smoke_type_combine" name="mean_values_combine_"/>
    <testcase time="0" classname="ds.mean.o_smoke_type_combine" name="mean_values_combine_"/>
  </testsuite>
  <testsuite name="ds.mean.o::smoke::type=combine loose" timestamp="2019-06-07 18:03:25" hostname="fv-az679" tests="2" skipped="0" failures="0" errors="0" time="0.26">
    <testcase time="0.26" classname="ds.mean.o_smoke_type_combine_loose" name="mean_values_combine_loose"/>
    <testcase time="0" classname="ds.mean.o_smoke_type_combine_loose" name="mean_values_combine_loose"/>
  </testsuite>
  <testsuite name="ds.mean.o::smoke::type=split" timestamp="2019-06-07 18:03:26" hostname="fv-az679" tests="6" skipped="0" failures="0" errors="0" time="0.27">
    <testcase time="0.27" classname="ds.mean.o_smoke_type_split" name="mean_values_split_"/>
    <testcase time="0" classname="ds.mean.o_smoke_type_split" name="mean_values_split_"/>
    <testcase time="0" classname="ds.mean.o_smoke_type_split" name="mean_values_split_"/>
    <testcase time="0" classname="ds.mean.o_smoke_type_split" name="mean_values_split_"/>
    <testcase time="0" classname="ds.mean.o_smoke_type_split" name="mean_values_split_"/>
    <testcase time="0" classname="ds.mean.o_smoke_type_split" name="mean_values_split_"/>
  </testsuite>
  <testsuite name="ds.mean.o()::smoke::test errors" timestamp="2019-06-07 18:03:26" hostname="fv-az679" tests="1" skipped="0" failures="0" errors="0" time="0.82">
    <testcase time="0.82" classname="ds.mean.o_smoke_test_errors" name="mean_erros"/>
  </testsuite>
  <testsuite name="ds.rbind.o()::smoke" timestamp="2019-06-07 18:03:31" hostname="fv-az679" tests="5" skipped="0" failures="0" errors="0" time="6.44">
    <testcase time="5.92" classname="ds.rbind.o_smoke" name="simple_test"/>
    <testcase time="0" classname="ds.rbind.o_smoke" name="simple_test"/>
    <testcase time="0.52" classname="ds.rbind.o_smoke" name="simple_test"/>
    <testcase time="0" classname="ds.rbind.o_smoke" name="simple_test"/>
    <testcase time="0" classname="ds.rbind.o_smoke" name="simple_test"/>
  </testsuite>
  <testsuite name="ds.rBinom.o()::smoke::simple test" timestamp="2019-06-07 18:03:37" hostname="fv-az679" tests="11" skipped="0" failures="0" errors="0" time="5.95">
    <testcase time="5.95" classname="ds.rBinom.o_smoke_simple_test" name="simple_test"/>
    <testcase time="0" classname="ds.rBinom.o_smoke_simple_test" name="simple_test"/>
    <testcase time="0" classname="ds.rBinom.o_smoke_simple_test" name="simple_test"/>
    <testcase time="0" classname="ds.rBinom.o_smoke_simple_test" name="simple_test"/>
    <testcase time="0" classname="ds.rBinom.o_smoke_simple_test" name="simple_test"/>
    <testcase time="0" classname="ds.rBinom.o_smoke_simple_test" name="simple_test"/>
    <testcase time="0" classname="ds.rBinom.o_smoke_simple_test" name="simple_test"/>
    <testcase time="0" classname="ds.rBinom.o_smoke_simple_test" name="simple_test"/>
    <testcase time="0" classname="ds.rBinom.o_smoke_simple_test" name="simple_test"/>
    <testcase time="0" classname="ds.rBinom.o_smoke_simple_test" name="simple_test"/>
    <testcase time="0" classname="ds.rBinom.o_smoke_simple_test" name="simple_test"/>
  </testsuite>
  <testsuite name="ds.rm.o()::smoke" timestamp="2019-06-07 18:03:43" hostname="fv-az679" tests="14" skipped="0" failures="0" errors="0" time="6.26">
    <testcase time="4.35" classname="ds.rm.o_smoke" name="simple_test"/>
    <testcase time="0" classname="ds.rm.o_smoke" name="simple_test"/>
    <testcase time="0" classname="ds.rm.o_smoke" name="simple_test"/>
    <testcase time="0" classname="ds.rm.o_smoke" name="simple_test"/>
    <testcase time="0" classname="ds.rm.o_smoke" name="simple_test"/>
    <testcase time="0" classname="ds.rm.o_smoke" name="simple_test"/>
    <testcase time="0" classname="ds.rm.o_smoke" name="simple_test"/>
    <testcase time="1.91" classname="ds.rm.o_smoke" name="simple_test"/>
    <testcase time="0" classname="ds.rm.o_smoke" name="simple_test"/>
    <testcase time="0" classname="ds.rm.o_smoke" name="simple_test"/>
    <testcase time="0" classname="ds.rm.o_smoke" name="simple_test"/>
    <testcase time="0" classname="ds.rm.o_smoke" name="simple_test"/>
    <testcase time="0" classname="ds.rm.o_smoke" name="simple_test"/>
    <testcase time="0" classname="ds.rm.o_smoke" name="simple_test"/>
  </testsuite>
  <testsuite name="ds.rNorm.o()::smoke::simple test" timestamp="2019-06-07 18:03:49" hostname="fv-az679" tests="11" skipped="0" failures="0" errors="0" time="5.93">
    <testcase time="5.93" classname="ds.rNorm.o_smoke_simple_test" name="simple_test"/>
    <testcase time="0" classname="ds.rNorm.o_smoke_simple_test" name="simple_test"/>
    <testcase time="0" classname="ds.rNorm.o_smoke_simple_test" name="simple_test"/>
    <testcase time="0" classname="ds.rNorm.o_smoke_simple_test" name="simple_test"/>
    <testcase time="0" classname="ds.rNorm.o_smoke_simple_test" name="simple_test"/>
    <testcase time="0" classname="ds.rNorm.o_smoke_simple_test" name="simple_test"/>
    <testcase time="0" classname="ds.rNorm.o_smoke_simple_test" name="simple_test"/>
    <testcase time="0" classname="ds.rNorm.o_smoke_simple_test" name="simple_test"/>
    <testcase time="0" classname="ds.rNorm.o_smoke_simple_test" name="simple_test"/>
    <testcase time="0" classname="ds.rNorm.o_smoke_simple_test" name="simple_test"/>
    <testcase time="0" classname="ds.rNorm.o_smoke_simple_test" name="simple_test"/>
  </testsuite>
  <testsuite name="ds.rPois.o()::smoke::simple test" timestamp="2019-06-07 18:03:55" hostname="fv-az679" tests="11" skipped="0" failures="0" errors="0" time="5.95">
    <testcase time="5.95" classname="ds.rPois.o_smoke_simple_test" name="simple_test"/>
    <testcase time="0" classname="ds.rPois.o_smoke_simple_test" name="simple_test"/>
    <testcase time="0" classname="ds.rPois.o_smoke_simple_test" name="simple_test"/>
    <testcase time="0" classname="ds.rPois.o_smoke_simple_test" name="simple_test"/>
    <testcase time="0" classname="ds.rPois.o_smoke_simple_test" name="simple_test"/>
    <testcase time="0" classname="ds.rPois.o_smoke_simple_test" name="simple_test"/>
    <testcase time="0" classname="ds.rPois.o_smoke_simple_test" name="simple_test"/>
    <testcase time="0" classname="ds.rPois.o_smoke_simple_test" name="simple_test"/>
    <testcase time="0" classname="ds.rPois.o_smoke_simple_test" name="simple_test"/>
    <testcase time="0" classname="ds.rPois.o_smoke_simple_test" name="simple_test"/>
    <testcase time="0" classname="ds.rPois.o_smoke_simple_test" name="simple_test"/>
  </testsuite>
  <testsuite name="ds.rUnif.o()::smoke::simple test" timestamp="2019-06-07 18:04:01" hostname="fv-az679" tests="11" skipped="0" failures="0" errors="0" time="5.94">
    <testcase time="5.94" classname="ds.rUnif.o_smoke_simple_test" name="simple_test"/>
    <testcase time="0" classname="ds.rUnif.o_smoke_simple_test" name="simple_test"/>
    <testcase time="0" classname="ds.rUnif.o_smoke_simple_test" name="simple_test"/>
    <testcase time="0" classname="ds.rUnif.o_smoke_simple_test" name="simple_test"/>
    <testcase time="0" classname="ds.rUnif.o_smoke_simple_test" name="simple_test"/>
    <testcase time="0" classname="ds.rUnif.o_smoke_simple_test" name="simple_test"/>
    <testcase time="0" classname="ds.rUnif.o_smoke_simple_test" name="simple_test"/>
    <testcase time="0" classname="ds.rUnif.o_smoke_simple_test" name="simple_test"/>
    <testcase time="0" classname="ds.rUnif.o_smoke_simple_test" name="simple_test"/>
    <testcase time="0" classname="ds.rUnif.o_smoke_simple_test" name="simple_test"/>
    <testcase time="0" classname="ds.rUnif.o_smoke_simple_test" name="simple_test"/>
  </testsuite>
  <testsuite name="ds.seq.o()::smoke" timestamp="2019-06-07 18:04:07" hostname="fv-az679" tests="3" skipped="0" failures="0" errors="0" time="4.82">
    <testcase time="4.82" classname="ds.seq.o_smoke" name="simplest_ds.seq.o"/>
    <testcase time="0" classname="ds.seq.o_smoke" name="simplest_ds.seq.o"/>
    <testcase time="0" classname="ds.seq.o_smoke" name="simplest_ds.seq.o"/>
  </testsuite>
  <testsuite name="ds.setSeed.o()::smoke" timestamp="2019-06-07 18:04:12" hostname="fv-az679" tests="9" skipped="0" failures="0" errors="0" time="4.42">
    <testcase time="4.42" classname="ds.setSeed.o_smoke" name="basic_setSeed"/>
    <testcase time="0" classname="ds.setSeed.o_smoke" name="basic_setSeed"/>
    <testcase time="0" classname="ds.setSeed.o_smoke" name="basic_setSeed"/>
    <testcase time="0" classname="ds.setSeed.o_smoke" name="basic_setSeed"/>
    <testcase time="0" classname="ds.setSeed.o_smoke" name="basic_setSeed"/>
    <testcase time="0" classname="ds.setSeed.o_smoke" name="basic_setSeed"/>
    <testcase time="0" classname="ds.setSeed.o_smoke" name="basic_setSeed"/>
    <testcase time="0" classname="ds.setSeed.o_smoke" name="basic_setSeed"/>
    <testcase time="0" classname="ds.setSeed.o_smoke" name="basic_setSeed"/>
  </testsuite>
  <testsuite name="ds.var.o()::smoke" timestamp="2019-06-07 18:04:16" hostname="fv-az679" tests="3" skipped="0" failures="0" errors="0" time="4.25">
    <testcase time="4.25" classname="ds.var.o_smoke" name="simple_var"/>
    <testcase time="0" classname="ds.var.o_smoke" name="simple_var"/>
    <testcase time="0" classname="ds.var.o_smoke" name="simple_var"/>
  </testsuite>
</testsuites>
