<?xml version="1.0" encoding="UTF-8"?>
<testsuites>
  <testsuite name="ds.asCharacter::arg::test errors" timestamp="2020-05-04T22:56:45Z" hostname="fv-az14" tests="1" skipped="0" failures="0" errors="0" time="4.732">
    <testcase time="4.732" classname="ds.asCharacter_arg_test_errors" name="asCharacter_erros"/>
  </testsuite>
  <testsuite name="ds.asDataMatrix::arg::test errors" timestamp="2020-05-04T22:56:51Z" hostname="fv-az14" tests="1" skipped="0" failures="0" errors="0" time="6.327">
    <testcase time="6.327" classname="ds.asDataMatrix_arg_test_errors" name="asDataMatrix_erros"/>
  </testsuite>
  <testsuite name="ds.asFactor::arg::test errors" timestamp="2020-05-04T22:56:56Z" hostname="fv-az14" tests="3" skipped="0" failures="0" errors="0" time="4.946">
    <testcase time="4.882" classname="ds.asFactor_arg_test_errors" name="asFactor_erros"/>
    <testcase time="0.0530000000000008" classname="ds.asFactor_arg_test_errors" name="asFactor_erros"/>
    <testcase time="0.0109999999999992" classname="ds.asFactor_arg_test_errors" name="asFactor_erros"/>
  </testsuite>
  <testsuite name="ds.asInteger::arg::test errors" timestamp="2020-05-04T22:57:01Z" hostname="fv-az14" tests="1" skipped="0" failures="0" errors="0" time="4.89">
    <testcase time="4.89" classname="ds.asInteger_arg_test_errors" name="asInteger_erros"/>
  </testsuite>
  <testsuite name="ds.asList::arg::test errors" timestamp="2020-05-04T22:57:06Z" hostname="fv-az14" tests="1" skipped="0" failures="0" errors="0" time="4.89">
    <testcase time="4.89" classname="ds.asList_arg_test_errors" name="asList_erros"/>
  </testsuite>
  <testsuite name="ds.asLogical::arg::test errors" timestamp="2020-05-04T22:57:11Z" hostname="fv-az14" tests="1" skipped="0" failures="0" errors="0" time="4.799">
    <testcase time="4.799" classname="ds.asLogical_arg_test_errors" name="asLogical_erros"/>
  </testsuite>
  <testsuite name="ds.asMatrix::arg::test errors" timestamp="2020-05-04T22:57:15Z" hostname="fv-az14" tests="1" skipped="0" failures="0" errors="0" time="4.78">
    <testcase time="4.78" classname="ds.asMatrix_arg_test_errors" name="asMatrix_erros"/>
  </testsuite>
  <testsuite name="ds.asNumeric::arg::test errors" timestamp="2020-05-04T22:57:20Z" hostname="fv-az14" tests="1" skipped="0" failures="0" errors="0" time="4.785">
    <testcase time="4.785" classname="ds.asNumeric_arg_test_errors" name="asNumeric_erros"/>
  </testsuite>
  <testsuite name="ds.assign::arg::test errors" timestamp="2020-05-04T22:57:25Z" hostname="fv-az14" tests="1" skipped="0" failures="0" errors="0" time="4.812">
    <testcase time="4.812" classname="ds.assign_arg_test_errors" name="assign_erros"/>
  </testsuite>
  <testsuite name="ds.Boole::arg::test errors" timestamp="2020-05-04T22:57:30Z" hostname="fv-az14" tests="5" skipped="0" failures="0" errors="0" time="4.905">
    <testcase time="4.819" classname="ds.Boole_arg_test_errors" name="Boole_erros"/>
    <testcase time="0.070999999999998" classname="ds.Boole_arg_test_errors" name="Boole_erros"/>
    <testcase time="0.00500000000000256" classname="ds.Boole_arg_test_errors" name="Boole_erros"/>
    <testcase time="0.00500000000000256" classname="ds.Boole_arg_test_errors" name="Boole_erros"/>
    <testcase time="0.00499999999999545" classname="ds.Boole_arg_test_errors" name="Boole_erros"/>
  </testsuite>
  <testsuite name="ds.cbind::arg::test errors" timestamp="2020-05-04T22:57:35Z" hostname="fv-az14" tests="2" skipped="0" failures="0" errors="0" time="6.196">
    <testcase time="5.049" classname="ds.cbind_arg_test_errors" name="cbind_erros"/>
    <testcase time="1.14700000000001" classname="ds.cbind_arg_test_errors" name="cbind_erros"/>
  </testsuite>
  <testsuite name="ds.changeRefGroup::arg::test errors" timestamp="2020-05-04T22:57:41Z" hostname="fv-az14" tests="3" skipped="0" failures="0" errors="0" time="5.844">
    <testcase time="4.805" classname="ds.changeRefGroup_arg_test_errors" name="changeRefGroup_erros"/>
    <testcase time="0.0339999999999918" classname="ds.changeRefGroup_arg_test_errors" name="changeRefGroup_erros"/>
    <testcase time="1.00500000000001" classname="ds.changeRefGroup_arg_test_errors" name="changeRefGroup_erros"/>
  </testsuite>
  <testsuite name="ds.class::arg::test errors" timestamp="2020-05-04T22:57:47Z" hostname="fv-az14" tests="1" skipped="0" failures="0" errors="0" time="4.812">
    <testcase time="4.812" classname="ds.class_arg_test_errors" name="class_erros"/>
  </testsuite>
  <testsuite name="ds.colnames::arg::test errors" timestamp="2020-05-04T22:57:51Z" hostname="fv-az14" tests="1" skipped="0" failures="0" errors="0" time="4.766">
    <testcase time="4.76600000000001" classname="ds.colnames_arg_test_errors" name="simple_colnames_errors"/>
  </testsuite>
  <testsuite name="ds.completeCases::arg::test errors" timestamp="2020-05-04T22:57:56Z" hostname="fv-az14" tests="1" skipped="0" failures="0" errors="0" time="4.798">
    <testcase time="4.79799999999999" classname="ds.completeCases_arg_test_errors" name="completeCases_errors"/>
  </testsuite>
  <testsuite name="ds.cor::arg::test errors" timestamp="2020-05-04T22:58:01Z" hostname="fv-az14" tests="3" skipped="0" failures="0" errors="0" time="8.314">
    <testcase time="4.75" classname="ds.cor_arg_test_errors" name="cor_erros"/>
    <testcase time="1.164" classname="ds.cor_arg_test_errors" name="cor_erros"/>
    <testcase time="2.40000000000001" classname="ds.cor_arg_test_errors" name="cor_erros"/>
  </testsuite>
  <testsuite name="ds.corTest::arg" timestamp="2020-05-04T22:58:09Z" hostname="fv-az14" tests="2" skipped="0" failures="0" errors="0" time="4.804">
    <testcase time="4.77500000000001" classname="ds.corTest_arg" name="simple_arg_test"/>
    <testcase time="0.0289999999999964" classname="ds.corTest_arg" name="simple_arg_test"/>
  </testsuite>
  <testsuite name="ds.cov::arg::test errors" timestamp="2020-05-04T22:58:14Z" hostname="fv-az14" tests="3" skipped="0" failures="0" errors="0" time="8.359">
    <testcase time="4.824" classname="ds.cov_arg_test_errors" name="cov_erros"/>
    <testcase time="1.13200000000001" classname="ds.cov_arg_test_errors" name="cov_erros"/>
    <testcase time="2.40299999999999" classname="ds.cov_arg_test_errors" name="cov_erros"/>
  </testsuite>
  <testsuite name="ds.c::arg::test errors" timestamp="2020-05-04T22:58:22Z" hostname="fv-az14" tests="1" skipped="0" failures="0" errors="0" time="4.762">
    <testcase time="4.762" classname="ds.c_arg_test_errors" name="simple_c_errors"/>
  </testsuite>
  <testsuite name="ds.dataFrameFill::arg::test errors" timestamp="2020-05-04T22:58:27Z" hostname="fv-az14" tests="3" skipped="0" failures="0" errors="0" time="6.072">
    <testcase time="4.75500000000001" classname="ds.dataFrameFill_arg_test_errors" name="dataFrameFill_erros"/>
    <testcase time="0.355999999999995" classname="ds.dataFrameFill_arg_test_errors" name="dataFrameFill_erros"/>
    <testcase time="0.960999999999999" classname="ds.dataFrameFill_arg_test_errors" name="dataFrameFill_erros"/>
  </testsuite>
  <testsuite name="ds.dataFrame::arg::test errors" timestamp="2020-05-04T22:58:33Z" hostname="fv-az14" tests="2" skipped="0" failures="0" errors="0" time="6.101">
    <testcase time="4.741" classname="ds.dataFrame_arg_test_errors" name="dataframe_erros"/>
    <testcase time="1.36" classname="ds.dataFrame_arg_test_errors" name="dataframe_erros"/>
  </testsuite>
  <testsuite name="ds.dataFrameSubset::arg::test errors" timestamp="2020-05-04T22:58:39Z" hostname="fv-az14" tests="1" skipped="0" failures="0" errors="0" time="4.784">
    <testcase time="4.78400000000001" classname="ds.dataFrameSubset_arg_test_errors" name="dataFrameSubset_erros"/>
  </testsuite>
  <testsuite name="ds.dim::arg::test errors" timestamp="2020-05-04T22:58:44Z" hostname="fv-az14" tests="3" skipped="0" failures="0" errors="0" time="6.068">
    <testcase time="4.768" classname="ds.dim_arg_test_errors" name="dim_erros"/>
    <testcase time="1.02199999999999" classname="ds.dim_arg_test_errors" name="dim_erros"/>
    <testcase time="0.277999999999992" classname="ds.dim_arg_test_errors" name="dim_erros"/>
  </testsuite>
  <testsuite name="ds.exists::arg::test errors" timestamp="2020-05-04T22:58:50Z" hostname="fv-az14" tests="1" skipped="0" failures="0" errors="0" time="4.776">
    <testcase time="4.77600000000001" classname="ds.exists_arg_test_errors" name="simple_exists_errors"/>
  </testsuite>
  <testsuite name="ds.exp::arg::test errors" timestamp="2020-05-04T22:58:55Z" hostname="fv-az14" tests="1" skipped="0" failures="0" errors="0" time="4.773">
    <testcase time="4.773" classname="ds.exp_arg_test_errors" name="exp_erros"/>
  </testsuite>
  <testsuite name="ds.foobar::arg::setup" timestamp="2020-05-04T22:58:55Z" hostname="fv-az14" tests="3" skipped="0" failures="0" errors="0" time="5.015">
    <testcase time="5.01300000000001" classname="ds.foobar_arg_setup" name="setup"/>
    <testcase time="0.00100000000000477" classname="ds.foobar_arg_setup" name="setup"/>
    <testcase time="0.00100000000000477" classname="ds.foobar_arg_setup" name="setup"/>
  </testsuite>
  <testsuite name="ds.foobar::arg::aggregate" timestamp="2020-05-04T22:59:00Z" hostname="fv-az14" tests="1" skipped="0" failures="0" errors="0" time="0.009">
    <testcase time="0.00899999999998613" classname="ds.foobar_arg_aggregate" name="NULL_connections"/>
  </testsuite>
  <testsuite name="ds.foobar::arg::aggregate" timestamp="2020-05-04T22:59:00Z" hostname="fv-az14" tests="1" skipped="0" failures="0" errors="0" time="0.008">
    <testcase time="0.00800000000000978" classname="ds.foobar_arg_aggregate" name="NULL_expr"/>
  </testsuite>
  <testsuite name="ds.foobar::arg::aggregate" timestamp="2020-05-04T22:59:00Z" hostname="fv-az14" tests="1" skipped="0" failures="0" errors="0" time="0.21">
    <testcase time="0.210000000000008" classname="ds.foobar_arg_aggregate" name="non_existent_aggregate_foobarDS"/>
  </testsuite>
  <testsuite name="ds.foobar::arg::assign" timestamp="2020-05-04T22:59:00Z" hostname="fv-az14" tests="1" skipped="0" failures="0" errors="0" time="0.008">
    <testcase time="0.00799999999998136" classname="ds.foobar_arg_assign" name="NULL_connections"/>
  </testsuite>
  <testsuite name="ds.foobar::arg::assign" timestamp="2020-05-04T22:59:00Z" hostname="fv-az14" tests="1" skipped="0" failures="0" errors="0" time="0.008">
    <testcase time="0.00800000000000978" classname="ds.foobar_arg_assign" name="NULL_value"/>
  </testsuite>
  <testsuite name="ds.foobar::arg::assign" timestamp="2020-05-04T22:59:00Z" hostname="fv-az14" tests="1" skipped="0" failures="0" errors="0" time="0.206">
    <testcase time="0.205999999999989" classname="ds.foobar_arg_assign" name="non_existent_assign_foobarDS"/>
  </testsuite>
  <testsuite name="ds.foobar::arg::shutdown" timestamp="2020-05-04T22:59:00Z" hostname="fv-az14" tests="3" skipped="0" failures="0" errors="0" time="0.35">
    <testcase time="0.347000000000008" classname="ds.foobar_arg_shutdown" name="shutdown"/>
    <testcase time="0.00200000000000955" classname="ds.foobar_arg_shutdown" name="shutdown"/>
    <testcase time="0.000999999999976353" classname="ds.foobar_arg_shutdown" name="shutdown"/>
  </testsuite>
  <testsuite name="ds.foobar::arg::done" timestamp="2020-05-04T22:59:01Z" hostname="fv-az14" tests="0" skipped="0" failures="0" errors="0" time="0"/>
  <testsuite name="ds.glmerSLMA::arg::setup" timestamp="2020-05-04T22:59:01Z" hostname="fv-az14" tests="3" skipped="0" failures="0" errors="0" time="5.087">
    <testcase time="5.084" classname="ds.glmerSLMA_arg_setup" name="setup"/>
    <testcase time="0.00100000000000477" classname="ds.glmerSLMA_arg_setup" name="setup"/>
    <testcase time="0.00200000000000955" classname="ds.glmerSLMA_arg_setup" name="setup"/>
  </testsuite>
  <testsuite name="ds.glmerSLMA::arg::testing" timestamp="2020-05-04T22:59:06Z" hostname="fv-az14" tests="6" skipped="0" failures="0" errors="0" time="3.735">
    <testcase time="0.0159999999999911" classname="ds.glmerSLMA_arg_testing" name="simple_glmerSLMA_tesing_mis_use_of_arguments"/>
    <testcase time="2.30500000000001" classname="ds.glmerSLMA_arg_testing" name="simple_glmerSLMA_tesing_mis_use_of_arguments"/>
    <testcase time="0.51400000000001" classname="ds.glmerSLMA_arg_testing" name="simple_glmerSLMA_tesing_mis_use_of_arguments"/>
    <testcase time="0.270999999999987" classname="ds.glmerSLMA_arg_testing" name="simple_glmerSLMA_tesing_mis_use_of_arguments"/>
    <testcase time="0.623999999999995" classname="ds.glmerSLMA_arg_testing" name="simple_glmerSLMA_tesing_mis_use_of_arguments"/>
    <testcase time="0.00499999999999545" classname="ds.glmerSLMA_arg_testing" name="simple_glmerSLMA_tesing_mis_use_of_arguments"/>
  </testsuite>
  <testsuite name="ds.glmerSLMA::arg::shutdown" timestamp="2020-05-04T22:59:10Z" hostname="fv-az14" tests="3" skipped="0" failures="0" errors="0" time="0.279">
    <testcase time="0.27600000000001" classname="ds.glmerSLMA_arg_shutdown" name="setup"/>
    <testcase time="0.00100000000000477" classname="ds.glmerSLMA_arg_shutdown" name="setup"/>
    <testcase time="0.00199999999998113" classname="ds.glmerSLMA_arg_shutdown" name="setup"/>
  </testsuite>
  <testsuite name="ds.glmerSLMA::arg::done" timestamp="2020-05-04T22:59:10Z" hostname="fv-az14" tests="0" skipped="0" failures="0" errors="0" time="0"/>
  <testsuite name="ds.glm::arg::test errors" timestamp="2020-05-04T22:59:15Z" hostname="fv-az14" tests="2" skipped="0" failures="0" errors="0" time="5.283">
    <testcase time="4.804" classname="ds.glm_arg_test_errors" name="glm_erros"/>
    <testcase time="0.479000000000013" classname="ds.glm_arg_test_errors" name="glm_erros"/>
  </testsuite>
  <testsuite name="ds.glmSLMA::arg::test errors" timestamp="2020-05-04T22:59:20Z" hostname="fv-az14" tests="1" skipped="0" failures="0" errors="0" time="4.758">
    <testcase time="4.75800000000001" classname="ds.glmSLMA_arg_test_errors" name="glmSLMA_erros"/>
  </testsuite>
  <testsuite name="ds.isNA::smk::errors" timestamp="2020-05-04T22:59:25Z" hostname="fv-az14" tests="1" skipped="0" failures="0" errors="0" time="4.775">
    <testcase time="4.77499999999998" classname="ds.isNA_smk_errors" name="isNA_errors"/>
  </testsuite>
  <testsuite name="ds.isValid::smk::errors" timestamp="2020-05-04T22:59:29Z" hostname="fv-az14" tests="2" skipped="0" failures="0" errors="0" time="5.741">
    <testcase time="4.74100000000001" classname="ds.isValid_smk_errors" name="isValid_errors"/>
    <testcase time="1" classname="ds.isValid_smk_errors" name="isValid_errors"/>
  </testsuite>
  <testsuite name="ds.length::arg::test errors" timestamp="2020-05-04T22:59:35Z" hostname="fv-az14" tests="5" skipped="0" failures="0" errors="0" time="7.727">
    <testcase time="5.64400000000001" classname="ds.length_arg_test_errors" name="length_erros"/>
    <testcase time="0.0609999999999786" classname="ds.length_arg_test_errors" name="length_erros"/>
    <testcase time="0.00500000000002387" classname="ds.length_arg_test_errors" name="length_erros"/>
    <testcase time="0.995999999999981" classname="ds.length_arg_test_errors" name="length_erros"/>
    <testcase time="1.02100000000002" classname="ds.length_arg_test_errors" name="length_erros"/>
  </testsuite>
  <testsuite name="ds.levels::arg" timestamp="2020-05-04T22:59:43Z" hostname="fv-az14" tests="2" skipped="0" failures="0" errors="0" time="5.079">
    <testcase time="4.78" classname="ds.levels_arg" name="simple_levels"/>
    <testcase time="0.299000000000007" classname="ds.levels_arg" name="simple_levels"/>
  </testsuite>
  <testsuite name="ds.lexis::arg::test errors" timestamp="2020-05-04T22:59:48Z" hostname="fv-az14" tests="1" skipped="0" failures="0" errors="0" time="4.79">
    <testcase time="4.78999999999999" classname="ds.lexis_arg_test_errors" name="lexis_erros"/>
  </testsuite>
  <testsuite name="ds.list::arg::test errors" timestamp="2020-05-04T22:59:53Z" hostname="fv-az14" tests="1" skipped="0" failures="0" errors="0" time="4.753">
    <testcase time="4.75299999999999" classname="ds.list_arg_test_errors" name="simple_ds.list_errors"/>
  </testsuite>
  <testsuite name="ds.lmerSLMA::arg::setup" timestamp="2020-05-04T22:59:53Z" hostname="fv-az14" tests="3" skipped="0" failures="0" errors="0" time="5.048">
    <testcase time="5.04600000000002" classname="ds.lmerSLMA_arg_setup" name="setup"/>
    <testcase time="0.00100000000000477" classname="ds.lmerSLMA_arg_setup" name="setup"/>
    <testcase time="0.00100000000000477" classname="ds.lmerSLMA_arg_setup" name="setup"/>
  </testsuite>
  <testsuite name="ds.lmerSLMA::arg" timestamp="2020-05-04T22:59:58Z" hostname="fv-az14" tests="5" skipped="0" failures="0" errors="0" time="3.799">
    <testcase time="2.12800000000001" classname="ds.lmerSLMA_arg" name="simple_lmerSLMA_tesing_mis_use_of_arguments"/>
    <testcase time="0.70999999999998" classname="ds.lmerSLMA_arg" name="simple_lmerSLMA_tesing_mis_use_of_arguments"/>
    <testcase time="0.272999999999996" classname="ds.lmerSLMA_arg" name="simple_lmerSLMA_tesing_mis_use_of_arguments"/>
    <testcase time="0.682000000000016" classname="ds.lmerSLMA_arg" name="simple_lmerSLMA_tesing_mis_use_of_arguments"/>
    <testcase time="0.00600000000000023" classname="ds.lmerSLMA_arg" name="simple_lmerSLMA_tesing_mis_use_of_arguments"/>
  </testsuite>
  <testsuite name="ds.lmerSLMA::arg::shutdown" timestamp="2020-05-04T23:00:02Z" hostname="fv-az14" tests="3" skipped="0" failures="0" errors="0" time="0.279">
    <testcase time="0.276999999999987" classname="ds.lmerSLMA_arg_shutdown" name="shutdown"/>
    <testcase time="0.00100000000000477" classname="ds.lmerSLMA_arg_shutdown" name="shutdown"/>
    <testcase time="0.00100000000000477" classname="ds.lmerSLMA_arg_shutdown" name="shutdown"/>
  </testsuite>
  <testsuite name="ds.lmerSLMA::arg::done" timestamp="2020-05-04T23:00:02Z" hostname="fv-az14" tests="0" skipped="0" failures="0" errors="0" time="0"/>
  <testsuite name="ds.log::arg::test errors" timestamp="2020-05-04T23:00:07Z" hostname="fv-az14" tests="1" skipped="0" failures="0" errors="0" time="4.803">
    <testcase time="4.803" classname="ds.log_arg_test_errors" name="log_erros"/>
  </testsuite>
  <testsuite name="ds.look::arg::test errors" timestamp="2020-05-04T23:00:12Z" hostname="fv-az14" tests="1" skipped="0" failures="0" errors="0" time="4.742">
    <testcase time="4.74199999999999" classname="ds.look_arg_test_errors" name="look_erros"/>
  </testsuite>
  <testsuite name="ds.ls::arg::setup" timestamp="2020-05-04T23:00:12Z" hostname="fv-az14" tests="3" skipped="0" failures="0" errors="0" time="5.108">
    <testcase time="5.10500000000002" classname="ds.ls_arg_setup" name="setup"/>
    <testcase time="0.00199999999998113" classname="ds.ls_arg_setup" name="setup"/>
    <testcase time="0.00100000000000477" classname="ds.ls_arg_setup" name="setup"/>
  </testsuite>
  <testsuite name="ds.ls::arg" timestamp="2020-05-04T23:00:17Z" hostname="fv-az14" tests="6" skipped="0" failures="0" errors="0" time="0.012">
    <testcase time="0.0040000000000191" classname="ds.ls_arg" name="containing_escape_sequence"/>
    <testcase time="0.00199999999998113" classname="ds.ls_arg" name="containing_escape_sequence"/>
    <testcase time="0.00100000000000477" classname="ds.ls_arg" name="containing_escape_sequence"/>
    <testcase time="0.00200000000000955" classname="ds.ls_arg" name="containing_escape_sequence"/>
    <testcase time="0.00199999999998113" classname="ds.ls_arg" name="containing_escape_sequence"/>
    <testcase time="0.00100000000000477" classname="ds.ls_arg" name="containing_escape_sequence"/>
  </testsuite>
  <testsuite name="ds.ls::arg::shutdown" timestamp="2020-05-04T23:00:17Z" hostname="fv-az14" tests="3" skipped="0" failures="0" errors="0" time="0.323">
    <testcase time="0.320999999999998" classname="ds.ls_arg_shutdown" name="shutdown"/>
    <testcase time="0.00100000000000477" classname="ds.ls_arg_shutdown" name="shutdown"/>
    <testcase time="0.00100000000000477" classname="ds.ls_arg_shutdown" name="shutdown"/>
  </testsuite>
  <testsuite name="ds.ls::arg::done" timestamp="2020-05-04T23:00:17Z" hostname="fv-az14" tests="0" skipped="0" failures="0" errors="0" time="0"/>
  <testsuite name="ds.make::arg::test errors" timestamp="2020-05-04T23:00:22Z" hostname="fv-az14" tests="1" skipped="0" failures="0" errors="0" time="4.738">
    <testcase time="4.738" classname="ds.make_arg_test_errors" name="make_erros"/>
  </testsuite>
  <testsuite name="ds.matrixDet::arg::test errors" timestamp="2020-05-04T23:00:26Z" hostname="fv-az14" tests="1" skipped="0" failures="0" errors="0" time="4.778">
    <testcase time="4.77799999999999" classname="ds.matrixDet_arg_test_errors" name="matrixDet_erros"/>
  </testsuite>
  <testsuite name="ds.matrixDet.report::arg::test errors" timestamp="2020-05-04T23:00:31Z" hostname="fv-az14" tests="1" skipped="0" failures="0" errors="0" time="4.73">
    <testcase time="4.73000000000002" classname="ds.matrixDet.report_arg_test_errors" name="ds.matixDet.report_erros"/>
  </testsuite>
  <testsuite name="ds.matrixDiag::arg::test errors" timestamp="2020-05-04T23:00:36Z" hostname="fv-az14" tests="2" skipped="0" failures="0" errors="0" time="4.796">
    <testcase time="4.79399999999998" classname="ds.matrixDiag_arg_test_errors" name="matrixDiag_erros"/>
    <testcase time="0.00200000000000955" classname="ds.matrixDiag_arg_test_errors" name="matrixDiag_erros"/>
  </testsuite>
  <testsuite name="ds.matrixDimnames::arg::test errors" timestamp="2020-05-04T23:00:41Z" hostname="fv-az14" tests="1" skipped="0" failures="0" errors="0" time="4.719">
    <testcase time="4.71899999999999" classname="ds.matrixDimnames_arg_test_errors" name="matrixDimnames_erros"/>
  </testsuite>
  <testsuite name="ds.matrixInvert::arg::test errors" timestamp="2020-05-04T23:00:45Z" hostname="fv-az14" tests="1" skipped="0" failures="0" errors="0" time="4.729">
    <testcase time="4.72900000000001" classname="ds.matrixInvert_arg_test_errors" name="matrixInvert_erros"/>
  </testsuite>
  <testsuite name="ds.matrixMult::arg::test errors" timestamp="2020-05-04T23:00:50Z" hostname="fv-az14" tests="1" skipped="0" failures="0" errors="0" time="4.765">
    <testcase time="4.76499999999999" classname="ds.matrixMult_arg_test_errors" name="matrixMult_erros"/>
  </testsuite>
  <testsuite name="ds.matrix::arg::test errors" timestamp="2020-05-04T23:00:55Z" hostname="fv-az14" tests="1" skipped="0" failures="0" errors="0" time="4.733">
    <testcase time="4.733" classname="ds.matrix_arg_test_errors" name="matrix_erros"/>
  </testsuite>
  <testsuite name="ds.matrixTranspose::arg::test errors" timestamp="2020-05-04T23:01:00Z" hostname="fv-az14" tests="1" skipped="0" failures="0" errors="0" time="4.758">
    <testcase time="4.75799999999998" classname="ds.matrixTranspose_arg_test_errors" name="matrixTranspose_erros"/>
  </testsuite>
  <testsuite name="ds.meanByClass::arg::test errors" timestamp="2020-05-04T23:01:05Z" hostname="fv-az14" tests="4" skipped="0" failures="0" errors="0" time="10.701">
    <testcase time="7.541" classname="ds.meanByClass_arg_test_errors" name="meanByClass_erros"/>
    <testcase time="1.22300000000001" classname="ds.meanByClass_arg_test_errors" name="meanByClass_erros"/>
    <testcase time="1.93200000000002" classname="ds.meanByClass_arg_test_errors" name="meanByClass_erros"/>
    <testcase time="0.00499999999999545" classname="ds.meanByClass_arg_test_errors" name="meanByClass_erros"/>
  </testsuite>
  <testsuite name="ds.mean::arg::test errors" timestamp="2020-05-04T23:01:15Z" hostname="fv-az14" tests="3" skipped="0" failures="0" errors="0" time="6.729">
    <testcase time="5.59499999999997" classname="ds.mean_arg_test_errors" name="mean_erros"/>
    <testcase time="0.0910000000000082" classname="ds.mean_arg_test_errors" name="mean_erros"/>
    <testcase time="1.04300000000001" classname="ds.mean_arg_test_errors" name="mean_erros"/>
  </testsuite>
  <testsuite name="ds.meanSdGp::arg::test errors" timestamp="2020-05-04T23:01:22Z" hostname="fv-az14" tests="1" skipped="0" failures="0" errors="0" time="4.747">
    <testcase time="4.74700000000001" classname="ds.meanSdGp_arg_test_errors" name="meanSdGp_erros"/>
  </testsuite>
  <testsuite name="ds.merge::arg::test errors" timestamp="2020-05-04T23:01:27Z" hostname="fv-az14" tests="5" skipped="0" failures="0" errors="0" time="4.896">
    <testcase time="4.822" classname="ds.merge_arg_test_errors" name="merge_erros"/>
    <testcase time="0.0590000000000259" classname="ds.merge_arg_test_errors" name="merge_erros"/>
    <testcase time="0.00499999999999545" classname="ds.merge_arg_test_errors" name="merge_erros"/>
    <testcase time="0.00499999999999545" classname="ds.merge_arg_test_errors" name="merge_erros"/>
    <testcase time="0.00499999999999545" classname="ds.merge_arg_test_errors" name="merge_erros"/>
  </testsuite>
  <testsuite name="ds.message::arg" timestamp="2020-05-04T23:01:32Z" hostname="fv-az14" tests="1" skipped="0" failures="0" errors="0" time="4.803">
    <testcase time="4.803" classname="ds.message_arg" name="request_message_for_NULL"/>
  </testsuite>
  <testsuite name="ds.names::arg::test errors" timestamp="2020-05-04T23:01:36Z" hostname="fv-az14" tests="2" skipped="0" failures="0" errors="0" time="5.764">
    <testcase time="4.786" classname="ds.names_arg_test_errors" name="simple_ds.names_errors"/>
    <testcase time="0.978000000000009" classname="ds.names_arg_test_errors" name="simple_ds.names_errors"/>
  </testsuite>
  <testsuite name="ds.numNA::arg::test errors" timestamp="2020-05-04T23:01:42Z" hostname="fv-az14" tests="1" skipped="0" failures="0" errors="0" time="4.781">
    <testcase time="4.78100000000001" classname="ds.numNA_arg_test_errors" name="simple_ds.numNA_errors"/>
  </testsuite>
  <testsuite name="ds.quantileMean::arg::test errors" timestamp="2020-05-04T23:01:47Z" hostname="fv-az14" tests="3" skipped="0" failures="0" errors="0" time="8.532">
    <testcase time="5.66300000000001" classname="ds.quantileMean_arg_test_errors" name="quantileMean_erros"/>
    <testcase time="1.90699999999998" classname="ds.quantileMean_arg_test_errors" name="quantileMean_erros"/>
    <testcase time="0.961999999999989" classname="ds.quantileMean_arg_test_errors" name="quantileMean_erros"/>
  </testsuite>
  <testsuite name="ds.rbind::arg::test errors" timestamp="2020-05-04T23:01:55Z" hostname="fv-az14" tests="1" skipped="0" failures="0" errors="0" time="4.748">
    <testcase time="4.74799999999999" classname="ds.rbind_arg_test_errors" name="rbind_erros"/>
  </testsuite>
  <testsuite name="ds.rBinom::arg::test errors" timestamp="2020-05-04T23:02:00Z" hostname="fv-az14" tests="2" skipped="0" failures="0" errors="0" time="4.769">
    <testcase time="4.76800000000003" classname="ds.rBinom_arg_test_errors" name="rBinom_erros"/>
    <testcase time="0.000999999999976353" classname="ds.rBinom_arg_test_errors" name="rBinom_erros"/>
  </testsuite>
  <testsuite name="ds.recodeLevels::arg::test errors" timestamp="2020-05-04T23:02:05Z" hostname="fv-az14" tests="4" skipped="0" failures="0" errors="0" time="7.084">
    <testcase time="4.75100000000003" classname="ds.recodeLevels_arg_test_errors" name="recodeLevels_erros"/>
    <testcase time="0.0500000000000114" classname="ds.recodeLevels_arg_test_errors" name="recodeLevels_erros"/>
    <testcase time="0.964999999999975" classname="ds.recodeLevels_arg_test_errors" name="recodeLevels_erros"/>
    <testcase time="1.31799999999998" classname="ds.recodeLevels_arg_test_errors" name="recodeLevels_erros"/>
  </testsuite>
  <testsuite name="ds.recodeValues::arg::test errors" timestamp="2020-05-04T23:02:12Z" hostname="fv-az14" tests="6" skipped="0" failures="0" errors="0" time="4.88">
    <testcase time="4.77800000000002" classname="ds.recodeValues_arg_test_errors" name="recodeValues_erros"/>
    <testcase time="0.0819999999999936" classname="ds.recodeValues_arg_test_errors" name="recodeValues_erros"/>
    <testcase time="0.0040000000000191" classname="ds.recodeValues_arg_test_errors" name="recodeValues_erros"/>
    <testcase time="0.00499999999999545" classname="ds.recodeValues_arg_test_errors" name="recodeValues_erros"/>
    <testcase time="0.00499999999999545" classname="ds.recodeValues_arg_test_errors" name="recodeValues_erros"/>
    <testcase time="0.00599999999997181" classname="ds.recodeValues_arg_test_errors" name="recodeValues_erros"/>
  </testsuite>
  <testsuite name="ds.replaceNA::arg::test errors" timestamp="2020-05-04T23:02:17Z" hostname="fv-az14" tests="2" skipped="0" failures="0" errors="0" time="4.803">
    <testcase time="4.75200000000001" classname="ds.replaceNA_arg_test_errors" name="simple_ds.replaceNA_errors"/>
    <testcase time="0.0509999999999877" classname="ds.replaceNA_arg_test_errors" name="simple_ds.replaceNA_errors"/>
  </testsuite>
  <testsuite name="ds.rep::arg::setup" timestamp="2020-05-04T23:02:17Z" hostname="fv-az14" tests="0" skipped="0" failures="0" errors="0" time="0"/>
  <testsuite name="ds.rep::arg::test errors" timestamp="2020-05-04T23:02:22Z" hostname="fv-az14" tests="1" skipped="0" failures="0" errors="0" time="4.747">
    <testcase time="4.74700000000001" classname="ds.rep_arg_test_errors" name="ds.rep_erros"/>
  </testsuite>
  <testsuite name="ds.rep::arg::shutdown" timestamp="2020-05-04T23:02:22Z" hostname="fv-az14" tests="0" skipped="0" failures="0" errors="0" time="0"/>
  <testsuite name="ds.rep::arg::done" timestamp="2020-05-04T23:02:22Z" hostname="fv-az14" tests="0" skipped="0" failures="0" errors="0" time="0"/>
  <testsuite name="ds.reShape::arg::test errors" timestamp="2020-05-04T23:02:26Z" hostname="fv-az14" tests="4" skipped="0" failures="0" errors="0" time="4.836">
    <testcase time="4.767" classname="ds.reShape_arg_test_errors" name="reShape_erros"/>
    <testcase time="0.0600000000000023" classname="ds.reShape_arg_test_errors" name="reShape_erros"/>
    <testcase time="0.00499999999999545" classname="ds.reShape_arg_test_errors" name="reShape_erros"/>
    <testcase time="0.0040000000000191" classname="ds.reShape_arg_test_errors" name="reShape_erros"/>
  </testsuite>
  <testsuite name="ds.rm::arg::test errors" timestamp="2020-05-04T23:02:31Z" hostname="fv-az14" tests="1" skipped="0" failures="0" errors="0" time="4.761">
    <testcase time="4.76099999999997" classname="ds.rm_arg_test_errors" name="ds.rm_erros"/>
  </testsuite>
  <testsuite name="ds.rNorm::arg::test errors" timestamp="2020-05-04T23:02:36Z" hostname="fv-az14" tests="2" skipped="0" failures="0" errors="0" time="4.757">
    <testcase time="4.75500000000005" classname="ds.rNorm_arg_test_errors" name="rNorm_erros"/>
    <testcase time="0.00199999999995271" classname="ds.rNorm_arg_test_errors" name="rNorm_erros"/>
  </testsuite>
  <testsuite name="ds.rowColCalc::arg::test errors" timestamp="2020-05-04T23:02:41Z" hostname="fv-az14" tests="3" skipped="0" failures="0" errors="0" time="12.653">
    <testcase time="4.80900000000003" classname="ds.rowColCalc_arg_test_errors" name="rowColCalc_errors"/>
    <testcase time="4.017" classname="ds.rowColCalc_arg_test_errors" name="rowColCalc_errors"/>
    <testcase time="3.827" classname="ds.rowColCalc_arg_test_errors" name="rowColCalc_errors"/>
  </testsuite>
  <testsuite name="ds.rPois::arg::test errors" timestamp="2020-05-04T23:02:54Z" hostname="fv-az14" tests="2" skipped="0" failures="0" errors="0" time="4.858">
    <testcase time="4.85599999999999" classname="ds.rPois_arg_test_errors" name="rPois_erros"/>
    <testcase time="0.00200000000000955" classname="ds.rPois_arg_test_errors" name="rPois_erros"/>
  </testsuite>
  <testsuite name="ds.rUnif::arg::test errors" timestamp="2020-05-04T23:02:58Z" hostname="fv-az14" tests="2" skipped="0" failures="0" errors="0" time="4.784">
    <testcase time="4.78300000000002" classname="ds.rUnif_arg_test_errors" name="rUnif_erros"/>
    <testcase time="0.000999999999976353" classname="ds.rUnif_arg_test_errors" name="rUnif_erros"/>
  </testsuite>
  <testsuite name="ds.sample::arg::setup" timestamp="2020-05-04T23:02:59Z" hostname="fv-az14" tests="0" skipped="0" failures="0" errors="0" time="0"/>
  <testsuite name="ds.sample::arg::test errors" timestamp="2020-05-04T23:03:03Z" hostname="fv-az14" tests="3" skipped="0" failures="0" errors="0" time="4.82">
    <testcase time="4.74200000000002" classname="ds.sample_arg_test_errors" name="cov_erros"/>
    <testcase time="0.0769999999999982" classname="ds.sample_arg_test_errors" name="cov_erros"/>
    <testcase time="0.000999999999976353" classname="ds.sample_arg_test_errors" name="cov_erros"/>
  </testsuite>
  <testsuite name="ds.sample::arg::shutdown" timestamp="2020-05-04T23:03:03Z" hostname="fv-az14" tests="0" skipped="0" failures="0" errors="0" time="0"/>
  <testsuite name="ds.sample::arg::done" timestamp="2020-05-04T23:03:03Z" hostname="fv-az14" tests="0" skipped="0" failures="0" errors="0" time="0"/>
  <testsuite name="ds.seq::arg::test errors" timestamp="2020-05-04T23:03:08Z" hostname="fv-az14" tests="1" skipped="0" failures="0" errors="0" time="4.767">
    <testcase time="4.767" classname="ds.seq_arg_test_errors" name="seq_erros"/>
  </testsuite>
  <testsuite name="ds.setSeed::arg::test errors" timestamp="2020-05-04T23:03:13Z" hostname="fv-az14" tests="1" skipped="0" failures="0" errors="0" time="4.8">
    <testcase time="4.80000000000001" classname="ds.setSeed_arg_test_errors" name="setSeed_erros"/>
  </testsuite>
  <testsuite name="ds.subsetByClass::arg::test errors" timestamp="2020-05-04T23:03:17Z" hostname="fv-az14" tests="2" skipped="0" failures="0" errors="0" time="5.75">
    <testcase time="4.74599999999998" classname="ds.subsetByClass_arg_test_errors" name="subsetByClass_erros"/>
    <testcase time="1.00400000000002" classname="ds.subsetByClass_arg_test_errors" name="subsetByClass_erros"/>
  </testsuite>
  <testsuite name="ds.subset::arg::test errors" timestamp="2020-05-04T23:03:23Z" hostname="fv-az14" tests="1" skipped="0" failures="0" errors="0" time="4.881">
    <testcase time="4.88100000000003" classname="ds.subset_arg_test_errors" name="subset_erros"/>
  </testsuite>
  <testsuite name="ds.summary::arg::test errors" timestamp="2020-05-04T23:03:28Z" hostname="fv-az14" tests="1" skipped="0" failures="0" errors="0" time="4.776">
    <testcase time="4.77599999999995" classname="ds.summary_arg_test_errors" name="summary_erros"/>
  </testsuite>
  <testsuite name="ds.table1D::arg::test errors" timestamp="2020-05-04T23:03:33Z" hostname="fv-az14" tests="2" skipped="0" failures="0" errors="0" time="6.173">
    <testcase time="4.77800000000002" classname="ds.table1D_arg_test_errors" name="table1D_erros"/>
    <testcase time="1.39499999999998" classname="ds.table1D_arg_test_errors" name="table1D_erros"/>
  </testsuite>
  <testsuite name="ds.table2D::arg::test errors" timestamp="2020-05-04T23:03:39Z" hostname="fv-az14" tests="1" skipped="0" failures="0" errors="0" time="4.744">
    <testcase time="4.74400000000003" classname="ds.table2D_arg_test_errors" name="table2D_erros"/>
  </testsuite>
  <testsuite name="ds.table::arg::test rvar has value" timestamp="2020-05-04T23:03:44Z" hostname="fv-az14" tests="1" skipped="0" failures="0" errors="0" time="4.756">
    <testcase time="4.75599999999997" classname="ds.table_arg_test_rvar_has_value" name="table_rvar_has_value"/>
  </testsuite>
  <testsuite name="ds.table::arg::test cvar has value" timestamp="2020-05-04T23:03:44Z" hostname="fv-az14" tests="1" skipped="0" failures="0" errors="0" time="1.009">
    <testcase time="1.00900000000001" classname="ds.table_arg_test_cvar_has_value" name="table_cvar_has_value"/>
  </testsuite>
  <testsuite name="ds.table::arg::test stvar has value" timestamp="2020-05-04T23:03:45Z" hostname="fv-az14" tests="1" skipped="0" failures="0" errors="0" time="0.005">
    <testcase time="0.00499999999999545" classname="ds.table_arg_test_stvar_has_value" name="table_stvar_has_value"/>
  </testsuite>
  <testsuite name="ds.table::arg::test stvar has CORRECT value" timestamp="2020-05-04T23:03:45Z" hostname="fv-az14" tests="1" skipped="0" failures="0" errors="0" time="0.005">
    <testcase time="0.00499999999999545" classname="ds.table_arg_test_stvar_has_CORRECT_value" name="table_useNA_has_value"/>
  </testsuite>
  <testsuite name="ds.table::arg::test force.nfilter has value" timestamp="2020-05-04T23:03:45Z" hostname="fv-az14" tests="1" skipped="0" failures="0" errors="0" time="0.005">
    <testcase time="0.00499999999999545" classname="ds.table_arg_test_force.nfilter_has_value" name="table_force.nfilter_has_value"/>
  </testsuite>
  <testsuite name="ds.tapply.assign::arg::test errors" timestamp="2020-05-04T23:03:50Z" hostname="fv-az14" tests="8" skipped="0" failures="0" errors="0" time="4.87">
    <testcase time="4.80700000000002" classname="ds.tapply.assign_arg_test_errors" name="tapply_erros"/>
    <testcase time="0.0010000000000332" classname="ds.tapply.assign_arg_test_errors" name="tapply_erros"/>
    <testcase time="0.0559999999999832" classname="ds.tapply.assign_arg_test_errors" name="tapply_erros"/>
    <testcase time="0.000999999999976353" classname="ds.tapply.assign_arg_test_errors" name="tapply_erros"/>
    <testcase time="0.0010000000000332" classname="ds.tapply.assign_arg_test_errors" name="tapply_erros"/>
    <testcase time="0.000999999999976353" classname="ds.tapply.assign_arg_test_errors" name="tapply_erros"/>
    <testcase time="0.00200000000000955" classname="ds.tapply.assign_arg_test_errors" name="tapply_erros"/>
    <testcase time="0.000999999999976353" classname="ds.tapply.assign_arg_test_errors" name="tapply_erros"/>
  </testsuite>
  <testsuite name="ds.tapply::arg::test errors" timestamp="2020-05-04T23:03:55Z" hostname="fv-az14" tests="8" skipped="0" failures="0" errors="0" time="4.838">
    <testcase time="4.81300000000005" classname="ds.tapply_arg_test_errors" name="tapply_erros"/>
    <testcase time="0.000999999999976353" classname="ds.tapply_arg_test_errors" name="tapply_erros"/>
    <testcase time="0.0179999999999723" classname="ds.tapply_arg_test_errors" name="tapply_erros"/>
    <testcase time="0.0010000000000332" classname="ds.tapply_arg_test_errors" name="tapply_erros"/>
    <testcase time="0.000999999999976353" classname="ds.tapply_arg_test_errors" name="tapply_erros"/>
    <testcase time="0.0010000000000332" classname="ds.tapply_arg_test_errors" name="tapply_erros"/>
    <testcase time="0.00200000000000955" classname="ds.tapply_arg_test_errors" name="tapply_erros"/>
    <testcase time="0.000999999999976353" classname="ds.tapply_arg_test_errors" name="tapply_erros"/>
  </testsuite>
  <testsuite name="ds.testObjExists::arg::test errors" timestamp="2020-05-04T23:03:59Z" hostname="fv-az14" tests="1" skipped="0" failures="0" errors="0" time="4.781">
    <testcase time="4.78100000000001" classname="ds.testObjExists_arg_test_errors" name="testObjExists_erros"/>
  </testsuite>
  <testsuite name="ds.unList::arg::test errors" timestamp="2020-05-04T23:04:04Z" hostname="fv-az14" tests="1" skipped="0" failures="0" errors="0" time="4.847">
    <testcase time="4.84699999999998" classname="ds.unList_arg_test_errors" name="unList_erros"/>
  </testsuite>
  <testsuite name="ds.var::arg::test errors" timestamp="2020-05-04T23:04:09Z" hostname="fv-az14" tests="2" skipped="0" failures="0" errors="0" time="6.812">
    <testcase time="5.68200000000002" classname="ds.var_arg_test_errors" name="var_erros"/>
    <testcase time="1.13" classname="ds.var_arg_test_errors" name="var_erros"/>
  </testsuite>
  <testsuite name="ds.vectorCalc::arg::test errors" timestamp="2020-05-04T23:04:16Z" hostname="fv-az14" tests="1" skipped="0" failures="0" errors="0" time="4.75">
    <testcase time="4.75" classname="ds.vectorCalc_arg_test_errors" name="ds.vectorCalc_erros"/>
  </testsuite>
  <testsuite name="CLUSTER_INT::datachk::setup" timestamp="2020-05-04T23:04:16Z" hostname="fv-az14" tests="3" skipped="0" failures="0" errors="0" time="5.103">
    <testcase time="5.101" classname="CLUSTER_INT_datachk_setup" name="setup"/>
    <testcase time="0.000999999999976353" classname="CLUSTER_INT_datachk_setup" name="setup"/>
    <testcase time="0.0010000000000332" classname="CLUSTER_INT_datachk_setup" name="setup"/>
  </testsuite>
  <testsuite name="CLUSTER_INT::datachk" timestamp="2020-05-04T23:04:21Z" hostname="fv-az14" tests="230" skipped="0" failures="0" errors="0" time="13.355">
    <testcase time="0.543999999999983" classname="CLUSTER_INT_datachk" name="Check_CLUSTER_INT_dataset"/>
    <testcase time="0.0010000000000332" classname="CLUSTER_INT_datachk" name="Check_CLUSTER_INT_dataset"/>
    <testcase time="0.00199999999995271" classname="CLUSTER_INT_datachk" name="Check_CLUSTER_INT_dataset"/>
    <testcase time="0.0010000000000332" classname="CLUSTER_INT_datachk" name="Check_CLUSTER_INT_dataset"/>
    <testcase time="0.00200000000000955" classname="CLUSTER_INT_datachk" name="Check_CLUSTER_INT_dataset"/>
    <testcase time="0.000999999999976353" classname="CLUSTER_INT_datachk" name="Check_CLUSTER_INT_dataset"/>
    <testcase time="0.000999999999976353" classname="CLUSTER_INT_datachk" name="Check_CLUSTER_INT_dataset"/>
    <testcase time="0.267000000000053" classname="CLUSTER_INT_datachk" name="Check_CLUSTER_INT_dataset"/>
    <testcase time="0.000999999999976353" classname="CLUSTER_INT_datachk" name="Check_CLUSTER_INT_dataset"/>
    <testcase time="0.00200000000000955" classname="CLUSTER_INT_datachk" name="Check_CLUSTER_INT_dataset"/>
    <testcase time="0.00200000000000955" classname="CLUSTER_INT_datachk" name="Check_CLUSTER_INT_dataset"/>
    <testcase time="0.000999999999976353" classname="CLUSTER_INT_datachk" name="Check_CLUSTER_INT_dataset"/>
    <testcase time="0.000999999999976353" classname="CLUSTER_INT_datachk" name="Check_CLUSTER_INT_dataset"/>
    <testcase time="0.00200000000000955" classname="CLUSTER_INT_datachk" name="Check_CLUSTER_INT_dataset"/>
    <testcase time="0.0010000000000332" classname="CLUSTER_INT_datachk" name="Check_CLUSTER_INT_dataset"/>
    <testcase time="1.24299999999999" classname="CLUSTER_INT_datachk" name="Check_CLUSTER_INT_dataset"/>
    <testcase time="0.00200000000000955" classname="CLUSTER_INT_datachk" name="Check_CLUSTER_INT_dataset"/>
    <testcase time="0.000999999999976353" classname="CLUSTER_INT_datachk" name="Check_CLUSTER_INT_dataset"/>
    <testcase time="0.000999999999976353" classname="CLUSTER_INT_datachk" name="Check_CLUSTER_INT_dataset"/>
    <testcase time="0.00200000000000955" classname="CLUSTER_INT_datachk" name="Check_CLUSTER_INT_dataset"/>
    <testcase time="0.0010000000000332" classname="CLUSTER_INT_datachk" name="Check_CLUSTER_INT_dataset"/>
    <testcase time="0.00200000000000955" classname="CLUSTER_INT_datachk" name="Check_CLUSTER_INT_dataset"/>
    <testcase time="0.533999999999992" classname="CLUSTER_INT_datachk" name="Check_CLUSTER_INT_dataset"/>
    <testcase time="0.00200000000000955" classname="CLUSTER_INT_datachk" name="Check_CLUSTER_INT_dataset"/>
    <testcase time="0.00199999999995271" classname="CLUSTER_INT_datachk" name="Check_CLUSTER_INT_dataset"/>
    <testcase time="0.0010000000000332" classname="CLUSTER_INT_datachk" name="Check_CLUSTER_INT_dataset"/>
    <testcase time="0.00200000000000955" classname="CLUSTER_INT_datachk" name="Check_CLUSTER_INT_dataset"/>
    <testcase time="0.000999999999976353" classname="CLUSTER_INT_datachk" name="Check_CLUSTER_INT_dataset"/>
    <testcase time="0.00200000000000955" classname="CLUSTER_INT_datachk" name="Check_CLUSTER_INT_dataset"/>
    <testcase time="0.266999999999996" classname="CLUSTER_INT_datachk" name="Check_CLUSTER_INT_dataset"/>
    <testcase time="0.00200000000000955" classname="CLUSTER_INT_datachk" name="Check_CLUSTER_INT_dataset"/>
    <testcase time="0.00200000000000955" classname="CLUSTER_INT_datachk" name="Check_CLUSTER_INT_dataset"/>
    <testcase time="0.000999999999976353" classname="CLUSTER_INT_datachk" name="Check_CLUSTER_INT_dataset"/>
    <testcase time="0.00200000000000955" classname="CLUSTER_INT_datachk" name="Check_CLUSTER_INT_dataset"/>
    <testcase time="0.000999999999976353" classname="CLUSTER_INT_datachk" name="Check_CLUSTER_INT_dataset"/>
    <testcase time="0.00200000000000955" classname="CLUSTER_INT_datachk" name="Check_CLUSTER_INT_dataset"/>
    <testcase time="0.00200000000000955" classname="CLUSTER_INT_datachk" name="Check_CLUSTER_INT_dataset"/>
    <testcase time="0.000999999999976353" classname="CLUSTER_INT_datachk" name="Check_CLUSTER_INT_dataset"/>
    <testcase time="0.531000000000006" classname="CLUSTER_INT_datachk" name="Check_CLUSTER_INT_dataset"/>
    <testcase time="0.00200000000000955" classname="CLUSTER_INT_datachk" name="Check_CLUSTER_INT_dataset"/>
    <testcase time="0.00200000000000955" classname="CLUSTER_INT_datachk" name="Check_CLUSTER_INT_dataset"/>
    <testcase time="0.00200000000000955" classname="CLUSTER_INT_datachk" name="Check_CLUSTER_INT_dataset"/>
    <testcase time="0.00200000000000955" classname="CLUSTER_INT_datachk" name="Check_CLUSTER_INT_dataset"/>
    <testcase time="0.00199999999995271" classname="CLUSTER_INT_datachk" name="Check_CLUSTER_INT_dataset"/>
    <testcase time="0.0010000000000332" classname="CLUSTER_INT_datachk" name="Check_CLUSTER_INT_dataset"/>
    <testcase time="0.277999999999963" classname="CLUSTER_INT_datachk" name="Check_CLUSTER_INT_dataset"/>
    <testcase time="0.00200000000000955" classname="CLUSTER_INT_datachk" name="Check_CLUSTER_INT_dataset"/>
    <testcase time="0.00200000000000955" classname="CLUSTER_INT_datachk" name="Check_CLUSTER_INT_dataset"/>
    <testcase time="0.00200000000000955" classname="CLUSTER_INT_datachk" name="Check_CLUSTER_INT_dataset"/>
    <testcase time="0.00200000000000955" classname="CLUSTER_INT_datachk" name="Check_CLUSTER_INT_dataset"/>
    <testcase time="0.00200000000000955" classname="CLUSTER_INT_datachk" name="Check_CLUSTER_INT_dataset"/>
    <testcase time="0.000999999999976353" classname="CLUSTER_INT_datachk" name="Check_CLUSTER_INT_dataset"/>
    <testcase time="0.0010000000000332" classname="CLUSTER_INT_datachk" name="Check_CLUSTER_INT_dataset"/>
    <testcase time="0.00200000000000955" classname="CLUSTER_INT_datachk" name="Check_CLUSTER_INT_dataset"/>
    <testcase time="0.543999999999983" classname="CLUSTER_INT_datachk" name="Check_CLUSTER_INT_dataset"/>
    <testcase time="0.0029999999999859" classname="CLUSTER_INT_datachk" name="Check_CLUSTER_INT_dataset"/>
    <testcase time="0.00200000000000955" classname="CLUSTER_INT_datachk" name="Check_CLUSTER_INT_dataset"/>
    <testcase time="0.00200000000000955" classname="CLUSTER_INT_datachk" name="Check_CLUSTER_INT_dataset"/>
    <testcase time="0.00200000000000955" classname="CLUSTER_INT_datachk" name="Check_CLUSTER_INT_dataset"/>
    <testcase time="0.00200000000000955" classname="CLUSTER_INT_datachk" name="Check_CLUSTER_INT_dataset"/>
    <testcase time="0.00199999999995271" classname="CLUSTER_INT_datachk" name="Check_CLUSTER_INT_dataset"/>
    <testcase time="0.269000000000005" classname="CLUSTER_INT_datachk" name="Check_CLUSTER_INT_dataset"/>
    <testcase time="0.0080000000000382" classname="CLUSTER_INT_datachk" name="Check_CLUSTER_INT_dataset"/>
    <testcase time="0.0029999999999859" classname="CLUSTER_INT_datachk" name="Check_CLUSTER_INT_dataset"/>
    <testcase time="0.00200000000000955" classname="CLUSTER_INT_datachk" name="Check_CLUSTER_INT_dataset"/>
    <testcase time="0.00200000000000955" classname="CLUSTER_INT_datachk" name="Check_CLUSTER_INT_dataset"/>
    <testcase time="0.00199999999995271" classname="CLUSTER_INT_datachk" name="Check_CLUSTER_INT_dataset"/>
    <testcase time="0.00200000000000955" classname="CLUSTER_INT_datachk" name="Check_CLUSTER_INT_dataset"/>
    <testcase time="0.00200000000000955" classname="CLUSTER_INT_datachk" name="Check_CLUSTER_INT_dataset"/>
    <testcase time="0.00200000000000955" classname="CLUSTER_INT_datachk" name="Check_CLUSTER_INT_dataset"/>
    <testcase time="0.536000000000001" classname="CLUSTER_INT_datachk" name="Check_CLUSTER_INT_dataset"/>
    <testcase time="0.0029999999999859" classname="CLUSTER_INT_datachk" name="Check_CLUSTER_INT_dataset"/>
    <testcase time="0.00200000000000955" classname="CLUSTER_INT_datachk" name="Check_CLUSTER_INT_dataset"/>
    <testcase time="0.0029999999999859" classname="CLUSTER_INT_datachk" name="Check_CLUSTER_INT_dataset"/>
    <testcase time="0.00200000000000955" classname="CLUSTER_INT_datachk" name="Check_CLUSTER_INT_dataset"/>
    <testcase time="0.0029999999999859" classname="CLUSTER_INT_datachk" name="Check_CLUSTER_INT_dataset"/>
    <testcase time="0.00200000000000955" classname="CLUSTER_INT_datachk" name="Check_CLUSTER_INT_dataset"/>
    <testcase time="0.271999999999991" classname="CLUSTER_INT_datachk" name="Check_CLUSTER_INT_dataset"/>
    <testcase time="0.00900000000001455" classname="CLUSTER_INT_datachk" name="Check_CLUSTER_INT_dataset"/>
    <testcase time="0.00200000000000955" classname="CLUSTER_INT_datachk" name="Check_CLUSTER_INT_dataset"/>
    <testcase time="0.0029999999999859" classname="CLUSTER_INT_datachk" name="Check_CLUSTER_INT_dataset"/>
    <testcase time="0.00200000000000955" classname="CLUSTER_INT_datachk" name="Check_CLUSTER_INT_dataset"/>
    <testcase time="0.00200000000000955" classname="CLUSTER_INT_datachk" name="Check_CLUSTER_INT_dataset"/>
    <testcase time="0.0029999999999859" classname="CLUSTER_INT_datachk" name="Check_CLUSTER_INT_dataset"/>
    <testcase time="0.00200000000000955" classname="CLUSTER_INT_datachk" name="Check_CLUSTER_INT_dataset"/>
    <testcase time="0.00200000000000955" classname="CLUSTER_INT_datachk" name="Check_CLUSTER_INT_dataset"/>
    <testcase time="0.533999999999992" classname="CLUSTER_INT_datachk" name="Check_CLUSTER_INT_dataset"/>
    <testcase time="0.0029999999999859" classname="CLUSTER_INT_datachk" name="Check_CLUSTER_INT_dataset"/>
    <testcase time="0.0029999999999859" classname="CLUSTER_INT_datachk" name="Check_CLUSTER_INT_dataset"/>
    <testcase time="0.00300000000004275" classname="CLUSTER_INT_datachk" name="Check_CLUSTER_INT_dataset"/>
    <testcase time="0.00199999999995271" classname="CLUSTER_INT_datachk" name="Check_CLUSTER_INT_dataset"/>
    <testcase time="0.00300000000004275" classname="CLUSTER_INT_datachk" name="Check_CLUSTER_INT_dataset"/>
    <testcase time="0.00399999999996226" classname="CLUSTER_INT_datachk" name="Check_CLUSTER_INT_dataset"/>
    <testcase time="0.275000000000034" classname="CLUSTER_INT_datachk" name="Check_CLUSTER_INT_dataset"/>
    <testcase time="0.0029999999999859" classname="CLUSTER_INT_datachk" name="Check_CLUSTER_INT_dataset"/>
    <testcase time="0.0029999999999859" classname="CLUSTER_INT_datachk" name="Check_CLUSTER_INT_dataset"/>
    <testcase time="0.00200000000000955" classname="CLUSTER_INT_datachk" name="Check_CLUSTER_INT_dataset"/>
    <testcase time="0.0029999999999859" classname="CLUSTER_INT_datachk" name="Check_CLUSTER_INT_dataset"/>
    <testcase time="0.0029999999999859" classname="CLUSTER_INT_datachk" name="Check_CLUSTER_INT_dataset"/>
    <testcase time="0.00200000000000955" classname="CLUSTER_INT_datachk" name="Check_CLUSTER_INT_dataset"/>
    <testcase time="0.00300000000004275" classname="CLUSTER_INT_datachk" name="Check_CLUSTER_INT_dataset"/>
    <testcase time="0.00199999999995271" classname="CLUSTER_INT_datachk" name="Check_CLUSTER_INT_dataset"/>
    <testcase time="0.53000000000003" classname="CLUSTER_INT_datachk" name="Check_CLUSTER_INT_dataset"/>
    <testcase time="0.0040000000000191" classname="CLUSTER_INT_datachk" name="Check_CLUSTER_INT_dataset"/>
    <testcase time="0.0029999999999859" classname="CLUSTER_INT_datachk" name="Check_CLUSTER_INT_dataset"/>
    <testcase time="0.00200000000000955" classname="CLUSTER_INT_datachk" name="Check_CLUSTER_INT_dataset"/>
    <testcase time="0.0029999999999859" classname="CLUSTER_INT_datachk" name="Check_CLUSTER_INT_dataset"/>
    <testcase time="0.0029999999999859" classname="CLUSTER_INT_datachk" name="Check_CLUSTER_INT_dataset"/>
    <testcase time="0.0029999999999859" classname="CLUSTER_INT_datachk" name="Check_CLUSTER_INT_dataset"/>
    <testcase time="0.268000000000029" classname="CLUSTER_INT_datachk" name="Check_CLUSTER_INT_dataset"/>
    <testcase time="0.0029999999999859" classname="CLUSTER_INT_datachk" name="Check_CLUSTER_INT_dataset"/>
    <testcase time="0.0029999999999859" classname="CLUSTER_INT_datachk" name="Check_CLUSTER_INT_dataset"/>
    <testcase time="0.00200000000000955" classname="CLUSTER_INT_datachk" name="Check_CLUSTER_INT_dataset"/>
    <testcase time="0.0029999999999859" classname="CLUSTER_INT_datachk" name="Check_CLUSTER_INT_dataset"/>
    <testcase time="0.00300000000004275" classname="CLUSTER_INT_datachk" name="Check_CLUSTER_INT_dataset"/>
    <testcase time="0.0029999999999859" classname="CLUSTER_INT_datachk" name="Check_CLUSTER_INT_dataset"/>
    <testcase time="0.0029999999999859" classname="CLUSTER_INT_datachk" name="Check_CLUSTER_INT_dataset"/>
    <testcase time="0.0029999999999859" classname="CLUSTER_INT_datachk" name="Check_CLUSTER_INT_dataset"/>
    <testcase time="0.628000000000043" classname="CLUSTER_INT_datachk" name="Check_CLUSTER_INT_dataset"/>
    <testcase time="0.0029999999999859" classname="CLUSTER_INT_datachk" name="Check_CLUSTER_INT_dataset"/>
    <testcase time="0.00900000000001455" classname="CLUSTER_INT_datachk" name="Check_CLUSTER_INT_dataset"/>
    <testcase time="0.0029999999999859" classname="CLUSTER_INT_datachk" name="Check_CLUSTER_INT_dataset"/>
    <testcase time="0.00300000000004275" classname="CLUSTER_INT_datachk" name="Check_CLUSTER_INT_dataset"/>
    <testcase time="0.0029999999999859" classname="CLUSTER_INT_datachk" name="Check_CLUSTER_INT_dataset"/>
    <testcase time="0.0029999999999859" classname="CLUSTER_INT_datachk" name="Check_CLUSTER_INT_dataset"/>
    <testcase time="0.268000000000029" classname="CLUSTER_INT_datachk" name="Check_CLUSTER_INT_dataset"/>
    <testcase time="0.0029999999999859" classname="CLUSTER_INT_datachk" name="Check_CLUSTER_INT_dataset"/>
    <testcase time="0.0029999999999859" classname="CLUSTER_INT_datachk" name="Check_CLUSTER_INT_dataset"/>
    <testcase time="0.0029999999999859" classname="CLUSTER_INT_datachk" name="Check_CLUSTER_INT_dataset"/>
    <testcase time="0.00300000000004275" classname="CLUSTER_INT_datachk" name="Check_CLUSTER_INT_dataset"/>
    <testcase time="0.00399999999996226" classname="CLUSTER_INT_datachk" name="Check_CLUSTER_INT_dataset"/>
    <testcase time="0.0029999999999859" classname="CLUSTER_INT_datachk" name="Check_CLUSTER_INT_dataset"/>
    <testcase time="0.0040000000000191" classname="CLUSTER_INT_datachk" name="Check_CLUSTER_INT_dataset"/>
    <testcase time="0.0029999999999859" classname="CLUSTER_INT_datachk" name="Check_CLUSTER_INT_dataset"/>
    <testcase time="0.54000000000002" classname="CLUSTER_INT_datachk" name="Check_CLUSTER_INT_dataset"/>
    <testcase time="0.0029999999999859" classname="CLUSTER_INT_datachk" name="Check_CLUSTER_INT_dataset"/>
    <testcase time="0.00300000000004275" classname="CLUSTER_INT_datachk" name="Check_CLUSTER_INT_dataset"/>
    <testcase time="0.00399999999996226" classname="CLUSTER_INT_datachk" name="Check_CLUSTER_INT_dataset"/>
    <testcase time="0.0029999999999859" classname="CLUSTER_INT_datachk" name="Check_CLUSTER_INT_dataset"/>
    <testcase time="0.00300000000004275" classname="CLUSTER_INT_datachk" name="Check_CLUSTER_INT_dataset"/>
    <testcase time="0.0029999999999859" classname="CLUSTER_INT_datachk" name="Check_CLUSTER_INT_dataset"/>
    <testcase time="0.274000000000001" classname="CLUSTER_INT_datachk" name="Check_CLUSTER_INT_dataset"/>
    <testcase time="0.0029999999999859" classname="CLUSTER_INT_datachk" name="Check_CLUSTER_INT_dataset"/>
    <testcase time="0.0040000000000191" classname="CLUSTER_INT_datachk" name="Check_CLUSTER_INT_dataset"/>
    <testcase time="0.00399999999996226" classname="CLUSTER_INT_datachk" name="Check_CLUSTER_INT_dataset"/>
    <testcase time="0.0040000000000191" classname="CLUSTER_INT_datachk" name="Check_CLUSTER_INT_dataset"/>
    <testcase time="0.0029999999999859" classname="CLUSTER_INT_datachk" name="Check_CLUSTER_INT_dataset"/>
    <testcase time="0.0040000000000191" classname="CLUSTER_INT_datachk" name="Check_CLUSTER_INT_dataset"/>
    <testcase time="0.0040000000000191" classname="CLUSTER_INT_datachk" name="Check_CLUSTER_INT_dataset"/>
    <testcase time="0.0029999999999859" classname="CLUSTER_INT_datachk" name="Check_CLUSTER_INT_dataset"/>
    <testcase time="0.550999999999988" classname="CLUSTER_INT_datachk" name="Check_CLUSTER_INT_dataset"/>
    <testcase time="0.0040000000000191" classname="CLUSTER_INT_datachk" name="Check_CLUSTER_INT_dataset"/>
    <testcase time="0.0040000000000191" classname="CLUSTER_INT_datachk" name="Check_CLUSTER_INT_dataset"/>
    <testcase time="0.0029999999999859" classname="CLUSTER_INT_datachk" name="Check_CLUSTER_INT_dataset"/>
    <testcase time="0.00399999999996226" classname="CLUSTER_INT_datachk" name="Check_CLUSTER_INT_dataset"/>
    <testcase time="0.0040000000000191" classname="CLUSTER_INT_datachk" name="Check_CLUSTER_INT_dataset"/>
    <testcase time="0.0040000000000191" classname="CLUSTER_INT_datachk" name="Check_CLUSTER_INT_dataset"/>
    <testcase time="0.281000000000006" classname="CLUSTER_INT_datachk" name="Check_CLUSTER_INT_dataset"/>
    <testcase time="0.00999999999999091" classname="CLUSTER_INT_datachk" name="Check_CLUSTER_INT_dataset"/>
    <testcase time="0.0029999999999859" classname="CLUSTER_INT_datachk" name="Check_CLUSTER_INT_dataset"/>
    <testcase time="0.0040000000000191" classname="CLUSTER_INT_datachk" name="Check_CLUSTER_INT_dataset"/>
    <testcase time="0.0029999999999859" classname="CLUSTER_INT_datachk" name="Check_CLUSTER_INT_dataset"/>
    <testcase time="0.0040000000000191" classname="CLUSTER_INT_datachk" name="Check_CLUSTER_INT_dataset"/>
    <testcase time="0.0029999999999859" classname="CLUSTER_INT_datachk" name="Check_CLUSTER_INT_dataset"/>
    <testcase time="0.0040000000000191" classname="CLUSTER_INT_datachk" name="Check_CLUSTER_INT_dataset"/>
    <testcase time="0.0029999999999859" classname="CLUSTER_INT_datachk" name="Check_CLUSTER_INT_dataset"/>
    <testcase time="0.543999999999983" classname="CLUSTER_INT_datachk" name="Check_CLUSTER_INT_dataset"/>
    <testcase time="0.0040000000000191" classname="CLUSTER_INT_datachk" name="Check_CLUSTER_INT_dataset"/>
    <testcase time="0.00399999999996226" classname="CLUSTER_INT_datachk" name="Check_CLUSTER_INT_dataset"/>
    <testcase time="0.0040000000000191" classname="CLUSTER_INT_datachk" name="Check_CLUSTER_INT_dataset"/>
    <testcase time="0.0040000000000191" classname="CLUSTER_INT_datachk" name="Check_CLUSTER_INT_dataset"/>
    <testcase time="0.00999999999999091" classname="CLUSTER_INT_datachk" name="Check_CLUSTER_INT_dataset"/>
    <testcase time="0.0029999999999859" classname="CLUSTER_INT_datachk" name="Check_CLUSTER_INT_dataset"/>
    <testcase time="0.271999999999991" classname="CLUSTER_INT_datachk" name="Check_CLUSTER_INT_dataset"/>
    <testcase time="0.0040000000000191" classname="CLUSTER_INT_datachk" name="Check_CLUSTER_INT_dataset"/>
    <testcase time="0.0040000000000191" classname="CLUSTER_INT_datachk" name="Check_CLUSTER_INT_dataset"/>
    <testcase time="0.00399999999996226" classname="CLUSTER_INT_datachk" name="Check_CLUSTER_INT_dataset"/>
    <testcase time="0.0040000000000191" classname="CLUSTER_INT_datachk" name="Check_CLUSTER_INT_dataset"/>
    <testcase time="0.0040000000000191" classname="CLUSTER_INT_datachk" name="Check_CLUSTER_INT_dataset"/>
    <testcase time="0.0029999999999859" classname="CLUSTER_INT_datachk" name="Check_CLUSTER_INT_dataset"/>
    <testcase time="0.00499999999999545" classname="CLUSTER_INT_datachk" name="Check_CLUSTER_INT_dataset"/>
    <testcase time="0.0040000000000191" classname="CLUSTER_INT_datachk" name="Check_CLUSTER_INT_dataset"/>
    <testcase time="0.544999999999959" classname="CLUSTER_INT_datachk" name="Check_CLUSTER_INT_dataset"/>
    <testcase time="0.0040000000000191" classname="CLUSTER_INT_datachk" name="Check_CLUSTER_INT_dataset"/>
    <testcase time="0.0040000000000191" classname="CLUSTER_INT_datachk" name="Check_CLUSTER_INT_dataset"/>
    <testcase time="0.00399999999996226" classname="CLUSTER_INT_datachk" name="Check_CLUSTER_INT_dataset"/>
    <testcase time="0.0040000000000191" classname="CLUSTER_INT_datachk" name="Check_CLUSTER_INT_dataset"/>
    <testcase time="0.0040000000000191" classname="CLUSTER_INT_datachk" name="Check_CLUSTER_INT_dataset"/>
    <testcase time="0.00399999999996226" classname="CLUSTER_INT_datachk" name="Check_CLUSTER_INT_dataset"/>
    <testcase time="0.271999999999991" classname="CLUSTER_INT_datachk" name="Check_CLUSTER_INT_dataset"/>
    <testcase time="0.0040000000000191" classname="CLUSTER_INT_datachk" name="Check_CLUSTER_INT_dataset"/>
    <testcase time="0.00499999999999545" classname="CLUSTER_INT_datachk" name="Check_CLUSTER_INT_dataset"/>
    <testcase time="0.0040000000000191" classname="CLUSTER_INT_datachk" name="Check_CLUSTER_INT_dataset"/>
    <testcase time="0.00999999999999091" classname="CLUSTER_INT_datachk" name="Check_CLUSTER_INT_dataset"/>
    <testcase time="0.0040000000000191" classname="CLUSTER_INT_datachk" name="Check_CLUSTER_INT_dataset"/>
    <testcase time="0.00399999999996226" classname="CLUSTER_INT_datachk" name="Check_CLUSTER_INT_dataset"/>
    <testcase time="0.0040000000000191" classname="CLUSTER_INT_datachk" name="Check_CLUSTER_INT_dataset"/>
    <testcase time="0.0040000000000191" classname="CLUSTER_INT_datachk" name="Check_CLUSTER_INT_dataset"/>
    <testcase time="0.536999999999978" classname="CLUSTER_INT_datachk" name="Check_CLUSTER_INT_dataset"/>
    <testcase time="0.00499999999999545" classname="CLUSTER_INT_datachk" name="Check_CLUSTER_INT_dataset"/>
    <testcase time="0.0040000000000191" classname="CLUSTER_INT_datachk" name="Check_CLUSTER_INT_dataset"/>
    <testcase time="0.00499999999999545" classname="CLUSTER_INT_datachk" name="Check_CLUSTER_INT_dataset"/>
    <testcase time="0.0040000000000191" classname="CLUSTER_INT_datachk" name="Check_CLUSTER_INT_dataset"/>
    <testcase time="0.00499999999999545" classname="CLUSTER_INT_datachk" name="Check_CLUSTER_INT_dataset"/>
    <testcase time="0.00999999999999091" classname="CLUSTER_INT_datachk" name="Check_CLUSTER_INT_dataset"/>
    <testcase time="0.278999999999996" classname="CLUSTER_INT_datachk" name="Check_CLUSTER_INT_dataset"/>
    <testcase time="0.0040000000000191" classname="CLUSTER_INT_datachk" name="Check_CLUSTER_INT_dataset"/>
    <testcase time="0.00499999999999545" classname="CLUSTER_INT_datachk" name="Check_CLUSTER_INT_dataset"/>
    <testcase time="0.00399999999996226" classname="CLUSTER_INT_datachk" name="Check_CLUSTER_INT_dataset"/>
    <testcase time="0.00499999999999545" classname="CLUSTER_INT_datachk" name="Check_CLUSTER_INT_dataset"/>
    <testcase time="0.0040000000000191" classname="CLUSTER_INT_datachk" name="Check_CLUSTER_INT_dataset"/>
    <testcase time="0.00499999999999545" classname="CLUSTER_INT_datachk" name="Check_CLUSTER_INT_dataset"/>
    <testcase time="0.00499999999999545" classname="CLUSTER_INT_datachk" name="Check_CLUSTER_INT_dataset"/>
    <testcase time="0.00499999999999545" classname="CLUSTER_INT_datachk" name="Check_CLUSTER_INT_dataset"/>
    <testcase time="0.550000000000011" classname="CLUSTER_INT_datachk" name="Check_CLUSTER_INT_dataset"/>
    <testcase time="0.00499999999999545" classname="CLUSTER_INT_datachk" name="Check_CLUSTER_INT_dataset"/>
    <testcase time="0.0040000000000191" classname="CLUSTER_INT_datachk" name="Check_CLUSTER_INT_dataset"/>
    <testcase time="0.00499999999999545" classname="CLUSTER_INT_datachk" name="Check_CLUSTER_INT_dataset"/>
    <testcase time="0.0040000000000191" classname="CLUSTER_INT_datachk" name="Check_CLUSTER_INT_dataset"/>
    <testcase time="0.00499999999999545" classname="CLUSTER_INT_datachk" name="Check_CLUSTER_INT_dataset"/>
    <testcase time="0.00499999999999545" classname="CLUSTER_INT_datachk" name="Check_CLUSTER_INT_dataset"/>
    <testcase time="0.269999999999982" classname="CLUSTER_INT_datachk" name="Check_CLUSTER_INT_dataset"/>
    <testcase time="0.00499999999999545" classname="CLUSTER_INT_datachk" name="Check_CLUSTER_INT_dataset"/>
    <testcase time="0.0120000000000005" classname="CLUSTER_INT_datachk" name="Check_CLUSTER_INT_dataset"/>
    <testcase time="0.0040000000000191" classname="CLUSTER_INT_datachk" name="Check_CLUSTER_INT_dataset"/>
    <testcase time="0.00499999999999545" classname="CLUSTER_INT_datachk" name="Check_CLUSTER_INT_dataset"/>
    <testcase time="0.0040000000000191" classname="CLUSTER_INT_datachk" name="Check_CLUSTER_INT_dataset"/>
    <testcase time="0.00499999999999545" classname="CLUSTER_INT_datachk" name="Check_CLUSTER_INT_dataset"/>
    <testcase time="0.00399999999996226" classname="CLUSTER_INT_datachk" name="Check_CLUSTER_INT_dataset"/>
    <testcase time="0.00499999999999545" classname="CLUSTER_INT_datachk" name="Check_CLUSTER_INT_dataset"/>
  </testsuite>
  <testsuite name="CLUSTER_INT::datachk::shutdown" timestamp="2020-05-04T23:04:34Z" hostname="fv-az14" tests="3" skipped="0" failures="0" errors="0" time="0.278">
    <testcase time="0.275000000000034" classname="CLUSTER_INT_datachk_shutdown" name="shutdown"/>
    <testcase time="0.000999999999976353" classname="CLUSTER_INT_datachk_shutdown" name="shutdown"/>
    <testcase time="0.00200000000000955" classname="CLUSTER_INT_datachk_shutdown" name="shutdown"/>
  </testsuite>
  <testsuite name="CLUSTER_INT::datachk::done" timestamp="2020-05-04T23:04:35Z" hostname="fv-az14" tests="0" skipped="0" failures="0" errors="0" time="0"/>
  <testsuite name="CLUSTER_SLO::datachk::setup" timestamp="2020-05-04T23:04:35Z" hostname="fv-az14" tests="3" skipped="0" failures="0" errors="0" time="5.788">
    <testcase time="5.78500000000003" classname="CLUSTER_SLO_datachk_setup" name="setup"/>
    <testcase time="0.00199999999995271" classname="CLUSTER_SLO_datachk_setup" name="setup"/>
    <testcase time="0.0010000000000332" classname="CLUSTER_SLO_datachk_setup" name="setup"/>
  </testsuite>
  <testsuite name="CLUSTER_SLO::datachk" timestamp="2020-05-04T23:04:40Z" hostname="fv-az14" tests="230" skipped="0" failures="0" errors="0" time="13.306">
    <testcase time="0.534999999999968" classname="CLUSTER_SLO_datachk" name="Check_CLUSTER_SLO_dataset"/>
    <testcase time="0.00200000000000955" classname="CLUSTER_SLO_datachk" name="Check_CLUSTER_SLO_dataset"/>
    <testcase time="0.0010000000000332" classname="CLUSTER_SLO_datachk" name="Check_CLUSTER_SLO_dataset"/>
    <testcase time="0.000999999999976353" classname="CLUSTER_SLO_datachk" name="Check_CLUSTER_SLO_dataset"/>
    <testcase time="0.000999999999976353" classname="CLUSTER_SLO_datachk" name="Check_CLUSTER_SLO_dataset"/>
    <testcase time="0.0010000000000332" classname="CLUSTER_SLO_datachk" name="Check_CLUSTER_SLO_dataset"/>
    <testcase time="0.0010000000000332" classname="CLUSTER_SLO_datachk" name="Check_CLUSTER_SLO_dataset"/>
    <testcase time="0.265999999999963" classname="CLUSTER_SLO_datachk" name="Check_CLUSTER_SLO_dataset"/>
    <testcase time="0.0010000000000332" classname="CLUSTER_SLO_datachk" name="Check_CLUSTER_SLO_dataset"/>
    <testcase time="0.000999999999976353" classname="CLUSTER_SLO_datachk" name="Check_CLUSTER_SLO_dataset"/>
    <testcase time="0.00200000000000955" classname="CLUSTER_SLO_datachk" name="Check_CLUSTER_SLO_dataset"/>
    <testcase time="0.000999999999976353" classname="CLUSTER_SLO_datachk" name="Check_CLUSTER_SLO_dataset"/>
    <testcase time="0.0010000000000332" classname="CLUSTER_SLO_datachk" name="Check_CLUSTER_SLO_dataset"/>
    <testcase time="0.00200000000000955" classname="CLUSTER_SLO_datachk" name="Check_CLUSTER_SLO_dataset"/>
    <testcase time="0.00200000000000955" classname="CLUSTER_SLO_datachk" name="Check_CLUSTER_SLO_dataset"/>
    <testcase time="1.23299999999995" classname="CLUSTER_SLO_datachk" name="Check_CLUSTER_SLO_dataset"/>
    <testcase time="0.00200000000000955" classname="CLUSTER_SLO_datachk" name="Check_CLUSTER_SLO_dataset"/>
    <testcase time="0.00200000000000955" classname="CLUSTER_SLO_datachk" name="Check_CLUSTER_SLO_dataset"/>
    <testcase time="0.0010000000000332" classname="CLUSTER_SLO_datachk" name="Check_CLUSTER_SLO_dataset"/>
    <testcase time="0.000999999999976353" classname="CLUSTER_SLO_datachk" name="Check_CLUSTER_SLO_dataset"/>
    <testcase time="0.0010000000000332" classname="CLUSTER_SLO_datachk" name="Check_CLUSTER_SLO_dataset"/>
    <testcase time="0.000999999999976353" classname="CLUSTER_SLO_datachk" name="Check_CLUSTER_SLO_dataset"/>
    <testcase time="0.540999999999997" classname="CLUSTER_SLO_datachk" name="Check_CLUSTER_SLO_dataset"/>
    <testcase time="0.00200000000000955" classname="CLUSTER_SLO_datachk" name="Check_CLUSTER_SLO_dataset"/>
    <testcase time="0.000999999999976353" classname="CLUSTER_SLO_datachk" name="Check_CLUSTER_SLO_dataset"/>
    <testcase time="0.00900000000001455" classname="CLUSTER_SLO_datachk" name="Check_CLUSTER_SLO_dataset"/>
    <testcase time="0.00200000000000955" classname="CLUSTER_SLO_datachk" name="Check_CLUSTER_SLO_dataset"/>
    <testcase time="0.000999999999976353" classname="CLUSTER_SLO_datachk" name="Check_CLUSTER_SLO_dataset"/>
    <testcase time="0.00200000000000955" classname="CLUSTER_SLO_datachk" name="Check_CLUSTER_SLO_dataset"/>
    <testcase time="0.265000000000043" classname="CLUSTER_SLO_datachk" name="Check_CLUSTER_SLO_dataset"/>
    <testcase time="0.000999999999976353" classname="CLUSTER_SLO_datachk" name="Check_CLUSTER_SLO_dataset"/>
    <testcase time="0.00200000000000955" classname="CLUSTER_SLO_datachk" name="Check_CLUSTER_SLO_dataset"/>
    <testcase time="0.000999999999976353" classname="CLUSTER_SLO_datachk" name="Check_CLUSTER_SLO_dataset"/>
    <testcase time="0.00200000000000955" classname="CLUSTER_SLO_datachk" name="Check_CLUSTER_SLO_dataset"/>
    <testcase time="0.00200000000000955" classname="CLUSTER_SLO_datachk" name="Check_CLUSTER_SLO_dataset"/>
    <testcase time="0.00200000000000955" classname="CLUSTER_SLO_datachk" name="Check_CLUSTER_SLO_dataset"/>
    <testcase time="0.000999999999976353" classname="CLUSTER_SLO_datachk" name="Check_CLUSTER_SLO_dataset"/>
    <testcase time="0.00200000000000955" classname="CLUSTER_SLO_datachk" name="Check_CLUSTER_SLO_dataset"/>
    <testcase time="0.538999999999987" classname="CLUSTER_SLO_datachk" name="Check_CLUSTER_SLO_dataset"/>
    <testcase time="0.00200000000000955" classname="CLUSTER_SLO_datachk" name="Check_CLUSTER_SLO_dataset"/>
    <testcase time="0.000999999999976353" classname="CLUSTER_SLO_datachk" name="Check_CLUSTER_SLO_dataset"/>
    <testcase time="0.00200000000000955" classname="CLUSTER_SLO_datachk" name="Check_CLUSTER_SLO_dataset"/>
    <testcase time="0.00200000000000955" classname="CLUSTER_SLO_datachk" name="Check_CLUSTER_SLO_dataset"/>
    <testcase time="0.00200000000000955" classname="CLUSTER_SLO_datachk" name="Check_CLUSTER_SLO_dataset"/>
    <testcase time="0.00200000000000955" classname="CLUSTER_SLO_datachk" name="Check_CLUSTER_SLO_dataset"/>
    <testcase time="0.27600000000001" classname="CLUSTER_SLO_datachk" name="Check_CLUSTER_SLO_dataset"/>
    <testcase time="0.00199999999995271" classname="CLUSTER_SLO_datachk" name="Check_CLUSTER_SLO_dataset"/>
    <testcase time="0.00200000000000955" classname="CLUSTER_SLO_datachk" name="Check_CLUSTER_SLO_dataset"/>
    <testcase time="0.000999999999976353" classname="CLUSTER_SLO_datachk" name="Check_CLUSTER_SLO_dataset"/>
    <testcase time="0.00200000000000955" classname="CLUSTER_SLO_datachk" name="Check_CLUSTER_SLO_dataset"/>
    <testcase time="0.0010000000000332" classname="CLUSTER_SLO_datachk" name="Check_CLUSTER_SLO_dataset"/>
    <testcase time="0.00200000000000955" classname="CLUSTER_SLO_datachk" name="Check_CLUSTER_SLO_dataset"/>
    <testcase time="0.00199999999995271" classname="CLUSTER_SLO_datachk" name="Check_CLUSTER_SLO_dataset"/>
    <testcase time="0.00200000000000955" classname="CLUSTER_SLO_datachk" name="Check_CLUSTER_SLO_dataset"/>
    <testcase time="0.54400000000004" classname="CLUSTER_SLO_datachk" name="Check_CLUSTER_SLO_dataset"/>
    <testcase time="0.00199999999995271" classname="CLUSTER_SLO_datachk" name="Check_CLUSTER_SLO_dataset"/>
    <testcase time="0.00200000000000955" classname="CLUSTER_SLO_datachk" name="Check_CLUSTER_SLO_dataset"/>
    <testcase time="0.00200000000000955" classname="CLUSTER_SLO_datachk" name="Check_CLUSTER_SLO_dataset"/>
    <testcase time="0.00200000000000955" classname="CLUSTER_SLO_datachk" name="Check_CLUSTER_SLO_dataset"/>
    <testcase time="0.00200000000000955" classname="CLUSTER_SLO_datachk" name="Check_CLUSTER_SLO_dataset"/>
    <testcase time="0.00200000000000955" classname="CLUSTER_SLO_datachk" name="Check_CLUSTER_SLO_dataset"/>
    <testcase time="0.271999999999991" classname="CLUSTER_SLO_datachk" name="Check_CLUSTER_SLO_dataset"/>
    <testcase time="0.00200000000000955" classname="CLUSTER_SLO_datachk" name="Check_CLUSTER_SLO_dataset"/>
    <testcase time="0.00200000000000955" classname="CLUSTER_SLO_datachk" name="Check_CLUSTER_SLO_dataset"/>
    <testcase time="0.00200000000000955" classname="CLUSTER_SLO_datachk" name="Check_CLUSTER_SLO_dataset"/>
    <testcase time="0.00199999999995271" classname="CLUSTER_SLO_datachk" name="Check_CLUSTER_SLO_dataset"/>
    <testcase time="0.00200000000000955" classname="CLUSTER_SLO_datachk" name="Check_CLUSTER_SLO_dataset"/>
    <testcase time="0.00200000000000955" classname="CLUSTER_SLO_datachk" name="Check_CLUSTER_SLO_dataset"/>
    <testcase time="0.00200000000000955" classname="CLUSTER_SLO_datachk" name="Check_CLUSTER_SLO_dataset"/>
    <testcase time="0.00200000000000955" classname="CLUSTER_SLO_datachk" name="Check_CLUSTER_SLO_dataset"/>
    <testcase time="0.533999999999992" classname="CLUSTER_SLO_datachk" name="Check_CLUSTER_SLO_dataset"/>
    <testcase time="0.0029999999999859" classname="CLUSTER_SLO_datachk" name="Check_CLUSTER_SLO_dataset"/>
    <testcase time="0.00200000000000955" classname="CLUSTER_SLO_datachk" name="Check_CLUSTER_SLO_dataset"/>
    <testcase time="0.0029999999999859" classname="CLUSTER_SLO_datachk" name="Check_CLUSTER_SLO_dataset"/>
    <testcase time="0.00200000000000955" classname="CLUSTER_SLO_datachk" name="Check_CLUSTER_SLO_dataset"/>
    <testcase time="0.00200000000000955" classname="CLUSTER_SLO_datachk" name="Check_CLUSTER_SLO_dataset"/>
    <testcase time="0.00999999999999091" classname="CLUSTER_SLO_datachk" name="Check_CLUSTER_SLO_dataset"/>
    <testcase time="0.274000000000001" classname="CLUSTER_SLO_datachk" name="Check_CLUSTER_SLO_dataset"/>
    <testcase time="0.0029999999999859" classname="CLUSTER_SLO_datachk" name="Check_CLUSTER_SLO_dataset"/>
    <testcase time="0.00200000000000955" classname="CLUSTER_SLO_datachk" name="Check_CLUSTER_SLO_dataset"/>
    <testcase time="0.00200000000000955" classname="CLUSTER_SLO_datachk" name="Check_CLUSTER_SLO_dataset"/>
    <testcase time="0.0029999999999859" classname="CLUSTER_SLO_datachk" name="Check_CLUSTER_SLO_dataset"/>
    <testcase time="0.00200000000000955" classname="CLUSTER_SLO_datachk" name="Check_CLUSTER_SLO_dataset"/>
    <testcase time="0.00200000000000955" classname="CLUSTER_SLO_datachk" name="Check_CLUSTER_SLO_dataset"/>
    <testcase time="0.0029999999999859" classname="CLUSTER_SLO_datachk" name="Check_CLUSTER_SLO_dataset"/>
    <testcase time="0.00200000000000955" classname="CLUSTER_SLO_datachk" name="Check_CLUSTER_SLO_dataset"/>
    <testcase time="0.608000000000004" classname="CLUSTER_SLO_datachk" name="Check_CLUSTER_SLO_dataset"/>
    <testcase time="0.0029999999999859" classname="CLUSTER_SLO_datachk" name="Check_CLUSTER_SLO_dataset"/>
    <testcase time="0.00999999999999091" classname="CLUSTER_SLO_datachk" name="Check_CLUSTER_SLO_dataset"/>
    <testcase time="0.00300000000004275" classname="CLUSTER_SLO_datachk" name="Check_CLUSTER_SLO_dataset"/>
    <testcase time="0.00199999999995271" classname="CLUSTER_SLO_datachk" name="Check_CLUSTER_SLO_dataset"/>
    <testcase time="0.00300000000004275" classname="CLUSTER_SLO_datachk" name="Check_CLUSTER_SLO_dataset"/>
    <testcase time="0.00199999999995271" classname="CLUSTER_SLO_datachk" name="Check_CLUSTER_SLO_dataset"/>
    <testcase time="0.270000000000039" classname="CLUSTER_SLO_datachk" name="Check_CLUSTER_SLO_dataset"/>
    <testcase time="0.0029999999999859" classname="CLUSTER_SLO_datachk" name="Check_CLUSTER_SLO_dataset"/>
    <testcase time="0.0029999999999859" classname="CLUSTER_SLO_datachk" name="Check_CLUSTER_SLO_dataset"/>
    <testcase time="0.00200000000000955" classname="CLUSTER_SLO_datachk" name="Check_CLUSTER_SLO_dataset"/>
    <testcase time="0.0029999999999859" classname="CLUSTER_SLO_datachk" name="Check_CLUSTER_SLO_dataset"/>
    <testcase time="0.00200000000000955" classname="CLUSTER_SLO_datachk" name="Check_CLUSTER_SLO_dataset"/>
    <testcase time="0.0029999999999859" classname="CLUSTER_SLO_datachk" name="Check_CLUSTER_SLO_dataset"/>
    <testcase time="0.00300000000004275" classname="CLUSTER_SLO_datachk" name="Check_CLUSTER_SLO_dataset"/>
    <testcase time="0.0029999999999859" classname="CLUSTER_SLO_datachk" name="Check_CLUSTER_SLO_dataset"/>
    <testcase time="0.541999999999973" classname="CLUSTER_SLO_datachk" name="Check_CLUSTER_SLO_dataset"/>
    <testcase time="0.00300000000004275" classname="CLUSTER_SLO_datachk" name="Check_CLUSTER_SLO_dataset"/>
    <testcase time="0.0029999999999859" classname="CLUSTER_SLO_datachk" name="Check_CLUSTER_SLO_dataset"/>
    <testcase time="0.00200000000000955" classname="CLUSTER_SLO_datachk" name="Check_CLUSTER_SLO_dataset"/>
    <testcase time="0.0029999999999859" classname="CLUSTER_SLO_datachk" name="Check_CLUSTER_SLO_dataset"/>
    <testcase time="0.0029999999999859" classname="CLUSTER_SLO_datachk" name="Check_CLUSTER_SLO_dataset"/>
    <testcase time="0.0029999999999859" classname="CLUSTER_SLO_datachk" name="Check_CLUSTER_SLO_dataset"/>
    <testcase time="0.265000000000043" classname="CLUSTER_SLO_datachk" name="Check_CLUSTER_SLO_dataset"/>
    <testcase time="0.0029999999999859" classname="CLUSTER_SLO_datachk" name="Check_CLUSTER_SLO_dataset"/>
    <testcase time="0.0029999999999859" classname="CLUSTER_SLO_datachk" name="Check_CLUSTER_SLO_dataset"/>
    <testcase time="0.0029999999999859" classname="CLUSTER_SLO_datachk" name="Check_CLUSTER_SLO_dataset"/>
    <testcase time="0.00300000000004275" classname="CLUSTER_SLO_datachk" name="Check_CLUSTER_SLO_dataset"/>
    <testcase time="0.0029999999999859" classname="CLUSTER_SLO_datachk" name="Check_CLUSTER_SLO_dataset"/>
    <testcase time="0.0029999999999859" classname="CLUSTER_SLO_datachk" name="Check_CLUSTER_SLO_dataset"/>
    <testcase time="0.0029999999999859" classname="CLUSTER_SLO_datachk" name="Check_CLUSTER_SLO_dataset"/>
    <testcase time="0.0029999999999859" classname="CLUSTER_SLO_datachk" name="Check_CLUSTER_SLO_dataset"/>
    <testcase time="0.548999999999978" classname="CLUSTER_SLO_datachk" name="Check_CLUSTER_SLO_dataset"/>
    <testcase time="0.00300000000004275" classname="CLUSTER_SLO_datachk" name="Check_CLUSTER_SLO_dataset"/>
    <testcase time="0.0029999999999859" classname="CLUSTER_SLO_datachk" name="Check_CLUSTER_SLO_dataset"/>
    <testcase time="0.00200000000000955" classname="CLUSTER_SLO_datachk" name="Check_CLUSTER_SLO_dataset"/>
    <testcase time="0.0029999999999859" classname="CLUSTER_SLO_datachk" name="Check_CLUSTER_SLO_dataset"/>
    <testcase time="0.0029999999999859" classname="CLUSTER_SLO_datachk" name="Check_CLUSTER_SLO_dataset"/>
    <testcase time="0.0040000000000191" classname="CLUSTER_SLO_datachk" name="Check_CLUSTER_SLO_dataset"/>
    <testcase time="0.274999999999977" classname="CLUSTER_SLO_datachk" name="Check_CLUSTER_SLO_dataset"/>
    <testcase time="0.00300000000004275" classname="CLUSTER_SLO_datachk" name="Check_CLUSTER_SLO_dataset"/>
    <testcase time="0.00399999999996226" classname="CLUSTER_SLO_datachk" name="Check_CLUSTER_SLO_dataset"/>
    <testcase time="0.00300000000004275" classname="CLUSTER_SLO_datachk" name="Check_CLUSTER_SLO_dataset"/>
    <testcase time="0.0029999999999859" classname="CLUSTER_SLO_datachk" name="Check_CLUSTER_SLO_dataset"/>
    <testcase time="0.0109999999999673" classname="CLUSTER_SLO_datachk" name="Check_CLUSTER_SLO_dataset"/>
    <testcase time="0.00300000000004275" classname="CLUSTER_SLO_datachk" name="Check_CLUSTER_SLO_dataset"/>
    <testcase time="0.0029999999999859" classname="CLUSTER_SLO_datachk" name="Check_CLUSTER_SLO_dataset"/>
    <testcase time="0.0029999999999859" classname="CLUSTER_SLO_datachk" name="Check_CLUSTER_SLO_dataset"/>
    <testcase time="0.535000000000025" classname="CLUSTER_SLO_datachk" name="Check_CLUSTER_SLO_dataset"/>
    <testcase time="0.00399999999996226" classname="CLUSTER_SLO_datachk" name="Check_CLUSTER_SLO_dataset"/>
    <testcase time="0.00300000000004275" classname="CLUSTER_SLO_datachk" name="Check_CLUSTER_SLO_dataset"/>
    <testcase time="0.0029999999999859" classname="CLUSTER_SLO_datachk" name="Check_CLUSTER_SLO_dataset"/>
    <testcase time="0.00399999999996226" classname="CLUSTER_SLO_datachk" name="Check_CLUSTER_SLO_dataset"/>
    <testcase time="0.0040000000000191" classname="CLUSTER_SLO_datachk" name="Check_CLUSTER_SLO_dataset"/>
    <testcase time="0.0029999999999859" classname="CLUSTER_SLO_datachk" name="Check_CLUSTER_SLO_dataset"/>
    <testcase time="0.272000000000048" classname="CLUSTER_SLO_datachk" name="Check_CLUSTER_SLO_dataset"/>
    <testcase time="0.00399999999996226" classname="CLUSTER_SLO_datachk" name="Check_CLUSTER_SLO_dataset"/>
    <testcase time="0.0040000000000191" classname="CLUSTER_SLO_datachk" name="Check_CLUSTER_SLO_dataset"/>
    <testcase time="0.0029999999999859" classname="CLUSTER_SLO_datachk" name="Check_CLUSTER_SLO_dataset"/>
    <testcase time="0.0029999999999859" classname="CLUSTER_SLO_datachk" name="Check_CLUSTER_SLO_dataset"/>
    <testcase time="0.0040000000000191" classname="CLUSTER_SLO_datachk" name="Check_CLUSTER_SLO_dataset"/>
    <testcase time="0.0029999999999859" classname="CLUSTER_SLO_datachk" name="Check_CLUSTER_SLO_dataset"/>
    <testcase time="0.0040000000000191" classname="CLUSTER_SLO_datachk" name="Check_CLUSTER_SLO_dataset"/>
    <testcase time="0.0029999999999859" classname="CLUSTER_SLO_datachk" name="Check_CLUSTER_SLO_dataset"/>
    <testcase time="0.54200000000003" classname="CLUSTER_SLO_datachk" name="Check_CLUSTER_SLO_dataset"/>
    <testcase time="0.00999999999999091" classname="CLUSTER_SLO_datachk" name="Check_CLUSTER_SLO_dataset"/>
    <testcase time="0.00399999999996226" classname="CLUSTER_SLO_datachk" name="Check_CLUSTER_SLO_dataset"/>
    <testcase time="0.00300000000004275" classname="CLUSTER_SLO_datachk" name="Check_CLUSTER_SLO_dataset"/>
    <testcase time="0.00399999999996226" classname="CLUSTER_SLO_datachk" name="Check_CLUSTER_SLO_dataset"/>
    <testcase time="0.00300000000004275" classname="CLUSTER_SLO_datachk" name="Check_CLUSTER_SLO_dataset"/>
    <testcase time="0.00399999999996226" classname="CLUSTER_SLO_datachk" name="Check_CLUSTER_SLO_dataset"/>
    <testcase time="0.269000000000005" classname="CLUSTER_SLO_datachk" name="Check_CLUSTER_SLO_dataset"/>
    <testcase time="0.0040000000000191" classname="CLUSTER_SLO_datachk" name="Check_CLUSTER_SLO_dataset"/>
    <testcase time="0.0029999999999859" classname="CLUSTER_SLO_datachk" name="Check_CLUSTER_SLO_dataset"/>
    <testcase time="0.0029999999999859" classname="CLUSTER_SLO_datachk" name="Check_CLUSTER_SLO_dataset"/>
    <testcase time="0.00399999999996226" classname="CLUSTER_SLO_datachk" name="Check_CLUSTER_SLO_dataset"/>
    <testcase time="0.0040000000000191" classname="CLUSTER_SLO_datachk" name="Check_CLUSTER_SLO_dataset"/>
    <testcase time="0.0040000000000191" classname="CLUSTER_SLO_datachk" name="Check_CLUSTER_SLO_dataset"/>
    <testcase time="0.00399999999996226" classname="CLUSTER_SLO_datachk" name="Check_CLUSTER_SLO_dataset"/>
    <testcase time="0.0040000000000191" classname="CLUSTER_SLO_datachk" name="Check_CLUSTER_SLO_dataset"/>
    <testcase time="0.548000000000002" classname="CLUSTER_SLO_datachk" name="Check_CLUSTER_SLO_dataset"/>
    <testcase time="0.0040000000000191" classname="CLUSTER_SLO_datachk" name="Check_CLUSTER_SLO_dataset"/>
    <testcase time="0.00399999999996226" classname="CLUSTER_SLO_datachk" name="Check_CLUSTER_SLO_dataset"/>
    <testcase time="0.0040000000000191" classname="CLUSTER_SLO_datachk" name="Check_CLUSTER_SLO_dataset"/>
    <testcase time="0.0029999999999859" classname="CLUSTER_SLO_datachk" name="Check_CLUSTER_SLO_dataset"/>
    <testcase time="0.0040000000000191" classname="CLUSTER_SLO_datachk" name="Check_CLUSTER_SLO_dataset"/>
    <testcase time="0.0040000000000191" classname="CLUSTER_SLO_datachk" name="Check_CLUSTER_SLO_dataset"/>
    <testcase time="0.267999999999972" classname="CLUSTER_SLO_datachk" name="Check_CLUSTER_SLO_dataset"/>
    <testcase time="0.0120000000000005" classname="CLUSTER_SLO_datachk" name="Check_CLUSTER_SLO_dataset"/>
    <testcase time="0.0040000000000191" classname="CLUSTER_SLO_datachk" name="Check_CLUSTER_SLO_dataset"/>
    <testcase time="0.0029999999999859" classname="CLUSTER_SLO_datachk" name="Check_CLUSTER_SLO_dataset"/>
    <testcase time="0.0040000000000191" classname="CLUSTER_SLO_datachk" name="Check_CLUSTER_SLO_dataset"/>
    <testcase time="0.0029999999999859" classname="CLUSTER_SLO_datachk" name="Check_CLUSTER_SLO_dataset"/>
    <testcase time="0.0040000000000191" classname="CLUSTER_SLO_datachk" name="Check_CLUSTER_SLO_dataset"/>
    <testcase time="0.00399999999996226" classname="CLUSTER_SLO_datachk" name="Check_CLUSTER_SLO_dataset"/>
    <testcase time="0.00300000000004275" classname="CLUSTER_SLO_datachk" name="Check_CLUSTER_SLO_dataset"/>
    <testcase time="0.537999999999954" classname="CLUSTER_SLO_datachk" name="Check_CLUSTER_SLO_dataset"/>
    <testcase time="0.00399999999996226" classname="CLUSTER_SLO_datachk" name="Check_CLUSTER_SLO_dataset"/>
    <testcase time="0.0040000000000191" classname="CLUSTER_SLO_datachk" name="Check_CLUSTER_SLO_dataset"/>
    <testcase time="0.0120000000000005" classname="CLUSTER_SLO_datachk" name="Check_CLUSTER_SLO_dataset"/>
    <testcase time="0.0040000000000191" classname="CLUSTER_SLO_datachk" name="Check_CLUSTER_SLO_dataset"/>
    <testcase time="0.0029999999999859" classname="CLUSTER_SLO_datachk" name="Check_CLUSTER_SLO_dataset"/>
    <testcase time="0.0040000000000191" classname="CLUSTER_SLO_datachk" name="Check_CLUSTER_SLO_dataset"/>
    <testcase time="0.269999999999982" classname="CLUSTER_SLO_datachk" name="Check_CLUSTER_SLO_dataset"/>
    <testcase time="0.0040000000000191" classname="CLUSTER_SLO_datachk" name="Check_CLUSTER_SLO_dataset"/>
    <testcase time="0.00499999999999545" classname="CLUSTER_SLO_datachk" name="Check_CLUSTER_SLO_dataset"/>
    <testcase time="0.00399999999996226" classname="CLUSTER_SLO_datachk" name="Check_CLUSTER_SLO_dataset"/>
    <testcase time="0.00499999999999545" classname="CLUSTER_SLO_datachk" name="Check_CLUSTER_SLO_dataset"/>
    <testcase time="0.0040000000000191" classname="CLUSTER_SLO_datachk" name="Check_CLUSTER_SLO_dataset"/>
    <testcase time="0.0040000000000191" classname="CLUSTER_SLO_datachk" name="Check_CLUSTER_SLO_dataset"/>
    <testcase time="0.00499999999999545" classname="CLUSTER_SLO_datachk" name="Check_CLUSTER_SLO_dataset"/>
    <testcase time="0.00499999999999545" classname="CLUSTER_SLO_datachk" name="Check_CLUSTER_SLO_dataset"/>
    <testcase time="0.540999999999997" classname="CLUSTER_SLO_datachk" name="Check_CLUSTER_SLO_dataset"/>
    <testcase time="0.0040000000000191" classname="CLUSTER_SLO_datachk" name="Check_CLUSTER_SLO_dataset"/>
    <testcase time="0.00399999999996226" classname="CLUSTER_SLO_datachk" name="Check_CLUSTER_SLO_dataset"/>
    <testcase time="0.0040000000000191" classname="CLUSTER_SLO_datachk" name="Check_CLUSTER_SLO_dataset"/>
    <testcase time="0.00499999999999545" classname="CLUSTER_SLO_datachk" name="Check_CLUSTER_SLO_dataset"/>
    <testcase time="0.0040000000000191" classname="CLUSTER_SLO_datachk" name="Check_CLUSTER_SLO_dataset"/>
    <testcase time="0.00399999999996226" classname="CLUSTER_SLO_datachk" name="Check_CLUSTER_SLO_dataset"/>
    <testcase time="0.27600000000001" classname="CLUSTER_SLO_datachk" name="Check_CLUSTER_SLO_dataset"/>
    <testcase time="0.00499999999999545" classname="CLUSTER_SLO_datachk" name="Check_CLUSTER_SLO_dataset"/>
    <testcase time="0.0040000000000191" classname="CLUSTER_SLO_datachk" name="Check_CLUSTER_SLO_dataset"/>
    <testcase time="0.00499999999999545" classname="CLUSTER_SLO_datachk" name="Check_CLUSTER_SLO_dataset"/>
    <testcase time="0.0040000000000191" classname="CLUSTER_SLO_datachk" name="Check_CLUSTER_SLO_dataset"/>
    <testcase time="0.00399999999996226" classname="CLUSTER_SLO_datachk" name="Check_CLUSTER_SLO_dataset"/>
    <testcase time="0.00499999999999545" classname="CLUSTER_SLO_datachk" name="Check_CLUSTER_SLO_dataset"/>
    <testcase time="0.0040000000000191" classname="CLUSTER_SLO_datachk" name="Check_CLUSTER_SLO_dataset"/>
    <testcase time="0.00499999999999545" classname="CLUSTER_SLO_datachk" name="Check_CLUSTER_SLO_dataset"/>
    <testcase time="0.538999999999987" classname="CLUSTER_SLO_datachk" name="Check_CLUSTER_SLO_dataset"/>
    <testcase time="0.0040000000000191" classname="CLUSTER_SLO_datachk" name="Check_CLUSTER_SLO_dataset"/>
    <testcase time="0.00399999999996226" classname="CLUSTER_SLO_datachk" name="Check_CLUSTER_SLO_dataset"/>
    <testcase time="0.0040000000000191" classname="CLUSTER_SLO_datachk" name="Check_CLUSTER_SLO_dataset"/>
    <testcase time="0.00399999999996226" classname="CLUSTER_SLO_datachk" name="Check_CLUSTER_SLO_dataset"/>
    <testcase time="0.0050000000000523" classname="CLUSTER_SLO_datachk" name="Check_CLUSTER_SLO_dataset"/>
    <testcase time="0.00399999999996226" classname="CLUSTER_SLO_datachk" name="Check_CLUSTER_SLO_dataset"/>
    <testcase time="0.268000000000029" classname="CLUSTER_SLO_datachk" name="Check_CLUSTER_SLO_dataset"/>
    <testcase time="0.00499999999999545" classname="CLUSTER_SLO_datachk" name="Check_CLUSTER_SLO_dataset"/>
    <testcase time="0.00499999999999545" classname="CLUSTER_SLO_datachk" name="Check_CLUSTER_SLO_dataset"/>
    <testcase time="0.00499999999999545" classname="CLUSTER_SLO_datachk" name="Check_CLUSTER_SLO_dataset"/>
    <testcase time="0.00499999999999545" classname="CLUSTER_SLO_datachk" name="Check_CLUSTER_SLO_dataset"/>
    <testcase time="0.0120000000000005" classname="CLUSTER_SLO_datachk" name="Check_CLUSTER_SLO_dataset"/>
    <testcase time="0.0050000000000523" classname="CLUSTER_SLO_datachk" name="Check_CLUSTER_SLO_dataset"/>
    <testcase time="0.00499999999999545" classname="CLUSTER_SLO_datachk" name="Check_CLUSTER_SLO_dataset"/>
    <testcase time="0.00399999999996226" classname="CLUSTER_SLO_datachk" name="Check_CLUSTER_SLO_dataset"/>
  </testsuite>
  <testsuite name="CLUSTER_SLO::datachk::shutdown" timestamp="2020-05-04T23:04:54Z" hostname="fv-az14" tests="3" skipped="0" failures="0" errors="0" time="0.28">
    <testcase time="0.277000000000044" classname="CLUSTER_SLO_datachk_shutdown" name="shutdown"/>
    <testcase time="0.000999999999976353" classname="CLUSTER_SLO_datachk_shutdown" name="shutdown"/>
    <testcase time="0.00200000000000955" classname="CLUSTER_SLO_datachk_shutdown" name="shutdown"/>
  </testsuite>
  <testsuite name="CLUSTER_SLO::datachk::done" timestamp="2020-05-04T23:04:54Z" hostname="fv-az14" tests="0" skipped="0" failures="0" errors="0" time="0"/>
  <testsuite name="CNSIM::datachk::setup" timestamp="2020-05-04T23:04:54Z" hostname="fv-az14" tests="3" skipped="0" failures="0" errors="0" time="5.225">
    <testcase time="5.22199999999998" classname="CNSIM_datachk_setup" name="setup"/>
    <testcase time="0.00200000000000955" classname="CNSIM_datachk_setup" name="setup"/>
    <testcase time="0.000999999999976353" classname="CNSIM_datachk_setup" name="setup"/>
  </testsuite>
  <testsuite name="CNSIM::datachk" timestamp="2020-05-04T23:04:59Z" hostname="fv-az14" tests="198" skipped="0" failures="0" errors="0" time="11.562">
    <testcase time="0.54400000000004" classname="CNSIM_datachk" name="Check_CNSIM_dataset"/>
    <testcase time="0.000999999999976353" classname="CNSIM_datachk" name="Check_CNSIM_dataset"/>
    <testcase time="0.00200000000000955" classname="CNSIM_datachk" name="Check_CNSIM_dataset"/>
    <testcase time="0.000999999999976353" classname="CNSIM_datachk" name="Check_CNSIM_dataset"/>
    <testcase time="0.0010000000000332" classname="CNSIM_datachk" name="Check_CNSIM_dataset"/>
    <testcase time="0.000999999999976353" classname="CNSIM_datachk" name="Check_CNSIM_dataset"/>
    <testcase time="0.0010000000000332" classname="CNSIM_datachk" name="Check_CNSIM_dataset"/>
    <testcase time="0.265999999999963" classname="CNSIM_datachk" name="Check_CNSIM_dataset"/>
    <testcase time="0.0010000000000332" classname="CNSIM_datachk" name="Check_CNSIM_dataset"/>
    <testcase time="0.00199999999995271" classname="CNSIM_datachk" name="Check_CNSIM_dataset"/>
    <testcase time="0.0010000000000332" classname="CNSIM_datachk" name="Check_CNSIM_dataset"/>
    <testcase time="0.00200000000000955" classname="CNSIM_datachk" name="Check_CNSIM_dataset"/>
    <testcase time="0.000999999999976353" classname="CNSIM_datachk" name="Check_CNSIM_dataset"/>
    <testcase time="0.00200000000000955" classname="CNSIM_datachk" name="Check_CNSIM_dataset"/>
    <testcase time="0.000999999999976353" classname="CNSIM_datachk" name="Check_CNSIM_dataset"/>
    <testcase time="1.21600000000001" classname="CNSIM_datachk" name="Check_CNSIM_dataset"/>
    <testcase time="0.0010000000000332" classname="CNSIM_datachk" name="Check_CNSIM_dataset"/>
    <testcase time="0.00199999999995271" classname="CNSIM_datachk" name="Check_CNSIM_dataset"/>
    <testcase time="0.0010000000000332" classname="CNSIM_datachk" name="Check_CNSIM_dataset"/>
    <testcase time="0.000999999999976353" classname="CNSIM_datachk" name="Check_CNSIM_dataset"/>
    <testcase time="0.00200000000000955" classname="CNSIM_datachk" name="Check_CNSIM_dataset"/>
    <testcase time="0.0010000000000332" classname="CNSIM_datachk" name="Check_CNSIM_dataset"/>
    <testcase time="0.536000000000001" classname="CNSIM_datachk" name="Check_CNSIM_dataset"/>
    <testcase time="0.000999999999976353" classname="CNSIM_datachk" name="Check_CNSIM_dataset"/>
    <testcase time="0.00200000000000955" classname="CNSIM_datachk" name="Check_CNSIM_dataset"/>
    <testcase time="0.00200000000000955" classname="CNSIM_datachk" name="Check_CNSIM_dataset"/>
    <testcase time="0.000999999999976353" classname="CNSIM_datachk" name="Check_CNSIM_dataset"/>
    <testcase time="0.00200000000000955" classname="CNSIM_datachk" name="Check_CNSIM_dataset"/>
    <testcase time="0.000999999999976353" classname="CNSIM_datachk" name="Check_CNSIM_dataset"/>
    <testcase time="0.271000000000015" classname="CNSIM_datachk" name="Check_CNSIM_dataset"/>
    <testcase time="0.00900000000001455" classname="CNSIM_datachk" name="Check_CNSIM_dataset"/>
    <testcase time="0.00200000000000955" classname="CNSIM_datachk" name="Check_CNSIM_dataset"/>
    <testcase time="0.000999999999976353" classname="CNSIM_datachk" name="Check_CNSIM_dataset"/>
    <testcase time="0.00200000000000955" classname="CNSIM_datachk" name="Check_CNSIM_dataset"/>
    <testcase time="0.000999999999976353" classname="CNSIM_datachk" name="Check_CNSIM_dataset"/>
    <testcase time="0.00200000000000955" classname="CNSIM_datachk" name="Check_CNSIM_dataset"/>
    <testcase time="0.00200000000000955" classname="CNSIM_datachk" name="Check_CNSIM_dataset"/>
    <testcase time="0.000999999999976353" classname="CNSIM_datachk" name="Check_CNSIM_dataset"/>
    <testcase time="0.540999999999997" classname="CNSIM_datachk" name="Check_CNSIM_dataset"/>
    <testcase time="0.00200000000000955" classname="CNSIM_datachk" name="Check_CNSIM_dataset"/>
    <testcase time="0.00200000000000955" classname="CNSIM_datachk" name="Check_CNSIM_dataset"/>
    <testcase time="0.01400000000001" classname="CNSIM_datachk" name="Check_CNSIM_dataset"/>
    <testcase time="0.00200000000000955" classname="CNSIM_datachk" name="Check_CNSIM_dataset"/>
    <testcase time="0.00200000000000955" classname="CNSIM_datachk" name="Check_CNSIM_dataset"/>
    <testcase time="0.00199999999995271" classname="CNSIM_datachk" name="Check_CNSIM_dataset"/>
    <testcase time="0.27600000000001" classname="CNSIM_datachk" name="Check_CNSIM_dataset"/>
    <testcase time="0.00200000000000955" classname="CNSIM_datachk" name="Check_CNSIM_dataset"/>
    <testcase time="0.00200000000000955" classname="CNSIM_datachk" name="Check_CNSIM_dataset"/>
    <testcase time="0.00200000000000955" classname="CNSIM_datachk" name="Check_CNSIM_dataset"/>
    <testcase time="0.00200000000000955" classname="CNSIM_datachk" name="Check_CNSIM_dataset"/>
    <testcase time="0.00199999999995271" classname="CNSIM_datachk" name="Check_CNSIM_dataset"/>
    <testcase time="0.00200000000000955" classname="CNSIM_datachk" name="Check_CNSIM_dataset"/>
    <testcase time="0.00200000000000955" classname="CNSIM_datachk" name="Check_CNSIM_dataset"/>
    <testcase time="0.00799999999998136" classname="CNSIM_datachk" name="Check_CNSIM_dataset"/>
    <testcase time="0.540999999999997" classname="CNSIM_datachk" name="Check_CNSIM_dataset"/>
    <testcase time="0.00200000000000955" classname="CNSIM_datachk" name="Check_CNSIM_dataset"/>
    <testcase time="0.00200000000000955" classname="CNSIM_datachk" name="Check_CNSIM_dataset"/>
    <testcase time="0.00200000000000955" classname="CNSIM_datachk" name="Check_CNSIM_dataset"/>
    <testcase time="0.00200000000000955" classname="CNSIM_datachk" name="Check_CNSIM_dataset"/>
    <testcase time="0.00200000000000955" classname="CNSIM_datachk" name="Check_CNSIM_dataset"/>
    <testcase time="0.00199999999995271" classname="CNSIM_datachk" name="Check_CNSIM_dataset"/>
    <testcase time="0.274000000000001" classname="CNSIM_datachk" name="Check_CNSIM_dataset"/>
    <testcase time="0.00200000000000955" classname="CNSIM_datachk" name="Check_CNSIM_dataset"/>
    <testcase time="0.00200000000000955" classname="CNSIM_datachk" name="Check_CNSIM_dataset"/>
    <testcase time="0.00200000000000955" classname="CNSIM_datachk" name="Check_CNSIM_dataset"/>
    <testcase time="0.00200000000000955" classname="CNSIM_datachk" name="Check_CNSIM_dataset"/>
    <testcase time="0.00200000000000955" classname="CNSIM_datachk" name="Check_CNSIM_dataset"/>
    <testcase time="0.0029999999999859" classname="CNSIM_datachk" name="Check_CNSIM_dataset"/>
    <testcase time="0.00200000000000955" classname="CNSIM_datachk" name="Check_CNSIM_dataset"/>
    <testcase time="0.0029999999999859" classname="CNSIM_datachk" name="Check_CNSIM_dataset"/>
    <testcase time="0.545999999999992" classname="CNSIM_datachk" name="Check_CNSIM_dataset"/>
    <testcase time="0.0029999999999859" classname="CNSIM_datachk" name="Check_CNSIM_dataset"/>
    <testcase time="0.00200000000000955" classname="CNSIM_datachk" name="Check_CNSIM_dataset"/>
    <testcase time="0.00200000000000955" classname="CNSIM_datachk" name="Check_CNSIM_dataset"/>
    <testcase time="0.00200000000000955" classname="CNSIM_datachk" name="Check_CNSIM_dataset"/>
    <testcase time="0.00200000000000955" classname="CNSIM_datachk" name="Check_CNSIM_dataset"/>
    <testcase time="0.0029999999999859" classname="CNSIM_datachk" name="Check_CNSIM_dataset"/>
    <testcase time="0.264999999999986" classname="CNSIM_datachk" name="Check_CNSIM_dataset"/>
    <testcase time="0.0029999999999859" classname="CNSIM_datachk" name="Check_CNSIM_dataset"/>
    <testcase time="0.00300000000004275" classname="CNSIM_datachk" name="Check_CNSIM_dataset"/>
    <testcase time="0.00199999999995271" classname="CNSIM_datachk" name="Check_CNSIM_dataset"/>
    <testcase time="0.00300000000004275" classname="CNSIM_datachk" name="Check_CNSIM_dataset"/>
    <testcase time="0.00199999999995271" classname="CNSIM_datachk" name="Check_CNSIM_dataset"/>
    <testcase time="0.00300000000004275" classname="CNSIM_datachk" name="Check_CNSIM_dataset"/>
    <testcase time="0.00200000000000955" classname="CNSIM_datachk" name="Check_CNSIM_dataset"/>
    <testcase time="0.00899999999995771" classname="CNSIM_datachk" name="Check_CNSIM_dataset"/>
    <testcase time="0.533999999999992" classname="CNSIM_datachk" name="Check_CNSIM_dataset"/>
    <testcase time="0.00300000000004275" classname="CNSIM_datachk" name="Check_CNSIM_dataset"/>
    <testcase time="0.00200000000000955" classname="CNSIM_datachk" name="Check_CNSIM_dataset"/>
    <testcase time="0.0029999999999859" classname="CNSIM_datachk" name="Check_CNSIM_dataset"/>
    <testcase time="0.0029999999999859" classname="CNSIM_datachk" name="Check_CNSIM_dataset"/>
    <testcase time="0.00200000000000955" classname="CNSIM_datachk" name="Check_CNSIM_dataset"/>
    <testcase time="0.0029999999999859" classname="CNSIM_datachk" name="Check_CNSIM_dataset"/>
    <testcase time="0.27800000000002" classname="CNSIM_datachk" name="Check_CNSIM_dataset"/>
    <testcase time="0.0029999999999859" classname="CNSIM_datachk" name="Check_CNSIM_dataset"/>
    <testcase time="0.0029999999999859" classname="CNSIM_datachk" name="Check_CNSIM_dataset"/>
    <testcase time="0.00300000000004275" classname="CNSIM_datachk" name="Check_CNSIM_dataset"/>
    <testcase time="0.00899999999995771" classname="CNSIM_datachk" name="Check_CNSIM_dataset"/>
    <testcase time="0.0029999999999859" classname="CNSIM_datachk" name="Check_CNSIM_dataset"/>
    <testcase time="0.00200000000000955" classname="CNSIM_datachk" name="Check_CNSIM_dataset"/>
    <testcase time="0.00300000000004275" classname="CNSIM_datachk" name="Check_CNSIM_dataset"/>
    <testcase time="0.0029999999999859" classname="CNSIM_datachk" name="Check_CNSIM_dataset"/>
    <testcase time="0.567000000000007" classname="CNSIM_datachk" name="Check_CNSIM_dataset"/>
    <testcase time="0.0029999999999859" classname="CNSIM_datachk" name="Check_CNSIM_dataset"/>
    <testcase time="0.00200000000000955" classname="CNSIM_datachk" name="Check_CNSIM_dataset"/>
    <testcase time="0.0029999999999859" classname="CNSIM_datachk" name="Check_CNSIM_dataset"/>
    <testcase time="0.0029999999999859" classname="CNSIM_datachk" name="Check_CNSIM_dataset"/>
    <testcase time="0.00300000000004275" classname="CNSIM_datachk" name="Check_CNSIM_dataset"/>
    <testcase time="0.0029999999999859" classname="CNSIM_datachk" name="Check_CNSIM_dataset"/>
    <testcase time="0.324999999999989" classname="CNSIM_datachk" name="Check_CNSIM_dataset"/>
    <testcase time="0.0029999999999859" classname="CNSIM_datachk" name="Check_CNSIM_dataset"/>
    <testcase time="0.0029999999999859" classname="CNSIM_datachk" name="Check_CNSIM_dataset"/>
    <testcase time="0.00200000000000955" classname="CNSIM_datachk" name="Check_CNSIM_dataset"/>
    <testcase time="0.00300000000004275" classname="CNSIM_datachk" name="Check_CNSIM_dataset"/>
    <testcase time="0.0029999999999859" classname="CNSIM_datachk" name="Check_CNSIM_dataset"/>
    <testcase time="0.0029999999999859" classname="CNSIM_datachk" name="Check_CNSIM_dataset"/>
    <testcase time="0.0029999999999859" classname="CNSIM_datachk" name="Check_CNSIM_dataset"/>
    <testcase time="0.00300000000004275" classname="CNSIM_datachk" name="Check_CNSIM_dataset"/>
    <testcase time="0.531999999999982" classname="CNSIM_datachk" name="Check_CNSIM_dataset"/>
    <testcase time="0.0040000000000191" classname="CNSIM_datachk" name="Check_CNSIM_dataset"/>
    <testcase time="0.00299999999992906" classname="CNSIM_datachk" name="Check_CNSIM_dataset"/>
    <testcase time="0.00300000000004275" classname="CNSIM_datachk" name="Check_CNSIM_dataset"/>
    <testcase time="0.00300000000004275" classname="CNSIM_datachk" name="Check_CNSIM_dataset"/>
    <testcase time="0.00299999999992906" classname="CNSIM_datachk" name="Check_CNSIM_dataset"/>
    <testcase time="0.0040000000000191" classname="CNSIM_datachk" name="Check_CNSIM_dataset"/>
    <testcase time="0.270999999999958" classname="CNSIM_datachk" name="Check_CNSIM_dataset"/>
    <testcase time="0.00300000000004275" classname="CNSIM_datachk" name="Check_CNSIM_dataset"/>
    <testcase time="0.0040000000000191" classname="CNSIM_datachk" name="Check_CNSIM_dataset"/>
    <testcase time="0.00300000000004275" classname="CNSIM_datachk" name="Check_CNSIM_dataset"/>
    <testcase time="0.00299999999992906" classname="CNSIM_datachk" name="Check_CNSIM_dataset"/>
    <testcase time="0.00300000000004275" classname="CNSIM_datachk" name="Check_CNSIM_dataset"/>
    <testcase time="0.00299999999992906" classname="CNSIM_datachk" name="Check_CNSIM_dataset"/>
    <testcase time="0.00300000000004275" classname="CNSIM_datachk" name="Check_CNSIM_dataset"/>
    <testcase time="0.00300000000004275" classname="CNSIM_datachk" name="Check_CNSIM_dataset"/>
    <testcase time="0.534999999999968" classname="CNSIM_datachk" name="Check_CNSIM_dataset"/>
    <testcase time="0.00999999999999091" classname="CNSIM_datachk" name="Check_CNSIM_dataset"/>
    <testcase time="0.00300000000004275" classname="CNSIM_datachk" name="Check_CNSIM_dataset"/>
    <testcase time="0.00299999999992906" classname="CNSIM_datachk" name="Check_CNSIM_dataset"/>
    <testcase time="0.00300000000004275" classname="CNSIM_datachk" name="Check_CNSIM_dataset"/>
    <testcase time="0.00300000000004275" classname="CNSIM_datachk" name="Check_CNSIM_dataset"/>
    <testcase time="0.00299999999992906" classname="CNSIM_datachk" name="Check_CNSIM_dataset"/>
    <testcase time="0.276000000000067" classname="CNSIM_datachk" name="Check_CNSIM_dataset"/>
    <testcase time="0.00399999999990541" classname="CNSIM_datachk" name="Check_CNSIM_dataset"/>
    <testcase time="0.00300000000004275" classname="CNSIM_datachk" name="Check_CNSIM_dataset"/>
    <testcase time="0.00300000000004275" classname="CNSIM_datachk" name="Check_CNSIM_dataset"/>
    <testcase time="0.00399999999990541" classname="CNSIM_datachk" name="Check_CNSIM_dataset"/>
    <testcase time="0.00300000000004275" classname="CNSIM_datachk" name="Check_CNSIM_dataset"/>
    <testcase time="0.0040000000000191" classname="CNSIM_datachk" name="Check_CNSIM_dataset"/>
    <testcase time="0.00300000000004275" classname="CNSIM_datachk" name="Check_CNSIM_dataset"/>
    <testcase time="0.00399999999990541" classname="CNSIM_datachk" name="Check_CNSIM_dataset"/>
    <testcase time="0.538000000000011" classname="CNSIM_datachk" name="Check_CNSIM_dataset"/>
    <testcase time="0.0040000000000191" classname="CNSIM_datachk" name="Check_CNSIM_dataset"/>
    <testcase time="0.00300000000004275" classname="CNSIM_datachk" name="Check_CNSIM_dataset"/>
    <testcase time="0.0040000000000191" classname="CNSIM_datachk" name="Check_CNSIM_dataset"/>
    <testcase time="0.00299999999992906" classname="CNSIM_datachk" name="Check_CNSIM_dataset"/>
    <testcase time="0.0040000000000191" classname="CNSIM_datachk" name="Check_CNSIM_dataset"/>
    <testcase time="0.00300000000004275" classname="CNSIM_datachk" name="Check_CNSIM_dataset"/>
    <testcase time="0.270999999999958" classname="CNSIM_datachk" name="Check_CNSIM_dataset"/>
    <testcase time="0.0040000000000191" classname="CNSIM_datachk" name="Check_CNSIM_dataset"/>
    <testcase time="0.00300000000004275" classname="CNSIM_datachk" name="Check_CNSIM_dataset"/>
    <testcase time="0.00300000000004275" classname="CNSIM_datachk" name="Check_CNSIM_dataset"/>
    <testcase time="0.00399999999990541" classname="CNSIM_datachk" name="Check_CNSIM_dataset"/>
    <testcase time="0.0040000000000191" classname="CNSIM_datachk" name="Check_CNSIM_dataset"/>
    <testcase time="0.00999999999999091" classname="CNSIM_datachk" name="Check_CNSIM_dataset"/>
    <testcase time="0.00300000000004275" classname="CNSIM_datachk" name="Check_CNSIM_dataset"/>
    <testcase time="0.0040000000000191" classname="CNSIM_datachk" name="Check_CNSIM_dataset"/>
    <testcase time="0.546999999999912" classname="CNSIM_datachk" name="Check_CNSIM_dataset"/>
    <testcase time="0.0040000000000191" classname="CNSIM_datachk" name="Check_CNSIM_dataset"/>
    <testcase time="0.0040000000000191" classname="CNSIM_datachk" name="Check_CNSIM_dataset"/>
    <testcase time="0.0040000000000191" classname="CNSIM_datachk" name="Check_CNSIM_dataset"/>
    <testcase time="0.0040000000000191" classname="CNSIM_datachk" name="Check_CNSIM_dataset"/>
    <testcase time="0.0040000000000191" classname="CNSIM_datachk" name="Check_CNSIM_dataset"/>
    <testcase time="0.0040000000000191" classname="CNSIM_datachk" name="Check_CNSIM_dataset"/>
    <testcase time="0.269999999999982" classname="CNSIM_datachk" name="Check_CNSIM_dataset"/>
    <testcase time="0.0040000000000191" classname="CNSIM_datachk" name="Check_CNSIM_dataset"/>
    <testcase time="0.00299999999992906" classname="CNSIM_datachk" name="Check_CNSIM_dataset"/>
    <testcase time="0.0040000000000191" classname="CNSIM_datachk" name="Check_CNSIM_dataset"/>
    <testcase time="0.0040000000000191" classname="CNSIM_datachk" name="Check_CNSIM_dataset"/>
    <testcase time="0.00300000000004275" classname="CNSIM_datachk" name="Check_CNSIM_dataset"/>
    <testcase time="0.00399999999990541" classname="CNSIM_datachk" name="Check_CNSIM_dataset"/>
    <testcase time="0.0040000000000191" classname="CNSIM_datachk" name="Check_CNSIM_dataset"/>
    <testcase time="0.0040000000000191" classname="CNSIM_datachk" name="Check_CNSIM_dataset"/>
    <testcase time="0.547000000000025" classname="CNSIM_datachk" name="Check_CNSIM_dataset"/>
    <testcase time="0.0040000000000191" classname="CNSIM_datachk" name="Check_CNSIM_dataset"/>
    <testcase time="0.0040000000000191" classname="CNSIM_datachk" name="Check_CNSIM_dataset"/>
    <testcase time="0.00399999999990541" classname="CNSIM_datachk" name="Check_CNSIM_dataset"/>
    <testcase time="0.00900000000001455" classname="CNSIM_datachk" name="Check_CNSIM_dataset"/>
    <testcase time="0.0040000000000191" classname="CNSIM_datachk" name="Check_CNSIM_dataset"/>
    <testcase time="0.0040000000000191" classname="CNSIM_datachk" name="Check_CNSIM_dataset"/>
    <testcase time="0.268000000000029" classname="CNSIM_datachk" name="Check_CNSIM_dataset"/>
    <testcase time="0.00499999999999545" classname="CNSIM_datachk" name="Check_CNSIM_dataset"/>
    <testcase time="0.0040000000000191" classname="CNSIM_datachk" name="Check_CNSIM_dataset"/>
    <testcase time="0.00399999999990541" classname="CNSIM_datachk" name="Check_CNSIM_dataset"/>
    <testcase time="0.0040000000000191" classname="CNSIM_datachk" name="Check_CNSIM_dataset"/>
    <testcase time="0.0040000000000191" classname="CNSIM_datachk" name="Check_CNSIM_dataset"/>
    <testcase time="0.0040000000000191" classname="CNSIM_datachk" name="Check_CNSIM_dataset"/>
    <testcase time="0.00499999999999545" classname="CNSIM_datachk" name="Check_CNSIM_dataset"/>
    <testcase time="0.0040000000000191" classname="CNSIM_datachk" name="Check_CNSIM_dataset"/>
  </testsuite>
  <testsuite name="CNSIM::datachk::shutdown" timestamp="2020-05-04T23:05:11Z" hostname="fv-az14" tests="3" skipped="0" failures="0" errors="0" time="0.286">
    <testcase time="0.283999999999992" classname="CNSIM_datachk_shutdown" name="shutdown"/>
    <testcase time="0.000999999999976353" classname="CNSIM_datachk_shutdown" name="shutdown"/>
    <testcase time="0.000999999999976353" classname="CNSIM_datachk_shutdown" name="shutdown"/>
  </testsuite>
  <testsuite name="CNSIM::datachk::done" timestamp="2020-05-04T23:05:11Z" hostname="fv-az14" tests="0" skipped="0" failures="0" errors="0" time="0"/>
  <testsuite name="DASIM::datachk::setup" timestamp="2020-05-04T23:05:11Z" hostname="fv-az14" tests="3" skipped="0" failures="0" errors="0" time="6.178">
    <testcase time="6.17600000000004" classname="DASIM_datachk_setup" name="setup"/>
    <testcase time="0.000999999999976353" classname="DASIM_datachk_setup" name="setup"/>
    <testcase time="0.000999999999976353" classname="DASIM_datachk_setup" name="setup"/>
  </testsuite>
  <testsuite name="DASIM::datachk" timestamp="2020-05-04T23:05:17Z" hostname="fv-az14" tests="182" skipped="0" failures="0" errors="0" time="10.722">
    <testcase time="0.547000000000025" classname="DASIM_datachk" name="Check_DASIM_dataset"/>
    <testcase time="0.00199999999995271" classname="DASIM_datachk" name="Check_DASIM_dataset"/>
    <testcase time="0.00100000000009004" classname="DASIM_datachk" name="Check_DASIM_dataset"/>
    <testcase time="0.000999999999976353" classname="DASIM_datachk" name="Check_DASIM_dataset"/>
    <testcase time="0.000999999999976353" classname="DASIM_datachk" name="Check_DASIM_dataset"/>
    <testcase time="0.000999999999976353" classname="DASIM_datachk" name="Check_DASIM_dataset"/>
    <testcase time="0.00200000000006639" classname="DASIM_datachk" name="Check_DASIM_dataset"/>
    <testcase time="0.269999999999982" classname="DASIM_datachk" name="Check_DASIM_dataset"/>
    <testcase time="0.000999999999976353" classname="DASIM_datachk" name="Check_DASIM_dataset"/>
    <testcase time="0.00199999999995271" classname="DASIM_datachk" name="Check_DASIM_dataset"/>
    <testcase time="0.00100000000009004" classname="DASIM_datachk" name="Check_DASIM_dataset"/>
    <testcase time="0.000999999999976353" classname="DASIM_datachk" name="Check_DASIM_dataset"/>
    <testcase time="0.00199999999995271" classname="DASIM_datachk" name="Check_DASIM_dataset"/>
    <testcase time="0.000999999999976353" classname="DASIM_datachk" name="Check_DASIM_dataset"/>
    <testcase time="0.00200000000006639" classname="DASIM_datachk" name="Check_DASIM_dataset"/>
    <testcase time="1.24299999999994" classname="DASIM_datachk" name="Check_DASIM_dataset"/>
    <testcase time="0.00200000000006639" classname="DASIM_datachk" name="Check_DASIM_dataset"/>
    <testcase time="0.000999999999976353" classname="DASIM_datachk" name="Check_DASIM_dataset"/>
    <testcase time="0.00199999999995271" classname="DASIM_datachk" name="Check_DASIM_dataset"/>
    <testcase time="0.00100000000009004" classname="DASIM_datachk" name="Check_DASIM_dataset"/>
    <testcase time="0.00199999999995271" classname="DASIM_datachk" name="Check_DASIM_dataset"/>
    <testcase time="0.000999999999976353" classname="DASIM_datachk" name="Check_DASIM_dataset"/>
    <testcase time="0.528999999999996" classname="DASIM_datachk" name="Check_DASIM_dataset"/>
    <testcase time="0.00200000000006639" classname="DASIM_datachk" name="Check_DASIM_dataset"/>
    <testcase time="0.00199999999995271" classname="DASIM_datachk" name="Check_DASIM_dataset"/>
    <testcase time="0.000999999999976353" classname="DASIM_datachk" name="Check_DASIM_dataset"/>
    <testcase time="0.00200000000006639" classname="DASIM_datachk" name="Check_DASIM_dataset"/>
    <testcase time="0.000999999999976353" classname="DASIM_datachk" name="Check_DASIM_dataset"/>
    <testcase time="0.00199999999995271" classname="DASIM_datachk" name="Check_DASIM_dataset"/>
    <testcase time="0.27800000000002" classname="DASIM_datachk" name="Check_DASIM_dataset"/>
    <testcase time="0.00200000000006639" classname="DASIM_datachk" name="Check_DASIM_dataset"/>
    <testcase time="0.00199999999995271" classname="DASIM_datachk" name="Check_DASIM_dataset"/>
    <testcase time="0.000999999999976353" classname="DASIM_datachk" name="Check_DASIM_dataset"/>
    <testcase time="0.00200000000006639" classname="DASIM_datachk" name="Check_DASIM_dataset"/>
    <testcase time="0.00199999999995271" classname="DASIM_datachk" name="Check_DASIM_dataset"/>
    <testcase time="0.000999999999976353" classname="DASIM_datachk" name="Check_DASIM_dataset"/>
    <testcase time="0.00200000000006639" classname="DASIM_datachk" name="Check_DASIM_dataset"/>
    <testcase time="0.00199999999995271" classname="DASIM_datachk" name="Check_DASIM_dataset"/>
    <testcase time="0.536000000000058" classname="DASIM_datachk" name="Check_DASIM_dataset"/>
    <testcase time="0.00199999999995271" classname="DASIM_datachk" name="Check_DASIM_dataset"/>
    <testcase time="0.000999999999976353" classname="DASIM_datachk" name="Check_DASIM_dataset"/>
    <testcase time="0.00200000000006639" classname="DASIM_datachk" name="Check_DASIM_dataset"/>
    <testcase time="0.00199999999995271" classname="DASIM_datachk" name="Check_DASIM_dataset"/>
    <testcase time="0.00200000000006639" classname="DASIM_datachk" name="Check_DASIM_dataset"/>
    <testcase time="0.00199999999995271" classname="DASIM_datachk" name="Check_DASIM_dataset"/>
    <testcase time="0.266999999999939" classname="DASIM_datachk" name="Check_DASIM_dataset"/>
    <testcase time="0.00200000000006639" classname="DASIM_datachk" name="Check_DASIM_dataset"/>
    <testcase time="0.0080000000000382" classname="DASIM_datachk" name="Check_DASIM_dataset"/>
    <testcase time="0.000999999999976353" classname="DASIM_datachk" name="Check_DASIM_dataset"/>
    <testcase time="0.00199999999995271" classname="DASIM_datachk" name="Check_DASIM_dataset"/>
    <testcase time="0.00200000000006639" classname="DASIM_datachk" name="Check_DASIM_dataset"/>
    <testcase time="0.00199999999995271" classname="DASIM_datachk" name="Check_DASIM_dataset"/>
    <testcase time="0.00199999999995271" classname="DASIM_datachk" name="Check_DASIM_dataset"/>
    <testcase time="0.00200000000006639" classname="DASIM_datachk" name="Check_DASIM_dataset"/>
    <testcase time="0.533999999999992" classname="DASIM_datachk" name="Check_DASIM_dataset"/>
    <testcase time="0.00199999999995271" classname="DASIM_datachk" name="Check_DASIM_dataset"/>
    <testcase time="0.00200000000006639" classname="DASIM_datachk" name="Check_DASIM_dataset"/>
    <testcase time="0.00199999999995271" classname="DASIM_datachk" name="Check_DASIM_dataset"/>
    <testcase time="0.00300000000004275" classname="DASIM_datachk" name="Check_DASIM_dataset"/>
    <testcase time="0.00199999999995271" classname="DASIM_datachk" name="Check_DASIM_dataset"/>
    <testcase time="0.00200000000006639" classname="DASIM_datachk" name="Check_DASIM_dataset"/>
    <testcase time="0.266999999999939" classname="DASIM_datachk" name="Check_DASIM_dataset"/>
    <testcase time="0.00200000000006639" classname="DASIM_datachk" name="Check_DASIM_dataset"/>
    <testcase time="0.00299999999992906" classname="DASIM_datachk" name="Check_DASIM_dataset"/>
    <testcase time="0.00200000000006639" classname="DASIM_datachk" name="Check_DASIM_dataset"/>
    <testcase time="0.00799999999992451" classname="DASIM_datachk" name="Check_DASIM_dataset"/>
    <testcase time="0.00200000000006639" classname="DASIM_datachk" name="Check_DASIM_dataset"/>
    <testcase time="0.00299999999992906" classname="DASIM_datachk" name="Check_DASIM_dataset"/>
    <testcase time="0.00200000000006639" classname="DASIM_datachk" name="Check_DASIM_dataset"/>
    <testcase time="0.00199999999995271" classname="DASIM_datachk" name="Check_DASIM_dataset"/>
    <testcase time="0.532000000000039" classname="DASIM_datachk" name="Check_DASIM_dataset"/>
    <testcase time="0.00199999999995271" classname="DASIM_datachk" name="Check_DASIM_dataset"/>
    <testcase time="0.00300000000004275" classname="DASIM_datachk" name="Check_DASIM_dataset"/>
    <testcase time="0.00199999999995271" classname="DASIM_datachk" name="Check_DASIM_dataset"/>
    <testcase time="0.00200000000006639" classname="DASIM_datachk" name="Check_DASIM_dataset"/>
    <testcase time="0.00299999999992906" classname="DASIM_datachk" name="Check_DASIM_dataset"/>
    <testcase time="0.00200000000006639" classname="DASIM_datachk" name="Check_DASIM_dataset"/>
    <testcase time="0.270999999999958" classname="DASIM_datachk" name="Check_DASIM_dataset"/>
    <testcase time="0.00300000000004275" classname="DASIM_datachk" name="Check_DASIM_dataset"/>
    <testcase time="0.00199999999995271" classname="DASIM_datachk" name="Check_DASIM_dataset"/>
    <testcase time="0.00900000000001455" classname="DASIM_datachk" name="Check_DASIM_dataset"/>
    <testcase time="0.00199999999995271" classname="DASIM_datachk" name="Check_DASIM_dataset"/>
    <testcase time="0.00300000000004275" classname="DASIM_datachk" name="Check_DASIM_dataset"/>
    <testcase time="0.00199999999995271" classname="DASIM_datachk" name="Check_DASIM_dataset"/>
    <testcase time="0.00200000000006639" classname="DASIM_datachk" name="Check_DASIM_dataset"/>
    <testcase time="0.00299999999992906" classname="DASIM_datachk" name="Check_DASIM_dataset"/>
    <testcase time="0.54200000000003" classname="DASIM_datachk" name="Check_DASIM_dataset"/>
    <testcase time="0.00200000000006639" classname="DASIM_datachk" name="Check_DASIM_dataset"/>
    <testcase time="0.00299999999992906" classname="DASIM_datachk" name="Check_DASIM_dataset"/>
    <testcase time="0.00300000000004275" classname="DASIM_datachk" name="Check_DASIM_dataset"/>
    <testcase time="0.00199999999995271" classname="DASIM_datachk" name="Check_DASIM_dataset"/>
    <testcase time="0.00300000000004275" classname="DASIM_datachk" name="Check_DASIM_dataset"/>
    <testcase time="0.00300000000004275" classname="DASIM_datachk" name="Check_DASIM_dataset"/>
    <testcase time="0.275999999999954" classname="DASIM_datachk" name="Check_DASIM_dataset"/>
    <testcase time="0.00300000000004275" classname="DASIM_datachk" name="Check_DASIM_dataset"/>
    <testcase time="0.00299999999992906" classname="DASIM_datachk" name="Check_DASIM_dataset"/>
    <testcase time="0.00200000000006639" classname="DASIM_datachk" name="Check_DASIM_dataset"/>
    <testcase time="0.00299999999992906" classname="DASIM_datachk" name="Check_DASIM_dataset"/>
    <testcase time="0.00200000000006639" classname="DASIM_datachk" name="Check_DASIM_dataset"/>
    <testcase time="0.00299999999992906" classname="DASIM_datachk" name="Check_DASIM_dataset"/>
    <testcase time="0.00300000000004275" classname="DASIM_datachk" name="Check_DASIM_dataset"/>
    <testcase time="0.00199999999995271" classname="DASIM_datachk" name="Check_DASIM_dataset"/>
    <testcase time="0.541000000000054" classname="DASIM_datachk" name="Check_DASIM_dataset"/>
    <testcase time="0.00299999999992906" classname="DASIM_datachk" name="Check_DASIM_dataset"/>
    <testcase time="0.00300000000004275" classname="DASIM_datachk" name="Check_DASIM_dataset"/>
    <testcase time="0.00300000000004275" classname="DASIM_datachk" name="Check_DASIM_dataset"/>
    <testcase time="0.0040000000000191" classname="DASIM_datachk" name="Check_DASIM_dataset"/>
    <testcase time="0.00299999999992906" classname="DASIM_datachk" name="Check_DASIM_dataset"/>
    <testcase time="0.00300000000004275" classname="DASIM_datachk" name="Check_DASIM_dataset"/>
    <testcase time="0.269000000000005" classname="DASIM_datachk" name="Check_DASIM_dataset"/>
    <testcase time="0.00299999999992906" classname="DASIM_datachk" name="Check_DASIM_dataset"/>
    <testcase time="0.00300000000004275" classname="DASIM_datachk" name="Check_DASIM_dataset"/>
    <testcase time="0.00300000000004275" classname="DASIM_datachk" name="Check_DASIM_dataset"/>
    <testcase time="0.00199999999995271" classname="DASIM_datachk" name="Check_DASIM_dataset"/>
    <testcase time="0.00300000000004275" classname="DASIM_datachk" name="Check_DASIM_dataset"/>
    <testcase time="0.00299999999992906" classname="DASIM_datachk" name="Check_DASIM_dataset"/>
    <testcase time="0.00200000000006639" classname="DASIM_datachk" name="Check_DASIM_dataset"/>
    <testcase time="0.00299999999992906" classname="DASIM_datachk" name="Check_DASIM_dataset"/>
    <testcase time="0.538000000000011" classname="DASIM_datachk" name="Check_DASIM_dataset"/>
    <testcase time="0.0040000000000191" classname="DASIM_datachk" name="Check_DASIM_dataset"/>
    <testcase time="0.00300000000004275" classname="DASIM_datachk" name="Check_DASIM_dataset"/>
    <testcase time="0.00299999999992906" classname="DASIM_datachk" name="Check_DASIM_dataset"/>
    <testcase time="0.0149999999999864" classname="DASIM_datachk" name="Check_DASIM_dataset"/>
    <testcase time="0.00300000000004275" classname="DASIM_datachk" name="Check_DASIM_dataset"/>
    <testcase time="0.00300000000004275" classname="DASIM_datachk" name="Check_DASIM_dataset"/>
    <testcase time="0.272999999999911" classname="DASIM_datachk" name="Check_DASIM_dataset"/>
    <testcase time="0.0040000000000191" classname="DASIM_datachk" name="Check_DASIM_dataset"/>
    <testcase time="0.00300000000004275" classname="DASIM_datachk" name="Check_DASIM_dataset"/>
    <testcase time="0.00300000000004275" classname="DASIM_datachk" name="Check_DASIM_dataset"/>
    <testcase time="0.00299999999992906" classname="DASIM_datachk" name="Check_DASIM_dataset"/>
    <testcase time="0.00300000000004275" classname="DASIM_datachk" name="Check_DASIM_dataset"/>
    <testcase time="0.00299999999992906" classname="DASIM_datachk" name="Check_DASIM_dataset"/>
    <testcase time="0.00300000000004275" classname="DASIM_datachk" name="Check_DASIM_dataset"/>
    <testcase time="0.0040000000000191" classname="DASIM_datachk" name="Check_DASIM_dataset"/>
    <testcase time="0.54099999999994" classname="DASIM_datachk" name="Check_DASIM_dataset"/>
    <testcase time="0.00300000000004275" classname="DASIM_datachk" name="Check_DASIM_dataset"/>
    <testcase time="0.00300000000004275" classname="DASIM_datachk" name="Check_DASIM_dataset"/>
    <testcase time="0.00299999999992906" classname="DASIM_datachk" name="Check_DASIM_dataset"/>
    <testcase time="0.0040000000000191" classname="DASIM_datachk" name="Check_DASIM_dataset"/>
    <testcase time="0.00300000000004275" classname="DASIM_datachk" name="Check_DASIM_dataset"/>
    <testcase time="0.00299999999992906" classname="DASIM_datachk" name="Check_DASIM_dataset"/>
    <testcase time="0.270000000000095" classname="DASIM_datachk" name="Check_DASIM_dataset"/>
    <testcase time="0.00399999999990541" classname="DASIM_datachk" name="Check_DASIM_dataset"/>
    <testcase time="0.0040000000000191" classname="DASIM_datachk" name="Check_DASIM_dataset"/>
    <testcase time="0.00300000000004275" classname="DASIM_datachk" name="Check_DASIM_dataset"/>
    <testcase time="0.0040000000000191" classname="DASIM_datachk" name="Check_DASIM_dataset"/>
    <testcase time="0.00399999999990541" classname="DASIM_datachk" name="Check_DASIM_dataset"/>
    <testcase time="0.00300000000004275" classname="DASIM_datachk" name="Check_DASIM_dataset"/>
    <testcase time="0.0040000000000191" classname="DASIM_datachk" name="Check_DASIM_dataset"/>
    <testcase time="0.0040000000000191" classname="DASIM_datachk" name="Check_DASIM_dataset"/>
    <testcase time="0.661999999999921" classname="DASIM_datachk" name="Check_DASIM_dataset"/>
    <testcase time="0.0040000000000191" classname="DASIM_datachk" name="Check_DASIM_dataset"/>
    <testcase time="0.00300000000004275" classname="DASIM_datachk" name="Check_DASIM_dataset"/>
    <testcase time="0.0040000000000191" classname="DASIM_datachk" name="Check_DASIM_dataset"/>
    <testcase time="0.00299999999992906" classname="DASIM_datachk" name="Check_DASIM_dataset"/>
    <testcase time="0.0040000000000191" classname="DASIM_datachk" name="Check_DASIM_dataset"/>
    <testcase time="0.0040000000000191" classname="DASIM_datachk" name="Check_DASIM_dataset"/>
    <testcase time="0.270999999999958" classname="DASIM_datachk" name="Check_DASIM_dataset"/>
    <testcase time="0.0040000000000191" classname="DASIM_datachk" name="Check_DASIM_dataset"/>
    <testcase time="0.0040000000000191" classname="DASIM_datachk" name="Check_DASIM_dataset"/>
    <testcase time="0.00900000000001455" classname="DASIM_datachk" name="Check_DASIM_dataset"/>
    <testcase time="0.0040000000000191" classname="DASIM_datachk" name="Check_DASIM_dataset"/>
    <testcase time="0.0040000000000191" classname="DASIM_datachk" name="Check_DASIM_dataset"/>
    <testcase time="0.00299999999992906" classname="DASIM_datachk" name="Check_DASIM_dataset"/>
    <testcase time="0.0040000000000191" classname="DASIM_datachk" name="Check_DASIM_dataset"/>
    <testcase time="0.00300000000004275" classname="DASIM_datachk" name="Check_DASIM_dataset"/>
    <testcase time="0.528999999999996" classname="DASIM_datachk" name="Check_DASIM_dataset"/>
    <testcase time="0.0040000000000191" classname="DASIM_datachk" name="Check_DASIM_dataset"/>
    <testcase time="0.00499999999999545" classname="DASIM_datachk" name="Check_DASIM_dataset"/>
    <testcase time="0.0040000000000191" classname="DASIM_datachk" name="Check_DASIM_dataset"/>
    <testcase time="0.00399999999990541" classname="DASIM_datachk" name="Check_DASIM_dataset"/>
    <testcase time="0.00499999999999545" classname="DASIM_datachk" name="Check_DASIM_dataset"/>
    <testcase time="0.00300000000004275" classname="DASIM_datachk" name="Check_DASIM_dataset"/>
    <testcase time="0.278999999999996" classname="DASIM_datachk" name="Check_DASIM_dataset"/>
    <testcase time="0.0040000000000191" classname="DASIM_datachk" name="Check_DASIM_dataset"/>
    <testcase time="0.0040000000000191" classname="DASIM_datachk" name="Check_DASIM_dataset"/>
    <testcase time="0.00299999999992906" classname="DASIM_datachk" name="Check_DASIM_dataset"/>
    <testcase time="0.0040000000000191" classname="DASIM_datachk" name="Check_DASIM_dataset"/>
    <testcase time="0.0040000000000191" classname="DASIM_datachk" name="Check_DASIM_dataset"/>
    <testcase time="0.0040000000000191" classname="DASIM_datachk" name="Check_DASIM_dataset"/>
    <testcase time="0.0040000000000191" classname="DASIM_datachk" name="Check_DASIM_dataset"/>
    <testcase time="0.0040000000000191" classname="DASIM_datachk" name="Check_DASIM_dataset"/>
  </testsuite>
  <testsuite name="DASIM::datachk::shutdown" timestamp="2020-05-04T23:05:28Z" hostname="fv-az14" tests="3" skipped="0" failures="0" errors="0" time="0.277">
    <testcase time="0.274000000000001" classname="DASIM_datachk_shutdown" name="shutdown"/>
    <testcase time="0.00199999999995271" classname="DASIM_datachk_shutdown" name="shutdown"/>
    <testcase time="0.000999999999976353" classname="DASIM_datachk_shutdown" name="shutdown"/>
  </testsuite>
  <testsuite name="DASIM::datachk::done" timestamp="2020-05-04T23:05:28Z" hostname="fv-az14" tests="0" skipped="0" failures="0" errors="0" time="0"/>
  <testsuite name="FACTOR_LEVELS::datachk::setup" timestamp="2020-05-04T23:05:28Z" hostname="fv-az14" tests="3" skipped="0" failures="0" errors="0" time="5.198">
    <testcase time="5.19500000000005" classname="FACTOR_LEVELS_datachk_setup" name="setup"/>
    <testcase time="0.000999999999976353" classname="FACTOR_LEVELS_datachk_setup" name="setup"/>
    <testcase time="0.00199999999995271" classname="FACTOR_LEVELS_datachk_setup" name="setup"/>
  </testsuite>
  <testsuite name="FACTOR_LEVELS::datachk" timestamp="2020-05-04T23:05:33Z" hostname="fv-az14" tests="182" skipped="0" failures="0" errors="0" time="10.596">
    <testcase time="0.544000000000096" classname="FACTOR_LEVELS_datachk" name="Check_FACTOR_LEVELS_dataset"/>
    <testcase time="0.000999999999976353" classname="FACTOR_LEVELS_datachk" name="Check_FACTOR_LEVELS_dataset"/>
    <testcase time="0.000999999999976353" classname="FACTOR_LEVELS_datachk" name="Check_FACTOR_LEVELS_dataset"/>
    <testcase time="0.000999999999976353" classname="FACTOR_LEVELS_datachk" name="Check_FACTOR_LEVELS_dataset"/>
    <testcase time="0.00200000000006639" classname="FACTOR_LEVELS_datachk" name="Check_FACTOR_LEVELS_dataset"/>
    <testcase time="0.000999999999976353" classname="FACTOR_LEVELS_datachk" name="Check_FACTOR_LEVELS_dataset"/>
    <testcase time="0.000999999999976353" classname="FACTOR_LEVELS_datachk" name="Check_FACTOR_LEVELS_dataset"/>
    <testcase time="0.278999999999996" classname="FACTOR_LEVELS_datachk" name="Check_FACTOR_LEVELS_dataset"/>
    <testcase time="0.00199999999995271" classname="FACTOR_LEVELS_datachk" name="Check_FACTOR_LEVELS_dataset"/>
    <testcase time="0.00100000000009004" classname="FACTOR_LEVELS_datachk" name="Check_FACTOR_LEVELS_dataset"/>
    <testcase time="0.000999999999976353" classname="FACTOR_LEVELS_datachk" name="Check_FACTOR_LEVELS_dataset"/>
    <testcase time="0.00199999999995271" classname="FACTOR_LEVELS_datachk" name="Check_FACTOR_LEVELS_dataset"/>
    <testcase time="0.000999999999976353" classname="FACTOR_LEVELS_datachk" name="Check_FACTOR_LEVELS_dataset"/>
    <testcase time="0.00100000000009004" classname="FACTOR_LEVELS_datachk" name="Check_FACTOR_LEVELS_dataset"/>
    <testcase time="0.000999999999976353" classname="FACTOR_LEVELS_datachk" name="Check_FACTOR_LEVELS_dataset"/>
    <testcase time="1.22500000000002" classname="FACTOR_LEVELS_datachk" name="Check_FACTOR_LEVELS_dataset"/>
    <testcase time="0.00199999999995271" classname="FACTOR_LEVELS_datachk" name="Check_FACTOR_LEVELS_dataset"/>
    <testcase time="0.00200000000006639" classname="FACTOR_LEVELS_datachk" name="Check_FACTOR_LEVELS_dataset"/>
    <testcase time="0.00199999999995271" classname="FACTOR_LEVELS_datachk" name="Check_FACTOR_LEVELS_dataset"/>
    <testcase time="0.000999999999976353" classname="FACTOR_LEVELS_datachk" name="Check_FACTOR_LEVELS_dataset"/>
    <testcase time="0.00200000000006639" classname="FACTOR_LEVELS_datachk" name="Check_FACTOR_LEVELS_dataset"/>
    <testcase time="0.00199999999995271" classname="FACTOR_LEVELS_datachk" name="Check_FACTOR_LEVELS_dataset"/>
    <testcase time="0.533999999999992" classname="FACTOR_LEVELS_datachk" name="Check_FACTOR_LEVELS_dataset"/>
    <testcase time="0.000999999999976353" classname="FACTOR_LEVELS_datachk" name="Check_FACTOR_LEVELS_dataset"/>
    <testcase time="0.00200000000006639" classname="FACTOR_LEVELS_datachk" name="Check_FACTOR_LEVELS_dataset"/>
    <testcase time="0.000999999999976353" classname="FACTOR_LEVELS_datachk" name="Check_FACTOR_LEVELS_dataset"/>
    <testcase time="0.00199999999995271" classname="FACTOR_LEVELS_datachk" name="Check_FACTOR_LEVELS_dataset"/>
    <testcase time="0.00200000000006639" classname="FACTOR_LEVELS_datachk" name="Check_FACTOR_LEVELS_dataset"/>
    <testcase time="0.000999999999976353" classname="FACTOR_LEVELS_datachk" name="Check_FACTOR_LEVELS_dataset"/>
    <testcase time="0.27800000000002" classname="FACTOR_LEVELS_datachk" name="Check_FACTOR_LEVELS_dataset"/>
    <testcase time="0.00199999999995271" classname="FACTOR_LEVELS_datachk" name="Check_FACTOR_LEVELS_dataset"/>
    <testcase time="0.00200000000006639" classname="FACTOR_LEVELS_datachk" name="Check_FACTOR_LEVELS_dataset"/>
    <testcase time="0.000999999999976353" classname="FACTOR_LEVELS_datachk" name="Check_FACTOR_LEVELS_dataset"/>
    <testcase time="0.000999999999976353" classname="FACTOR_LEVELS_datachk" name="Check_FACTOR_LEVELS_dataset"/>
    <testcase time="0.000999999999976353" classname="FACTOR_LEVELS_datachk" name="Check_FACTOR_LEVELS_dataset"/>
    <testcase time="0.00200000000006639" classname="FACTOR_LEVELS_datachk" name="Check_FACTOR_LEVELS_dataset"/>
    <testcase time="0.000999999999976353" classname="FACTOR_LEVELS_datachk" name="Check_FACTOR_LEVELS_dataset"/>
    <testcase time="0.00199999999995271" classname="FACTOR_LEVELS_datachk" name="Check_FACTOR_LEVELS_dataset"/>
    <testcase time="0.539000000000101" classname="FACTOR_LEVELS_datachk" name="Check_FACTOR_LEVELS_dataset"/>
    <testcase time="0.00199999999995271" classname="FACTOR_LEVELS_datachk" name="Check_FACTOR_LEVELS_dataset"/>
    <testcase time="0.00199999999995271" classname="FACTOR_LEVELS_datachk" name="Check_FACTOR_LEVELS_dataset"/>
    <testcase time="0.00100000000009004" classname="FACTOR_LEVELS_datachk" name="Check_FACTOR_LEVELS_dataset"/>
    <testcase time="0.00199999999995271" classname="FACTOR_LEVELS_datachk" name="Check_FACTOR_LEVELS_dataset"/>
    <testcase time="0.00199999999995271" classname="FACTOR_LEVELS_datachk" name="Check_FACTOR_LEVELS_dataset"/>
    <testcase time="0.00200000000006639" classname="FACTOR_LEVELS_datachk" name="Check_FACTOR_LEVELS_dataset"/>
    <testcase time="0.270999999999958" classname="FACTOR_LEVELS_datachk" name="Check_FACTOR_LEVELS_dataset"/>
    <testcase time="0.00200000000006639" classname="FACTOR_LEVELS_datachk" name="Check_FACTOR_LEVELS_dataset"/>
    <testcase time="0.00199999999995271" classname="FACTOR_LEVELS_datachk" name="Check_FACTOR_LEVELS_dataset"/>
    <testcase time="0.00199999999995271" classname="FACTOR_LEVELS_datachk" name="Check_FACTOR_LEVELS_dataset"/>
    <testcase time="0.00200000000006639" classname="FACTOR_LEVELS_datachk" name="Check_FACTOR_LEVELS_dataset"/>
    <testcase time="0.0080000000000382" classname="FACTOR_LEVELS_datachk" name="Check_FACTOR_LEVELS_dataset"/>
    <testcase time="0.00199999999995271" classname="FACTOR_LEVELS_datachk" name="Check_FACTOR_LEVELS_dataset"/>
    <testcase time="0.00199999999995271" classname="FACTOR_LEVELS_datachk" name="Check_FACTOR_LEVELS_dataset"/>
    <testcase time="0.00200000000006639" classname="FACTOR_LEVELS_datachk" name="Check_FACTOR_LEVELS_dataset"/>
    <testcase time="0.535999999999945" classname="FACTOR_LEVELS_datachk" name="Check_FACTOR_LEVELS_dataset"/>
    <testcase time="0.00200000000006639" classname="FACTOR_LEVELS_datachk" name="Check_FACTOR_LEVELS_dataset"/>
    <testcase time="0.00199999999995271" classname="FACTOR_LEVELS_datachk" name="Check_FACTOR_LEVELS_dataset"/>
    <testcase time="0.00200000000006639" classname="FACTOR_LEVELS_datachk" name="Check_FACTOR_LEVELS_dataset"/>
    <testcase time="0.00199999999995271" classname="FACTOR_LEVELS_datachk" name="Check_FACTOR_LEVELS_dataset"/>
    <testcase time="0.00199999999995271" classname="FACTOR_LEVELS_datachk" name="Check_FACTOR_LEVELS_dataset"/>
    <testcase time="0.00200000000006639" classname="FACTOR_LEVELS_datachk" name="Check_FACTOR_LEVELS_dataset"/>
    <testcase time="0.263000000000034" classname="FACTOR_LEVELS_datachk" name="Check_FACTOR_LEVELS_dataset"/>
    <testcase time="0.00299999999992906" classname="FACTOR_LEVELS_datachk" name="Check_FACTOR_LEVELS_dataset"/>
    <testcase time="0.00200000000006639" classname="FACTOR_LEVELS_datachk" name="Check_FACTOR_LEVELS_dataset"/>
    <testcase time="0.00199999999995271" classname="FACTOR_LEVELS_datachk" name="Check_FACTOR_LEVELS_dataset"/>
    <testcase time="0.00199999999995271" classname="FACTOR_LEVELS_datachk" name="Check_FACTOR_LEVELS_dataset"/>
    <testcase time="0.00300000000004275" classname="FACTOR_LEVELS_datachk" name="Check_FACTOR_LEVELS_dataset"/>
    <testcase time="0.0080000000000382" classname="FACTOR_LEVELS_datachk" name="Check_FACTOR_LEVELS_dataset"/>
    <testcase time="0.00199999999995271" classname="FACTOR_LEVELS_datachk" name="Check_FACTOR_LEVELS_dataset"/>
    <testcase time="0.00300000000004275" classname="FACTOR_LEVELS_datachk" name="Check_FACTOR_LEVELS_dataset"/>
    <testcase time="0.533000000000015" classname="FACTOR_LEVELS_datachk" name="Check_FACTOR_LEVELS_dataset"/>
    <testcase time="0.00199999999995271" classname="FACTOR_LEVELS_datachk" name="Check_FACTOR_LEVELS_dataset"/>
    <testcase time="0.00300000000004275" classname="FACTOR_LEVELS_datachk" name="Check_FACTOR_LEVELS_dataset"/>
    <testcase time="0.00199999999995271" classname="FACTOR_LEVELS_datachk" name="Check_FACTOR_LEVELS_dataset"/>
    <testcase time="0.00199999999995271" classname="FACTOR_LEVELS_datachk" name="Check_FACTOR_LEVELS_dataset"/>
    <testcase time="0.00300000000004275" classname="FACTOR_LEVELS_datachk" name="Check_FACTOR_LEVELS_dataset"/>
    <testcase time="0.00199999999995271" classname="FACTOR_LEVELS_datachk" name="Check_FACTOR_LEVELS_dataset"/>
    <testcase time="0.270000000000095" classname="FACTOR_LEVELS_datachk" name="Check_FACTOR_LEVELS_dataset"/>
    <testcase time="0.00199999999995271" classname="FACTOR_LEVELS_datachk" name="Check_FACTOR_LEVELS_dataset"/>
    <testcase time="0.00300000000004275" classname="FACTOR_LEVELS_datachk" name="Check_FACTOR_LEVELS_dataset"/>
    <testcase time="0.00199999999995271" classname="FACTOR_LEVELS_datachk" name="Check_FACTOR_LEVELS_dataset"/>
    <testcase time="0.00300000000004275" classname="FACTOR_LEVELS_datachk" name="Check_FACTOR_LEVELS_dataset"/>
    <testcase time="0.00799999999992451" classname="FACTOR_LEVELS_datachk" name="Check_FACTOR_LEVELS_dataset"/>
    <testcase time="0.00300000000004275" classname="FACTOR_LEVELS_datachk" name="Check_FACTOR_LEVELS_dataset"/>
    <testcase time="0.00199999999995271" classname="FACTOR_LEVELS_datachk" name="Check_FACTOR_LEVELS_dataset"/>
    <testcase time="0.00300000000004275" classname="FACTOR_LEVELS_datachk" name="Check_FACTOR_LEVELS_dataset"/>
    <testcase time="0.537000000000035" classname="FACTOR_LEVELS_datachk" name="Check_FACTOR_LEVELS_dataset"/>
    <testcase time="0.00199999999995271" classname="FACTOR_LEVELS_datachk" name="Check_FACTOR_LEVELS_dataset"/>
    <testcase time="0.00300000000004275" classname="FACTOR_LEVELS_datachk" name="Check_FACTOR_LEVELS_dataset"/>
    <testcase time="0.00299999999992906" classname="FACTOR_LEVELS_datachk" name="Check_FACTOR_LEVELS_dataset"/>
    <testcase time="0.00200000000006639" classname="FACTOR_LEVELS_datachk" name="Check_FACTOR_LEVELS_dataset"/>
    <testcase time="0.00299999999992906" classname="FACTOR_LEVELS_datachk" name="Check_FACTOR_LEVELS_dataset"/>
    <testcase time="0.00200000000006639" classname="FACTOR_LEVELS_datachk" name="Check_FACTOR_LEVELS_dataset"/>
    <testcase time="0.264999999999986" classname="FACTOR_LEVELS_datachk" name="Check_FACTOR_LEVELS_dataset"/>
    <testcase time="0.00900000000001455" classname="FACTOR_LEVELS_datachk" name="Check_FACTOR_LEVELS_dataset"/>
    <testcase time="0.00299999999992906" classname="FACTOR_LEVELS_datachk" name="Check_FACTOR_LEVELS_dataset"/>
    <testcase time="0.00200000000006639" classname="FACTOR_LEVELS_datachk" name="Check_FACTOR_LEVELS_dataset"/>
    <testcase time="0.00300000000004275" classname="FACTOR_LEVELS_datachk" name="Check_FACTOR_LEVELS_dataset"/>
    <testcase time="0.00299999999992906" classname="FACTOR_LEVELS_datachk" name="Check_FACTOR_LEVELS_dataset"/>
    <testcase time="0.00200000000006639" classname="FACTOR_LEVELS_datachk" name="Check_FACTOR_LEVELS_dataset"/>
    <testcase time="0.00299999999992906" classname="FACTOR_LEVELS_datachk" name="Check_FACTOR_LEVELS_dataset"/>
    <testcase time="0.00300000000004275" classname="FACTOR_LEVELS_datachk" name="Check_FACTOR_LEVELS_dataset"/>
    <testcase time="0.539999999999964" classname="FACTOR_LEVELS_datachk" name="Check_FACTOR_LEVELS_dataset"/>
    <testcase time="0.00300000000004275" classname="FACTOR_LEVELS_datachk" name="Check_FACTOR_LEVELS_dataset"/>
    <testcase time="0.00199999999995271" classname="FACTOR_LEVELS_datachk" name="Check_FACTOR_LEVELS_dataset"/>
    <testcase time="0.00300000000004275" classname="FACTOR_LEVELS_datachk" name="Check_FACTOR_LEVELS_dataset"/>
    <testcase time="0.00299999999992906" classname="FACTOR_LEVELS_datachk" name="Check_FACTOR_LEVELS_dataset"/>
    <testcase time="0.0040000000000191" classname="FACTOR_LEVELS_datachk" name="Check_FACTOR_LEVELS_dataset"/>
    <testcase time="0.00300000000004275" classname="FACTOR_LEVELS_datachk" name="Check_FACTOR_LEVELS_dataset"/>
    <testcase time="0.274000000000001" classname="FACTOR_LEVELS_datachk" name="Check_FACTOR_LEVELS_dataset"/>
    <testcase time="0.00299999999992906" classname="FACTOR_LEVELS_datachk" name="Check_FACTOR_LEVELS_dataset"/>
    <testcase time="0.00300000000004275" classname="FACTOR_LEVELS_datachk" name="Check_FACTOR_LEVELS_dataset"/>
    <testcase time="0.00300000000004275" classname="FACTOR_LEVELS_datachk" name="Check_FACTOR_LEVELS_dataset"/>
    <testcase time="0.00299999999992906" classname="FACTOR_LEVELS_datachk" name="Check_FACTOR_LEVELS_dataset"/>
    <testcase time="0.00200000000006639" classname="FACTOR_LEVELS_datachk" name="Check_FACTOR_LEVELS_dataset"/>
    <testcase time="0.00299999999992906" classname="FACTOR_LEVELS_datachk" name="Check_FACTOR_LEVELS_dataset"/>
    <testcase time="0.00300000000004275" classname="FACTOR_LEVELS_datachk" name="Check_FACTOR_LEVELS_dataset"/>
    <testcase time="0.00300000000004275" classname="FACTOR_LEVELS_datachk" name="Check_FACTOR_LEVELS_dataset"/>
    <testcase time="0.533000000000015" classname="FACTOR_LEVELS_datachk" name="Check_FACTOR_LEVELS_dataset"/>
    <testcase time="0.00399999999990541" classname="FACTOR_LEVELS_datachk" name="Check_FACTOR_LEVELS_dataset"/>
    <testcase time="0.00300000000004275" classname="FACTOR_LEVELS_datachk" name="Check_FACTOR_LEVELS_dataset"/>
    <testcase time="0.00300000000004275" classname="FACTOR_LEVELS_datachk" name="Check_FACTOR_LEVELS_dataset"/>
    <testcase time="0.00299999999992906" classname="FACTOR_LEVELS_datachk" name="Check_FACTOR_LEVELS_dataset"/>
    <testcase time="0.00999999999999091" classname="FACTOR_LEVELS_datachk" name="Check_FACTOR_LEVELS_dataset"/>
    <testcase time="0.00200000000006639" classname="FACTOR_LEVELS_datachk" name="Check_FACTOR_LEVELS_dataset"/>
    <testcase time="0.269000000000005" classname="FACTOR_LEVELS_datachk" name="Check_FACTOR_LEVELS_dataset"/>
    <testcase time="0.00299999999992906" classname="FACTOR_LEVELS_datachk" name="Check_FACTOR_LEVELS_dataset"/>
    <testcase time="0.00300000000004275" classname="FACTOR_LEVELS_datachk" name="Check_FACTOR_LEVELS_dataset"/>
    <testcase time="0.00300000000004275" classname="FACTOR_LEVELS_datachk" name="Check_FACTOR_LEVELS_dataset"/>
    <testcase time="0.00299999999992906" classname="FACTOR_LEVELS_datachk" name="Check_FACTOR_LEVELS_dataset"/>
    <testcase time="0.00300000000004275" classname="FACTOR_LEVELS_datachk" name="Check_FACTOR_LEVELS_dataset"/>
    <testcase time="0.0040000000000191" classname="FACTOR_LEVELS_datachk" name="Check_FACTOR_LEVELS_dataset"/>
    <testcase time="0.00299999999992906" classname="FACTOR_LEVELS_datachk" name="Check_FACTOR_LEVELS_dataset"/>
    <testcase time="0.00300000000004275" classname="FACTOR_LEVELS_datachk" name="Check_FACTOR_LEVELS_dataset"/>
    <testcase time="0.543000000000006" classname="FACTOR_LEVELS_datachk" name="Check_FACTOR_LEVELS_dataset"/>
    <testcase time="0.0040000000000191" classname="FACTOR_LEVELS_datachk" name="Check_FACTOR_LEVELS_dataset"/>
    <testcase time="0.00299999999992906" classname="FACTOR_LEVELS_datachk" name="Check_FACTOR_LEVELS_dataset"/>
    <testcase time="0.0040000000000191" classname="FACTOR_LEVELS_datachk" name="Check_FACTOR_LEVELS_dataset"/>
    <testcase time="0.00300000000004275" classname="FACTOR_LEVELS_datachk" name="Check_FACTOR_LEVELS_dataset"/>
    <testcase time="0.00299999999992906" classname="FACTOR_LEVELS_datachk" name="Check_FACTOR_LEVELS_dataset"/>
    <testcase time="0.00300000000004275" classname="FACTOR_LEVELS_datachk" name="Check_FACTOR_LEVELS_dataset"/>
    <testcase time="0.283000000000015" classname="FACTOR_LEVELS_datachk" name="Check_FACTOR_LEVELS_dataset"/>
    <testcase time="0.0040000000000191" classname="FACTOR_LEVELS_datachk" name="Check_FACTOR_LEVELS_dataset"/>
    <testcase time="0.00299999999992906" classname="FACTOR_LEVELS_datachk" name="Check_FACTOR_LEVELS_dataset"/>
    <testcase time="0.0040000000000191" classname="FACTOR_LEVELS_datachk" name="Check_FACTOR_LEVELS_dataset"/>
    <testcase time="0.0040000000000191" classname="FACTOR_LEVELS_datachk" name="Check_FACTOR_LEVELS_dataset"/>
    <testcase time="0.00300000000004275" classname="FACTOR_LEVELS_datachk" name="Check_FACTOR_LEVELS_dataset"/>
    <testcase time="0.00499999999999545" classname="FACTOR_LEVELS_datachk" name="Check_FACTOR_LEVELS_dataset"/>
    <testcase time="0.00299999999992906" classname="FACTOR_LEVELS_datachk" name="Check_FACTOR_LEVELS_dataset"/>
    <testcase time="0.0040000000000191" classname="FACTOR_LEVELS_datachk" name="Check_FACTOR_LEVELS_dataset"/>
    <testcase time="0.544999999999959" classname="FACTOR_LEVELS_datachk" name="Check_FACTOR_LEVELS_dataset"/>
    <testcase time="0.00300000000004275" classname="FACTOR_LEVELS_datachk" name="Check_FACTOR_LEVELS_dataset"/>
    <testcase time="0.0040000000000191" classname="FACTOR_LEVELS_datachk" name="Check_FACTOR_LEVELS_dataset"/>
    <testcase time="0.00300000000004275" classname="FACTOR_LEVELS_datachk" name="Check_FACTOR_LEVELS_dataset"/>
    <testcase time="0.00399999999990541" classname="FACTOR_LEVELS_datachk" name="Check_FACTOR_LEVELS_dataset"/>
    <testcase time="0.00300000000004275" classname="FACTOR_LEVELS_datachk" name="Check_FACTOR_LEVELS_dataset"/>
    <testcase time="0.0040000000000191" classname="FACTOR_LEVELS_datachk" name="Check_FACTOR_LEVELS_dataset"/>
    <testcase time="0.269000000000005" classname="FACTOR_LEVELS_datachk" name="Check_FACTOR_LEVELS_dataset"/>
    <testcase time="0.0040000000000191" classname="FACTOR_LEVELS_datachk" name="Check_FACTOR_LEVELS_dataset"/>
    <testcase time="0.00399999999990541" classname="FACTOR_LEVELS_datachk" name="Check_FACTOR_LEVELS_dataset"/>
    <testcase time="0.0100000000001046" classname="FACTOR_LEVELS_datachk" name="Check_FACTOR_LEVELS_dataset"/>
    <testcase time="0.00299999999992906" classname="FACTOR_LEVELS_datachk" name="Check_FACTOR_LEVELS_dataset"/>
    <testcase time="0.0040000000000191" classname="FACTOR_LEVELS_datachk" name="Check_FACTOR_LEVELS_dataset"/>
    <testcase time="0.00300000000004275" classname="FACTOR_LEVELS_datachk" name="Check_FACTOR_LEVELS_dataset"/>
    <testcase time="0.00399999999990541" classname="FACTOR_LEVELS_datachk" name="Check_FACTOR_LEVELS_dataset"/>
    <testcase time="0.00300000000004275" classname="FACTOR_LEVELS_datachk" name="Check_FACTOR_LEVELS_dataset"/>
    <testcase time="0.54200000000003" classname="FACTOR_LEVELS_datachk" name="Check_FACTOR_LEVELS_dataset"/>
    <testcase time="0.0040000000000191" classname="FACTOR_LEVELS_datachk" name="Check_FACTOR_LEVELS_dataset"/>
    <testcase time="0.00399999999990541" classname="FACTOR_LEVELS_datachk" name="Check_FACTOR_LEVELS_dataset"/>
    <testcase time="0.0040000000000191" classname="FACTOR_LEVELS_datachk" name="Check_FACTOR_LEVELS_dataset"/>
    <testcase time="0.0040000000000191" classname="FACTOR_LEVELS_datachk" name="Check_FACTOR_LEVELS_dataset"/>
    <testcase time="0.00499999999999545" classname="FACTOR_LEVELS_datachk" name="Check_FACTOR_LEVELS_dataset"/>
    <testcase time="0.00999999999999091" classname="FACTOR_LEVELS_datachk" name="Check_FACTOR_LEVELS_dataset"/>
    <testcase time="0.264999999999986" classname="FACTOR_LEVELS_datachk" name="Check_FACTOR_LEVELS_dataset"/>
    <testcase time="0.00300000000004275" classname="FACTOR_LEVELS_datachk" name="Check_FACTOR_LEVELS_dataset"/>
    <testcase time="0.0040000000000191" classname="FACTOR_LEVELS_datachk" name="Check_FACTOR_LEVELS_dataset"/>
    <testcase time="0.0040000000000191" classname="FACTOR_LEVELS_datachk" name="Check_FACTOR_LEVELS_dataset"/>
    <testcase time="0.00399999999990541" classname="FACTOR_LEVELS_datachk" name="Check_FACTOR_LEVELS_dataset"/>
    <testcase time="0.00300000000004275" classname="FACTOR_LEVELS_datachk" name="Check_FACTOR_LEVELS_dataset"/>
    <testcase time="0.0040000000000191" classname="FACTOR_LEVELS_datachk" name="Check_FACTOR_LEVELS_dataset"/>
    <testcase time="0.0040000000000191" classname="FACTOR_LEVELS_datachk" name="Check_FACTOR_LEVELS_dataset"/>
    <testcase time="0.0040000000000191" classname="FACTOR_LEVELS_datachk" name="Check_FACTOR_LEVELS_dataset"/>
  </testsuite>
  <testsuite name="FACTOR_LEVELS::datachk::shutdown" timestamp="2020-05-04T23:05:44Z" hostname="fv-az14" tests="3" skipped="0" failures="0" errors="0" time="0.297">
    <testcase time="0.287999999999897" classname="FACTOR_LEVELS_datachk_shutdown" name="shutdown"/>
    <testcase time="0.00100000000009004" classname="FACTOR_LEVELS_datachk_shutdown" name="shutdown"/>
    <testcase time="0.00799999999992451" classname="FACTOR_LEVELS_datachk_shutdown" name="shutdown"/>
  </testsuite>
  <testsuite name="FACTOR_LEVELS::datachk::done" timestamp="2020-05-04T23:05:45Z" hostname="fv-az14" tests="0" skipped="0" failures="0" errors="0" time="0"/>
  <testsuite name="TESTING::datachk::setup" timestamp="2020-05-04T23:05:45Z" hostname="fv-az14" tests="3" skipped="0" failures="0" errors="0" time="5.158">
    <testcase time="5.15500000000009" classname="TESTING_datachk_setup" name="setup"/>
    <testcase time="0.00199999999995271" classname="TESTING_datachk_setup" name="setup"/>
    <testcase time="0.000999999999976353" classname="TESTING_datachk_setup" name="setup"/>
  </testsuite>
  <testsuite name="TESTING::datachk" timestamp="2020-05-04T23:05:49Z" hostname="fv-az14" tests="310" skipped="0" failures="0" errors="0" time="17.901">
    <testcase time="0.537000000000035" classname="TESTING_datachk" name="Check_TESTING_dataset"/>
    <testcase time="0.000999999999976353" classname="TESTING_datachk" name="Check_TESTING_dataset"/>
    <testcase time="0.000999999999976353" classname="TESTING_datachk" name="Check_TESTING_dataset"/>
    <testcase time="0.00100000000009004" classname="TESTING_datachk" name="Check_TESTING_dataset"/>
    <testcase time="0.000999999999976353" classname="TESTING_datachk" name="Check_TESTING_dataset"/>
    <testcase time="0.000999999999976353" classname="TESTING_datachk" name="Check_TESTING_dataset"/>
    <testcase time="0.000999999999976353" classname="TESTING_datachk" name="Check_TESTING_dataset"/>
    <testcase time="0.26400000000001" classname="TESTING_datachk" name="Check_TESTING_dataset"/>
    <testcase time="0.00200000000006639" classname="TESTING_datachk" name="Check_TESTING_dataset"/>
    <testcase time="0.000999999999976353" classname="TESTING_datachk" name="Check_TESTING_dataset"/>
    <testcase time="0.00199999999995271" classname="TESTING_datachk" name="Check_TESTING_dataset"/>
    <testcase time="0.00100000000009004" classname="TESTING_datachk" name="Check_TESTING_dataset"/>
    <testcase time="0.000999999999976353" classname="TESTING_datachk" name="Check_TESTING_dataset"/>
    <testcase time="0.00199999999995271" classname="TESTING_datachk" name="Check_TESTING_dataset"/>
    <testcase time="0.000999999999976353" classname="TESTING_datachk" name="Check_TESTING_dataset"/>
    <testcase time="1.33800000000008" classname="TESTING_datachk" name="Check_TESTING_dataset"/>
    <testcase time="0.00199999999995271" classname="TESTING_datachk" name="Check_TESTING_dataset"/>
    <testcase time="0.000999999999976353" classname="TESTING_datachk" name="Check_TESTING_dataset"/>
    <testcase time="0.00200000000006639" classname="TESTING_datachk" name="Check_TESTING_dataset"/>
    <testcase time="0.000999999999976353" classname="TESTING_datachk" name="Check_TESTING_dataset"/>
    <testcase time="0.000999999999976353" classname="TESTING_datachk" name="Check_TESTING_dataset"/>
    <testcase time="0.00200000000006639" classname="TESTING_datachk" name="Check_TESTING_dataset"/>
    <testcase time="0.527999999999906" classname="TESTING_datachk" name="Check_TESTING_dataset"/>
    <testcase time="0.00100000000009004" classname="TESTING_datachk" name="Check_TESTING_dataset"/>
    <testcase time="0.00199999999995271" classname="TESTING_datachk" name="Check_TESTING_dataset"/>
    <testcase time="0.000999999999976353" classname="TESTING_datachk" name="Check_TESTING_dataset"/>
    <testcase time="0.00200000000006639" classname="TESTING_datachk" name="Check_TESTING_dataset"/>
    <testcase time="0.000999999999976353" classname="TESTING_datachk" name="Check_TESTING_dataset"/>
    <testcase time="0.000999999999976353" classname="TESTING_datachk" name="Check_TESTING_dataset"/>
    <testcase time="0.274999999999977" classname="TESTING_datachk" name="Check_TESTING_dataset"/>
    <testcase time="0.00200000000006639" classname="TESTING_datachk" name="Check_TESTING_dataset"/>
    <testcase time="0.00199999999995271" classname="TESTING_datachk" name="Check_TESTING_dataset"/>
    <testcase time="0.00200000000006639" classname="TESTING_datachk" name="Check_TESTING_dataset"/>
    <testcase time="0.00199999999995271" classname="TESTING_datachk" name="Check_TESTING_dataset"/>
    <testcase time="0.000999999999976353" classname="TESTING_datachk" name="Check_TESTING_dataset"/>
    <testcase time="0.00200000000006639" classname="TESTING_datachk" name="Check_TESTING_dataset"/>
    <testcase time="0.00199999999995271" classname="TESTING_datachk" name="Check_TESTING_dataset"/>
    <testcase time="0.00200000000006639" classname="TESTING_datachk" name="Check_TESTING_dataset"/>
    <testcase time="0.531999999999925" classname="TESTING_datachk" name="Check_TESTING_dataset"/>
    <testcase time="0.00200000000006639" classname="TESTING_datachk" name="Check_TESTING_dataset"/>
    <testcase time="0.000999999999976353" classname="TESTING_datachk" name="Check_TESTING_dataset"/>
    <testcase time="0.00199999999995271" classname="TESTING_datachk" name="Check_TESTING_dataset"/>
    <testcase time="0.00200000000006639" classname="TESTING_datachk" name="Check_TESTING_dataset"/>
    <testcase time="0.00199999999995271" classname="TESTING_datachk" name="Check_TESTING_dataset"/>
    <testcase time="0.00200000000006639" classname="TESTING_datachk" name="Check_TESTING_dataset"/>
    <testcase time="0.270999999999958" classname="TESTING_datachk" name="Check_TESTING_dataset"/>
    <testcase time="0.00199999999995271" classname="TESTING_datachk" name="Check_TESTING_dataset"/>
    <testcase time="0.00200000000006639" classname="TESTING_datachk" name="Check_TESTING_dataset"/>
    <testcase time="0.00799999999992451" classname="TESTING_datachk" name="Check_TESTING_dataset"/>
    <testcase time="0.00200000000006639" classname="TESTING_datachk" name="Check_TESTING_dataset"/>
    <testcase time="0.00199999999995271" classname="TESTING_datachk" name="Check_TESTING_dataset"/>
    <testcase time="0.00200000000006639" classname="TESTING_datachk" name="Check_TESTING_dataset"/>
    <testcase time="0.00199999999995271" classname="TESTING_datachk" name="Check_TESTING_dataset"/>
    <testcase time="0.00199999999995271" classname="TESTING_datachk" name="Check_TESTING_dataset"/>
    <testcase time="0.532000000000039" classname="TESTING_datachk" name="Check_TESTING_dataset"/>
    <testcase time="0.00200000000006639" classname="TESTING_datachk" name="Check_TESTING_dataset"/>
    <testcase time="0.00199999999995271" classname="TESTING_datachk" name="Check_TESTING_dataset"/>
    <testcase time="0.00199999999995271" classname="TESTING_datachk" name="Check_TESTING_dataset"/>
    <testcase time="0.00200000000006639" classname="TESTING_datachk" name="Check_TESTING_dataset"/>
    <testcase time="0.00199999999995271" classname="TESTING_datachk" name="Check_TESTING_dataset"/>
    <testcase time="0.00200000000006639" classname="TESTING_datachk" name="Check_TESTING_dataset"/>
    <testcase time="0.353999999999928" classname="TESTING_datachk" name="Check_TESTING_dataset"/>
    <testcase time="0.00300000000004275" classname="TESTING_datachk" name="Check_TESTING_dataset"/>
    <testcase time="0.00199999999995271" classname="TESTING_datachk" name="Check_TESTING_dataset"/>
    <testcase time="0.00200000000006639" classname="TESTING_datachk" name="Check_TESTING_dataset"/>
    <testcase time="0.00299999999992906" classname="TESTING_datachk" name="Check_TESTING_dataset"/>
    <testcase time="0.0080000000000382" classname="TESTING_datachk" name="Check_TESTING_dataset"/>
    <testcase time="0.00199999999995271" classname="TESTING_datachk" name="Check_TESTING_dataset"/>
    <testcase time="0.00200000000006639" classname="TESTING_datachk" name="Check_TESTING_dataset"/>
    <testcase time="0.00199999999995271" classname="TESTING_datachk" name="Check_TESTING_dataset"/>
    <testcase time="0.538999999999987" classname="TESTING_datachk" name="Check_TESTING_dataset"/>
    <testcase time="0.00300000000004275" classname="TESTING_datachk" name="Check_TESTING_dataset"/>
    <testcase time="0.00199999999995271" classname="TESTING_datachk" name="Check_TESTING_dataset"/>
    <testcase time="0.00200000000006639" classname="TESTING_datachk" name="Check_TESTING_dataset"/>
    <testcase time="0.00199999999995271" classname="TESTING_datachk" name="Check_TESTING_dataset"/>
    <testcase time="0.00300000000004275" classname="TESTING_datachk" name="Check_TESTING_dataset"/>
    <testcase time="0.00199999999995271" classname="TESTING_datachk" name="Check_TESTING_dataset"/>
    <testcase time="0.274999999999977" classname="TESTING_datachk" name="Check_TESTING_dataset"/>
    <testcase time="0.00200000000006639" classname="TESTING_datachk" name="Check_TESTING_dataset"/>
    <testcase time="0.00299999999992906" classname="TESTING_datachk" name="Check_TESTING_dataset"/>
    <testcase time="0.00900000000001455" classname="TESTING_datachk" name="Check_TESTING_dataset"/>
    <testcase time="0.00300000000004275" classname="TESTING_datachk" name="Check_TESTING_dataset"/>
    <testcase time="0.00199999999995271" classname="TESTING_datachk" name="Check_TESTING_dataset"/>
    <testcase time="0.00300000000004275" classname="TESTING_datachk" name="Check_TESTING_dataset"/>
    <testcase time="0.00199999999995271" classname="TESTING_datachk" name="Check_TESTING_dataset"/>
    <testcase time="0.00200000000006639" classname="TESTING_datachk" name="Check_TESTING_dataset"/>
    <testcase time="0.538000000000011" classname="TESTING_datachk" name="Check_TESTING_dataset"/>
    <testcase time="0.00299999999992906" classname="TESTING_datachk" name="Check_TESTING_dataset"/>
    <testcase time="0.00200000000006639" classname="TESTING_datachk" name="Check_TESTING_dataset"/>
    <testcase time="0.00299999999992906" classname="TESTING_datachk" name="Check_TESTING_dataset"/>
    <testcase time="0.00300000000004275" classname="TESTING_datachk" name="Check_TESTING_dataset"/>
    <testcase time="0.00199999999995271" classname="TESTING_datachk" name="Check_TESTING_dataset"/>
    <testcase time="0.00300000000004275" classname="TESTING_datachk" name="Check_TESTING_dataset"/>
    <testcase time="0.281000000000063" classname="TESTING_datachk" name="Check_TESTING_dataset"/>
    <testcase time="0.00199999999995271" classname="TESTING_datachk" name="Check_TESTING_dataset"/>
    <testcase time="0.00300000000004275" classname="TESTING_datachk" name="Check_TESTING_dataset"/>
    <testcase time="0.00199999999995271" classname="TESTING_datachk" name="Check_TESTING_dataset"/>
    <testcase time="0.00300000000004275" classname="TESTING_datachk" name="Check_TESTING_dataset"/>
    <testcase time="0.00599999999997181" classname="TESTING_datachk" name="Check_TESTING_dataset"/>
    <testcase time="0.0040000000000191" classname="TESTING_datachk" name="Check_TESTING_dataset"/>
    <testcase time="0.0040000000000191" classname="TESTING_datachk" name="Check_TESTING_dataset"/>
    <testcase time="0.00199999999995271" classname="TESTING_datachk" name="Check_TESTING_dataset"/>
    <testcase time="0.539999999999964" classname="TESTING_datachk" name="Check_TESTING_dataset"/>
    <testcase time="0.00300000000004275" classname="TESTING_datachk" name="Check_TESTING_dataset"/>
    <testcase time="0.00300000000004275" classname="TESTING_datachk" name="Check_TESTING_dataset"/>
    <testcase time="0.00299999999992906" classname="TESTING_datachk" name="Check_TESTING_dataset"/>
    <testcase time="0.00300000000004275" classname="TESTING_datachk" name="Check_TESTING_dataset"/>
    <testcase time="0.00199999999995271" classname="TESTING_datachk" name="Check_TESTING_dataset"/>
    <testcase time="0.00300000000004275" classname="TESTING_datachk" name="Check_TESTING_dataset"/>
    <testcase time="0.265999999999963" classname="TESTING_datachk" name="Check_TESTING_dataset"/>
    <testcase time="0.00300000000004275" classname="TESTING_datachk" name="Check_TESTING_dataset"/>
    <testcase time="0.00299999999992906" classname="TESTING_datachk" name="Check_TESTING_dataset"/>
    <testcase time="0.00300000000004275" classname="TESTING_datachk" name="Check_TESTING_dataset"/>
    <testcase time="0.00300000000004275" classname="TESTING_datachk" name="Check_TESTING_dataset"/>
    <testcase time="0.00199999999995271" classname="TESTING_datachk" name="Check_TESTING_dataset"/>
    <testcase time="0.00300000000004275" classname="TESTING_datachk" name="Check_TESTING_dataset"/>
    <testcase time="0.00299999999992906" classname="TESTING_datachk" name="Check_TESTING_dataset"/>
    <testcase time="0.00300000000004275" classname="TESTING_datachk" name="Check_TESTING_dataset"/>
    <testcase time="0.535999999999945" classname="TESTING_datachk" name="Check_TESTING_dataset"/>
    <testcase time="0.0040000000000191" classname="TESTING_datachk" name="Check_TESTING_dataset"/>
    <testcase time="0.00300000000004275" classname="TESTING_datachk" name="Check_TESTING_dataset"/>
    <testcase time="0.00299999999992906" classname="TESTING_datachk" name="Check_TESTING_dataset"/>
    <testcase time="0.00900000000001455" classname="TESTING_datachk" name="Check_TESTING_dataset"/>
    <testcase time="0.00300000000004275" classname="TESTING_datachk" name="Check_TESTING_dataset"/>
    <testcase time="0.00300000000004275" classname="TESTING_datachk" name="Check_TESTING_dataset"/>
    <testcase time="0.278999999999996" classname="TESTING_datachk" name="Check_TESTING_dataset"/>
    <testcase time="0.00399999999990541" classname="TESTING_datachk" name="Check_TESTING_dataset"/>
    <testcase time="0.00300000000004275" classname="TESTING_datachk" name="Check_TESTING_dataset"/>
    <testcase time="0.00300000000004275" classname="TESTING_datachk" name="Check_TESTING_dataset"/>
    <testcase time="0.00299999999992906" classname="TESTING_datachk" name="Check_TESTING_dataset"/>
    <testcase time="0.00300000000004275" classname="TESTING_datachk" name="Check_TESTING_dataset"/>
    <testcase time="0.00300000000004275" classname="TESTING_datachk" name="Check_TESTING_dataset"/>
    <testcase time="0.00399999999990541" classname="TESTING_datachk" name="Check_TESTING_dataset"/>
    <testcase time="0.00300000000004275" classname="TESTING_datachk" name="Check_TESTING_dataset"/>
    <testcase time="0.536000000000058" classname="TESTING_datachk" name="Check_TESTING_dataset"/>
    <testcase time="0.00299999999992906" classname="TESTING_datachk" name="Check_TESTING_dataset"/>
    <testcase time="0.00300000000004275" classname="TESTING_datachk" name="Check_TESTING_dataset"/>
    <testcase time="0.00299999999992906" classname="TESTING_datachk" name="Check_TESTING_dataset"/>
    <testcase time="0.0040000000000191" classname="TESTING_datachk" name="Check_TESTING_dataset"/>
    <testcase time="0.00300000000004275" classname="TESTING_datachk" name="Check_TESTING_dataset"/>
    <testcase time="0.00299999999992906" classname="TESTING_datachk" name="Check_TESTING_dataset"/>
    <testcase time="0.268000000000029" classname="TESTING_datachk" name="Check_TESTING_dataset"/>
    <testcase time="0.00300000000004275" classname="TESTING_datachk" name="Check_TESTING_dataset"/>
    <testcase time="0.0040000000000191" classname="TESTING_datachk" name="Check_TESTING_dataset"/>
    <testcase time="0.00299999999992906" classname="TESTING_datachk" name="Check_TESTING_dataset"/>
    <testcase time="0.00300000000004275" classname="TESTING_datachk" name="Check_TESTING_dataset"/>
    <testcase time="0.0040000000000191" classname="TESTING_datachk" name="Check_TESTING_dataset"/>
    <testcase time="0.00299999999992906" classname="TESTING_datachk" name="Check_TESTING_dataset"/>
    <testcase time="0.0040000000000191" classname="TESTING_datachk" name="Check_TESTING_dataset"/>
    <testcase time="0.00300000000004275" classname="TESTING_datachk" name="Check_TESTING_dataset"/>
    <testcase time="0.54099999999994" classname="TESTING_datachk" name="Check_TESTING_dataset"/>
    <testcase time="0.00300000000004275" classname="TESTING_datachk" name="Check_TESTING_dataset"/>
    <testcase time="0.0040000000000191" classname="TESTING_datachk" name="Check_TESTING_dataset"/>
    <testcase time="0.00299999999992906" classname="TESTING_datachk" name="Check_TESTING_dataset"/>
    <testcase time="0.00300000000004275" classname="TESTING_datachk" name="Check_TESTING_dataset"/>
    <testcase time="0.00499999999999545" classname="TESTING_datachk" name="Check_TESTING_dataset"/>
    <testcase time="0.0040000000000191" classname="TESTING_datachk" name="Check_TESTING_dataset"/>
    <testcase time="0.272000000000048" classname="TESTING_datachk" name="Check_TESTING_dataset"/>
    <testcase time="0.00999999999999091" classname="TESTING_datachk" name="Check_TESTING_dataset"/>
    <testcase time="0.00399999999990541" classname="TESTING_datachk" name="Check_TESTING_dataset"/>
    <testcase time="0.00300000000004275" classname="TESTING_datachk" name="Check_TESTING_dataset"/>
    <testcase time="0.00300000000004275" classname="TESTING_datachk" name="Check_TESTING_dataset"/>
    <testcase time="0.00300000000004275" classname="TESTING_datachk" name="Check_TESTING_dataset"/>
    <testcase time="0.00399999999990541" classname="TESTING_datachk" name="Check_TESTING_dataset"/>
    <testcase time="0.0040000000000191" classname="TESTING_datachk" name="Check_TESTING_dataset"/>
    <testcase time="0.00300000000004275" classname="TESTING_datachk" name="Check_TESTING_dataset"/>
    <testcase time="0.538999999999987" classname="TESTING_datachk" name="Check_TESTING_dataset"/>
    <testcase time="0.0040000000000191" classname="TESTING_datachk" name="Check_TESTING_dataset"/>
    <testcase time="0.0040000000000191" classname="TESTING_datachk" name="Check_TESTING_dataset"/>
    <testcase time="0.00399999999990541" classname="TESTING_datachk" name="Check_TESTING_dataset"/>
    <testcase time="0.00499999999999545" classname="TESTING_datachk" name="Check_TESTING_dataset"/>
    <testcase time="0.00900000000001455" classname="TESTING_datachk" name="Check_TESTING_dataset"/>
    <testcase time="0.0040000000000191" classname="TESTING_datachk" name="Check_TESTING_dataset"/>
    <testcase time="0.265999999999963" classname="TESTING_datachk" name="Check_TESTING_dataset"/>
    <testcase time="0.0040000000000191" classname="TESTING_datachk" name="Check_TESTING_dataset"/>
    <testcase time="0.0040000000000191" classname="TESTING_datachk" name="Check_TESTING_dataset"/>
    <testcase time="0.0040000000000191" classname="TESTING_datachk" name="Check_TESTING_dataset"/>
    <testcase time="0.0040000000000191" classname="TESTING_datachk" name="Check_TESTING_dataset"/>
    <testcase time="0.0040000000000191" classname="TESTING_datachk" name="Check_TESTING_dataset"/>
    <testcase time="0.00399999999990541" classname="TESTING_datachk" name="Check_TESTING_dataset"/>
    <testcase time="0.00300000000004275" classname="TESTING_datachk" name="Check_TESTING_dataset"/>
    <testcase time="0.0040000000000191" classname="TESTING_datachk" name="Check_TESTING_dataset"/>
    <testcase time="0.545999999999935" classname="TESTING_datachk" name="Check_TESTING_dataset"/>
    <testcase time="0.0040000000000191" classname="TESTING_datachk" name="Check_TESTING_dataset"/>
    <testcase time="0.0040000000000191" classname="TESTING_datachk" name="Check_TESTING_dataset"/>
    <testcase time="0.0040000000000191" classname="TESTING_datachk" name="Check_TESTING_dataset"/>
    <testcase time="0.0040000000000191" classname="TESTING_datachk" name="Check_TESTING_dataset"/>
    <testcase time="0.0040000000000191" classname="TESTING_datachk" name="Check_TESTING_dataset"/>
    <testcase time="0.00399999999990541" classname="TESTING_datachk" name="Check_TESTING_dataset"/>
    <testcase time="0.269000000000005" classname="TESTING_datachk" name="Check_TESTING_dataset"/>
    <testcase time="0.00499999999999545" classname="TESTING_datachk" name="Check_TESTING_dataset"/>
    <testcase time="0.0040000000000191" classname="TESTING_datachk" name="Check_TESTING_dataset"/>
    <testcase time="0.00499999999999545" classname="TESTING_datachk" name="Check_TESTING_dataset"/>
    <testcase time="0.0110000000000809" classname="TESTING_datachk" name="Check_TESTING_dataset"/>
    <testcase time="0.00399999999990541" classname="TESTING_datachk" name="Check_TESTING_dataset"/>
    <testcase time="0.0040000000000191" classname="TESTING_datachk" name="Check_TESTING_dataset"/>
    <testcase time="0.0040000000000191" classname="TESTING_datachk" name="Check_TESTING_dataset"/>
    <testcase time="0.00499999999999545" classname="TESTING_datachk" name="Check_TESTING_dataset"/>
    <testcase time="0.538999999999987" classname="TESTING_datachk" name="Check_TESTING_dataset"/>
    <testcase time="0.0040000000000191" classname="TESTING_datachk" name="Check_TESTING_dataset"/>
    <testcase time="0.00499999999999545" classname="TESTING_datachk" name="Check_TESTING_dataset"/>
    <testcase time="0.0040000000000191" classname="TESTING_datachk" name="Check_TESTING_dataset"/>
    <testcase time="0.0040000000000191" classname="TESTING_datachk" name="Check_TESTING_dataset"/>
    <testcase time="0.00499999999999545" classname="TESTING_datachk" name="Check_TESTING_dataset"/>
    <testcase time="0.00999999999999091" classname="TESTING_datachk" name="Check_TESTING_dataset"/>
    <testcase time="0.268000000000029" classname="TESTING_datachk" name="Check_TESTING_dataset"/>
    <testcase time="0.0040000000000191" classname="TESTING_datachk" name="Check_TESTING_dataset"/>
    <testcase time="0.00499999999999545" classname="TESTING_datachk" name="Check_TESTING_dataset"/>
    <testcase time="0.00399999999990541" classname="TESTING_datachk" name="Check_TESTING_dataset"/>
    <testcase time="0.0040000000000191" classname="TESTING_datachk" name="Check_TESTING_dataset"/>
    <testcase time="0.0040000000000191" classname="TESTING_datachk" name="Check_TESTING_dataset"/>
    <testcase time="0.00499999999999545" classname="TESTING_datachk" name="Check_TESTING_dataset"/>
    <testcase time="0.0040000000000191" classname="TESTING_datachk" name="Check_TESTING_dataset"/>
    <testcase time="0.00499999999999545" classname="TESTING_datachk" name="Check_TESTING_dataset"/>
    <testcase time="0.54099999999994" classname="TESTING_datachk" name="Check_TESTING_dataset"/>
    <testcase time="0.0040000000000191" classname="TESTING_datachk" name="Check_TESTING_dataset"/>
    <testcase time="0.0040000000000191" classname="TESTING_datachk" name="Check_TESTING_dataset"/>
    <testcase time="0.0040000000000191" classname="TESTING_datachk" name="Check_TESTING_dataset"/>
    <testcase time="0.0040000000000191" classname="TESTING_datachk" name="Check_TESTING_dataset"/>
    <testcase time="0.0040000000000191" classname="TESTING_datachk" name="Check_TESTING_dataset"/>
    <testcase time="0.00399999999990541" classname="TESTING_datachk" name="Check_TESTING_dataset"/>
    <testcase time="0.274000000000001" classname="TESTING_datachk" name="Check_TESTING_dataset"/>
    <testcase time="0.00600000000008549" classname="TESTING_datachk" name="Check_TESTING_dataset"/>
    <testcase time="0.00999999999999091" classname="TESTING_datachk" name="Check_TESTING_dataset"/>
    <testcase time="0.00499999999999545" classname="TESTING_datachk" name="Check_TESTING_dataset"/>
    <testcase time="0.0040000000000191" classname="TESTING_datachk" name="Check_TESTING_dataset"/>
    <testcase time="0.0040000000000191" classname="TESTING_datachk" name="Check_TESTING_dataset"/>
    <testcase time="0.00499999999999545" classname="TESTING_datachk" name="Check_TESTING_dataset"/>
    <testcase time="0.00399999999990541" classname="TESTING_datachk" name="Check_TESTING_dataset"/>
    <testcase time="0.0040000000000191" classname="TESTING_datachk" name="Check_TESTING_dataset"/>
    <testcase time="0.54200000000003" classname="TESTING_datachk" name="Check_TESTING_dataset"/>
    <testcase time="0.00599999999997181" classname="TESTING_datachk" name="Check_TESTING_dataset"/>
    <testcase time="0.0109999999999673" classname="TESTING_datachk" name="Check_TESTING_dataset"/>
    <testcase time="0.0040000000000191" classname="TESTING_datachk" name="Check_TESTING_dataset"/>
    <testcase time="0.00499999999999545" classname="TESTING_datachk" name="Check_TESTING_dataset"/>
    <testcase time="0.00499999999999545" classname="TESTING_datachk" name="Check_TESTING_dataset"/>
    <testcase time="0.00499999999999545" classname="TESTING_datachk" name="Check_TESTING_dataset"/>
    <testcase time="0.284000000000106" classname="TESTING_datachk" name="Check_TESTING_dataset"/>
    <testcase time="0.00599999999997181" classname="TESTING_datachk" name="Check_TESTING_dataset"/>
    <testcase time="0.00499999999999545" classname="TESTING_datachk" name="Check_TESTING_dataset"/>
    <testcase time="0.00499999999999545" classname="TESTING_datachk" name="Check_TESTING_dataset"/>
    <testcase time="0.00499999999999545" classname="TESTING_datachk" name="Check_TESTING_dataset"/>
    <testcase time="0.00499999999999545" classname="TESTING_datachk" name="Check_TESTING_dataset"/>
    <testcase time="0.00499999999999545" classname="TESTING_datachk" name="Check_TESTING_dataset"/>
    <testcase time="0.0109999999999673" classname="TESTING_datachk" name="Check_TESTING_dataset"/>
    <testcase time="0.00599999999997181" classname="TESTING_datachk" name="Check_TESTING_dataset"/>
    <testcase time="0.538000000000011" classname="TESTING_datachk" name="Check_TESTING_dataset"/>
    <testcase time="0.0040000000000191" classname="TESTING_datachk" name="Check_TESTING_dataset"/>
    <testcase time="0.0040000000000191" classname="TESTING_datachk" name="Check_TESTING_dataset"/>
    <testcase time="0.00600000000008549" classname="TESTING_datachk" name="Check_TESTING_dataset"/>
    <testcase time="0.00499999999999545" classname="TESTING_datachk" name="Check_TESTING_dataset"/>
    <testcase time="0.00499999999999545" classname="TESTING_datachk" name="Check_TESTING_dataset"/>
    <testcase time="0.00599999999997181" classname="TESTING_datachk" name="Check_TESTING_dataset"/>
    <testcase time="0.27800000000002" classname="TESTING_datachk" name="Check_TESTING_dataset"/>
    <testcase time="0.00499999999999545" classname="TESTING_datachk" name="Check_TESTING_dataset"/>
    <testcase time="0.00499999999999545" classname="TESTING_datachk" name="Check_TESTING_dataset"/>
    <testcase time="0.00499999999999545" classname="TESTING_datachk" name="Check_TESTING_dataset"/>
    <testcase time="0.00499999999999545" classname="TESTING_datachk" name="Check_TESTING_dataset"/>
    <testcase time="0.00499999999999545" classname="TESTING_datachk" name="Check_TESTING_dataset"/>
    <testcase time="0.00599999999997181" classname="TESTING_datachk" name="Check_TESTING_dataset"/>
    <testcase time="0.00499999999999545" classname="TESTING_datachk" name="Check_TESTING_dataset"/>
    <testcase time="0.00499999999999545" classname="TESTING_datachk" name="Check_TESTING_dataset"/>
    <testcase time="0.545000000000073" classname="TESTING_datachk" name="Check_TESTING_dataset"/>
    <testcase time="0.00599999999997181" classname="TESTING_datachk" name="Check_TESTING_dataset"/>
    <testcase time="0.00599999999997181" classname="TESTING_datachk" name="Check_TESTING_dataset"/>
    <testcase time="0.00599999999997181" classname="TESTING_datachk" name="Check_TESTING_dataset"/>
    <testcase time="0.00499999999999545" classname="TESTING_datachk" name="Check_TESTING_dataset"/>
    <testcase time="0.00499999999999545" classname="TESTING_datachk" name="Check_TESTING_dataset"/>
    <testcase time="0.00499999999999545" classname="TESTING_datachk" name="Check_TESTING_dataset"/>
    <testcase time="0.289000000000101" classname="TESTING_datachk" name="Check_TESTING_dataset"/>
    <testcase time="0.00599999999997181" classname="TESTING_datachk" name="Check_TESTING_dataset"/>
    <testcase time="0.00499999999999545" classname="TESTING_datachk" name="Check_TESTING_dataset"/>
    <testcase time="0.00499999999999545" classname="TESTING_datachk" name="Check_TESTING_dataset"/>
    <testcase time="0.00499999999999545" classname="TESTING_datachk" name="Check_TESTING_dataset"/>
    <testcase time="0.00499999999999545" classname="TESTING_datachk" name="Check_TESTING_dataset"/>
    <testcase time="0.00599999999997181" classname="TESTING_datachk" name="Check_TESTING_dataset"/>
    <testcase time="0.00499999999999545" classname="TESTING_datachk" name="Check_TESTING_dataset"/>
    <testcase time="0.00599999999997181" classname="TESTING_datachk" name="Check_TESTING_dataset"/>
    <testcase time="0.537000000000035" classname="TESTING_datachk" name="Check_TESTING_dataset"/>
    <testcase time="0.00599999999997181" classname="TESTING_datachk" name="Check_TESTING_dataset"/>
    <testcase time="0.00499999999999545" classname="TESTING_datachk" name="Check_TESTING_dataset"/>
    <testcase time="0.00600000000008549" classname="TESTING_datachk" name="Check_TESTING_dataset"/>
    <testcase time="0.00499999999999545" classname="TESTING_datachk" name="Check_TESTING_dataset"/>
    <testcase time="0.00499999999999545" classname="TESTING_datachk" name="Check_TESTING_dataset"/>
    <testcase time="0.00499999999999545" classname="TESTING_datachk" name="Check_TESTING_dataset"/>
    <testcase time="0.269000000000005" classname="TESTING_datachk" name="Check_TESTING_dataset"/>
    <testcase time="0.00599999999997181" classname="TESTING_datachk" name="Check_TESTING_dataset"/>
    <testcase time="0.0130000000000337" classname="TESTING_datachk" name="Check_TESTING_dataset"/>
    <testcase time="0.00499999999999545" classname="TESTING_datachk" name="Check_TESTING_dataset"/>
    <testcase time="0.00499999999999545" classname="TESTING_datachk" name="Check_TESTING_dataset"/>
    <testcase time="0.00499999999999545" classname="TESTING_datachk" name="Check_TESTING_dataset"/>
    <testcase time="0.00599999999997181" classname="TESTING_datachk" name="Check_TESTING_dataset"/>
    <testcase time="0.00499999999999545" classname="TESTING_datachk" name="Check_TESTING_dataset"/>
    <testcase time="0.00599999999997181" classname="TESTING_datachk" name="Check_TESTING_dataset"/>
    <testcase time="0.545000000000073" classname="TESTING_datachk" name="Check_TESTING_dataset"/>
    <testcase time="0.01299999999992" classname="TESTING_datachk" name="Check_TESTING_dataset"/>
    <testcase time="0.00499999999999545" classname="TESTING_datachk" name="Check_TESTING_dataset"/>
    <testcase time="0.00600000000008549" classname="TESTING_datachk" name="Check_TESTING_dataset"/>
    <testcase time="0.00499999999999545" classname="TESTING_datachk" name="Check_TESTING_dataset"/>
    <testcase time="0.00499999999999545" classname="TESTING_datachk" name="Check_TESTING_dataset"/>
    <testcase time="0.00599999999997181" classname="TESTING_datachk" name="Check_TESTING_dataset"/>
    <testcase time="0.269999999999982" classname="TESTING_datachk" name="Check_TESTING_dataset"/>
    <testcase time="0.00599999999997181" classname="TESTING_datachk" name="Check_TESTING_dataset"/>
    <testcase time="0.00600000000008549" classname="TESTING_datachk" name="Check_TESTING_dataset"/>
    <testcase time="0.00599999999997181" classname="TESTING_datachk" name="Check_TESTING_dataset"/>
    <testcase time="0.0130000000000337" classname="TESTING_datachk" name="Check_TESTING_dataset"/>
    <testcase time="0.00499999999999545" classname="TESTING_datachk" name="Check_TESTING_dataset"/>
    <testcase time="0.00599999999997181" classname="TESTING_datachk" name="Check_TESTING_dataset"/>
    <testcase time="0.00599999999997181" classname="TESTING_datachk" name="Check_TESTING_dataset"/>
    <testcase time="0.00599999999997181" classname="TESTING_datachk" name="Check_TESTING_dataset"/>
  </testsuite>
  <testsuite name="TESTING::datachk::shutdown" timestamp="2020-05-04T23:06:07Z" hostname="fv-az14" tests="3" skipped="0" failures="0" errors="0" time="0.283">
    <testcase time="0.281000000000063" classname="TESTING_datachk_shutdown" name="shutdown"/>
    <testcase time="0.000999999999976353" classname="TESTING_datachk_shutdown" name="shutdown"/>
    <testcase time="0.000999999999976353" classname="TESTING_datachk_shutdown" name="shutdown"/>
  </testsuite>
  <testsuite name="TESTING::datachk::done" timestamp="2020-05-04T23:06:08Z" hostname="fv-az14" tests="0" skipped="0" failures="0" errors="0" time="0"/>
  <testsuite name="ds.levels::disc::setup" timestamp="2020-05-04T23:06:08Z" hostname="fv-az14" tests="3" skipped="0" failures="0" errors="0" time="5.192">
    <testcase time="5.19000000000005" classname="ds.levels_disc_setup" name="setup"/>
    <testcase time="0.000999999999976353" classname="ds.levels_disc_setup" name="setup"/>
    <testcase time="0.000999999999976353" classname="ds.levels_disc_setup" name="setup"/>
  </testsuite>
  <testsuite name="ds.levels::disc" timestamp="2020-05-04T23:06:13Z" hostname="fv-az14" tests="16" skipped="0" failures="0" errors="0" time="1.23">
    <testcase time="1.21100000000001" classname="ds.levels_disc" name="simple_levels"/>
    <testcase time="0.00200000000006639" classname="ds.levels_disc" name="simple_levels"/>
    <testcase time="0.000999999999976353" classname="ds.levels_disc" name="simple_levels"/>
    <testcase time="0.000999999999976353" classname="ds.levels_disc" name="simple_levels"/>
    <testcase time="0.000999999999976353" classname="ds.levels_disc" name="simple_levels"/>
    <testcase time="0.00200000000006639" classname="ds.levels_disc" name="simple_levels"/>
    <testcase time="0.000999999999976353" classname="ds.levels_disc" name="simple_levels"/>
    <testcase time="0.000999999999976353" classname="ds.levels_disc" name="simple_levels"/>
    <testcase time="0.000999999999976353" classname="ds.levels_disc" name="simple_levels"/>
    <testcase time="0.000999999999976353" classname="ds.levels_disc" name="simple_levels"/>
    <testcase time="0.00200000000006639" classname="ds.levels_disc" name="simple_levels"/>
    <testcase time="0.000999999999976353" classname="ds.levels_disc" name="simple_levels"/>
    <testcase time="0.000999999999976353" classname="ds.levels_disc" name="simple_levels"/>
    <testcase time="0.000999999999976353" classname="ds.levels_disc" name="simple_levels"/>
    <testcase time="0.00200000000006639" classname="ds.levels_disc" name="simple_levels"/>
    <testcase time="0.000999999999976353" classname="ds.levels_disc" name="simple_levels"/>
  </testsuite>
  <testsuite name="ds.levels::disc::shutdown" timestamp="2020-05-04T23:06:14Z" hostname="fv-az14" tests="3" skipped="0" failures="0" errors="0" time="0.274">
    <testcase time="0.272000000000048" classname="ds.levels_disc_shutdown" name="shutdown"/>
    <testcase time="0.000999999999976353" classname="ds.levels_disc_shutdown" name="shutdown"/>
    <testcase time="0.000999999999976353" classname="ds.levels_disc_shutdown" name="shutdown"/>
  </testsuite>
  <testsuite name="ds.levels::disc::done" timestamp="2020-05-04T23:06:15Z" hostname="fv-az14" tests="0" skipped="0" failures="0" errors="0" time="0"/>
  <testsuite name="ds.meanByClass::disc::setup" timestamp="2020-05-04T23:06:15Z" hostname="fv-az14" tests="0" skipped="0" failures="0" errors="0" time="0"/>
  <testsuite name="ds.meanByClass::disc::test errors" timestamp="2020-05-04T23:06:19Z" hostname="fv-az14" tests="1" skipped="0" failures="0" errors="0" time="6.096">
    <testcase time="6.096" classname="ds.meanByClass_disc_test_errors" name="meanByClass_erros"/>
  </testsuite>
  <testsuite name="ds.meanByClass::disc::teardown" timestamp="2020-05-04T23:06:20Z" hostname="fv-az14" tests="0" skipped="0" failures="0" errors="0" time="0"/>
  <testsuite name="ds.meanByClass::disc::done" timestamp="2020-05-04T23:06:21Z" hostname="fv-az14" tests="0" skipped="0" failures="0" errors="0" time="0"/>
  <testsuite name="ds.mean::disc::type=both" timestamp="2020-05-04T23:06:25Z" hostname="fv-az14" tests="29" skipped="0" failures="0" errors="0" time="8.459">
    <testcase time="8.15099999999995" classname="ds.mean_disc_type_both" name="mean_values_both_"/>
    <testcase time="0.00200000000006639" classname="ds.mean_disc_type_both" name="mean_values_both_"/>
    <testcase time="0.000999999999976353" classname="ds.mean_disc_type_both" name="mean_values_both_"/>
    <testcase time="0.000999999999976353" classname="ds.mean_disc_type_both" name="mean_values_both_"/>
    <testcase time="0.00100000000009004" classname="ds.mean_disc_type_both" name="mean_values_both_"/>
    <testcase time="0.263999999999896" classname="ds.mean_disc_type_both" name="mean_values_both_"/>
    <testcase time="0.00200000000006639" classname="ds.mean_disc_type_both" name="mean_values_both_"/>
    <testcase time="0.000999999999976353" classname="ds.mean_disc_type_both" name="mean_values_both_"/>
    <testcase time="0.000999999999976353" classname="ds.mean_disc_type_both" name="mean_values_both_"/>
    <testcase time="0.000999999999976353" classname="ds.mean_disc_type_both" name="mean_values_both_"/>
    <testcase time="0.00200000000006639" classname="ds.mean_disc_type_both" name="mean_values_both_"/>
    <testcase time="0.000999999999976353" classname="ds.mean_disc_type_both" name="mean_values_both_"/>
    <testcase time="0.00200000000006639" classname="ds.mean_disc_type_both" name="mean_values_both_"/>
    <testcase time="0.000999999999976353" classname="ds.mean_disc_type_both" name="mean_values_both_"/>
    <testcase time="0.000999999999976353" classname="ds.mean_disc_type_both" name="mean_values_both_"/>
    <testcase time="0.00199999999995271" classname="ds.mean_disc_type_both" name="mean_values_both_"/>
    <testcase time="0.00700000000006185" classname="ds.mean_disc_type_both" name="mean_values_both_"/>
    <testcase time="0.00199999999995271" classname="ds.mean_disc_type_both" name="mean_values_both_"/>
    <testcase time="0.000999999999976353" classname="ds.mean_disc_type_both" name="mean_values_both_"/>
    <testcase time="0.00200000000006639" classname="ds.mean_disc_type_both" name="mean_values_both_"/>
    <testcase time="0.000999999999976353" classname="ds.mean_disc_type_both" name="mean_values_both_"/>
    <testcase time="0.00199999999995271" classname="ds.mean_disc_type_both" name="mean_values_both_"/>
    <testcase time="0.00100000000009004" classname="ds.mean_disc_type_both" name="mean_values_both_"/>
    <testcase time="0.00199999999995271" classname="ds.mean_disc_type_both" name="mean_values_both_"/>
    <testcase time="0.000999999999976353" classname="ds.mean_disc_type_both" name="mean_values_both_"/>
    <testcase time="0.00200000000006639" classname="ds.mean_disc_type_both" name="mean_values_both_"/>
    <testcase time="0.000999999999976353" classname="ds.mean_disc_type_both" name="mean_values_both_"/>
    <testcase time="0.00199999999995271" classname="ds.mean_disc_type_both" name="mean_values_both_"/>
    <testcase time="0.00100000000009004" classname="ds.mean_disc_type_both" name="mean_values_both_"/>
  </testsuite>
  <testsuite name="ds.rm::disc" timestamp="2020-05-04T23:06:34Z" hostname="fv-az14" tests="31" skipped="0" failures="0" errors="0" time="5.923">
    <testcase time="5.07899999999995" classname="ds.rm_disc" name="justovertest"/>
    <testcase time="0.00199999999995271" classname="ds.rm_disc" name="justovertest"/>
    <testcase time="0.00100000000009004" classname="ds.rm_disc" name="justovertest"/>
    <testcase time="0.000999999999976353" classname="ds.rm_disc" name="justovertest"/>
    <testcase time="0.00199999999995271" classname="ds.rm_disc" name="justovertest"/>
    <testcase time="0.000999999999976353" classname="ds.rm_disc" name="justovertest"/>
    <testcase time="0.00100000000009004" classname="ds.rm_disc" name="justovertest"/>
    <testcase time="0.266999999999939" classname="ds.rm_disc" name="justovertest"/>
    <testcase time="0.000999999999976353" classname="ds.rm_disc" name="justovertest"/>
    <testcase time="0.00200000000006639" classname="ds.rm_disc" name="justovertest"/>
    <testcase time="0.000999999999976353" classname="ds.rm_disc" name="justovertest"/>
    <testcase time="0.00199999999995271" classname="ds.rm_disc" name="justovertest"/>
    <testcase time="0.00100000000009004" classname="ds.rm_disc" name="justovertest"/>
    <testcase time="0.000999999999976353" classname="ds.rm_disc" name="justovertest"/>
    <testcase time="0.00199999999995271" classname="ds.rm_disc" name="justovertest"/>
    <testcase time="0.000999999999976353" classname="ds.rm_disc" name="justovertest"/>
    <testcase time="0.00100000000009004" classname="ds.rm_disc" name="justovertest"/>
    <testcase time="0.274000000000001" classname="ds.rm_disc" name="simple_test"/>
    <testcase time="0.00199999999995271" classname="ds.rm_disc" name="simple_test"/>
    <testcase time="0.00199999999995271" classname="ds.rm_disc" name="simple_test"/>
    <testcase time="0.00100000000009004" classname="ds.rm_disc" name="simple_test"/>
    <testcase time="0.00199999999995271" classname="ds.rm_disc" name="simple_test"/>
    <testcase time="0.000999999999976353" classname="ds.rm_disc" name="simple_test"/>
    <testcase time="0.00200000000006639" classname="ds.rm_disc" name="simple_test"/>
    <testcase time="0.26299999999992" classname="ds.rm_disc" name="simple_test"/>
    <testcase time="0.00200000000006639" classname="ds.rm_disc" name="simple_test"/>
    <testcase time="0.00199999999995271" classname="ds.rm_disc" name="simple_test"/>
    <testcase time="0.000999999999976353" classname="ds.rm_disc" name="simple_test"/>
    <testcase time="0.00200000000006639" classname="ds.rm_disc" name="simple_test"/>
    <testcase time="0.00199999999995271" classname="ds.rm_disc" name="simple_test"/>
    <testcase time="0.00100000000009004" classname="ds.rm_disc" name="simple_test"/>
  </testsuite>
  <testsuite name="ds.sample::disc::setup" timestamp="2020-05-04T23:06:35Z" hostname="fv-az14" tests="0" skipped="0" failures="0" errors="0" time="0"/>
  <testsuite name="ds.sample::disc::test disclosure" timestamp="2020-05-04T23:06:40Z" hostname="fv-az14" tests="35" skipped="0" failures="0" errors="0" time="12.781">
    <testcase time="6.47699999999998" classname="ds.sample_disc_test_disclosure" name="cov_erros"/>
    <testcase time="0.000999999999976353" classname="ds.sample_disc_test_disclosure" name="cov_erros"/>
    <testcase time="0.000999999999976353" classname="ds.sample_disc_test_disclosure" name="cov_erros"/>
    <testcase time="0.000999999999976353" classname="ds.sample_disc_test_disclosure" name="cov_erros"/>
    <testcase time="0.00200000000006639" classname="ds.sample_disc_test_disclosure" name="cov_erros"/>
    <testcase time="0.000999999999976353" classname="ds.sample_disc_test_disclosure" name="cov_erros"/>
    <testcase time="0.000999999999976353" classname="ds.sample_disc_test_disclosure" name="cov_erros"/>
    <testcase time="1.51099999999997" classname="ds.sample_disc_test_disclosure" name="cov_erros"/>
    <testcase time="0.00100000000009004" classname="ds.sample_disc_test_disclosure" name="cov_erros"/>
    <testcase time="0.00199999999995271" classname="ds.sample_disc_test_disclosure" name="cov_erros"/>
    <testcase time="0.000999999999976353" classname="ds.sample_disc_test_disclosure" name="cov_erros"/>
    <testcase time="0.00100000000009004" classname="ds.sample_disc_test_disclosure" name="cov_erros"/>
    <testcase time="0.000999999999976353" classname="ds.sample_disc_test_disclosure" name="cov_erros"/>
    <testcase time="0.000999999999976353" classname="ds.sample_disc_test_disclosure" name="cov_erros"/>
    <testcase time="1.50699999999995" classname="ds.sample_disc_test_disclosure" name="cov_erros"/>
    <testcase time="0.00200000000006639" classname="ds.sample_disc_test_disclosure" name="cov_erros"/>
    <testcase time="0.000999999999976353" classname="ds.sample_disc_test_disclosure" name="cov_erros"/>
    <testcase time="0.000999999999976353" classname="ds.sample_disc_test_disclosure" name="cov_erros"/>
    <testcase time="0.00200000000006639" classname="ds.sample_disc_test_disclosure" name="cov_erros"/>
    <testcase time="0.000999999999976353" classname="ds.sample_disc_test_disclosure" name="cov_erros"/>
    <testcase time="0.00199999999995271" classname="ds.sample_disc_test_disclosure" name="cov_erros"/>
    <testcase time="1.64800000000002" classname="ds.sample_disc_test_disclosure" name="cov_erros"/>
    <testcase time="0.00199999999995271" classname="ds.sample_disc_test_disclosure" name="cov_erros"/>
    <testcase time="0.00100000000009004" classname="ds.sample_disc_test_disclosure" name="cov_erros"/>
    <testcase time="0.00199999999995271" classname="ds.sample_disc_test_disclosure" name="cov_erros"/>
    <testcase time="0.000999999999976353" classname="ds.sample_disc_test_disclosure" name="cov_erros"/>
    <testcase time="0.00200000000006639" classname="ds.sample_disc_test_disclosure" name="cov_erros"/>
    <testcase time="0.000999999999976353" classname="ds.sample_disc_test_disclosure" name="cov_erros"/>
    <testcase time="1.596" classname="ds.sample_disc_test_disclosure" name="cov_erros"/>
    <testcase time="0.00199999999995271" classname="ds.sample_disc_test_disclosure" name="cov_erros"/>
    <testcase time="0.00200000000006639" classname="ds.sample_disc_test_disclosure" name="cov_erros"/>
    <testcase time="0.000999999999976353" classname="ds.sample_disc_test_disclosure" name="cov_erros"/>
    <testcase time="0.00199999999995271" classname="ds.sample_disc_test_disclosure" name="cov_erros"/>
    <testcase time="0.00200000000006639" classname="ds.sample_disc_test_disclosure" name="cov_erros"/>
    <testcase time="0.000999999999976353" classname="ds.sample_disc_test_disclosure" name="cov_erros"/>
  </testsuite>
  <testsuite name="ds.sample::disc::shutdown" timestamp="2020-05-04T23:06:47Z" hostname="fv-az14" tests="0" skipped="0" failures="0" errors="0" time="0"/>
  <testsuite name="ds.sample::disc::done" timestamp="2020-05-04T23:06:48Z" hostname="fv-az14" tests="0" skipped="0" failures="0" errors="0" time="0"/>
  <testsuite name="ds.table::disc::setup" timestamp="2020-05-04T23:06:48Z" hostname="fv-az14" tests="0" skipped="0" failures="0" errors="0" time="0"/>
  <testsuite name="ds.table::disc::tests" timestamp="2020-05-04T23:06:52Z" hostname="fv-az14" tests="7" skipped="0" failures="0" errors="0" time="8.694">
    <testcase time="8.68700000000001" classname="ds.table_disc_tests" name="table_disclosure"/>
    <testcase time="0.000999999999976353" classname="ds.table_disc_tests" name="table_disclosure"/>
    <testcase time="0.000999999999976353" classname="ds.table_disc_tests" name="table_disclosure"/>
    <testcase time="0.000999999999976353" classname="ds.table_disc_tests" name="table_disclosure"/>
    <testcase time="0.00200000000006639" classname="ds.table_disc_tests" name="table_disclosure"/>
    <testcase time="0.000999999999976353" classname="ds.table_disc_tests" name="table_disclosure"/>
    <testcase time="0.000999999999976353" classname="ds.table_disc_tests" name="table_disclosure"/>
  </testsuite>
  <testsuite name="ds.table::disc::shutdown" timestamp="2020-05-04T23:06:56Z" hostname="fv-az14" tests="0" skipped="0" failures="0" errors="0" time="0"/>
  <testsuite name="ds.table::disc::done" timestamp="2020-05-04T23:06:57Z" hostname="fv-az14" tests="0" skipped="0" failures="0" errors="0" time="0"/>
  <testsuite name="ds.var::disc::type=both" timestamp="2020-05-04T23:07:01Z" hostname="fv-az14" tests="29" skipped="0" failures="0" errors="0" time="8.394">
    <testcase time="8.08100000000002" classname="ds.var_disc_type_both" name="var_values_both_"/>
    <testcase time="0.00200000000006639" classname="ds.var_disc_type_both" name="var_values_both_"/>
    <testcase time="0.000999999999976353" classname="ds.var_disc_type_both" name="var_values_both_"/>
    <testcase time="0.00199999999995271" classname="ds.var_disc_type_both" name="var_values_both_"/>
    <testcase time="0.000999999999976353" classname="ds.var_disc_type_both" name="var_values_both_"/>
    <testcase time="0.275000000000091" classname="ds.var_disc_type_both" name="var_values_both_"/>
    <testcase time="0.000999999999976353" classname="ds.var_disc_type_both" name="var_values_both_"/>
    <testcase time="0.000999999999976353" classname="ds.var_disc_type_both" name="var_values_both_"/>
    <testcase time="0.00199999999995271" classname="ds.var_disc_type_both" name="var_values_both_"/>
    <testcase time="0.00100000000009004" classname="ds.var_disc_type_both" name="var_values_both_"/>
    <testcase time="0.000999999999976353" classname="ds.var_disc_type_both" name="var_values_both_"/>
    <testcase time="0.00199999999995271" classname="ds.var_disc_type_both" name="var_values_both_"/>
    <testcase time="0.000999999999976353" classname="ds.var_disc_type_both" name="var_values_both_"/>
    <testcase time="0.00100000000009004" classname="ds.var_disc_type_both" name="var_values_both_"/>
    <testcase time="0.00199999999995271" classname="ds.var_disc_type_both" name="var_values_both_"/>
    <testcase time="0.000999999999976353" classname="ds.var_disc_type_both" name="var_values_both_"/>
    <testcase time="0.00100000000009004" classname="ds.var_disc_type_both" name="var_values_both_"/>
    <testcase time="0.00199999999995271" classname="ds.var_disc_type_both" name="var_values_both_"/>
    <testcase time="0.000999999999976353" classname="ds.var_disc_type_both" name="var_values_both_"/>
    <testcase time="0.000999999999976353" classname="ds.var_disc_type_both" name="var_values_both_"/>
    <testcase time="0.00200000000006639" classname="ds.var_disc_type_both" name="var_values_both_"/>
    <testcase time="0.000999999999976353" classname="ds.var_disc_type_both" name="var_values_both_"/>
    <testcase time="0.00199999999995271" classname="ds.var_disc_type_both" name="var_values_both_"/>
    <testcase time="0.00100000000009004" classname="ds.var_disc_type_both" name="var_values_both_"/>
    <testcase time="0.00199999999995271" classname="ds.var_disc_type_both" name="var_values_both_"/>
    <testcase time="0.00199999999995271" classname="ds.var_disc_type_both" name="var_values_both_"/>
    <testcase time="0.00100000000009004" classname="ds.var_disc_type_both" name="var_values_both_"/>
    <testcase time="0.00199999999995271" classname="ds.var_disc_type_both" name="var_values_both_"/>
    <testcase time="0.000999999999976353" classname="ds.var_disc_type_both" name="var_values_both_"/>
  </testsuite>
  <testsuite name="ds.dataFrame::expt::setup" timestamp="2020-05-04T23:07:05Z" hostname="fv-az14" tests="0" skipped="0" failures="0" errors="0" time="0"/>
  <testsuite name="ds.dataFrame::expt::one_column::single" timestamp="2020-05-04T23:07:05Z" hostname="fv-az14" tests="24" skipped="0" failures="0" errors="0" time="22.474">
    <testcase time="5.75300000000004" classname="ds.dataFrame_expt_one_column_single" name="numeric_data"/>
    <testcase time="0.000999999999976353" classname="ds.dataFrame_expt_one_column_single" name="numeric_data"/>
    <testcase time="0.000999999999976353" classname="ds.dataFrame_expt_one_column_single" name="numeric_data"/>
    <testcase time="2.41100000000006" classname="ds.dataFrame_expt_one_column_single" name="numeric_data"/>
    <testcase time="0.000999999999976353" classname="ds.dataFrame_expt_one_column_single" name="numeric_data"/>
    <testcase time="0.000999999999976353" classname="ds.dataFrame_expt_one_column_single" name="numeric_data"/>
    <testcase time="2.38099999999997" classname="ds.dataFrame_expt_one_column_single" name="numeric_data"/>
    <testcase time="0.00200000000006639" classname="ds.dataFrame_expt_one_column_single" name="numeric_data"/>
    <testcase time="0.000999999999976353" classname="ds.dataFrame_expt_one_column_single" name="numeric_data"/>
    <testcase time="2.37800000000004" classname="ds.dataFrame_expt_one_column_single" name="numeric_data"/>
    <testcase time="0.00199999999995271" classname="ds.dataFrame_expt_one_column_single" name="numeric_data"/>
    <testcase time="0.000999999999976353" classname="ds.dataFrame_expt_one_column_single" name="numeric_data"/>
    <testcase time="2.37300000000005" classname="ds.dataFrame_expt_one_column_single" name="numeric_data"/>
    <testcase time="0.00199999999995271" classname="ds.dataFrame_expt_one_column_single" name="numeric_data"/>
    <testcase time="0.00100000000009004" classname="ds.dataFrame_expt_one_column_single" name="numeric_data"/>
    <testcase time="2.37" classname="ds.dataFrame_expt_one_column_single" name="numeric_data"/>
    <testcase time="0.000999999999976353" classname="ds.dataFrame_expt_one_column_single" name="numeric_data"/>
    <testcase time="0.00199999999995271" classname="ds.dataFrame_expt_one_column_single" name="numeric_data"/>
    <testcase time="2.41499999999996" classname="ds.dataFrame_expt_one_column_single" name="numeric_data"/>
    <testcase time="0.00100000000009004" classname="ds.dataFrame_expt_one_column_single" name="numeric_data"/>
    <testcase time="0.00199999999995271" classname="ds.dataFrame_expt_one_column_single" name="numeric_data"/>
    <testcase time="2.37099999999998" classname="ds.dataFrame_expt_one_column_single" name="numeric_data"/>
    <testcase time="0.00200000000006639" classname="ds.dataFrame_expt_one_column_single" name="numeric_data"/>
    <testcase time="0.000999999999976353" classname="ds.dataFrame_expt_one_column_single" name="numeric_data"/>
  </testsuite>
  <testsuite name="ds.dataFrame::expt::several_columns::single" timestamp="2020-05-04T23:07:27Z" hostname="fv-az14" tests="12" skipped="0" failures="0" errors="0" time="9.303">
    <testcase time="6.21600000000001" classname="ds.dataFrame_expt_several_columns_single" name="numeric_data"/>
    <testcase time="0.00199999999995271" classname="ds.dataFrame_expt_several_columns_single" name="numeric_data"/>
    <testcase time="0.000999999999976353" classname="ds.dataFrame_expt_several_columns_single" name="numeric_data"/>
    <testcase time="0.00100000000009004" classname="ds.dataFrame_expt_several_columns_single" name="numeric_data"/>
    <testcase time="0.000999999999976353" classname="ds.dataFrame_expt_several_columns_single" name="numeric_data"/>
    <testcase time="0.000999999999976353" classname="ds.dataFrame_expt_several_columns_single" name="numeric_data"/>
    <testcase time="3.07500000000005" classname="ds.dataFrame_expt_several_columns_single" name="numeric_data"/>
    <testcase time="0.000999999999976353" classname="ds.dataFrame_expt_several_columns_single" name="numeric_data"/>
    <testcase time="0.000999999999976353" classname="ds.dataFrame_expt_several_columns_single" name="numeric_data"/>
    <testcase time="0.000999999999976353" classname="ds.dataFrame_expt_several_columns_single" name="numeric_data"/>
    <testcase time="0.00200000000006639" classname="ds.dataFrame_expt_several_columns_single" name="numeric_data"/>
    <testcase time="0.000999999999976353" classname="ds.dataFrame_expt_several_columns_single" name="numeric_data"/>
  </testsuite>
  <testsuite name="ds.dataFrame::expt::one_column::multiple" timestamp="2020-05-04T23:07:36Z" hostname="fv-az14" tests="40" skipped="0" failures="0" errors="0" time="29.403">
    <testcase time="7.67600000000004" classname="ds.dataFrame_expt_one_column_multiple" name="numeric_data"/>
    <testcase time="0.00199999999995271" classname="ds.dataFrame_expt_one_column_multiple" name="numeric_data"/>
    <testcase time="0.000999999999976353" classname="ds.dataFrame_expt_one_column_multiple" name="numeric_data"/>
    <testcase time="0.000999999999976353" classname="ds.dataFrame_expt_one_column_multiple" name="numeric_data"/>
    <testcase time="0.00100000000009004" classname="ds.dataFrame_expt_one_column_multiple" name="numeric_data"/>
    <testcase time="3.13099999999997" classname="ds.dataFrame_expt_one_column_multiple" name="numeric_data"/>
    <testcase time="0.00199999999995271" classname="ds.dataFrame_expt_one_column_multiple" name="numeric_data"/>
    <testcase time="0.000999999999976353" classname="ds.dataFrame_expt_one_column_multiple" name="numeric_data"/>
    <testcase time="0.00100000000009004" classname="ds.dataFrame_expt_one_column_multiple" name="numeric_data"/>
    <testcase time="0.00199999999995271" classname="ds.dataFrame_expt_one_column_multiple" name="numeric_data"/>
    <testcase time="3.07399999999996" classname="ds.dataFrame_expt_one_column_multiple" name="numeric_data"/>
    <testcase time="0.00200000000006639" classname="ds.dataFrame_expt_one_column_multiple" name="numeric_data"/>
    <testcase time="0.000999999999976353" classname="ds.dataFrame_expt_one_column_multiple" name="numeric_data"/>
    <testcase time="0.000999999999976353" classname="ds.dataFrame_expt_one_column_multiple" name="numeric_data"/>
    <testcase time="0.000999999999976353" classname="ds.dataFrame_expt_one_column_multiple" name="numeric_data"/>
    <testcase time="3.08900000000006" classname="ds.dataFrame_expt_one_column_multiple" name="numeric_data"/>
    <testcase time="0.000999999999976353" classname="ds.dataFrame_expt_one_column_multiple" name="numeric_data"/>
    <testcase time="0.00200000000006639" classname="ds.dataFrame_expt_one_column_multiple" name="numeric_data"/>
    <testcase time="0.000999999999976353" classname="ds.dataFrame_expt_one_column_multiple" name="numeric_data"/>
    <testcase time="0.00199999999995271" classname="ds.dataFrame_expt_one_column_multiple" name="numeric_data"/>
    <testcase time="3.08699999999999" classname="ds.dataFrame_expt_one_column_multiple" name="numeric_data"/>
    <testcase time="0.00100000000009004" classname="ds.dataFrame_expt_one_column_multiple" name="numeric_data"/>
    <testcase time="0.000999999999976353" classname="ds.dataFrame_expt_one_column_multiple" name="numeric_data"/>
    <testcase time="0.00199999999995271" classname="ds.dataFrame_expt_one_column_multiple" name="numeric_data"/>
    <testcase time="0.000999999999976353" classname="ds.dataFrame_expt_one_column_multiple" name="numeric_data"/>
    <testcase time="3.10300000000007" classname="ds.dataFrame_expt_one_column_multiple" name="numeric_data"/>
    <testcase time="0.00199999999995271" classname="ds.dataFrame_expt_one_column_multiple" name="numeric_data"/>
    <testcase time="0.00100000000009004" classname="ds.dataFrame_expt_one_column_multiple" name="numeric_data"/>
    <testcase time="0.00199999999995271" classname="ds.dataFrame_expt_one_column_multiple" name="numeric_data"/>
    <testcase time="0.000999999999976353" classname="ds.dataFrame_expt_one_column_multiple" name="numeric_data"/>
    <testcase time="3.12400000000002" classname="ds.dataFrame_expt_one_column_multiple" name="numeric_data"/>
    <testcase time="0.000999999999976353" classname="ds.dataFrame_expt_one_column_multiple" name="numeric_data"/>
    <testcase time="0.00100000000009004" classname="ds.dataFrame_expt_one_column_multiple" name="numeric_data"/>
    <testcase time="0.00199999999995271" classname="ds.dataFrame_expt_one_column_multiple" name="numeric_data"/>
    <testcase time="0.000999999999976353" classname="ds.dataFrame_expt_one_column_multiple" name="numeric_data"/>
    <testcase time="3.07400000000007" classname="ds.dataFrame_expt_one_column_multiple" name="numeric_data"/>
    <testcase time="0.00199999999995271" classname="ds.dataFrame_expt_one_column_multiple" name="numeric_data"/>
    <testcase time="0.00200000000006639" classname="ds.dataFrame_expt_one_column_multiple" name="numeric_data"/>
    <testcase time="0.000999999999976353" classname="ds.dataFrame_expt_one_column_multiple" name="numeric_data"/>
    <testcase time="0.00199999999995271" classname="ds.dataFrame_expt_one_column_multiple" name="numeric_data"/>
  </testsuite>
  <testsuite name="ds.dataFrame::expt::several_columns::single" timestamp="2020-05-04T23:08:06Z" hostname="fv-az14" tests="16" skipped="0" failures="0" errors="0" time="12.676">
    <testcase time="8.77200000000005" classname="ds.dataFrame_expt_several_columns_single" name="numeric_data"/>
    <testcase time="0.000999999999976353" classname="ds.dataFrame_expt_several_columns_single" name="numeric_data"/>
    <testcase time="0.000999999999976353" classname="ds.dataFrame_expt_several_columns_single" name="numeric_data"/>
    <testcase time="0.000999999999976353" classname="ds.dataFrame_expt_several_columns_single" name="numeric_data"/>
    <testcase time="0.000999999999976353" classname="ds.dataFrame_expt_several_columns_single" name="numeric_data"/>
    <testcase time="0.000999999999976353" classname="ds.dataFrame_expt_several_columns_single" name="numeric_data"/>
    <testcase time="0.000999999999976353" classname="ds.dataFrame_expt_several_columns_single" name="numeric_data"/>
    <testcase time="0.000999999999976353" classname="ds.dataFrame_expt_several_columns_single" name="numeric_data"/>
    <testcase time="3.88800000000003" classname="ds.dataFrame_expt_several_columns_single" name="numeric_data"/>
    <testcase time="0.00200000000006639" classname="ds.dataFrame_expt_several_columns_single" name="numeric_data"/>
    <testcase time="0.000999999999976353" classname="ds.dataFrame_expt_several_columns_single" name="numeric_data"/>
    <testcase time="0.000999999999976353" classname="ds.dataFrame_expt_several_columns_single" name="numeric_data"/>
    <testcase time="0.000999999999976353" classname="ds.dataFrame_expt_several_columns_single" name="numeric_data"/>
    <testcase time="0.00200000000006639" classname="ds.dataFrame_expt_several_columns_single" name="numeric_data"/>
    <testcase time="0.000999999999976353" classname="ds.dataFrame_expt_several_columns_single" name="numeric_data"/>
    <testcase time="0.000999999999976353" classname="ds.dataFrame_expt_several_columns_single" name="numeric_data"/>
  </testsuite>
  <testsuite name="ds.dataFrame::expt::one_column_from_objects::single" timestamp="2020-05-04T23:08:18Z" hostname="fv-az14" tests="16" skipped="0" failures="0" errors="0" time="22.538">
    <testcase time="5.71799999999996" classname="ds.dataFrame_expt_one_column_from_objects_single" name="numeric_data"/>
    <testcase time="0.00200000000006639" classname="ds.dataFrame_expt_one_column_from_objects_single" name="numeric_data"/>
    <testcase time="2.44399999999996" classname="ds.dataFrame_expt_one_column_from_objects_single" name="numeric_data"/>
    <testcase time="0.000999999999976353" classname="ds.dataFrame_expt_one_column_from_objects_single" name="numeric_data"/>
    <testcase time="2.38300000000004" classname="ds.dataFrame_expt_one_column_from_objects_single" name="numeric_data"/>
    <testcase time="0.000999999999976353" classname="ds.dataFrame_expt_one_column_from_objects_single" name="numeric_data"/>
    <testcase time="2.37400000000002" classname="ds.dataFrame_expt_one_column_from_objects_single" name="numeric_data"/>
    <testcase time="0.000999999999976353" classname="ds.dataFrame_expt_one_column_from_objects_single" name="numeric_data"/>
    <testcase time="2.37200000000007" classname="ds.dataFrame_expt_one_column_from_objects_single" name="numeric_data"/>
    <testcase time="0.00199999999995271" classname="ds.dataFrame_expt_one_column_from_objects_single" name="numeric_data"/>
    <testcase time="2.38599999999997" classname="ds.dataFrame_expt_one_column_from_objects_single" name="numeric_data"/>
    <testcase time="0.000999999999976353" classname="ds.dataFrame_expt_one_column_from_objects_single" name="numeric_data"/>
    <testcase time="2.45400000000006" classname="ds.dataFrame_expt_one_column_from_objects_single" name="numeric_data"/>
    <testcase time="0.000999999999976353" classname="ds.dataFrame_expt_one_column_from_objects_single" name="numeric_data"/>
    <testcase time="2.39599999999996" classname="ds.dataFrame_expt_one_column_from_objects_single" name="numeric_data"/>
    <testcase time="0.00200000000006639" classname="ds.dataFrame_expt_one_column_from_objects_single" name="numeric_data"/>
  </testsuite>
  <testsuite name="ds.dataFrame::expt::object::multiple" timestamp="2020-05-04T23:08:41Z" hostname="fv-az14" tests="32" skipped="0" failures="0" errors="0" time="26.15">
    <testcase time="7.30099999999993" classname="ds.dataFrame_expt_object_multiple" name="numeric_data"/>
    <testcase time="0.00200000000006639" classname="ds.dataFrame_expt_object_multiple" name="numeric_data"/>
    <testcase time="0.000999999999976353" classname="ds.dataFrame_expt_object_multiple" name="numeric_data"/>
    <testcase time="0.000999999999976353" classname="ds.dataFrame_expt_object_multiple" name="numeric_data"/>
    <testcase time="2.72700000000009" classname="ds.dataFrame_expt_object_multiple" name="numeric_data"/>
    <testcase time="0.00199999999995271" classname="ds.dataFrame_expt_object_multiple" name="numeric_data"/>
    <testcase time="0.000999999999976353" classname="ds.dataFrame_expt_object_multiple" name="numeric_data"/>
    <testcase time="0.000999999999976353" classname="ds.dataFrame_expt_object_multiple" name="numeric_data"/>
    <testcase time="2.673" classname="ds.dataFrame_expt_object_multiple" name="numeric_data"/>
    <testcase time="0.00200000000006639" classname="ds.dataFrame_expt_object_multiple" name="numeric_data"/>
    <testcase time="0.000999999999976353" classname="ds.dataFrame_expt_object_multiple" name="numeric_data"/>
    <testcase time="0.000999999999976353" classname="ds.dataFrame_expt_object_multiple" name="numeric_data"/>
    <testcase time="2.67200000000003" classname="ds.dataFrame_expt_object_multiple" name="numeric_data"/>
    <testcase time="0.000999999999976353" classname="ds.dataFrame_expt_object_multiple" name="numeric_data"/>
    <testcase time="0.000999999999976353" classname="ds.dataFrame_expt_object_multiple" name="numeric_data"/>
    <testcase time="0.00200000000006639" classname="ds.dataFrame_expt_object_multiple" name="numeric_data"/>
    <testcase time="2.66599999999994" classname="ds.dataFrame_expt_object_multiple" name="numeric_data"/>
    <testcase time="0.00100000000009004" classname="ds.dataFrame_expt_object_multiple" name="numeric_data"/>
    <testcase time="0.00199999999995271" classname="ds.dataFrame_expt_object_multiple" name="numeric_data"/>
    <testcase time="0.000999999999976353" classname="ds.dataFrame_expt_object_multiple" name="numeric_data"/>
    <testcase time="2.68600000000004" classname="ds.dataFrame_expt_object_multiple" name="numeric_data"/>
    <testcase time="0.000999999999976353" classname="ds.dataFrame_expt_object_multiple" name="numeric_data"/>
    <testcase time="0.000999999999976353" classname="ds.dataFrame_expt_object_multiple" name="numeric_data"/>
    <testcase time="0.00200000000006639" classname="ds.dataFrame_expt_object_multiple" name="numeric_data"/>
    <testcase time="2.73399999999992" classname="ds.dataFrame_expt_object_multiple" name="numeric_data"/>
    <testcase time="0.00100000000009004" classname="ds.dataFrame_expt_object_multiple" name="numeric_data"/>
    <testcase time="0.00199999999995271" classname="ds.dataFrame_expt_object_multiple" name="numeric_data"/>
    <testcase time="0.000999999999976353" classname="ds.dataFrame_expt_object_multiple" name="numeric_data"/>
    <testcase time="2.65800000000002" classname="ds.dataFrame_expt_object_multiple" name="numeric_data"/>
    <testcase time="0.00199999999995271" classname="ds.dataFrame_expt_object_multiple" name="numeric_data"/>
    <testcase time="0.00200000000006639" classname="ds.dataFrame_expt_object_multiple" name="numeric_data"/>
    <testcase time="0.000999999999976353" classname="ds.dataFrame_expt_object_multiple" name="numeric_data"/>
  </testsuite>
  <testsuite name="ds.dataFrame::expt::several_objects::multiple" timestamp="2020-05-04T23:09:07Z" hostname="fv-az14" tests="4" skipped="0" failures="0" errors="0" time="8.545">
    <testcase time="8.54200000000003" classname="ds.dataFrame_expt_several_objects_multiple" name="several_objects"/>
    <testcase time="0.000999999999976353" classname="ds.dataFrame_expt_several_objects_multiple" name="several_objects"/>
    <testcase time="0.000999999999976353" classname="ds.dataFrame_expt_several_objects_multiple" name="several_objects"/>
    <testcase time="0.000999999999976353" classname="ds.dataFrame_expt_several_objects_multiple" name="several_objects"/>
  </testsuite>
  <testsuite name="ds.dataFrame::expt::non_numeric::multiple" timestamp="2020-05-04T23:09:16Z" hostname="fv-az14" tests="18" skipped="0" failures="0" errors="0" time="16.344">
    <testcase time="7.846" classname="ds.dataFrame_expt_non_numeric_multiple" name="non_numeric"/>
    <testcase time="0.00100000000009004" classname="ds.dataFrame_expt_non_numeric_multiple" name="non_numeric"/>
    <testcase time="0.000999999999976353" classname="ds.dataFrame_expt_non_numeric_multiple" name="non_numeric"/>
    <testcase time="0.000999999999976353" classname="ds.dataFrame_expt_non_numeric_multiple" name="non_numeric"/>
    <testcase time="0.000999999999976353" classname="ds.dataFrame_expt_non_numeric_multiple" name="non_numeric"/>
    <testcase time="3.14300000000003" classname="ds.dataFrame_expt_non_numeric_multiple" name="non_numeric"/>
    <testcase time="0.00199999999995271" classname="ds.dataFrame_expt_non_numeric_multiple" name="non_numeric"/>
    <testcase time="0.00100000000009004" classname="ds.dataFrame_expt_non_numeric_multiple" name="non_numeric"/>
    <testcase time="0.000999999999976353" classname="ds.dataFrame_expt_non_numeric_multiple" name="non_numeric"/>
    <testcase time="0.00199999999995271" classname="ds.dataFrame_expt_non_numeric_multiple" name="non_numeric"/>
    <testcase time="2.67600000000004" classname="ds.dataFrame_expt_non_numeric_multiple" name="non_numeric"/>
    <testcase time="0.00199999999995271" classname="ds.dataFrame_expt_non_numeric_multiple" name="non_numeric"/>
    <testcase time="0.000999999999976353" classname="ds.dataFrame_expt_non_numeric_multiple" name="non_numeric"/>
    <testcase time="0.00100000000009004" classname="ds.dataFrame_expt_non_numeric_multiple" name="non_numeric"/>
    <testcase time="2.66099999999994" classname="ds.dataFrame_expt_non_numeric_multiple" name="non_numeric"/>
    <testcase time="0.000999999999976353" classname="ds.dataFrame_expt_non_numeric_multiple" name="non_numeric"/>
    <testcase time="0.00200000000006639" classname="ds.dataFrame_expt_non_numeric_multiple" name="non_numeric"/>
    <testcase time="0.000999999999976353" classname="ds.dataFrame_expt_non_numeric_multiple" name="non_numeric"/>
  </testsuite>
  <testsuite name="ds.dataFrame::expt::non_numeric::multiple" timestamp="2020-05-04T23:09:32Z" hostname="fv-az14" tests="10" skipped="0" failures="0" errors="0" time="12.779">
    <testcase time="5.61099999999999" classname="ds.dataFrame_expt_non_numeric_multiple" name="_unnamed_"/>
    <testcase time="0.00200000000006639" classname="ds.dataFrame_expt_non_numeric_multiple" name="_unnamed_"/>
    <testcase time="0.000999999999976353" classname="ds.dataFrame_expt_non_numeric_multiple" name="_unnamed_"/>
    <testcase time="2.41300000000001" classname="ds.dataFrame_expt_non_numeric_multiple" name="_unnamed_"/>
    <testcase time="0.000999999999976353" classname="ds.dataFrame_expt_non_numeric_multiple" name="_unnamed_"/>
    <testcase time="0.000999999999976353" classname="ds.dataFrame_expt_non_numeric_multiple" name="_unnamed_"/>
    <testcase time="2.37300000000005" classname="ds.dataFrame_expt_non_numeric_multiple" name="_unnamed_"/>
    <testcase time="0.000999999999976353" classname="ds.dataFrame_expt_non_numeric_multiple" name="_unnamed_"/>
    <testcase time="2.375" classname="ds.dataFrame_expt_non_numeric_multiple" name="_unnamed_"/>
    <testcase time="0.000999999999976353" classname="ds.dataFrame_expt_non_numeric_multiple" name="_unnamed_"/>
  </testsuite>
  <testsuite name="ds.dataFrame::expt::shutdown" timestamp="2020-05-04T23:09:45Z" hostname="fv-az14" tests="0" skipped="0" failures="0" errors="0" time="0"/>
  <testsuite name="ds.dataFrame::expt::done" timestamp="2020-05-04T23:09:45Z" hostname="fv-az14" tests="0" skipped="0" failures="0" errors="0" time="0"/>
  <testsuite name="ds.dataFrameSort::expt::setup" timestamp="2020-05-04T23:09:45Z" hostname="fv-az14" tests="1" skipped="0" failures="0" errors="1" time="0.022">
    <testcase time="0.0220000000000482" classname="ds.dataFrameSort_expt_setup" name="_unnamed_">
      <error type="error" message="object 'connections' not found (@test-expt-ds.dataFrameSort.R#14)">object 'connections' not found
Backtrace:
 1. base::source("definition_tests/def-ds.dataFrameSort.R") tests/testthat/test-expt-ds.dataFrameSort.R:14:0
 5. DSI::datashield.logout(connections)</error>
    </testcase>
  </testsuite>
  <testsuite name="ds.dataFrameSubset()::expt::multiple::all_columns" timestamp="2020-05-04T23:09:45Z" hostname="fv-az14" tests="48" skipped="0" failures="0" errors="0" time="30.775">
    <testcase time="9.02300000000002" classname="ds.dataFrameSubset_expt_multiple_all_columns" name="numeric_data"/>
    <testcase time="0.000999999999976353" classname="ds.dataFrameSubset_expt_multiple_all_columns" name="numeric_data"/>
    <testcase time="0.000999999999976353" classname="ds.dataFrameSubset_expt_multiple_all_columns" name="numeric_data"/>
    <testcase time="0.000999999999976353" classname="ds.dataFrameSubset_expt_multiple_all_columns" name="numeric_data"/>
    <testcase time="0.000999999999976353" classname="ds.dataFrameSubset_expt_multiple_all_columns" name="numeric_data"/>
    <testcase time="0.00100000000009004" classname="ds.dataFrameSubset_expt_multiple_all_columns" name="numeric_data"/>
    <testcase time="0.00199999999995271" classname="ds.dataFrameSubset_expt_multiple_all_columns" name="numeric_data"/>
    <testcase time="0.000999999999976353" classname="ds.dataFrameSubset_expt_multiple_all_columns" name="numeric_data"/>
    <testcase time="4.36900000000003" classname="ds.dataFrameSubset_expt_multiple_all_columns" name="numeric_data"/>
    <testcase time="0.000999999999976353" classname="ds.dataFrameSubset_expt_multiple_all_columns" name="numeric_data"/>
    <testcase time="0.000999999999976353" classname="ds.dataFrameSubset_expt_multiple_all_columns" name="numeric_data"/>
    <testcase time="0.00100000000009004" classname="ds.dataFrameSubset_expt_multiple_all_columns" name="numeric_data"/>
    <testcase time="0.00199999999995271" classname="ds.dataFrameSubset_expt_multiple_all_columns" name="numeric_data"/>
    <testcase time="0.000999999999976353" classname="ds.dataFrameSubset_expt_multiple_all_columns" name="numeric_data"/>
    <testcase time="0.000999999999976353" classname="ds.dataFrameSubset_expt_multiple_all_columns" name="numeric_data"/>
    <testcase time="0.00100000000009004" classname="ds.dataFrameSubset_expt_multiple_all_columns" name="numeric_data"/>
    <testcase time="4.303" classname="ds.dataFrameSubset_expt_multiple_all_columns" name="numeric_data"/>
    <testcase time="0.00199999999995271" classname="ds.dataFrameSubset_expt_multiple_all_columns" name="numeric_data"/>
    <testcase time="0.000999999999976353" classname="ds.dataFrameSubset_expt_multiple_all_columns" name="numeric_data"/>
    <testcase time="0.00200000000006639" classname="ds.dataFrameSubset_expt_multiple_all_columns" name="numeric_data"/>
    <testcase time="0.000999999999976353" classname="ds.dataFrameSubset_expt_multiple_all_columns" name="numeric_data"/>
    <testcase time="0.00199999999995271" classname="ds.dataFrameSubset_expt_multiple_all_columns" name="numeric_data"/>
    <testcase time="0.00200000000006639" classname="ds.dataFrameSubset_expt_multiple_all_columns" name="numeric_data"/>
    <testcase time="0.00199999999995271" classname="ds.dataFrameSubset_expt_multiple_all_columns" name="numeric_data"/>
    <testcase time="4.41100000000006" classname="ds.dataFrameSubset_expt_multiple_all_columns" name="numeric_data"/>
    <testcase time="0.00199999999995271" classname="ds.dataFrameSubset_expt_multiple_all_columns" name="numeric_data"/>
    <testcase time="0.00200000000006639" classname="ds.dataFrameSubset_expt_multiple_all_columns" name="numeric_data"/>
    <testcase time="0.000999999999976353" classname="ds.dataFrameSubset_expt_multiple_all_columns" name="numeric_data"/>
    <testcase time="0.00199999999995271" classname="ds.dataFrameSubset_expt_multiple_all_columns" name="numeric_data"/>
    <testcase time="0.000999999999976353" classname="ds.dataFrameSubset_expt_multiple_all_columns" name="numeric_data"/>
    <testcase time="0.00200000000006639" classname="ds.dataFrameSubset_expt_multiple_all_columns" name="numeric_data"/>
    <testcase time="0.00199999999995271" classname="ds.dataFrameSubset_expt_multiple_all_columns" name="numeric_data"/>
    <testcase time="4.29899999999998" classname="ds.dataFrameSubset_expt_multiple_all_columns" name="numeric_data"/>
    <testcase time="0.00200000000006639" classname="ds.dataFrameSubset_expt_multiple_all_columns" name="numeric_data"/>
    <testcase time="0.000999999999976353" classname="ds.dataFrameSubset_expt_multiple_all_columns" name="numeric_data"/>
    <testcase time="0.00199999999995271" classname="ds.dataFrameSubset_expt_multiple_all_columns" name="numeric_data"/>
    <testcase time="0.00100000000009004" classname="ds.dataFrameSubset_expt_multiple_all_columns" name="numeric_data"/>
    <testcase time="0.00199999999995271" classname="ds.dataFrameSubset_expt_multiple_all_columns" name="numeric_data"/>
    <testcase time="0.00199999999995271" classname="ds.dataFrameSubset_expt_multiple_all_columns" name="numeric_data"/>
    <testcase time="0.00200000000006639" classname="ds.dataFrameSubset_expt_multiple_all_columns" name="numeric_data"/>
    <testcase time="4.30499999999995" classname="ds.dataFrameSubset_expt_multiple_all_columns" name="numeric_data"/>
    <testcase time="0.00200000000006639" classname="ds.dataFrameSubset_expt_multiple_all_columns" name="numeric_data"/>
    <testcase time="0.00199999999995271" classname="ds.dataFrameSubset_expt_multiple_all_columns" name="numeric_data"/>
    <testcase time="0.000999999999976353" classname="ds.dataFrameSubset_expt_multiple_all_columns" name="numeric_data"/>
    <testcase time="0.00200000000006639" classname="ds.dataFrameSubset_expt_multiple_all_columns" name="numeric_data"/>
    <testcase time="0.00199999999995271" classname="ds.dataFrameSubset_expt_multiple_all_columns" name="numeric_data"/>
    <testcase time="0.00200000000006639" classname="ds.dataFrameSubset_expt_multiple_all_columns" name="numeric_data"/>
    <testcase time="0.00199999999995271" classname="ds.dataFrameSubset_expt_multiple_all_columns" name="numeric_data"/>
  </testsuite>
  <testsuite name="ds.glmerSLMA::expt::setup" timestamp="2020-05-04T23:10:16Z" hostname="fv-az14" tests="3" skipped="0" failures="0" errors="0" time="4.978">
    <testcase time="4.97500000000002" classname="ds.glmerSLMA_expt_setup" name="setup"/>
    <testcase time="0.000999999999976353" classname="ds.glmerSLMA_expt_setup" name="setup"/>
    <testcase time="0.00200000000006639" classname="ds.glmerSLMA_expt_setup" name="setup"/>
  </testsuite>
  <testsuite name="ds.glmerSLMA::expt::int::multiple" timestamp="2020-05-04T23:10:21Z" hostname="fv-az14" tests="1" skipped="0" failures="0" errors="0" time="5.75">
    <testcase time="5.75" classname="ds.glmerSLMA_expt_int_multiple" name="linear_mixed_model_with_2_levels_of_hierarchy"/>
  </testsuite>
  <testsuite name="ds.lmerSLMA::expt::done" timestamp="2020-05-04T23:10:27Z" hostname="fv-az14" tests="0" skipped="0" failures="0" errors="0" time="0"/>
  <testsuite name="ds.lmerSLMA::expt::setup" timestamp="2020-05-04T23:10:27Z" hostname="fv-az14" tests="3" skipped="0" failures="0" errors="0" time="5.356">
    <testcase time="5.35399999999993" classname="ds.lmerSLMA_expt_setup" name="setup"/>
    <testcase time="0.000999999999976353" classname="ds.lmerSLMA_expt_setup" name="setup"/>
    <testcase time="0.00100000000009004" classname="ds.lmerSLMA_expt_setup" name="setup"/>
  </testsuite>
  <testsuite name="ds.lmerSLMA::expt::int::multiple" timestamp="2020-05-04T23:10:32Z" hostname="fv-az14" tests="1" skipped="0" failures="0" errors="0" time="2.776">
    <testcase time="2.77599999999995" classname="ds.lmerSLMA_expt_int_multiple" name="linear_mixed_model_with_2_levels_of_hierarchy"/>
  </testsuite>
  <testsuite name="ds.lmerSLMA::expt::done" timestamp="2020-05-04T23:10:35Z" hostname="fv-az14" tests="0" skipped="0" failures="0" errors="0" time="0"/>
  <testsuite name="ds.mean()::expt::combine::multiple" timestamp="2020-05-04T23:10:35Z" hostname="fv-az14" tests="8" skipped="0" failures="0" errors="0" time="14.924">
    <testcase time="6.36900000000003" classname="ds.mean_expt_combine_multiple" name="combined_data_set"/>
    <testcase time="1.21699999999998" classname="ds.mean_expt_combine_multiple" name="combined_data_set"/>
    <testcase time="1.20600000000002" classname="ds.mean_expt_combine_multiple" name="combined_data_set"/>
    <testcase time="1.21899999999994" classname="ds.mean_expt_combine_multiple" name="combined_data_set"/>
    <testcase time="1.2650000000001" classname="ds.mean_expt_combine_multiple" name="combined_data_set"/>
    <testcase time="1.21599999999989" classname="ds.mean_expt_combine_multiple" name="combined_data_set"/>
    <testcase time="1.2170000000001" classname="ds.mean_expt_combine_multiple" name="combined_data_set"/>
    <testcase time="1.21499999999992" classname="ds.mean_expt_combine_multiple" name="combined_data_set"/>
  </testsuite>
  <testsuite name="ds.mean()::expt::split::multiple" timestamp="2020-05-04T23:10:49Z" hostname="fv-az14" tests="24" skipped="0" failures="0" errors="0" time="14.855">
    <testcase time="6.24300000000005" classname="ds.mean_expt_split_multiple" name="split_data_set"/>
    <testcase time="0.00199999999995271" classname="ds.mean_expt_split_multiple" name="split_data_set"/>
    <testcase time="0.000999999999976353" classname="ds.mean_expt_split_multiple" name="split_data_set"/>
    <testcase time="1.22300000000007" classname="ds.mean_expt_split_multiple" name="split_data_set"/>
    <testcase time="0.00199999999995271" classname="ds.mean_expt_split_multiple" name="split_data_set"/>
    <testcase time="0.000999999999976353" classname="ds.mean_expt_split_multiple" name="split_data_set"/>
    <testcase time="1.21300000000008" classname="ds.mean_expt_split_multiple" name="split_data_set"/>
    <testcase time="0.00199999999995271" classname="ds.mean_expt_split_multiple" name="split_data_set"/>
    <testcase time="0.000999999999976353" classname="ds.mean_expt_split_multiple" name="split_data_set"/>
    <testcase time="1.21600000000001" classname="ds.mean_expt_split_multiple" name="split_data_set"/>
    <testcase time="0.00200000000006639" classname="ds.mean_expt_split_multiple" name="split_data_set"/>
    <testcase time="0.000999999999976353" classname="ds.mean_expt_split_multiple" name="split_data_set"/>
    <testcase time="1.28800000000001" classname="ds.mean_expt_split_multiple" name="split_data_set"/>
    <testcase time="0.00199999999995271" classname="ds.mean_expt_split_multiple" name="split_data_set"/>
    <testcase time="0.000999999999976353" classname="ds.mean_expt_split_multiple" name="split_data_set"/>
    <testcase time="1.20900000000006" classname="ds.mean_expt_split_multiple" name="split_data_set"/>
    <testcase time="0.00199999999995271" classname="ds.mean_expt_split_multiple" name="split_data_set"/>
    <testcase time="0.00100000000009004" classname="ds.mean_expt_split_multiple" name="split_data_set"/>
    <testcase time="1.21399999999994" classname="ds.mean_expt_split_multiple" name="split_data_set"/>
    <testcase time="0.00200000000006639" classname="ds.mean_expt_split_multiple" name="split_data_set"/>
    <testcase time="0.000999999999976353" classname="ds.mean_expt_split_multiple" name="split_data_set"/>
    <testcase time="1.22500000000002" classname="ds.mean_expt_split_multiple" name="split_data_set"/>
    <testcase time="0.00199999999995271" classname="ds.mean_expt_split_multiple" name="split_data_set"/>
    <testcase time="0.000999999999976353" classname="ds.mean_expt_split_multiple" name="split_data_set"/>
  </testsuite>
  <testsuite name="ds.mean()::expt::single" timestamp="2020-05-04T23:11:04Z" hostname="fv-az14" tests="8" skipped="0" failures="0" errors="0" time="9.15">
    <testcase time="4.15800000000002" classname="ds.mean_expt_single" name="combined_data_set"/>
    <testcase time="0.706000000000017" classname="ds.mean_expt_single" name="combined_data_set"/>
    <testcase time="0.706999999999994" classname="ds.mean_expt_single" name="combined_data_set"/>
    <testcase time="0.70799999999997" classname="ds.mean_expt_single" name="combined_data_set"/>
    <testcase time="0.744000000000028" classname="ds.mean_expt_single" name="combined_data_set"/>
    <testcase time="0.706000000000017" classname="ds.mean_expt_single" name="combined_data_set"/>
    <testcase time="0.706999999999994" classname="ds.mean_expt_single" name="combined_data_set"/>
    <testcase time="0.713999999999942" classname="ds.mean_expt_single" name="combined_data_set"/>
  </testsuite>
  <testsuite name="ds.mean()::expt::large_values::single" timestamp="2020-05-04T23:11:13Z" hostname="fv-az14" tests="8" skipped="0" failures="0" errors="0" time="14.687">
    <testcase time="4.70800000000008" classname="ds.mean_expt_large_values_single" name="combined_data_set"/>
    <testcase time="1.43899999999996" classname="ds.mean_expt_large_values_single" name="combined_data_set"/>
    <testcase time="1.46600000000001" classname="ds.mean_expt_large_values_single" name="combined_data_set"/>
    <testcase time="1.40999999999997" classname="ds.mean_expt_large_values_single" name="combined_data_set"/>
    <testcase time="1.41500000000008" classname="ds.mean_expt_large_values_single" name="combined_data_set"/>
    <testcase time="1.41599999999994" classname="ds.mean_expt_large_values_single" name="combined_data_set"/>
    <testcase time="1.41500000000008" classname="ds.mean_expt_large_values_single" name="combined_data_set"/>
    <testcase time="1.41799999999989" classname="ds.mean_expt_large_values_single" name="combined_data_set"/>
  </testsuite>
  <testsuite name="ds.mean()::expt::large_values::multiple" timestamp="2020-05-04T23:11:28Z" hostname="fv-az14" tests="8" skipped="0" failures="0" errors="0" time="20.903">
    <testcase time="6.798" classname="ds.mean_expt_large_values_multiple" name="combined_data_set"/>
    <testcase time="1.995" classname="ds.mean_expt_large_values_multiple" name="combined_data_set"/>
    <testcase time="2.04999999999995" classname="ds.mean_expt_large_values_multiple" name="combined_data_set"/>
    <testcase time="2.024" classname="ds.mean_expt_large_values_multiple" name="combined_data_set"/>
    <testcase time="2.00400000000002" classname="ds.mean_expt_large_values_multiple" name="combined_data_set"/>
    <testcase time="2.00999999999999" classname="ds.mean_expt_large_values_multiple" name="combined_data_set"/>
    <testcase time="2.00999999999999" classname="ds.mean_expt_large_values_multiple" name="combined_data_set"/>
    <testcase time="2.01200000000006" classname="ds.mean_expt_large_values_multiple" name="combined_data_set"/>
  </testsuite>
  <testsuite name="ds.reshape()::expt::multiple" timestamp="2020-05-04T23:11:49Z" hostname="fv-az14" tests="1" skipped="1" failures="0" errors="0" time="0.733">
    <testcase time="0.732999999999947" classname="ds.reshape_expt_multiple" name="copy_and_transform">
      <skipped/>
    </testcase>
  </testsuite>
  <testsuite name="ds.var()::expt::multiple" timestamp="2020-05-04T23:11:50Z" hostname="fv-az14" tests="8" skipped="0" failures="0" errors="0" time="14.516">
    <testcase time="5.92100000000005" classname="ds.var_expt_multiple" name="combined_data_set"/>
    <testcase time="1.23399999999992" classname="ds.var_expt_multiple" name="combined_data_set"/>
    <testcase time="1.21900000000005" classname="ds.var_expt_multiple" name="combined_data_set"/>
    <testcase time="1.21900000000005" classname="ds.var_expt_multiple" name="combined_data_set"/>
    <testcase time="1.29999999999995" classname="ds.var_expt_multiple" name="combined_data_set"/>
    <testcase time="1.21000000000004" classname="ds.var_expt_multiple" name="combined_data_set"/>
    <testcase time="1.20499999999993" classname="ds.var_expt_multiple" name="combined_data_set"/>
    <testcase time="1.20799999999997" classname="ds.var_expt_multiple" name="combined_data_set"/>
  </testsuite>
  <testsuite name="ds.var()::expt::single" timestamp="2020-05-04T23:12:04Z" hostname="fv-az14" tests="24" skipped="0" failures="0" errors="0" time="14.85">
    <testcase time="6.24600000000009" classname="ds.var_expt_single" name="split_data_set"/>
    <testcase time="0.000999999999976353" classname="ds.var_expt_single" name="split_data_set"/>
    <testcase time="0.000999999999976353" classname="ds.var_expt_single" name="split_data_set"/>
    <testcase time="1.23500000000001" classname="ds.var_expt_single" name="split_data_set"/>
    <testcase time="0.00200000000006639" classname="ds.var_expt_single" name="split_data_set"/>
    <testcase time="0.000999999999976353" classname="ds.var_expt_single" name="split_data_set"/>
    <testcase time="1.21299999999997" classname="ds.var_expt_single" name="split_data_set"/>
    <testcase time="0.000999999999976353" classname="ds.var_expt_single" name="split_data_set"/>
    <testcase time="0.000999999999976353" classname="ds.var_expt_single" name="split_data_set"/>
    <testcase time="1.20799999999997" classname="ds.var_expt_single" name="split_data_set"/>
    <testcase time="0.000999999999976353" classname="ds.var_expt_single" name="split_data_set"/>
    <testcase time="0.00100000000009004" classname="ds.var_expt_single" name="split_data_set"/>
    <testcase time="1.27699999999993" classname="ds.var_expt_single" name="split_data_set"/>
    <testcase time="0.000999999999976353" classname="ds.var_expt_single" name="split_data_set"/>
    <testcase time="0.00200000000006639" classname="ds.var_expt_single" name="split_data_set"/>
    <testcase time="1.21600000000001" classname="ds.var_expt_single" name="split_data_set"/>
    <testcase time="0.00199999999995271" classname="ds.var_expt_single" name="split_data_set"/>
    <testcase time="0.000999999999976353" classname="ds.var_expt_single" name="split_data_set"/>
    <testcase time="1.21500000000003" classname="ds.var_expt_single" name="split_data_set"/>
    <testcase time="0.00200000000006639" classname="ds.var_expt_single" name="split_data_set"/>
    <testcase time="0.000999999999976353" classname="ds.var_expt_single" name="split_data_set"/>
    <testcase time="1.21899999999994" classname="ds.var_expt_single" name="split_data_set"/>
    <testcase time="0.00200000000006639" classname="ds.var_expt_single" name="split_data_set"/>
    <testcase time="0.000999999999976353" classname="ds.var_expt_single" name="split_data_set"/>
  </testsuite>
  <testsuite name="ds.var()::expt::large_values::multiple" timestamp="2020-05-04T23:12:19Z" hostname="fv-az14" tests="8" skipped="0" failures="0" errors="0" time="21.13">
    <testcase time="7.01199999999994" classname="ds.var_expt_large_values_multiple" name="large_values"/>
    <testcase time="2.01600000000008" classname="ds.var_expt_large_values_multiple" name="large_values"/>
    <testcase time="2.07899999999995" classname="ds.var_expt_large_values_multiple" name="large_values"/>
    <testcase time="2.01300000000003" classname="ds.var_expt_large_values_multiple" name="large_values"/>
    <testcase time="1.99599999999998" classname="ds.var_expt_large_values_multiple" name="large_values"/>
    <testcase time="2.005" classname="ds.var_expt_large_values_multiple" name="large_values"/>
    <testcase time="1.99800000000005" classname="ds.var_expt_large_values_multiple" name="large_values"/>
    <testcase time="2.01099999999997" classname="ds.var_expt_large_values_multiple" name="large_values"/>
  </testsuite>
  <testsuite name="ds.var()::expt::large_values::single" timestamp="2020-05-04T23:12:40Z" hostname="fv-az14" tests="8" skipped="0" failures="0" errors="0" time="14.863">
    <testcase time="4.88599999999997" classname="ds.var_expt_large_values_single" name="large_values"/>
    <testcase time="1.41700000000003" classname="ds.var_expt_large_values_single" name="large_values"/>
    <testcase time="1.46400000000006" classname="ds.var_expt_large_values_single" name="large_values"/>
    <testcase time="1.41999999999996" classname="ds.var_expt_large_values_single" name="large_values"/>
    <testcase time="1.42700000000002" classname="ds.var_expt_large_values_single" name="large_values"/>
    <testcase time="1.41599999999994" classname="ds.var_expt_large_values_single" name="large_values"/>
    <testcase time="1.41600000000005" classname="ds.var_expt_large_values_single" name="large_values"/>
    <testcase time="1.41700000000003" classname="ds.var_expt_large_values_single" name="large_values"/>
  </testsuite>
  <testsuite name="ds.asFactor()::math::multiple" timestamp="2020-05-04T23:12:55Z" hostname="fv-az14" tests="9" skipped="0" failures="0" errors="0" time="12.006">
    <testcase time="5.577" classname="ds.asFactor_math_multiple" name="every_factor_should_be_unique"/>
    <testcase time="0.799999999999955" classname="ds.asFactor_math_multiple" name="every_factor_should_be_unique"/>
    <testcase time="0.79200000000003" classname="ds.asFactor_math_multiple" name="every_factor_should_be_unique"/>
    <testcase time="0.860000000000014" classname="ds.asFactor_math_multiple" name="every_factor_should_be_unique"/>
    <testcase time="0.79099999999994" classname="ds.asFactor_math_multiple" name="every_factor_should_be_unique"/>
    <testcase time="0.800000000000068" classname="ds.asFactor_math_multiple" name="every_factor_should_be_unique"/>
    <testcase time="0.801999999999907" classname="ds.asFactor_math_multiple" name="every_factor_should_be_unique"/>
    <testcase time="0.795000000000073" classname="ds.asFactor_math_multiple" name="every_factor_should_be_unique"/>
    <testcase time="0.788999999999987" classname="ds.asFactor_math_multiple" name="every_factor_should_be_unique"/>
  </testsuite>
  <testsuite name="ds.asFactor()::math::multiple" timestamp="2020-05-04T23:13:07Z" hostname="fv-az14" tests="9" skipped="0" failures="0" errors="0" time="9.953">
    <testcase time="4.19899999999996" classname="ds.asFactor_math_multiple" name="every_factor_should_be_unique"/>
    <testcase time="0.714000000000055" classname="ds.asFactor_math_multiple" name="every_factor_should_be_unique"/>
    <testcase time="0.716000000000008" classname="ds.asFactor_math_multiple" name="every_factor_should_be_unique"/>
    <testcase time="0.752999999999929" classname="ds.asFactor_math_multiple" name="every_factor_should_be_unique"/>
    <testcase time="0.718000000000075" classname="ds.asFactor_math_multiple" name="every_factor_should_be_unique"/>
    <testcase time="0.712999999999965" classname="ds.asFactor_math_multiple" name="every_factor_should_be_unique"/>
    <testcase time="0.716000000000008" classname="ds.asFactor_math_multiple" name="every_factor_should_be_unique"/>
    <testcase time="0.711000000000013" classname="ds.asFactor_math_multiple" name="every_factor_should_be_unique"/>
    <testcase time="0.712999999999965" classname="ds.asFactor_math_multiple" name="every_factor_should_be_unique"/>
  </testsuite>
  <testsuite name="ds.make()::math::transformation::multiple" timestamp="2020-05-04T23:13:17Z" hostname="fv-az14" tests="64" skipped="0" failures="0" errors="0" time="176.732">
    <testcase time="10.181" classname="ds.make_math_transformation_multiple" name="transformation"/>
    <testcase time="0.000999999999976353" classname="ds.make_math_transformation_multiple" name="transformation"/>
    <testcase time="5.34699999999998" classname="ds.make_math_transformation_multiple" name="transformation"/>
    <testcase time="0.00200000000006639" classname="ds.make_math_transformation_multiple" name="transformation"/>
    <testcase time="5.32299999999998" classname="ds.make_math_transformation_multiple" name="transformation"/>
    <testcase time="0.000999999999976353" classname="ds.make_math_transformation_multiple" name="transformation"/>
    <testcase time="5.3950000000001" classname="ds.make_math_transformation_multiple" name="transformation"/>
    <testcase time="0.00199999999995271" classname="ds.make_math_transformation_multiple" name="transformation"/>
    <testcase time="5.346" classname="ds.make_math_transformation_multiple" name="transformation"/>
    <testcase time="0.000999999999976353" classname="ds.make_math_transformation_multiple" name="transformation"/>
    <testcase time="5.34999999999991" classname="ds.make_math_transformation_multiple" name="transformation"/>
    <testcase time="0.00200000000018008" classname="ds.make_math_transformation_multiple" name="transformation"/>
    <testcase time="5.35199999999986" classname="ds.make_math_transformation_multiple" name="transformation"/>
    <testcase time="0.00200000000018008" classname="ds.make_math_transformation_multiple" name="transformation"/>
    <testcase time="5.33999999999992" classname="ds.make_math_transformation_multiple" name="transformation"/>
    <testcase time="0.000999999999976353" classname="ds.make_math_transformation_multiple" name="transformation"/>
    <testcase time="5.39699999999993" classname="ds.make_math_transformation_multiple" name="transformation"/>
    <testcase time="0.00199999999995271" classname="ds.make_math_transformation_multiple" name="transformation"/>
    <testcase time="5.38200000000006" classname="ds.make_math_transformation_multiple" name="transformation"/>
    <testcase time="0.00199999999995271" classname="ds.make_math_transformation_multiple" name="transformation"/>
    <testcase time="5.35599999999999" classname="ds.make_math_transformation_multiple" name="transformation"/>
    <testcase time="0.00100000000020373" classname="ds.make_math_transformation_multiple" name="transformation"/>
    <testcase time="5.38199999999983" classname="ds.make_math_transformation_multiple" name="transformation"/>
    <testcase time="0.000999999999976353" classname="ds.make_math_transformation_multiple" name="transformation"/>
    <testcase time="5.34000000000015" classname="ds.make_math_transformation_multiple" name="transformation"/>
    <testcase time="0.00199999999995271" classname="ds.make_math_transformation_multiple" name="transformation"/>
    <testcase time="5.37100000000009" classname="ds.make_math_transformation_multiple" name="transformation"/>
    <testcase time="0.00199999999995271" classname="ds.make_math_transformation_multiple" name="transformation"/>
    <testcase time="5.375" classname="ds.make_math_transformation_multiple" name="transformation"/>
    <testcase time="0.00199999999995271" classname="ds.make_math_transformation_multiple" name="transformation"/>
    <testcase time="5.35899999999992" classname="ds.make_math_transformation_multiple" name="transformation"/>
    <testcase time="0.00300000000015643" classname="ds.make_math_transformation_multiple" name="transformation"/>
    <testcase time="5.34899999999993" classname="ds.make_math_transformation_multiple" name="transformation"/>
    <testcase time="0.00199999999995271" classname="ds.make_math_transformation_multiple" name="transformation"/>
    <testcase time="5.35799999999995" classname="ds.make_math_transformation_multiple" name="transformation"/>
    <testcase time="0.00200000000018008" classname="ds.make_math_transformation_multiple" name="transformation"/>
    <testcase time="5.36099999999988" classname="ds.make_math_transformation_multiple" name="transformation"/>
    <testcase time="0.00199999999995271" classname="ds.make_math_transformation_multiple" name="transformation"/>
    <testcase time="5.38599999999997" classname="ds.make_math_transformation_multiple" name="transformation"/>
    <testcase time="0.00200000000018008" classname="ds.make_math_transformation_multiple" name="transformation"/>
    <testcase time="5.38799999999992" classname="ds.make_math_transformation_multiple" name="transformation"/>
    <testcase time="0.00199999999995271" classname="ds.make_math_transformation_multiple" name="transformation"/>
    <testcase time="5.38400000000001" classname="ds.make_math_transformation_multiple" name="transformation"/>
    <testcase time="0.00199999999995271" classname="ds.make_math_transformation_multiple" name="transformation"/>
    <testcase time="5.37599999999998" classname="ds.make_math_transformation_multiple" name="transformation"/>
    <testcase time="0.00200000000018008" classname="ds.make_math_transformation_multiple" name="transformation"/>
    <testcase time="5.38599999999997" classname="ds.make_math_transformation_multiple" name="transformation"/>
    <testcase time="0.00199999999995271" classname="ds.make_math_transformation_multiple" name="transformation"/>
    <testcase time="5.36699999999996" classname="ds.make_math_transformation_multiple" name="transformation"/>
    <testcase time="0.00199999999995271" classname="ds.make_math_transformation_multiple" name="transformation"/>
    <testcase time="5.37200000000007" classname="ds.make_math_transformation_multiple" name="transformation"/>
    <testcase time="0.00199999999995271" classname="ds.make_math_transformation_multiple" name="transformation"/>
    <testcase time="5.60300000000007" classname="ds.make_math_transformation_multiple" name="transformation"/>
    <testcase time="0.00299999999992906" classname="ds.make_math_transformation_multiple" name="transformation"/>
    <testcase time="5.33500000000004" classname="ds.make_math_transformation_multiple" name="transformation"/>
    <testcase time="0.00199999999995271" classname="ds.make_math_transformation_multiple" name="transformation"/>
    <testcase time="5.33800000000019" classname="ds.make_math_transformation_multiple" name="transformation"/>
    <testcase time="0.00199999999995271" classname="ds.make_math_transformation_multiple" name="transformation"/>
    <testcase time="5.36400000000003" classname="ds.make_math_transformation_multiple" name="transformation"/>
    <testcase time="0.00199999999995271" classname="ds.make_math_transformation_multiple" name="transformation"/>
    <testcase time="5.34799999999996" classname="ds.make_math_transformation_multiple" name="transformation"/>
    <testcase time="0.00299999999992906" classname="ds.make_math_transformation_multiple" name="transformation"/>
    <testcase time="5.35900000000015" classname="ds.make_math_transformation_multiple" name="transformation"/>
    <testcase time="0.00299999999992906" classname="ds.make_math_transformation_multiple" name="transformation"/>
  </testsuite>
  <testsuite name="ds.mean()::math::residual::multiple" timestamp="2020-05-04T23:16:14Z" hostname="fv-az14" tests="32" skipped="0" failures="0" errors="0" time="24.497">
    <testcase time="6.17000000000007" classname="ds.mean_math_residual_multiple" name="residual_deviation_tends_to_0"/>
    <testcase time="1.23099999999999" classname="ds.mean_math_residual_multiple" name="residual_deviation_tends_to_0"/>
    <testcase time="1.21399999999994" classname="ds.mean_math_residual_multiple" name="residual_deviation_tends_to_0"/>
    <testcase time="1.21399999999994" classname="ds.mean_math_residual_multiple" name="residual_deviation_tends_to_0"/>
    <testcase time="1.28400000000011" classname="ds.mean_math_residual_multiple" name="residual_deviation_tends_to_0"/>
    <testcase time="1.21899999999982" classname="ds.mean_math_residual_multiple" name="residual_deviation_tends_to_0"/>
    <testcase time="1.2059999999999" classname="ds.mean_math_residual_multiple" name="residual_deviation_tends_to_0"/>
    <testcase time="1.21900000000005" classname="ds.mean_math_residual_multiple" name="residual_deviation_tends_to_0"/>
    <testcase time="1.23199999999997" classname="ds.mean_math_residual_multiple" name="residual_deviation_tends_to_0"/>
    <testcase time="0.000999999999976353" classname="ds.mean_math_residual_multiple" name="residual_deviation_tends_to_0"/>
    <testcase time="0.00199999999995271" classname="ds.mean_math_residual_multiple" name="residual_deviation_tends_to_0"/>
    <testcase time="1.21399999999994" classname="ds.mean_math_residual_multiple" name="residual_deviation_tends_to_0"/>
    <testcase time="0.00200000000018008" classname="ds.mean_math_residual_multiple" name="residual_deviation_tends_to_0"/>
    <testcase time="0.000999999999976353" classname="ds.mean_math_residual_multiple" name="residual_deviation_tends_to_0"/>
    <testcase time="1.23000000000002" classname="ds.mean_math_residual_multiple" name="residual_deviation_tends_to_0"/>
    <testcase time="0.000999999999976353" classname="ds.mean_math_residual_multiple" name="residual_deviation_tends_to_0"/>
    <testcase time="0.00199999999995271" classname="ds.mean_math_residual_multiple" name="residual_deviation_tends_to_0"/>
    <testcase time="1.20100000000002" classname="ds.mean_math_residual_multiple" name="residual_deviation_tends_to_0"/>
    <testcase time="0.00199999999995271" classname="ds.mean_math_residual_multiple" name="residual_deviation_tends_to_0"/>
    <testcase time="0.000999999999976353" classname="ds.mean_math_residual_multiple" name="residual_deviation_tends_to_0"/>
    <testcase time="1.20500000000015" classname="ds.mean_math_residual_multiple" name="residual_deviation_tends_to_0"/>
    <testcase time="0.000999999999976353" classname="ds.mean_math_residual_multiple" name="residual_deviation_tends_to_0"/>
    <testcase time="0.00199999999995271" classname="ds.mean_math_residual_multiple" name="residual_deviation_tends_to_0"/>
    <testcase time="1.21699999999987" classname="ds.mean_math_residual_multiple" name="residual_deviation_tends_to_0"/>
    <testcase time="0.00200000000018008" classname="ds.mean_math_residual_multiple" name="residual_deviation_tends_to_0"/>
    <testcase time="0.00199999999995271" classname="ds.mean_math_residual_multiple" name="residual_deviation_tends_to_0"/>
    <testcase time="1.20100000000002" classname="ds.mean_math_residual_multiple" name="residual_deviation_tends_to_0"/>
    <testcase time="0.00199999999995271" classname="ds.mean_math_residual_multiple" name="residual_deviation_tends_to_0"/>
    <testcase time="0.00199999999995271" classname="ds.mean_math_residual_multiple" name="residual_deviation_tends_to_0"/>
    <testcase time="1.21299999999997" classname="ds.mean_math_residual_multiple" name="residual_deviation_tends_to_0"/>
    <testcase time="0.00200000000018008" classname="ds.mean_math_residual_multiple" name="residual_deviation_tends_to_0"/>
    <testcase time="0.00199999999995271" classname="ds.mean_math_residual_multiple" name="residual_deviation_tends_to_0"/>
  </testsuite>
  <testsuite name="ds.mean()::math::residual::multiple" timestamp="2020-05-04T23:16:38Z" hostname="fv-az14" tests="32" skipped="0" failures="0" errors="0" time="24.561">
    <testcase time="6.22199999999998" classname="ds.mean_math_residual_multiple" name="residual_deviation_tends_to_0"/>
    <testcase time="1.23000000000002" classname="ds.mean_math_residual_multiple" name="residual_deviation_tends_to_0"/>
    <testcase time="1.21499999999992" classname="ds.mean_math_residual_multiple" name="residual_deviation_tends_to_0"/>
    <testcase time="1.21199999999999" classname="ds.mean_math_residual_multiple" name="residual_deviation_tends_to_0"/>
    <testcase time="1.27999999999997" classname="ds.mean_math_residual_multiple" name="residual_deviation_tends_to_0"/>
    <testcase time="1.21800000000007" classname="ds.mean_math_residual_multiple" name="residual_deviation_tends_to_0"/>
    <testcase time="1.20499999999993" classname="ds.mean_math_residual_multiple" name="residual_deviation_tends_to_0"/>
    <testcase time="1.21600000000012" classname="ds.mean_math_residual_multiple" name="residual_deviation_tends_to_0"/>
    <testcase time="1.20899999999983" classname="ds.mean_math_residual_multiple" name="residual_deviation_tends_to_0"/>
    <testcase time="0.00200000000018008" classname="ds.mean_math_residual_multiple" name="residual_deviation_tends_to_0"/>
    <testcase time="0.000999999999976353" classname="ds.mean_math_residual_multiple" name="residual_deviation_tends_to_0"/>
    <testcase time="1.21699999999987" classname="ds.mean_math_residual_multiple" name="residual_deviation_tends_to_0"/>
    <testcase time="0.00200000000018008" classname="ds.mean_math_residual_multiple" name="residual_deviation_tends_to_0"/>
    <testcase time="0.00199999999995271" classname="ds.mean_math_residual_multiple" name="residual_deviation_tends_to_0"/>
    <testcase time="1.20299999999997" classname="ds.mean_math_residual_multiple" name="residual_deviation_tends_to_0"/>
    <testcase time="0.000999999999976353" classname="ds.mean_math_residual_multiple" name="residual_deviation_tends_to_0"/>
    <testcase time="0.00199999999995271" classname="ds.mean_math_residual_multiple" name="residual_deviation_tends_to_0"/>
    <testcase time="1.22500000000014" classname="ds.mean_math_residual_multiple" name="residual_deviation_tends_to_0"/>
    <testcase time="0.00199999999995271" classname="ds.mean_math_residual_multiple" name="residual_deviation_tends_to_0"/>
    <testcase time="0.00199999999995271" classname="ds.mean_math_residual_multiple" name="residual_deviation_tends_to_0"/>
    <testcase time="1.22000000000003" classname="ds.mean_math_residual_multiple" name="residual_deviation_tends_to_0"/>
    <testcase time="0.00199999999995271" classname="ds.mean_math_residual_multiple" name="residual_deviation_tends_to_0"/>
    <testcase time="0.000999999999976353" classname="ds.mean_math_residual_multiple" name="residual_deviation_tends_to_0"/>
    <testcase time="1.21800000000007" classname="ds.mean_math_residual_multiple" name="residual_deviation_tends_to_0"/>
    <testcase time="0.00199999999995271" classname="ds.mean_math_residual_multiple" name="residual_deviation_tends_to_0"/>
    <testcase time="0.00199999999995271" classname="ds.mean_math_residual_multiple" name="residual_deviation_tends_to_0"/>
    <testcase time="1.22700000000009" classname="ds.mean_math_residual_multiple" name="residual_deviation_tends_to_0"/>
    <testcase time="0.00199999999995271" classname="ds.mean_math_residual_multiple" name="residual_deviation_tends_to_0"/>
    <testcase time="0.00199999999995271" classname="ds.mean_math_residual_multiple" name="residual_deviation_tends_to_0"/>
    <testcase time="1.21600000000012" classname="ds.mean_math_residual_multiple" name="residual_deviation_tends_to_0"/>
    <testcase time="0.000999999999976353" classname="ds.mean_math_residual_multiple" name="residual_deviation_tends_to_0"/>
    <testcase time="0.00199999999995271" classname="ds.mean_math_residual_multiple" name="residual_deviation_tends_to_0"/>
  </testsuite>
  <testsuite name="ds.mean()::math::location_parameter::single" timestamp="2020-05-04T23:17:03Z" hostname="fv-az14" tests="8" skipped="0" failures="0" errors="0" time="20.548">
    <testcase time="5.58899999999994" classname="ds.mean_math_location_parameter_single" name="mean_X_a_mean_X_a"/>
    <testcase time="2.1690000000001" classname="ds.mean_math_location_parameter_single" name="mean_X_a_mean_X_a"/>
    <testcase time="2.13400000000001" classname="ds.mean_math_location_parameter_single" name="mean_X_a_mean_X_a"/>
    <testcase time="2.12099999999987" classname="ds.mean_math_location_parameter_single" name="mean_X_a_mean_X_a"/>
    <testcase time="2.12400000000002" classname="ds.mean_math_location_parameter_single" name="mean_X_a_mean_X_a"/>
    <testcase time="2.10900000000015" classname="ds.mean_math_location_parameter_single" name="mean_X_a_mean_X_a"/>
    <testcase time="2.13799999999992" classname="ds.mean_math_location_parameter_single" name="mean_X_a_mean_X_a"/>
    <testcase time="2.16399999999999" classname="ds.mean_math_location_parameter_single" name="mean_X_a_mean_X_a"/>
  </testsuite>
  <testsuite name="ds.mean()::math::location_parameter::multiple" timestamp="2020-05-04T23:17:23Z" hostname="fv-az14" tests="8" skipped="0" failures="0" errors="0" time="30.789">
    <testcase time="8.029" classname="ds.mean_math_location_parameter_multiple" name="mean_X_a_mean_X_a"/>
    <testcase time="3.34500000000003" classname="ds.mean_math_location_parameter_multiple" name="mean_X_a_mean_X_a"/>
    <testcase time="3.22900000000004" classname="ds.mean_math_location_parameter_multiple" name="mean_X_a_mean_X_a"/>
    <testcase time="3.22699999999986" classname="ds.mean_math_location_parameter_multiple" name="mean_X_a_mean_X_a"/>
    <testcase time="3.24200000000019" classname="ds.mean_math_location_parameter_multiple" name="mean_X_a_mean_X_a"/>
    <testcase time="3.2059999999999" classname="ds.mean_math_location_parameter_multiple" name="mean_X_a_mean_X_a"/>
    <testcase time="3.22299999999996" classname="ds.mean_math_location_parameter_multiple" name="mean_X_a_mean_X_a"/>
    <testcase time="3.28800000000001" classname="ds.mean_math_location_parameter_multiple" name="mean_X_a_mean_X_a"/>
  </testsuite>
  <testsuite name="ds.mean()::math::scale::multiple" timestamp="2020-05-04T23:17:54Z" hostname="fv-az14" tests="8" skipped="0" failures="0" errors="0" time="30.993">
    <testcase time="8.19800000000009" classname="ds.mean_math_scale_multiple" name="mean_X_a_mean_X_a"/>
    <testcase time="3.36500000000001" classname="ds.mean_math_scale_multiple" name="mean_X_a_mean_X_a"/>
    <testcase time="3.24000000000001" classname="ds.mean_math_scale_multiple" name="mean_X_a_mean_X_a"/>
    <testcase time="3.24000000000001" classname="ds.mean_math_scale_multiple" name="mean_X_a_mean_X_a"/>
    <testcase time="3.22799999999984" classname="ds.mean_math_scale_multiple" name="mean_X_a_mean_X_a"/>
    <testcase time="3.21900000000005" classname="ds.mean_math_scale_multiple" name="mean_X_a_mean_X_a"/>
    <testcase time="3.22399999999993" classname="ds.mean_math_scale_multiple" name="mean_X_a_mean_X_a"/>
    <testcase time="3.279" classname="ds.mean_math_scale_multiple" name="mean_X_a_mean_X_a"/>
  </testsuite>
  <testsuite name="ds.mean()::math::scale::single" timestamp="2020-05-04T23:18:25Z" hostname="fv-az14" tests="8" skipped="0" failures="0" errors="0" time="20.513">
    <testcase time="5.58000000000015" classname="ds.mean_math_scale_single" name="mean_X_a_mean_X_a"/>
    <testcase time="2.15899999999988" classname="ds.mean_math_scale_single" name="mean_X_a_mean_X_a"/>
    <testcase time="2.12000000000012" classname="ds.mean_math_scale_single" name="mean_X_a_mean_X_a"/>
    <testcase time="2.12099999999987" classname="ds.mean_math_scale_single" name="mean_X_a_mean_X_a"/>
    <testcase time="2.12599999999998" classname="ds.mean_math_scale_single" name="mean_X_a_mean_X_a"/>
    <testcase time="2.12300000000005" classname="ds.mean_math_scale_single" name="mean_X_a_mean_X_a"/>
    <testcase time="2.12599999999998" classname="ds.mean_math_scale_single" name="mean_X_a_mean_X_a"/>
    <testcase time="2.15800000000013" classname="ds.mean_math_scale_single" name="mean_X_a_mean_X_a"/>
  </testsuite>
  <testsuite name="ds.rUnif()::math::mean_variance::single" timestamp="2020-05-04T23:18:46Z" hostname="fv-az14" tests="12" skipped="0" failures="0" errors="0" time="12.697">
    <testcase time="6.52399999999989" classname="ds.rUnif_math_mean_variance_single" name="mean_variance"/>
    <testcase time="0.00199999999995271" classname="ds.rUnif_math_mean_variance_single" name="mean_variance"/>
    <testcase time="0.00200000000018008" classname="ds.rUnif_math_mean_variance_single" name="mean_variance"/>
    <testcase time="0.000999999999976353" classname="ds.rUnif_math_mean_variance_single" name="mean_variance"/>
    <testcase time="3.02299999999991" classname="ds.rUnif_math_mean_variance_single" name="mean_variance"/>
    <testcase time="0.000999999999976353" classname="ds.rUnif_math_mean_variance_single" name="mean_variance"/>
    <testcase time="0.00199999999995271" classname="ds.rUnif_math_mean_variance_single" name="mean_variance"/>
    <testcase time="0.00100000000020373" classname="ds.rUnif_math_mean_variance_single" name="mean_variance"/>
    <testcase time="3.13599999999997" classname="ds.rUnif_math_mean_variance_single" name="mean_variance"/>
    <testcase time="0.00199999999995271" classname="ds.rUnif_math_mean_variance_single" name="mean_variance"/>
    <testcase time="0.000999999999976353" classname="ds.rUnif_math_mean_variance_single" name="mean_variance"/>
    <testcase time="0.00199999999995271" classname="ds.rUnif_math_mean_variance_single" name="mean_variance"/>
  </testsuite>
  <testsuite name="ds.rUnif()::math::distributions comparison::single" timestamp="2020-05-04T23:18:58Z" hostname="fv-az14" tests="12" skipped="0" failures="0" errors="0" time="39.854">
    <testcase time="9.49000000000001" classname="ds.rUnif_math_distributions_comparison_single" name="changes_in_distribution"/>
    <testcase time="0.000999999999976353" classname="ds.rUnif_math_distributions_comparison_single" name="changes_in_distribution"/>
    <testcase time="6.06400000000008" classname="ds.rUnif_math_distributions_comparison_single" name="changes_in_distribution"/>
    <testcase time="0.00199999999995271" classname="ds.rUnif_math_distributions_comparison_single" name="changes_in_distribution"/>
    <testcase time="6.11400000000003" classname="ds.rUnif_math_distributions_comparison_single" name="changes_in_distribution"/>
    <testcase time="0.000999999999976353" classname="ds.rUnif_math_distributions_comparison_single" name="changes_in_distribution"/>
    <testcase time="6.11500000000001" classname="ds.rUnif_math_distributions_comparison_single" name="changes_in_distribution"/>
    <testcase time="0.000999999999976353" classname="ds.rUnif_math_distributions_comparison_single" name="changes_in_distribution"/>
    <testcase time="5.98700000000008" classname="ds.rUnif_math_distributions_comparison_single" name="changes_in_distribution"/>
    <testcase time="0.00199999999995271" classname="ds.rUnif_math_distributions_comparison_single" name="changes_in_distribution"/>
    <testcase time="6.07500000000005" classname="ds.rUnif_math_distributions_comparison_single" name="changes_in_distribution"/>
    <testcase time="0.00199999999995271" classname="ds.rUnif_math_distributions_comparison_single" name="changes_in_distribution"/>
  </testsuite>
  <testsuite name="ds.rUnif()::math::distributions comparison::multiple" timestamp="2020-05-04T23:19:38Z" hostname="fv-az14" tests="12" skipped="0" failures="0" errors="0" time="118.852">
    <testcase time="23.5129999999999" classname="ds.rUnif_math_distributions_comparison_multiple" name="changes_in_distribution"/>
    <testcase time="0.00200000000018008" classname="ds.rUnif_math_distributions_comparison_multiple" name="changes_in_distribution"/>
    <testcase time="18.9019999999998" classname="ds.rUnif_math_distributions_comparison_multiple" name="changes_in_distribution"/>
    <testcase time="0.00100000000020373" classname="ds.rUnif_math_distributions_comparison_multiple" name="changes_in_distribution"/>
    <testcase time="19.1009999999999" classname="ds.rUnif_math_distributions_comparison_multiple" name="changes_in_distribution"/>
    <testcase time="0.000999999999976353" classname="ds.rUnif_math_distributions_comparison_multiple" name="changes_in_distribution"/>
    <testcase time="19.1849999999999" classname="ds.rUnif_math_distributions_comparison_multiple" name="changes_in_distribution"/>
    <testcase time="0.00200000000018008" classname="ds.rUnif_math_distributions_comparison_multiple" name="changes_in_distribution"/>
    <testcase time="19.192" classname="ds.rUnif_math_distributions_comparison_multiple" name="changes_in_distribution"/>
    <testcase time="0.000999999999976353" classname="ds.rUnif_math_distributions_comparison_multiple" name="changes_in_distribution"/>
    <testcase time="18.9499999999998" classname="ds.rUnif_math_distributions_comparison_multiple" name="changes_in_distribution"/>
    <testcase time="0.00200000000018008" classname="ds.rUnif_math_distributions_comparison_multiple" name="changes_in_distribution"/>
  </testsuite>
  <testsuite name="ds.var()::math::positive_result::multiple" timestamp="2020-05-04T23:21:37Z" hostname="fv-az14" tests="32" skipped="0" failures="0" errors="0" time="24.58">
    <testcase time="6.24499999999989" classname="ds.var_math_positive_result_multiple" name="variance_0"/>
    <testcase time="1.22600000000011" classname="ds.var_math_positive_result_multiple" name="variance_0"/>
    <testcase time="1.21100000000001" classname="ds.var_math_positive_result_multiple" name="variance_0"/>
    <testcase time="1.20899999999983" classname="ds.var_math_positive_result_multiple" name="variance_0"/>
    <testcase time="1.27800000000002" classname="ds.var_math_positive_result_multiple" name="variance_0"/>
    <testcase time="1.22000000000003" classname="ds.var_math_positive_result_multiple" name="variance_0"/>
    <testcase time="1.23000000000002" classname="ds.var_math_positive_result_multiple" name="variance_0"/>
    <testcase time="1.20100000000002" classname="ds.var_math_positive_result_multiple" name="variance_0"/>
    <testcase time="1.22199999999998" classname="ds.var_math_positive_result_multiple" name="variance_0"/>
    <testcase time="0.000999999999976353" classname="ds.var_math_positive_result_multiple" name="variance_0"/>
    <testcase time="0.000999999999976353" classname="ds.var_math_positive_result_multiple" name="variance_0"/>
    <testcase time="1.21500000000015" classname="ds.var_math_positive_result_multiple" name="variance_0"/>
    <testcase time="0.000999999999976353" classname="ds.var_math_positive_result_multiple" name="variance_0"/>
    <testcase time="0.00199999999995271" classname="ds.var_math_positive_result_multiple" name="variance_0"/>
    <testcase time="1.221" classname="ds.var_math_positive_result_multiple" name="variance_0"/>
    <testcase time="0.000999999999976353" classname="ds.var_math_positive_result_multiple" name="variance_0"/>
    <testcase time="0.00199999999995271" classname="ds.var_math_positive_result_multiple" name="variance_0"/>
    <testcase time="1.21600000000012" classname="ds.var_math_positive_result_multiple" name="variance_0"/>
    <testcase time="0.000999999999976353" classname="ds.var_math_positive_result_multiple" name="variance_0"/>
    <testcase time="0.00199999999995271" classname="ds.var_math_positive_result_multiple" name="variance_0"/>
    <testcase time="1.21100000000001" classname="ds.var_math_positive_result_multiple" name="variance_0"/>
    <testcase time="0.00199999999995271" classname="ds.var_math_positive_result_multiple" name="variance_0"/>
    <testcase time="0.00199999999995271" classname="ds.var_math_positive_result_multiple" name="variance_0"/>
    <testcase time="1.23199999999997" classname="ds.var_math_positive_result_multiple" name="variance_0"/>
    <testcase time="0.00100000000020373" classname="ds.var_math_positive_result_multiple" name="variance_0"/>
    <testcase time="0.00199999999995271" classname="ds.var_math_positive_result_multiple" name="variance_0"/>
    <testcase time="1.21100000000001" classname="ds.var_math_positive_result_multiple" name="variance_0"/>
    <testcase time="0.00199999999995271" classname="ds.var_math_positive_result_multiple" name="variance_0"/>
    <testcase time="0.00199999999995271" classname="ds.var_math_positive_result_multiple" name="variance_0"/>
    <testcase time="1.20600000000013" classname="ds.var_math_positive_result_multiple" name="variance_0"/>
    <testcase time="0.00199999999995271" classname="ds.var_math_positive_result_multiple" name="variance_0"/>
    <testcase time="0.00199999999995271" classname="ds.var_math_positive_result_multiple" name="variance_0"/>
  </testsuite>
  <testsuite name="ds.var()::math::positive_result::single" timestamp="2020-05-04T23:22:02Z" hostname="fv-az14" tests="32" skipped="0" failures="0" errors="0" time="14.832">
    <testcase time="4.19000000000005" classname="ds.var_math_positive_result_single" name="variance_0"/>
    <testcase time="0.701999999999998" classname="ds.var_math_positive_result_single" name="variance_0"/>
    <testcase time="0.704999999999927" classname="ds.var_math_positive_result_single" name="variance_0"/>
    <testcase time="0.707000000000107" classname="ds.var_math_positive_result_single" name="variance_0"/>
    <testcase time="0.752999999999929" classname="ds.var_math_positive_result_single" name="variance_0"/>
    <testcase time="0.704999999999927" classname="ds.var_math_positive_result_single" name="variance_0"/>
    <testcase time="0.702999999999975" classname="ds.var_math_positive_result_single" name="variance_0"/>
    <testcase time="0.706000000000131" classname="ds.var_math_positive_result_single" name="variance_0"/>
    <testcase time="0.701000000000022" classname="ds.var_math_positive_result_single" name="variance_0"/>
    <testcase time="0.00199999999995271" classname="ds.var_math_positive_result_single" name="variance_0"/>
    <testcase time="0.000999999999976353" classname="ds.var_math_positive_result_single" name="variance_0"/>
    <testcase time="0.704999999999927" classname="ds.var_math_positive_result_single" name="variance_0"/>
    <testcase time="0.00200000000018008" classname="ds.var_math_positive_result_single" name="variance_0"/>
    <testcase time="0.000999999999976353" classname="ds.var_math_positive_result_single" name="variance_0"/>
    <testcase time="0.696999999999889" classname="ds.var_math_positive_result_single" name="variance_0"/>
    <testcase time="0.00199999999995271" classname="ds.var_math_positive_result_single" name="variance_0"/>
    <testcase time="0.000999999999976353" classname="ds.var_math_positive_result_single" name="variance_0"/>
    <testcase time="0.701999999999998" classname="ds.var_math_positive_result_single" name="variance_0"/>
    <testcase time="0.00100000000020373" classname="ds.var_math_positive_result_single" name="variance_0"/>
    <testcase time="0.00199999999995271" classname="ds.var_math_positive_result_single" name="variance_0"/>
    <testcase time="0.714999999999918" classname="ds.var_math_positive_result_single" name="variance_0"/>
    <testcase time="0.000999999999976353" classname="ds.var_math_positive_result_single" name="variance_0"/>
    <testcase time="0.00199999999995271" classname="ds.var_math_positive_result_single" name="variance_0"/>
    <testcase time="0.705000000000155" classname="ds.var_math_positive_result_single" name="variance_0"/>
    <testcase time="0.00199999999995271" classname="ds.var_math_positive_result_single" name="variance_0"/>
    <testcase time="0.00199999999995271" classname="ds.var_math_positive_result_single" name="variance_0"/>
    <testcase time="0.707000000000107" classname="ds.var_math_positive_result_single" name="variance_0"/>
    <testcase time="0.000999999999976353" classname="ds.var_math_positive_result_single" name="variance_0"/>
    <testcase time="0.00199999999995271" classname="ds.var_math_positive_result_single" name="variance_0"/>
    <testcase time="0.703999999999951" classname="ds.var_math_positive_result_single" name="variance_0"/>
    <testcase time="0.000999999999976353" classname="ds.var_math_positive_result_single" name="variance_0"/>
    <testcase time="0.00200000000018008" classname="ds.var_math_positive_result_single" name="variance_0"/>
  </testsuite>
  <testsuite name="ds.var()::math::square_root_std::single" timestamp="2020-05-04T23:22:16Z" hostname="fv-az14" tests="8" skipped="0" failures="0" errors="0" time="5.239">
    <testcase time="3.55899999999997" classname="ds.var_math_square_root_std_single" name="variance_is_to_the_power_of_2_of_the_standard_deviation"/>
    <testcase time="0.250999999999976" classname="ds.var_math_square_root_std_single" name="variance_is_to_the_power_of_2_of_the_standard_deviation"/>
    <testcase time="0.236000000000104" classname="ds.var_math_square_root_std_single" name="variance_is_to_the_power_of_2_of_the_standard_deviation"/>
    <testcase time="0.239999999999782" classname="ds.var_math_square_root_std_single" name="variance_is_to_the_power_of_2_of_the_standard_deviation"/>
    <testcase time="0.243000000000166" classname="ds.var_math_square_root_std_single" name="variance_is_to_the_power_of_2_of_the_standard_deviation"/>
    <testcase time="0.236999999999853" classname="ds.var_math_square_root_std_single" name="variance_is_to_the_power_of_2_of_the_standard_deviation"/>
    <testcase time="0.235000000000127" classname="ds.var_math_square_root_std_single" name="variance_is_to_the_power_of_2_of_the_standard_deviation"/>
    <testcase time="0.238000000000056" classname="ds.var_math_square_root_std_single" name="variance_is_to_the_power_of_2_of_the_standard_deviation"/>
  </testsuite>
  <testsuite name="ds.var()::math::square_root_std::multiple" timestamp="2020-05-04T23:22:22Z" hostname="fv-az14" tests="32" skipped="0" failures="0" errors="0" time="9.222">
    <testcase time="5.11699999999996" classname="ds.var_math_square_root_std_multiple" name="variance_is_to_the_power_of_2_of_the_standard_deviation"/>
    <testcase time="0.269000000000005" classname="ds.var_math_square_root_std_multiple" name="variance_is_to_the_power_of_2_of_the_standard_deviation"/>
    <testcase time="0.263999999999896" classname="ds.var_math_square_root_std_multiple" name="variance_is_to_the_power_of_2_of_the_standard_deviation"/>
    <testcase time="0.266000000000076" classname="ds.var_math_square_root_std_multiple" name="variance_is_to_the_power_of_2_of_the_standard_deviation"/>
    <testcase time="0.266000000000076" classname="ds.var_math_square_root_std_multiple" name="variance_is_to_the_power_of_2_of_the_standard_deviation"/>
    <testcase time="0.26299999999992" classname="ds.var_math_square_root_std_multiple" name="variance_is_to_the_power_of_2_of_the_standard_deviation"/>
    <testcase time="0.263999999999896" classname="ds.var_math_square_root_std_multiple" name="variance_is_to_the_power_of_2_of_the_standard_deviation"/>
    <testcase time="0.2650000000001" classname="ds.var_math_square_root_std_multiple" name="variance_is_to_the_power_of_2_of_the_standard_deviation"/>
    <testcase time="0.27800000000002" classname="ds.var_math_square_root_std_multiple" name="variance_is_to_the_power_of_2_of_the_standard_deviation"/>
    <testcase time="0.000999999999976353" classname="ds.var_math_square_root_std_multiple" name="variance_is_to_the_power_of_2_of_the_standard_deviation"/>
    <testcase time="0.00199999999995271" classname="ds.var_math_square_root_std_multiple" name="variance_is_to_the_power_of_2_of_the_standard_deviation"/>
    <testcase time="0.267000000000053" classname="ds.var_math_square_root_std_multiple" name="variance_is_to_the_power_of_2_of_the_standard_deviation"/>
    <testcase time="0.00199999999995271" classname="ds.var_math_square_root_std_multiple" name="variance_is_to_the_power_of_2_of_the_standard_deviation"/>
    <testcase time="0.000999999999976353" classname="ds.var_math_square_root_std_multiple" name="variance_is_to_the_power_of_2_of_the_standard_deviation"/>
    <testcase time="0.279999999999973" classname="ds.var_math_square_root_std_multiple" name="variance_is_to_the_power_of_2_of_the_standard_deviation"/>
    <testcase time="0.000999999999976353" classname="ds.var_math_square_root_std_multiple" name="variance_is_to_the_power_of_2_of_the_standard_deviation"/>
    <testcase time="0.00200000000018008" classname="ds.var_math_square_root_std_multiple" name="variance_is_to_the_power_of_2_of_the_standard_deviation"/>
    <testcase time="0.268000000000029" classname="ds.var_math_square_root_std_multiple" name="variance_is_to_the_power_of_2_of_the_standard_deviation"/>
    <testcase time="0.00199999999995271" classname="ds.var_math_square_root_std_multiple" name="variance_is_to_the_power_of_2_of_the_standard_deviation"/>
    <testcase time="0.00199999999995271" classname="ds.var_math_square_root_std_multiple" name="variance_is_to_the_power_of_2_of_the_standard_deviation"/>
    <testcase time="0.267000000000053" classname="ds.var_math_square_root_std_multiple" name="variance_is_to_the_power_of_2_of_the_standard_deviation"/>
    <testcase time="0.00199999999995271" classname="ds.var_math_square_root_std_multiple" name="variance_is_to_the_power_of_2_of_the_standard_deviation"/>
    <testcase time="0.00199999999995271" classname="ds.var_math_square_root_std_multiple" name="variance_is_to_the_power_of_2_of_the_standard_deviation"/>
    <testcase time="0.328999999999951" classname="ds.var_math_square_root_std_multiple" name="variance_is_to_the_power_of_2_of_the_standard_deviation"/>
    <testcase time="0.000999999999976353" classname="ds.var_math_square_root_std_multiple" name="variance_is_to_the_power_of_2_of_the_standard_deviation"/>
    <testcase time="0.00200000000018008" classname="ds.var_math_square_root_std_multiple" name="variance_is_to_the_power_of_2_of_the_standard_deviation"/>
    <testcase time="0.266999999999825" classname="ds.var_math_square_root_std_multiple" name="variance_is_to_the_power_of_2_of_the_standard_deviation"/>
    <testcase time="0.00200000000018008" classname="ds.var_math_square_root_std_multiple" name="variance_is_to_the_power_of_2_of_the_standard_deviation"/>
    <testcase time="0.00199999999995271" classname="ds.var_math_square_root_std_multiple" name="variance_is_to_the_power_of_2_of_the_standard_deviation"/>
    <testcase time="0.263999999999896" classname="ds.var_math_square_root_std_multiple" name="variance_is_to_the_power_of_2_of_the_standard_deviation"/>
    <testcase time="0.00199999999995271" classname="ds.var_math_square_root_std_multiple" name="variance_is_to_the_power_of_2_of_the_standard_deviation"/>
    <testcase time="0.00200000000018008" classname="ds.var_math_square_root_std_multiple" name="variance_is_to_the_power_of_2_of_the_standard_deviation"/>
  </testsuite>
  <testsuite name="ds.var()::math::location::parameter::single" timestamp="2020-05-04T23:22:31Z" hostname="fv-az14" tests="8" skipped="0" failures="0" errors="0" time="20.5">
    <testcase time="5.59500000000003" classname="ds.var_math_location_parameter_single" name="var_X_a_Var_X_"/>
    <testcase time="2.1579999999999" classname="ds.var_math_location_parameter_single" name="var_X_a_Var_X_"/>
    <testcase time="2.12899999999991" classname="ds.var_math_location_parameter_single" name="var_X_a_Var_X_"/>
    <testcase time="2.1260000000002" classname="ds.var_math_location_parameter_single" name="var_X_a_Var_X_"/>
    <testcase time="2.12899999999991" classname="ds.var_math_location_parameter_single" name="var_X_a_Var_X_"/>
    <testcase time="2.11599999999999" classname="ds.var_math_location_parameter_single" name="var_X_a_Var_X_"/>
    <testcase time="2.11300000000006" classname="ds.var_math_location_parameter_single" name="var_X_a_Var_X_"/>
    <testcase time="2.13400000000001" classname="ds.var_math_location_parameter_single" name="var_X_a_Var_X_"/>
  </testsuite>
  <testsuite name="ds.var()::math::location::parameter::multiple" timestamp="2020-05-04T23:22:51Z" hostname="fv-az14" tests="8" skipped="0" failures="0" errors="0" time="31.104">
    <testcase time="8.06899999999996" classname="ds.var_math_location_parameter_multiple" name="var_X_a_Var_X_"/>
    <testcase time="3.35400000000004" classname="ds.var_math_location_parameter_multiple" name="var_X_a_Var_X_"/>
    <testcase time="3.23000000000002" classname="ds.var_math_location_parameter_multiple" name="var_X_a_Var_X_"/>
    <testcase time="3.50099999999998" classname="ds.var_math_location_parameter_multiple" name="var_X_a_Var_X_"/>
    <testcase time="3.25199999999995" classname="ds.var_math_location_parameter_multiple" name="var_X_a_Var_X_"/>
    <testcase time="3.22399999999993" classname="ds.var_math_location_parameter_multiple" name="var_X_a_Var_X_"/>
    <testcase time="3.2360000000001" classname="ds.var_math_location_parameter_multiple" name="var_X_a_Var_X_"/>
    <testcase time="3.23800000000006" classname="ds.var_math_location_parameter_multiple" name="var_X_a_Var_X_"/>
  </testsuite>
  <testsuite name="ds.var()::math::scale::single" timestamp="2020-05-04T23:23:23Z" hostname="fv-az14" tests="8" skipped="0" failures="0" errors="0" time="20.534">
    <testcase time="5.62199999999984" classname="ds.var_math_scale_single" name="var_aX_a_2Var_X_"/>
    <testcase time="2.15700000000015" classname="ds.var_math_scale_single" name="var_aX_a_2Var_X_"/>
    <testcase time="2.13799999999992" classname="ds.var_math_scale_single" name="var_aX_a_2Var_X_"/>
    <testcase time="2.11999999999989" classname="ds.var_math_scale_single" name="var_aX_a_2Var_X_"/>
    <testcase time="2.12900000000013" classname="ds.var_math_scale_single" name="var_aX_a_2Var_X_"/>
    <testcase time="2.11099999999988" classname="ds.var_math_scale_single" name="var_aX_a_2Var_X_"/>
    <testcase time="2.12599999999998" classname="ds.var_math_scale_single" name="var_aX_a_2Var_X_"/>
    <testcase time="2.13100000000009" classname="ds.var_math_scale_single" name="var_aX_a_2Var_X_"/>
  </testsuite>
  <testsuite name="ds.var()::math::scale::multiple" timestamp="2020-05-04T23:23:43Z" hostname="fv-az14" tests="8" skipped="0" failures="0" errors="0" time="30.783">
    <testcase time="8.03500000000008" classname="ds.var_math_scale_multiple" name="var_aX_a_2Var_X_"/>
    <testcase time="3.35400000000004" classname="ds.var_math_scale_multiple" name="var_aX_a_2Var_X_"/>
    <testcase time="3.21799999999985" classname="ds.var_math_scale_multiple" name="var_aX_a_2Var_X_"/>
    <testcase time="3.22199999999998" classname="ds.var_math_scale_multiple" name="var_aX_a_2Var_X_"/>
    <testcase time="3.22700000000009" classname="ds.var_math_scale_multiple" name="var_aX_a_2Var_X_"/>
    <testcase time="3.23199999999997" classname="ds.var_math_scale_multiple" name="var_aX_a_2Var_X_"/>
    <testcase time="3.24399999999991" classname="ds.var_math_scale_multiple" name="var_aX_a_2Var_X_"/>
    <testcase time="3.25099999999998" classname="ds.var_math_scale_multiple" name="var_aX_a_2Var_X_"/>
  </testsuite>
  <testsuite name="checkClass::smk::discordant::setup" timestamp="2020-05-04T23:24:14Z" hostname="fv-az14" tests="3" skipped="0" failures="0" errors="0" time="5.006">
    <testcase time="5.00400000000013" classname="checkClass_smk_discordant_setup" name="setup"/>
    <testcase time="0.000999999999976353" classname="checkClass_smk_discordant_setup" name="setup"/>
    <testcase time="0.000999999999976353" classname="checkClass_smk_discordant_setup" name="setup"/>
  </testsuite>
  <testsuite name="checkClass::smk::discordant" timestamp="2020-05-04T23:24:19Z" hostname="fv-az14" tests="3" skipped="0" failures="0" errors="0" time="2.21">
    <testcase time="0.700000000000045" classname="checkClass_smk_discordant" name="simple_test_discordant_dataset_A"/>
    <testcase time="0.687999999999874" classname="checkClass_smk_discordant" name="simple_test_discordant_dataset_B"/>
    <testcase time="0.822000000000116" classname="checkClass_smk_discordant" name="simple_test_discordant_dataset_C"/>
  </testsuite>
  <testsuite name="checkClass::smk::discordant::shutdown" timestamp="2020-05-04T23:24:21Z" hostname="fv-az14" tests="3" skipped="0" failures="0" errors="0" time="0.276">
    <testcase time="0.272999999999911" classname="checkClass_smk_discordant_shutdown" name="shutdown"/>
    <testcase time="0.00200000000018008" classname="checkClass_smk_discordant_shutdown" name="shutdown"/>
    <testcase time="0.000999999999976353" classname="checkClass_smk_discordant_shutdown" name="shutdown"/>
  </testsuite>
  <testsuite name="checkClass::smk::discordant::done" timestamp="2020-05-04T23:24:22Z" hostname="fv-az14" tests="0" skipped="0" failures="0" errors="0" time="0"/>
  <testsuite name="checkClass::smk::setup" timestamp="2020-05-04T23:24:22Z" hostname="fv-az14" tests="3" skipped="0" failures="0" errors="0" time="5.433">
    <testcase time="5.43099999999981" classname="checkClass_smk_setup" name="setup"/>
    <testcase time="0.00100000000020373" classname="checkClass_smk_setup" name="setup"/>
    <testcase time="0.000999999999976353" classname="checkClass_smk_setup" name="setup"/>
  </testsuite>
  <testsuite name="checkClass::smk::simple test" timestamp="2020-05-04T23:24:27Z" hostname="fv-az14" tests="24" skipped="0" failures="0" errors="0" time="6.837">
    <testcase time="0.69399999999996" classname="checkClass_smk_simple_test" name="simple_test"/>
    <testcase time="0.00199999999995271" classname="checkClass_smk_simple_test" name="simple_test"/>
    <testcase time="0.000999999999976353" classname="checkClass_smk_simple_test" name="simple_test"/>
    <testcase time="0.680000000000064" classname="checkClass_smk_simple_test" name="simple_test"/>
    <testcase time="0.00199999999995271" classname="checkClass_smk_simple_test" name="simple_test"/>
    <testcase time="0.000999999999976353" classname="checkClass_smk_simple_test" name="simple_test"/>
    <testcase time="0.687000000000126" classname="checkClass_smk_simple_test" name="simple_test"/>
    <testcase time="0.00199999999995271" classname="checkClass_smk_simple_test" name="simple_test"/>
    <testcase time="0.00199999999995271" classname="checkClass_smk_simple_test" name="simple_test"/>
    <testcase time="0.683999999999969" classname="checkClass_smk_simple_test" name="simple_test"/>
    <testcase time="0.00300000000015643" classname="checkClass_smk_simple_test" name="simple_test"/>
    <testcase time="0.000999999999976353" classname="checkClass_smk_simple_test" name="simple_test"/>
    <testcase time="0.683999999999969" classname="checkClass_smk_simple_test" name="simple_test"/>
    <testcase time="0.00299999999992906" classname="checkClass_smk_simple_test" name="simple_test"/>
    <testcase time="0.00199999999995271" classname="checkClass_smk_simple_test" name="simple_test"/>
    <testcase time="0.682999999999993" classname="checkClass_smk_simple_test" name="simple_test"/>
    <testcase time="0.00300000000015643" classname="checkClass_smk_simple_test" name="simple_test"/>
    <testcase time="0.00199999999995271" classname="checkClass_smk_simple_test" name="simple_test"/>
    <testcase time="2.00700000000006" classname="checkClass_smk_simple_test" name="data.frame_test"/>
    <testcase time="0.000999999999976353" classname="checkClass_smk_simple_test" name="data.frame_test"/>
    <testcase time="0.00199999999995271" classname="checkClass_smk_simple_test" name="data.frame_test"/>
    <testcase time="0.686999999999898" classname="checkClass_smk_simple_test" name="missing_test"/>
    <testcase time="0.00200000000018008" classname="checkClass_smk_simple_test" name="missing_test"/>
    <testcase time="0.00199999999995271" classname="checkClass_smk_simple_test" name="missing_test"/>
  </testsuite>
  <testsuite name="checkClass::smk::shutdown" timestamp="2020-05-04T23:24:34Z" hostname="fv-az14" tests="3" skipped="0" failures="0" errors="0" time="0.275">
    <testcase time="0.271999999999935" classname="checkClass_smk_shutdown" name="shutdown"/>
    <testcase time="0.00199999999995271" classname="checkClass_smk_shutdown" name="shutdown"/>
    <testcase time="0.000999999999976353" classname="checkClass_smk_shutdown" name="shutdown"/>
  </testsuite>
  <testsuite name="checkClass::smk::done" timestamp="2020-05-04T23:24:34Z" hostname="fv-az14" tests="0" skipped="0" failures="0" errors="0" time="0"/>
  <testsuite name="ds.asCharacter::smk::setup" timestamp="2020-05-04T23:24:34Z" hostname="fv-az14" tests="3" skipped="0" failures="0" errors="0" time="5.357">
    <testcase time="5.35500000000002" classname="ds.asCharacter_smk_setup" name="setup"/>
    <testcase time="0.000999999999976353" classname="ds.asCharacter_smk_setup" name="setup"/>
    <testcase time="0.000999999999976353" classname="ds.asCharacter_smk_setup" name="setup"/>
  </testsuite>
  <testsuite name="ds.asCharacter::smk::simple test" timestamp="2020-05-04T23:24:39Z" hostname="fv-az14" tests="3" skipped="0" failures="0" errors="0" time="0.888">
    <testcase time="0.886000000000195" classname="ds.asCharacter_smk_simple_test" name="simple_test"/>
    <testcase time="0.000999999999976353" classname="ds.asCharacter_smk_simple_test" name="simple_test"/>
    <testcase time="0.000999999999976353" classname="ds.asCharacter_smk_simple_test" name="simple_test"/>
  </testsuite>
  <testsuite name="ds.asCharacter::smk::stutdown" timestamp="2020-05-04T23:24:40Z" hostname="fv-az14" tests="3" skipped="0" failures="0" errors="0" time="0.286">
    <testcase time="0.283999999999878" classname="ds.asCharacter_smk_stutdown" name="setup"/>
    <testcase time="0.000999999999976353" classname="ds.asCharacter_smk_stutdown" name="setup"/>
    <testcase time="0.00100000000020373" classname="ds.asCharacter_smk_stutdown" name="setup"/>
  </testsuite>
  <testsuite name="ds.asCharacter::smk::done" timestamp="2020-05-04T23:24:41Z" hostname="fv-az14" tests="0" skipped="0" failures="0" errors="0" time="0"/>
  <testsuite name="ds.asDataMatrix::smk::setup" timestamp="2020-05-04T23:24:41Z" hostname="fv-az14" tests="3" skipped="0" failures="0" errors="0" time="5.289">
    <testcase time="5.28599999999983" classname="ds.asDataMatrix_smk_setup" name="setup"/>
    <testcase time="0.00200000000018008" classname="ds.asDataMatrix_smk_setup" name="setup"/>
    <testcase time="0.000999999999976353" classname="ds.asDataMatrix_smk_setup" name="setup"/>
  </testsuite>
  <testsuite name="ds.asDataMatrix::smk::simple test" timestamp="2020-05-04T23:24:46Z" hostname="fv-az14" tests="3" skipped="0" failures="0" errors="0" time="0.969">
    <testcase time="0.965999999999894" classname="ds.asDataMatrix_smk_simple_test" name="simple_test"/>
    <testcase time="0.00199999999995271" classname="ds.asDataMatrix_smk_simple_test" name="simple_test"/>
    <testcase time="0.000999999999976353" classname="ds.asDataMatrix_smk_simple_test" name="simple_test"/>
  </testsuite>
  <testsuite name="ds.asDataMatrix::smk::shutdown" timestamp="2020-05-04T23:24:47Z" hostname="fv-az14" tests="3" skipped="0" failures="0" errors="0" time="0.269">
    <testcase time="0.267000000000053" classname="ds.asDataMatrix_smk_shutdown" name="shutdown"/>
    <testcase time="0.000999999999976353" classname="ds.asDataMatrix_smk_shutdown" name="shutdown"/>
    <testcase time="0.000999999999976353" classname="ds.asDataMatrix_smk_shutdown" name="shutdown"/>
  </testsuite>
  <testsuite name="ds.asDataMatrix::smk::done" timestamp="2020-05-04T23:24:47Z" hostname="fv-az14" tests="0" skipped="0" failures="0" errors="0" time="0"/>
  <testsuite name="ds.asFactor::smk::setup" timestamp="2020-05-04T23:24:47Z" hostname="fv-az14" tests="3" skipped="0" failures="0" errors="0" time="5.354">
    <testcase time="5.35200000000009" classname="ds.asFactor_smk_setup" name="setup"/>
    <testcase time="0.000999999999976353" classname="ds.asFactor_smk_setup" name="setup"/>
    <testcase time="0.000999999999976353" classname="ds.asFactor_smk_setup" name="setup"/>
  </testsuite>
  <testsuite name="ds.asFactor::smk::force.factor.levels" timestamp="2020-05-04T23:24:53Z" hostname="fv-az14" tests="20" skipped="0" failures="0" errors="0" time="13.718">
    <testcase time="3.41000000000008" classname="ds.asFactor_smk_force.factor.levels" name="with_no_force.factor.levels"/>
    <testcase time="0.000999999999976353" classname="ds.asFactor_smk_force.factor.levels" name="with_no_force.factor.levels"/>
    <testcase time="0.000999999999976353" classname="ds.asFactor_smk_force.factor.levels" name="with_no_force.factor.levels"/>
    <testcase time="0.00199999999995271" classname="ds.asFactor_smk_force.factor.levels" name="with_no_force.factor.levels"/>
    <testcase time="2.54700000000003" classname="ds.asFactor_smk_force.factor.levels" name="with_forced.factor.levels_of_1_6"/>
    <testcase time="0.00199999999995271" classname="ds.asFactor_smk_force.factor.levels" name="with_forced.factor.levels_of_1_6"/>
    <testcase time="0.000999999999976353" classname="ds.asFactor_smk_force.factor.levels" name="with_forced.factor.levels_of_1_6"/>
    <testcase time="0.00100000000020373" classname="ds.asFactor_smk_force.factor.levels" name="with_forced.factor.levels_of_1_6"/>
    <testcase time="2.54099999999994" classname="ds.asFactor_smk_force.factor.levels" name="with_force.factor.levels_of_0_10"/>
    <testcase time="0.00199999999995271" classname="ds.asFactor_smk_force.factor.levels" name="with_force.factor.levels_of_0_10"/>
    <testcase time="0.000999999999976353" classname="ds.asFactor_smk_force.factor.levels" name="with_force.factor.levels_of_0_10"/>
    <testcase time="0.000999999999976353" classname="ds.asFactor_smk_force.factor.levels" name="with_force.factor.levels_of_0_10"/>
    <testcase time="2.63300000000004" classname="ds.asFactor_smk_force.factor.levels" name="with_force.factor.levels_of_2_3"/>
    <testcase time="0.00199999999995271" classname="ds.asFactor_smk_force.factor.levels" name="with_force.factor.levels_of_2_3"/>
    <testcase time="0.000999999999976353" classname="ds.asFactor_smk_force.factor.levels" name="with_force.factor.levels_of_2_3"/>
    <testcase time="0.00100000000020373" classname="ds.asFactor_smk_force.factor.levels" name="with_force.factor.levels_of_2_3"/>
    <testcase time="2.5659999999998" classname="ds.asFactor_smk_force.factor.levels" name="with_force.factor.levels_of_c_1_2_3_4_a_h_5_"/>
    <testcase time="0.00200000000018008" classname="ds.asFactor_smk_force.factor.levels" name="with_force.factor.levels_of_c_1_2_3_4_a_h_5_"/>
    <testcase time="0.00199999999995271" classname="ds.asFactor_smk_force.factor.levels" name="with_force.factor.levels_of_c_1_2_3_4_a_h_5_"/>
    <testcase time="0.000999999999976353" classname="ds.asFactor_smk_force.factor.levels" name="with_force.factor.levels_of_c_1_2_3_4_a_h_5_"/>
  </testsuite>
  <testsuite name="ds.asFactor::smk::fixed.dummy.vars" timestamp="2020-05-04T23:25:06Z" hostname="fv-az14" tests="6" skipped="0" failures="0" errors="0" time="2.689">
    <testcase time="1.34400000000005" classname="ds.asFactor_smk_fixed.dummy.vars" name="with_fixed.dummy.vars_of_TRUE"/>
    <testcase time="0.000999999999976353" classname="ds.asFactor_smk_fixed.dummy.vars" name="with_fixed.dummy.vars_of_TRUE"/>
    <testcase time="0.00199999999995271" classname="ds.asFactor_smk_fixed.dummy.vars" name="with_fixed.dummy.vars_of_TRUE"/>
    <testcase time="1.33899999999994" classname="ds.asFactor_smk_fixed.dummy.vars" name="with_fixed.dummy.vars_of_TRUE_and_baseline.level_of_6"/>
    <testcase time="0.000999999999976353" classname="ds.asFactor_smk_fixed.dummy.vars" name="with_fixed.dummy.vars_of_TRUE_and_baseline.level_of_6"/>
    <testcase time="0.00200000000018008" classname="ds.asFactor_smk_fixed.dummy.vars" name="with_fixed.dummy.vars_of_TRUE_and_baseline.level_of_6"/>
  </testsuite>
  <testsuite name="ds.asFactor::smk::shutdown" timestamp="2020-05-04T23:25:09Z" hostname="fv-az14" tests="3" skipped="0" failures="0" errors="0" time="0.272">
    <testcase time="0.269999999999982" classname="ds.asFactor_smk_shutdown" name="shutdown"/>
    <testcase time="0.000999999999976353" classname="ds.asFactor_smk_shutdown" name="shutdown"/>
    <testcase time="0.000999999999976353" classname="ds.asFactor_smk_shutdown" name="shutdown"/>
  </testsuite>
  <testsuite name="ds.asFactor::smk::done" timestamp="2020-05-04T23:25:09Z" hostname="fv-az14" tests="0" skipped="0" failures="0" errors="0" time="0"/>
  <testsuite name="ds.asInteger::smk::setup" timestamp="2020-05-04T23:25:09Z" hostname="fv-az14" tests="3" skipped="0" failures="0" errors="0" time="5.33">
    <testcase time="5.32799999999997" classname="ds.asInteger_smk_setup" name="setup"/>
    <testcase time="0.000999999999976353" classname="ds.asInteger_smk_setup" name="setup"/>
    <testcase time="0.000999999999976353" classname="ds.asInteger_smk_setup" name="setup"/>
  </testsuite>
  <testsuite name="ds.asInteger::smk::simple test" timestamp="2020-05-04T23:25:14Z" hostname="fv-az14" tests="3" skipped="0" failures="0" errors="0" time="0.963">
    <testcase time="0.960000000000036" classname="ds.asInteger_smk_simple_test" name="simple_test"/>
    <testcase time="0.00199999999995271" classname="ds.asInteger_smk_simple_test" name="simple_test"/>
    <testcase time="0.000999999999976353" classname="ds.asInteger_smk_simple_test" name="simple_test"/>
  </testsuite>
  <testsuite name="ds.asInteger::smk::stutdown" timestamp="2020-05-04T23:25:15Z" hostname="fv-az14" tests="3" skipped="0" failures="0" errors="0" time="0.27">
    <testcase time="0.268000000000029" classname="ds.asInteger_smk_stutdown" name="stutdown"/>
    <testcase time="0.000999999999976353" classname="ds.asInteger_smk_stutdown" name="stutdown"/>
    <testcase time="0.000999999999976353" classname="ds.asInteger_smk_stutdown" name="stutdown"/>
  </testsuite>
  <testsuite name="ds.asInteger::smk::done" timestamp="2020-05-04T23:25:16Z" hostname="fv-az14" tests="0" skipped="0" failures="0" errors="0" time="0"/>
  <testsuite name="ds.asList::smk::setup" timestamp="2020-05-04T23:25:16Z" hostname="fv-az14" tests="3" skipped="0" failures="0" errors="0" time="5.322">
    <testcase time="5.31900000000019" classname="ds.asList_smk_setup" name="setup"/>
    <testcase time="0.000999999999976353" classname="ds.asList_smk_setup" name="setup"/>
    <testcase time="0.00199999999995271" classname="ds.asList_smk_setup" name="setup"/>
  </testsuite>
  <testsuite name="ds.asList::smk::simple test" timestamp="2020-05-04T23:25:21Z" hostname="fv-az14" tests="10" skipped="0" failures="0" errors="0" time="0.436">
    <testcase time="0.424999999999955" classname="ds.asList_smk_simple_test" name="simple_test"/>
    <testcase time="0.000999999999976353" classname="ds.asList_smk_simple_test" name="simple_test"/>
    <testcase time="0.000999999999976353" classname="ds.asList_smk_simple_test" name="simple_test"/>
    <testcase time="0.00200000000018008" classname="ds.asList_smk_simple_test" name="simple_test"/>
    <testcase time="0.000999999999976353" classname="ds.asList_smk_simple_test" name="simple_test"/>
    <testcase time="0.000999999999976353" classname="ds.asList_smk_simple_test" name="simple_test"/>
    <testcase time="0.000999999999976353" classname="ds.asList_smk_simple_test" name="simple_test"/>
    <testcase time="0.000999999999976353" classname="ds.asList_smk_simple_test" name="simple_test"/>
    <testcase time="0.000999999999976353" classname="ds.asList_smk_simple_test" name="simple_test"/>
    <testcase time="0.00199999999995271" classname="ds.asList_smk_simple_test" name="simple_test"/>
  </testsuite>
  <testsuite name="ds.asList::smk::shutdown" timestamp="2020-05-04T23:25:21Z" hostname="fv-az14" tests="3" skipped="0" failures="0" errors="0" time="0.278">
    <testcase time="0.275000000000091" classname="ds.asList_smk_shutdown" name="stutdown"/>
    <testcase time="0.00199999999995271" classname="ds.asList_smk_shutdown" name="stutdown"/>
    <testcase time="0.000999999999976353" classname="ds.asList_smk_shutdown" name="stutdown"/>
  </testsuite>
  <testsuite name="ds.asList::smk::done" timestamp="2020-05-04T23:25:22Z" hostname="fv-az14" tests="0" skipped="0" failures="0" errors="0" time="0"/>
  <testsuite name="ds.asLogical::smk::setup" timestamp="2020-05-04T23:25:22Z" hostname="fv-az14" tests="3" skipped="0" failures="0" errors="0" time="5.367">
    <testcase time="5.36500000000001" classname="ds.asLogical_smk_setup" name="setup"/>
    <testcase time="0.000999999999976353" classname="ds.asLogical_smk_setup" name="setup"/>
    <testcase time="0.000999999999976353" classname="ds.asLogical_smk_setup" name="setup"/>
  </testsuite>
  <testsuite name="ds.asLogical::smk::simple test" timestamp="2020-05-04T23:25:27Z" hostname="fv-az14" tests="3" skipped="0" failures="0" errors="0" time="0.916">
    <testcase time="0.913000000000011" classname="ds.asLogical_smk_simple_test" name="simple_test"/>
    <testcase time="0.00200000000018008" classname="ds.asLogical_smk_simple_test" name="simple_test"/>
    <testcase time="0.000999999999976353" classname="ds.asLogical_smk_simple_test" name="simple_test"/>
  </testsuite>
  <testsuite name="ds.asLogical::smk::shutdown" timestamp="2020-05-04T23:25:28Z" hostname="fv-az14" tests="3" skipped="0" failures="0" errors="0" time="0.313">
    <testcase time="0.309999999999945" classname="ds.asLogical_smk_shutdown" name="shutdown"/>
    <testcase time="0.00199999999995271" classname="ds.asLogical_smk_shutdown" name="shutdown"/>
    <testcase time="0.000999999999976353" classname="ds.asLogical_smk_shutdown" name="shutdown"/>
  </testsuite>
  <testsuite name="ds.asLogical::smk::done" timestamp="2020-05-04T23:25:29Z" hostname="fv-az14" tests="0" skipped="0" failures="0" errors="0" time="0"/>
  <testsuite name="ds.asMatrix::smk::setup" timestamp="2020-05-04T23:25:29Z" hostname="fv-az14" tests="3" skipped="0" failures="0" errors="0" time="5.368">
    <testcase time="5.36500000000001" classname="ds.asMatrix_smk_setup" name="setup"/>
    <testcase time="0.000999999999976353" classname="ds.asMatrix_smk_setup" name="setup"/>
    <testcase time="0.00200000000018008" classname="ds.asMatrix_smk_setup" name="setup"/>
  </testsuite>
  <testsuite name="ds.asMatrix::smk::simple test" timestamp="2020-05-04T23:25:34Z" hostname="fv-az14" tests="3" skipped="0" failures="0" errors="0" time="0.919">
    <testcase time="0.916999999999916" classname="ds.asMatrix_smk_simple_test" name="simple_test"/>
    <testcase time="0.000999999999976353" classname="ds.asMatrix_smk_simple_test" name="simple_test"/>
    <testcase time="0.000999999999976353" classname="ds.asMatrix_smk_simple_test" name="simple_test"/>
  </testsuite>
  <testsuite name="ds.asMatrix::smk::shutdown" timestamp="2020-05-04T23:25:34Z" hostname="fv-az14" tests="3" skipped="0" failures="0" errors="0" time="0.284">
    <testcase time="0.280999999999949" classname="ds.asMatrix_smk_shutdown" name="shutdown"/>
    <testcase time="0.00200000000018008" classname="ds.asMatrix_smk_shutdown" name="shutdown"/>
    <testcase time="0.000999999999976353" classname="ds.asMatrix_smk_shutdown" name="shutdown"/>
  </testsuite>
  <testsuite name="ds.asMatrix::smk::done" timestamp="2020-05-04T23:25:35Z" hostname="fv-az14" tests="0" skipped="0" failures="0" errors="0" time="0"/>
  <testsuite name="ds.asNumeric::smk::setup" timestamp="2020-05-04T23:25:35Z" hostname="fv-az14" tests="3" skipped="0" failures="0" errors="0" time="5.338">
    <testcase time="5.33600000000001" classname="ds.asNumeric_smk_setup" name="setup"/>
    <testcase time="0.000999999999976353" classname="ds.asNumeric_smk_setup" name="setup"/>
    <testcase time="0.000999999999976353" classname="ds.asNumeric_smk_setup" name="setup"/>
  </testsuite>
  <testsuite name="ds.asNumeric::smk::simple test" timestamp="2020-05-04T23:25:40Z" hostname="fv-az14" tests="3" skipped="0" failures="0" errors="0" time="0.928">
    <testcase time="0.924999999999955" classname="ds.asNumeric_smk_simple_test" name="simple_test"/>
    <testcase time="0.00199999999995271" classname="ds.asNumeric_smk_simple_test" name="simple_test"/>
    <testcase time="0.000999999999976353" classname="ds.asNumeric_smk_simple_test" name="simple_test"/>
  </testsuite>
  <testsuite name="ds.asNumeric::smk::shutdown" timestamp="2020-05-04T23:25:41Z" hostname="fv-az14" tests="3" skipped="0" failures="0" errors="0" time="0.284">
    <testcase time="0.282000000000153" classname="ds.asNumeric_smk_shutdown" name="shutdown"/>
    <testcase time="0.000999999999976353" classname="ds.asNumeric_smk_shutdown" name="shutdown"/>
    <testcase time="0.000999999999976353" classname="ds.asNumeric_smk_shutdown" name="shutdown"/>
  </testsuite>
  <testsuite name="ds.asNumeric::smk::done" timestamp="2020-05-04T23:25:42Z" hostname="fv-az14" tests="0" skipped="0" failures="0" errors="0" time="0"/>
  <testsuite name="ds.assign::smk::setup" timestamp="2020-05-04T23:25:42Z" hostname="fv-az14" tests="3" skipped="0" failures="0" errors="0" time="5.465">
    <testcase time="5.46299999999997" classname="ds.assign_smk_setup" name="setup"/>
    <testcase time="0.000999999999976353" classname="ds.assign_smk_setup" name="setup"/>
    <testcase time="0.000999999999976353" classname="ds.assign_smk_setup" name="setup"/>
  </testsuite>
  <testsuite name="ds.assign::smk" timestamp="2020-05-04T23:25:47Z" hostname="fv-az14" tests="1" skipped="0" failures="0" errors="0" time="0.536">
    <testcase time="0.536000000000058" classname="ds.assign_smk" name="test_assign"/>
  </testsuite>
  <testsuite name="ds.assign::smk::shutdown" timestamp="2020-05-04T23:25:47Z" hostname="fv-az14" tests="3" skipped="0" failures="0" errors="0" time="0.285">
    <testcase time="0.282999999999902" classname="ds.assign_smk_shutdown" name="shutdown"/>
    <testcase time="0.00100000000020373" classname="ds.assign_smk_shutdown" name="shutdown"/>
    <testcase time="0.000999999999976353" classname="ds.assign_smk_shutdown" name="shutdown"/>
  </testsuite>
  <testsuite name="ds.assign::smk::done" timestamp="2020-05-04T23:25:48Z" hostname="fv-az14" tests="0" skipped="0" failures="0" errors="0" time="0"/>
  <testsuite name="ds.Boole::smk::setup" timestamp="2020-05-04T23:25:48Z" hostname="fv-az14" tests="3" skipped="0" failures="0" errors="0" time="5.401">
    <testcase time="5.39799999999991" classname="ds.Boole_smk_setup" name="setup"/>
    <testcase time="0.00199999999995271" classname="ds.Boole_smk_setup" name="setup"/>
    <testcase time="0.000999999999976353" classname="ds.Boole_smk_setup" name="setup"/>
  </testsuite>
  <testsuite name="ds.Boole::smk" timestamp="2020-05-04T23:25:53Z" hostname="fv-az14" tests="3" skipped="0" failures="0" errors="0" time="1.106">
    <testcase time="1.10300000000007" classname="ds.Boole_smk" name="simple_boole"/>
    <testcase time="0.00199999999995271" classname="ds.Boole_smk" name="simple_boole"/>
    <testcase time="0.000999999999976353" classname="ds.Boole_smk" name="simple_boole"/>
  </testsuite>
  <testsuite name="ds.Boole::smk::shutdown" timestamp="2020-05-04T23:25:54Z" hostname="fv-az14" tests="3" skipped="0" failures="0" errors="0" time="0.289">
    <testcase time="0.287000000000035" classname="ds.Boole_smk_shutdown" name="shutdown"/>
    <testcase time="0.000999999999976353" classname="ds.Boole_smk_shutdown" name="shutdown"/>
    <testcase time="0.000999999999976353" classname="ds.Boole_smk_shutdown" name="shutdown"/>
  </testsuite>
  <testsuite name="ds.Boole::smk::done" timestamp="2020-05-04T23:25:55Z" hostname="fv-az14" tests="0" skipped="0" failures="0" errors="0" time="0"/>
  <testsuite name="ds.cbind::smk::setup" timestamp="2020-05-04T23:25:55Z" hostname="fv-az14" tests="3" skipped="0" failures="0" errors="0" time="5.373">
    <testcase time="5.37000000000012" classname="ds.cbind_smk_setup" name="setup"/>
    <testcase time="0.00199999999995271" classname="ds.cbind_smk_setup" name="setup"/>
    <testcase time="0.000999999999976353" classname="ds.cbind_smk_setup" name="setup"/>
  </testsuite>
  <testsuite name="ds.cbind::smk" timestamp="2020-05-04T23:26:00Z" hostname="fv-az14" tests="5" skipped="0" failures="0" errors="0" time="2.399">
    <testcase time="1.86599999999999" classname="ds.cbind_smk" name="simple_test"/>
    <testcase time="0.000999999999976353" classname="ds.cbind_smk" name="simple_test"/>
    <testcase time="0.529999999999973" classname="ds.cbind_smk" name="simple_test"/>
    <testcase time="0.00100000000020373" classname="ds.cbind_smk" name="simple_test"/>
    <testcase time="0.000999999999976353" classname="ds.cbind_smk" name="simple_test"/>
  </testsuite>
  <testsuite name="ds.cbind::smk::shutdown" timestamp="2020-05-04T23:26:02Z" hostname="fv-az14" tests="3" skipped="0" failures="0" errors="0" time="0.272">
    <testcase time="0.269999999999982" classname="ds.cbind_smk_shutdown" name="setup"/>
    <testcase time="0.000999999999976353" classname="ds.cbind_smk_shutdown" name="setup"/>
    <testcase time="0.000999999999976353" classname="ds.cbind_smk_shutdown" name="setup"/>
  </testsuite>
  <testsuite name="ds.cbind::smk::done" timestamp="2020-05-04T23:26:03Z" hostname="fv-az14" tests="0" skipped="0" failures="0" errors="0" time="0"/>
  <testsuite name="ds.changeRefGroup::smk::setup" timestamp="2020-05-04T23:26:03Z" hostname="fv-az14" tests="3" skipped="0" failures="0" errors="0" time="5.297">
    <testcase time="5.29500000000007" classname="ds.changeRefGroup_smk_setup" name="setup"/>
    <testcase time="0.000999999999976353" classname="ds.changeRefGroup_smk_setup" name="setup"/>
    <testcase time="0.000999999999976353" classname="ds.changeRefGroup_smk_setup" name="setup"/>
  </testsuite>
  <testsuite name="ds.changeRefGroup::smk" timestamp="2020-05-04T23:26:08Z" hostname="fv-az14" tests="30" skipped="0" failures="0" errors="0" time="5.156">
    <testcase time="5.11599999999999" classname="ds.changeRefGroup_smk" name="simple_changeRefGroup"/>
    <testcase time="0.000999999999976353" classname="ds.changeRefGroup_smk" name="simple_changeRefGroup"/>
    <testcase time="0.000999999999976353" classname="ds.changeRefGroup_smk" name="simple_changeRefGroup"/>
    <testcase time="0.000999999999976353" classname="ds.changeRefGroup_smk" name="simple_changeRefGroup"/>
    <testcase time="0.00199999999995271" classname="ds.changeRefGroup_smk" name="simple_changeRefGroup"/>
    <testcase time="0.00100000000020373" classname="ds.changeRefGroup_smk" name="simple_changeRefGroup"/>
    <testcase time="0.000999999999976353" classname="ds.changeRefGroup_smk" name="simple_changeRefGroup"/>
    <testcase time="0.000999999999976353" classname="ds.changeRefGroup_smk" name="simple_changeRefGroup"/>
    <testcase time="0.00199999999995271" classname="ds.changeRefGroup_smk" name="simple_changeRefGroup"/>
    <testcase time="0.000999999999976353" classname="ds.changeRefGroup_smk" name="simple_changeRefGroup"/>
    <testcase time="0.000999999999976353" classname="ds.changeRefGroup_smk" name="simple_changeRefGroup"/>
    <testcase time="0.00199999999995271" classname="ds.changeRefGroup_smk" name="simple_changeRefGroup"/>
    <testcase time="0.000999999999976353" classname="ds.changeRefGroup_smk" name="simple_changeRefGroup"/>
    <testcase time="0.00100000000020373" classname="ds.changeRefGroup_smk" name="simple_changeRefGroup"/>
    <testcase time="0.00199999999995271" classname="ds.changeRefGroup_smk" name="simple_changeRefGroup"/>
    <testcase time="0.000999999999976353" classname="ds.changeRefGroup_smk" name="simple_changeRefGroup"/>
    <testcase time="0.000999999999976353" classname="ds.changeRefGroup_smk" name="simple_changeRefGroup"/>
    <testcase time="0.00199999999995271" classname="ds.changeRefGroup_smk" name="simple_changeRefGroup"/>
    <testcase time="0.000999999999976353" classname="ds.changeRefGroup_smk" name="simple_changeRefGroup"/>
    <testcase time="0.00200000000018008" classname="ds.changeRefGroup_smk" name="simple_changeRefGroup"/>
    <testcase time="0.000999999999976353" classname="ds.changeRefGroup_smk" name="simple_changeRefGroup"/>
    <testcase time="0.00199999999995271" classname="ds.changeRefGroup_smk" name="simple_changeRefGroup"/>
    <testcase time="0.000999999999976353" classname="ds.changeRefGroup_smk" name="simple_changeRefGroup"/>
    <testcase time="0.00199999999995271" classname="ds.changeRefGroup_smk" name="simple_changeRefGroup"/>
    <testcase time="0.000999999999976353" classname="ds.changeRefGroup_smk" name="simple_changeRefGroup"/>
    <testcase time="0.00199999999995271" classname="ds.changeRefGroup_smk" name="simple_changeRefGroup"/>
    <testcase time="0.00100000000020373" classname="ds.changeRefGroup_smk" name="simple_changeRefGroup"/>
    <testcase time="0.00199999999995271" classname="ds.changeRefGroup_smk" name="simple_changeRefGroup"/>
    <testcase time="0.00199999999995271" classname="ds.changeRefGroup_smk" name="simple_changeRefGroup"/>
    <testcase time="0.000999999999976353" classname="ds.changeRefGroup_smk" name="simple_changeRefGroup"/>
  </testsuite>
  <testsuite name="ds.changeRefGroup::smk::shutdown" timestamp="2020-05-04T23:26:13Z" hostname="fv-az14" tests="3" skipped="0" failures="0" errors="0" time="0.275">
    <testcase time="0.272999999999911" classname="ds.changeRefGroup_smk_shutdown" name="shutdown"/>
    <testcase time="0.00100000000020373" classname="ds.changeRefGroup_smk_shutdown" name="shutdown"/>
    <testcase time="0.000999999999976353" classname="ds.changeRefGroup_smk_shutdown" name="shutdown"/>
  </testsuite>
  <testsuite name="ds.changeRefGroup::smk::done" timestamp="2020-05-04T23:26:14Z" hostname="fv-az14" tests="0" skipped="0" failures="0" errors="0" time="0"/>
  <testsuite name="ds.class::smk::setup" timestamp="2020-05-04T23:26:14Z" hostname="fv-az14" tests="3" skipped="0" failures="0" errors="0" time="5.488">
    <testcase time="5.48599999999988" classname="ds.class_smk_setup" name="setup"/>
    <testcase time="0.000999999999976353" classname="ds.class_smk_setup" name="setup"/>
    <testcase time="0.000999999999976353" classname="ds.class_smk_setup" name="setup"/>
  </testsuite>
  <testsuite name="ds.class::smk" timestamp="2020-05-04T23:26:19Z" hostname="fv-az14" tests="14" skipped="0" failures="0" errors="0" time="1.085">
    <testcase time="0.535000000000082" classname="ds.class_smk" name="simple_class"/>
    <testcase time="0.000999999999976353" classname="ds.class_smk" name="simple_class"/>
    <testcase time="0.00199999999995271" classname="ds.class_smk" name="simple_class"/>
    <testcase time="0.000999999999976353" classname="ds.class_smk" name="simple_class"/>
    <testcase time="0.00100000000020373" classname="ds.class_smk" name="simple_class"/>
    <testcase time="0.000999999999976353" classname="ds.class_smk" name="simple_class"/>
    <testcase time="0.000999999999976353" classname="ds.class_smk" name="simple_class"/>
    <testcase time="0.534999999999854" classname="ds.class_smk" name="simple_class"/>
    <testcase time="0.00100000000020373" classname="ds.class_smk" name="simple_class"/>
    <testcase time="0.00199999999995271" classname="ds.class_smk" name="simple_class"/>
    <testcase time="0.000999999999976353" classname="ds.class_smk" name="simple_class"/>
    <testcase time="0.000999999999976353" classname="ds.class_smk" name="simple_class"/>
    <testcase time="0.00199999999995271" classname="ds.class_smk" name="simple_class"/>
    <testcase time="0.000999999999976353" classname="ds.class_smk" name="simple_class"/>
  </testsuite>
  <testsuite name="ds.class::smk::shutdown" timestamp="2020-05-04T23:26:20Z" hostname="fv-az14" tests="3" skipped="0" failures="0" errors="0" time="0.274">
    <testcase time="0.270999999999958" classname="ds.class_smk_shutdown" name="shutdown"/>
    <testcase time="0.00200000000018008" classname="ds.class_smk_shutdown" name="shutdown"/>
    <testcase time="0.000999999999976353" classname="ds.class_smk_shutdown" name="shutdown"/>
  </testsuite>
  <testsuite name="ds.class::smk::done" timestamp="2020-05-04T23:26:20Z" hostname="fv-az14" tests="0" skipped="0" failures="0" errors="0" time="0"/>
  <testsuite name="ds.colnames::smk::setup" timestamp="2020-05-04T23:26:21Z" hostname="fv-az14" tests="3" skipped="0" failures="0" errors="0" time="5.402">
    <testcase time="5.39899999999989" classname="ds.colnames_smk_setup" name="setup"/>
    <testcase time="0.000999999999976353" classname="ds.colnames_smk_setup" name="setup"/>
    <testcase time="0.00200000000018008" classname="ds.colnames_smk_setup" name="setup"/>
  </testsuite>
  <testsuite name="ds.colnames::smk" timestamp="2020-05-04T23:26:25Z" hostname="fv-az14" tests="10" skipped="0" failures="0" errors="0" time="2.583">
    <testcase time="2.57199999999989" classname="ds.colnames_smk" name="simple_colnames"/>
    <testcase time="0.000999999999976353" classname="ds.colnames_smk" name="simple_colnames"/>
    <testcase time="0.000999999999976353" classname="ds.colnames_smk" name="simple_colnames"/>
    <testcase time="0.00199999999995271" classname="ds.colnames_smk" name="simple_colnames"/>
    <testcase time="0.00100000000020373" classname="ds.colnames_smk" name="simple_colnames"/>
    <testcase time="0.000999999999976353" classname="ds.colnames_smk" name="simple_colnames"/>
    <testcase time="0.000999999999976353" classname="ds.colnames_smk" name="simple_colnames"/>
    <testcase time="0.00199999999995271" classname="ds.colnames_smk" name="simple_colnames"/>
    <testcase time="0.000999999999976353" classname="ds.colnames_smk" name="simple_colnames"/>
    <testcase time="0.000999999999976353" classname="ds.colnames_smk" name="simple_colnames"/>
  </testsuite>
  <testsuite name="ds.colnames::smk::shutdown" timestamp="2020-05-04T23:26:28Z" hostname="fv-az14" tests="3" skipped="0" failures="0" errors="0" time="0.276">
    <testcase time="0.274000000000115" classname="ds.colnames_smk_shutdown" name="shutdown"/>
    <testcase time="0.000999999999976353" classname="ds.colnames_smk_shutdown" name="shutdown"/>
    <testcase time="0.000999999999976353" classname="ds.colnames_smk_shutdown" name="shutdown"/>
  </testsuite>
  <testsuite name="ds.colnames::smk::done" timestamp="2020-05-04T23:26:29Z" hostname="fv-az14" tests="0" skipped="0" failures="0" errors="0" time="0"/>
  <testsuite name="ds.completeCases::smk::setup" timestamp="2020-05-04T23:26:29Z" hostname="fv-az14" tests="3" skipped="0" failures="0" errors="0" time="5.481">
    <testcase time="5.47900000000004" classname="ds.completeCases_smk_setup" name="setup"/>
    <testcase time="0.000999999999976353" classname="ds.completeCases_smk_setup" name="setup"/>
    <testcase time="0.000999999999976353" classname="ds.completeCases_smk_setup" name="setup"/>
  </testsuite>
  <testsuite name="ds.completeCases::smk::data.frame" timestamp="2020-05-04T23:26:34Z" hostname="fv-az14" tests="37" skipped="0" failures="0" errors="0" time="6.316">
    <testcase time="4.66100000000006" classname="ds.completeCases_smk_data.frame" name="completeCases_data.frame"/>
    <testcase time="0.000999999999976353" classname="ds.completeCases_smk_data.frame" name="completeCases_data.frame"/>
    <testcase time="0.000999999999976353" classname="ds.completeCases_smk_data.frame" name="completeCases_data.frame"/>
    <testcase time="0.52800000000002" classname="ds.completeCases_smk_data.frame" name="completeCases_data.frame"/>
    <testcase time="0.00199999999995271" classname="ds.completeCases_smk_data.frame" name="completeCases_data.frame"/>
    <testcase time="0.000999999999976353" classname="ds.completeCases_smk_data.frame" name="completeCases_data.frame"/>
    <testcase time="0.000999999999976353" classname="ds.completeCases_smk_data.frame" name="completeCases_data.frame"/>
    <testcase time="0.530999999999949" classname="ds.completeCases_smk_data.frame" name="completeCases_data.frame"/>
    <testcase time="0.00100000000020373" classname="ds.completeCases_smk_data.frame" name="completeCases_data.frame"/>
    <testcase time="0.00199999999995271" classname="ds.completeCases_smk_data.frame" name="completeCases_data.frame"/>
    <testcase time="0.000999999999976353" classname="ds.completeCases_smk_data.frame" name="completeCases_data.frame"/>
    <testcase time="0.264999999999873" classname="ds.completeCases_smk_data.frame" name="completeCases_data.frame"/>
    <testcase time="0.00200000000018008" classname="ds.completeCases_smk_data.frame" name="completeCases_data.frame"/>
    <testcase time="0.00199999999995271" classname="ds.completeCases_smk_data.frame" name="completeCases_data.frame"/>
    <testcase time="0.000999999999976353" classname="ds.completeCases_smk_data.frame" name="completeCases_data.frame"/>
    <testcase time="0.000999999999976353" classname="ds.completeCases_smk_data.frame" name="completeCases_data.frame"/>
    <testcase time="0.00199999999995271" classname="ds.completeCases_smk_data.frame" name="completeCases_data.frame"/>
    <testcase time="0.000999999999976353" classname="ds.completeCases_smk_data.frame" name="completeCases_data.frame"/>
    <testcase time="0.00100000000020373" classname="ds.completeCases_smk_data.frame" name="completeCases_data.frame"/>
    <testcase time="0.000999999999976353" classname="ds.completeCases_smk_data.frame" name="completeCases_data.frame"/>
    <testcase time="0.00199999999995271" classname="ds.completeCases_smk_data.frame" name="completeCases_data.frame"/>
    <testcase time="0.000999999999976353" classname="ds.completeCases_smk_data.frame" name="completeCases_data.frame"/>
    <testcase time="0.00199999999995271" classname="ds.completeCases_smk_data.frame" name="completeCases_data.frame"/>
    <testcase time="0.00199999999995271" classname="ds.completeCases_smk_data.frame" name="completeCases_data.frame"/>
    <testcase time="0.268000000000029" classname="ds.completeCases_smk_data.frame" name="completeCases_data.frame"/>
    <testcase time="0.00199999999995271" classname="ds.completeCases_smk_data.frame" name="completeCases_data.frame"/>
    <testcase time="0.0130000000001473" classname="ds.completeCases_smk_data.frame" name="completeCases_data.frame"/>
    <testcase time="0.00199999999995271" classname="ds.completeCases_smk_data.frame" name="completeCases_data.frame"/>
    <testcase time="0.00199999999995271" classname="ds.completeCases_smk_data.frame" name="completeCases_data.frame"/>
    <testcase time="0.00300000000015643" classname="ds.completeCases_smk_data.frame" name="completeCases_data.frame"/>
    <testcase time="0.00199999999995271" classname="ds.completeCases_smk_data.frame" name="completeCases_data.frame"/>
    <testcase time="0.00199999999995271" classname="ds.completeCases_smk_data.frame" name="completeCases_data.frame"/>
    <testcase time="0.00199999999995271" classname="ds.completeCases_smk_data.frame" name="completeCases_data.frame"/>
    <testcase time="0.00199999999995271" classname="ds.completeCases_smk_data.frame" name="completeCases_data.frame"/>
    <testcase time="0.00100000000020373" classname="ds.completeCases_smk_data.frame" name="completeCases_data.frame"/>
    <testcase time="0.00199999999995271" classname="ds.completeCases_smk_data.frame" name="completeCases_data.frame"/>
    <testcase time="0.00199999999995271" classname="ds.completeCases_smk_data.frame" name="completeCases_data.frame"/>
  </testsuite>
  <testsuite name="ds.completeCases::smk::matrix" timestamp="2020-05-04T23:26:40Z" hostname="fv-az14" tests="29" skipped="0" failures="0" errors="0" time="3.228">
    <testcase time="1.58500000000004" classname="ds.completeCases_smk_matrix" name="completeCases_matrix"/>
    <testcase time="0.000999999999976353" classname="ds.completeCases_smk_matrix" name="completeCases_matrix"/>
    <testcase time="0.00199999999995271" classname="ds.completeCases_smk_matrix" name="completeCases_matrix"/>
    <testcase time="0.54099999999994" classname="ds.completeCases_smk_matrix" name="completeCases_matrix"/>
    <testcase time="0.00200000000018008" classname="ds.completeCases_smk_matrix" name="completeCases_matrix"/>
    <testcase time="0.000999999999976353" classname="ds.completeCases_smk_matrix" name="completeCases_matrix"/>
    <testcase time="0.000999999999976353" classname="ds.completeCases_smk_matrix" name="completeCases_matrix"/>
    <testcase time="0.527000000000044" classname="ds.completeCases_smk_matrix" name="completeCases_matrix"/>
    <testcase time="0.00199999999995271" classname="ds.completeCases_smk_matrix" name="completeCases_matrix"/>
    <testcase time="0.000999999999976353" classname="ds.completeCases_smk_matrix" name="completeCases_matrix"/>
    <testcase time="0.000999999999976353" classname="ds.completeCases_smk_matrix" name="completeCases_matrix"/>
    <testcase time="0.275000000000091" classname="ds.completeCases_smk_matrix" name="completeCases_matrix"/>
    <testcase time="0.000999999999976353" classname="ds.completeCases_smk_matrix" name="completeCases_matrix"/>
    <testcase time="0.00199999999995271" classname="ds.completeCases_smk_matrix" name="completeCases_matrix"/>
    <testcase time="0.000999999999976353" classname="ds.completeCases_smk_matrix" name="completeCases_matrix"/>
    <testcase time="0.00199999999995271" classname="ds.completeCases_smk_matrix" name="completeCases_matrix"/>
    <testcase time="0.00199999999995271" classname="ds.completeCases_smk_matrix" name="completeCases_matrix"/>
    <testcase time="0.00100000000020373" classname="ds.completeCases_smk_matrix" name="completeCases_matrix"/>
    <testcase time="0.00199999999995271" classname="ds.completeCases_smk_matrix" name="completeCases_matrix"/>
    <testcase time="0.000999999999976353" classname="ds.completeCases_smk_matrix" name="completeCases_matrix"/>
    <testcase time="0.00199999999995271" classname="ds.completeCases_smk_matrix" name="completeCases_matrix"/>
    <testcase time="0.00199999999995271" classname="ds.completeCases_smk_matrix" name="completeCases_matrix"/>
    <testcase time="0.000999999999976353" classname="ds.completeCases_smk_matrix" name="completeCases_matrix"/>
    <testcase time="0.00200000000018008" classname="ds.completeCases_smk_matrix" name="completeCases_matrix"/>
    <testcase time="0.26299999999992" classname="ds.completeCases_smk_matrix" name="completeCases_matrix"/>
    <testcase time="0.00199999999995271" classname="ds.completeCases_smk_matrix" name="completeCases_matrix"/>
    <testcase time="0.00199999999995271" classname="ds.completeCases_smk_matrix" name="completeCases_matrix"/>
    <testcase time="0.000999999999976353" classname="ds.completeCases_smk_matrix" name="completeCases_matrix"/>
    <testcase time="0.00200000000018008" classname="ds.completeCases_smk_matrix" name="completeCases_matrix"/>
  </testsuite>
  <testsuite name="ds.completeCases::smk::vector" timestamp="2020-05-04T23:26:43Z" hostname="fv-az14" tests="21" skipped="0" failures="0" errors="0" time="3.949">
    <testcase time="2.30799999999999" classname="ds.completeCases_smk_vector" name="completeCases_vector"/>
    <testcase time="0.000999999999976353" classname="ds.completeCases_smk_vector" name="completeCases_vector"/>
    <testcase time="0.000999999999976353" classname="ds.completeCases_smk_vector" name="completeCases_vector"/>
    <testcase time="0.557999999999993" classname="ds.completeCases_smk_vector" name="completeCases_vector"/>
    <testcase time="0.000999999999976353" classname="ds.completeCases_smk_vector" name="completeCases_vector"/>
    <testcase time="0.000999999999976353" classname="ds.completeCases_smk_vector" name="completeCases_vector"/>
    <testcase time="0.00199999999995271" classname="ds.completeCases_smk_vector" name="completeCases_vector"/>
    <testcase time="0.52800000000002" classname="ds.completeCases_smk_vector" name="completeCases_vector"/>
    <testcase time="0.00199999999995271" classname="ds.completeCases_smk_vector" name="completeCases_vector"/>
    <testcase time="0.00100000000020373" classname="ds.completeCases_smk_vector" name="completeCases_vector"/>
    <testcase time="0.000999999999976353" classname="ds.completeCases_smk_vector" name="completeCases_vector"/>
    <testcase time="0.263999999999896" classname="ds.completeCases_smk_vector" name="completeCases_vector"/>
    <testcase time="0.000999999999976353" classname="ds.completeCases_smk_vector" name="completeCases_vector"/>
    <testcase time="0.00200000000018008" classname="ds.completeCases_smk_vector" name="completeCases_vector"/>
    <testcase time="0.000999999999976353" classname="ds.completeCases_smk_vector" name="completeCases_vector"/>
    <testcase time="0.00199999999995271" classname="ds.completeCases_smk_vector" name="completeCases_vector"/>
    <testcase time="0.268000000000029" classname="ds.completeCases_smk_vector" name="completeCases_vector"/>
    <testcase time="0.00199999999995271" classname="ds.completeCases_smk_vector" name="completeCases_vector"/>
    <testcase time="0.000999999999976353" classname="ds.completeCases_smk_vector" name="completeCases_vector"/>
    <testcase time="0.00199999999995271" classname="ds.completeCases_smk_vector" name="completeCases_vector"/>
    <testcase time="0.00199999999995271" classname="ds.completeCases_smk_vector" name="completeCases_vector"/>
  </testsuite>
  <testsuite name="ds.completeCases::smk::shutdown" timestamp="2020-05-04T23:26:47Z" hostname="fv-az14" tests="3" skipped="0" failures="0" errors="0" time="0.282">
    <testcase time="0.2800000000002" classname="ds.completeCases_smk_shutdown" name="shutdown"/>
    <testcase time="0.000999999999976353" classname="ds.completeCases_smk_shutdown" name="shutdown"/>
    <testcase time="0.000999999999976353" classname="ds.completeCases_smk_shutdown" name="shutdown"/>
  </testsuite>
  <testsuite name="ds.completeCases::smk::done" timestamp="2020-05-04T23:26:48Z" hostname="fv-az14" tests="0" skipped="0" failures="0" errors="0" time="0"/>
  <testsuite name="ds.cor::smk::setup" timestamp="2020-05-04T23:26:48Z" hostname="fv-az14" tests="3" skipped="0" failures="0" errors="0" time="5.37">
    <testcase time="5.36799999999994" classname="ds.cor_smk_setup" name="setup"/>
    <testcase time="0.000999999999976353" classname="ds.cor_smk_setup" name="setup"/>
    <testcase time="0.000999999999976353" classname="ds.cor_smk_setup" name="setup"/>
  </testsuite>
  <testsuite name="ds.cor::smk" timestamp="2020-05-04T23:26:53Z" hostname="fv-az14" tests="56" skipped="0" failures="0" errors="0" time="9.055">
    <testcase time="2.25" classname="ds.cor_smk" name="simple_test_combine_pairwise.complete"/>
    <testcase time="0.000999999999976353" classname="ds.cor_smk" name="simple_test_combine_pairwise.complete"/>
    <testcase time="0.000999999999976353" classname="ds.cor_smk" name="simple_test_combine_pairwise.complete"/>
    <testcase time="0.00100000000020373" classname="ds.cor_smk" name="simple_test_combine_pairwise.complete"/>
    <testcase time="0.000999999999976353" classname="ds.cor_smk" name="simple_test_combine_pairwise.complete"/>
    <testcase time="0.000999999999976353" classname="ds.cor_smk" name="simple_test_combine_pairwise.complete"/>
    <testcase time="0.000999999999976353" classname="ds.cor_smk" name="simple_test_combine_pairwise.complete"/>
    <testcase time="0.00199999999995271" classname="ds.cor_smk" name="simple_test_combine_pairwise.complete"/>
    <testcase time="0.000999999999976353" classname="ds.cor_smk" name="simple_test_combine_pairwise.complete"/>
    <testcase time="2.23400000000015" classname="ds.cor_smk" name="simple_test_combine_casewise.complete"/>
    <testcase time="0.00199999999995271" classname="ds.cor_smk" name="simple_test_combine_casewise.complete"/>
    <testcase time="0.000999999999976353" classname="ds.cor_smk" name="simple_test_combine_casewise.complete"/>
    <testcase time="0.00199999999995271" classname="ds.cor_smk" name="simple_test_combine_casewise.complete"/>
    <testcase time="0.000999999999976353" classname="ds.cor_smk" name="simple_test_combine_casewise.complete"/>
    <testcase time="0.000999999999976353" classname="ds.cor_smk" name="simple_test_combine_casewise.complete"/>
    <testcase time="0.00200000000018008" classname="ds.cor_smk" name="simple_test_combine_casewise.complete"/>
    <testcase time="0.00199999999995271" classname="ds.cor_smk" name="simple_test_combine_casewise.complete"/>
    <testcase time="0.000999999999976353" classname="ds.cor_smk" name="simple_test_combine_casewise.complete"/>
    <testcase time="2.24000000000001" classname="ds.cor_smk" name="simple_test_split_pairwise.complete"/>
    <testcase time="0.00199999999995271" classname="ds.cor_smk" name="simple_test_split_pairwise.complete"/>
    <testcase time="0.00199999999995271" classname="ds.cor_smk" name="simple_test_split_pairwise.complete"/>
    <testcase time="0.000999999999976353" classname="ds.cor_smk" name="simple_test_split_pairwise.complete"/>
    <testcase time="0.00200000000018008" classname="ds.cor_smk" name="simple_test_split_pairwise.complete"/>
    <testcase time="0.000999999999976353" classname="ds.cor_smk" name="simple_test_split_pairwise.complete"/>
    <testcase time="0.00199999999995271" classname="ds.cor_smk" name="simple_test_split_pairwise.complete"/>
    <testcase time="0.000999999999976353" classname="ds.cor_smk" name="simple_test_split_pairwise.complete"/>
    <testcase time="0.00199999999995271" classname="ds.cor_smk" name="simple_test_split_pairwise.complete"/>
    <testcase time="0.000999999999976353" classname="ds.cor_smk" name="simple_test_split_pairwise.complete"/>
    <testcase time="0.00199999999995271" classname="ds.cor_smk" name="simple_test_split_pairwise.complete"/>
    <testcase time="0.00200000000018008" classname="ds.cor_smk" name="simple_test_split_pairwise.complete"/>
    <testcase time="0.000999999999976353" classname="ds.cor_smk" name="simple_test_split_pairwise.complete"/>
    <testcase time="0.00199999999995271" classname="ds.cor_smk" name="simple_test_split_pairwise.complete"/>
    <testcase time="0.00199999999995271" classname="ds.cor_smk" name="simple_test_split_pairwise.complete"/>
    <testcase time="0.00199999999995271" classname="ds.cor_smk" name="simple_test_split_pairwise.complete"/>
    <testcase time="0.00100000000020373" classname="ds.cor_smk" name="simple_test_split_pairwise.complete"/>
    <testcase time="0.00199999999995271" classname="ds.cor_smk" name="simple_test_split_pairwise.complete"/>
    <testcase time="0.00199999999995271" classname="ds.cor_smk" name="simple_test_split_pairwise.complete"/>
    <testcase time="2.23199999999997" classname="ds.cor_smk" name="simple_test_split_casewise.complete"/>
    <testcase time="0.00199999999995271" classname="ds.cor_smk" name="simple_test_split_casewise.complete"/>
    <testcase time="0.00199999999995271" classname="ds.cor_smk" name="simple_test_split_casewise.complete"/>
    <testcase time="0.00200000000018008" classname="ds.cor_smk" name="simple_test_split_casewise.complete"/>
    <testcase time="0.00199999999995271" classname="ds.cor_smk" name="simple_test_split_casewise.complete"/>
    <testcase time="0.00199999999995271" classname="ds.cor_smk" name="simple_test_split_casewise.complete"/>
    <testcase time="0.00199999999995271" classname="ds.cor_smk" name="simple_test_split_casewise.complete"/>
    <testcase time="0.00200000000018008" classname="ds.cor_smk" name="simple_test_split_casewise.complete"/>
    <testcase time="0.00199999999995271" classname="ds.cor_smk" name="simple_test_split_casewise.complete"/>
    <testcase time="0.00199999999995271" classname="ds.cor_smk" name="simple_test_split_casewise.complete"/>
    <testcase time="0.00199999999995271" classname="ds.cor_smk" name="simple_test_split_casewise.complete"/>
    <testcase time="0.00199999999995271" classname="ds.cor_smk" name="simple_test_split_casewise.complete"/>
    <testcase time="0.00300000000015643" classname="ds.cor_smk" name="simple_test_split_casewise.complete"/>
    <testcase time="0.00199999999995271" classname="ds.cor_smk" name="simple_test_split_casewise.complete"/>
    <testcase time="0.00199999999995271" classname="ds.cor_smk" name="simple_test_split_casewise.complete"/>
    <testcase time="0.00199999999995271" classname="ds.cor_smk" name="simple_test_split_casewise.complete"/>
    <testcase time="0.00200000000018008" classname="ds.cor_smk" name="simple_test_split_casewise.complete"/>
    <testcase time="0.0119999999999436" classname="ds.cor_smk" name="simple_test_split_casewise.complete"/>
    <testcase time="0.00299999999992906" classname="ds.cor_smk" name="simple_test_split_casewise.complete"/>
  </testsuite>
  <testsuite name="ds.cor::smk::setup::shutdown" timestamp="2020-05-04T23:27:02Z" hostname="fv-az14" tests="3" skipped="0" failures="0" errors="0" time="0.281">
    <testcase time="0.27800000000002" classname="ds.cor_smk_setup_shutdown" name="shutdown"/>
    <testcase time="0.000999999999976353" classname="ds.cor_smk_setup_shutdown" name="shutdown"/>
    <testcase time="0.00199999999995271" classname="ds.cor_smk_setup_shutdown" name="shutdown"/>
  </testsuite>
  <testsuite name="ds.cor::smk::setup::done" timestamp="2020-05-04T23:27:03Z" hostname="fv-az14" tests="0" skipped="0" failures="0" errors="0" time="0"/>
  <testsuite name="ds.corTest::smk::setup" timestamp="2020-05-04T23:27:03Z" hostname="fv-az14" tests="3" skipped="0" failures="0" errors="0" time="5.412">
    <testcase time="5.40900000000011" classname="ds.corTest_smk_setup" name="setup"/>
    <testcase time="0.00199999999995271" classname="ds.corTest_smk_setup" name="setup"/>
    <testcase time="0.000999999999976353" classname="ds.corTest_smk_setup" name="setup"/>
  </testsuite>
  <testsuite name="ds.corTest::smk" timestamp="2020-05-04T23:27:08Z" hostname="fv-az14" tests="28" skipped="0" failures="0" errors="0" time="2.296">
    <testcase time="2.25700000000006" classname="ds.corTest_smk" name="simple_test"/>
    <testcase time="0.000999999999976353" classname="ds.corTest_smk" name="simple_test"/>
    <testcase time="0.00199999999995271" classname="ds.corTest_smk" name="simple_test"/>
    <testcase time="0.000999999999976353" classname="ds.corTest_smk" name="simple_test"/>
    <testcase time="0.000999999999976353" classname="ds.corTest_smk" name="simple_test"/>
    <testcase time="0.000999999999976353" classname="ds.corTest_smk" name="simple_test"/>
    <testcase time="0.00200000000018008" classname="ds.corTest_smk" name="simple_test"/>
    <testcase time="0.000999999999976353" classname="ds.corTest_smk" name="simple_test"/>
    <testcase time="0.000999999999976353" classname="ds.corTest_smk" name="simple_test"/>
    <testcase time="0.00199999999995271" classname="ds.corTest_smk" name="simple_test"/>
    <testcase time="0.000999999999976353" classname="ds.corTest_smk" name="simple_test"/>
    <testcase time="0.000999999999976353" classname="ds.corTest_smk" name="simple_test"/>
    <testcase time="0.00200000000018008" classname="ds.corTest_smk" name="simple_test"/>
    <testcase time="0.000999999999976353" classname="ds.corTest_smk" name="simple_test"/>
    <testcase time="0.00199999999995271" classname="ds.corTest_smk" name="simple_test"/>
    <testcase time="0.000999999999976353" classname="ds.corTest_smk" name="simple_test"/>
    <testcase time="0.00199999999995271" classname="ds.corTest_smk" name="simple_test"/>
    <testcase time="0.000999999999976353" classname="ds.corTest_smk" name="simple_test"/>
    <testcase time="0.00199999999995271" classname="ds.corTest_smk" name="simple_test"/>
    <testcase time="0.00100000000020373" classname="ds.corTest_smk" name="simple_test"/>
    <testcase time="0.000999999999976353" classname="ds.corTest_smk" name="simple_test"/>
    <testcase time="0.00199999999995271" classname="ds.corTest_smk" name="simple_test"/>
    <testcase time="0.000999999999976353" classname="ds.corTest_smk" name="simple_test"/>
    <testcase time="0.00199999999995271" classname="ds.corTest_smk" name="simple_test"/>
    <testcase time="0.00199999999995271" classname="ds.corTest_smk" name="simple_test"/>
    <testcase time="0.00100000000020373" classname="ds.corTest_smk" name="simple_test"/>
    <testcase time="0.00199999999995271" classname="ds.corTest_smk" name="simple_test"/>
    <testcase time="0.00199999999995271" classname="ds.corTest_smk" name="simple_test"/>
  </testsuite>
  <testsuite name="ds.corTest::smk::shutdown" timestamp="2020-05-04T23:27:10Z" hostname="fv-az14" tests="3" skipped="0" failures="0" errors="0" time="0.278">
    <testcase time="0.275000000000091" classname="ds.corTest_smk_shutdown" name="shutdown"/>
    <testcase time="0.000999999999976353" classname="ds.corTest_smk_shutdown" name="shutdown"/>
    <testcase time="0.00199999999995271" classname="ds.corTest_smk_shutdown" name="shutdown"/>
  </testsuite>
  <testsuite name="ds.corTest::smk::done" timestamp="2020-05-04T23:27:11Z" hostname="fv-az14" tests="0" skipped="0" failures="0" errors="0" time="0"/>
  <testsuite name="ds.cov::smk::setup" timestamp="2020-05-04T23:27:11Z" hostname="fv-az14" tests="3" skipped="0" failures="0" errors="0" time="5.393">
    <testcase time="5.39099999999985" classname="ds.cov_smk_setup" name="setup"/>
    <testcase time="0.00100000000020373" classname="ds.cov_smk_setup" name="setup"/>
    <testcase time="0.000999999999976353" classname="ds.cov_smk_setup" name="setup"/>
  </testsuite>
  <testsuite name="ds.cov::smk" timestamp="2020-05-04T23:27:16Z" hostname="fv-az14" tests="28" skipped="0" failures="0" errors="0" time="4.56">
    <testcase time="2.27199999999993" classname="ds.cov_smk" name="simple_test_split"/>
    <testcase time="0.000999999999976353" classname="ds.cov_smk" name="simple_test_split"/>
    <testcase time="0.00199999999995271" classname="ds.cov_smk" name="simple_test_split"/>
    <testcase time="0.000999999999976353" classname="ds.cov_smk" name="simple_test_split"/>
    <testcase time="0.00100000000020373" classname="ds.cov_smk" name="simple_test_split"/>
    <testcase time="0.000999999999976353" classname="ds.cov_smk" name="simple_test_split"/>
    <testcase time="0.00199999999995271" classname="ds.cov_smk" name="simple_test_split"/>
    <testcase time="0.000999999999976353" classname="ds.cov_smk" name="simple_test_split"/>
    <testcase time="0.000999999999976353" classname="ds.cov_smk" name="simple_test_split"/>
    <testcase time="0.00199999999995271" classname="ds.cov_smk" name="simple_test_split"/>
    <testcase time="0.000999999999976353" classname="ds.cov_smk" name="simple_test_split"/>
    <testcase time="0.000999999999976353" classname="ds.cov_smk" name="simple_test_split"/>
    <testcase time="0.00200000000018008" classname="ds.cov_smk" name="simple_test_split"/>
    <testcase time="0.000999999999976353" classname="ds.cov_smk" name="simple_test_split"/>
    <testcase time="0.00199999999995271" classname="ds.cov_smk" name="simple_test_split"/>
    <testcase time="0.000999999999976353" classname="ds.cov_smk" name="simple_test_split"/>
    <testcase time="0.000999999999976353" classname="ds.cov_smk" name="simple_test_split"/>
    <testcase time="0.00199999999995271" classname="ds.cov_smk" name="simple_test_split"/>
    <testcase time="0.00200000000018008" classname="ds.cov_smk" name="simple_test_split"/>
    <testcase time="2.24799999999982" classname="ds.cov_smk" name="simple_test_combine"/>
    <testcase time="0.00200000000018008" classname="ds.cov_smk" name="simple_test_combine"/>
    <testcase time="0.00199999999995271" classname="ds.cov_smk" name="simple_test_combine"/>
    <testcase time="0.00199999999995271" classname="ds.cov_smk" name="simple_test_combine"/>
    <testcase time="0.000999999999976353" classname="ds.cov_smk" name="simple_test_combine"/>
    <testcase time="0.00199999999995271" classname="ds.cov_smk" name="simple_test_combine"/>
    <testcase time="0.00200000000018008" classname="ds.cov_smk" name="simple_test_combine"/>
    <testcase time="0.00199999999995271" classname="ds.cov_smk" name="simple_test_combine"/>
    <testcase time="0.00199999999995271" classname="ds.cov_smk" name="simple_test_combine"/>
  </testsuite>
  <testsuite name="ds.cov::smk::shutdown" timestamp="2020-05-04T23:27:20Z" hostname="fv-az14" tests="3" skipped="0" failures="0" errors="0" time="0.28">
    <testcase time="0.27800000000002" classname="ds.cov_smk_shutdown" name="shutdown"/>
    <testcase time="0.000999999999976353" classname="ds.cov_smk_shutdown" name="shutdown"/>
    <testcase time="0.000999999999976353" classname="ds.cov_smk_shutdown" name="shutdown"/>
  </testsuite>
  <testsuite name="ds.cov::smk::done" timestamp="2020-05-04T23:27:21Z" hostname="fv-az14" tests="0" skipped="0" failures="0" errors="0" time="0"/>
  <testsuite name="ds.c::smk::setup" timestamp="2020-05-04T23:27:21Z" hostname="fv-az14" tests="3" skipped="0" failures="0" errors="0" time="5.386">
    <testcase time="5.38200000000006" classname="ds.c_smk_setup" name="setup"/>
    <testcase time="0.00299999999992906" classname="ds.c_smk_setup" name="setup"/>
    <testcase time="0.000999999999976353" classname="ds.c_smk_setup" name="setup"/>
  </testsuite>
  <testsuite name="ds.c::smk" timestamp="2020-05-04T23:27:26Z" hostname="fv-az14" tests="1" skipped="0" failures="0" errors="0" time="1.575">
    <testcase time="1.57500000000005" classname="ds.c_smk" name="simple_c"/>
  </testsuite>
  <testsuite name="ds.c::smk::shutdown" timestamp="2020-05-04T23:27:27Z" hostname="fv-az14" tests="3" skipped="0" failures="0" errors="0" time="0.322">
    <testcase time="0.31899999999996" classname="ds.c_smk_shutdown" name="setup"/>
    <testcase time="0.00199999999995271" classname="ds.c_smk_shutdown" name="setup"/>
    <testcase time="0.000999999999976353" classname="ds.c_smk_shutdown" name="setup"/>
  </testsuite>
  <testsuite name="ds.c::smk::done" timestamp="2020-05-04T23:27:28Z" hostname="fv-az14" tests="0" skipped="0" failures="0" errors="0" time="0"/>
  <testsuite name="ds.dataFrameFill::smk::setup" timestamp="2020-05-04T23:27:28Z" hostname="fv-az14" tests="3" skipped="0" failures="0" errors="0" time="5.461">
    <testcase time="5.45900000000006" classname="ds.dataFrameFill_smk_setup" name="setup"/>
    <testcase time="0.000999999999976353" classname="ds.dataFrameFill_smk_setup" name="setup"/>
    <testcase time="0.000999999999976353" classname="ds.dataFrameFill_smk_setup" name="setup"/>
  </testsuite>
  <testsuite name="ds.dataFrameFill::smk::donothing dataframes" timestamp="2020-05-04T23:27:33Z" hostname="fv-az14" tests="14" skipped="0" failures="0" errors="0" time="4.31">
    <testcase time="1.21500000000015" classname="ds.dataFrameFill_smk_donothing_dataframes" name="dataFrameFill_donothing"/>
    <testcase time="0.00199999999995271" classname="ds.dataFrameFill_smk_donothing_dataframes" name="dataFrameFill_donothing"/>
    <testcase time="0.000999999999976353" classname="ds.dataFrameFill_smk_donothing_dataframes" name="dataFrameFill_donothing"/>
    <testcase time="0.000999999999976353" classname="ds.dataFrameFill_smk_donothing_dataframes" name="dataFrameFill_donothing"/>
    <testcase time="0.00199999999995271" classname="ds.dataFrameFill_smk_donothing_dataframes" name="dataFrameFill_donothing"/>
    <testcase time="0.00100000000020373" classname="ds.dataFrameFill_smk_donothing_dataframes" name="dataFrameFill_donothing"/>
    <testcase time="0.000999999999976353" classname="ds.dataFrameFill_smk_donothing_dataframes" name="dataFrameFill_donothing"/>
    <testcase time="0.00199999999995271" classname="ds.dataFrameFill_smk_donothing_dataframes" name="dataFrameFill_donothing"/>
    <testcase time="0.000999999999976353" classname="ds.dataFrameFill_smk_donothing_dataframes" name="dataFrameFill_donothing"/>
    <testcase time="0.000999999999976353" classname="ds.dataFrameFill_smk_donothing_dataframes" name="dataFrameFill_donothing"/>
    <testcase time="0.00199999999995271" classname="ds.dataFrameFill_smk_donothing_dataframes" name="dataFrameFill_donothing"/>
    <testcase time="0.000999999999976353" classname="ds.dataFrameFill_smk_donothing_dataframes" name="dataFrameFill_donothing"/>
    <testcase time="0.00200000000018008" classname="ds.dataFrameFill_smk_donothing_dataframes" name="dataFrameFill_donothing"/>
    <testcase time="3.07799999999997" classname="ds.dataFrameFill_smk_donothing_dataframes" name="dataFrameFill_donothing"/>
  </testsuite>
  <testsuite name="ds.dataFrameFill::smk::shutdown" timestamp="2020-05-04T23:27:38Z" hostname="fv-az14" tests="3" skipped="0" failures="0" errors="0" time="0.274">
    <testcase time="0.271999999999935" classname="ds.dataFrameFill_smk_shutdown" name="shutdown"/>
    <testcase time="0.000999999999976353" classname="ds.dataFrameFill_smk_shutdown" name="shutdown"/>
    <testcase time="0.000999999999976353" classname="ds.dataFrameFill_smk_shutdown" name="shutdown"/>
  </testsuite>
  <testsuite name="ds.dataFrameFill::smk::done" timestamp="2020-05-04T23:27:38Z" hostname="fv-az14" tests="0" skipped="0" failures="0" errors="0" time="0"/>
  <testsuite name="ds.dataFrameFill::smk::setup" timestamp="2020-05-04T23:27:38Z" hostname="fv-az14" tests="3" skipped="0" failures="0" errors="0" time="5.294">
    <testcase time="5.29099999999994" classname="ds.dataFrameFill_smk_setup" name="setup"/>
    <testcase time="0.00200000000018008" classname="ds.dataFrameFill_smk_setup" name="setup"/>
    <testcase time="0.000999999999976353" classname="ds.dataFrameFill_smk_setup" name="setup"/>
  </testsuite>
  <testsuite name="ds.dataFrameFill::smk::extend unfilled dataframes" timestamp="2020-05-04T23:27:43Z" hostname="fv-az14" tests="26" skipped="0" failures="0" errors="0" time="6.424">
    <testcase time="1.28999999999996" classname="ds.dataFrameFill_smk_extend_unfilled_dataframes" name="dataFrameFill_exists"/>
    <testcase time="0.000999999999976353" classname="ds.dataFrameFill_smk_extend_unfilled_dataframes" name="dataFrameFill_exists"/>
    <testcase time="0.000999999999976353" classname="ds.dataFrameFill_smk_extend_unfilled_dataframes" name="dataFrameFill_exists"/>
    <testcase time="0.00199999999995271" classname="ds.dataFrameFill_smk_extend_unfilled_dataframes" name="dataFrameFill_exists"/>
    <testcase time="0.000999999999976353" classname="ds.dataFrameFill_smk_extend_unfilled_dataframes" name="dataFrameFill_exists"/>
    <testcase time="0.00100000000020373" classname="ds.dataFrameFill_smk_extend_unfilled_dataframes" name="dataFrameFill_exists"/>
    <testcase time="0.000999999999976353" classname="ds.dataFrameFill_smk_extend_unfilled_dataframes" name="dataFrameFill_exists"/>
    <testcase time="0.00199999999995271" classname="ds.dataFrameFill_smk_extend_unfilled_dataframes" name="dataFrameFill_exists"/>
    <testcase time="0.00199999999995271" classname="ds.dataFrameFill_smk_extend_unfilled_dataframes" name="dataFrameFill_exists"/>
    <testcase time="0.000999999999976353" classname="ds.dataFrameFill_smk_extend_unfilled_dataframes" name="dataFrameFill_exists"/>
    <testcase time="3.88000000000011" classname="ds.dataFrameFill_smk_extend_unfilled_dataframes" name="dataFrameFill_exists"/>
    <testcase time="0.000999999999976353" classname="ds.dataFrameFill_smk_extend_unfilled_dataframes" name="dataFrameFill_exists"/>
    <testcase time="0.000999999999976353" classname="ds.dataFrameFill_smk_extend_unfilled_dataframes" name="dataFrameFill_exists"/>
    <testcase time="1.22199999999998" classname="ds.dataFrameFill_smk_extend_unfilled_dataframes" name="dataFrameFill_exists"/>
    <testcase time="0.00199999999995271" classname="ds.dataFrameFill_smk_extend_unfilled_dataframes" name="dataFrameFill_exists"/>
    <testcase time="0.00199999999995271" classname="ds.dataFrameFill_smk_extend_unfilled_dataframes" name="dataFrameFill_exists"/>
    <testcase time="0.00100000000020373" classname="ds.dataFrameFill_smk_extend_unfilled_dataframes" name="dataFrameFill_exists"/>
    <testcase time="0.00199999999995271" classname="ds.dataFrameFill_smk_extend_unfilled_dataframes" name="dataFrameFill_exists"/>
    <testcase time="0.000999999999976353" classname="ds.dataFrameFill_smk_extend_unfilled_dataframes" name="dataFrameFill_exists"/>
    <testcase time="0.000999999999976353" classname="ds.dataFrameFill_smk_extend_unfilled_dataframes" name="dataFrameFill_exists"/>
    <testcase time="0.00199999999995271" classname="ds.dataFrameFill_smk_extend_unfilled_dataframes" name="dataFrameFill_exists"/>
    <testcase time="0.000999999999976353" classname="ds.dataFrameFill_smk_extend_unfilled_dataframes" name="dataFrameFill_exists"/>
    <testcase time="0.00200000000018008" classname="ds.dataFrameFill_smk_extend_unfilled_dataframes" name="dataFrameFill_exists"/>
    <testcase time="0.000999999999976353" classname="ds.dataFrameFill_smk_extend_unfilled_dataframes" name="dataFrameFill_exists"/>
    <testcase time="0.00199999999995271" classname="ds.dataFrameFill_smk_extend_unfilled_dataframes" name="dataFrameFill_exists"/>
    <testcase time="0.000999999999976353" classname="ds.dataFrameFill_smk_extend_unfilled_dataframes" name="dataFrameFill_exists"/>
  </testsuite>
  <testsuite name="ds.dataFrameFill::smk::shutdown" timestamp="2020-05-04T23:27:50Z" hostname="fv-az14" tests="3" skipped="0" failures="0" errors="0" time="0.276">
    <testcase time="0.273999999999887" classname="ds.dataFrameFill_smk_shutdown" name="shutdown"/>
    <testcase time="0.00100000000020373" classname="ds.dataFrameFill_smk_shutdown" name="shutdown"/>
    <testcase time="0.000999999999976353" classname="ds.dataFrameFill_smk_shutdown" name="shutdown"/>
  </testsuite>
  <testsuite name="ds.dataFrameFill::smk::done" timestamp="2020-05-04T23:27:50Z" hostname="fv-az14" tests="0" skipped="0" failures="0" errors="0" time="0"/>
  <testsuite name="ds.dataFrame::smk::setup" timestamp="2020-05-04T23:27:50Z" hostname="fv-az14" tests="3" skipped="0" failures="0" errors="0" time="5.393">
    <testcase time="5.39099999999985" classname="ds.dataFrame_smk_setup" name="setup"/>
    <testcase time="0.000999999999976353" classname="ds.dataFrame_smk_setup" name="setup"/>
    <testcase time="0.00100000000020373" classname="ds.dataFrame_smk_setup" name="setup"/>
  </testsuite>
  <testsuite name="ds.dataFrame::smk::create a dataframe" timestamp="2020-05-04T23:27:55Z" hostname="fv-az14" tests="7" skipped="0" failures="0" errors="0" time="1.64">
    <testcase time="1.63199999999983" classname="ds.dataFrame_smk_create_a_dataframe" name="dataframe_exists"/>
    <testcase time="0.000999999999976353" classname="ds.dataFrame_smk_create_a_dataframe" name="dataframe_exists"/>
    <testcase time="0.00200000000018008" classname="ds.dataFrame_smk_create_a_dataframe" name="dataframe_exists"/>
    <testcase time="0.000999999999976353" classname="ds.dataFrame_smk_create_a_dataframe" name="dataframe_exists"/>
    <testcase time="0.000999999999976353" classname="ds.dataFrame_smk_create_a_dataframe" name="dataframe_exists"/>
    <testcase time="0.000999999999976353" classname="ds.dataFrame_smk_create_a_dataframe" name="dataframe_exists"/>
    <testcase time="0.00199999999995271" classname="ds.dataFrame_smk_create_a_dataframe" name="dataframe_exists"/>
  </testsuite>
  <testsuite name="ds.dataFrame::smk::create a dataframe, with DataSHIELD.checks" timestamp="2020-05-04T23:27:57Z" hostname="fv-az14" tests="7" skipped="0" failures="0" errors="0" time="3.488">
    <testcase time="3.48099999999999" classname="ds.dataFrame_smk_create_a_dataframe_with_DataSHIELD.checks" name="dataframe_exists_with_DataSHIELD.checks"/>
    <testcase time="0.000999999999976353" classname="ds.dataFrame_smk_create_a_dataframe_with_DataSHIELD.checks" name="dataframe_exists_with_DataSHIELD.checks"/>
    <testcase time="0.000999999999976353" classname="ds.dataFrame_smk_create_a_dataframe_with_DataSHIELD.checks" name="dataframe_exists_with_DataSHIELD.checks"/>
    <testcase time="0.000999999999976353" classname="ds.dataFrame_smk_create_a_dataframe_with_DataSHIELD.checks" name="dataframe_exists_with_DataSHIELD.checks"/>
    <testcase time="0.00200000000018008" classname="ds.dataFrame_smk_create_a_dataframe_with_DataSHIELD.checks" name="dataframe_exists_with_DataSHIELD.checks"/>
    <testcase time="0.000999999999976353" classname="ds.dataFrame_smk_create_a_dataframe_with_DataSHIELD.checks" name="dataframe_exists_with_DataSHIELD.checks"/>
    <testcase time="0.000999999999976353" classname="ds.dataFrame_smk_create_a_dataframe_with_DataSHIELD.checks" name="dataframe_exists_with_DataSHIELD.checks"/>
  </testsuite>
  <testsuite name="ds.dataFrame::smk::shutdown" timestamp="2020-05-04T23:28:00Z" hostname="fv-az14" tests="3" skipped="0" failures="0" errors="0" time="0.28">
    <testcase time="0.277000000000044" classname="ds.dataFrame_smk_shutdown" name="shutdown"/>
    <testcase time="0.000999999999976353" classname="ds.dataFrame_smk_shutdown" name="shutdown"/>
    <testcase time="0.00199999999995271" classname="ds.dataFrame_smk_shutdown" name="shutdown"/>
  </testsuite>
  <testsuite name="ds.dataFrame::smk::done" timestamp="2020-05-04T23:28:01Z" hostname="fv-az14" tests="0" skipped="0" failures="0" errors="0" time="0"/>
  <testsuite name="ds.dataFrameSort::smk::setup" timestamp="2020-05-04T23:28:01Z" hostname="fv-az14" tests="3" skipped="0" failures="0" errors="0" time="5.464">
    <testcase time="5.46100000000001" classname="ds.dataFrameSort_smk_setup" name="setup"/>
    <testcase time="0.00199999999995271" classname="ds.dataFrameSort_smk_setup" name="setup"/>
    <testcase time="0.000999999999976353" classname="ds.dataFrameSort_smk_setup" name="setup"/>
  </testsuite>
  <testsuite name="ds.dataFrameSort::smk::create a sorted dataframe" timestamp="2020-05-04T23:28:06Z" hostname="fv-az14" tests="10" skipped="0" failures="0" errors="0" time="2.17">
    <testcase time="2.15800000000013" classname="ds.dataFrameSort_smk_create_a_sorted_dataframe" name="dataFrameSort_exists"/>
    <testcase time="0.00199999999995271" classname="ds.dataFrameSort_smk_create_a_sorted_dataframe" name="dataFrameSort_exists"/>
    <testcase time="0.000999999999976353" classname="ds.dataFrameSort_smk_create_a_sorted_dataframe" name="dataFrameSort_exists"/>
    <testcase time="0.000999999999976353" classname="ds.dataFrameSort_smk_create_a_sorted_dataframe" name="dataFrameSort_exists"/>
    <testcase time="0.00199999999995271" classname="ds.dataFrameSort_smk_create_a_sorted_dataframe" name="dataFrameSort_exists"/>
    <testcase time="0.000999999999976353" classname="ds.dataFrameSort_smk_create_a_sorted_dataframe" name="dataFrameSort_exists"/>
    <testcase time="0.000999999999976353" classname="ds.dataFrameSort_smk_create_a_sorted_dataframe" name="dataFrameSort_exists"/>
    <testcase time="0.00200000000018008" classname="ds.dataFrameSort_smk_create_a_sorted_dataframe" name="dataFrameSort_exists"/>
    <testcase time="0.000999999999976353" classname="ds.dataFrameSort_smk_create_a_sorted_dataframe" name="dataFrameSort_exists"/>
    <testcase time="0.000999999999976353" classname="ds.dataFrameSort_smk_create_a_sorted_dataframe" name="dataFrameSort_exists"/>
  </testsuite>
  <testsuite name="ds.dataFrameSort::smk::shutdown" timestamp="2020-05-04T23:28:08Z" hostname="fv-az14" tests="3" skipped="0" failures="0" errors="0" time="0.275">
    <testcase time="0.272999999999911" classname="ds.dataFrameSort_smk_shutdown" name="shutdown"/>
    <testcase time="0.000999999999976353" classname="ds.dataFrameSort_smk_shutdown" name="shutdown"/>
    <testcase time="0.00100000000020373" classname="ds.dataFrameSort_smk_shutdown" name="shutdown"/>
  </testsuite>
  <testsuite name="ds.dataFrameSort::smk::done" timestamp="2020-05-04T23:28:09Z" hostname="fv-az14" tests="0" skipped="0" failures="0" errors="0" time="0"/>
  <testsuite name="ds.dataFrameSubset::smk::setup" timestamp="2020-05-04T23:28:09Z" hostname="fv-az14" tests="3" skipped="0" failures="0" errors="0" time="5.535">
    <testcase time="5.53199999999993" classname="ds.dataFrameSubset_smk_setup" name="setup"/>
    <testcase time="0.00199999999995271" classname="ds.dataFrameSubset_smk_setup" name="setup"/>
    <testcase time="0.000999999999976353" classname="ds.dataFrameSubset_smk_setup" name="setup"/>
  </testsuite>
  <testsuite name="ds.dataFrameSubset::smk::create a subset dataframe" timestamp="2020-05-04T23:28:14Z" hostname="fv-az14" tests="23" skipped="0" failures="0" errors="0" time="3.514">
    <testcase time="1.60400000000004" classname="ds.dataFrameSubset_smk_create_a_subset_dataframe" name="dataFrameSubset_exists"/>
    <testcase time="0.000999999999976353" classname="ds.dataFrameSubset_smk_create_a_subset_dataframe" name="dataFrameSubset_exists"/>
    <testcase time="0.00199999999995271" classname="ds.dataFrameSubset_smk_create_a_subset_dataframe" name="dataFrameSubset_exists"/>
    <testcase time="0.000999999999976353" classname="ds.dataFrameSubset_smk_create_a_subset_dataframe" name="dataFrameSubset_exists"/>
    <testcase time="0.000999999999976353" classname="ds.dataFrameSubset_smk_create_a_subset_dataframe" name="dataFrameSubset_exists"/>
    <testcase time="0.00100000000020373" classname="ds.dataFrameSubset_smk_create_a_subset_dataframe" name="dataFrameSubset_exists"/>
    <testcase time="0.00199999999995271" classname="ds.dataFrameSubset_smk_create_a_subset_dataframe" name="dataFrameSubset_exists"/>
    <testcase time="0.000999999999976353" classname="ds.dataFrameSubset_smk_create_a_subset_dataframe" name="dataFrameSubset_exists"/>
    <testcase time="0.000999999999976353" classname="ds.dataFrameSubset_smk_create_a_subset_dataframe" name="dataFrameSubset_exists"/>
    <testcase time="0.00199999999995271" classname="ds.dataFrameSubset_smk_create_a_subset_dataframe" name="dataFrameSubset_exists"/>
    <testcase time="1.88000000000011" classname="ds.dataFrameSubset_smk_create_a_subset_dataframe" name="dataFrameSubset_exists"/>
    <testcase time="0.00199999999995271" classname="ds.dataFrameSubset_smk_create_a_subset_dataframe" name="dataFrameSubset_exists"/>
    <testcase time="0.000999999999976353" classname="ds.dataFrameSubset_smk_create_a_subset_dataframe" name="dataFrameSubset_exists"/>
    <testcase time="0.00199999999995271" classname="ds.dataFrameSubset_smk_create_a_subset_dataframe" name="dataFrameSubset_exists"/>
    <testcase time="0.000999999999976353" classname="ds.dataFrameSubset_smk_create_a_subset_dataframe" name="dataFrameSubset_exists"/>
    <testcase time="0.000999999999976353" classname="ds.dataFrameSubset_smk_create_a_subset_dataframe" name="dataFrameSubset_exists"/>
    <testcase time="0.00200000000018008" classname="ds.dataFrameSubset_smk_create_a_subset_dataframe" name="dataFrameSubset_exists"/>
    <testcase time="0.000999999999976353" classname="ds.dataFrameSubset_smk_create_a_subset_dataframe" name="dataFrameSubset_exists"/>
    <testcase time="0.00199999999995271" classname="ds.dataFrameSubset_smk_create_a_subset_dataframe" name="dataFrameSubset_exists"/>
    <testcase time="0.00199999999995271" classname="ds.dataFrameSubset_smk_create_a_subset_dataframe" name="dataFrameSubset_exists"/>
    <testcase time="0.000999999999976353" classname="ds.dataFrameSubset_smk_create_a_subset_dataframe" name="dataFrameSubset_exists"/>
    <testcase time="0.000999999999976353" classname="ds.dataFrameSubset_smk_create_a_subset_dataframe" name="dataFrameSubset_exists"/>
    <testcase time="0.00200000000018008" classname="ds.dataFrameSubset_smk_create_a_subset_dataframe" name="dataFrameSubset_exists"/>
  </testsuite>
  <testsuite name="ds.dataFrameSubset::smk::create a subset dataframe, based on scalar" timestamp="2020-05-04T23:28:18Z" hostname="fv-az14" tests="23" skipped="0" failures="0" errors="0" time="3.816">
    <testcase time="1.86500000000001" classname="ds.dataFrameSubset_smk_create_a_subset_dataframe_based_on_scalar" name="dataFrameSubset_exists_scalar"/>
    <testcase time="0.000999999999976353" classname="ds.dataFrameSubset_smk_create_a_subset_dataframe_based_on_scalar" name="dataFrameSubset_exists_scalar"/>
    <testcase time="0.00199999999995271" classname="ds.dataFrameSubset_smk_create_a_subset_dataframe_based_on_scalar" name="dataFrameSubset_exists_scalar"/>
    <testcase time="0.000999999999976353" classname="ds.dataFrameSubset_smk_create_a_subset_dataframe_based_on_scalar" name="dataFrameSubset_exists_scalar"/>
    <testcase time="0.000999999999976353" classname="ds.dataFrameSubset_smk_create_a_subset_dataframe_based_on_scalar" name="dataFrameSubset_exists_scalar"/>
    <testcase time="0.00199999999995271" classname="ds.dataFrameSubset_smk_create_a_subset_dataframe_based_on_scalar" name="dataFrameSubset_exists_scalar"/>
    <testcase time="0.000999999999976353" classname="ds.dataFrameSubset_smk_create_a_subset_dataframe_based_on_scalar" name="dataFrameSubset_exists_scalar"/>
    <testcase time="0.000999999999976353" classname="ds.dataFrameSubset_smk_create_a_subset_dataframe_based_on_scalar" name="dataFrameSubset_exists_scalar"/>
    <testcase time="0.00200000000018008" classname="ds.dataFrameSubset_smk_create_a_subset_dataframe_based_on_scalar" name="dataFrameSubset_exists_scalar"/>
    <testcase time="0.000999999999976353" classname="ds.dataFrameSubset_smk_create_a_subset_dataframe_based_on_scalar" name="dataFrameSubset_exists_scalar"/>
    <testcase time="1.92100000000005" classname="ds.dataFrameSubset_smk_create_a_subset_dataframe_based_on_scalar" name="dataFrameSubset_exists_scalar"/>
    <testcase time="0.00199999999995271" classname="ds.dataFrameSubset_smk_create_a_subset_dataframe_based_on_scalar" name="dataFrameSubset_exists_scalar"/>
    <testcase time="0.000999999999976353" classname="ds.dataFrameSubset_smk_create_a_subset_dataframe_based_on_scalar" name="dataFrameSubset_exists_scalar"/>
    <testcase time="0.00199999999995271" classname="ds.dataFrameSubset_smk_create_a_subset_dataframe_based_on_scalar" name="dataFrameSubset_exists_scalar"/>
    <testcase time="0.000999999999976353" classname="ds.dataFrameSubset_smk_create_a_subset_dataframe_based_on_scalar" name="dataFrameSubset_exists_scalar"/>
    <testcase time="0.000999999999976353" classname="ds.dataFrameSubset_smk_create_a_subset_dataframe_based_on_scalar" name="dataFrameSubset_exists_scalar"/>
    <testcase time="0.00200000000018008" classname="ds.dataFrameSubset_smk_create_a_subset_dataframe_based_on_scalar" name="dataFrameSubset_exists_scalar"/>
    <testcase time="0.000999999999976353" classname="ds.dataFrameSubset_smk_create_a_subset_dataframe_based_on_scalar" name="dataFrameSubset_exists_scalar"/>
    <testcase time="0.00199999999995271" classname="ds.dataFrameSubset_smk_create_a_subset_dataframe_based_on_scalar" name="dataFrameSubset_exists_scalar"/>
    <testcase time="0.00199999999995271" classname="ds.dataFrameSubset_smk_create_a_subset_dataframe_based_on_scalar" name="dataFrameSubset_exists_scalar"/>
    <testcase time="0.000999999999976353" classname="ds.dataFrameSubset_smk_create_a_subset_dataframe_based_on_scalar" name="dataFrameSubset_exists_scalar"/>
    <testcase time="0.00199999999995271" classname="ds.dataFrameSubset_smk_create_a_subset_dataframe_based_on_scalar" name="dataFrameSubset_exists_scalar"/>
    <testcase time="0.000999999999976353" classname="ds.dataFrameSubset_smk_create_a_subset_dataframe_based_on_scalar" name="dataFrameSubset_exists_scalar"/>
  </testsuite>
  <testsuite name="ds.dataFrameSubset::smk::shutdown" timestamp="2020-05-04T23:28:21Z" hostname="fv-az14" tests="3" skipped="0" failures="0" errors="0" time="0.291">
    <testcase time="0.289000000000215" classname="ds.dataFrameSubset_smk_shutdown" name="shutdown"/>
    <testcase time="0.000999999999976353" classname="ds.dataFrameSubset_smk_shutdown" name="shutdown"/>
    <testcase time="0.000999999999976353" classname="ds.dataFrameSubset_smk_shutdown" name="shutdown"/>
  </testsuite>
  <testsuite name="ds.dataFrameSubset::smk::down" timestamp="2020-05-04T23:28:22Z" hostname="fv-az14" tests="0" skipped="0" failures="0" errors="0" time="0"/>
  <testsuite name="ds.dim::smk::setup" timestamp="2020-05-04T23:28:22Z" hostname="fv-az14" tests="3" skipped="0" failures="0" errors="0" time="5.388">
    <testcase time="5.38499999999999" classname="ds.dim_smk_setup" name="setup"/>
    <testcase time="0.00199999999995271" classname="ds.dim_smk_setup" name="setup"/>
    <testcase time="0.000999999999976353" classname="ds.dim_smk_setup" name="setup"/>
  </testsuite>
  <testsuite name="ds.dim::smk" timestamp="2020-05-04T23:28:27Z" hostname="fv-az14" tests="13" skipped="0" failures="0" errors="0" time="0.294">
    <testcase time="0.276000000000067" classname="ds.dim_smk" name="simple_dim_both"/>
    <testcase time="0.00199999999995271" classname="ds.dim_smk" name="simple_dim_both"/>
    <testcase time="0.000999999999976353" classname="ds.dim_smk" name="simple_dim_both"/>
    <testcase time="0.000999999999976353" classname="ds.dim_smk" name="simple_dim_both"/>
    <testcase time="0.00199999999995271" classname="ds.dim_smk" name="simple_dim_both"/>
    <testcase time="0.00100000000020373" classname="ds.dim_smk" name="simple_dim_both"/>
    <testcase time="0.00199999999995271" classname="ds.dim_smk" name="simple_dim_both"/>
    <testcase time="0.000999999999976353" classname="ds.dim_smk" name="simple_dim_both"/>
    <testcase time="0.00199999999995271" classname="ds.dim_smk" name="simple_dim_both"/>
    <testcase time="0.000999999999976353" classname="ds.dim_smk" name="simple_dim_both"/>
    <testcase time="0.00199999999995271" classname="ds.dim_smk" name="simple_dim_both"/>
    <testcase time="0.00200000000018008" classname="ds.dim_smk" name="simple_dim_both"/>
    <testcase time="0.000999999999976353" classname="ds.dim_smk" name="simple_dim_both"/>
  </testsuite>
  <testsuite name="ds.dim::smk" timestamp="2020-05-04T23:28:27Z" hostname="fv-az14" tests="10" skipped="0" failures="0" errors="0" time="0.287">
    <testcase time="0.274999999999864" classname="ds.dim_smk" name="simple_dim_split"/>
    <testcase time="0.000999999999976353" classname="ds.dim_smk" name="simple_dim_split"/>
    <testcase time="0.00200000000018008" classname="ds.dim_smk" name="simple_dim_split"/>
    <testcase time="0.000999999999976353" classname="ds.dim_smk" name="simple_dim_split"/>
    <testcase time="0.000999999999976353" classname="ds.dim_smk" name="simple_dim_split"/>
    <testcase time="0.00199999999995271" classname="ds.dim_smk" name="simple_dim_split"/>
    <testcase time="0.000999999999976353" classname="ds.dim_smk" name="simple_dim_split"/>
    <testcase time="0.000999999999976353" classname="ds.dim_smk" name="simple_dim_split"/>
    <testcase time="0.00199999999995271" classname="ds.dim_smk" name="simple_dim_split"/>
    <testcase time="0.00100000000020373" classname="ds.dim_smk" name="simple_dim_split"/>
  </testsuite>
  <testsuite name="ds.dim::smk" timestamp="2020-05-04T23:28:28Z" hostname="fv-az14" tests="4" skipped="0" failures="0" errors="0" time="0.321">
    <testcase time="0.31699999999978" classname="ds.dim_smk" name="simple_dim_combine"/>
    <testcase time="0.00100000000020373" classname="ds.dim_smk" name="simple_dim_combine"/>
    <testcase time="0.000999999999976353" classname="ds.dim_smk" name="simple_dim_combine"/>
    <testcase time="0.00199999999995271" classname="ds.dim_smk" name="simple_dim_combine"/>
  </testsuite>
  <testsuite name="ds.dim::smk::shutdown" timestamp="2020-05-04T23:28:28Z" hostname="fv-az14" tests="3" skipped="0" failures="0" errors="0" time="0.312">
    <testcase time="0.309999999999945" classname="ds.dim_smk_shutdown" name="shutdown"/>
    <testcase time="0.000999999999976353" classname="ds.dim_smk_shutdown" name="shutdown"/>
    <testcase time="0.000999999999976353" classname="ds.dim_smk_shutdown" name="shutdown"/>
  </testsuite>
  <testsuite name="ds.dim::smk::done" timestamp="2020-05-04T23:28:29Z" hostname="fv-az14" tests="0" skipped="0" failures="0" errors="0" time="0"/>
  <testsuite name="ds.exists::smk::setup" timestamp="2020-05-04T23:28:29Z" hostname="fv-az14" tests="3" skipped="0" failures="0" errors="0" time="5.317">
    <testcase time="5.31500000000005" classname="ds.exists_smk_setup" name="setup"/>
    <testcase time="0.000999999999976353" classname="ds.exists_smk_setup" name="setup"/>
    <testcase time="0.000999999999976353" classname="ds.exists_smk_setup" name="setup"/>
  </testsuite>
  <testsuite name="ds.exists::smk" timestamp="2020-05-04T23:28:34Z" hostname="fv-az14" tests="7" skipped="0" failures="0" errors="0" time="0.279">
    <testcase time="0.272000000000162" classname="ds.exists_smk" name="simple_exists"/>
    <testcase time="0.000999999999976353" classname="ds.exists_smk" name="simple_exists"/>
    <testcase time="0.000999999999976353" classname="ds.exists_smk" name="simple_exists"/>
    <testcase time="0.000999999999976353" classname="ds.exists_smk" name="simple_exists"/>
    <testcase time="0.00199999999995271" classname="ds.exists_smk" name="simple_exists"/>
    <testcase time="0.000999999999976353" classname="ds.exists_smk" name="simple_exists"/>
    <testcase time="0.000999999999976353" classname="ds.exists_smk" name="simple_exists"/>
  </testsuite>
  <testsuite name="ds.exists::smk" timestamp="2020-05-04T23:28:34Z" hostname="fv-az14" tests="7" skipped="0" failures="0" errors="0" time="0.28">
    <testcase time="0.273000000000138" classname="ds.exists_smk" name="simple_exists_with_dollar"/>
    <testcase time="0.000999999999976353" classname="ds.exists_smk" name="simple_exists_with_dollar"/>
    <testcase time="0.00199999999995271" classname="ds.exists_smk" name="simple_exists_with_dollar"/>
    <testcase time="0.000999999999976353" classname="ds.exists_smk" name="simple_exists_with_dollar"/>
    <testcase time="0.000999999999976353" classname="ds.exists_smk" name="simple_exists_with_dollar"/>
    <testcase time="0.000999999999976353" classname="ds.exists_smk" name="simple_exists_with_dollar"/>
    <testcase time="0.000999999999976353" classname="ds.exists_smk" name="simple_exists_with_dollar"/>
  </testsuite>
  <testsuite name="ds.exists::smk" timestamp="2020-05-04T23:28:34Z" hostname="fv-az14" tests="7" skipped="0" failures="0" errors="0" time="0.933">
    <testcase time="0.925000000000182" classname="ds.exists_smk" name="simple_exists"/>
    <testcase time="0.000999999999976353" classname="ds.exists_smk" name="simple_exists"/>
    <testcase time="0.00199999999995271" classname="ds.exists_smk" name="simple_exists"/>
    <testcase time="0.000999999999976353" classname="ds.exists_smk" name="simple_exists"/>
    <testcase time="0.000999999999976353" classname="ds.exists_smk" name="simple_exists"/>
    <testcase time="0.000999999999976353" classname="ds.exists_smk" name="simple_exists"/>
    <testcase time="0.00199999999995271" classname="ds.exists_smk" name="simple_exists"/>
  </testsuite>
  <testsuite name="ds.exists::smk::shutdown" timestamp="2020-05-04T23:28:35Z" hostname="fv-az14" tests="3" skipped="0" failures="0" errors="0" time="0.284">
    <testcase time="0.281000000000176" classname="ds.exists_smk_shutdown" name="shutdown"/>
    <testcase time="0.000999999999976353" classname="ds.exists_smk_shutdown" name="shutdown"/>
    <testcase time="0.00199999999995271" classname="ds.exists_smk_shutdown" name="shutdown"/>
  </testsuite>
  <testsuite name="ds.exists::smk::done" timestamp="2020-05-04T23:28:36Z" hostname="fv-az14" tests="0" skipped="0" failures="0" errors="0" time="0"/>
  <testsuite name="ds.exp::smk::setup" timestamp="2020-05-04T23:28:36Z" hostname="fv-az14" tests="3" skipped="0" failures="0" errors="0" time="5.366">
    <testcase time="5.36400000000003" classname="ds.exp_smk_setup" name="setup"/>
    <testcase time="0.000999999999976353" classname="ds.exp_smk_setup" name="setup"/>
    <testcase time="0.000999999999976353" classname="ds.exp_smk_setup" name="setup"/>
  </testsuite>
  <testsuite name="ds.exp::smk" timestamp="2020-05-04T23:28:41Z" hostname="fv-az14" tests="30" skipped="0" failures="0" errors="0" time="5.555">
    <testcase time="1.59799999999996" classname="ds.exp_smk" name="simple_exp"/>
    <testcase time="0.303000000000111" classname="ds.exp_smk" name="simple_exp"/>
    <testcase time="0.000999999999976353" classname="ds.exp_smk" name="simple_exp"/>
    <testcase time="0.00199999999995271" classname="ds.exp_smk" name="simple_exp"/>
    <testcase time="0.000999999999976353" classname="ds.exp_smk" name="simple_exp"/>
    <testcase time="0.000999999999976353" classname="ds.exp_smk" name="simple_exp"/>
    <testcase time="0.000999999999976353" classname="ds.exp_smk" name="simple_exp"/>
    <testcase time="0.00200000000018008" classname="ds.exp_smk" name="simple_exp"/>
    <testcase time="0.524999999999864" classname="ds.exp_smk" name="simple_exp"/>
    <testcase time="0.000999999999976353" classname="ds.exp_smk" name="simple_exp"/>
    <testcase time="0.00200000000018008" classname="ds.exp_smk" name="simple_exp"/>
    <testcase time="0.000999999999976353" classname="ds.exp_smk" name="simple_exp"/>
    <testcase time="0.000999999999976353" classname="ds.exp_smk" name="simple_exp"/>
    <testcase time="0.00199999999995271" classname="ds.exp_smk" name="simple_exp"/>
    <testcase time="0.000999999999976353" classname="ds.exp_smk" name="simple_exp"/>
    <testcase time="2.29899999999998" classname="ds.exp_smk" name="simple_exp"/>
    <testcase time="0.267000000000053" classname="ds.exp_smk" name="simple_exp"/>
    <testcase time="0.000999999999976353" classname="ds.exp_smk" name="simple_exp"/>
    <testcase time="0.00199999999995271" classname="ds.exp_smk" name="simple_exp"/>
    <testcase time="0.00199999999995271" classname="ds.exp_smk" name="simple_exp"/>
    <testcase time="0.00100000000020373" classname="ds.exp_smk" name="simple_exp"/>
    <testcase time="0.00199999999995271" classname="ds.exp_smk" name="simple_exp"/>
    <testcase time="0.000999999999976353" classname="ds.exp_smk" name="simple_exp"/>
    <testcase time="0.527000000000044" classname="ds.exp_smk" name="simple_exp"/>
    <testcase time="0.00199999999995271" classname="ds.exp_smk" name="simple_exp"/>
    <testcase time="0.00199999999995271" classname="ds.exp_smk" name="simple_exp"/>
    <testcase time="0.000999999999976353" classname="ds.exp_smk" name="simple_exp"/>
    <testcase time="0.00199999999995271" classname="ds.exp_smk" name="simple_exp"/>
    <testcase time="0.00200000000018008" classname="ds.exp_smk" name="simple_exp"/>
    <testcase time="0.00199999999995271" classname="ds.exp_smk" name="simple_exp"/>
  </testsuite>
  <testsuite name="ds.exp::smk::shutdown" timestamp="2020-05-04T23:28:46Z" hostname="fv-az14" tests="3" skipped="0" failures="0" errors="0" time="0.287">
    <testcase time="0.283999999999878" classname="ds.exp_smk_shutdown" name="shutdown"/>
    <testcase time="0.00200000000018008" classname="ds.exp_smk_shutdown" name="shutdown"/>
    <testcase time="0.000999999999976353" classname="ds.exp_smk_shutdown" name="shutdown"/>
  </testsuite>
  <testsuite name="ds.exp::smk::done" timestamp="2020-05-04T23:28:47Z" hostname="fv-az14" tests="0" skipped="0" failures="0" errors="0" time="0"/>
  <testsuite name="ds.glm::smk::binomial::setup" timestamp="2020-05-04T23:28:47Z" hostname="fv-az14" tests="3" skipped="0" failures="0" errors="0" time="5.467">
    <testcase time="5.46499999999992" classname="ds.glm_smk_binomial_setup" name="setup"/>
    <testcase time="0.000999999999976353" classname="ds.glm_smk_binomial_setup" name="setup"/>
    <testcase time="0.000999999999976353" classname="ds.glm_smk_binomial_setup" name="setup"/>
  </testsuite>
  <testsuite name="ds.glm::smk::binomial" timestamp="2020-05-04T23:28:52Z" hostname="fv-az14" tests="20" skipped="0" failures="0" errors="0" time="2.637">
    <testcase time="2.60100000000011" classname="ds.glm_smk_binomial" name="glm_binomial"/>
    <testcase time="0.0109999999999673" classname="ds.glm_smk_binomial" name="glm_binomial"/>
    <testcase time="0.00199999999995271" classname="ds.glm_smk_binomial" name="glm_binomial"/>
    <testcase time="0.000999999999976353" classname="ds.glm_smk_binomial" name="glm_binomial"/>
    <testcase time="0.000999999999976353" classname="ds.glm_smk_binomial" name="glm_binomial"/>
    <testcase time="0.000999999999976353" classname="ds.glm_smk_binomial" name="glm_binomial"/>
    <testcase time="0.00200000000018008" classname="ds.glm_smk_binomial" name="glm_binomial"/>
    <testcase time="0.000999999999976353" classname="ds.glm_smk_binomial" name="glm_binomial"/>
    <testcase time="0.000999999999976353" classname="ds.glm_smk_binomial" name="glm_binomial"/>
    <testcase time="0.000999999999976353" classname="ds.glm_smk_binomial" name="glm_binomial"/>
    <testcase time="0.00199999999995271" classname="ds.glm_smk_binomial" name="glm_binomial"/>
    <testcase time="0.000999999999976353" classname="ds.glm_smk_binomial" name="glm_binomial"/>
    <testcase time="0.000999999999976353" classname="ds.glm_smk_binomial" name="glm_binomial"/>
    <testcase time="0.00200000000018008" classname="ds.glm_smk_binomial" name="glm_binomial"/>
    <testcase time="0.000999999999976353" classname="ds.glm_smk_binomial" name="glm_binomial"/>
    <testcase time="0.00199999999995271" classname="ds.glm_smk_binomial" name="glm_binomial"/>
    <testcase time="0.000999999999976353" classname="ds.glm_smk_binomial" name="glm_binomial"/>
    <testcase time="0.00199999999995271" classname="ds.glm_smk_binomial" name="glm_binomial"/>
    <testcase time="0.000999999999976353" classname="ds.glm_smk_binomial" name="glm_binomial"/>
    <testcase time="0.00199999999995271" classname="ds.glm_smk_binomial" name="glm_binomial"/>
  </testsuite>
  <testsuite name="ds.glm::smk::binomial, with check" timestamp="2020-05-04T23:28:55Z" hostname="fv-az14" tests="21" skipped="0" failures="0" errors="0" time="11.084">
    <testcase time="11.057" classname="ds.glm_smk_binomial_with_check" name="glm_binomial_with_check"/>
    <testcase time="0.000999999999976353" classname="ds.glm_smk_binomial_with_check" name="glm_binomial_with_check"/>
    <testcase time="0.00200000000018008" classname="ds.glm_smk_binomial_with_check" name="glm_binomial_with_check"/>
    <testcase time="0.000999999999976353" classname="ds.glm_smk_binomial_with_check" name="glm_binomial_with_check"/>
    <testcase time="0.000999999999976353" classname="ds.glm_smk_binomial_with_check" name="glm_binomial_with_check"/>
    <testcase time="0.00199999999995271" classname="ds.glm_smk_binomial_with_check" name="glm_binomial_with_check"/>
    <testcase time="0.000999999999976353" classname="ds.glm_smk_binomial_with_check" name="glm_binomial_with_check"/>
    <testcase time="0.000999999999976353" classname="ds.glm_smk_binomial_with_check" name="glm_binomial_with_check"/>
    <testcase time="0.00200000000018008" classname="ds.glm_smk_binomial_with_check" name="glm_binomial_with_check"/>
    <testcase time="0.000999999999976353" classname="ds.glm_smk_binomial_with_check" name="glm_binomial_with_check"/>
    <testcase time="0.000999999999976353" classname="ds.glm_smk_binomial_with_check" name="glm_binomial_with_check"/>
    <testcase time="0.00199999999995271" classname="ds.glm_smk_binomial_with_check" name="glm_binomial_with_check"/>
    <testcase time="0.000999999999976353" classname="ds.glm_smk_binomial_with_check" name="glm_binomial_with_check"/>
    <testcase time="0.000999999999976353" classname="ds.glm_smk_binomial_with_check" name="glm_binomial_with_check"/>
    <testcase time="0.000999999999976353" classname="ds.glm_smk_binomial_with_check" name="glm_binomial_with_check"/>
    <testcase time="0.000999999999976353" classname="ds.glm_smk_binomial_with_check" name="glm_binomial_with_check"/>
    <testcase time="0.00200000000018008" classname="ds.glm_smk_binomial_with_check" name="glm_binomial_with_check"/>
    <testcase time="0.000999999999976353" classname="ds.glm_smk_binomial_with_check" name="glm_binomial_with_check"/>
    <testcase time="0.00199999999995271" classname="ds.glm_smk_binomial_with_check" name="glm_binomial_with_check"/>
    <testcase time="0.000999999999976353" classname="ds.glm_smk_binomial_with_check" name="glm_binomial_with_check"/>
    <testcase time="0.00199999999995271" classname="ds.glm_smk_binomial_with_check" name="glm_binomial_with_check"/>
  </testsuite>
  <testsuite name="ds.glm::smk::binomial::shutdown" timestamp="2020-05-04T23:29:06Z" hostname="fv-az14" tests="3" skipped="0" failures="0" errors="0" time="0.277">
    <testcase time="0.275000000000091" classname="ds.glm_smk_binomial_shutdown" name="shutdown"/>
    <testcase time="0.000999999999976353" classname="ds.glm_smk_binomial_shutdown" name="shutdown"/>
    <testcase time="0.000999999999976353" classname="ds.glm_smk_binomial_shutdown" name="shutdown"/>
  </testsuite>
  <testsuite name="ds.glm::smk::binomial::done" timestamp="2020-05-04T23:29:07Z" hostname="fv-az14" tests="0" skipped="0" failures="0" errors="0" time="0"/>
  <testsuite name="ds.glmerSLMA::smk::setup - phase 1" timestamp="2020-05-04T23:29:07Z" hostname="fv-az14" tests="3" skipped="0" failures="0" errors="0" time="5.403">
    <testcase time="5.40000000000009" classname="ds.glmerSLMA_smk_setup_phase_1" name="setup"/>
    <testcase time="0.00199999999995271" classname="ds.glmerSLMA_smk_setup_phase_1" name="setup"/>
    <testcase time="0.000999999999976353" classname="ds.glmerSLMA_smk_setup_phase_1" name="setup"/>
  </testsuite>
  <testsuite name="ds.glmerSLMA::smk::phase 1" timestamp="2020-05-04T23:29:11Z" hostname="fv-az14" tests="10" skipped="0" failures="0" errors="0" time="16.822">
    <testcase time="2.74800000000005" classname="ds.glmerSLMA_smk_phase_1" name="simple_glmerSLMA_tesing_mis_use_of_arguments"/>
    <testcase time="0.702999999999975" classname="ds.glmerSLMA_smk_phase_1" name="simple_glmerSLMA_tesing_mis_use_of_arguments"/>
    <testcase time="2.07999999999993" classname="ds.glmerSLMA_smk_phase_1" name="simple_glmerSLMA_tesing_mis_use_of_arguments"/>
    <testcase time="4.48500000000013" classname="ds.glmerSLMA_smk_phase_1" name="test_offsets_and_weights"/>
    <testcase time="1.03099999999995" classname="ds.glmerSLMA_smk_phase_1" name="test_offsets_and_weights"/>
    <testcase time="1.0139999999999" classname="ds.glmerSLMA_smk_phase_1" name="test_offsets_and_weights"/>
    <testcase time="1.06000000000017" classname="ds.glmerSLMA_smk_phase_1" name="test_offsets_and_weights"/>
    <testcase time="1.37199999999984" classname="ds.glmerSLMA_smk_phase_1" name="alternative_formulae_for_nested_groups"/>
    <testcase time="1.298" classname="ds.glmerSLMA_smk_phase_1" name="alternative_formulae_for_nested_groups"/>
    <testcase time="1.03100000000018" classname="ds.glmerSLMA_smk_phase_1" name="simple_glmerSLMA"/>
  </testsuite>
  <testsuite name="ds.glmerSLMA::smk::shutdown - phase 1" timestamp="2020-05-04T23:29:28Z" hostname="fv-az14" tests="3" skipped="0" failures="0" errors="0" time="0.278">
    <testcase time="0.274999999999864" classname="ds.glmerSLMA_smk_shutdown_phase_1" name="setup"/>
    <testcase time="0.000999999999976353" classname="ds.glmerSLMA_smk_shutdown_phase_1" name="setup"/>
    <testcase time="0.00200000000018008" classname="ds.glmerSLMA_smk_shutdown_phase_1" name="setup"/>
  </testsuite>
  <testsuite name="ds.glmerSLMA::smk::setup - phase 2" timestamp="2020-05-04T23:29:29Z" hostname="fv-az14" tests="3" skipped="0" failures="0" errors="0" time="5.717">
    <testcase time="5.71399999999994" classname="ds.glmerSLMA_smk_setup_phase_2" name="setup"/>
    <testcase time="0.00199999999995271" classname="ds.glmerSLMA_smk_setup_phase_2" name="setup"/>
    <testcase time="0.000999999999976353" classname="ds.glmerSLMA_smk_setup_phase_2" name="setup"/>
  </testsuite>
  <testsuite name="ds.glmerSLMA::smk::test - phase 2" timestamp="2020-05-04T23:29:34Z" hostname="fv-az14" tests="1" skipped="1" failures="0" errors="0" time="0.009">
    <testcase time="0.00900000000001455" classname="ds.glmerSLMA_smk_test_phase_2" name="check_slope_formulae">
      <skipped/>
    </testcase>
  </testsuite>
  <testsuite name="ds.glmerSLMA::smk::shutdown - phase 2" timestamp="2020-05-04T23:29:34Z" hostname="fv-az14" tests="3" skipped="0" failures="0" errors="0" time="0.278">
    <testcase time="0.276000000000067" classname="ds.glmerSLMA_smk_shutdown_phase_2" name="setup"/>
    <testcase time="0.000999999999976353" classname="ds.glmerSLMA_smk_shutdown_phase_2" name="setup"/>
    <testcase time="0.000999999999976353" classname="ds.glmerSLMA_smk_shutdown_phase_2" name="setup"/>
  </testsuite>
  <testsuite name="ds.glmerSLMA::smk::done" timestamp="2020-05-04T23:29:35Z" hostname="fv-az14" tests="0" skipped="0" failures="0" errors="0" time="0"/>
  <testsuite name="ds.glm::smk::gaussian::setup" timestamp="2020-05-04T23:29:35Z" hostname="fv-az14" tests="3" skipped="0" failures="0" errors="0" time="5.43">
    <testcase time="5.42699999999991" classname="ds.glm_smk_gaussian_setup" name="setup"/>
    <testcase time="0.00200000000018008" classname="ds.glm_smk_gaussian_setup" name="setup"/>
    <testcase time="0.000999999999976353" classname="ds.glm_smk_gaussian_setup" name="setup"/>
  </testsuite>
  <testsuite name="ds.glm::smk::gaussian" timestamp="2020-05-04T23:29:40Z" hostname="fv-az14" tests="20" skipped="0" failures="0" errors="0" time="1.181">
    <testcase time="1.15499999999997" classname="ds.glm_smk_gaussian" name="glm_gaussian"/>
    <testcase time="0.00199999999995271" classname="ds.glm_smk_gaussian" name="glm_gaussian"/>
    <testcase time="0.000999999999976353" classname="ds.glm_smk_gaussian" name="glm_gaussian"/>
    <testcase time="0.000999999999976353" classname="ds.glm_smk_gaussian" name="glm_gaussian"/>
    <testcase time="0.000999999999976353" classname="ds.glm_smk_gaussian" name="glm_gaussian"/>
    <testcase time="0.00200000000018008" classname="ds.glm_smk_gaussian" name="glm_gaussian"/>
    <testcase time="0.000999999999976353" classname="ds.glm_smk_gaussian" name="glm_gaussian"/>
    <testcase time="0.000999999999976353" classname="ds.glm_smk_gaussian" name="glm_gaussian"/>
    <testcase time="0.000999999999976353" classname="ds.glm_smk_gaussian" name="glm_gaussian"/>
    <testcase time="0.00199999999995271" classname="ds.glm_smk_gaussian" name="glm_gaussian"/>
    <testcase time="0.000999999999976353" classname="ds.glm_smk_gaussian" name="glm_gaussian"/>
    <testcase time="0.000999999999976353" classname="ds.glm_smk_gaussian" name="glm_gaussian"/>
    <testcase time="0.00199999999995271" classname="ds.glm_smk_gaussian" name="glm_gaussian"/>
    <testcase time="0.00100000000020373" classname="ds.glm_smk_gaussian" name="glm_gaussian"/>
    <testcase time="0.000999999999976353" classname="ds.glm_smk_gaussian" name="glm_gaussian"/>
    <testcase time="0.00199999999995271" classname="ds.glm_smk_gaussian" name="glm_gaussian"/>
    <testcase time="0.000999999999976353" classname="ds.glm_smk_gaussian" name="glm_gaussian"/>
    <testcase time="0.00199999999995271" classname="ds.glm_smk_gaussian" name="glm_gaussian"/>
    <testcase time="0.000999999999976353" classname="ds.glm_smk_gaussian" name="glm_gaussian"/>
    <testcase time="0.00199999999995271" classname="ds.glm_smk_gaussian" name="glm_gaussian"/>
  </testsuite>
  <testsuite name="ds.glm::smk::gaussian, with check" timestamp="2020-05-04T23:29:41Z" hostname="fv-az14" tests="21" skipped="0" failures="0" errors="0" time="5.601">
    <testcase time="5.57500000000005" classname="ds.glm_smk_gaussian_with_check" name="glm_gaussian_with_check"/>
    <testcase time="0.000999999999976353" classname="ds.glm_smk_gaussian_with_check" name="glm_gaussian_with_check"/>
    <testcase time="0.00200000000018008" classname="ds.glm_smk_gaussian_with_check" name="glm_gaussian_with_check"/>
    <testcase time="0.000999999999976353" classname="ds.glm_smk_gaussian_with_check" name="glm_gaussian_with_check"/>
    <testcase time="0.000999999999976353" classname="ds.glm_smk_gaussian_with_check" name="glm_gaussian_with_check"/>
    <testcase time="0.000999999999976353" classname="ds.glm_smk_gaussian_with_check" name="glm_gaussian_with_check"/>
    <testcase time="0.000999999999976353" classname="ds.glm_smk_gaussian_with_check" name="glm_gaussian_with_check"/>
    <testcase time="0.00199999999995271" classname="ds.glm_smk_gaussian_with_check" name="glm_gaussian_with_check"/>
    <testcase time="0.000999999999976353" classname="ds.glm_smk_gaussian_with_check" name="glm_gaussian_with_check"/>
    <testcase time="0.000999999999976353" classname="ds.glm_smk_gaussian_with_check" name="glm_gaussian_with_check"/>
    <testcase time="0.00100000000020373" classname="ds.glm_smk_gaussian_with_check" name="glm_gaussian_with_check"/>
    <testcase time="0.00199999999995271" classname="ds.glm_smk_gaussian_with_check" name="glm_gaussian_with_check"/>
    <testcase time="0.000999999999976353" classname="ds.glm_smk_gaussian_with_check" name="glm_gaussian_with_check"/>
    <testcase time="0.000999999999976353" classname="ds.glm_smk_gaussian_with_check" name="glm_gaussian_with_check"/>
    <testcase time="0.00199999999995271" classname="ds.glm_smk_gaussian_with_check" name="glm_gaussian_with_check"/>
    <testcase time="0.000999999999976353" classname="ds.glm_smk_gaussian_with_check" name="glm_gaussian_with_check"/>
    <testcase time="0.000999999999976353" classname="ds.glm_smk_gaussian_with_check" name="glm_gaussian_with_check"/>
    <testcase time="0.000999999999976353" classname="ds.glm_smk_gaussian_with_check" name="glm_gaussian_with_check"/>
    <testcase time="0.00200000000018008" classname="ds.glm_smk_gaussian_with_check" name="glm_gaussian_with_check"/>
    <testcase time="0.000999999999976353" classname="ds.glm_smk_gaussian_with_check" name="glm_gaussian_with_check"/>
    <testcase time="0.00199999999995271" classname="ds.glm_smk_gaussian_with_check" name="glm_gaussian_with_check"/>
  </testsuite>
  <testsuite name="ds.glm::smk::gaussian::shutdown" timestamp="2020-05-04T23:29:47Z" hostname="fv-az14" tests="3" skipped="0" failures="0" errors="0" time="0.279">
    <testcase time="0.277000000000044" classname="ds.glm_smk_gaussian_shutdown" name="shutdown"/>
    <testcase time="0.000999999999976353" classname="ds.glm_smk_gaussian_shutdown" name="shutdown"/>
    <testcase time="0.000999999999976353" classname="ds.glm_smk_gaussian_shutdown" name="shutdown"/>
  </testsuite>
  <testsuite name="ds.glm::smk::gaussian::done" timestamp="2020-05-04T23:29:48Z" hostname="fv-az14" tests="0" skipped="0" failures="0" errors="0" time="0"/>
  <testsuite name="ds.glm::smk::poisson::setup" timestamp="2020-05-04T23:29:48Z" hostname="fv-az14" tests="3" skipped="0" failures="0" errors="0" time="5.393">
    <testcase time="5.3900000000001" classname="ds.glm_smk_poisson_setup" name="setup"/>
    <testcase time="0.00199999999995271" classname="ds.glm_smk_poisson_setup" name="setup"/>
    <testcase time="0.000999999999976353" classname="ds.glm_smk_poisson_setup" name="setup"/>
  </testsuite>
  <testsuite name="ds.glm::smk::poisson" timestamp="2020-05-04T23:29:52Z" hostname="fv-az14" tests="20" skipped="0" failures="0" errors="0" time="2.15">
    <testcase time="2.12400000000002" classname="ds.glm_smk_poisson" name="glm_gaussian"/>
    <testcase time="0.000999999999976353" classname="ds.glm_smk_poisson" name="glm_gaussian"/>
    <testcase time="0.000999999999976353" classname="ds.glm_smk_poisson" name="glm_gaussian"/>
    <testcase time="0.00199999999995271" classname="ds.glm_smk_poisson" name="glm_gaussian"/>
    <testcase time="0.000999999999976353" classname="ds.glm_smk_poisson" name="glm_gaussian"/>
    <testcase time="0.000999999999976353" classname="ds.glm_smk_poisson" name="glm_gaussian"/>
    <testcase time="0.00200000000018008" classname="ds.glm_smk_poisson" name="glm_gaussian"/>
    <testcase time="0.000999999999976353" classname="ds.glm_smk_poisson" name="glm_gaussian"/>
    <testcase time="0.000999999999976353" classname="ds.glm_smk_poisson" name="glm_gaussian"/>
    <testcase time="0.000999999999976353" classname="ds.glm_smk_poisson" name="glm_gaussian"/>
    <testcase time="0.00199999999995271" classname="ds.glm_smk_poisson" name="glm_gaussian"/>
    <testcase time="0.000999999999976353" classname="ds.glm_smk_poisson" name="glm_gaussian"/>
    <testcase time="0.000999999999976353" classname="ds.glm_smk_poisson" name="glm_gaussian"/>
    <testcase time="0.00200000000018008" classname="ds.glm_smk_poisson" name="glm_gaussian"/>
    <testcase time="0.000999999999976353" classname="ds.glm_smk_poisson" name="glm_gaussian"/>
    <testcase time="0.00199999999995271" classname="ds.glm_smk_poisson" name="glm_gaussian"/>
    <testcase time="0.000999999999976353" classname="ds.glm_smk_poisson" name="glm_gaussian"/>
    <testcase time="0.00199999999995271" classname="ds.glm_smk_poisson" name="glm_gaussian"/>
    <testcase time="0.000999999999976353" classname="ds.glm_smk_poisson" name="glm_gaussian"/>
    <testcase time="0.00199999999995271" classname="ds.glm_smk_poisson" name="glm_gaussian"/>
  </testsuite>
  <testsuite name="ds.glm::smk::poisson, with check" timestamp="2020-05-04T23:29:55Z" hostname="fv-az14" tests="21" skipped="0" failures="0" errors="0" time="8.511">
    <testcase time="8.4820000000002" classname="ds.glm_smk_poisson_with_check" name="glm_gaussian_which_check"/>
    <testcase time="0.00199999999995271" classname="ds.glm_smk_poisson_with_check" name="glm_gaussian_which_check"/>
    <testcase time="0.000999999999976353" classname="ds.glm_smk_poisson_with_check" name="glm_gaussian_which_check"/>
    <testcase time="0.000999999999976353" classname="ds.glm_smk_poisson_with_check" name="glm_gaussian_which_check"/>
    <testcase time="0.00199999999995271" classname="ds.glm_smk_poisson_with_check" name="glm_gaussian_which_check"/>
    <testcase time="0.000999999999976353" classname="ds.glm_smk_poisson_with_check" name="glm_gaussian_which_check"/>
    <testcase time="0.000999999999976353" classname="ds.glm_smk_poisson_with_check" name="glm_gaussian_which_check"/>
    <testcase time="0.00200000000018008" classname="ds.glm_smk_poisson_with_check" name="glm_gaussian_which_check"/>
    <testcase time="0.000999999999976353" classname="ds.glm_smk_poisson_with_check" name="glm_gaussian_which_check"/>
    <testcase time="0.000999999999976353" classname="ds.glm_smk_poisson_with_check" name="glm_gaussian_which_check"/>
    <testcase time="0.00199999999995271" classname="ds.glm_smk_poisson_with_check" name="glm_gaussian_which_check"/>
    <testcase time="0.000999999999976353" classname="ds.glm_smk_poisson_with_check" name="glm_gaussian_which_check"/>
    <testcase time="0.00199999999995271" classname="ds.glm_smk_poisson_with_check" name="glm_gaussian_which_check"/>
    <testcase time="0.000999999999976353" classname="ds.glm_smk_poisson_with_check" name="glm_gaussian_which_check"/>
    <testcase time="0.00200000000018008" classname="ds.glm_smk_poisson_with_check" name="glm_gaussian_which_check"/>
    <testcase time="0.000999999999976353" classname="ds.glm_smk_poisson_with_check" name="glm_gaussian_which_check"/>
    <testcase time="0.000999999999976353" classname="ds.glm_smk_poisson_with_check" name="glm_gaussian_which_check"/>
    <testcase time="0.00199999999995271" classname="ds.glm_smk_poisson_with_check" name="glm_gaussian_which_check"/>
    <testcase time="0.000999999999976353" classname="ds.glm_smk_poisson_with_check" name="glm_gaussian_which_check"/>
    <testcase time="0.00199999999995271" classname="ds.glm_smk_poisson_with_check" name="glm_gaussian_which_check"/>
    <testcase time="0.00200000000018008" classname="ds.glm_smk_poisson_with_check" name="glm_gaussian_which_check"/>
  </testsuite>
  <testsuite name="ds.glm::smk::poisson::shutdown" timestamp="2020-05-04T23:30:03Z" hostname="fv-az14" tests="3" skipped="0" failures="0" errors="0" time="0.277">
    <testcase time="0.273999999999887" classname="ds.glm_smk_poisson_shutdown" name="shutdown"/>
    <testcase time="0.00199999999995271" classname="ds.glm_smk_poisson_shutdown" name="shutdown"/>
    <testcase time="0.000999999999976353" classname="ds.glm_smk_poisson_shutdown" name="shutdown"/>
  </testsuite>
  <testsuite name="ds.glm::smk::poisson::done" timestamp="2020-05-04T23:30:04Z" hostname="fv-az14" tests="0" skipped="0" failures="0" errors="0" time="0"/>
  <testsuite name="ds.glmSLMA::smk::setup" timestamp="2020-05-04T23:30:04Z" hostname="fv-az14" tests="3" skipped="0" failures="0" errors="0" time="5.443">
    <testcase time="5.44000000000005" classname="ds.glmSLMA_smk_setup" name="setup"/>
    <testcase time="0.00199999999995271" classname="ds.glmSLMA_smk_setup" name="setup"/>
    <testcase time="0.00100000000020373" classname="ds.glmSLMA_smk_setup" name="setup"/>
  </testsuite>
  <testsuite name="ds.glmSLMA::smk::gaussian" timestamp="2020-05-04T23:30:09Z" hostname="fv-az14" tests="43" skipped="0" failures="0" errors="0" time="0.919">
    <testcase time="0.843999999999824" classname="ds.glmSLMA_smk_gaussian" name="simple_glmSLMA_gaussian"/>
    <testcase time="0.00199999999995271" classname="ds.glmSLMA_smk_gaussian" name="simple_glmSLMA_gaussian"/>
    <testcase time="0.00200000000018008" classname="ds.glmSLMA_smk_gaussian" name="simple_glmSLMA_gaussian"/>
    <testcase time="0.000999999999976353" classname="ds.glmSLMA_smk_gaussian" name="simple_glmSLMA_gaussian"/>
    <testcase time="0.000999999999976353" classname="ds.glmSLMA_smk_gaussian" name="simple_glmSLMA_gaussian"/>
    <testcase time="0.00199999999995271" classname="ds.glmSLMA_smk_gaussian" name="simple_glmSLMA_gaussian"/>
    <testcase time="0.000999999999976353" classname="ds.glmSLMA_smk_gaussian" name="simple_glmSLMA_gaussian"/>
    <testcase time="0.000999999999976353" classname="ds.glmSLMA_smk_gaussian" name="simple_glmSLMA_gaussian"/>
    <testcase time="0.000999999999976353" classname="ds.glmSLMA_smk_gaussian" name="simple_glmSLMA_gaussian"/>
    <testcase time="0.00200000000018008" classname="ds.glmSLMA_smk_gaussian" name="simple_glmSLMA_gaussian"/>
    <testcase time="0.000999999999976353" classname="ds.glmSLMA_smk_gaussian" name="simple_glmSLMA_gaussian"/>
    <testcase time="0.00199999999995271" classname="ds.glmSLMA_smk_gaussian" name="simple_glmSLMA_gaussian"/>
    <testcase time="0.000999999999976353" classname="ds.glmSLMA_smk_gaussian" name="simple_glmSLMA_gaussian"/>
    <testcase time="0.000999999999976353" classname="ds.glmSLMA_smk_gaussian" name="simple_glmSLMA_gaussian"/>
    <testcase time="0.00199999999995271" classname="ds.glmSLMA_smk_gaussian" name="simple_glmSLMA_gaussian"/>
    <testcase time="0.000999999999976353" classname="ds.glmSLMA_smk_gaussian" name="simple_glmSLMA_gaussian"/>
    <testcase time="0.00200000000018008" classname="ds.glmSLMA_smk_gaussian" name="simple_glmSLMA_gaussian"/>
    <testcase time="0.00199999999995271" classname="ds.glmSLMA_smk_gaussian" name="simple_glmSLMA_gaussian"/>
    <testcase time="0.000999999999976353" classname="ds.glmSLMA_smk_gaussian" name="simple_glmSLMA_gaussian"/>
    <testcase time="0.00199999999995271" classname="ds.glmSLMA_smk_gaussian" name="simple_glmSLMA_gaussian"/>
    <testcase time="0.000999999999976353" classname="ds.glmSLMA_smk_gaussian" name="simple_glmSLMA_gaussian"/>
    <testcase time="0.00200000000018008" classname="ds.glmSLMA_smk_gaussian" name="simple_glmSLMA_gaussian"/>
    <testcase time="0.00199999999995271" classname="ds.glmSLMA_smk_gaussian" name="simple_glmSLMA_gaussian"/>
    <testcase time="0.000999999999976353" classname="ds.glmSLMA_smk_gaussian" name="simple_glmSLMA_gaussian"/>
    <testcase time="0.00199999999995271" classname="ds.glmSLMA_smk_gaussian" name="simple_glmSLMA_gaussian"/>
    <testcase time="0.000999999999976353" classname="ds.glmSLMA_smk_gaussian" name="simple_glmSLMA_gaussian"/>
    <testcase time="0.00199999999995271" classname="ds.glmSLMA_smk_gaussian" name="simple_glmSLMA_gaussian"/>
    <testcase time="0.00200000000018008" classname="ds.glmSLMA_smk_gaussian" name="simple_glmSLMA_gaussian"/>
    <testcase time="0.00199999999995271" classname="ds.glmSLMA_smk_gaussian" name="simple_glmSLMA_gaussian"/>
    <testcase time="0.00199999999995271" classname="ds.glmSLMA_smk_gaussian" name="simple_glmSLMA_gaussian"/>
    <testcase time="0.000999999999976353" classname="ds.glmSLMA_smk_gaussian" name="simple_glmSLMA_gaussian"/>
    <testcase time="0.00199999999995271" classname="ds.glmSLMA_smk_gaussian" name="simple_glmSLMA_gaussian"/>
    <testcase time="0.00199999999995271" classname="ds.glmSLMA_smk_gaussian" name="simple_glmSLMA_gaussian"/>
    <testcase time="0.00100000000020373" classname="ds.glmSLMA_smk_gaussian" name="simple_glmSLMA_gaussian"/>
    <testcase time="0.000999999999976353" classname="ds.glmSLMA_smk_gaussian" name="simple_glmSLMA_gaussian"/>
    <testcase time="0.00199999999995271" classname="ds.glmSLMA_smk_gaussian" name="simple_glmSLMA_gaussian"/>
    <testcase time="0.00199999999995271" classname="ds.glmSLMA_smk_gaussian" name="simple_glmSLMA_gaussian"/>
    <testcase time="0.00199999999995271" classname="ds.glmSLMA_smk_gaussian" name="simple_glmSLMA_gaussian"/>
    <testcase time="0.00900000000001455" classname="ds.glmSLMA_smk_gaussian" name="simple_glmSLMA_gaussian"/>
    <testcase time="0.00200000000018008" classname="ds.glmSLMA_smk_gaussian" name="simple_glmSLMA_gaussian"/>
    <testcase time="0.00199999999995271" classname="ds.glmSLMA_smk_gaussian" name="simple_glmSLMA_gaussian"/>
    <testcase time="0.00199999999995271" classname="ds.glmSLMA_smk_gaussian" name="simple_glmSLMA_gaussian"/>
    <testcase time="0.00199999999995271" classname="ds.glmSLMA_smk_gaussian" name="simple_glmSLMA_gaussian"/>
  </testsuite>
  <testsuite name="ds.glmSLMA::smk::binomial" timestamp="2020-05-04T23:30:10Z" hostname="fv-az14" tests="40" skipped="0" failures="0" errors="0" time="5.247">
    <testcase time="5.1880000000001" classname="ds.glmSLMA_smk_binomial" name="simple_glmSLMA_binomial"/>
    <testcase time="0.000999999999976353" classname="ds.glmSLMA_smk_binomial" name="simple_glmSLMA_binomial"/>
    <testcase time="0.00199999999995271" classname="ds.glmSLMA_smk_binomial" name="simple_glmSLMA_binomial"/>
    <testcase time="0.000999999999976353" classname="ds.glmSLMA_smk_binomial" name="simple_glmSLMA_binomial"/>
    <testcase time="0.000999999999976353" classname="ds.glmSLMA_smk_binomial" name="simple_glmSLMA_binomial"/>
    <testcase time="0.000999999999976353" classname="ds.glmSLMA_smk_binomial" name="simple_glmSLMA_binomial"/>
    <testcase time="0.00200000000018008" classname="ds.glmSLMA_smk_binomial" name="simple_glmSLMA_binomial"/>
    <testcase time="0.000999999999976353" classname="ds.glmSLMA_smk_binomial" name="simple_glmSLMA_binomial"/>
    <testcase time="0.000999999999976353" classname="ds.glmSLMA_smk_binomial" name="simple_glmSLMA_binomial"/>
    <testcase time="0.000999999999976353" classname="ds.glmSLMA_smk_binomial" name="simple_glmSLMA_binomial"/>
    <testcase time="0.00199999999995271" classname="ds.glmSLMA_smk_binomial" name="simple_glmSLMA_binomial"/>
    <testcase time="0.000999999999976353" classname="ds.glmSLMA_smk_binomial" name="simple_glmSLMA_binomial"/>
    <testcase time="0.000999999999976353" classname="ds.glmSLMA_smk_binomial" name="simple_glmSLMA_binomial"/>
    <testcase time="0.00200000000018008" classname="ds.glmSLMA_smk_binomial" name="simple_glmSLMA_binomial"/>
    <testcase time="0.000999999999976353" classname="ds.glmSLMA_smk_binomial" name="simple_glmSLMA_binomial"/>
    <testcase time="0.00199999999995271" classname="ds.glmSLMA_smk_binomial" name="simple_glmSLMA_binomial"/>
    <testcase time="0.000999999999976353" classname="ds.glmSLMA_smk_binomial" name="simple_glmSLMA_binomial"/>
    <testcase time="0.00199999999995271" classname="ds.glmSLMA_smk_binomial" name="simple_glmSLMA_binomial"/>
    <testcase time="0.000999999999976353" classname="ds.glmSLMA_smk_binomial" name="simple_glmSLMA_binomial"/>
    <testcase time="0.00199999999995271" classname="ds.glmSLMA_smk_binomial" name="simple_glmSLMA_binomial"/>
    <testcase time="0.00100000000020373" classname="ds.glmSLMA_smk_binomial" name="simple_glmSLMA_binomial"/>
    <testcase time="0.00199999999995271" classname="ds.glmSLMA_smk_binomial" name="simple_glmSLMA_binomial"/>
    <testcase time="0.000999999999976353" classname="ds.glmSLMA_smk_binomial" name="simple_glmSLMA_binomial"/>
    <testcase time="0.00199999999995271" classname="ds.glmSLMA_smk_binomial" name="simple_glmSLMA_binomial"/>
    <testcase time="0.000999999999976353" classname="ds.glmSLMA_smk_binomial" name="simple_glmSLMA_binomial"/>
    <testcase time="0.00199999999995271" classname="ds.glmSLMA_smk_binomial" name="simple_glmSLMA_binomial"/>
    <testcase time="0.00200000000018008" classname="ds.glmSLMA_smk_binomial" name="simple_glmSLMA_binomial"/>
    <testcase time="0.000999999999976353" classname="ds.glmSLMA_smk_binomial" name="simple_glmSLMA_binomial"/>
    <testcase time="0.00199999999995271" classname="ds.glmSLMA_smk_binomial" name="simple_glmSLMA_binomial"/>
    <testcase time="0.000999999999976353" classname="ds.glmSLMA_smk_binomial" name="simple_glmSLMA_binomial"/>
    <testcase time="0.00199999999995271" classname="ds.glmSLMA_smk_binomial" name="simple_glmSLMA_binomial"/>
    <testcase time="0.00199999999995271" classname="ds.glmSLMA_smk_binomial" name="simple_glmSLMA_binomial"/>
    <testcase time="0.00200000000018008" classname="ds.glmSLMA_smk_binomial" name="simple_glmSLMA_binomial"/>
    <testcase time="0.000999999999976353" classname="ds.glmSLMA_smk_binomial" name="simple_glmSLMA_binomial"/>
    <testcase time="0.00199999999995271" classname="ds.glmSLMA_smk_binomial" name="simple_glmSLMA_binomial"/>
    <testcase time="0.00199999999995271" classname="ds.glmSLMA_smk_binomial" name="simple_glmSLMA_binomial"/>
    <testcase time="0.00199999999995271" classname="ds.glmSLMA_smk_binomial" name="simple_glmSLMA_binomial"/>
    <testcase time="0.00200000000018008" classname="ds.glmSLMA_smk_binomial" name="simple_glmSLMA_binomial"/>
    <testcase time="0.000999999999976353" classname="ds.glmSLMA_smk_binomial" name="simple_glmSLMA_binomial"/>
    <testcase time="0.00199999999995271" classname="ds.glmSLMA_smk_binomial" name="simple_glmSLMA_binomial"/>
  </testsuite>
  <testsuite name="ds.glmSLMA::smk::poisson" timestamp="2020-05-04T23:30:15Z" hostname="fv-az14" tests="43" skipped="0" failures="0" errors="0" time="1.132">
    <testcase time="1.05500000000006" classname="ds.glmSLMA_smk_poisson" name="simple_glmSLMA_poisson"/>
    <testcase time="0.000999999999976353" classname="ds.glmSLMA_smk_poisson" name="simple_glmSLMA_poisson"/>
    <testcase time="0.000999999999976353" classname="ds.glmSLMA_smk_poisson" name="simple_glmSLMA_poisson"/>
    <testcase time="0.00199999999995271" classname="ds.glmSLMA_smk_poisson" name="simple_glmSLMA_poisson"/>
    <testcase time="0.000999999999976353" classname="ds.glmSLMA_smk_poisson" name="simple_glmSLMA_poisson"/>
    <testcase time="0.000999999999976353" classname="ds.glmSLMA_smk_poisson" name="simple_glmSLMA_poisson"/>
    <testcase time="0.000999999999976353" classname="ds.glmSLMA_smk_poisson" name="simple_glmSLMA_poisson"/>
    <testcase time="0.00200000000018008" classname="ds.glmSLMA_smk_poisson" name="simple_glmSLMA_poisson"/>
    <testcase time="0.000999999999976353" classname="ds.glmSLMA_smk_poisson" name="simple_glmSLMA_poisson"/>
    <testcase time="0.00199999999995271" classname="ds.glmSLMA_smk_poisson" name="simple_glmSLMA_poisson"/>
    <testcase time="0.000999999999976353" classname="ds.glmSLMA_smk_poisson" name="simple_glmSLMA_poisson"/>
    <testcase time="0.000999999999976353" classname="ds.glmSLMA_smk_poisson" name="simple_glmSLMA_poisson"/>
    <testcase time="0.00199999999995271" classname="ds.glmSLMA_smk_poisson" name="simple_glmSLMA_poisson"/>
    <testcase time="0.000999999999976353" classname="ds.glmSLMA_smk_poisson" name="simple_glmSLMA_poisson"/>
    <testcase time="0.00200000000018008" classname="ds.glmSLMA_smk_poisson" name="simple_glmSLMA_poisson"/>
    <testcase time="0.000999999999976353" classname="ds.glmSLMA_smk_poisson" name="simple_glmSLMA_poisson"/>
    <testcase time="0.000999999999976353" classname="ds.glmSLMA_smk_poisson" name="simple_glmSLMA_poisson"/>
    <testcase time="0.00199999999995271" classname="ds.glmSLMA_smk_poisson" name="simple_glmSLMA_poisson"/>
    <testcase time="0.00199999999995271" classname="ds.glmSLMA_smk_poisson" name="simple_glmSLMA_poisson"/>
    <testcase time="0.000999999999976353" classname="ds.glmSLMA_smk_poisson" name="simple_glmSLMA_poisson"/>
    <testcase time="0.00200000000018008" classname="ds.glmSLMA_smk_poisson" name="simple_glmSLMA_poisson"/>
    <testcase time="0.00199999999995271" classname="ds.glmSLMA_smk_poisson" name="simple_glmSLMA_poisson"/>
    <testcase time="0.000999999999976353" classname="ds.glmSLMA_smk_poisson" name="simple_glmSLMA_poisson"/>
    <testcase time="0.00199999999995271" classname="ds.glmSLMA_smk_poisson" name="simple_glmSLMA_poisson"/>
    <testcase time="0.000999999999976353" classname="ds.glmSLMA_smk_poisson" name="simple_glmSLMA_poisson"/>
    <testcase time="0.00199999999995271" classname="ds.glmSLMA_smk_poisson" name="simple_glmSLMA_poisson"/>
    <testcase time="0.00200000000018008" classname="ds.glmSLMA_smk_poisson" name="simple_glmSLMA_poisson"/>
    <testcase time="0.000999999999976353" classname="ds.glmSLMA_smk_poisson" name="simple_glmSLMA_poisson"/>
    <testcase time="0.00199999999995271" classname="ds.glmSLMA_smk_poisson" name="simple_glmSLMA_poisson"/>
    <testcase time="0.00199999999995271" classname="ds.glmSLMA_smk_poisson" name="simple_glmSLMA_poisson"/>
    <testcase time="0.00199999999995271" classname="ds.glmSLMA_smk_poisson" name="simple_glmSLMA_poisson"/>
    <testcase time="0.00199999999995271" classname="ds.glmSLMA_smk_poisson" name="simple_glmSLMA_poisson"/>
    <testcase time="0.00100000000020373" classname="ds.glmSLMA_smk_poisson" name="simple_glmSLMA_poisson"/>
    <testcase time="0.00199999999995271" classname="ds.glmSLMA_smk_poisson" name="simple_glmSLMA_poisson"/>
    <testcase time="0.00199999999995271" classname="ds.glmSLMA_smk_poisson" name="simple_glmSLMA_poisson"/>
    <testcase time="0.00199999999995271" classname="ds.glmSLMA_smk_poisson" name="simple_glmSLMA_poisson"/>
    <testcase time="0.0109999999999673" classname="ds.glmSLMA_smk_poisson" name="simple_glmSLMA_poisson"/>
    <testcase time="0.00200000000018008" classname="ds.glmSLMA_smk_poisson" name="simple_glmSLMA_poisson"/>
    <testcase time="0.00199999999995271" classname="ds.glmSLMA_smk_poisson" name="simple_glmSLMA_poisson"/>
    <testcase time="0.00199999999995271" classname="ds.glmSLMA_smk_poisson" name="simple_glmSLMA_poisson"/>
    <testcase time="0.00199999999995271" classname="ds.glmSLMA_smk_poisson" name="simple_glmSLMA_poisson"/>
    <testcase time="0.00199999999995271" classname="ds.glmSLMA_smk_poisson" name="simple_glmSLMA_poisson"/>
    <testcase time="0.00200000000018008" classname="ds.glmSLMA_smk_poisson" name="simple_glmSLMA_poisson"/>
  </testsuite>
  <testsuite name="ds.glmSLMA::smk::shutdown" timestamp="2020-05-04T23:30:16Z" hostname="fv-az14" tests="3" skipped="0" failures="0" errors="0" time="0.278">
    <testcase time="0.27599999999984" classname="ds.glmSLMA_smk_shutdown" name="shutdown"/>
    <testcase time="0.000999999999976353" classname="ds.glmSLMA_smk_shutdown" name="shutdown"/>
    <testcase time="0.00100000000020373" classname="ds.glmSLMA_smk_shutdown" name="shutdown"/>
  </testsuite>
  <testsuite name="ds.glmSLMA::smk::done" timestamp="2020-05-04T23:30:17Z" hostname="fv-az14" tests="0" skipped="0" failures="0" errors="0" time="0"/>
  <testsuite name="ds.isNA::smk::setup" timestamp="2020-05-04T23:30:17Z" hostname="fv-az14" tests="3" skipped="0" failures="0" errors="0" time="5.388">
    <testcase time="5.38499999999999" classname="ds.isNA_smk_setup" name="setup"/>
    <testcase time="0.00199999999995271" classname="ds.isNA_smk_setup" name="setup"/>
    <testcase time="0.000999999999976353" classname="ds.isNA_smk_setup" name="setup"/>
  </testsuite>
  <testsuite name="ds.isNA::smk" timestamp="2020-05-04T23:30:22Z" hostname="fv-az14" tests="3" skipped="0" failures="0" errors="0" time="1.75">
    <testcase time="1.74499999999989" classname="ds.isNA_smk" name="isNA"/>
    <testcase time="0.00200000000018008" classname="ds.isNA_smk" name="isNA"/>
    <testcase time="0.00299999999992906" classname="ds.isNA_smk" name="isNA"/>
  </testsuite>
  <testsuite name="ds.isNA::smk::shutdown" timestamp="2020-05-04T23:30:24Z" hostname="fv-az14" tests="3" skipped="0" failures="0" errors="0" time="0.323">
    <testcase time="0.319999999999936" classname="ds.isNA_smk_shutdown" name="shutdown"/>
    <testcase time="0.000999999999976353" classname="ds.isNA_smk_shutdown" name="shutdown"/>
    <testcase time="0.00199999999995271" classname="ds.isNA_smk_shutdown" name="shutdown"/>
  </testsuite>
  <testsuite name="ds.isNA::smk::done" timestamp="2020-05-04T23:30:24Z" hostname="fv-az14" tests="0" skipped="0" failures="0" errors="0" time="0"/>
  <testsuite name="ds.isValid::smk::setup" timestamp="2020-05-04T23:30:24Z" hostname="fv-az14" tests="3" skipped="0" failures="0" errors="0" time="5.471">
    <testcase time="5.46800000000007" classname="ds.isValid_smk_setup" name="setup"/>
    <testcase time="0.00199999999995271" classname="ds.isValid_smk_setup" name="setup"/>
    <testcase time="0.000999999999976353" classname="ds.isValid_smk_setup" name="setup"/>
  </testsuite>
  <testsuite name="ds.isValid::smk" timestamp="2020-05-04T23:30:29Z" hostname="fv-az14" tests="7" skipped="0" failures="0" errors="0" time="1.275">
    <testcase time="1.26700000000005" classname="ds.isValid_smk" name="isValid"/>
    <testcase time="0.000999999999976353" classname="ds.isValid_smk" name="isValid"/>
    <testcase time="0.00200000000018008" classname="ds.isValid_smk" name="isValid"/>
    <testcase time="0.000999999999976353" classname="ds.isValid_smk" name="isValid"/>
    <testcase time="0.000999999999976353" classname="ds.isValid_smk" name="isValid"/>
    <testcase time="0.000999999999976353" classname="ds.isValid_smk" name="isValid"/>
    <testcase time="0.00199999999995271" classname="ds.isValid_smk" name="isValid"/>
  </testsuite>
  <testsuite name="ds.isValid::smk::shutdown" timestamp="2020-05-04T23:30:31Z" hostname="fv-az14" tests="3" skipped="0" failures="0" errors="0" time="0.29">
    <testcase time="0.288000000000011" classname="ds.isValid_smk_shutdown" name="shutdown"/>
    <testcase time="0.000999999999976353" classname="ds.isValid_smk_shutdown" name="shutdown"/>
    <testcase time="0.000999999999976353" classname="ds.isValid_smk_shutdown" name="shutdown"/>
  </testsuite>
  <testsuite name="ds.isValid::smk::done" timestamp="2020-05-04T23:30:31Z" hostname="fv-az14" tests="0" skipped="0" failures="0" errors="0" time="0"/>
  <testsuite name="ds.length::smk::setup" timestamp="2020-05-04T23:30:31Z" hostname="fv-az14" tests="3" skipped="0" failures="0" errors="0" time="5.405">
    <testcase time="5.40300000000002" classname="ds.length_smk_setup" name="setup"/>
    <testcase time="0.000999999999976353" classname="ds.length_smk_setup" name="setup"/>
    <testcase time="0.000999999999976353" classname="ds.length_smk_setup" name="setup"/>
  </testsuite>
  <testsuite name="ds.length::smk" timestamp="2020-05-04T23:30:36Z" hostname="fv-az14" tests="22" skipped="0" failures="0" errors="0" time="4.609">
    <testcase time="0.277000000000044" classname="ds.length_smk" name="basic_length_both"/>
    <testcase time="0.000999999999976353" classname="ds.length_smk" name="basic_length_both"/>
    <testcase time="0.00199999999995271" classname="ds.length_smk" name="basic_length_both"/>
    <testcase time="0.00100000000020373" classname="ds.length_smk" name="basic_length_both"/>
    <testcase time="0.000999999999976353" classname="ds.length_smk" name="basic_length_both"/>
    <testcase time="0.266999999999825" classname="ds.length_smk" name="basic_length_split"/>
    <testcase time="0.00100000000020373" classname="ds.length_smk" name="basic_length_split"/>
    <testcase time="0.00199999999995271" classname="ds.length_smk" name="basic_length_split"/>
    <testcase time="0.000999999999976353" classname="ds.length_smk" name="basic_length_split"/>
    <testcase time="0.299999999999955" classname="ds.length_smk" name="basic_length_combine"/>
    <testcase time="0.00199999999995271" classname="ds.length_smk" name="basic_length_combine"/>
    <testcase time="1.29500000000007" classname="ds.length_smk" name="basic_length_both"/>
    <testcase time="0.00199999999995271" classname="ds.length_smk" name="basic_length_both"/>
    <testcase time="0.000999999999976353" classname="ds.length_smk" name="basic_length_both"/>
    <testcase time="0.00199999999995271" classname="ds.length_smk" name="basic_length_both"/>
    <testcase time="0.00100000000020373" classname="ds.length_smk" name="basic_length_both"/>
    <testcase time="1.22599999999989" classname="ds.length_smk" name="basic_length_split"/>
    <testcase time="0.00199999999995271" classname="ds.length_smk" name="basic_length_split"/>
    <testcase time="0.00199999999995271" classname="ds.length_smk" name="basic_length_split"/>
    <testcase time="0.00100000000020373" classname="ds.length_smk" name="basic_length_split"/>
    <testcase time="1.221" classname="ds.length_smk" name="basic_length_combine"/>
    <testcase time="0.000999999999976353" classname="ds.length_smk" name="basic_length_combine"/>
  </testsuite>
  <testsuite name="ds.length::smk::shutdown" timestamp="2020-05-04T23:30:41Z" hostname="fv-az14" tests="3" skipped="0" failures="0" errors="0" time="0.275">
    <testcase time="0.271999999999935" classname="ds.length_smk_shutdown" name="shutdown"/>
    <testcase time="0.00199999999995271" classname="ds.length_smk_shutdown" name="shutdown"/>
    <testcase time="0.000999999999976353" classname="ds.length_smk_shutdown" name="shutdown"/>
  </testsuite>
  <testsuite name="ds.length::smk::done" timestamp="2020-05-04T23:30:42Z" hostname="fv-az14" tests="0" skipped="0" failures="0" errors="0" time="0"/>
  <testsuite name="ds.levels::smk::setup" timestamp="2020-05-04T23:30:42Z" hostname="fv-az14" tests="3" skipped="0" failures="0" errors="0" time="5.429">
    <testcase time="5.42600000000016" classname="ds.levels_smk_setup" name="setup"/>
    <testcase time="0.000999999999748979" classname="ds.levels_smk_setup" name="setup"/>
    <testcase time="0.00199999999995271" classname="ds.levels_smk_setup" name="setup"/>
  </testsuite>
  <testsuite name="ds.levels::smk" timestamp="2020-05-04T23:30:47Z" hostname="fv-az14" tests="22" skipped="0" failures="0" errors="0" time="1.259">
    <testcase time="1.22000000000025" classname="ds.levels_smk" name="simple_levels"/>
    <testcase time="0.000999999999748979" classname="ds.levels_smk" name="simple_levels"/>
    <testcase time="0.00100000000020373" classname="ds.levels_smk" name="simple_levels"/>
    <testcase time="0.00199999999995271" classname="ds.levels_smk" name="simple_levels"/>
    <testcase time="0.00100000000020373" classname="ds.levels_smk" name="simple_levels"/>
    <testcase time="0.000999999999748979" classname="ds.levels_smk" name="simple_levels"/>
    <testcase time="0.00199999999995271" classname="ds.levels_smk" name="simple_levels"/>
    <testcase time="0.00100000000020373" classname="ds.levels_smk" name="simple_levels"/>
    <testcase time="0.000999999999748979" classname="ds.levels_smk" name="simple_levels"/>
    <testcase time="0.00100000000020373" classname="ds.levels_smk" name="simple_levels"/>
    <testcase time="0.00199999999995271" classname="ds.levels_smk" name="simple_levels"/>
    <testcase time="0.00100000000020373" classname="ds.levels_smk" name="simple_levels"/>
    <testcase time="0.00199999999995271" classname="ds.levels_smk" name="simple_levels"/>
    <testcase time="0.000999999999748979" classname="ds.levels_smk" name="simple_levels"/>
    <testcase time="0.00199999999995271" classname="ds.levels_smk" name="simple_levels"/>
    <testcase time="0.00100000000020373" classname="ds.levels_smk" name="simple_levels"/>
    <testcase time="0.000999999999748979" classname="ds.levels_smk" name="simple_levels"/>
    <testcase time="0.00200000000040745" classname="ds.levels_smk" name="simple_levels"/>
    <testcase time="0.00199999999995271" classname="ds.levels_smk" name="simple_levels"/>
    <testcase time="0.0109999999999673" classname="ds.levels_smk" name="simple_levels"/>
    <testcase time="0.000999999999748979" classname="ds.levels_smk" name="simple_levels"/>
    <testcase time="0.00199999999995271" classname="ds.levels_smk" name="simple_levels"/>
  </testsuite>
  <testsuite name="ds.levels::smk::shutdown" timestamp="2020-05-04T23:30:48Z" hostname="fv-az14" tests="3" skipped="0" failures="0" errors="0" time="0.277">
    <testcase time="0.274000000000342" classname="ds.levels_smk_shutdown" name="shutdown"/>
    <testcase time="0.000999999999748979" classname="ds.levels_smk_shutdown" name="shutdown"/>
    <testcase time="0.00199999999995271" classname="ds.levels_smk_shutdown" name="shutdown"/>
  </testsuite>
  <testsuite name="ds.levels::smk::done" timestamp="2020-05-04T23:30:49Z" hostname="fv-az14" tests="0" skipped="0" failures="0" errors="0" time="0"/>
  <testsuite name="ds.lexis::smk::setup" timestamp="2020-05-04T23:30:49Z" hostname="fv-az14" tests="3" skipped="0" failures="0" errors="0" time="5.416">
    <testcase time="5.41300000000001" classname="ds.lexis_smk_setup" name="setup"/>
    <testcase time="0.00100000000020373" classname="ds.lexis_smk_setup" name="setup"/>
    <testcase time="0.00199999999995271" classname="ds.lexis_smk_setup" name="setup"/>
  </testsuite>
  <testsuite name="ds.lexis::smk" timestamp="2020-05-04T23:30:54Z" hostname="fv-az14" tests="14" skipped="0" failures="0" errors="0" time="1.419">
    <testcase time="0.878000000000156" classname="ds.lexis_smk" name="simple_lexis"/>
    <testcase time="0.000999999999748979" classname="ds.lexis_smk" name="simple_lexis"/>
    <testcase time="0.00100000000020373" classname="ds.lexis_smk" name="simple_lexis"/>
    <testcase time="0.00199999999995271" classname="ds.lexis_smk" name="simple_lexis"/>
    <testcase time="0.000999999999748979" classname="ds.lexis_smk" name="simple_lexis"/>
    <testcase time="0.00100000000020373" classname="ds.lexis_smk" name="simple_lexis"/>
    <testcase time="0.264999999999873" classname="ds.lexis_smk" name="simple_lexis"/>
    <testcase time="0.00199999999995271" classname="ds.lexis_smk" name="simple_lexis"/>
    <testcase time="0.00100000000020373" classname="ds.lexis_smk" name="simple_lexis"/>
    <testcase time="0.000999999999748979" classname="ds.lexis_smk" name="simple_lexis"/>
    <testcase time="0.262000000000171" classname="ds.lexis_smk" name="simple_lexis"/>
    <testcase time="0.00100000000020373" classname="ds.lexis_smk" name="simple_lexis"/>
    <testcase time="0.00199999999995271" classname="ds.lexis_smk" name="simple_lexis"/>
    <testcase time="0.000999999999748979" classname="ds.lexis_smk" name="simple_lexis"/>
  </testsuite>
  <testsuite name="ds.lexis::smk::shutdown" timestamp="2020-05-04T23:30:55Z" hostname="fv-az14" tests="3" skipped="0" failures="0" errors="0" time="0.278">
    <testcase time="0.275000000000091" classname="ds.lexis_smk_shutdown" name="shutdown"/>
    <testcase time="0.00199999999995271" classname="ds.lexis_smk_shutdown" name="shutdown"/>
    <testcase time="0.00100000000020373" classname="ds.lexis_smk_shutdown" name="shutdown"/>
  </testsuite>
  <testsuite name="ds.lexis::smk::done" timestamp="2020-05-04T23:30:56Z" hostname="fv-az14" tests="0" skipped="0" failures="0" errors="0" time="0"/>
  <testsuite name="ds.listClientsideFunctions::smk::setup" timestamp="2020-05-04T23:30:56Z" hostname="fv-az14" tests="3" skipped="0" failures="0" errors="0" time="5.416">
    <testcase time="5.41300000000001" classname="ds.listClientsideFunctions_smk_setup" name="setup"/>
    <testcase time="0.00199999999995271" classname="ds.listClientsideFunctions_smk_setup" name="setup"/>
    <testcase time="0.000999999999748979" classname="ds.listClientsideFunctions_smk_setup" name="setup"/>
  </testsuite>
  <testsuite name="ds.listClientsideFunctions::smk::check results" timestamp="2020-05-04T23:31:01Z" hostname="fv-az14" tests="91" skipped="0" failures="0" errors="0" time="0.197">
    <testcase time="0.0150000000003274" classname="ds.listClientsideFunctions_smk_check_results" name="check_results"/>
    <testcase time="0.000999999999748979" classname="ds.listClientsideFunctions_smk_check_results" name="check_results"/>
    <testcase time="0.00100000000020373" classname="ds.listClientsideFunctions_smk_check_results" name="check_results"/>
    <testcase time="0.000999999999748979" classname="ds.listClientsideFunctions_smk_check_results" name="check_results"/>
    <testcase time="0.00199999999995271" classname="ds.listClientsideFunctions_smk_check_results" name="check_results"/>
    <testcase time="0.00100000000020373" classname="ds.listClientsideFunctions_smk_check_results" name="check_results"/>
    <testcase time="0.000999999999748979" classname="ds.listClientsideFunctions_smk_check_results" name="check_results"/>
    <testcase time="0.00100000000020373" classname="ds.listClientsideFunctions_smk_check_results" name="check_results"/>
    <testcase time="0.00100000000020373" classname="ds.listClientsideFunctions_smk_check_results" name="check_results"/>
    <testcase time="0.00199999999995271" classname="ds.listClientsideFunctions_smk_check_results" name="check_results"/>
    <testcase time="0.000999999999748979" classname="ds.listClientsideFunctions_smk_check_results" name="check_results"/>
    <testcase time="0.00100000000020373" classname="ds.listClientsideFunctions_smk_check_results" name="check_results"/>
    <testcase time="0.00199999999995271" classname="ds.listClientsideFunctions_smk_check_results" name="check_results"/>
    <testcase time="0.000999999999748979" classname="ds.listClientsideFunctions_smk_check_results" name="check_results"/>
    <testcase time="0.00100000000020373" classname="ds.listClientsideFunctions_smk_check_results" name="check_results"/>
    <testcase time="0.00199999999995271" classname="ds.listClientsideFunctions_smk_check_results" name="check_results"/>
    <testcase time="0.00100000000020373" classname="ds.listClientsideFunctions_smk_check_results" name="check_results"/>
    <testcase time="0.00199999999995271" classname="ds.listClientsideFunctions_smk_check_results" name="check_results"/>
    <testcase time="0.000999999999748979" classname="ds.listClientsideFunctions_smk_check_results" name="check_results"/>
    <testcase time="0.00199999999995271" classname="ds.listClientsideFunctions_smk_check_results" name="check_results"/>
    <testcase time="0.00100000000020373" classname="ds.listClientsideFunctions_smk_check_results" name="check_results"/>
    <testcase time="0.00199999999995271" classname="ds.listClientsideFunctions_smk_check_results" name="check_results"/>
    <testcase time="0.00100000000020373" classname="ds.listClientsideFunctions_smk_check_results" name="check_results"/>
    <testcase time="0.00199999999995271" classname="ds.listClientsideFunctions_smk_check_results" name="check_results"/>
    <testcase time="0.000999999999748979" classname="ds.listClientsideFunctions_smk_check_results" name="check_results"/>
    <testcase time="0.00199999999995271" classname="ds.listClientsideFunctions_smk_check_results" name="check_results"/>
    <testcase time="0.00199999999995271" classname="ds.listClientsideFunctions_smk_check_results" name="check_results"/>
    <testcase time="0.00100000000020373" classname="ds.listClientsideFunctions_smk_check_results" name="check_results"/>
    <testcase time="0.00199999999995271" classname="ds.listClientsideFunctions_smk_check_results" name="check_results"/>
    <testcase time="0.00100000000020373" classname="ds.listClientsideFunctions_smk_check_results" name="check_results"/>
    <testcase time="0.00199999999995271" classname="ds.listClientsideFunctions_smk_check_results" name="check_results"/>
    <testcase time="0.00199999999995271" classname="ds.listClientsideFunctions_smk_check_results" name="check_results"/>
    <testcase time="0.000999999999748979" classname="ds.listClientsideFunctions_smk_check_results" name="check_results"/>
    <testcase time="0.00200000000040745" classname="ds.listClientsideFunctions_smk_check_results" name="check_results"/>
    <testcase time="0.00199999999995271" classname="ds.listClientsideFunctions_smk_check_results" name="check_results"/>
    <testcase time="0.00199999999995271" classname="ds.listClientsideFunctions_smk_check_results" name="check_results"/>
    <testcase time="0.000999999999748979" classname="ds.listClientsideFunctions_smk_check_results" name="check_results"/>
    <testcase time="0.00199999999995271" classname="ds.listClientsideFunctions_smk_check_results" name="check_results"/>
    <testcase time="0.00200000000040745" classname="ds.listClientsideFunctions_smk_check_results" name="check_results"/>
    <testcase time="0.00199999999995271" classname="ds.listClientsideFunctions_smk_check_results" name="check_results"/>
    <testcase time="0.00199999999995271" classname="ds.listClientsideFunctions_smk_check_results" name="check_results"/>
    <testcase time="0.00199999999995271" classname="ds.listClientsideFunctions_smk_check_results" name="check_results"/>
    <testcase time="0.00199999999995271" classname="ds.listClientsideFunctions_smk_check_results" name="check_results"/>
    <testcase time="0.00199999999995271" classname="ds.listClientsideFunctions_smk_check_results" name="check_results"/>
    <testcase time="0.00100000000020373" classname="ds.listClientsideFunctions_smk_check_results" name="check_results"/>
    <testcase time="0.00199999999995271" classname="ds.listClientsideFunctions_smk_check_results" name="check_results"/>
    <testcase time="0.00199999999995271" classname="ds.listClientsideFunctions_smk_check_results" name="check_results"/>
    <testcase time="0.00199999999995271" classname="ds.listClientsideFunctions_smk_check_results" name="check_results"/>
    <testcase time="0.00199999999995271" classname="ds.listClientsideFunctions_smk_check_results" name="check_results"/>
    <testcase time="0.00199999999995271" classname="ds.listClientsideFunctions_smk_check_results" name="check_results"/>
    <testcase time="0.00199999999995271" classname="ds.listClientsideFunctions_smk_check_results" name="check_results"/>
    <testcase time="0.00199999999995271" classname="ds.listClientsideFunctions_smk_check_results" name="check_results"/>
    <testcase time="0.00300000000015643" classname="ds.listClientsideFunctions_smk_check_results" name="check_results"/>
    <testcase time="0.00199999999995271" classname="ds.listClientsideFunctions_smk_check_results" name="check_results"/>
    <testcase time="0.00199999999995271" classname="ds.listClientsideFunctions_smk_check_results" name="check_results"/>
    <testcase time="0.012000000000171" classname="ds.listClientsideFunctions_smk_check_results" name="check_results"/>
    <testcase time="0.00199999999995271" classname="ds.listClientsideFunctions_smk_check_results" name="check_results"/>
    <testcase time="0.00199999999995271" classname="ds.listClientsideFunctions_smk_check_results" name="check_results"/>
    <testcase time="0.00300000000015643" classname="ds.listClientsideFunctions_smk_check_results" name="check_results"/>
    <testcase time="0.00199999999995271" classname="ds.listClientsideFunctions_smk_check_results" name="check_results"/>
    <testcase time="0.00199999999995271" classname="ds.listClientsideFunctions_smk_check_results" name="check_results"/>
    <testcase time="0.00199999999995271" classname="ds.listClientsideFunctions_smk_check_results" name="check_results"/>
    <testcase time="0.00199999999995271" classname="ds.listClientsideFunctions_smk_check_results" name="check_results"/>
    <testcase time="0.00199999999995271" classname="ds.listClientsideFunctions_smk_check_results" name="check_results"/>
    <testcase time="0.00199999999995271" classname="ds.listClientsideFunctions_smk_check_results" name="check_results"/>
    <testcase time="0.00199999999995271" classname="ds.listClientsideFunctions_smk_check_results" name="check_results"/>
    <testcase time="0.00199999999995271" classname="ds.listClientsideFunctions_smk_check_results" name="check_results"/>
    <testcase time="0.00199999999995271" classname="ds.listClientsideFunctions_smk_check_results" name="check_results"/>
    <testcase time="0.00199999999995271" classname="ds.listClientsideFunctions_smk_check_results" name="check_results"/>
    <testcase time="0.00300000000015643" classname="ds.listClientsideFunctions_smk_check_results" name="check_results"/>
    <testcase time="0.00199999999995271" classname="ds.listClientsideFunctions_smk_check_results" name="check_results"/>
    <testcase time="0.00199999999995271" classname="ds.listClientsideFunctions_smk_check_results" name="check_results"/>
    <testcase time="0.00199999999995271" classname="ds.listClientsideFunctions_smk_check_results" name="check_results"/>
    <testcase time="0.00300000000015643" classname="ds.listClientsideFunctions_smk_check_results" name="check_results"/>
    <testcase time="0.00199999999995271" classname="ds.listClientsideFunctions_smk_check_results" name="check_results"/>
    <testcase time="0.00300000000015643" classname="ds.listClientsideFunctions_smk_check_results" name="check_results"/>
    <testcase time="0.00199999999995271" classname="ds.listClientsideFunctions_smk_check_results" name="check_results"/>
    <testcase time="0.00199999999995271" classname="ds.listClientsideFunctions_smk_check_results" name="check_results"/>
    <testcase time="0.00300000000015643" classname="ds.listClientsideFunctions_smk_check_results" name="check_results"/>
    <testcase time="0.00199999999995271" classname="ds.listClientsideFunctions_smk_check_results" name="check_results"/>
    <testcase time="0.00299999999970169" classname="ds.listClientsideFunctions_smk_check_results" name="check_results"/>
    <testcase time="0.00199999999995271" classname="ds.listClientsideFunctions_smk_check_results" name="check_results"/>
    <testcase time="0.00300000000015643" classname="ds.listClientsideFunctions_smk_check_results" name="check_results"/>
    <testcase time="0.00199999999995271" classname="ds.listClientsideFunctions_smk_check_results" name="check_results"/>
    <testcase time="0.00300000000015643" classname="ds.listClientsideFunctions_smk_check_results" name="check_results"/>
    <testcase time="0.00199999999995271" classname="ds.listClientsideFunctions_smk_check_results" name="check_results"/>
    <testcase time="0.00300000000015643" classname="ds.listClientsideFunctions_smk_check_results" name="check_results"/>
    <testcase time="0.00299999999970169" classname="ds.listClientsideFunctions_smk_check_results" name="check_results"/>
    <testcase time="0.00199999999995271" classname="ds.listClientsideFunctions_smk_check_results" name="check_results"/>
    <testcase time="0.00300000000015643" classname="ds.listClientsideFunctions_smk_check_results" name="check_results"/>
    <testcase time="0.00300000000015643" classname="ds.listClientsideFunctions_smk_check_results" name="check_results"/>
  </testsuite>
  <testsuite name="ds.listClientsideFunctions::smk::shutdown" timestamp="2020-05-04T23:31:01Z" hostname="fv-az14" tests="3" skipped="0" failures="0" errors="0" time="0.32">
    <testcase time="0.317000000000007" classname="ds.listClientsideFunctions_smk_shutdown" name="shutdown"/>
    <testcase time="0.000999999999748979" classname="ds.listClientsideFunctions_smk_shutdown" name="shutdown"/>
    <testcase time="0.00199999999995271" classname="ds.listClientsideFunctions_smk_shutdown" name="shutdown"/>
  </testsuite>
  <testsuite name="ds.listClientsideFunctions::smk::done" timestamp="2020-05-04T23:31:02Z" hostname="fv-az14" tests="0" skipped="0" failures="0" errors="0" time="0"/>
  <testsuite name="ds.listDisclosureSettings::smk::setup" timestamp="2020-05-04T23:31:02Z" hostname="fv-az14" tests="3" skipped="0" failures="0" errors="0" time="5.458">
    <testcase time="5.45499999999993" classname="ds.listDisclosureSettings_smk_setup" name="setup"/>
    <testcase time="0.00200000000040745" classname="ds.listDisclosureSettings_smk_setup" name="setup"/>
    <testcase time="0.000999999999748979" classname="ds.listDisclosureSettings_smk_setup" name="setup"/>
  </testsuite>
  <testsuite name="ds.listDisclosureSettings::smk::check results" timestamp="2020-05-04T23:31:07Z" hostname="fv-az14" tests="31" skipped="0" failures="0" errors="0" time="0.363">
    <testcase time="0.315000000000055" classname="ds.listDisclosureSettings_smk_check_results" name="check_results"/>
    <testcase time="0.00100000000020373" classname="ds.listDisclosureSettings_smk_check_results" name="check_results"/>
    <testcase time="0.00199999999995271" classname="ds.listDisclosureSettings_smk_check_results" name="check_results"/>
    <testcase time="0.000999999999748979" classname="ds.listDisclosureSettings_smk_check_results" name="check_results"/>
    <testcase time="0.00100000000020373" classname="ds.listDisclosureSettings_smk_check_results" name="check_results"/>
    <testcase time="0.00199999999995271" classname="ds.listDisclosureSettings_smk_check_results" name="check_results"/>
    <testcase time="0.000999999999748979" classname="ds.listDisclosureSettings_smk_check_results" name="check_results"/>
    <testcase time="0.00100000000020373" classname="ds.listDisclosureSettings_smk_check_results" name="check_results"/>
    <testcase time="0.00199999999995271" classname="ds.listDisclosureSettings_smk_check_results" name="check_results"/>
    <testcase time="0.00100000000020373" classname="ds.listDisclosureSettings_smk_check_results" name="check_results"/>
    <testcase time="0.00199999999995271" classname="ds.listDisclosureSettings_smk_check_results" name="check_results"/>
    <testcase time="0.000999999999748979" classname="ds.listDisclosureSettings_smk_check_results" name="check_results"/>
    <testcase time="0.00199999999995271" classname="ds.listDisclosureSettings_smk_check_results" name="check_results"/>
    <testcase time="0.00100000000020373" classname="ds.listDisclosureSettings_smk_check_results" name="check_results"/>
    <testcase time="0.00199999999995271" classname="ds.listDisclosureSettings_smk_check_results" name="check_results"/>
    <testcase time="0.00100000000020373" classname="ds.listDisclosureSettings_smk_check_results" name="check_results"/>
    <testcase time="0.00199999999995271" classname="ds.listDisclosureSettings_smk_check_results" name="check_results"/>
    <testcase time="0.00199999999995271" classname="ds.listDisclosureSettings_smk_check_results" name="check_results"/>
    <testcase time="0.00199999999995271" classname="ds.listDisclosureSettings_smk_check_results" name="check_results"/>
    <testcase time="0.000999999999748979" classname="ds.listDisclosureSettings_smk_check_results" name="check_results"/>
    <testcase time="0.00200000000040745" classname="ds.listDisclosureSettings_smk_check_results" name="check_results"/>
    <testcase time="0.000999999999748979" classname="ds.listDisclosureSettings_smk_check_results" name="check_results"/>
    <testcase time="0.00199999999995271" classname="ds.listDisclosureSettings_smk_check_results" name="check_results"/>
    <testcase time="0.00199999999995271" classname="ds.listDisclosureSettings_smk_check_results" name="check_results"/>
    <testcase time="0.00199999999995271" classname="ds.listDisclosureSettings_smk_check_results" name="check_results"/>
    <testcase time="0.00199999999995271" classname="ds.listDisclosureSettings_smk_check_results" name="check_results"/>
    <testcase time="0.00100000000020373" classname="ds.listDisclosureSettings_smk_check_results" name="check_results"/>
    <testcase time="0.00199999999995271" classname="ds.listDisclosureSettings_smk_check_results" name="check_results"/>
    <testcase time="0.00199999999995271" classname="ds.listDisclosureSettings_smk_check_results" name="check_results"/>
    <testcase time="0.00199999999995271" classname="ds.listDisclosureSettings_smk_check_results" name="check_results"/>
    <testcase time="0.00199999999995271" classname="ds.listDisclosureSettings_smk_check_results" name="check_results"/>
  </testsuite>
  <testsuite name="ds.listDisclosureSettings::smk::shutdown" timestamp="2020-05-04T23:31:07Z" hostname="fv-az14" tests="3" skipped="0" failures="0" errors="0" time="0.286">
    <testcase time="0.284000000000106" classname="ds.listDisclosureSettings_smk_shutdown" name="shutdown"/>
    <testcase time="0.000999999999748979" classname="ds.listDisclosureSettings_smk_shutdown" name="shutdown"/>
    <testcase time="0.00100000000020373" classname="ds.listDisclosureSettings_smk_shutdown" name="shutdown"/>
  </testsuite>
  <testsuite name="ds.listDisclosureSettings::smk::down" timestamp="2020-05-04T23:31:08Z" hostname="fv-az14" tests="0" skipped="0" failures="0" errors="0" time="0"/>
  <testsuite name="ds.list::smk::setup" timestamp="2020-05-04T23:31:08Z" hostname="fv-az14" tests="3" skipped="0" failures="0" errors="0" time="5.498">
    <testcase time="5.49600000000009" classname="ds.list_smk_setup" name="setup"/>
    <testcase time="0.000999999999748979" classname="ds.list_smk_setup" name="setup"/>
    <testcase time="0.000999999999748979" classname="ds.list_smk_setup" name="setup"/>
  </testsuite>
  <testsuite name="ds.list::smk" timestamp="2020-05-04T23:31:13Z" hostname="fv-az14" tests="28" skipped="0" failures="0" errors="0" time="4.563">
    <testcase time="2.51500000000033" classname="ds.list_smk" name="Is_List"/>
    <testcase time="0.268999999999778" classname="ds.list_smk" name="Is_List"/>
    <testcase time="0.00100000000020373" classname="ds.list_smk" name="Is_List"/>
    <testcase time="0.00100000000020373" classname="ds.list_smk" name="Is_List"/>
    <testcase time="0.000999999999748979" classname="ds.list_smk" name="Is_List"/>
    <testcase time="0.00100000000020373" classname="ds.list_smk" name="Is_List"/>
    <testcase time="0.00199999999995271" classname="ds.list_smk" name="Is_List"/>
    <testcase time="0.00100000000020373" classname="ds.list_smk" name="Is_List"/>
    <testcase time="0.000999999999748979" classname="ds.list_smk" name="Is_List"/>
    <testcase time="0.00199999999995271" classname="ds.list_smk" name="Is_List"/>
    <testcase time="0.00100000000020373" classname="ds.list_smk" name="Is_List"/>
    <testcase time="0.000999999999748979" classname="ds.list_smk" name="Is_List"/>
    <testcase time="0.00199999999995271" classname="ds.list_smk" name="Is_List"/>
    <testcase time="0.00100000000020373" classname="ds.list_smk" name="Is_List"/>
    <testcase time="0.528999999999996" classname="ds.list_smk" name="Is_List"/>
    <testcase time="0.00199999999995271" classname="ds.list_smk" name="Is_List"/>
    <testcase time="0.00100000000020373" classname="ds.list_smk" name="Is_List"/>
    <testcase time="0.00199999999995271" classname="ds.list_smk" name="Is_List"/>
    <testcase time="1.21599999999989" classname="ds.list_smk" name="Is_List"/>
    <testcase time="0.00199999999995271" classname="ds.list_smk" name="Is_List"/>
    <testcase time="0.00199999999995271" classname="ds.list_smk" name="Is_List"/>
    <testcase time="0.00100000000020373" classname="ds.list_smk" name="Is_List"/>
    <testcase time="0.00199999999995271" classname="ds.list_smk" name="Is_List"/>
    <testcase time="0.000999999999748979" classname="ds.list_smk" name="Is_List"/>
    <testcase time="0.00199999999995271" classname="ds.list_smk" name="Is_List"/>
    <testcase time="0.00100000000020373" classname="ds.list_smk" name="Is_List"/>
    <testcase time="0.00199999999995271" classname="ds.list_smk" name="Is_List"/>
    <testcase time="0.00100000000020373" classname="ds.list_smk" name="Is_List"/>
  </testsuite>
  <testsuite name="ds.list::smk::shutdown" timestamp="2020-05-04T23:31:17Z" hostname="fv-az14" tests="3" skipped="0" failures="0" errors="0" time="0.282">
    <testcase time="0.278999999999996" classname="ds.list_smk_shutdown" name="shutdown"/>
    <testcase time="0.00100000000020373" classname="ds.list_smk_shutdown" name="shutdown"/>
    <testcase time="0.00199999999995271" classname="ds.list_smk_shutdown" name="shutdown"/>
  </testsuite>
  <testsuite name="ds.list::smk::down" timestamp="2020-05-04T23:31:18Z" hostname="fv-az14" tests="0" skipped="0" failures="0" errors="0" time="0"/>
  <testsuite name="ds.listServersideFunctions::smk::check results" timestamp="2020-05-04T23:31:23Z" hostname="fv-az14" tests="349" skipped="0" failures="0" errors="0" time="7.039">
    <testcase time="5.23799999999983" classname="ds.listServersideFunctions_smk_check_results" name="check_results"/>
    <testcase time="0.00100000000020373" classname="ds.listServersideFunctions_smk_check_results" name="check_results"/>
    <testcase time="0.000999999999748979" classname="ds.listServersideFunctions_smk_check_results" name="check_results"/>
    <testcase time="0.00100000000020373" classname="ds.listServersideFunctions_smk_check_results" name="check_results"/>
    <testcase time="0.00199999999995271" classname="ds.listServersideFunctions_smk_check_results" name="check_results"/>
    <testcase time="0.00100000000020373" classname="ds.listServersideFunctions_smk_check_results" name="check_results"/>
    <testcase time="0.000999999999748979" classname="ds.listServersideFunctions_smk_check_results" name="check_results"/>
    <testcase time="0.000999999999748979" classname="ds.listServersideFunctions_smk_check_results" name="check_results"/>
    <testcase time="0.00100000000020373" classname="ds.listServersideFunctions_smk_check_results" name="check_results"/>
    <testcase time="0.000999999999748979" classname="ds.listServersideFunctions_smk_check_results" name="check_results"/>
    <testcase time="0.00199999999995271" classname="ds.listServersideFunctions_smk_check_results" name="check_results"/>
    <testcase time="0.00100000000020373" classname="ds.listServersideFunctions_smk_check_results" name="check_results"/>
    <testcase time="0.00100000000020373" classname="ds.listServersideFunctions_smk_check_results" name="check_results"/>
    <testcase time="0.00199999999995271" classname="ds.listServersideFunctions_smk_check_results" name="check_results"/>
    <testcase time="0.00199999999995271" classname="ds.listServersideFunctions_smk_check_results" name="check_results"/>
    <testcase time="0.000999999999748979" classname="ds.listServersideFunctions_smk_check_results" name="check_results"/>
    <testcase time="0.00100000000020373" classname="ds.listServersideFunctions_smk_check_results" name="check_results"/>
    <testcase time="0.00100000000020373" classname="ds.listServersideFunctions_smk_check_results" name="check_results"/>
    <testcase time="0.000999999999748979" classname="ds.listServersideFunctions_smk_check_results" name="check_results"/>
    <testcase time="0.00200000000040745" classname="ds.listServersideFunctions_smk_check_results" name="check_results"/>
    <testcase time="0.00199999999995271" classname="ds.listServersideFunctions_smk_check_results" name="check_results"/>
    <testcase time="0.000999999999748979" classname="ds.listServersideFunctions_smk_check_results" name="check_results"/>
    <testcase time="0.00199999999995271" classname="ds.listServersideFunctions_smk_check_results" name="check_results"/>
    <testcase time="0.00100000000020373" classname="ds.listServersideFunctions_smk_check_results" name="check_results"/>
    <testcase time="0.00199999999995271" classname="ds.listServersideFunctions_smk_check_results" name="check_results"/>
    <testcase time="0.00199999999995271" classname="ds.listServersideFunctions_smk_check_results" name="check_results"/>
    <testcase time="0.00100000000020373" classname="ds.listServersideFunctions_smk_check_results" name="check_results"/>
    <testcase time="0.00199999999995271" classname="ds.listServersideFunctions_smk_check_results" name="check_results"/>
    <testcase time="0.00199999999995271" classname="ds.listServersideFunctions_smk_check_results" name="check_results"/>
    <testcase time="0.000999999999748979" classname="ds.listServersideFunctions_smk_check_results" name="check_results"/>
    <testcase time="0.00200000000040745" classname="ds.listServersideFunctions_smk_check_results" name="check_results"/>
    <testcase time="0.00199999999995271" classname="ds.listServersideFunctions_smk_check_results" name="check_results"/>
    <testcase time="0.000999999999748979" classname="ds.listServersideFunctions_smk_check_results" name="check_results"/>
    <testcase time="0.00199999999995271" classname="ds.listServersideFunctions_smk_check_results" name="check_results"/>
    <testcase time="0.00199999999995271" classname="ds.listServersideFunctions_smk_check_results" name="check_results"/>
    <testcase time="0.00199999999995271" classname="ds.listServersideFunctions_smk_check_results" name="check_results"/>
    <testcase time="0.00200000000040745" classname="ds.listServersideFunctions_smk_check_results" name="check_results"/>
    <testcase time="0.00199999999995271" classname="ds.listServersideFunctions_smk_check_results" name="check_results"/>
    <testcase time="0.00199999999995271" classname="ds.listServersideFunctions_smk_check_results" name="check_results"/>
    <testcase time="0.000999999999748979" classname="ds.listServersideFunctions_smk_check_results" name="check_results"/>
    <testcase time="0.00199999999995271" classname="ds.listServersideFunctions_smk_check_results" name="check_results"/>
    <testcase time="0.00200000000040745" classname="ds.listServersideFunctions_smk_check_results" name="check_results"/>
    <testcase time="0.00199999999995271" classname="ds.listServersideFunctions_smk_check_results" name="check_results"/>
    <testcase time="0.00199999999995271" classname="ds.listServersideFunctions_smk_check_results" name="check_results"/>
    <testcase time="0.00199999999995271" classname="ds.listServersideFunctions_smk_check_results" name="check_results"/>
    <testcase time="0.00199999999995271" classname="ds.listServersideFunctions_smk_check_results" name="check_results"/>
    <testcase time="0.00199999999995271" classname="ds.listServersideFunctions_smk_check_results" name="check_results"/>
    <testcase time="0.00199999999995271" classname="ds.listServersideFunctions_smk_check_results" name="check_results"/>
    <testcase time="0.00199999999995271" classname="ds.listServersideFunctions_smk_check_results" name="check_results"/>
    <testcase time="0.00300000000015643" classname="ds.listServersideFunctions_smk_check_results" name="check_results"/>
    <testcase time="0.00199999999995271" classname="ds.listServersideFunctions_smk_check_results" name="check_results"/>
    <testcase time="0.00199999999995271" classname="ds.listServersideFunctions_smk_check_results" name="check_results"/>
    <testcase time="0.00199999999995271" classname="ds.listServersideFunctions_smk_check_results" name="check_results"/>
    <testcase time="0.00199999999995271" classname="ds.listServersideFunctions_smk_check_results" name="check_results"/>
    <testcase time="0.00199999999995271" classname="ds.listServersideFunctions_smk_check_results" name="check_results"/>
    <testcase time="0.012000000000171" classname="ds.listServersideFunctions_smk_check_results" name="check_results"/>
    <testcase time="0.00199999999995271" classname="ds.listServersideFunctions_smk_check_results" name="check_results"/>
    <testcase time="0.00199999999995271" classname="ds.listServersideFunctions_smk_check_results" name="check_results"/>
    <testcase time="0.00300000000015643" classname="ds.listServersideFunctions_smk_check_results" name="check_results"/>
    <testcase time="0.00199999999995271" classname="ds.listServersideFunctions_smk_check_results" name="check_results"/>
    <testcase time="0.00199999999995271" classname="ds.listServersideFunctions_smk_check_results" name="check_results"/>
    <testcase time="0.00199999999995271" classname="ds.listServersideFunctions_smk_check_results" name="check_results"/>
    <testcase time="0.00199999999995271" classname="ds.listServersideFunctions_smk_check_results" name="check_results"/>
    <testcase time="0.00300000000015643" classname="ds.listServersideFunctions_smk_check_results" name="check_results"/>
    <testcase time="0.00199999999995271" classname="ds.listServersideFunctions_smk_check_results" name="check_results"/>
    <testcase time="0.00199999999995271" classname="ds.listServersideFunctions_smk_check_results" name="check_results"/>
    <testcase time="0.00199999999995271" classname="ds.listServersideFunctions_smk_check_results" name="check_results"/>
    <testcase time="0.00199999999995271" classname="ds.listServersideFunctions_smk_check_results" name="check_results"/>
    <testcase time="0.00300000000015643" classname="ds.listServersideFunctions_smk_check_results" name="check_results"/>
    <testcase time="0.00199999999995271" classname="ds.listServersideFunctions_smk_check_results" name="check_results"/>
    <testcase time="0.00199999999995271" classname="ds.listServersideFunctions_smk_check_results" name="check_results"/>
    <testcase time="0.00300000000015643" classname="ds.listServersideFunctions_smk_check_results" name="check_results"/>
    <testcase time="0.00199999999995271" classname="ds.listServersideFunctions_smk_check_results" name="check_results"/>
    <testcase time="0.00199999999995271" classname="ds.listServersideFunctions_smk_check_results" name="check_results"/>
    <testcase time="0.00199999999995271" classname="ds.listServersideFunctions_smk_check_results" name="check_results"/>
    <testcase time="0.00199999999995271" classname="ds.listServersideFunctions_smk_check_results" name="check_results"/>
    <testcase time="0.00300000000015643" classname="ds.listServersideFunctions_smk_check_results" name="check_results"/>
    <testcase time="0.00199999999995271" classname="ds.listServersideFunctions_smk_check_results" name="check_results"/>
    <testcase time="0.00299999999970169" classname="ds.listServersideFunctions_smk_check_results" name="check_results"/>
    <testcase time="0.00199999999995271" classname="ds.listServersideFunctions_smk_check_results" name="check_results"/>
    <testcase time="0.00300000000015643" classname="ds.listServersideFunctions_smk_check_results" name="check_results"/>
    <testcase time="0.00199999999995271" classname="ds.listServersideFunctions_smk_check_results" name="check_results"/>
    <testcase time="0.00300000000015643" classname="ds.listServersideFunctions_smk_check_results" name="check_results"/>
    <testcase time="0.00300000000015643" classname="ds.listServersideFunctions_smk_check_results" name="check_results"/>
    <testcase time="0.00199999999995271" classname="ds.listServersideFunctions_smk_check_results" name="check_results"/>
    <testcase time="0.00199999999995271" classname="ds.listServersideFunctions_smk_check_results" name="check_results"/>
    <testcase time="0.00299999999970169" classname="ds.listServersideFunctions_smk_check_results" name="check_results"/>
    <testcase time="0.00199999999995271" classname="ds.listServersideFunctions_smk_check_results" name="check_results"/>
    <testcase time="0.00300000000015643" classname="ds.listServersideFunctions_smk_check_results" name="check_results"/>
    <testcase time="0.00300000000015643" classname="ds.listServersideFunctions_smk_check_results" name="check_results"/>
    <testcase time="0.00199999999995271" classname="ds.listServersideFunctions_smk_check_results" name="check_results"/>
    <testcase time="0.00300000000015643" classname="ds.listServersideFunctions_smk_check_results" name="check_results"/>
    <testcase time="0.00199999999995271" classname="ds.listServersideFunctions_smk_check_results" name="check_results"/>
    <testcase time="0.00299999999970169" classname="ds.listServersideFunctions_smk_check_results" name="check_results"/>
    <testcase time="0.00199999999995271" classname="ds.listServersideFunctions_smk_check_results" name="check_results"/>
    <testcase time="0.00300000000015643" classname="ds.listServersideFunctions_smk_check_results" name="check_results"/>
    <testcase time="0.00300000000015643" classname="ds.listServersideFunctions_smk_check_results" name="check_results"/>
    <testcase time="0.00299999999970169" classname="ds.listServersideFunctions_smk_check_results" name="check_results"/>
    <testcase time="0.00200000000040745" classname="ds.listServersideFunctions_smk_check_results" name="check_results"/>
    <testcase time="0.00299999999970169" classname="ds.listServersideFunctions_smk_check_results" name="check_results"/>
    <testcase time="0.00300000000015643" classname="ds.listServersideFunctions_smk_check_results" name="check_results"/>
    <testcase time="0.00399999999990541" classname="ds.listServersideFunctions_smk_check_results" name="check_results"/>
    <testcase time="0.00300000000015643" classname="ds.listServersideFunctions_smk_check_results" name="check_results"/>
    <testcase time="0.00299999999970169" classname="ds.listServersideFunctions_smk_check_results" name="check_results"/>
    <testcase time="0.00300000000015643" classname="ds.listServersideFunctions_smk_check_results" name="check_results"/>
    <testcase time="0.00300000000015643" classname="ds.listServersideFunctions_smk_check_results" name="check_results"/>
    <testcase time="0.00299999999970169" classname="ds.listServersideFunctions_smk_check_results" name="check_results"/>
    <testcase time="0.00199999999995271" classname="ds.listServersideFunctions_smk_check_results" name="check_results"/>
    <testcase time="0.00199999999995271" classname="ds.listServersideFunctions_smk_check_results" name="check_results"/>
    <testcase time="0.00299999999970169" classname="ds.listServersideFunctions_smk_check_results" name="check_results"/>
    <testcase time="0.00399999999990541" classname="ds.listServersideFunctions_smk_check_results" name="check_results"/>
    <testcase time="0.00300000000015643" classname="ds.listServersideFunctions_smk_check_results" name="check_results"/>
    <testcase time="0.00300000000015643" classname="ds.listServersideFunctions_smk_check_results" name="check_results"/>
    <testcase time="0.00299999999970169" classname="ds.listServersideFunctions_smk_check_results" name="check_results"/>
    <testcase time="0.00400000000036016" classname="ds.listServersideFunctions_smk_check_results" name="check_results"/>
    <testcase time="0.00299999999970169" classname="ds.listServersideFunctions_smk_check_results" name="check_results"/>
    <testcase time="0.00300000000015643" classname="ds.listServersideFunctions_smk_check_results" name="check_results"/>
    <testcase time="0.00399999999990541" classname="ds.listServersideFunctions_smk_check_results" name="check_results"/>
    <testcase time="0.012000000000171" classname="ds.listServersideFunctions_smk_check_results" name="check_results"/>
    <testcase time="0.00300000000015643" classname="ds.listServersideFunctions_smk_check_results" name="check_results"/>
    <testcase time="0.00300000000015643" classname="ds.listServersideFunctions_smk_check_results" name="check_results"/>
    <testcase time="0.00299999999970169" classname="ds.listServersideFunctions_smk_check_results" name="check_results"/>
    <testcase time="0.00300000000015643" classname="ds.listServersideFunctions_smk_check_results" name="check_results"/>
    <testcase time="0.00300000000015643" classname="ds.listServersideFunctions_smk_check_results" name="check_results"/>
    <testcase time="0.00299999999970169" classname="ds.listServersideFunctions_smk_check_results" name="check_results"/>
    <testcase time="0.00399999999990541" classname="ds.listServersideFunctions_smk_check_results" name="check_results"/>
    <testcase time="0.00300000000015643" classname="ds.listServersideFunctions_smk_check_results" name="check_results"/>
    <testcase time="0.00300000000015643" classname="ds.listServersideFunctions_smk_check_results" name="check_results"/>
    <testcase time="0.00299999999970169" classname="ds.listServersideFunctions_smk_check_results" name="check_results"/>
    <testcase time="0.00300000000015643" classname="ds.listServersideFunctions_smk_check_results" name="check_results"/>
    <testcase time="0.00300000000015643" classname="ds.listServersideFunctions_smk_check_results" name="check_results"/>
    <testcase time="0.00399999999990541" classname="ds.listServersideFunctions_smk_check_results" name="check_results"/>
    <testcase time="0.00399999999990541" classname="ds.listServersideFunctions_smk_check_results" name="check_results"/>
    <testcase time="0.00300000000015643" classname="ds.listServersideFunctions_smk_check_results" name="check_results"/>
    <testcase time="0.00300000000015643" classname="ds.listServersideFunctions_smk_check_results" name="check_results"/>
    <testcase time="0.00399999999990541" classname="ds.listServersideFunctions_smk_check_results" name="check_results"/>
    <testcase time="0.00299999999970169" classname="ds.listServersideFunctions_smk_check_results" name="check_results"/>
    <testcase time="0.00400000000036016" classname="ds.listServersideFunctions_smk_check_results" name="check_results"/>
    <testcase time="0.00299999999970169" classname="ds.listServersideFunctions_smk_check_results" name="check_results"/>
    <testcase time="0.00300000000015643" classname="ds.listServersideFunctions_smk_check_results" name="check_results"/>
    <testcase time="0.00399999999990541" classname="ds.listServersideFunctions_smk_check_results" name="check_results"/>
    <testcase time="0.00300000000015643" classname="ds.listServersideFunctions_smk_check_results" name="check_results"/>
    <testcase time="0.00300000000015643" classname="ds.listServersideFunctions_smk_check_results" name="check_results"/>
    <testcase time="0.00300000000015643" classname="ds.listServersideFunctions_smk_check_results" name="check_results"/>
    <testcase time="0.00399999999990541" classname="ds.listServersideFunctions_smk_check_results" name="check_results"/>
    <testcase time="0.00399999999990541" classname="ds.listServersideFunctions_smk_check_results" name="check_results"/>
    <testcase time="0.00399999999990541" classname="ds.listServersideFunctions_smk_check_results" name="check_results"/>
    <testcase time="0.00399999999990541" classname="ds.listServersideFunctions_smk_check_results" name="check_results"/>
    <testcase time="0.00400000000036016" classname="ds.listServersideFunctions_smk_check_results" name="check_results"/>
    <testcase time="0.00399999999990541" classname="ds.listServersideFunctions_smk_check_results" name="check_results"/>
    <testcase time="0.00399999999990541" classname="ds.listServersideFunctions_smk_check_results" name="check_results"/>
    <testcase time="0.00399999999990541" classname="ds.listServersideFunctions_smk_check_results" name="check_results"/>
    <testcase time="0.00399999999990541" classname="ds.listServersideFunctions_smk_check_results" name="check_results"/>
    <testcase time="0.00400000000036016" classname="ds.listServersideFunctions_smk_check_results" name="check_results"/>
    <testcase time="0.00399999999990541" classname="ds.listServersideFunctions_smk_check_results" name="check_results"/>
    <testcase time="0.00399999999990541" classname="ds.listServersideFunctions_smk_check_results" name="check_results"/>
    <testcase time="0.00300000000015643" classname="ds.listServersideFunctions_smk_check_results" name="check_results"/>
    <testcase time="0.00500000000010914" classname="ds.listServersideFunctions_smk_check_results" name="check_results"/>
    <testcase time="0.00399999999990541" classname="ds.listServersideFunctions_smk_check_results" name="check_results"/>
    <testcase time="0.00399999999990541" classname="ds.listServersideFunctions_smk_check_results" name="check_results"/>
    <testcase time="0.00399999999990541" classname="ds.listServersideFunctions_smk_check_results" name="check_results"/>
    <testcase time="0.255999999999858" classname="ds.listServersideFunctions_smk_check_results" name="check_results"/>
    <testcase time="0.00400000000036016" classname="ds.listServersideFunctions_smk_check_results" name="check_results"/>
    <testcase time="0.00499999999965439" classname="ds.listServersideFunctions_smk_check_results" name="check_results"/>
    <testcase time="0.00400000000036016" classname="ds.listServersideFunctions_smk_check_results" name="check_results"/>
    <testcase time="0.00399999999990541" classname="ds.listServersideFunctions_smk_check_results" name="check_results"/>
    <testcase time="0.00399999999990541" classname="ds.listServersideFunctions_smk_check_results" name="check_results"/>
    <testcase time="0.00399999999990541" classname="ds.listServersideFunctions_smk_check_results" name="check_results"/>
    <testcase time="0.00399999999990541" classname="ds.listServersideFunctions_smk_check_results" name="check_results"/>
    <testcase time="0.00400000000036016" classname="ds.listServersideFunctions_smk_check_results" name="check_results"/>
    <testcase time="0.00399999999990541" classname="ds.listServersideFunctions_smk_check_results" name="check_results"/>
    <testcase time="0.00399999999990541" classname="ds.listServersideFunctions_smk_check_results" name="check_results"/>
    <testcase time="0.00500000000010914" classname="ds.listServersideFunctions_smk_check_results" name="check_results"/>
    <testcase time="0.00399999999990541" classname="ds.listServersideFunctions_smk_check_results" name="check_results"/>
    <testcase time="0.00399999999990541" classname="ds.listServersideFunctions_smk_check_results" name="check_results"/>
    <testcase time="0.00500000000010914" classname="ds.listServersideFunctions_smk_check_results" name="check_results"/>
    <testcase time="0.00399999999990541" classname="ds.listServersideFunctions_smk_check_results" name="check_results"/>
    <testcase time="0.00399999999990541" classname="ds.listServersideFunctions_smk_check_results" name="check_results"/>
    <testcase time="0.00400000000036016" classname="ds.listServersideFunctions_smk_check_results" name="check_results"/>
    <testcase time="0.00499999999965439" classname="ds.listServersideFunctions_smk_check_results" name="check_results"/>
    <testcase time="0.00400000000036016" classname="ds.listServersideFunctions_smk_check_results" name="check_results"/>
    <testcase time="0.00399999999990541" classname="ds.listServersideFunctions_smk_check_results" name="check_results"/>
    <testcase time="0.00500000000010914" classname="ds.listServersideFunctions_smk_check_results" name="check_results"/>
    <testcase time="0.00399999999990541" classname="ds.listServersideFunctions_smk_check_results" name="check_results"/>
    <testcase time="0.00500000000010914" classname="ds.listServersideFunctions_smk_check_results" name="check_results"/>
    <testcase time="0.00499999999965439" classname="ds.listServersideFunctions_smk_check_results" name="check_results"/>
    <testcase time="0.00400000000036016" classname="ds.listServersideFunctions_smk_check_results" name="check_results"/>
    <testcase time="0.00499999999965439" classname="ds.listServersideFunctions_smk_check_results" name="check_results"/>
    <testcase time="0.00500000000010914" classname="ds.listServersideFunctions_smk_check_results" name="check_results"/>
    <testcase time="0.00500000000010914" classname="ds.listServersideFunctions_smk_check_results" name="check_results"/>
    <testcase time="0.00399999999990541" classname="ds.listServersideFunctions_smk_check_results" name="check_results"/>
    <testcase time="0.00500000000010914" classname="ds.listServersideFunctions_smk_check_results" name="check_results"/>
    <testcase time="0.00500000000010914" classname="ds.listServersideFunctions_smk_check_results" name="check_results"/>
    <testcase time="0.00499999999965439" classname="ds.listServersideFunctions_smk_check_results" name="check_results"/>
    <testcase time="0.00400000000036016" classname="ds.listServersideFunctions_smk_check_results" name="check_results"/>
    <testcase time="0.00599999999985812" classname="ds.listServersideFunctions_smk_check_results" name="check_results"/>
    <testcase time="0.01299999999992" classname="ds.listServersideFunctions_smk_check_results" name="check_results"/>
    <testcase time="0.00399999999990541" classname="ds.listServersideFunctions_smk_check_results" name="check_results"/>
    <testcase time="0.00500000000010914" classname="ds.listServersideFunctions_smk_check_results" name="check_results"/>
    <testcase time="0.00399999999990541" classname="ds.listServersideFunctions_smk_check_results" name="check_results"/>
    <testcase time="0.00399999999990541" classname="ds.listServersideFunctions_smk_check_results" name="check_results"/>
    <testcase time="0.00500000000010914" classname="ds.listServersideFunctions_smk_check_results" name="check_results"/>
    <testcase time="0.00399999999990541" classname="ds.listServersideFunctions_smk_check_results" name="check_results"/>
    <testcase time="0.00400000000036016" classname="ds.listServersideFunctions_smk_check_results" name="check_results"/>
    <testcase time="0.00499999999965439" classname="ds.listServersideFunctions_smk_check_results" name="check_results"/>
    <testcase time="0.00500000000010914" classname="ds.listServersideFunctions_smk_check_results" name="check_results"/>
    <testcase time="0.00500000000010914" classname="ds.listServersideFunctions_smk_check_results" name="check_results"/>
    <testcase time="0.00500000000010914" classname="ds.listServersideFunctions_smk_check_results" name="check_results"/>
    <testcase time="0.00499999999965439" classname="ds.listServersideFunctions_smk_check_results" name="check_results"/>
    <testcase time="0.00400000000036016" classname="ds.listServersideFunctions_smk_check_results" name="check_results"/>
    <testcase time="0.00399999999990541" classname="ds.listServersideFunctions_smk_check_results" name="check_results"/>
    <testcase time="0.00500000000010914" classname="ds.listServersideFunctions_smk_check_results" name="check_results"/>
    <testcase time="0.00499999999965439" classname="ds.listServersideFunctions_smk_check_results" name="check_results"/>
    <testcase time="0.00500000000010914" classname="ds.listServersideFunctions_smk_check_results" name="check_results"/>
    <testcase time="0.00500000000010914" classname="ds.listServersideFunctions_smk_check_results" name="check_results"/>
    <testcase time="0.00500000000010914" classname="ds.listServersideFunctions_smk_check_results" name="check_results"/>
    <testcase time="0.00499999999965439" classname="ds.listServersideFunctions_smk_check_results" name="check_results"/>
    <testcase time="0.00500000000010914" classname="ds.listServersideFunctions_smk_check_results" name="check_results"/>
    <testcase time="0.00500000000010914" classname="ds.listServersideFunctions_smk_check_results" name="check_results"/>
    <testcase time="0.00500000000010914" classname="ds.listServersideFunctions_smk_check_results" name="check_results"/>
    <testcase time="0.00599999999985812" classname="ds.listServersideFunctions_smk_check_results" name="check_results"/>
    <testcase time="0.00500000000010914" classname="ds.listServersideFunctions_smk_check_results" name="check_results"/>
    <testcase time="0.00499999999965439" classname="ds.listServersideFunctions_smk_check_results" name="check_results"/>
    <testcase time="0.00600000000031287" classname="ds.listServersideFunctions_smk_check_results" name="check_results"/>
    <testcase time="0.00500000000010914" classname="ds.listServersideFunctions_smk_check_results" name="check_results"/>
    <testcase time="0.00599999999985812" classname="ds.listServersideFunctions_smk_check_results" name="check_results"/>
    <testcase time="0.0140000000001237" classname="ds.listServersideFunctions_smk_check_results" name="check_results"/>
    <testcase time="0.00499999999965439" classname="ds.listServersideFunctions_smk_check_results" name="check_results"/>
    <testcase time="0.00500000000010914" classname="ds.listServersideFunctions_smk_check_results" name="check_results"/>
    <testcase time="0.00500000000010914" classname="ds.listServersideFunctions_smk_check_results" name="check_results"/>
    <testcase time="0.00500000000010914" classname="ds.listServersideFunctions_smk_check_results" name="check_results"/>
    <testcase time="0.00499999999965439" classname="ds.listServersideFunctions_smk_check_results" name="check_results"/>
    <testcase time="0.00500000000010914" classname="ds.listServersideFunctions_smk_check_results" name="check_results"/>
    <testcase time="0.00500000000010914" classname="ds.listServersideFunctions_smk_check_results" name="check_results"/>
    <testcase time="0.00500000000010914" classname="ds.listServersideFunctions_smk_check_results" name="check_results"/>
    <testcase time="0.00599999999985812" classname="ds.listServersideFunctions_smk_check_results" name="check_results"/>
    <testcase time="0.00500000000010914" classname="ds.listServersideFunctions_smk_check_results" name="check_results"/>
    <testcase time="0.00499999999965439" classname="ds.listServersideFunctions_smk_check_results" name="check_results"/>
    <testcase time="0.00500000000010914" classname="ds.listServersideFunctions_smk_check_results" name="check_results"/>
    <testcase time="0.00500000000010914" classname="ds.listServersideFunctions_smk_check_results" name="check_results"/>
    <testcase time="0.00599999999985812" classname="ds.listServersideFunctions_smk_check_results" name="check_results"/>
    <testcase time="0.00500000000010914" classname="ds.listServersideFunctions_smk_check_results" name="check_results"/>
    <testcase time="0.00500000000010914" classname="ds.listServersideFunctions_smk_check_results" name="check_results"/>
    <testcase time="0.00599999999985812" classname="ds.listServersideFunctions_smk_check_results" name="check_results"/>
    <testcase time="0.00599999999985812" classname="ds.listServersideFunctions_smk_check_results" name="check_results"/>
    <testcase time="0.00600000000031287" classname="ds.listServersideFunctions_smk_check_results" name="check_results"/>
    <testcase time="0.00599999999985812" classname="ds.listServersideFunctions_smk_check_results" name="check_results"/>
    <testcase time="0.00500000000010914" classname="ds.listServersideFunctions_smk_check_results" name="check_results"/>
    <testcase time="0.00599999999985812" classname="ds.listServersideFunctions_smk_check_results" name="check_results"/>
    <testcase time="0.00599999999985812" classname="ds.listServersideFunctions_smk_check_results" name="check_results"/>
    <testcase time="0.00600000000031287" classname="ds.listServersideFunctions_smk_check_results" name="check_results"/>
    <testcase time="0.00599999999985812" classname="ds.listServersideFunctions_smk_check_results" name="check_results"/>
    <testcase time="0.0149999999998727" classname="ds.listServersideFunctions_smk_check_results" name="check_results"/>
    <testcase time="0.00600000000031287" classname="ds.listServersideFunctions_smk_check_results" name="check_results"/>
    <testcase time="0.00599999999985812" classname="ds.listServersideFunctions_smk_check_results" name="check_results"/>
    <testcase time="0.00599999999985812" classname="ds.listServersideFunctions_smk_check_results" name="check_results"/>
    <testcase time="0.00500000000010914" classname="ds.listServersideFunctions_smk_check_results" name="check_results"/>
    <testcase time="0.00599999999985812" classname="ds.listServersideFunctions_smk_check_results" name="check_results"/>
    <testcase time="0.00500000000010914" classname="ds.listServersideFunctions_smk_check_results" name="check_results"/>
    <testcase time="0.00599999999985812" classname="ds.listServersideFunctions_smk_check_results" name="check_results"/>
    <testcase time="0.00500000000010914" classname="ds.listServersideFunctions_smk_check_results" name="check_results"/>
    <testcase time="0.00600000000031287" classname="ds.listServersideFunctions_smk_check_results" name="check_results"/>
    <testcase time="0.00499999999965439" classname="ds.listServersideFunctions_smk_check_results" name="check_results"/>
    <testcase time="0.00600000000031287" classname="ds.listServersideFunctions_smk_check_results" name="check_results"/>
    <testcase time="0.00499999999965439" classname="ds.listServersideFunctions_smk_check_results" name="check_results"/>
    <testcase time="0.00600000000031287" classname="ds.listServersideFunctions_smk_check_results" name="check_results"/>
    <testcase time="0.00599999999985812" classname="ds.listServersideFunctions_smk_check_results" name="check_results"/>
    <testcase time="0.00500000000010914" classname="ds.listServersideFunctions_smk_check_results" name="check_results"/>
    <testcase time="0.00599999999985812" classname="ds.listServersideFunctions_smk_check_results" name="check_results"/>
    <testcase time="0.00599999999985812" classname="ds.listServersideFunctions_smk_check_results" name="check_results"/>
    <testcase time="0.00700000000006185" classname="ds.listServersideFunctions_smk_check_results" name="check_results"/>
    <testcase time="0.00600000000031287" classname="ds.listServersideFunctions_smk_check_results" name="check_results"/>
    <testcase time="0.00599999999985812" classname="ds.listServersideFunctions_smk_check_results" name="check_results"/>
    <testcase time="0.00599999999985812" classname="ds.listServersideFunctions_smk_check_results" name="check_results"/>
    <testcase time="0.00700000000006185" classname="ds.listServersideFunctions_smk_check_results" name="check_results"/>
    <testcase time="0.00599999999985812" classname="ds.listServersideFunctions_smk_check_results" name="check_results"/>
    <testcase time="0.0150000000003274" classname="ds.listServersideFunctions_smk_check_results" name="check_results"/>
    <testcase time="0.00599999999985812" classname="ds.listServersideFunctions_smk_check_results" name="check_results"/>
    <testcase time="0.00500000000010914" classname="ds.listServersideFunctions_smk_check_results" name="check_results"/>
    <testcase time="0.00500000000010914" classname="ds.listServersideFunctions_smk_check_results" name="check_results"/>
    <testcase time="0.00599999999985812" classname="ds.listServersideFunctions_smk_check_results" name="check_results"/>
    <testcase time="0.00600000000031287" classname="ds.listServersideFunctions_smk_check_results" name="check_results"/>
    <testcase time="0.00599999999985812" classname="ds.listServersideFunctions_smk_check_results" name="check_results"/>
    <testcase time="0.00599999999985812" classname="ds.listServersideFunctions_smk_check_results" name="check_results"/>
    <testcase time="0.00600000000031287" classname="ds.listServersideFunctions_smk_check_results" name="check_results"/>
    <testcase time="0.00599999999985812" classname="ds.listServersideFunctions_smk_check_results" name="check_results"/>
    <testcase time="0.00599999999985812" classname="ds.listServersideFunctions_smk_check_results" name="check_results"/>
    <testcase time="0.00599999999985812" classname="ds.listServersideFunctions_smk_check_results" name="check_results"/>
    <testcase time="0.00600000000031287" classname="ds.listServersideFunctions_smk_check_results" name="check_results"/>
    <testcase time="0.00599999999985812" classname="ds.listServersideFunctions_smk_check_results" name="check_results"/>
    <testcase time="0.00599999999985812" classname="ds.listServersideFunctions_smk_check_results" name="check_results"/>
    <testcase time="0.00700000000006185" classname="ds.listServersideFunctions_smk_check_results" name="check_results"/>
    <testcase time="0.00700000000006185" classname="ds.listServersideFunctions_smk_check_results" name="check_results"/>
    <testcase time="0.00700000000006185" classname="ds.listServersideFunctions_smk_check_results" name="check_results"/>
    <testcase time="0.00599999999985812" classname="ds.listServersideFunctions_smk_check_results" name="check_results"/>
    <testcase time="0.00700000000006185" classname="ds.listServersideFunctions_smk_check_results" name="check_results"/>
    <testcase time="0.00599999999985812" classname="ds.listServersideFunctions_smk_check_results" name="check_results"/>
    <testcase time="0.00700000000006185" classname="ds.listServersideFunctions_smk_check_results" name="check_results"/>
    <testcase time="0.00700000000006185" classname="ds.listServersideFunctions_smk_check_results" name="check_results"/>
    <testcase time="0.0140000000001237" classname="ds.listServersideFunctions_smk_check_results" name="check_results"/>
    <testcase time="0.00599999999985812" classname="ds.listServersideFunctions_smk_check_results" name="check_results"/>
    <testcase time="0.00600000000031287" classname="ds.listServersideFunctions_smk_check_results" name="check_results"/>
    <testcase time="0.00599999999985812" classname="ds.listServersideFunctions_smk_check_results" name="check_results"/>
    <testcase time="0.00599999999985812" classname="ds.listServersideFunctions_smk_check_results" name="check_results"/>
    <testcase time="0.00600000000031287" classname="ds.listServersideFunctions_smk_check_results" name="check_results"/>
    <testcase time="0.00599999999985812" classname="ds.listServersideFunctions_smk_check_results" name="check_results"/>
    <testcase time="0.00700000000006185" classname="ds.listServersideFunctions_smk_check_results" name="check_results"/>
    <testcase time="0.00599999999985812" classname="ds.listServersideFunctions_smk_check_results" name="check_results"/>
    <testcase time="0.00700000000006185" classname="ds.listServersideFunctions_smk_check_results" name="check_results"/>
    <testcase time="0.00500000000010914" classname="ds.listServersideFunctions_smk_check_results" name="check_results"/>
    <testcase time="0.00599999999985812" classname="ds.listServersideFunctions_smk_check_results" name="check_results"/>
    <testcase time="0.00700000000006185" classname="ds.listServersideFunctions_smk_check_results" name="check_results"/>
    <testcase time="0.00599999999985812" classname="ds.listServersideFunctions_smk_check_results" name="check_results"/>
    <testcase time="0.00700000000006185" classname="ds.listServersideFunctions_smk_check_results" name="check_results"/>
    <testcase time="0.00700000000006185" classname="ds.listServersideFunctions_smk_check_results" name="check_results"/>
    <testcase time="0.00700000000006185" classname="ds.listServersideFunctions_smk_check_results" name="check_results"/>
    <testcase time="0.00700000000006185" classname="ds.listServersideFunctions_smk_check_results" name="check_results"/>
    <testcase time="0.00599999999985812" classname="ds.listServersideFunctions_smk_check_results" name="check_results"/>
    <testcase time="0.00799999999981083" classname="ds.listServersideFunctions_smk_check_results" name="check_results"/>
    <testcase time="0.00600000000031287" classname="ds.listServersideFunctions_smk_check_results" name="check_results"/>
    <testcase time="0.0159999999996217" classname="ds.listServersideFunctions_smk_check_results" name="check_results"/>
    <testcase time="0.00600000000031287" classname="ds.listServersideFunctions_smk_check_results" name="check_results"/>
    <testcase time="0.00799999999981083" classname="ds.listServersideFunctions_smk_check_results" name="check_results"/>
    <testcase time="0.00700000000006185" classname="ds.listServersideFunctions_smk_check_results" name="check_results"/>
    <testcase time="0.00799999999981083" classname="ds.listServersideFunctions_smk_check_results" name="check_results"/>
    <testcase time="0.00700000000006185" classname="ds.listServersideFunctions_smk_check_results" name="check_results"/>
    <testcase time="0.00600000000031287" classname="ds.listServersideFunctions_smk_check_results" name="check_results"/>
    <testcase time="0.0069999999996071" classname="ds.listServersideFunctions_smk_check_results" name="check_results"/>
    <testcase time="0.00700000000006185" classname="ds.listServersideFunctions_smk_check_results" name="check_results"/>
    <testcase time="0.00700000000006185" classname="ds.listServersideFunctions_smk_check_results" name="check_results"/>
    <testcase time="0.00700000000006185" classname="ds.listServersideFunctions_smk_check_results" name="check_results"/>
    <testcase time="0.00700000000006185" classname="ds.listServersideFunctions_smk_check_results" name="check_results"/>
    <testcase time="0.00700000000006185" classname="ds.listServersideFunctions_smk_check_results" name="check_results"/>
    <testcase time="0.00799999999981083" classname="ds.listServersideFunctions_smk_check_results" name="check_results"/>
    <testcase time="0.00800000000026557" classname="ds.listServersideFunctions_smk_check_results" name="check_results"/>
    <testcase time="0.00700000000006185" classname="ds.listServersideFunctions_smk_check_results" name="check_results"/>
    <testcase time="0.00799999999981083" classname="ds.listServersideFunctions_smk_check_results" name="check_results"/>
    <testcase time="0.00700000000006185" classname="ds.listServersideFunctions_smk_check_results" name="check_results"/>
    <testcase time="0.00799999999981083" classname="ds.listServersideFunctions_smk_check_results" name="check_results"/>
    <testcase time="0.0160000000000764" classname="ds.listServersideFunctions_smk_check_results" name="check_results"/>
    <testcase time="0.00700000000006185" classname="ds.listServersideFunctions_smk_check_results" name="check_results"/>
    <testcase time="0.00700000000006185" classname="ds.listServersideFunctions_smk_check_results" name="check_results"/>
    <testcase time="0.00700000000006185" classname="ds.listServersideFunctions_smk_check_results" name="check_results"/>
    <testcase time="0.0069999999996071" classname="ds.listServersideFunctions_smk_check_results" name="check_results"/>
    <testcase time="0.00700000000006185" classname="ds.listServersideFunctions_smk_check_results" name="check_results"/>
    <testcase time="0.00700000000006185" classname="ds.listServersideFunctions_smk_check_results" name="check_results"/>
    <testcase time="0.00700000000006185" classname="ds.listServersideFunctions_smk_check_results" name="check_results"/>
    <testcase time="0.00700000000006185" classname="ds.listServersideFunctions_smk_check_results" name="check_results"/>
    <testcase time="0.00700000000006185" classname="ds.listServersideFunctions_smk_check_results" name="check_results"/>
  </testsuite>
  <testsuite name="ds.lmerSLMA::smk::setup phase 1" timestamp="2020-05-04T23:31:25Z" hostname="fv-az14" tests="3" skipped="0" failures="0" errors="0" time="5.464">
    <testcase time="5.46199999999999" classname="ds.lmerSLMA_smk_setup_phase_1" name="setup"/>
    <testcase time="0.000999999999748979" classname="ds.lmerSLMA_smk_setup_phase_1" name="setup"/>
    <testcase time="0.00100000000020373" classname="ds.lmerSLMA_smk_setup_phase_1" name="setup"/>
  </testsuite>
  <testsuite name="ds.lmerSLMA::smk::phase 1" timestamp="2020-05-04T23:31:30Z" hostname="fv-az14" tests="11" skipped="0" failures="0" errors="0" time="12.647">
    <testcase time="2.471" classname="ds.lmerSLMA_smk_phase_1" name="simple_lmerSLMA"/>
    <testcase time="0.802000000000135" classname="ds.lmerSLMA_smk_phase_1" name="alternative_formulae_for_nested_groups"/>
    <testcase time="0.743999999999687" classname="ds.lmerSLMA_smk_phase_1" name="alternative_formulae_for_nested_groups"/>
    <testcase time="0.690000000000055" classname="ds.lmerSLMA_smk_phase_1" name="alternative_formulae_for_nested_groups"/>
    <testcase time="0.639999999999873" classname="ds.lmerSLMA_smk_phase_1" name="server_side_error"/>
    <testcase time="0.26700000000028" classname="ds.lmerSLMA_smk_phase_1" name="server_side_error"/>
    <testcase time="0.708000000000084" classname="ds.lmerSLMA_smk_phase_1" name="server_side_error"/>
    <testcase time="4.17099999999982" classname="ds.lmerSLMA_smk_phase_1" name="test_offsets_and_weights"/>
    <testcase time="0.715999999999894" classname="ds.lmerSLMA_smk_phase_1" name="test_offsets_and_weights"/>
    <testcase time="0.718000000000302" classname="ds.lmerSLMA_smk_phase_1" name="test_offsets_and_weights"/>
    <testcase time="0.7199999999998" classname="ds.lmerSLMA_smk_phase_1" name="test_offsets_and_weights"/>
  </testsuite>
  <testsuite name="ds.lmerSLMA::smk::shutdown phase 1" timestamp="2020-05-04T23:31:43Z" hostname="fv-az14" tests="3" skipped="0" failures="0" errors="0" time="0.281">
    <testcase time="0.278000000000247" classname="ds.lmerSLMA_smk_shutdown_phase_1" name="shutdown"/>
    <testcase time="0.00199999999995271" classname="ds.lmerSLMA_smk_shutdown_phase_1" name="shutdown"/>
    <testcase time="0.000999999999748979" classname="ds.lmerSLMA_smk_shutdown_phase_1" name="shutdown"/>
  </testsuite>
  <testsuite name="ds.lmerSLMA::smk::setup phase 2" timestamp="2020-05-04T23:31:44Z" hostname="fv-az14" tests="3" skipped="0" failures="0" errors="0" time="5.689">
    <testcase time="5.68600000000015" classname="ds.lmerSLMA_smk_setup_phase_2" name="setup"/>
    <testcase time="0.000999999999748979" classname="ds.lmerSLMA_smk_setup_phase_2" name="setup"/>
    <testcase time="0.00200000000040745" classname="ds.lmerSLMA_smk_setup_phase_2" name="setup"/>
  </testsuite>
  <testsuite name="ds.lmerSLMA::smk::test phase 2" timestamp="2020-05-04T23:31:49Z" hostname="fv-az14" tests="1" skipped="1" failures="0" errors="0" time="0.01">
    <testcase time="0.00999999999976353" classname="ds.lmerSLMA_smk_test_phase_2" name="check_slope_formulae">
      <skipped/>
    </testcase>
  </testsuite>
  <testsuite name="ds.lmerSLMA::smk::shutdown phase 2" timestamp="2020-05-04T23:31:49Z" hostname="fv-az14" tests="3" skipped="0" failures="0" errors="0" time="0.279">
    <testcase time="0.27599999999984" classname="ds.lmerSLMA_smk_shutdown_phase_2" name="shutdown"/>
    <testcase time="0.00199999999995271" classname="ds.lmerSLMA_smk_shutdown_phase_2" name="shutdown"/>
    <testcase time="0.00100000000020373" classname="ds.lmerSLMA_smk_shutdown_phase_2" name="shutdown"/>
  </testsuite>
  <testsuite name="ds.lmerSLMA::smk::done" timestamp="2020-05-04T23:31:50Z" hostname="fv-az14" tests="0" skipped="0" failures="0" errors="0" time="0"/>
  <testsuite name="ds.log::smk::setup" timestamp="2020-05-04T23:31:50Z" hostname="fv-az14" tests="3" skipped="0" failures="0" errors="0" time="5.467">
    <testcase time="5.46399999999994" classname="ds.log_smk_setup" name="setup"/>
    <testcase time="0.00199999999995271" classname="ds.log_smk_setup" name="setup"/>
    <testcase time="0.00100000000020373" classname="ds.log_smk_setup" name="setup"/>
  </testsuite>
  <testsuite name="ds.log::smk" timestamp="2020-05-04T23:31:55Z" hostname="fv-az14" tests="30" skipped="0" failures="0" errors="0" time="5.522">
    <testcase time="1.57999999999993" classname="ds.log_smk" name="simple_log"/>
    <testcase time="0.309999999999945" classname="ds.log_smk" name="simple_log"/>
    <testcase time="0.00100000000020373" classname="ds.log_smk" name="simple_log"/>
    <testcase time="0.00199999999995271" classname="ds.log_smk" name="simple_log"/>
    <testcase time="0.000999999999748979" classname="ds.log_smk" name="simple_log"/>
    <testcase time="0.00100000000020373" classname="ds.log_smk" name="simple_log"/>
    <testcase time="0.000999999999748979" classname="ds.log_smk" name="simple_log"/>
    <testcase time="0.00200000000040745" classname="ds.log_smk" name="simple_log"/>
    <testcase time="0.524999999999636" classname="ds.log_smk" name="simple_log"/>
    <testcase time="0.00100000000020373" classname="ds.log_smk" name="simple_log"/>
    <testcase time="0.000999999999748979" classname="ds.log_smk" name="simple_log"/>
    <testcase time="0.00200000000040745" classname="ds.log_smk" name="simple_log"/>
    <testcase time="0.000999999999748979" classname="ds.log_smk" name="simple_log"/>
    <testcase time="0.00100000000020373" classname="ds.log_smk" name="simple_log"/>
    <testcase time="0.00199999999995271" classname="ds.log_smk" name="simple_log"/>
    <testcase time="2.27099999999973" classname="ds.log_smk" name="simple_log"/>
    <testcase time="0.262000000000171" classname="ds.log_smk" name="simple_log"/>
    <testcase time="0.00199999999995271" classname="ds.log_smk" name="simple_log"/>
    <testcase time="0.00100000000020373" classname="ds.log_smk" name="simple_log"/>
    <testcase time="0.00199999999995271" classname="ds.log_smk" name="simple_log"/>
    <testcase time="0.000999999999748979" classname="ds.log_smk" name="simple_log"/>
    <testcase time="0.00199999999995271" classname="ds.log_smk" name="simple_log"/>
    <testcase time="0.00100000000020373" classname="ds.log_smk" name="simple_log"/>
    <testcase time="0.529999999999745" classname="ds.log_smk" name="simple_log"/>
    <testcase time="0.00100000000020373" classname="ds.log_smk" name="simple_log"/>
    <testcase time="0.00199999999995271" classname="ds.log_smk" name="simple_log"/>
    <testcase time="0.00199999999995271" classname="ds.log_smk" name="simple_log"/>
    <testcase time="0.0109999999999673" classname="ds.log_smk" name="simple_log"/>
    <testcase time="0.00199999999995271" classname="ds.log_smk" name="simple_log"/>
    <testcase time="0.00100000000020373" classname="ds.log_smk" name="simple_log"/>
  </testsuite>
  <testsuite name="ds.log::smk::shutdown" timestamp="2020-05-04T23:32:00Z" hostname="fv-az14" tests="3" skipped="0" failures="0" errors="0" time="0.279">
    <testcase time="0.277000000000044" classname="ds.log_smk_shutdown" name="shutdown"/>
    <testcase time="0.000999999999748979" classname="ds.log_smk_shutdown" name="shutdown"/>
    <testcase time="0.00100000000020373" classname="ds.log_smk_shutdown" name="shutdown"/>
  </testsuite>
  <testsuite name="ds.log::smk::done" timestamp="2020-05-04T23:32:01Z" hostname="fv-az14" tests="0" skipped="0" failures="0" errors="0" time="0"/>
  <testsuite name="ds.look::smk::setup" timestamp="2020-05-04T23:32:01Z" hostname="fv-az14" tests="3" skipped="0" failures="0" errors="0" time="5.534">
    <testcase time="5.53200000000015" classname="ds.look_smk_setup" name="setup"/>
    <testcase time="0.000999999999748979" classname="ds.look_smk_setup" name="setup"/>
    <testcase time="0.00100000000020373" classname="ds.look_smk_setup" name="setup"/>
  </testsuite>
  <testsuite name="ds.look::smk" timestamp="2020-05-04T23:32:06Z" hostname="fv-az14" tests="5" skipped="0" failures="0" errors="0" time="0.283">
    <testcase time="0.277000000000044" classname="ds.look_smk" name="simple_look"/>
    <testcase time="0.00199999999995271" classname="ds.look_smk" name="simple_look"/>
    <testcase time="0.000999999999748979" classname="ds.look_smk" name="simple_look"/>
    <testcase time="0.00100000000020373" classname="ds.look_smk" name="simple_look"/>
    <testcase time="0.00199999999995271" classname="ds.look_smk" name="simple_look"/>
  </testsuite>
  <testsuite name="ds.look::smk::shutdown" timestamp="2020-05-04T23:32:06Z" hostname="fv-az14" tests="3" skipped="0" failures="0" errors="0" time="0.279">
    <testcase time="0.27599999999984" classname="ds.look_smk_shutdown" name="shutdown"/>
    <testcase time="0.00199999999995271" classname="ds.look_smk_shutdown" name="shutdown"/>
    <testcase time="0.00100000000020373" classname="ds.look_smk_shutdown" name="shutdown"/>
  </testsuite>
  <testsuite name="ds.look::smk::done" timestamp="2020-05-04T23:32:07Z" hostname="fv-az14" tests="0" skipped="0" failures="0" errors="0" time="0"/>
  <testsuite name="ds.ls::smk::setup" timestamp="2020-05-04T23:32:07Z" hostname="fv-az14" tests="3" skipped="0" failures="0" errors="0" time="5.499">
    <testcase time="5.49699999999984" classname="ds.ls_smk_setup" name="setup"/>
    <testcase time="0.00100000000020373" classname="ds.ls_smk_setup" name="setup"/>
    <testcase time="0.000999999999748979" classname="ds.ls_smk_setup" name="setup"/>
  </testsuite>
  <testsuite name="ds.ls::smk" timestamp="2020-05-04T23:32:12Z" hostname="fv-az14" tests="53" skipped="0" failures="0" errors="0" time="1.49">
    <testcase time="0.333999999999833" classname="ds.ls_smk" name="simple_ls"/>
    <testcase time="0.00100000000020373" classname="ds.ls_smk" name="simple_ls"/>
    <testcase time="0.00199999999995271" classname="ds.ls_smk" name="simple_ls"/>
    <testcase time="0.00100000000020373" classname="ds.ls_smk" name="simple_ls"/>
    <testcase time="0.000999999999748979" classname="ds.ls_smk" name="simple_ls"/>
    <testcase time="0.00100000000020373" classname="ds.ls_smk" name="simple_ls"/>
    <testcase time="0.00199999999995271" classname="ds.ls_smk" name="simple_ls"/>
    <testcase time="0.000999999999748979" classname="ds.ls_smk" name="simple_ls"/>
    <testcase time="0.00100000000020373" classname="ds.ls_smk" name="simple_ls"/>
    <testcase time="0.00199999999995271" classname="ds.ls_smk" name="simple_ls"/>
    <testcase time="0.00100000000020373" classname="ds.ls_smk" name="simple_ls"/>
    <testcase time="0.000999999999748979" classname="ds.ls_smk" name="simple_ls"/>
    <testcase time="0.00199999999995271" classname="ds.ls_smk" name="simple_ls"/>
    <testcase time="0.264999999999873" classname="ds.ls_smk" name="simple_ls_with_envir"/>
    <testcase time="0.00200000000040745" classname="ds.ls_smk" name="simple_ls_with_envir"/>
    <testcase time="0.00199999999995271" classname="ds.ls_smk" name="simple_ls_with_envir"/>
    <testcase time="0.000999999999748979" classname="ds.ls_smk" name="simple_ls_with_envir"/>
    <testcase time="0.00199999999995271" classname="ds.ls_smk" name="simple_ls_with_envir"/>
    <testcase time="0.00199999999995271" classname="ds.ls_smk" name="simple_ls_with_envir"/>
    <testcase time="0.00100000000020373" classname="ds.ls_smk" name="simple_ls_with_envir"/>
    <testcase time="0.00199999999995271" classname="ds.ls_smk" name="simple_ls_with_envir"/>
    <testcase time="0.00100000000020373" classname="ds.ls_smk" name="simple_ls_with_envir"/>
    <testcase time="0.00199999999995271" classname="ds.ls_smk" name="simple_ls_with_envir"/>
    <testcase time="0.277999999999793" classname="ds.ls_smk" name="simple_ls_with_envir_with_wildcard_postfix"/>
    <testcase time="0.00199999999995271" classname="ds.ls_smk" name="simple_ls_with_envir_with_wildcard_postfix"/>
    <testcase time="0.00100000000020373" classname="ds.ls_smk" name="simple_ls_with_envir_with_wildcard_postfix"/>
    <testcase time="0.00199999999995271" classname="ds.ls_smk" name="simple_ls_with_envir_with_wildcard_postfix"/>
    <testcase time="0.00100000000020373" classname="ds.ls_smk" name="simple_ls_with_envir_with_wildcard_postfix"/>
    <testcase time="0.00199999999995271" classname="ds.ls_smk" name="simple_ls_with_envir_with_wildcard_postfix"/>
    <testcase time="0.000999999999748979" classname="ds.ls_smk" name="simple_ls_with_envir_with_wildcard_postfix"/>
    <testcase time="0.00199999999995271" classname="ds.ls_smk" name="simple_ls_with_envir_with_wildcard_postfix"/>
    <testcase time="0.00199999999995271" classname="ds.ls_smk" name="simple_ls_with_envir_with_wildcard_postfix"/>
    <testcase time="0.00100000000020373" classname="ds.ls_smk" name="simple_ls_with_envir_with_wildcard_postfix"/>
    <testcase time="0.268999999999778" classname="ds.ls_smk" name="simple_ls_with_envir_with_wildcard_infix"/>
    <testcase time="0.00200000000040745" classname="ds.ls_smk" name="simple_ls_with_envir_with_wildcard_infix"/>
    <testcase time="0.00199999999995271" classname="ds.ls_smk" name="simple_ls_with_envir_with_wildcard_infix"/>
    <testcase time="0.00199999999995271" classname="ds.ls_smk" name="simple_ls_with_envir_with_wildcard_infix"/>
    <testcase time="0.00199999999995271" classname="ds.ls_smk" name="simple_ls_with_envir_with_wildcard_infix"/>
    <testcase time="0.000999999999748979" classname="ds.ls_smk" name="simple_ls_with_envir_with_wildcard_infix"/>
    <testcase time="0.00199999999995271" classname="ds.ls_smk" name="simple_ls_with_envir_with_wildcard_infix"/>
    <testcase time="0.00200000000040745" classname="ds.ls_smk" name="simple_ls_with_envir_with_wildcard_infix"/>
    <testcase time="0.00199999999995271" classname="ds.ls_smk" name="simple_ls_with_envir_with_wildcard_infix"/>
    <testcase time="0.00199999999995271" classname="ds.ls_smk" name="simple_ls_with_envir_with_wildcard_infix"/>
    <testcase time="0.264000000000124" classname="ds.ls_smk" name="simple_ls_with_envir_with_wildcard_prefix"/>
    <testcase time="0.00199999999995271" classname="ds.ls_smk" name="simple_ls_with_envir_with_wildcard_prefix"/>
    <testcase time="0.00199999999995271" classname="ds.ls_smk" name="simple_ls_with_envir_with_wildcard_prefix"/>
    <testcase time="0.00199999999995271" classname="ds.ls_smk" name="simple_ls_with_envir_with_wildcard_prefix"/>
    <testcase time="0.00199999999995271" classname="ds.ls_smk" name="simple_ls_with_envir_with_wildcard_prefix"/>
    <testcase time="0.00199999999995271" classname="ds.ls_smk" name="simple_ls_with_envir_with_wildcard_prefix"/>
    <testcase time="0.00199999999995271" classname="ds.ls_smk" name="simple_ls_with_envir_with_wildcard_prefix"/>
    <testcase time="0.00199999999995271" classname="ds.ls_smk" name="simple_ls_with_envir_with_wildcard_prefix"/>
    <testcase time="0.00199999999995271" classname="ds.ls_smk" name="simple_ls_with_envir_with_wildcard_prefix"/>
    <testcase time="0.00199999999995271" classname="ds.ls_smk" name="simple_ls_with_envir_with_wildcard_prefix"/>
  </testsuite>
  <testsuite name="ds.ls::smk::shutdown" timestamp="2020-05-04T23:32:13Z" hostname="fv-az14" tests="3" skipped="0" failures="0" errors="0" time="0.281">
    <testcase time="0.278999999999996" classname="ds.ls_smk_shutdown" name="shutdown"/>
    <testcase time="0.00100000000020373" classname="ds.ls_smk_shutdown" name="shutdown"/>
    <testcase time="0.000999999999748979" classname="ds.ls_smk_shutdown" name="shutdown"/>
  </testsuite>
  <testsuite name="ds.ls::smk::done" timestamp="2020-05-04T23:32:14Z" hostname="fv-az14" tests="0" skipped="0" failures="0" errors="0" time="0"/>
  <testsuite name="ds.make::smk::setup" timestamp="2020-05-04T23:32:14Z" hostname="fv-az14" tests="3" skipped="0" failures="0" errors="0" time="5.503">
    <testcase time="5.5010000000002" classname="ds.make_smk_setup" name="setup"/>
    <testcase time="0.000999999999748979" classname="ds.make_smk_setup" name="setup"/>
    <testcase time="0.00100000000020373" classname="ds.make_smk_setup" name="setup"/>
  </testsuite>
  <testsuite name="ds.make::smk" timestamp="2020-05-04T23:32:19Z" hostname="fv-az14" tests="3" skipped="0" failures="0" errors="0" time="0.822">
    <testcase time="0.809999999999945" classname="ds.make_smk" name="simple_make"/>
    <testcase time="0.0109999999999673" classname="ds.make_smk" name="simple_make"/>
    <testcase time="0.00100000000020373" classname="ds.make_smk" name="simple_make"/>
  </testsuite>
  <testsuite name="ds.make::smk::shutdown" timestamp="2020-05-04T23:32:20Z" hostname="fv-az14" tests="3" skipped="0" failures="0" errors="0" time="0.277">
    <testcase time="0.273999999999887" classname="ds.make_smk_shutdown" name="shutdown"/>
    <testcase time="0.00199999999995271" classname="ds.make_smk_shutdown" name="shutdown"/>
    <testcase time="0.000999999999748979" classname="ds.make_smk_shutdown" name="shutdown"/>
  </testsuite>
  <testsuite name="ds.make::smk::done" timestamp="2020-05-04T23:32:21Z" hostname="fv-az14" tests="0" skipped="0" failures="0" errors="0" time="0"/>
  <testsuite name="ds.matrixDet::smk::setup" timestamp="2020-05-04T23:32:21Z" hostname="fv-az14" tests="3" skipped="0" failures="0" errors="0" time="5.443">
    <testcase time="5.44100000000026" classname="ds.matrixDet_smk_setup" name="setup"/>
    <testcase time="0.00100000000020373" classname="ds.matrixDet_smk_setup" name="setup"/>
    <testcase time="0.00100000000020373" classname="ds.matrixDet_smk_setup" name="setup"/>
  </testsuite>
  <testsuite name="ds.matrixDet::smk" timestamp="2020-05-04T23:32:26Z" hostname="fv-az14" tests="7" skipped="0" failures="0" errors="0" time="2.334">
    <testcase time="1.79199999999992" classname="ds.matrixDet_smk" name="simplest_ds.matrixDet"/>
    <testcase time="0.00199999999995271" classname="ds.matrixDet_smk" name="simplest_ds.matrixDet"/>
    <testcase time="0.000999999999748979" classname="ds.matrixDet_smk" name="simplest_ds.matrixDet"/>
    <testcase time="0.535000000000309" classname="ds.matrixDet_smk" name="simplest_ds.matrixDet"/>
    <testcase time="0.000999999999748979" classname="ds.matrixDet_smk" name="simplest_ds.matrixDet"/>
    <testcase time="0.00100000000020373" classname="ds.matrixDet_smk" name="simplest_ds.matrixDet"/>
    <testcase time="0.00199999999995271" classname="ds.matrixDet_smk" name="simplest_ds.matrixDet"/>
  </testsuite>
  <testsuite name="ds.matrixDet::smk::shutdown" timestamp="2020-05-04T23:32:28Z" hostname="fv-az14" tests="3" skipped="0" failures="0" errors="0" time="0.285">
    <testcase time="0.282000000000153" classname="ds.matrixDet_smk_shutdown" name="shutdown"/>
    <testcase time="0.00199999999995271" classname="ds.matrixDet_smk_shutdown" name="shutdown"/>
    <testcase time="0.000999999999748979" classname="ds.matrixDet_smk_shutdown" name="shutdown"/>
  </testsuite>
  <testsuite name="ds.matrixDet::smk::done" timestamp="2020-05-04T23:32:29Z" hostname="fv-az14" tests="0" skipped="0" failures="0" errors="0" time="0"/>
  <testsuite name="ds.matrixDet.report::smk::setup" timestamp="2020-05-04T23:32:29Z" hostname="fv-az14" tests="3" skipped="0" failures="0" errors="0" time="5.448">
    <testcase time="5.44599999999991" classname="ds.matrixDet.report_smk_setup" name="setup"/>
    <testcase time="0.00100000000020373" classname="ds.matrixDet.report_smk_setup" name="setup"/>
    <testcase time="0.000999999999748979" classname="ds.matrixDet.report_smk_setup" name="setup"/>
  </testsuite>
  <testsuite name="ds.matrixDet.report::smk" timestamp="2020-05-04T23:32:34Z" hostname="fv-az14" tests="14" skipped="0" failures="0" errors="0" time="1.189">
    <testcase time="1.17300000000023" classname="ds.matrixDet.report_smk" name="simplest_ds.matrixDet.report"/>
    <testcase time="0.00100000000020373" classname="ds.matrixDet.report_smk" name="simplest_ds.matrixDet.report"/>
    <testcase time="0.000999999999748979" classname="ds.matrixDet.report_smk" name="simplest_ds.matrixDet.report"/>
    <testcase time="0.00199999999995271" classname="ds.matrixDet.report_smk" name="simplest_ds.matrixDet.report"/>
    <testcase time="0.00100000000020373" classname="ds.matrixDet.report_smk" name="simplest_ds.matrixDet.report"/>
    <testcase time="0.000999999999748979" classname="ds.matrixDet.report_smk" name="simplest_ds.matrixDet.report"/>
    <testcase time="0.00100000000020373" classname="ds.matrixDet.report_smk" name="simplest_ds.matrixDet.report"/>
    <testcase time="0.000999999999748979" classname="ds.matrixDet.report_smk" name="simplest_ds.matrixDet.report"/>
    <testcase time="0.00200000000040745" classname="ds.matrixDet.report_smk" name="simplest_ds.matrixDet.report"/>
    <testcase time="0.000999999999748979" classname="ds.matrixDet.report_smk" name="simplest_ds.matrixDet.report"/>
    <testcase time="0.00100000000020373" classname="ds.matrixDet.report_smk" name="simplest_ds.matrixDet.report"/>
    <testcase time="0.000999999999748979" classname="ds.matrixDet.report_smk" name="simplest_ds.matrixDet.report"/>
    <testcase time="0.00199999999995271" classname="ds.matrixDet.report_smk" name="simplest_ds.matrixDet.report"/>
    <testcase time="0.00100000000020373" classname="ds.matrixDet.report_smk" name="simplest_ds.matrixDet.report"/>
  </testsuite>
  <testsuite name="ds.matrixDet.report::smk::shutdown" timestamp="2020-05-04T23:32:35Z" hostname="fv-az14" tests="3" skipped="0" failures="0" errors="0" time="0.278">
    <testcase time="0.27599999999984" classname="ds.matrixDet.report_smk_shutdown" name="shutdown"/>
    <testcase time="0.00100000000020373" classname="ds.matrixDet.report_smk_shutdown" name="shutdown"/>
    <testcase time="0.00100000000020373" classname="ds.matrixDet.report_smk_shutdown" name="shutdown"/>
  </testsuite>
  <testsuite name="ds.matrixDet.report::smk::done" timestamp="2020-05-04T23:32:36Z" hostname="fv-az14" tests="0" skipped="0" failures="0" errors="0" time="0"/>
  <testsuite name="ds.matrixDiag::smk::setup" timestamp="2020-05-04T23:32:36Z" hostname="fv-az14" tests="3" skipped="0" failures="0" errors="0" time="5.395">
    <testcase time="5.39300000000003" classname="ds.matrixDiag_smk_setup" name="setup"/>
    <testcase time="0.000999999999748979" classname="ds.matrixDiag_smk_setup" name="setup"/>
    <testcase time="0.00100000000020373" classname="ds.matrixDiag_smk_setup" name="setup"/>
  </testsuite>
  <testsuite name="ds.matrixDiag::smk" timestamp="2020-05-04T23:32:41Z" hostname="fv-az14" tests="7" skipped="0" failures="0" errors="0" time="1.49">
    <testcase time="0.95699999999988" classname="ds.matrixDiag_smk" name="simplest_ds.matrixDiag"/>
    <testcase time="0.00100000000020373" classname="ds.matrixDiag_smk" name="simplest_ds.matrixDiag"/>
    <testcase time="0.00199999999995271" classname="ds.matrixDiag_smk" name="simplest_ds.matrixDiag"/>
    <testcase time="0.52599999999984" classname="ds.matrixDiag_smk" name="simplest_ds.matrixDiag"/>
    <testcase time="0.00100000000020373" classname="ds.matrixDiag_smk" name="simplest_ds.matrixDiag"/>
    <testcase time="0.00199999999995271" classname="ds.matrixDiag_smk" name="simplest_ds.matrixDiag"/>
    <testcase time="0.000999999999748979" classname="ds.matrixDiag_smk" name="simplest_ds.matrixDiag"/>
  </testsuite>
  <testsuite name="ds.matrixDiag::smk" timestamp="2020-05-04T23:32:42Z" hostname="fv-az14" tests="7" skipped="0" failures="0" errors="0" time="1.336">
    <testcase time="0.80600000000004" classname="ds.matrixDiag_smk" name="simplest_ds.matrixDiag"/>
    <testcase time="0.00100000000020373" classname="ds.matrixDiag_smk" name="simplest_ds.matrixDiag"/>
    <testcase time="0.000999999999748979" classname="ds.matrixDiag_smk" name="simplest_ds.matrixDiag"/>
    <testcase time="0.524000000000342" classname="ds.matrixDiag_smk" name="simplest_ds.matrixDiag"/>
    <testcase time="0.000999999999748979" classname="ds.matrixDiag_smk" name="simplest_ds.matrixDiag"/>
    <testcase time="0.00199999999995271" classname="ds.matrixDiag_smk" name="simplest_ds.matrixDiag"/>
    <testcase time="0.00100000000020373" classname="ds.matrixDiag_smk" name="simplest_ds.matrixDiag"/>
  </testsuite>
  <testsuite name="ds.matrixDiag::smk::shutdown" timestamp="2020-05-04T23:32:43Z" hostname="fv-az14" tests="3" skipped="0" failures="0" errors="0" time="0.278">
    <testcase time="0.275000000000091" classname="ds.matrixDiag_smk_shutdown" name="shutdown"/>
    <testcase time="0.00199999999995271" classname="ds.matrixDiag_smk_shutdown" name="shutdown"/>
    <testcase time="0.000999999999748979" classname="ds.matrixDiag_smk_shutdown" name="shutdown"/>
  </testsuite>
  <testsuite name="ds.matrixDiag::smk::done" timestamp="2020-05-04T23:32:44Z" hostname="fv-az14" tests="0" skipped="0" failures="0" errors="0" time="0"/>
  <testsuite name="ds.matrixDimnames::smk::setup" timestamp="2020-05-04T23:32:44Z" hostname="fv-az14" tests="3" skipped="0" failures="0" errors="0" time="5.463">
    <testcase time="5.46100000000024" classname="ds.matrixDimnames_smk_setup" name="setup"/>
    <testcase time="0.000999999999748979" classname="ds.matrixDimnames_smk_setup" name="setup"/>
    <testcase time="0.00100000000020373" classname="ds.matrixDimnames_smk_setup" name="setup"/>
  </testsuite>
  <testsuite name="ds.matrixDimnames::smk" timestamp="2020-05-04T23:32:49Z" hostname="fv-az14" tests="7" skipped="0" failures="0" errors="0" time="2.254">
    <testcase time="1.71900000000005" classname="ds.matrixDimnames_smk" name="simplest_ds.matrixDimnames"/>
    <testcase time="0.000999999999748979" classname="ds.matrixDimnames_smk" name="simplest_ds.matrixDimnames"/>
    <testcase time="0.00199999999995271" classname="ds.matrixDimnames_smk" name="simplest_ds.matrixDimnames"/>
    <testcase time="0.528000000000247" classname="ds.matrixDimnames_smk" name="simplest_ds.matrixDimnames"/>
    <testcase time="0.000999999999748979" classname="ds.matrixDimnames_smk" name="simplest_ds.matrixDimnames"/>
    <testcase time="0.00100000000020373" classname="ds.matrixDimnames_smk" name="simplest_ds.matrixDimnames"/>
    <testcase time="0.00199999999995271" classname="ds.matrixDimnames_smk" name="simplest_ds.matrixDimnames"/>
  </testsuite>
  <testsuite name="ds.matrixDimnames::smk::shutdown" timestamp="2020-05-04T23:32:51Z" hostname="fv-az14" tests="3" skipped="0" failures="0" errors="0" time="0.29">
    <testcase time="0.288000000000011" classname="ds.matrixDimnames_smk_shutdown" name="shutdown"/>
    <testcase time="0.00100000000020373" classname="ds.matrixDimnames_smk_shutdown" name="shutdown"/>
    <testcase time="0.000999999999748979" classname="ds.matrixDimnames_smk_shutdown" name="shutdown"/>
  </testsuite>
  <testsuite name="ds.matrixDimnames::smk::done" timestamp="2020-05-04T23:32:52Z" hostname="fv-az14" tests="0" skipped="0" failures="0" errors="0" time="0"/>
  <testsuite name="ds.matrixInvert::smk::setup" timestamp="2020-05-04T23:32:52Z" hostname="fv-az14" tests="3" skipped="0" failures="0" errors="0" time="5.429">
    <testcase time="5.42599999999993" classname="ds.matrixInvert_smk_setup" name="setup"/>
    <testcase time="0.00199999999995271" classname="ds.matrixInvert_smk_setup" name="setup"/>
    <testcase time="0.00100000000020373" classname="ds.matrixInvert_smk_setup" name="setup"/>
  </testsuite>
  <testsuite name="ds.matrixInvert::smk" timestamp="2020-05-04T23:32:57Z" hostname="fv-az14" tests="7" skipped="0" failures="0" errors="0" time="2.277">
    <testcase time="1.74299999999994" classname="ds.matrixInvert_smk" name="simplest_ds.matrixInvert"/>
    <testcase time="0.00199999999995271" classname="ds.matrixInvert_smk" name="simplest_ds.matrixInvert"/>
    <testcase time="0.00100000000020373" classname="ds.matrixInvert_smk" name="simplest_ds.matrixInvert"/>
    <testcase time="0.527000000000044" classname="ds.matrixInvert_smk" name="simplest_ds.matrixInvert"/>
    <testcase time="0.000999999999748979" classname="ds.matrixInvert_smk" name="simplest_ds.matrixInvert"/>
    <testcase time="0.00100000000020373" classname="ds.matrixInvert_smk" name="simplest_ds.matrixInvert"/>
    <testcase time="0.00199999999995271" classname="ds.matrixInvert_smk" name="simplest_ds.matrixInvert"/>
  </testsuite>
  <testsuite name="ds.matrixInvert::smk::shutdown" timestamp="2020-05-04T23:32:59Z" hostname="fv-az14" tests="3" skipped="0" failures="0" errors="0" time="0.29">
    <testcase time="0.286999999999807" classname="ds.matrixInvert_smk_shutdown" name="shutdown"/>
    <testcase time="0.00199999999995271" classname="ds.matrixInvert_smk_shutdown" name="shutdown"/>
    <testcase time="0.00100000000020373" classname="ds.matrixInvert_smk_shutdown" name="shutdown"/>
  </testsuite>
  <testsuite name="ds.matrixInvert::smk::done" timestamp="2020-05-04T23:33:00Z" hostname="fv-az14" tests="0" skipped="0" failures="0" errors="0" time="0"/>
  <testsuite name="ds.matrixMult::smk::setup" timestamp="2020-05-04T23:33:00Z" hostname="fv-az14" tests="3" skipped="0" failures="0" errors="0" time="5.372">
    <testcase time="5.36900000000014" classname="ds.matrixMult_smk_setup" name="setup"/>
    <testcase time="0.00199999999995271" classname="ds.matrixMult_smk_setup" name="setup"/>
    <testcase time="0.000999999999748979" classname="ds.matrixMult_smk_setup" name="setup"/>
  </testsuite>
  <testsuite name="ds.matrixMult::smk" timestamp="2020-05-04T23:33:05Z" hostname="fv-az14" tests="7" skipped="0" failures="0" errors="0" time="3.053">
    <testcase time="2.52199999999993" classname="ds.matrixMult_smk" name="simplest_ds.matrixMult"/>
    <testcase time="0.00100000000020373" classname="ds.matrixMult_smk" name="simplest_ds.matrixMult"/>
    <testcase time="0.00100000000020373" classname="ds.matrixMult_smk" name="simplest_ds.matrixMult"/>
    <testcase time="0.524999999999636" classname="ds.matrixMult_smk" name="simplest_ds.matrixMult"/>
    <testcase time="0.00100000000020373" classname="ds.matrixMult_smk" name="simplest_ds.matrixMult"/>
    <testcase time="0.00199999999995271" classname="ds.matrixMult_smk" name="simplest_ds.matrixMult"/>
    <testcase time="0.00100000000020373" classname="ds.matrixMult_smk" name="simplest_ds.matrixMult"/>
  </testsuite>
  <testsuite name="ds.matrixMult::smk::shutdown" timestamp="2020-05-04T23:33:08Z" hostname="fv-az14" tests="3" skipped="0" failures="0" errors="0" time="0.275">
    <testcase time="0.271999999999935" classname="ds.matrixMult_smk_shutdown" name="shutdown"/>
    <testcase time="0.00199999999995271" classname="ds.matrixMult_smk_shutdown" name="shutdown"/>
    <testcase time="0.000999999999748979" classname="ds.matrixMult_smk_shutdown" name="shutdown"/>
  </testsuite>
  <testsuite name="ds.matrixMult::smk::done" timestamp="2020-05-04T23:33:09Z" hostname="fv-az14" tests="0" skipped="0" failures="0" errors="0" time="0"/>
  <testsuite name="ds.matrix::smk::setup" timestamp="2020-05-04T23:33:09Z" hostname="fv-az14" tests="3" skipped="0" failures="0" errors="0" time="5.42">
    <testcase time="5.41700000000037" classname="ds.matrix_smk_setup" name="setup"/>
    <testcase time="0.00199999999995271" classname="ds.matrix_smk_setup" name="setup"/>
    <testcase time="0.000999999999748979" classname="ds.matrix_smk_setup" name="setup"/>
  </testsuite>
  <testsuite name="ds.matrix::smk" timestamp="2020-05-04T23:33:14Z" hostname="fv-az14" tests="7" skipped="0" failures="0" errors="0" time="1.428">
    <testcase time="0.89200000000028" classname="ds.matrix_smk" name="simplest_ds.matrix"/>
    <testcase time="0.00199999999995271" classname="ds.matrix_smk" name="simplest_ds.matrix"/>
    <testcase time="0.000999999999748979" classname="ds.matrix_smk" name="simplest_ds.matrix"/>
    <testcase time="0.528999999999996" classname="ds.matrix_smk" name="simplest_ds.matrix"/>
    <testcase time="0.00100000000020373" classname="ds.matrix_smk" name="simplest_ds.matrix"/>
    <testcase time="0.000999999999748979" classname="ds.matrix_smk" name="simplest_ds.matrix"/>
    <testcase time="0.00199999999995271" classname="ds.matrix_smk" name="simplest_ds.matrix"/>
  </testsuite>
  <testsuite name="ds.matrix::smk::shutdown" timestamp="2020-05-04T23:33:15Z" hostname="fv-az14" tests="3" skipped="0" failures="0" errors="0" time="0.279">
    <testcase time="0.277000000000044" classname="ds.matrix_smk_shutdown" name="shutdown"/>
    <testcase time="0.00100000000020373" classname="ds.matrix_smk_shutdown" name="shutdown"/>
    <testcase time="0.000999999999748979" classname="ds.matrix_smk_shutdown" name="shutdown"/>
  </testsuite>
  <testsuite name="ds.matrix::smk::done" timestamp="2020-05-04T23:33:16Z" hostname="fv-az14" tests="0" skipped="0" failures="0" errors="0" time="0"/>
  <testsuite name="ds.matrixTranspose::smk::setup" timestamp="2020-05-04T23:33:16Z" hostname="fv-az14" tests="3" skipped="0" failures="0" errors="0" time="5.421">
    <testcase time="5.41800000000012" classname="ds.matrixTranspose_smk_setup" name="setup"/>
    <testcase time="0.00100000000020373" classname="ds.matrixTranspose_smk_setup" name="setup"/>
    <testcase time="0.00199999999995271" classname="ds.matrixTranspose_smk_setup" name="setup"/>
  </testsuite>
  <testsuite name="ds.matrixTranspose::smk" timestamp="2020-05-04T23:33:21Z" hostname="fv-az14" tests="7" skipped="0" failures="0" errors="0" time="2.267">
    <testcase time="1.73099999999977" classname="ds.matrixTranspose_smk" name="simplest_ds.matrixTranspose"/>
    <testcase time="0.00100000000020373" classname="ds.matrixTranspose_smk" name="simplest_ds.matrixTranspose"/>
    <testcase time="0.000999999999748979" classname="ds.matrixTranspose_smk" name="simplest_ds.matrixTranspose"/>
    <testcase time="0.5300000000002" classname="ds.matrixTranspose_smk" name="simplest_ds.matrixTranspose"/>
    <testcase time="0.00100000000020373" classname="ds.matrixTranspose_smk" name="simplest_ds.matrixTranspose"/>
    <testcase time="0.00199999999995271" classname="ds.matrixTranspose_smk" name="simplest_ds.matrixTranspose"/>
    <testcase time="0.000999999999748979" classname="ds.matrixTranspose_smk" name="simplest_ds.matrixTranspose"/>
  </testsuite>
  <testsuite name="ds.matrixTranspose::smk::shutdown" timestamp="2020-05-04T23:33:23Z" hostname="fv-az14" tests="3" skipped="0" failures="0" errors="0" time="0.283">
    <testcase time="0.280999999999949" classname="ds.matrixTranspose_smk_shutdown" name="shutdown"/>
    <testcase time="0.00100000000020373" classname="ds.matrixTranspose_smk_shutdown" name="shutdown"/>
    <testcase time="0.000999999999748979" classname="ds.matrixTranspose_smk_shutdown" name="shutdown"/>
  </testsuite>
  <testsuite name="ds.matrixTranspose::smk::done" timestamp="2020-05-04T23:33:24Z" hostname="fv-az14" tests="0" skipped="0" failures="0" errors="0" time="0"/>
  <testsuite name="ds.meanByClass::smk::setup" timestamp="2020-05-04T23:33:24Z" hostname="fv-az14" tests="3" skipped="0" failures="0" errors="0" time="5.586">
    <testcase time="5.58300000000008" classname="ds.meanByClass_smk_setup" name="setup"/>
    <testcase time="0.00100000000020373" classname="ds.meanByClass_smk_setup" name="setup"/>
    <testcase time="0.00199999999995271" classname="ds.meanByClass_smk_setup" name="setup"/>
  </testsuite>
  <testsuite name="ds.meanByClass::smk::LAB_TSC across PM_BMI_CATEGORICAL categories where both vectors are 'loose'" timestamp="2020-05-04T23:33:29Z" hostname="fv-az14" tests="7" skipped="0" failures="0" errors="0" time="9.587">
    <testcase time="9.57999999999993" classname="ds.meanByClass_smk_LAB_TSC_across_PM_BMI_CATEGORICAL_categories_where_both_vectors_are_loose_" name="LAB_TSC_across_"/>
    <testcase time="0.00100000000020373" classname="ds.meanByClass_smk_LAB_TSC_across_PM_BMI_CATEGORICAL_categories_where_both_vectors_are_loose_" name="LAB_TSC_across_"/>
    <testcase time="0.00199999999995271" classname="ds.meanByClass_smk_LAB_TSC_across_PM_BMI_CATEGORICAL_categories_where_both_vectors_are_loose_" name="LAB_TSC_across_"/>
    <testcase time="0.000999999999748979" classname="ds.meanByClass_smk_LAB_TSC_across_PM_BMI_CATEGORICAL_categories_where_both_vectors_are_loose_" name="LAB_TSC_across_"/>
    <testcase time="0.00100000000020373" classname="ds.meanByClass_smk_LAB_TSC_across_PM_BMI_CATEGORICAL_categories_where_both_vectors_are_loose_" name="LAB_TSC_across_"/>
    <testcase time="0.000999999999748979" classname="ds.meanByClass_smk_LAB_TSC_across_PM_BMI_CATEGORICAL_categories_where_both_vectors_are_loose_" name="LAB_TSC_across_"/>
    <testcase time="0.00100000000020373" classname="ds.meanByClass_smk_LAB_TSC_across_PM_BMI_CATEGORICAL_categories_where_both_vectors_are_loose_" name="LAB_TSC_across_"/>
  </testsuite>
  <testsuite name="ds.meanByClass::smk::calculate the mean proportion for LAB_HDL across PM_BMI_CATEGORICAL categories" timestamp="2020-05-04T23:33:39Z" hostname="fv-az14" tests="7" skipped="0" failures="0" errors="0" time="7.273">
    <testcase time="7.26499999999987" classname="ds.meanByClass_smk_calculate_the_mean_proportion_for_LAB_HDL_across_PM_BMI_CATEGORICAL_categories" name="LAB_HDL_across_PM_BMI_CATEGORICAL"/>
    <testcase time="0.00100000000020373" classname="ds.meanByClass_smk_calculate_the_mean_proportion_for_LAB_HDL_across_PM_BMI_CATEGORICAL_categories" name="LAB_HDL_across_PM_BMI_CATEGORICAL"/>
    <testcase time="0.00199999999995271" classname="ds.meanByClass_smk_calculate_the_mean_proportion_for_LAB_HDL_across_PM_BMI_CATEGORICAL_categories" name="LAB_HDL_across_PM_BMI_CATEGORICAL"/>
    <testcase time="0.000999999999748979" classname="ds.meanByClass_smk_calculate_the_mean_proportion_for_LAB_HDL_across_PM_BMI_CATEGORICAL_categories" name="LAB_HDL_across_PM_BMI_CATEGORICAL"/>
    <testcase time="0.00200000000040745" classname="ds.meanByClass_smk_calculate_the_mean_proportion_for_LAB_HDL_across_PM_BMI_CATEGORICAL_categories" name="LAB_HDL_across_PM_BMI_CATEGORICAL"/>
    <testcase time="0.000999999999748979" classname="ds.meanByClass_smk_calculate_the_mean_proportion_for_LAB_HDL_across_PM_BMI_CATEGORICAL_categories" name="LAB_HDL_across_PM_BMI_CATEGORICAL"/>
    <testcase time="0.00100000000020373" classname="ds.meanByClass_smk_calculate_the_mean_proportion_for_LAB_HDL_across_PM_BMI_CATEGORICAL_categories" name="LAB_HDL_across_PM_BMI_CATEGORICAL"/>
  </testsuite>
  <testsuite name="ds.meanByClass::smk::calculate the mean proportion for LAB_HDL &amp; LAB_TSC across bmi categories" timestamp="2020-05-04T23:33:46Z" hostname="fv-az14" tests="13" skipped="0" failures="0" errors="0" time="9.737">
    <testcase time="9.721" classname="ds.meanByClass_smk_calculate_the_mean_proportion_for_LAB_HDL_LAB_TSC_across_bmi_categories" name="LAB_HDL_LAB_TSC_across_PM_BMI_CATEGORICAL"/>
    <testcase time="0.00199999999995271" classname="ds.meanByClass_smk_calculate_the_mean_proportion_for_LAB_HDL_LAB_TSC_across_bmi_categories" name="LAB_HDL_LAB_TSC_across_PM_BMI_CATEGORICAL"/>
    <testcase time="0.000999999999748979" classname="ds.meanByClass_smk_calculate_the_mean_proportion_for_LAB_HDL_LAB_TSC_across_bmi_categories" name="LAB_HDL_LAB_TSC_across_PM_BMI_CATEGORICAL"/>
    <testcase time="0.00100000000020373" classname="ds.meanByClass_smk_calculate_the_mean_proportion_for_LAB_HDL_LAB_TSC_across_bmi_categories" name="LAB_HDL_LAB_TSC_across_PM_BMI_CATEGORICAL"/>
    <testcase time="0.00199999999995271" classname="ds.meanByClass_smk_calculate_the_mean_proportion_for_LAB_HDL_LAB_TSC_across_bmi_categories" name="LAB_HDL_LAB_TSC_across_PM_BMI_CATEGORICAL"/>
    <testcase time="0.000999999999748979" classname="ds.meanByClass_smk_calculate_the_mean_proportion_for_LAB_HDL_LAB_TSC_across_bmi_categories" name="LAB_HDL_LAB_TSC_across_PM_BMI_CATEGORICAL"/>
    <testcase time="0.00100000000020373" classname="ds.meanByClass_smk_calculate_the_mean_proportion_for_LAB_HDL_LAB_TSC_across_bmi_categories" name="LAB_HDL_LAB_TSC_across_PM_BMI_CATEGORICAL"/>
    <testcase time="0.00100000000020373" classname="ds.meanByClass_smk_calculate_the_mean_proportion_for_LAB_HDL_LAB_TSC_across_bmi_categories" name="LAB_HDL_LAB_TSC_across_PM_BMI_CATEGORICAL"/>
    <testcase time="0.00199999999995271" classname="ds.meanByClass_smk_calculate_the_mean_proportion_for_LAB_HDL_LAB_TSC_across_bmi_categories" name="LAB_HDL_LAB_TSC_across_PM_BMI_CATEGORICAL"/>
    <testcase time="0.000999999999748979" classname="ds.meanByClass_smk_calculate_the_mean_proportion_for_LAB_HDL_LAB_TSC_across_bmi_categories" name="LAB_HDL_LAB_TSC_across_PM_BMI_CATEGORICAL"/>
    <testcase time="0.00100000000020373" classname="ds.meanByClass_smk_calculate_the_mean_proportion_for_LAB_HDL_LAB_TSC_across_bmi_categories" name="LAB_HDL_LAB_TSC_across_PM_BMI_CATEGORICAL"/>
    <testcase time="0.00199999999995271" classname="ds.meanByClass_smk_calculate_the_mean_proportion_for_LAB_HDL_LAB_TSC_across_bmi_categories" name="LAB_HDL_LAB_TSC_across_PM_BMI_CATEGORICAL"/>
    <testcase time="0.000999999999748979" classname="ds.meanByClass_smk_calculate_the_mean_proportion_for_LAB_HDL_LAB_TSC_across_bmi_categories" name="LAB_HDL_LAB_TSC_across_PM_BMI_CATEGORICAL"/>
  </testsuite>
  <testsuite name="ds.meanByClass::smk::calculate the mean proportion for LAB_HDL across PM_BMI_CATEGORICAL categories, split" timestamp="2020-05-04T23:33:56Z" hostname="fv-az14" tests="22" skipped="0" failures="0" errors="0" time="11.201">
    <testcase time="11.172" classname="ds.meanByClass_smk_calculate_the_mean_proportion_for_LAB_HDL_across_PM_BMI_CATEGORICAL_categories_split" name="LAB_HDL_across_PM_BMI_CATEGORICAL"/>
    <testcase time="0.00100000000020373" classname="ds.meanByClass_smk_calculate_the_mean_proportion_for_LAB_HDL_across_PM_BMI_CATEGORICAL_categories_split" name="LAB_HDL_across_PM_BMI_CATEGORICAL"/>
    <testcase time="0.00100000000020373" classname="ds.meanByClass_smk_calculate_the_mean_proportion_for_LAB_HDL_across_PM_BMI_CATEGORICAL_categories_split" name="LAB_HDL_across_PM_BMI_CATEGORICAL"/>
    <testcase time="0.000999999999748979" classname="ds.meanByClass_smk_calculate_the_mean_proportion_for_LAB_HDL_across_PM_BMI_CATEGORICAL_categories_split" name="LAB_HDL_across_PM_BMI_CATEGORICAL"/>
    <testcase time="0.00199999999995271" classname="ds.meanByClass_smk_calculate_the_mean_proportion_for_LAB_HDL_across_PM_BMI_CATEGORICAL_categories_split" name="LAB_HDL_across_PM_BMI_CATEGORICAL"/>
    <testcase time="0.00100000000020373" classname="ds.meanByClass_smk_calculate_the_mean_proportion_for_LAB_HDL_across_PM_BMI_CATEGORICAL_categories_split" name="LAB_HDL_across_PM_BMI_CATEGORICAL"/>
    <testcase time="0.000999999999748979" classname="ds.meanByClass_smk_calculate_the_mean_proportion_for_LAB_HDL_across_PM_BMI_CATEGORICAL_categories_split" name="LAB_HDL_across_PM_BMI_CATEGORICAL"/>
    <testcase time="0.00199999999995271" classname="ds.meanByClass_smk_calculate_the_mean_proportion_for_LAB_HDL_across_PM_BMI_CATEGORICAL_categories_split" name="LAB_HDL_across_PM_BMI_CATEGORICAL"/>
    <testcase time="0.00100000000020373" classname="ds.meanByClass_smk_calculate_the_mean_proportion_for_LAB_HDL_across_PM_BMI_CATEGORICAL_categories_split" name="LAB_HDL_across_PM_BMI_CATEGORICAL"/>
    <testcase time="0.000999999999748979" classname="ds.meanByClass_smk_calculate_the_mean_proportion_for_LAB_HDL_across_PM_BMI_CATEGORICAL_categories_split" name="LAB_HDL_across_PM_BMI_CATEGORICAL"/>
    <testcase time="0.00200000000040745" classname="ds.meanByClass_smk_calculate_the_mean_proportion_for_LAB_HDL_across_PM_BMI_CATEGORICAL_categories_split" name="LAB_HDL_across_PM_BMI_CATEGORICAL"/>
    <testcase time="0.000999999999748979" classname="ds.meanByClass_smk_calculate_the_mean_proportion_for_LAB_HDL_across_PM_BMI_CATEGORICAL_categories_split" name="LAB_HDL_across_PM_BMI_CATEGORICAL"/>
    <testcase time="0.00100000000020373" classname="ds.meanByClass_smk_calculate_the_mean_proportion_for_LAB_HDL_across_PM_BMI_CATEGORICAL_categories_split" name="LAB_HDL_across_PM_BMI_CATEGORICAL"/>
    <testcase time="0.00199999999995271" classname="ds.meanByClass_smk_calculate_the_mean_proportion_for_LAB_HDL_across_PM_BMI_CATEGORICAL_categories_split" name="LAB_HDL_across_PM_BMI_CATEGORICAL"/>
    <testcase time="0.000999999999748979" classname="ds.meanByClass_smk_calculate_the_mean_proportion_for_LAB_HDL_across_PM_BMI_CATEGORICAL_categories_split" name="LAB_HDL_across_PM_BMI_CATEGORICAL"/>
    <testcase time="0.00199999999995271" classname="ds.meanByClass_smk_calculate_the_mean_proportion_for_LAB_HDL_across_PM_BMI_CATEGORICAL_categories_split" name="LAB_HDL_across_PM_BMI_CATEGORICAL"/>
    <testcase time="0.00100000000020373" classname="ds.meanByClass_smk_calculate_the_mean_proportion_for_LAB_HDL_across_PM_BMI_CATEGORICAL_categories_split" name="LAB_HDL_across_PM_BMI_CATEGORICAL"/>
    <testcase time="0.00199999999995271" classname="ds.meanByClass_smk_calculate_the_mean_proportion_for_LAB_HDL_across_PM_BMI_CATEGORICAL_categories_split" name="LAB_HDL_across_PM_BMI_CATEGORICAL"/>
    <testcase time="0.00100000000020373" classname="ds.meanByClass_smk_calculate_the_mean_proportion_for_LAB_HDL_across_PM_BMI_CATEGORICAL_categories_split" name="LAB_HDL_across_PM_BMI_CATEGORICAL"/>
    <testcase time="0.00199999999995271" classname="ds.meanByClass_smk_calculate_the_mean_proportion_for_LAB_HDL_across_PM_BMI_CATEGORICAL_categories_split" name="LAB_HDL_across_PM_BMI_CATEGORICAL"/>
    <testcase time="0.000999999999748979" classname="ds.meanByClass_smk_calculate_the_mean_proportion_for_LAB_HDL_across_PM_BMI_CATEGORICAL_categories_split" name="LAB_HDL_across_PM_BMI_CATEGORICAL"/>
    <testcase time="0.00199999999995271" classname="ds.meanByClass_smk_calculate_the_mean_proportion_for_LAB_HDL_across_PM_BMI_CATEGORICAL_categories_split" name="LAB_HDL_across_PM_BMI_CATEGORICAL"/>
  </testsuite>
  <testsuite name="ds.meanByClass::smk::shutdown" timestamp="2020-05-04T23:34:07Z" hostname="fv-az14" tests="3" skipped="0" failures="0" errors="0" time="0.283">
    <testcase time="0.281000000000404" classname="ds.meanByClass_smk_shutdown" name="shutdown"/>
    <testcase time="0.000999999999748979" classname="ds.meanByClass_smk_shutdown" name="shutdown"/>
    <testcase time="0.00100000000020373" classname="ds.meanByClass_smk_shutdown" name="shutdown"/>
  </testsuite>
  <testsuite name="ds.meanByClass::smk::done" timestamp="2020-05-04T23:34:08Z" hostname="fv-az14" tests="0" skipped="0" failures="0" errors="0" time="0"/>
  <testsuite name="ds.mean::smk::setup" timestamp="2020-05-04T23:34:08Z" hostname="fv-az14" tests="3" skipped="0" failures="0" errors="0" time="5.429">
    <testcase time="5.42699999999968" classname="ds.mean_smk_setup" name="setup"/>
    <testcase time="0.00100000000020373" classname="ds.mean_smk_setup" name="setup"/>
    <testcase time="0.000999999999748979" classname="ds.mean_smk_setup" name="setup"/>
  </testsuite>
  <testsuite name="ds.mean::smk::type=combine" timestamp="2020-05-04T23:34:13Z" hostname="fv-az14" tests="23" skipped="0" failures="0" errors="0" time="1.767">
    <testcase time="1.46600000000035" classname="ds.mean_smk_type_combine" name="mean_values_combine_"/>
    <testcase time="0.000999999999748979" classname="ds.mean_smk_type_combine" name="mean_values_combine_"/>
    <testcase time="0.00100000000020373" classname="ds.mean_smk_type_combine" name="mean_values_combine_"/>
    <testcase time="0.00199999999995271" classname="ds.mean_smk_type_combine" name="mean_values_combine_"/>
    <testcase time="0.000999999999748979" classname="ds.mean_smk_type_combine" name="mean_values_combine_"/>
    <testcase time="0.00100000000020373" classname="ds.mean_smk_type_combine" name="mean_values_combine_"/>
    <testcase time="0.00199999999995271" classname="ds.mean_smk_type_combine" name="mean_values_combine_"/>
    <testcase time="0.00100000000020373" classname="ds.mean_smk_type_combine" name="mean_values_combine_"/>
    <testcase time="0.000999999999748979" classname="ds.mean_smk_type_combine" name="mean_values_combine_"/>
    <testcase time="0.00100000000020373" classname="ds.mean_smk_type_combine" name="mean_values_combine_"/>
    <testcase time="0.00199999999995271" classname="ds.mean_smk_type_combine" name="mean_values_combine_"/>
    <testcase time="0.268000000000029" classname="ds.mean_smk_type_combine" name="mean_values_combine_"/>
    <testcase time="0.000999999999748979" classname="ds.mean_smk_type_combine" name="mean_values_combine_"/>
    <testcase time="0.00199999999995271" classname="ds.mean_smk_type_combine" name="mean_values_combine_"/>
    <testcase time="0.00200000000040745" classname="ds.mean_smk_type_combine" name="mean_values_combine_"/>
    <testcase time="0.00299999999970169" classname="ds.mean_smk_type_combine" name="mean_values_combine_"/>
    <testcase time="0.00100000000020373" classname="ds.mean_smk_type_combine" name="mean_values_combine_"/>
    <testcase time="0.00199999999995271" classname="ds.mean_smk_type_combine" name="mean_values_combine_"/>
    <testcase time="0.00199999999995271" classname="ds.mean_smk_type_combine" name="mean_values_combine_"/>
    <testcase time="0.00199999999995271" classname="ds.mean_smk_type_combine" name="mean_values_combine_"/>
    <testcase time="0.00100000000020373" classname="ds.mean_smk_type_combine" name="mean_values_combine_"/>
    <testcase time="0.00199999999995271" classname="ds.mean_smk_type_combine" name="mean_values_combine_"/>
    <testcase time="0.00199999999995271" classname="ds.mean_smk_type_combine" name="mean_values_combine_"/>
  </testsuite>
  <testsuite name="ds.mean::smk::type=split" timestamp="2020-05-04T23:34:14Z" hostname="fv-az14" tests="31" skipped="0" failures="0" errors="0" time="1.659">
    <testcase time="1.35300000000007" classname="ds.mean_smk_type_split" name="mean_values_split_"/>
    <testcase time="0.000999999999748979" classname="ds.mean_smk_type_split" name="mean_values_split_"/>
    <testcase time="0.00199999999995271" classname="ds.mean_smk_type_split" name="mean_values_split_"/>
    <testcase time="0.00100000000020373" classname="ds.mean_smk_type_split" name="mean_values_split_"/>
    <testcase time="0.000999999999748979" classname="ds.mean_smk_type_split" name="mean_values_split_"/>
    <testcase time="0.00100000000020373" classname="ds.mean_smk_type_split" name="mean_values_split_"/>
    <testcase time="0.00199999999995271" classname="ds.mean_smk_type_split" name="mean_values_split_"/>
    <testcase time="0.00100000000020373" classname="ds.mean_smk_type_split" name="mean_values_split_"/>
    <testcase time="0.000999999999748979" classname="ds.mean_smk_type_split" name="mean_values_split_"/>
    <testcase time="0.00199999999995271" classname="ds.mean_smk_type_split" name="mean_values_split_"/>
    <testcase time="0.00100000000020373" classname="ds.mean_smk_type_split" name="mean_values_split_"/>
    <testcase time="0.000999999999748979" classname="ds.mean_smk_type_split" name="mean_values_split_"/>
    <testcase time="0.00200000000040745" classname="ds.mean_smk_type_split" name="mean_values_split_"/>
    <testcase time="0.000999999999748979" classname="ds.mean_smk_type_split" name="mean_values_split_"/>
    <testcase time="0.00100000000020373" classname="ds.mean_smk_type_split" name="mean_values_split_"/>
    <testcase time="0.00100000000020373" classname="ds.mean_smk_type_split" name="mean_values_split_"/>
    <testcase time="0.000999999999748979" classname="ds.mean_smk_type_split" name="mean_values_split_"/>
    <testcase time="0.00199999999995271" classname="ds.mean_smk_type_split" name="mean_values_split_"/>
    <testcase time="0.00100000000020373" classname="ds.mean_smk_type_split" name="mean_values_split_"/>
    <testcase time="0.266000000000076" classname="ds.mean_smk_type_split" name="mean_values_split_"/>
    <testcase time="0.000999999999748979" classname="ds.mean_smk_type_split" name="mean_values_split_"/>
    <testcase time="0.00199999999995271" classname="ds.mean_smk_type_split" name="mean_values_split_"/>
    <testcase time="0.00100000000020373" classname="ds.mean_smk_type_split" name="mean_values_split_"/>
    <testcase time="0.00199999999995271" classname="ds.mean_smk_type_split" name="mean_values_split_"/>
    <testcase time="0.00100000000020373" classname="ds.mean_smk_type_split" name="mean_values_split_"/>
    <testcase time="0.00199999999995271" classname="ds.mean_smk_type_split" name="mean_values_split_"/>
    <testcase time="0.000999999999748979" classname="ds.mean_smk_type_split" name="mean_values_split_"/>
    <testcase time="0.00199999999995271" classname="ds.mean_smk_type_split" name="mean_values_split_"/>
    <testcase time="0.00100000000020373" classname="ds.mean_smk_type_split" name="mean_values_split_"/>
    <testcase time="0.00199999999995271" classname="ds.mean_smk_type_split" name="mean_values_split_"/>
    <testcase time="0.00199999999995271" classname="ds.mean_smk_type_split" name="mean_values_split_"/>
  </testsuite>
  <testsuite name="ds.mean::smk::type=both" timestamp="2020-05-04T23:34:16Z" hostname="fv-az14" tests="36" skipped="0" failures="0" errors="0" time="1.65">
    <testcase time="1.33400000000029" classname="ds.mean_smk_type_both" name="mean_values_both_"/>
    <testcase time="0.000999999999748979" classname="ds.mean_smk_type_both" name="mean_values_both_"/>
    <testcase time="0.00100000000020373" classname="ds.mean_smk_type_both" name="mean_values_both_"/>
    <testcase time="0.00199999999995271" classname="ds.mean_smk_type_both" name="mean_values_both_"/>
    <testcase time="0.000999999999748979" classname="ds.mean_smk_type_both" name="mean_values_both_"/>
    <testcase time="0.00100000000020373" classname="ds.mean_smk_type_both" name="mean_values_both_"/>
    <testcase time="0.00199999999995271" classname="ds.mean_smk_type_both" name="mean_values_both_"/>
    <testcase time="0.000999999999748979" classname="ds.mean_smk_type_both" name="mean_values_both_"/>
    <testcase time="0.00100000000020373" classname="ds.mean_smk_type_both" name="mean_values_both_"/>
    <testcase time="0.00199999999995271" classname="ds.mean_smk_type_both" name="mean_values_both_"/>
    <testcase time="0.00100000000020373" classname="ds.mean_smk_type_both" name="mean_values_both_"/>
    <testcase time="0.00199999999995271" classname="ds.mean_smk_type_both" name="mean_values_both_"/>
    <testcase time="0.000999999999748979" classname="ds.mean_smk_type_both" name="mean_values_both_"/>
    <testcase time="0.00199999999995271" classname="ds.mean_smk_type_both" name="mean_values_both_"/>
    <testcase time="0.00100000000020373" classname="ds.mean_smk_type_both" name="mean_values_both_"/>
    <testcase time="0.00199999999995271" classname="ds.mean_smk_type_both" name="mean_values_both_"/>
    <testcase time="0.00100000000020373" classname="ds.mean_smk_type_both" name="mean_values_both_"/>
    <testcase time="0.00199999999995271" classname="ds.mean_smk_type_both" name="mean_values_both_"/>
    <testcase time="0.000999999999748979" classname="ds.mean_smk_type_both" name="mean_values_both_"/>
    <testcase time="0.00100000000020373" classname="ds.mean_smk_type_both" name="mean_values_both_"/>
    <testcase time="0.00199999999995271" classname="ds.mean_smk_type_both" name="mean_values_both_"/>
    <testcase time="0.00100000000020373" classname="ds.mean_smk_type_both" name="mean_values_both_"/>
    <testcase time="0.00199999999995271" classname="ds.mean_smk_type_both" name="mean_values_both_"/>
    <testcase time="0.000999999999748979" classname="ds.mean_smk_type_both" name="mean_values_both_"/>
    <testcase time="0.264999999999873" classname="ds.mean_smk_type_both" name="mean_values_both_"/>
    <testcase time="0.00200000000040745" classname="ds.mean_smk_type_both" name="mean_values_both_"/>
    <testcase time="0.000999999999748979" classname="ds.mean_smk_type_both" name="mean_values_both_"/>
    <testcase time="0.00199999999995271" classname="ds.mean_smk_type_both" name="mean_values_both_"/>
    <testcase time="0.00199999999995271" classname="ds.mean_smk_type_both" name="mean_values_both_"/>
    <testcase time="0.00199999999995271" classname="ds.mean_smk_type_both" name="mean_values_both_"/>
    <testcase time="0.00100000000020373" classname="ds.mean_smk_type_both" name="mean_values_both_"/>
    <testcase time="0.00199999999995271" classname="ds.mean_smk_type_both" name="mean_values_both_"/>
    <testcase time="0.00199999999995271" classname="ds.mean_smk_type_both" name="mean_values_both_"/>
    <testcase time="0.00199999999995271" classname="ds.mean_smk_type_both" name="mean_values_both_"/>
    <testcase time="0.00100000000020373" classname="ds.mean_smk_type_both" name="mean_values_both_"/>
    <testcase time="0.00199999999995271" classname="ds.mean_smk_type_both" name="mean_values_both_"/>
  </testsuite>
  <testsuite name="ds.mean::smk::type=combine,save.mean.Nvalid=TRUE" timestamp="2020-05-04T23:34:18Z" hostname="fv-az14" tests="23" skipped="0" failures="0" errors="0" time="3.851">
    <testcase time="3.55799999999999" classname="ds.mean_smk_type_combine_save.mean.Nvalid_TRUE" name="mean_values_combine_"/>
    <testcase time="0.000999999999748979" classname="ds.mean_smk_type_combine_save.mean.Nvalid_TRUE" name="mean_values_combine_"/>
    <testcase time="0.00100000000020373" classname="ds.mean_smk_type_combine_save.mean.Nvalid_TRUE" name="mean_values_combine_"/>
    <testcase time="0.000999999999748979" classname="ds.mean_smk_type_combine_save.mean.Nvalid_TRUE" name="mean_values_combine_"/>
    <testcase time="0.00199999999995271" classname="ds.mean_smk_type_combine_save.mean.Nvalid_TRUE" name="mean_values_combine_"/>
    <testcase time="0.00100000000020373" classname="ds.mean_smk_type_combine_save.mean.Nvalid_TRUE" name="mean_values_combine_"/>
    <testcase time="0.000999999999748979" classname="ds.mean_smk_type_combine_save.mean.Nvalid_TRUE" name="mean_values_combine_"/>
    <testcase time="0.00199999999995271" classname="ds.mean_smk_type_combine_save.mean.Nvalid_TRUE" name="mean_values_combine_"/>
    <testcase time="0.00100000000020373" classname="ds.mean_smk_type_combine_save.mean.Nvalid_TRUE" name="mean_values_combine_"/>
    <testcase time="0.00100000000020373" classname="ds.mean_smk_type_combine_save.mean.Nvalid_TRUE" name="mean_values_combine_"/>
    <testcase time="0.00199999999995271" classname="ds.mean_smk_type_combine_save.mean.Nvalid_TRUE" name="mean_values_combine_"/>
    <testcase time="0.264999999999873" classname="ds.mean_smk_type_combine_save.mean.Nvalid_TRUE" name="mean_values_combine_"/>
    <testcase time="0.00100000000020373" classname="ds.mean_smk_type_combine_save.mean.Nvalid_TRUE" name="mean_values_combine_"/>
    <testcase time="0.00199999999995271" classname="ds.mean_smk_type_combine_save.mean.Nvalid_TRUE" name="mean_values_combine_"/>
    <testcase time="0.000999999999748979" classname="ds.mean_smk_type_combine_save.mean.Nvalid_TRUE" name="mean_values_combine_"/>
    <testcase time="0.00100000000020373" classname="ds.mean_smk_type_combine_save.mean.Nvalid_TRUE" name="mean_values_combine_"/>
    <testcase time="0.00199999999995271" classname="ds.mean_smk_type_combine_save.mean.Nvalid_TRUE" name="mean_values_combine_"/>
    <testcase time="0.000999999999748979" classname="ds.mean_smk_type_combine_save.mean.Nvalid_TRUE" name="mean_values_combine_"/>
    <testcase time="0.00199999999995271" classname="ds.mean_smk_type_combine_save.mean.Nvalid_TRUE" name="mean_values_combine_"/>
    <testcase time="0.00100000000020373" classname="ds.mean_smk_type_combine_save.mean.Nvalid_TRUE" name="mean_values_combine_"/>
    <testcase time="0.00100000000020373" classname="ds.mean_smk_type_combine_save.mean.Nvalid_TRUE" name="mean_values_combine_"/>
    <testcase time="0.00199999999995271" classname="ds.mean_smk_type_combine_save.mean.Nvalid_TRUE" name="mean_values_combine_"/>
    <testcase time="0.000999999999748979" classname="ds.mean_smk_type_combine_save.mean.Nvalid_TRUE" name="mean_values_combine_"/>
  </testsuite>
  <testsuite name="ds.mean::smk::type=split,save.mean.Nvalid=TRUE" timestamp="2020-05-04T23:34:22Z" hostname="fv-az14" tests="31" skipped="0" failures="0" errors="0" time="3.866">
    <testcase time="3.54600000000028" classname="ds.mean_smk_type_split_save.mean.Nvalid_TRUE" name="mean_values_split_"/>
    <testcase time="0.000999999999748979" classname="ds.mean_smk_type_split_save.mean.Nvalid_TRUE" name="mean_values_split_"/>
    <testcase time="0.00100000000020373" classname="ds.mean_smk_type_split_save.mean.Nvalid_TRUE" name="mean_values_split_"/>
    <testcase time="0.00100000000020373" classname="ds.mean_smk_type_split_save.mean.Nvalid_TRUE" name="mean_values_split_"/>
    <testcase time="0.000999999999748979" classname="ds.mean_smk_type_split_save.mean.Nvalid_TRUE" name="mean_values_split_"/>
    <testcase time="0.00199999999995271" classname="ds.mean_smk_type_split_save.mean.Nvalid_TRUE" name="mean_values_split_"/>
    <testcase time="0.00100000000020373" classname="ds.mean_smk_type_split_save.mean.Nvalid_TRUE" name="mean_values_split_"/>
    <testcase time="0.00199999999995271" classname="ds.mean_smk_type_split_save.mean.Nvalid_TRUE" name="mean_values_split_"/>
    <testcase time="0.00100000000020373" classname="ds.mean_smk_type_split_save.mean.Nvalid_TRUE" name="mean_values_split_"/>
    <testcase time="0.00199999999995271" classname="ds.mean_smk_type_split_save.mean.Nvalid_TRUE" name="mean_values_split_"/>
    <testcase time="0.000999999999748979" classname="ds.mean_smk_type_split_save.mean.Nvalid_TRUE" name="mean_values_split_"/>
    <testcase time="0.00100000000020373" classname="ds.mean_smk_type_split_save.mean.Nvalid_TRUE" name="mean_values_split_"/>
    <testcase time="0.00199999999995271" classname="ds.mean_smk_type_split_save.mean.Nvalid_TRUE" name="mean_values_split_"/>
    <testcase time="0.00100000000020373" classname="ds.mean_smk_type_split_save.mean.Nvalid_TRUE" name="mean_values_split_"/>
    <testcase time="0.00199999999995271" classname="ds.mean_smk_type_split_save.mean.Nvalid_TRUE" name="mean_values_split_"/>
    <testcase time="0.00199999999995271" classname="ds.mean_smk_type_split_save.mean.Nvalid_TRUE" name="mean_values_split_"/>
    <testcase time="0.000999999999748979" classname="ds.mean_smk_type_split_save.mean.Nvalid_TRUE" name="mean_values_split_"/>
    <testcase time="0.00199999999995271" classname="ds.mean_smk_type_split_save.mean.Nvalid_TRUE" name="mean_values_split_"/>
    <testcase time="0.00200000000040745" classname="ds.mean_smk_type_split_save.mean.Nvalid_TRUE" name="mean_values_split_"/>
    <testcase time="0.27599999999984" classname="ds.mean_smk_type_split_save.mean.Nvalid_TRUE" name="mean_values_split_"/>
    <testcase time="0.00199999999995271" classname="ds.mean_smk_type_split_save.mean.Nvalid_TRUE" name="mean_values_split_"/>
    <testcase time="0.00199999999995271" classname="ds.mean_smk_type_split_save.mean.Nvalid_TRUE" name="mean_values_split_"/>
    <testcase time="0.00100000000020373" classname="ds.mean_smk_type_split_save.mean.Nvalid_TRUE" name="mean_values_split_"/>
    <testcase time="0.00199999999995271" classname="ds.mean_smk_type_split_save.mean.Nvalid_TRUE" name="mean_values_split_"/>
    <testcase time="0.000999999999748979" classname="ds.mean_smk_type_split_save.mean.Nvalid_TRUE" name="mean_values_split_"/>
    <testcase time="0.00199999999995271" classname="ds.mean_smk_type_split_save.mean.Nvalid_TRUE" name="mean_values_split_"/>
    <testcase time="0.00100000000020373" classname="ds.mean_smk_type_split_save.mean.Nvalid_TRUE" name="mean_values_split_"/>
    <testcase time="0.00199999999995271" classname="ds.mean_smk_type_split_save.mean.Nvalid_TRUE" name="mean_values_split_"/>
    <testcase time="0.00199999999995271" classname="ds.mean_smk_type_split_save.mean.Nvalid_TRUE" name="mean_values_split_"/>
    <testcase time="0.00100000000020373" classname="ds.mean_smk_type_split_save.mean.Nvalid_TRUE" name="mean_values_split_"/>
    <testcase time="0.00199999999995271" classname="ds.mean_smk_type_split_save.mean.Nvalid_TRUE" name="mean_values_split_"/>
  </testsuite>
  <testsuite name="ds.mean::smk::type=both,save.mean.Nvalid=TRUE" timestamp="2020-05-04T23:34:25Z" hostname="fv-az14" tests="36" skipped="0" failures="0" errors="0" time="2.81">
    <testcase time="2.49600000000009" classname="ds.mean_smk_type_both_save.mean.Nvalid_TRUE" name="mean_values_both_"/>
    <testcase time="0.000999999999748979" classname="ds.mean_smk_type_both_save.mean.Nvalid_TRUE" name="mean_values_both_"/>
    <testcase time="0.00100000000020373" classname="ds.mean_smk_type_both_save.mean.Nvalid_TRUE" name="mean_values_both_"/>
    <testcase time="0.00100000000020373" classname="ds.mean_smk_type_both_save.mean.Nvalid_TRUE" name="mean_values_both_"/>
    <testcase time="0.000999999999748979" classname="ds.mean_smk_type_both_save.mean.Nvalid_TRUE" name="mean_values_both_"/>
    <testcase time="0.00100000000020373" classname="ds.mean_smk_type_both_save.mean.Nvalid_TRUE" name="mean_values_both_"/>
    <testcase time="0.00199999999995271" classname="ds.mean_smk_type_both_save.mean.Nvalid_TRUE" name="mean_values_both_"/>
    <testcase time="0.00100000000020373" classname="ds.mean_smk_type_both_save.mean.Nvalid_TRUE" name="mean_values_both_"/>
    <testcase time="0.00199999999995271" classname="ds.mean_smk_type_both_save.mean.Nvalid_TRUE" name="mean_values_both_"/>
    <testcase time="0.000999999999748979" classname="ds.mean_smk_type_both_save.mean.Nvalid_TRUE" name="mean_values_both_"/>
    <testcase time="0.00100000000020373" classname="ds.mean_smk_type_both_save.mean.Nvalid_TRUE" name="mean_values_both_"/>
    <testcase time="0.00199999999995271" classname="ds.mean_smk_type_both_save.mean.Nvalid_TRUE" name="mean_values_both_"/>
    <testcase time="0.000999999999748979" classname="ds.mean_smk_type_both_save.mean.Nvalid_TRUE" name="mean_values_both_"/>
    <testcase time="0.00200000000040745" classname="ds.mean_smk_type_both_save.mean.Nvalid_TRUE" name="mean_values_both_"/>
    <testcase time="0.000999999999748979" classname="ds.mean_smk_type_both_save.mean.Nvalid_TRUE" name="mean_values_both_"/>
    <testcase time="0.00199999999995271" classname="ds.mean_smk_type_both_save.mean.Nvalid_TRUE" name="mean_values_both_"/>
    <testcase time="0.00100000000020373" classname="ds.mean_smk_type_both_save.mean.Nvalid_TRUE" name="mean_values_both_"/>
    <testcase time="0.00199999999995271" classname="ds.mean_smk_type_both_save.mean.Nvalid_TRUE" name="mean_values_both_"/>
    <testcase time="0.000999999999748979" classname="ds.mean_smk_type_both_save.mean.Nvalid_TRUE" name="mean_values_both_"/>
    <testcase time="0.00200000000040745" classname="ds.mean_smk_type_both_save.mean.Nvalid_TRUE" name="mean_values_both_"/>
    <testcase time="0.000999999999748979" classname="ds.mean_smk_type_both_save.mean.Nvalid_TRUE" name="mean_values_both_"/>
    <testcase time="0.00199999999995271" classname="ds.mean_smk_type_both_save.mean.Nvalid_TRUE" name="mean_values_both_"/>
    <testcase time="0.00100000000020373" classname="ds.mean_smk_type_both_save.mean.Nvalid_TRUE" name="mean_values_both_"/>
    <testcase time="0.000999999999748979" classname="ds.mean_smk_type_both_save.mean.Nvalid_TRUE" name="mean_values_both_"/>
    <testcase time="0.266000000000076" classname="ds.mean_smk_type_both_save.mean.Nvalid_TRUE" name="mean_values_both_"/>
    <testcase time="0.00199999999995271" classname="ds.mean_smk_type_both_save.mean.Nvalid_TRUE" name="mean_values_both_"/>
    <testcase time="0.00100000000020373" classname="ds.mean_smk_type_both_save.mean.Nvalid_TRUE" name="mean_values_both_"/>
    <testcase time="0.00100000000020373" classname="ds.mean_smk_type_both_save.mean.Nvalid_TRUE" name="mean_values_both_"/>
    <testcase time="0.00199999999995271" classname="ds.mean_smk_type_both_save.mean.Nvalid_TRUE" name="mean_values_both_"/>
    <testcase time="0.00100000000020373" classname="ds.mean_smk_type_both_save.mean.Nvalid_TRUE" name="mean_values_both_"/>
    <testcase time="0.00199999999995271" classname="ds.mean_smk_type_both_save.mean.Nvalid_TRUE" name="mean_values_both_"/>
    <testcase time="0.00199999999995271" classname="ds.mean_smk_type_both_save.mean.Nvalid_TRUE" name="mean_values_both_"/>
    <testcase time="0.000999999999748979" classname="ds.mean_smk_type_both_save.mean.Nvalid_TRUE" name="mean_values_both_"/>
    <testcase time="0.00199999999995271" classname="ds.mean_smk_type_both_save.mean.Nvalid_TRUE" name="mean_values_both_"/>
    <testcase time="0.00100000000020373" classname="ds.mean_smk_type_both_save.mean.Nvalid_TRUE" name="mean_values_both_"/>
    <testcase time="0.00199999999995271" classname="ds.mean_smk_type_both_save.mean.Nvalid_TRUE" name="mean_values_both_"/>
  </testsuite>
  <testsuite name="ds.mean::smk::shutdown" timestamp="2020-05-04T23:34:28Z" hostname="fv-az14" tests="3" skipped="0" failures="0" errors="0" time="0.279">
    <testcase time="0.277000000000044" classname="ds.mean_smk_shutdown" name="shutdown"/>
    <testcase time="0.00100000000020373" classname="ds.mean_smk_shutdown" name="shutdown"/>
    <testcase time="0.000999999999748979" classname="ds.mean_smk_shutdown" name="shutdown"/>
  </testsuite>
  <testsuite name="ds.mean::smk::done" timestamp="2020-05-04T23:34:29Z" hostname="fv-az14" tests="0" skipped="0" failures="0" errors="0" time="0"/>
  <testsuite name="ds.meanSdGp::smk::setup" timestamp="2020-05-04T23:34:29Z" hostname="fv-az14" tests="3" skipped="0" failures="0" errors="0" time="5.517">
    <testcase time="5.51400000000012" classname="ds.meanSdGp_smk_setup" name="setup"/>
    <testcase time="0.00199999999995271" classname="ds.meanSdGp_smk_setup" name="setup"/>
    <testcase time="0.000999999999748979" classname="ds.meanSdGp_smk_setup" name="setup"/>
  </testsuite>
  <testsuite name="ds.meanSdGp::smk::type=split" timestamp="2020-05-04T23:34:34Z" hostname="fv-az14" tests="8" skipped="0" failures="0" errors="0" time="0.437">
    <testcase time="0.429000000000087" classname="ds.meanSdGp_smk_type_split" name="meanSdGp_values_split_"/>
    <testcase time="0.00100000000020373" classname="ds.meanSdGp_smk_type_split" name="meanSdGp_values_split_"/>
    <testcase time="0.000999999999748979" classname="ds.meanSdGp_smk_type_split" name="meanSdGp_values_split_"/>
    <testcase time="0.00100000000020373" classname="ds.meanSdGp_smk_type_split" name="meanSdGp_values_split_"/>
    <testcase time="0.00199999999995271" classname="ds.meanSdGp_smk_type_split" name="meanSdGp_values_split_"/>
    <testcase time="0.00100000000020373" classname="ds.meanSdGp_smk_type_split" name="meanSdGp_values_split_"/>
    <testcase time="0.000999999999748979" classname="ds.meanSdGp_smk_type_split" name="meanSdGp_values_split_"/>
    <testcase time="0.00100000000020373" classname="ds.meanSdGp_smk_type_split" name="meanSdGp_values_split_"/>
  </testsuite>
  <testsuite name="ds.meanSdGp::smk::type=combine" timestamp="2020-05-04T23:34:34Z" hostname="fv-az14" tests="8" skipped="0" failures="0" errors="0" time="0.289">
    <testcase time="0.280999999999949" classname="ds.meanSdGp_smk_type_combine" name="meanSdGp_values_combine_"/>
    <testcase time="0.00100000000020373" classname="ds.meanSdGp_smk_type_combine" name="meanSdGp_values_combine_"/>
    <testcase time="0.000999999999748979" classname="ds.meanSdGp_smk_type_combine" name="meanSdGp_values_combine_"/>
    <testcase time="0.00100000000020373" classname="ds.meanSdGp_smk_type_combine" name="meanSdGp_values_combine_"/>
    <testcase time="0.00199999999995271" classname="ds.meanSdGp_smk_type_combine" name="meanSdGp_values_combine_"/>
    <testcase time="0.00100000000020373" classname="ds.meanSdGp_smk_type_combine" name="meanSdGp_values_combine_"/>
    <testcase time="0.000999999999748979" classname="ds.meanSdGp_smk_type_combine" name="meanSdGp_values_combine_"/>
    <testcase time="0.00100000000020373" classname="ds.meanSdGp_smk_type_combine" name="meanSdGp_values_combine_"/>
  </testsuite>
  <testsuite name="ds.meanSdGp::smk::type=both" timestamp="2020-05-04T23:34:35Z" hostname="fv-az14" tests="8" skipped="0" failures="0" errors="0" time="0.294">
    <testcase time="0.284999999999854" classname="ds.meanSdGp_smk_type_both" name="meanSdGp_values_both_"/>
    <testcase time="0.00100000000020373" classname="ds.meanSdGp_smk_type_both" name="meanSdGp_values_both_"/>
    <testcase time="0.00199999999995271" classname="ds.meanSdGp_smk_type_both" name="meanSdGp_values_both_"/>
    <testcase time="0.000999999999748979" classname="ds.meanSdGp_smk_type_both" name="meanSdGp_values_both_"/>
    <testcase time="0.00100000000020373" classname="ds.meanSdGp_smk_type_both" name="meanSdGp_values_both_"/>
    <testcase time="0.000999999999748979" classname="ds.meanSdGp_smk_type_both" name="meanSdGp_values_both_"/>
    <testcase time="0.00199999999995271" classname="ds.meanSdGp_smk_type_both" name="meanSdGp_values_both_"/>
    <testcase time="0.00100000000020373" classname="ds.meanSdGp_smk_type_both" name="meanSdGp_values_both_"/>
  </testsuite>
  <testsuite name="ds.meanSdGp::smk::shutdown" timestamp="2020-05-04T23:34:35Z" hostname="fv-az14" tests="3" skipped="0" failures="0" errors="0" time="0.283">
    <testcase time="0.280999999999949" classname="ds.meanSdGp_smk_shutdown" name="shutdown"/>
    <testcase time="0.00100000000020373" classname="ds.meanSdGp_smk_shutdown" name="shutdown"/>
    <testcase time="0.000999999999748979" classname="ds.meanSdGp_smk_shutdown" name="shutdown"/>
  </testsuite>
  <testsuite name="ds.meanSdGp::smk::done" timestamp="2020-05-04T23:34:36Z" hostname="fv-az14" tests="0" skipped="0" failures="0" errors="0" time="0"/>
  <testsuite name="ds.merge::smk::setup" timestamp="2020-05-04T23:34:36Z" hostname="fv-az14" tests="3" skipped="0" failures="0" errors="0" time="5.558">
    <testcase time="5.55500000000029" classname="ds.merge_smk_setup" name="setup"/>
    <testcase time="0.00199999999995271" classname="ds.merge_smk_setup" name="setup"/>
    <testcase time="0.000999999999748979" classname="ds.merge_smk_setup" name="setup"/>
  </testsuite>
  <testsuite name="ds.merge::smk" timestamp="2020-05-04T23:34:41Z" hostname="fv-az14" tests="7" skipped="0" failures="0" errors="0" time="5.22">
    <testcase time="4.68200000000024" classname="ds.merge_smk" name="simple_test"/>
    <testcase time="0.00199999999995271" classname="ds.merge_smk" name="simple_test"/>
    <testcase time="0.000999999999748979" classname="ds.merge_smk" name="simple_test"/>
    <testcase time="0.532000000000153" classname="ds.merge_smk" name="simple_test"/>
    <testcase time="0.00100000000020373" classname="ds.merge_smk" name="simple_test"/>
    <testcase time="0.00100000000020373" classname="ds.merge_smk" name="simple_test"/>
    <testcase time="0.000999999999748979" classname="ds.merge_smk" name="simple_test"/>
  </testsuite>
  <testsuite name="ds.merge::smk::shutdown" timestamp="2020-05-04T23:34:46Z" hostname="fv-az14" tests="3" skipped="0" failures="0" errors="0" time="0.276">
    <testcase time="0.273000000000138" classname="ds.merge_smk_shutdown" name="shutdown"/>
    <testcase time="0.00100000000020373" classname="ds.merge_smk_shutdown" name="shutdown"/>
    <testcase time="0.00199999999995271" classname="ds.merge_smk_shutdown" name="shutdown"/>
  </testsuite>
  <testsuite name="ds.merge::smk::done" timestamp="2020-05-04T23:34:47Z" hostname="fv-az14" tests="0" skipped="0" failures="0" errors="0" time="0"/>
  <testsuite name="ds.message::smk::setup" timestamp="2020-05-04T23:34:47Z" hostname="fv-az14" tests="3" skipped="0" failures="0" errors="0" time="5.399">
    <testcase time="5.39599999999973" classname="ds.message_smk_setup" name="setup"/>
    <testcase time="0.00199999999995271" classname="ds.message_smk_setup" name="setup"/>
    <testcase time="0.00100000000020373" classname="ds.message_smk_setup" name="setup"/>
  </testsuite>
  <testsuite name="ds.message::smk" timestamp="2020-05-04T23:34:52Z" hostname="fv-az14" tests="12" skipped="0" failures="0" errors="0" time="3.357">
    <testcase time="0.278999999999996" classname="ds.message_smk" name="not_exists_request_message"/>
    <testcase time="0.000999999999748979" classname="ds.message_smk" name="not_exists_request_message"/>
    <testcase time="0.00100000000020373" classname="ds.message_smk" name="not_exists_request_message"/>
    <testcase time="0.00100000000020373" classname="ds.message_smk" name="not_exists_request_message"/>
    <testcase time="1.86399999999958" classname="ds.message_smk" name="exists_request_message"/>
    <testcase time="0.00200000000040745" classname="ds.message_smk" name="exists_request_message"/>
    <testcase time="0.00199999999995271" classname="ds.message_smk" name="exists_request_message"/>
    <testcase time="0.000999999999748979" classname="ds.message_smk" name="exists_request_message"/>
    <testcase time="1.20100000000002" classname="ds.message_smk" name="partial_request_message"/>
    <testcase time="0.00199999999995271" classname="ds.message_smk" name="partial_request_message"/>
    <testcase time="0.00100000000020373" classname="ds.message_smk" name="partial_request_message"/>
    <testcase time="0.00199999999995271" classname="ds.message_smk" name="partial_request_message"/>
  </testsuite>
  <testsuite name="ds.message::smk::shutdown" timestamp="2020-05-04T23:34:55Z" hostname="fv-az14" tests="1" skipped="1" failures="0" errors="0" time="0.012">
    <testcase time="0.012000000000171" classname="ds.message_smk_shutdown" name="shutdown">
      <skipped/>
    </testcase>
  </testsuite>
  <testsuite name="ds.message::smk::done" timestamp="2020-05-04T23:34:56Z" hostname="fv-az14" tests="0" skipped="0" failures="0" errors="0" time="0"/>
  <testsuite name="ds.names::smk::setup" timestamp="2020-05-04T23:34:56Z" hostname="fv-az14" tests="3" skipped="0" failures="0" errors="0" time="5.504">
    <testcase time="5.50099999999975" classname="ds.names_smk_setup" name="setup"/>
    <testcase time="0.00100000000020373" classname="ds.names_smk_setup" name="setup"/>
    <testcase time="0.00199999999995271" classname="ds.names_smk_setup" name="setup"/>
  </testsuite>
  <testsuite name="ds.names::smk" timestamp="2020-05-04T23:35:01Z" hostname="fv-az14" tests="10" skipped="0" failures="0" errors="0" time="3.655">
    <testcase time="3.64399999999978" classname="ds.names_smk" name="level_names"/>
    <testcase time="0.00100000000020373" classname="ds.names_smk" name="level_names"/>
    <testcase time="0.000999999999748979" classname="ds.names_smk" name="level_names"/>
    <testcase time="0.00199999999995271" classname="ds.names_smk" name="level_names"/>
    <testcase time="0.00100000000020373" classname="ds.names_smk" name="level_names"/>
    <testcase time="0.00100000000020373" classname="ds.names_smk" name="level_names"/>
    <testcase time="0.000999999999748979" classname="ds.names_smk" name="level_names"/>
    <testcase time="0.00100000000020373" classname="ds.names_smk" name="level_names"/>
    <testcase time="0.00199999999995271" classname="ds.names_smk" name="level_names"/>
    <testcase time="0.000999999999748979" classname="ds.names_smk" name="level_names"/>
  </testsuite>
  <testsuite name="ds.names::smk::shutdown" timestamp="2020-05-04T23:35:04Z" hostname="fv-az14" tests="3" skipped="0" failures="0" errors="0" time="0.286">
    <testcase time="0.284000000000106" classname="ds.names_smk_shutdown" name="shutdown"/>
    <testcase time="0.00100000000020373" classname="ds.names_smk_shutdown" name="shutdown"/>
    <testcase time="0.000999999999748979" classname="ds.names_smk_shutdown" name="shutdown"/>
  </testsuite>
  <testsuite name="ds.names::smk::done" timestamp="2020-05-04T23:35:05Z" hostname="fv-az14" tests="0" skipped="0" failures="0" errors="0" time="0"/>
  <testsuite name="ds.numNA::smk::setup" timestamp="2020-05-04T23:35:05Z" hostname="fv-az14" tests="3" skipped="0" failures="0" errors="0" time="5.613">
    <testcase time="5.61000000000013" classname="ds.numNA_smk_setup" name="setup"/>
    <testcase time="0.000999999999748979" classname="ds.numNA_smk_setup" name="setup"/>
    <testcase time="0.00200000000040745" classname="ds.numNA_smk_setup" name="setup"/>
  </testsuite>
  <testsuite name="ds.numNA::smk" timestamp="2020-05-04T23:35:10Z" hostname="fv-az14" tests="12" skipped="0" failures="0" errors="0" time="1.625">
    <testcase time="0.556999999999789" classname="ds.numNA_smk" name="simple_numNA"/>
    <testcase time="0.00100000000020373" classname="ds.numNA_smk" name="simple_numNA"/>
    <testcase time="0.000999999999748979" classname="ds.numNA_smk" name="simple_numNA"/>
    <testcase time="0.00199999999995271" classname="ds.numNA_smk" name="simple_numNA"/>
    <testcase time="0.530999999999949" classname="ds.numNA_smk" name="simple_numNA"/>
    <testcase time="0.00100000000020373" classname="ds.numNA_smk" name="simple_numNA"/>
    <testcase time="0.000999999999748979" classname="ds.numNA_smk" name="simple_numNA"/>
    <testcase time="0.00200000000040745" classname="ds.numNA_smk" name="simple_numNA"/>
    <testcase time="0.523999999999887" classname="ds.numNA_smk" name="simple_numNA"/>
    <testcase time="0.00199999999995271" classname="ds.numNA_smk" name="simple_numNA"/>
    <testcase time="0.000999999999748979" classname="ds.numNA_smk" name="simple_numNA"/>
    <testcase time="0.00200000000040745" classname="ds.numNA_smk" name="simple_numNA"/>
  </testsuite>
  <testsuite name="ds.numNA::smk::shutdown" timestamp="2020-05-04T23:35:12Z" hostname="fv-az14" tests="3" skipped="0" failures="0" errors="0" time="0.28">
    <testcase time="0.276999999999589" classname="ds.numNA_smk_shutdown" name="shutdown"/>
    <testcase time="0.00200000000040745" classname="ds.numNA_smk_shutdown" name="shutdown"/>
    <testcase time="0.000999999999748979" classname="ds.numNA_smk_shutdown" name="shutdown"/>
  </testsuite>
  <testsuite name="ds.numNA::smk::done" timestamp="2020-05-04T23:35:13Z" hostname="fv-az14" tests="0" skipped="0" failures="0" errors="0" time="0"/>
  <testsuite name="ds.quantileMean::smk::setup" timestamp="2020-05-04T23:35:13Z" hostname="fv-az14" tests="3" skipped="0" failures="0" errors="0" time="5.468">
    <testcase time="5.46500000000015" classname="ds.quantileMean_smk_setup" name="setup"/>
    <testcase time="0.000999999999748979" classname="ds.quantileMean_smk_setup" name="setup"/>
    <testcase time="0.00199999999995271" classname="ds.quantileMean_smk_setup" name="setup"/>
  </testsuite>
  <testsuite name="ds.quantileMean::smk::standard" timestamp="2020-05-04T23:35:18Z" hostname="fv-az14" tests="9" skipped="0" failures="0" errors="0" time="1.827">
    <testcase time="1.81700000000001" classname="ds.quantileMean_smk_standard" name="quantileMean"/>
    <testcase time="0.00200000000040745" classname="ds.quantileMean_smk_standard" name="quantileMean"/>
    <testcase time="0.000999999999748979" classname="ds.quantileMean_smk_standard" name="quantileMean"/>
    <testcase time="0.00100000000020373" classname="ds.quantileMean_smk_standard" name="quantileMean"/>
    <testcase time="0.000999999999748979" classname="ds.quantileMean_smk_standard" name="quantileMean"/>
    <testcase time="0.00199999999995271" classname="ds.quantileMean_smk_standard" name="quantileMean"/>
    <testcase time="0.00100000000020373" classname="ds.quantileMean_smk_standard" name="quantileMean"/>
    <testcase time="0.000999999999748979" classname="ds.quantileMean_smk_standard" name="quantileMean"/>
    <testcase time="0.00100000000020373" classname="ds.quantileMean_smk_standard" name="quantileMean"/>
  </testsuite>
  <testsuite name="ds.quantileMean::smk::split" timestamp="2020-05-04T23:35:19Z" hostname="fv-az14" tests="28" skipped="0" failures="0" errors="0" time="2.314">
    <testcase time="2.27599999999984" classname="ds.quantileMean_smk_split" name="quantileMean_split"/>
    <testcase time="0.000999999999748979" classname="ds.quantileMean_smk_split" name="quantileMean_split"/>
    <testcase time="0.00100000000020373" classname="ds.quantileMean_smk_split" name="quantileMean_split"/>
    <testcase time="0.00199999999995271" classname="ds.quantileMean_smk_split" name="quantileMean_split"/>
    <testcase time="0.00100000000020373" classname="ds.quantileMean_smk_split" name="quantileMean_split"/>
    <testcase time="0.000999999999748979" classname="ds.quantileMean_smk_split" name="quantileMean_split"/>
    <testcase time="0.00100000000020373" classname="ds.quantileMean_smk_split" name="quantileMean_split"/>
    <testcase time="0.00199999999995271" classname="ds.quantileMean_smk_split" name="quantileMean_split"/>
    <testcase time="0.000999999999748979" classname="ds.quantileMean_smk_split" name="quantileMean_split"/>
    <testcase time="0.00100000000020373" classname="ds.quantileMean_smk_split" name="quantileMean_split"/>
    <testcase time="0.00199999999995271" classname="ds.quantileMean_smk_split" name="quantileMean_split"/>
    <testcase time="0.00100000000020373" classname="ds.quantileMean_smk_split" name="quantileMean_split"/>
    <testcase time="0.000999999999748979" classname="ds.quantileMean_smk_split" name="quantileMean_split"/>
    <testcase time="0.00199999999995271" classname="ds.quantileMean_smk_split" name="quantileMean_split"/>
    <testcase time="0.00100000000020373" classname="ds.quantileMean_smk_split" name="quantileMean_split"/>
    <testcase time="0.00199999999995271" classname="ds.quantileMean_smk_split" name="quantileMean_split"/>
    <testcase time="0.000999999999748979" classname="ds.quantileMean_smk_split" name="quantileMean_split"/>
    <testcase time="0.00100000000020373" classname="ds.quantileMean_smk_split" name="quantileMean_split"/>
    <testcase time="0.00199999999995271" classname="ds.quantileMean_smk_split" name="quantileMean_split"/>
    <testcase time="0.00100000000020373" classname="ds.quantileMean_smk_split" name="quantileMean_split"/>
    <testcase time="0.00199999999995271" classname="ds.quantileMean_smk_split" name="quantileMean_split"/>
    <testcase time="0.000999999999748979" classname="ds.quantileMean_smk_split" name="quantileMean_split"/>
    <testcase time="0.00199999999995271" classname="ds.quantileMean_smk_split" name="quantileMean_split"/>
    <testcase time="0.00200000000040745" classname="ds.quantileMean_smk_split" name="quantileMean_split"/>
    <testcase time="0.000999999999748979" classname="ds.quantileMean_smk_split" name="quantileMean_split"/>
    <testcase time="0.00199999999995271" classname="ds.quantileMean_smk_split" name="quantileMean_split"/>
    <testcase time="0.00100000000020373" classname="ds.quantileMean_smk_split" name="quantileMean_split"/>
    <testcase time="0.00199999999995271" classname="ds.quantileMean_smk_split" name="quantileMean_split"/>
  </testsuite>
  <testsuite name="ds.quantileMean::smk::shutdown" timestamp="2020-05-04T23:35:22Z" hostname="fv-az14" tests="3" skipped="0" failures="0" errors="0" time="0.284">
    <testcase time="0.282000000000153" classname="ds.quantileMean_smk_shutdown" name="shutdown"/>
    <testcase time="0.000999999999748979" classname="ds.quantileMean_smk_shutdown" name="shutdown"/>
    <testcase time="0.00100000000020373" classname="ds.quantileMean_smk_shutdown" name="shutdown"/>
  </testsuite>
  <testsuite name="ds.quantileMean::smk::done" timestamp="2020-05-04T23:35:23Z" hostname="fv-az14" tests="0" skipped="0" failures="0" errors="0" time="0"/>
  <testsuite name="ds.rbind::smk::setup" timestamp="2020-05-04T23:35:23Z" hostname="fv-az14" tests="3" skipped="0" failures="0" errors="0" time="5.495">
    <testcase time="5.49199999999973" classname="ds.rbind_smk_setup" name="setup"/>
    <testcase time="0.00199999999995271" classname="ds.rbind_smk_setup" name="setup"/>
    <testcase time="0.00100000000020373" classname="ds.rbind_smk_setup" name="setup"/>
  </testsuite>
  <testsuite name="ds.rbind::smk" timestamp="2020-05-04T23:35:28Z" hostname="fv-az14" tests="5" skipped="0" failures="0" errors="0" time="2.53">
    <testcase time="1.99699999999984" classname="ds.rbind_smk" name="simple_test"/>
    <testcase time="0.00100000000020373" classname="ds.rbind_smk" name="simple_test"/>
    <testcase time="0.529999999999745" classname="ds.rbind_smk" name="simple_test"/>
    <testcase time="0.00100000000020373" classname="ds.rbind_smk" name="simple_test"/>
    <testcase time="0.000999999999748979" classname="ds.rbind_smk" name="simple_test"/>
  </testsuite>
  <testsuite name="ds.rbind::smk::shutdown" timestamp="2020-05-04T23:35:30Z" hostname="fv-az14" tests="3" skipped="0" failures="0" errors="0" time="0.278">
    <testcase time="0.275000000000091" classname="ds.rbind_smk_shutdown" name="shutdown"/>
    <testcase time="0.00199999999995271" classname="ds.rbind_smk_shutdown" name="shutdown"/>
    <testcase time="0.00100000000020373" classname="ds.rbind_smk_shutdown" name="shutdown"/>
  </testsuite>
  <testsuite name="ds.rbind::smk::done" timestamp="2020-05-04T23:35:31Z" hostname="fv-az14" tests="0" skipped="0" failures="0" errors="0" time="0"/>
  <testsuite name="ds.rBinom::smk::setup" timestamp="2020-05-04T23:35:31Z" hostname="fv-az14" tests="3" skipped="0" failures="0" errors="0" time="5.438">
    <testcase time="5.43499999999995" classname="ds.rBinom_smk_setup" name="setup"/>
    <testcase time="0.00199999999995271" classname="ds.rBinom_smk_setup" name="setup"/>
    <testcase time="0.00100000000020373" classname="ds.rBinom_smk_setup" name="setup"/>
  </testsuite>
  <testsuite name="ds.rBinom::smk::simple test" timestamp="2020-05-04T23:35:36Z" hostname="fv-az14" tests="11" skipped="0" failures="0" errors="0" time="2.21">
    <testcase time="2.19599999999991" classname="ds.rBinom_smk_simple_test" name="simple_test"/>
    <testcase time="0.00199999999995271" classname="ds.rBinom_smk_simple_test" name="simple_test"/>
    <testcase time="0.000999999999748979" classname="ds.rBinom_smk_simple_test" name="simple_test"/>
    <testcase time="0.00200000000040745" classname="ds.rBinom_smk_simple_test" name="simple_test"/>
    <testcase time="0.000999999999748979" classname="ds.rBinom_smk_simple_test" name="simple_test"/>
    <testcase time="0.00100000000020373" classname="ds.rBinom_smk_simple_test" name="simple_test"/>
    <testcase time="0.00199999999995271" classname="ds.rBinom_smk_simple_test" name="simple_test"/>
    <testcase time="0.000999999999748979" classname="ds.rBinom_smk_simple_test" name="simple_test"/>
    <testcase time="0.00199999999995271" classname="ds.rBinom_smk_simple_test" name="simple_test"/>
    <testcase time="0.00100000000020373" classname="ds.rBinom_smk_simple_test" name="simple_test"/>
    <testcase time="0.00100000000020373" classname="ds.rBinom_smk_simple_test" name="simple_test"/>
  </testsuite>
  <testsuite name="ds.rBinom::smk::shutdown" timestamp="2020-05-04T23:35:38Z" hostname="fv-az14" tests="3" skipped="0" failures="0" errors="0" time="0.293">
    <testcase time="0.289999999999964" classname="ds.rBinom_smk_shutdown" name="shutdown"/>
    <testcase time="0.000999999999748979" classname="ds.rBinom_smk_shutdown" name="shutdown"/>
    <testcase time="0.00199999999995271" classname="ds.rBinom_smk_shutdown" name="shutdown"/>
  </testsuite>
  <testsuite name="ds.rBinom::smk::done" timestamp="2020-05-04T23:35:39Z" hostname="fv-az14" tests="0" skipped="0" failures="0" errors="0" time="0"/>
  <testsuite name="ds.recodeLevels::smk::setup" timestamp="2020-05-04T23:35:39Z" hostname="fv-az14" tests="3" skipped="0" failures="0" errors="0" time="5.463">
    <testcase time="5.46000000000004" classname="ds.recodeLevels_smk_setup" name="setup"/>
    <testcase time="0.00100000000020373" classname="ds.recodeLevels_smk_setup" name="setup"/>
    <testcase time="0.00199999999995271" classname="ds.recodeLevels_smk_setup" name="setup"/>
  </testsuite>
  <testsuite name="ds.recodeLevels::smk" timestamp="2020-05-04T23:35:44Z" hostname="fv-az14" tests="7" skipped="0" failures="0" errors="0" time="3.094">
    <testcase time="3.08699999999999" classname="ds.recodeLevels_smk" name="new_levels"/>
    <testcase time="0.000999999999748979" classname="ds.recodeLevels_smk" name="new_levels"/>
    <testcase time="0.00100000000020373" classname="ds.recodeLevels_smk" name="new_levels"/>
    <testcase time="0.00199999999995271" classname="ds.recodeLevels_smk" name="new_levels"/>
    <testcase time="0.00100000000020373" classname="ds.recodeLevels_smk" name="new_levels"/>
    <testcase time="0.000999999999748979" classname="ds.recodeLevels_smk" name="new_levels"/>
    <testcase time="0.00100000000020373" classname="ds.recodeLevels_smk" name="new_levels"/>
  </testsuite>
  <testsuite name="ds.recodeLevels::smk::no connections or newobj" timestamp="2020-05-04T23:35:47Z" hostname="fv-az14" tests="7" skipped="0" failures="0" errors="0" time="2.97">
    <testcase time="2.96299999999974" classname="ds.recodeLevels_smk_no_connections_or_newobj" name="new_levels_auto"/>
    <testcase time="0.00100000000020373" classname="ds.recodeLevels_smk_no_connections_or_newobj" name="new_levels_auto"/>
    <testcase time="0.000999999999748979" classname="ds.recodeLevels_smk_no_connections_or_newobj" name="new_levels_auto"/>
    <testcase time="0.00100000000020373" classname="ds.recodeLevels_smk_no_connections_or_newobj" name="new_levels_auto"/>
    <testcase time="0.00199999999995271" classname="ds.recodeLevels_smk_no_connections_or_newobj" name="new_levels_auto"/>
    <testcase time="0.00100000000020373" classname="ds.recodeLevels_smk_no_connections_or_newobj" name="new_levels_auto"/>
    <testcase time="0.000999999999748979" classname="ds.recodeLevels_smk_no_connections_or_newobj" name="new_levels_auto"/>
  </testsuite>
  <testsuite name="ds.recodeLevels::smk::shutdown" timestamp="2020-05-04T23:35:50Z" hostname="fv-az14" tests="3" skipped="0" failures="0" errors="0" time="0.283">
    <testcase time="0.280999999999949" classname="ds.recodeLevels_smk_shutdown" name="shutdown"/>
    <testcase time="0.00100000000020373" classname="ds.recodeLevels_smk_shutdown" name="shutdown"/>
    <testcase time="0.000999999999748979" classname="ds.recodeLevels_smk_shutdown" name="shutdown"/>
  </testsuite>
  <testsuite name="ds.recodeLevels::smk::done" timestamp="2020-05-04T23:35:51Z" hostname="fv-az14" tests="0" skipped="0" failures="0" errors="0" time="0"/>
  <testsuite name="ds.recodeValues::smk::setup" timestamp="2020-05-04T23:35:51Z" hostname="fv-az14" tests="3" skipped="0" failures="0" errors="0" time="5.469">
    <testcase time="5.4670000000001" classname="ds.recodeValues_smk_setup" name="setup"/>
    <testcase time="0.000999999999748979" classname="ds.recodeValues_smk_setup" name="setup"/>
    <testcase time="0.00100000000020373" classname="ds.recodeValues_smk_setup" name="setup"/>
  </testsuite>
  <testsuite name="ds.recodeValues::smk" timestamp="2020-05-04T23:35:56Z" hostname="fv-az14" tests="7" skipped="0" failures="0" errors="0" time="1.734">
    <testcase time="1.19200000000001" classname="ds.recodeValues_smk" name="simple_test"/>
    <testcase time="0.00199999999995271" classname="ds.recodeValues_smk" name="simple_test"/>
    <testcase time="0.00100000000020373" classname="ds.recodeValues_smk" name="simple_test"/>
    <testcase time="0.534999999999854" classname="ds.recodeValues_smk" name="simple_test"/>
    <testcase time="0.000999999999748979" classname="ds.recodeValues_smk" name="simple_test"/>
    <testcase time="0.00199999999995271" classname="ds.recodeValues_smk" name="simple_test"/>
    <testcase time="0.00100000000020373" classname="ds.recodeValues_smk" name="simple_test"/>
  </testsuite>
  <testsuite name="ds.recodeValues::smk::shutdown" timestamp="2020-05-04T23:35:57Z" hostname="fv-az14" tests="3" skipped="0" failures="0" errors="0" time="0.276">
    <testcase time="0.273000000000138" classname="ds.recodeValues_smk_shutdown" name="shutdown"/>
    <testcase time="0.000999999999748979" classname="ds.recodeValues_smk_shutdown" name="shutdown"/>
    <testcase time="0.00199999999995271" classname="ds.recodeValues_smk_shutdown" name="shutdown"/>
  </testsuite>
  <testsuite name="ds.recodeValues::smk::done" timestamp="2020-05-04T23:35:58Z" hostname="fv-az14" tests="0" skipped="0" failures="0" errors="0" time="0"/>
  <testsuite name="ds.rep::smk::complex setup" timestamp="2020-05-04T23:35:58Z" hostname="fv-az14" tests="3" skipped="0" failures="0" errors="0" time="5.567">
    <testcase time="5.56500000000005" classname="ds.rep_smk_complex_setup" name="setup"/>
    <testcase time="0.00100000000020373" classname="ds.rep_smk_complex_setup" name="setup"/>
    <testcase time="0.000999999999748979" classname="ds.rep_smk_complex_setup" name="setup"/>
  </testsuite>
  <testsuite name="ds.rep::smk::complex" timestamp="2020-05-04T23:36:03Z" hostname="fv-az14" tests="6" skipped="0" failures="0" errors="0" time="1.73">
    <testcase time="0.920000000000073" classname="ds.rep_smk_complex" name="complex_test"/>
    <testcase time="0.00100000000020373" classname="ds.rep_smk_complex" name="complex_test"/>
    <testcase time="0.000999999999748979" classname="ds.rep_smk_complex" name="complex_test"/>
    <testcase time="0.805000000000291" classname="ds.rep_smk_complex" name="complex_test"/>
    <testcase time="0.000999999999748979" classname="ds.rep_smk_complex" name="complex_test"/>
    <testcase time="0.00199999999995271" classname="ds.rep_smk_complex" name="complex_test"/>
  </testsuite>
  <testsuite name="ds.rep::smk::complex shutdown" timestamp="2020-05-04T23:36:05Z" hostname="fv-az14" tests="3" skipped="0" failures="0" errors="0" time="0.277">
    <testcase time="0.275000000000091" classname="ds.rep_smk_complex_shutdown" name="shutdown"/>
    <testcase time="0.00100000000020373" classname="ds.rep_smk_complex_shutdown" name="shutdown"/>
    <testcase time="0.000999999999748979" classname="ds.rep_smk_complex_shutdown" name="shutdown"/>
  </testsuite>
  <testsuite name="ds.rep::smk::complex done" timestamp="2020-05-04T23:36:06Z" hostname="fv-az14" tests="0" skipped="0" failures="0" errors="0" time="0"/>
  <testsuite name="ds.replaceNA::smk::setup" timestamp="2020-05-04T23:36:06Z" hostname="fv-az14" tests="3" skipped="0" failures="0" errors="0" time="5.64">
    <testcase time="5.63700000000017" classname="ds.replaceNA_smk_setup" name="setup"/>
    <testcase time="0.00199999999995271" classname="ds.replaceNA_smk_setup" name="setup"/>
    <testcase time="0.00100000000020373" classname="ds.replaceNA_smk_setup" name="setup"/>
  </testsuite>
  <testsuite name="ds.replaceNA::smk" timestamp="2020-05-04T23:36:11Z" hostname="fv-az14" tests="3" skipped="0" failures="0" errors="0" time="9.343">
    <testcase time="3.13299999999981" classname="ds.replaceNA_smk" name="simple_replaceNA"/>
    <testcase time="3.10599999999977" classname="ds.replaceNA_smk" name="simple_replaceNA"/>
    <testcase time="3.10400000000027" classname="ds.replaceNA_smk" name="simple_replaceNA"/>
  </testsuite>
  <testsuite name="ds.replaceNA::smk::shutdown" timestamp="2020-05-04T23:36:20Z" hostname="fv-az14" tests="3" skipped="0" failures="0" errors="0" time="0.279">
    <testcase time="0.277000000000044" classname="ds.replaceNA_smk_shutdown" name="setup"/>
    <testcase time="0.000999999999748979" classname="ds.replaceNA_smk_shutdown" name="setup"/>
    <testcase time="0.00100000000020373" classname="ds.replaceNA_smk_shutdown" name="setup"/>
  </testsuite>
  <testsuite name="ds.replaceNA::smk::done" timestamp="2020-05-04T23:36:21Z" hostname="fv-az14" tests="0" skipped="0" failures="0" errors="0" time="0"/>
  <testsuite name="ds.rep::smk::setup" timestamp="2020-05-04T23:36:21Z" hostname="fv-az14" tests="3" skipped="0" failures="0" errors="0" time="5.551">
    <testcase time="5.54799999999977" classname="ds.rep_smk_setup" name="setup"/>
    <testcase time="0.00199999999995271" classname="ds.rep_smk_setup" name="setup"/>
    <testcase time="0.00100000000020373" classname="ds.rep_smk_setup" name="setup"/>
  </testsuite>
  <testsuite name="ds.rep::smk" timestamp="2020-05-04T23:36:26Z" hostname="fv-az14" tests="3" skipped="0" failures="0" errors="0" time="0.809">
    <testcase time="0.80600000000004" classname="ds.rep_smk" name="simple_test"/>
    <testcase time="0.00199999999995271" classname="ds.rep_smk" name="simple_test"/>
    <testcase time="0.00100000000020373" classname="ds.rep_smk" name="simple_test"/>
  </testsuite>
  <testsuite name="ds.rep::smk::shutdown" timestamp="2020-05-04T23:36:27Z" hostname="fv-az14" tests="3" skipped="0" failures="0" errors="0" time="0.275">
    <testcase time="0.272999999999683" classname="ds.rep_smk_shutdown" name="shutdown"/>
    <testcase time="0.00100000000020373" classname="ds.rep_smk_shutdown" name="shutdown"/>
    <testcase time="0.000999999999748979" classname="ds.rep_smk_shutdown" name="shutdown"/>
  </testsuite>
  <testsuite name="ds.rep::smk::done" timestamp="2020-05-04T23:36:28Z" hostname="fv-az14" tests="0" skipped="0" failures="0" errors="0" time="0"/>
  <testsuite name="ds.reShape::smk::setup" timestamp="2020-05-04T23:36:28Z" hostname="fv-az14" tests="3" skipped="0" failures="0" errors="0" time="5.536">
    <testcase time="5.53300000000036" classname="ds.reShape_smk_setup" name="setup"/>
    <testcase time="0.000999999999748979" classname="ds.reShape_smk_setup" name="setup"/>
    <testcase time="0.00199999999995271" classname="ds.reShape_smk_setup" name="setup"/>
  </testsuite>
  <testsuite name="ds.reShape::smk" timestamp="2020-05-04T23:36:33Z" hostname="fv-az14" tests="3" skipped="0" failures="0" errors="0" time="1.017">
    <testcase time="1.01500000000033" classname="ds.reShape_smk" name="simplest_ds.reShape_wide"/>
    <testcase time="0.000999999999748979" classname="ds.reShape_smk" name="simplest_ds.reShape_wide"/>
    <testcase time="0.00100000000020373" classname="ds.reShape_smk" name="simplest_ds.reShape_wide"/>
  </testsuite>
  <testsuite name="ds.reShape::smk::shutdown" timestamp="2020-05-04T23:36:34Z" hostname="fv-az14" tests="3" skipped="0" failures="0" errors="0" time="0.275">
    <testcase time="0.271999999999935" classname="ds.reShape_smk_shutdown" name="shutdown"/>
    <testcase time="0.000999999999748979" classname="ds.reShape_smk_shutdown" name="shutdown"/>
    <testcase time="0.00199999999995271" classname="ds.reShape_smk_shutdown" name="shutdown"/>
  </testsuite>
  <testsuite name="ds.reShape::smk::done" timestamp="2020-05-04T23:36:34Z" hostname="fv-az14" tests="0" skipped="0" failures="0" errors="0" time="0"/>
  <testsuite name="ds.rm::smk::setup" timestamp="2020-05-04T23:36:34Z" hostname="fv-az14" tests="3" skipped="0" failures="0" errors="0" time="5.509">
    <testcase time="5.50600000000031" classname="ds.rm_smk_setup" name="setup"/>
    <testcase time="0.00199999999995271" classname="ds.rm_smk_setup" name="setup"/>
    <testcase time="0.000999999999748979" classname="ds.rm_smk_setup" name="setup"/>
  </testsuite>
  <testsuite name="ds.rm::smk" timestamp="2020-05-04T23:36:39Z" hostname="fv-az14" tests="14" skipped="0" failures="0" errors="0" time="2.158">
    <testcase time="0.276000000000295" classname="ds.rm_smk" name="simple_test"/>
    <testcase time="0.000999999999748979" classname="ds.rm_smk" name="simple_test"/>
    <testcase time="0.00100000000020373" classname="ds.rm_smk" name="simple_test"/>
    <testcase time="0.00199999999995271" classname="ds.rm_smk" name="simple_test"/>
    <testcase time="0.00100000000020373" classname="ds.rm_smk" name="simple_test"/>
    <testcase time="0.000999999999748979" classname="ds.rm_smk" name="simple_test"/>
    <testcase time="0.00100000000020373" classname="ds.rm_smk" name="simple_test"/>
    <testcase time="1.86599999999999" classname="ds.rm_smk" name="simple_test"/>
    <testcase time="0.00199999999995271" classname="ds.rm_smk" name="simple_test"/>
    <testcase time="0.000999999999748979" classname="ds.rm_smk" name="simple_test"/>
    <testcase time="0.00100000000020373" classname="ds.rm_smk" name="simple_test"/>
    <testcase time="0.00199999999995271" classname="ds.rm_smk" name="simple_test"/>
    <testcase time="0.00100000000020373" classname="ds.rm_smk" name="simple_test"/>
    <testcase time="0.00199999999995271" classname="ds.rm_smk" name="simple_test"/>
  </testsuite>
  <testsuite name="ds.rm::smk::shutdown" timestamp="2020-05-04T23:36:42Z" hostname="fv-az14" tests="3" skipped="0" failures="0" errors="0" time="0.294">
    <testcase time="0.281999999999698" classname="ds.rm_smk_shutdown" name="shutdown"/>
    <testcase time="0.000999999999748979" classname="ds.rm_smk_shutdown" name="shutdown"/>
    <testcase time="0.0109999999999673" classname="ds.rm_smk_shutdown" name="shutdown"/>
  </testsuite>
  <testsuite name="ds.rm::smk::done" timestamp="2020-05-04T23:36:42Z" hostname="fv-az14" tests="0" skipped="0" failures="0" errors="0" time="0"/>
  <testsuite name="ds.rNorm::smk::setup" timestamp="2020-05-04T23:36:42Z" hostname="fv-az14" tests="3" skipped="0" failures="0" errors="0" time="5.452">
    <testcase time="5.45000000000027" classname="ds.rNorm_smk_setup" name="setup"/>
    <testcase time="0.000999999999748979" classname="ds.rNorm_smk_setup" name="setup"/>
    <testcase time="0.00100000000020373" classname="ds.rNorm_smk_setup" name="setup"/>
  </testsuite>
  <testsuite name="ds.rNorm::smk::simple test" timestamp="2020-05-04T23:36:47Z" hostname="fv-az14" tests="11" skipped="0" failures="0" errors="0" time="2.21">
    <testcase time="2.19699999999966" classname="ds.rNorm_smk_simple_test" name="simple_test"/>
    <testcase time="0.00100000000020373" classname="ds.rNorm_smk_simple_test" name="simple_test"/>
    <testcase time="0.000999999999748979" classname="ds.rNorm_smk_simple_test" name="simple_test"/>
    <testcase time="0.00100000000020373" classname="ds.rNorm_smk_simple_test" name="simple_test"/>
    <testcase time="0.00199999999995271" classname="ds.rNorm_smk_simple_test" name="simple_test"/>
    <testcase time="0.00100000000020373" classname="ds.rNorm_smk_simple_test" name="simple_test"/>
    <testcase time="0.000999999999748979" classname="ds.rNorm_smk_simple_test" name="simple_test"/>
    <testcase time="0.00199999999995271" classname="ds.rNorm_smk_simple_test" name="simple_test"/>
    <testcase time="0.00100000000020373" classname="ds.rNorm_smk_simple_test" name="simple_test"/>
    <testcase time="0.00199999999995271" classname="ds.rNorm_smk_simple_test" name="simple_test"/>
    <testcase time="0.000999999999748979" classname="ds.rNorm_smk_simple_test" name="simple_test"/>
  </testsuite>
  <testsuite name="ds.rNorm::smk::shutdown" timestamp="2020-05-04T23:36:49Z" hostname="fv-az14" tests="3" skipped="0" failures="0" errors="0" time="0.295">
    <testcase time="0.29300000000012" classname="ds.rNorm_smk_shutdown" name="shutdown"/>
    <testcase time="0.00100000000020373" classname="ds.rNorm_smk_shutdown" name="shutdown"/>
    <testcase time="0.000999999999748979" classname="ds.rNorm_smk_shutdown" name="shutdown"/>
  </testsuite>
  <testsuite name="ds.rNorm::smk::done" timestamp="2020-05-04T23:36:50Z" hostname="fv-az14" tests="0" skipped="0" failures="0" errors="0" time="0"/>
  <testsuite name="ds.rowColCalc::smk::setup" timestamp="2020-05-04T23:36:50Z" hostname="fv-az14" tests="3" skipped="0" failures="0" errors="0" time="5.585">
    <testcase time="5.58200000000033" classname="ds.rowColCalc_smk_setup" name="setup"/>
    <testcase time="0.00199999999995271" classname="ds.rowColCalc_smk_setup" name="setup"/>
    <testcase time="0.000999999999748979" classname="ds.rowColCalc_smk_setup" name="setup"/>
  </testsuite>
  <testsuite name="ds.rowColCalc::smk" timestamp="2020-05-04T23:36:55Z" hostname="fv-az14" tests="4" skipped="0" failures="0" errors="0" time="4.639">
    <testcase time="4.63599999999997" classname="ds.rowColCalc_smk" name="rowColCalc_exists"/>
    <testcase time="0.00100000000020373" classname="ds.rowColCalc_smk" name="rowColCalc_exists"/>
    <testcase time="0.000999999999748979" classname="ds.rowColCalc_smk" name="rowColCalc_exists"/>
    <testcase time="0.000999999999748979" classname="ds.rowColCalc_smk" name="rowColCalc_exists"/>
  </testsuite>
  <testsuite name="ds.rowColCalc::smk::no newobj" timestamp="2020-05-04T23:37:00Z" hostname="fv-az14" tests="4" skipped="0" failures="0" errors="0" time="4.623">
    <testcase time="4.61900000000014" classname="ds.rowColCalc_smk_no_newobj" name="rowColCalc_out_exists"/>
    <testcase time="0.00100000000020373" classname="ds.rowColCalc_smk_no_newobj" name="rowColCalc_out_exists"/>
    <testcase time="0.000999999999748979" classname="ds.rowColCalc_smk_no_newobj" name="rowColCalc_out_exists"/>
    <testcase time="0.00199999999995271" classname="ds.rowColCalc_smk_no_newobj" name="rowColCalc_out_exists"/>
  </testsuite>
  <testsuite name="ds.rowColCalc::smk::shutdown" timestamp="2020-05-04T23:37:05Z" hostname="fv-az14" tests="3" skipped="0" failures="0" errors="0" time="0.286">
    <testcase time="0.283000000000357" classname="ds.rowColCalc_smk_shutdown" name="shutdown"/>
    <testcase time="0.000999999999748979" classname="ds.rowColCalc_smk_shutdown" name="shutdown"/>
    <testcase time="0.00199999999995271" classname="ds.rowColCalc_smk_shutdown" name="shutdown"/>
  </testsuite>
  <testsuite name="ds.rowColCalc::smk::done" timestamp="2020-05-04T23:37:05Z" hostname="fv-az14" tests="0" skipped="0" failures="0" errors="0" time="0"/>
  <testsuite name="ds.rPois::smk::setup" timestamp="2020-05-04T23:37:05Z" hostname="fv-az14" tests="3" skipped="0" failures="0" errors="0" time="5.53">
    <testcase time="5.52700000000004" classname="ds.rPois_smk_setup" name="setup"/>
    <testcase time="0.00199999999995271" classname="ds.rPois_smk_setup" name="setup"/>
    <testcase time="0.00100000000020373" classname="ds.rPois_smk_setup" name="setup"/>
  </testsuite>
  <testsuite name="ds.rPois::smk::simple test" timestamp="2020-05-04T23:37:10Z" hostname="fv-az14" tests="11" skipped="0" failures="0" errors="0" time="2.217">
    <testcase time="2.20399999999972" classname="ds.rPois_smk_simple_test" name="simple_test"/>
    <testcase time="0.00100000000020373" classname="ds.rPois_smk_simple_test" name="simple_test"/>
    <testcase time="0.00199999999995271" classname="ds.rPois_smk_simple_test" name="simple_test"/>
    <testcase time="0.00100000000020373" classname="ds.rPois_smk_simple_test" name="simple_test"/>
    <testcase time="0.000999999999748979" classname="ds.rPois_smk_simple_test" name="simple_test"/>
    <testcase time="0.00100000000020373" classname="ds.rPois_smk_simple_test" name="simple_test"/>
    <testcase time="0.00199999999995271" classname="ds.rPois_smk_simple_test" name="simple_test"/>
    <testcase time="0.000999999999748979" classname="ds.rPois_smk_simple_test" name="simple_test"/>
    <testcase time="0.00199999999995271" classname="ds.rPois_smk_simple_test" name="simple_test"/>
    <testcase time="0.00100000000020373" classname="ds.rPois_smk_simple_test" name="simple_test"/>
    <testcase time="0.00100000000020373" classname="ds.rPois_smk_simple_test" name="simple_test"/>
  </testsuite>
  <testsuite name="ds.rPois::smk::shutdown" timestamp="2020-05-04T23:37:13Z" hostname="fv-az14" tests="3" skipped="0" failures="0" errors="0" time="0.284">
    <testcase time="0.281999999999698" classname="ds.rPois_smk_shutdown" name="shutdown"/>
    <testcase time="0.00100000000020373" classname="ds.rPois_smk_shutdown" name="shutdown"/>
    <testcase time="0.000999999999748979" classname="ds.rPois_smk_shutdown" name="shutdown"/>
  </testsuite>
  <testsuite name="ds.rPois::smk::done" timestamp="2020-05-04T23:37:14Z" hostname="fv-az14" tests="0" skipped="0" failures="0" errors="0" time="0"/>
  <testsuite name="ds.rUnif::smk::setup" timestamp="2020-05-04T23:37:14Z" hostname="fv-az14" tests="3" skipped="0" failures="0" errors="0" time="5.54">
    <testcase time="5.53700000000026" classname="ds.rUnif_smk_setup" name="setup"/>
    <testcase time="0.000999999999748979" classname="ds.rUnif_smk_setup" name="setup"/>
    <testcase time="0.00199999999995271" classname="ds.rUnif_smk_setup" name="setup"/>
  </testsuite>
  <testsuite name="ds.rUnif::smk::simple test" timestamp="2020-05-04T23:37:18Z" hostname="fv-az14" tests="11" skipped="0" failures="0" errors="0" time="2.122">
    <testcase time="2.11000000000013" classname="ds.rUnif_smk_simple_test" name="simple_test"/>
    <testcase time="0.00100000000020373" classname="ds.rUnif_smk_simple_test" name="simple_test"/>
    <testcase time="0.000999999999748979" classname="ds.rUnif_smk_simple_test" name="simple_test"/>
    <testcase time="0.00199999999995271" classname="ds.rUnif_smk_simple_test" name="simple_test"/>
    <testcase time="0.00100000000020373" classname="ds.rUnif_smk_simple_test" name="simple_test"/>
    <testcase time="0.000999999999748979" classname="ds.rUnif_smk_simple_test" name="simple_test"/>
    <testcase time="0.00100000000020373" classname="ds.rUnif_smk_simple_test" name="simple_test"/>
    <testcase time="0.00199999999995271" classname="ds.rUnif_smk_simple_test" name="simple_test"/>
    <testcase time="0.00100000000020373" classname="ds.rUnif_smk_simple_test" name="simple_test"/>
    <testcase time="0.000999999999748979" classname="ds.rUnif_smk_simple_test" name="simple_test"/>
    <testcase time="0.000999999999748979" classname="ds.rUnif_smk_simple_test" name="simple_test"/>
  </testsuite>
  <testsuite name="ds.rUnif::smk::shutdown" timestamp="2020-05-04T23:37:21Z" hostname="fv-az14" tests="3" skipped="0" failures="0" errors="0" time="0.277">
    <testcase time="0.275000000000091" classname="ds.rUnif_smk_shutdown" name="shutdown"/>
    <testcase time="0.00100000000020373" classname="ds.rUnif_smk_shutdown" name="shutdown"/>
    <testcase time="0.000999999999748979" classname="ds.rUnif_smk_shutdown" name="shutdown"/>
  </testsuite>
  <testsuite name="ds.rUnif::smk::done" timestamp="2020-05-04T23:37:21Z" hostname="fv-az14" tests="0" skipped="0" failures="0" errors="0" time="0"/>
  <testsuite name="ds.sample::smk::setup" timestamp="2020-05-04T23:37:21Z" hostname="fv-az14" tests="3" skipped="0" failures="0" errors="0" time="5.529">
    <testcase time="5.52600000000029" classname="ds.sample_smk_setup" name="setup"/>
    <testcase time="0.000999999999748979" classname="ds.sample_smk_setup" name="setup"/>
    <testcase time="0.00199999999995271" classname="ds.sample_smk_setup" name="setup"/>
  </testsuite>
  <testsuite name="ds.sample::smk::test" timestamp="2020-05-04T23:37:26Z" hostname="fv-az14" tests="64" skipped="0" failures="0" errors="0" time="6.646">
    <testcase time="1.53700000000026" classname="ds.sample_smk_test" name="simple_test"/>
    <testcase time="0.000999999999748979" classname="ds.sample_smk_test" name="simple_test"/>
    <testcase time="0.00199999999995271" classname="ds.sample_smk_test" name="simple_test"/>
    <testcase time="0.268000000000029" classname="ds.sample_smk_test" name="simple_test"/>
    <testcase time="0.00199999999995271" classname="ds.sample_smk_test" name="simple_test"/>
    <testcase time="0.00100000000020373" classname="ds.sample_smk_test" name="simple_test"/>
    <testcase time="0.000999999999748979" classname="ds.sample_smk_test" name="simple_test"/>
    <testcase time="0.00200000000040745" classname="ds.sample_smk_test" name="simple_test"/>
    <testcase time="1.21399999999994" classname="ds.sample_smk_test" name="simple_test"/>
    <testcase time="0.000999999999748979" classname="ds.sample_smk_test" name="simple_test"/>
    <testcase time="0.00199999999995271" classname="ds.sample_smk_test" name="simple_test"/>
    <testcase time="0.00100000000020373" classname="ds.sample_smk_test" name="simple_test"/>
    <testcase time="0.000999999999748979" classname="ds.sample_smk_test" name="simple_test"/>
    <testcase time="0.00200000000040745" classname="ds.sample_smk_test" name="simple_test"/>
    <testcase time="0.000999999999748979" classname="ds.sample_smk_test" name="simple_test"/>
    <testcase time="0.00199999999995271" classname="ds.sample_smk_test" name="simple_test"/>
    <testcase time="0.00100000000020373" classname="ds.sample_smk_test" name="simple_test"/>
    <testcase time="0.00199999999995271" classname="ds.sample_smk_test" name="simple_test"/>
    <testcase time="0.000999999999748979" classname="ds.sample_smk_test" name="simple_test"/>
    <testcase time="0.00200000000040745" classname="ds.sample_smk_test" name="simple_test"/>
    <testcase time="0.000999999999748979" classname="ds.sample_smk_test" name="simple_test"/>
    <testcase time="0.00199999999995271" classname="ds.sample_smk_test" name="simple_test"/>
    <testcase time="0.00199999999995271" classname="ds.sample_smk_test" name="simple_test"/>
    <testcase time="0.00100000000020373" classname="ds.sample_smk_test" name="simple_test"/>
    <testcase time="0.00199999999995271" classname="ds.sample_smk_test" name="simple_test"/>
    <testcase time="0.000999999999748979" classname="ds.sample_smk_test" name="simple_test"/>
    <testcase time="0.00200000000040745" classname="ds.sample_smk_test" name="simple_test"/>
    <testcase time="0.00199999999995271" classname="ds.sample_smk_test" name="simple_test"/>
    <testcase time="0.000999999999748979" classname="ds.sample_smk_test" name="simple_test"/>
    <testcase time="0.00199999999995271" classname="ds.sample_smk_test" name="simple_test"/>
    <testcase time="0.265000000000327" classname="ds.sample_smk_test" name="simple_test"/>
    <testcase time="0.00199999999995271" classname="ds.sample_smk_test" name="simple_test"/>
    <testcase time="0.00199999999995271" classname="ds.sample_smk_test" name="simple_test"/>
    <testcase time="0.00199999999995271" classname="ds.sample_smk_test" name="simple_test"/>
    <testcase time="0.00199999999995271" classname="ds.sample_smk_test" name="simple_test"/>
    <testcase time="1.50500000000011" classname="ds.sample_smk_test" name="simple_test"/>
    <testcase time="0.00199999999995271" classname="ds.sample_smk_test" name="simple_test"/>
    <testcase time="0.00199999999995271" classname="ds.sample_smk_test" name="simple_test"/>
    <testcase time="0.269999999999982" classname="ds.sample_smk_test" name="simple_test"/>
    <testcase time="0.00300000000015643" classname="ds.sample_smk_test" name="simple_test"/>
    <testcase time="0.00199999999995271" classname="ds.sample_smk_test" name="simple_test"/>
    <testcase time="0.00199999999995271" classname="ds.sample_smk_test" name="simple_test"/>
    <testcase time="0.00199999999995271" classname="ds.sample_smk_test" name="simple_test"/>
    <testcase time="1.22299999999996" classname="ds.sample_smk_test" name="simple_test"/>
    <testcase time="0.00199999999995271" classname="ds.sample_smk_test" name="simple_test"/>
    <testcase time="0.00199999999995271" classname="ds.sample_smk_test" name="simple_test"/>
    <testcase time="0.00199999999995271" classname="ds.sample_smk_test" name="simple_test"/>
    <testcase time="0.00200000000040745" classname="ds.sample_smk_test" name="simple_test"/>
    <testcase time="0.00199999999995271" classname="ds.sample_smk_test" name="simple_test"/>
    <testcase time="0.00199999999995271" classname="ds.sample_smk_test" name="simple_test"/>
    <testcase time="0.00199999999995271" classname="ds.sample_smk_test" name="simple_test"/>
    <testcase time="0.00199999999995271" classname="ds.sample_smk_test" name="simple_test"/>
    <testcase time="0.00199999999995271" classname="ds.sample_smk_test" name="simple_test"/>
    <testcase time="0.00199999999995271" classname="ds.sample_smk_test" name="simple_test"/>
    <testcase time="0.00199999999995271" classname="ds.sample_smk_test" name="simple_test"/>
    <testcase time="0.00199999999995271" classname="ds.sample_smk_test" name="simple_test"/>
    <testcase time="0.00199999999995271" classname="ds.sample_smk_test" name="simple_test"/>
    <testcase time="0.00200000000040745" classname="ds.sample_smk_test" name="simple_test"/>
    <testcase time="0.00199999999995271" classname="ds.sample_smk_test" name="simple_test"/>
    <testcase time="0.26299999999992" classname="ds.sample_smk_test" name="simple_test"/>
    <testcase time="0.00199999999995271" classname="ds.sample_smk_test" name="simple_test"/>
    <testcase time="0.00300000000015643" classname="ds.sample_smk_test" name="simple_test"/>
    <testcase time="0.00199999999995271" classname="ds.sample_smk_test" name="simple_test"/>
    <testcase time="0.00199999999995271" classname="ds.sample_smk_test" name="simple_test"/>
  </testsuite>
  <testsuite name="ds.sample::smk::test error" timestamp="2020-05-04T23:37:33Z" hostname="fv-az14" tests="7" skipped="0" failures="0" errors="0" time="1.526">
    <testcase time="1.51899999999978" classname="ds.sample_smk_test_error" name="simple_test_error"/>
    <testcase time="0.00199999999995271" classname="ds.sample_smk_test_error" name="simple_test_error"/>
    <testcase time="0.00100000000020373" classname="ds.sample_smk_test_error" name="simple_test_error"/>
    <testcase time="0.00100000000020373" classname="ds.sample_smk_test_error" name="simple_test_error"/>
    <testcase time="0.000999999999748979" classname="ds.sample_smk_test_error" name="simple_test_error"/>
    <testcase time="0.00100000000020373" classname="ds.sample_smk_test_error" name="simple_test_error"/>
    <testcase time="0.00100000000020373" classname="ds.sample_smk_test_error" name="simple_test_error"/>
  </testsuite>
  <testsuite name="ds.sample::smk::shutdown" timestamp="2020-05-04T23:37:35Z" hostname="fv-az14" tests="3" skipped="0" failures="0" errors="0" time="0.28">
    <testcase time="0.277999999999793" classname="ds.sample_smk_shutdown" name="shutdown"/>
    <testcase time="0.00100000000020373" classname="ds.sample_smk_shutdown" name="shutdown"/>
    <testcase time="0.000999999999748979" classname="ds.sample_smk_shutdown" name="shutdown"/>
  </testsuite>
  <testsuite name="ds.sample::smk::done" timestamp="2020-05-04T23:37:35Z" hostname="fv-az14" tests="0" skipped="0" failures="0" errors="0" time="0"/>
  <testsuite name="ds.seq::smk::setup" timestamp="2020-05-04T23:37:35Z" hostname="fv-az14" tests="3" skipped="0" failures="0" errors="0" time="5.498">
    <testcase time="5.49500000000035" classname="ds.seq_smk_setup" name="setup"/>
    <testcase time="0.00199999999995271" classname="ds.seq_smk_setup" name="setup"/>
    <testcase time="0.000999999999748979" classname="ds.seq_smk_setup" name="setup"/>
  </testsuite>
  <testsuite name="ds.seq::smk" timestamp="2020-05-04T23:37:40Z" hostname="fv-az14" tests="6" skipped="0" failures="0" errors="0" time="1.817">
    <testcase time="1.01499999999987" classname="ds.seq_smk" name="simplest_ds.seq"/>
    <testcase time="0.00100000000020373" classname="ds.seq_smk" name="simplest_ds.seq"/>
    <testcase time="0.00199999999995271" classname="ds.seq_smk" name="simplest_ds.seq"/>
    <testcase time="0.796000000000276" classname="ds.seq_smk" name="simplest_ds.seq"/>
    <testcase time="0.000999999999748979" classname="ds.seq_smk" name="simplest_ds.seq"/>
    <testcase time="0.00199999999995271" classname="ds.seq_smk" name="simplest_ds.seq"/>
  </testsuite>
  <testsuite name="ds.seq::smk::shutdown" timestamp="2020-05-04T23:37:42Z" hostname="fv-az14" tests="3" skipped="0" failures="0" errors="0" time="0.287">
    <testcase time="0.284999999999854" classname="ds.seq_smk_shutdown" name="shutdown"/>
    <testcase time="0.00100000000020373" classname="ds.seq_smk_shutdown" name="shutdown"/>
    <testcase time="0.00100000000020373" classname="ds.seq_smk_shutdown" name="shutdown"/>
  </testsuite>
  <testsuite name="ds.seq::smk::done" timestamp="2020-05-04T23:37:43Z" hostname="fv-az14" tests="0" skipped="0" failures="0" errors="0" time="0"/>
  <testsuite name="ds.setSeed::smk::setup" timestamp="2020-05-04T23:37:43Z" hostname="fv-az14" tests="3" skipped="0" failures="0" errors="0" time="5.499">
    <testcase time="5.49699999999984" classname="ds.setSeed_smk_setup" name="setup"/>
    <testcase time="0.000999999999748979" classname="ds.setSeed_smk_setup" name="setup"/>
    <testcase time="0.00100000000020373" classname="ds.setSeed_smk_setup" name="setup"/>
  </testsuite>
  <testsuite name="ds.setSeed::smk" timestamp="2020-05-04T23:37:48Z" hostname="fv-az14" tests="9" skipped="0" failures="0" errors="0" time="0.301">
    <testcase time="0.291000000000167" classname="ds.setSeed_smk" name="basic_setSeed"/>
    <testcase time="0.00199999999995271" classname="ds.setSeed_smk" name="basic_setSeed"/>
    <testcase time="0.000999999999748979" classname="ds.setSeed_smk" name="basic_setSeed"/>
    <testcase time="0.00100000000020373" classname="ds.setSeed_smk" name="basic_setSeed"/>
    <testcase time="0.000999999999748979" classname="ds.setSeed_smk" name="basic_setSeed"/>
    <testcase time="0.00200000000040745" classname="ds.setSeed_smk" name="basic_setSeed"/>
    <testcase time="0.000999999999748979" classname="ds.setSeed_smk" name="basic_setSeed"/>
    <testcase time="0.00100000000020373" classname="ds.setSeed_smk" name="basic_setSeed"/>
    <testcase time="0.000999999999748979" classname="ds.setSeed_smk" name="basic_setSeed"/>
  </testsuite>
  <testsuite name="ds.setSeed::smk::shutdown" timestamp="2020-05-04T23:37:48Z" hostname="fv-az14" tests="3" skipped="0" failures="0" errors="0" time="0.329">
    <testcase time="0.326000000000022" classname="ds.setSeed_smk_shutdown" name="shutdown"/>
    <testcase time="0.00199999999995271" classname="ds.setSeed_smk_shutdown" name="shutdown"/>
    <testcase time="0.00100000000020373" classname="ds.setSeed_smk_shutdown" name="shutdown"/>
  </testsuite>
  <testsuite name="ds.setSeed::smk::done" timestamp="2020-05-04T23:37:49Z" hostname="fv-az14" tests="0" skipped="0" failures="0" errors="0" time="0"/>
  <testsuite name="ds.subsetByClass::smk::setup" timestamp="2020-05-04T23:37:49Z" hostname="fv-az14" tests="3" skipped="0" failures="0" errors="0" time="5.569">
    <testcase time="5.5659999999998" classname="ds.subsetByClass_smk_setup" name="setup"/>
    <testcase time="0.00199999999995271" classname="ds.subsetByClass_smk_setup" name="setup"/>
    <testcase time="0.00100000000020373" classname="ds.subsetByClass_smk_setup" name="setup"/>
  </testsuite>
  <testsuite name="ds.subsetByClass::smk" timestamp="2020-05-04T23:37:54Z" hostname="fv-az14" tests="11" skipped="0" failures="0" errors="0" time="5.576">
    <testcase time="4.3420000000001" classname="ds.subsetByClass_smk" name="gender"/>
    <testcase time="1.20899999999983" classname="ds.subsetByClass_smk" name="gender"/>
    <testcase time="0.00399999999990541" classname="ds.subsetByClass_smk" name="gender"/>
    <testcase time="0.00199999999995271" classname="ds.subsetByClass_smk" name="gender"/>
    <testcase time="0.00100000000020373" classname="ds.subsetByClass_smk" name="gender"/>
    <testcase time="0.000999999999748979" classname="ds.subsetByClass_smk" name="gender"/>
    <testcase time="0.012000000000171" classname="ds.subsetByClass_smk" name="gender"/>
    <testcase time="0.00199999999995271" classname="ds.subsetByClass_smk" name="gender"/>
    <testcase time="0.00100000000020373" classname="ds.subsetByClass_smk" name="gender"/>
    <testcase time="0.000999999999748979" classname="ds.subsetByClass_smk" name="gender"/>
    <testcase time="0.00100000000020373" classname="ds.subsetByClass_smk" name="gender"/>
  </testsuite>
  <testsuite name="ds.subsetByClass::smk::shutdown" timestamp="2020-05-04T23:38:00Z" hostname="fv-az14" tests="3" skipped="0" failures="0" errors="0" time="0.282">
    <testcase time="0.279999999999745" classname="ds.subsetByClass_smk_shutdown" name="shutdown"/>
    <testcase time="0.00100000000020373" classname="ds.subsetByClass_smk_shutdown" name="shutdown"/>
    <testcase time="0.00100000000020373" classname="ds.subsetByClass_smk_shutdown" name="shutdown"/>
  </testsuite>
  <testsuite name="ds.subsetByClass::smk::done" timestamp="2020-05-04T23:38:01Z" hostname="fv-az14" tests="0" skipped="0" failures="0" errors="0" time="0"/>
  <testsuite name="ds.subset::smk::setup" timestamp="2020-05-04T23:38:01Z" hostname="fv-az14" tests="3" skipped="0" failures="0" errors="0" time="5.64">
    <testcase time="5.63799999999992" classname="ds.subset_smk_setup" name="setup"/>
    <testcase time="0.000999999999748979" classname="ds.subset_smk_setup" name="setup"/>
    <testcase time="0.00100000000020373" classname="ds.subset_smk_setup" name="setup"/>
  </testsuite>
  <testsuite name="ds.subset::smk::generate a subset of the assigned table (by default the table is named 'D') with the first 50 observations and the two first columns" timestamp="2020-05-04T23:38:06Z" hostname="fv-az14" tests="4" skipped="0" failures="0" errors="0" time="2.74">
    <testcase time="2.73700000000008" classname="ds.subset_smk_generate_a_subset_of_the_assigned_table_by_default_the_table_is_named_D_with_the_first_50_observations_and_the_two_first_columns" name="subD_exists"/>
    <testcase time="0.000999999999748979" classname="ds.subset_smk_generate_a_subset_of_the_assigned_table_by_default_the_table_is_named_D_with_the_first_50_observations_and_the_two_first_columns" name="subD_exists"/>
    <testcase time="0.00100000000020373" classname="ds.subset_smk_generate_a_subset_of_the_assigned_table_by_default_the_table_is_named_D_with_the_first_50_observations_and_the_two_first_columns" name="subD_exists"/>
    <testcase time="0.000999999999748979" classname="ds.subset_smk_generate_a_subset_of_the_assigned_table_by_default_the_table_is_named_D_with_the_first_50_observations_and_the_two_first_columns" name="subD_exists"/>
  </testsuite>
  <testsuite name="ds.subset::smk::generate a subset of the assigned table (by default the table is named 'D') with the first 50 observations and the two first columns refered to by their names" timestamp="2020-05-04T23:38:08Z" hostname="fv-az14" tests="4" skipped="0" failures="0" errors="0" time="2.664">
    <testcase time="2.66100000000006" classname="ds.subset_smk_generate_a_subset_of_the_assigned_table_by_default_the_table_is_named_D_with_the_first_50_observations_and_the_two_first_columns_refered_to_by_their_names" name="subD2_exists"/>
    <testcase time="0.00100000000020373" classname="ds.subset_smk_generate_a_subset_of_the_assigned_table_by_default_the_table_is_named_D_with_the_first_50_observations_and_the_two_first_columns_refered_to_by_their_names" name="subD2_exists"/>
    <testcase time="0.000999999999748979" classname="ds.subset_smk_generate_a_subset_of_the_assigned_table_by_default_the_table_is_named_D_with_the_first_50_observations_and_the_two_first_columns_refered_to_by_their_names" name="subD2_exists"/>
    <testcase time="0.00100000000020373" classname="ds.subset_smk_generate_a_subset_of_the_assigned_table_by_default_the_table_is_named_D_with_the_first_50_observations_and_the_two_first_columns_refered_to_by_their_names" name="subD2_exists"/>
  </testsuite>
  <testsuite name="ds.subset::smk::generate a subset of the table D with bmi values greater than or equal to 25." timestamp="2020-05-04T23:38:11Z" hostname="fv-az14" tests="4" skipped="0" failures="0" errors="0" time="1.503">
    <testcase time="1.48999999999978" classname="ds.subset_smk_generate_a_subset_of_the_table_D_with_bmi_values_greater_than_or_equal_to_25." name="subD3_exists"/>
    <testcase time="0.00100000000020373" classname="ds.subset_smk_generate_a_subset_of_the_table_D_with_bmi_values_greater_than_or_equal_to_25." name="subD3_exists"/>
    <testcase time="0.0109999999999673" classname="ds.subset_smk_generate_a_subset_of_the_table_D_with_bmi_values_greater_than_or_equal_to_25." name="subD3_exists"/>
    <testcase time="0.000999999999748979" classname="ds.subset_smk_generate_a_subset_of_the_table_D_with_bmi_values_greater_than_or_equal_to_25." name="subD3_exists"/>
  </testsuite>
  <testsuite name="ds.subset::smk::shutdown" timestamp="2020-05-04T23:38:13Z" hostname="fv-az14" tests="3" skipped="0" failures="0" errors="0" time="0.282">
    <testcase time="0.2800000000002" classname="ds.subset_smk_shutdown" name="shutdown"/>
    <testcase time="0.00100000000020373" classname="ds.subset_smk_shutdown" name="shutdown"/>
    <testcase time="0.000999999999748979" classname="ds.subset_smk_shutdown" name="shutdown"/>
  </testsuite>
  <testsuite name="ds.subset::smk::done" timestamp="2020-05-04T23:38:13Z" hostname="fv-az14" tests="0" skipped="0" failures="0" errors="0" time="0"/>
  <testsuite name="ds.summary::smk::setup" timestamp="2020-05-04T23:38:13Z" hostname="fv-az14" tests="3" skipped="0" failures="0" errors="0" time="5.627">
    <testcase time="5.625" classname="ds.summary_smk_setup" name="setup"/>
    <testcase time="0.00100000000020373" classname="ds.summary_smk_setup" name="setup"/>
    <testcase time="0.000999999999748979" classname="ds.summary_smk_setup" name="setup"/>
  </testsuite>
  <testsuite name="ds.summary::smk::summary of a numerical variable" timestamp="2020-05-04T23:38:18Z" hostname="fv-az14" tests="3" skipped="0" failures="0" errors="0" time="3.265">
    <testcase time="3.26299999999992" classname="ds.summary_smk_summary_of_a_numerical_variable" name="summary_numerical_variable"/>
    <testcase time="0.00100000000020373" classname="ds.summary_smk_summary_of_a_numerical_variable" name="summary_numerical_variable"/>
    <testcase time="0.00100000000020373" classname="ds.summary_smk_summary_of_a_numerical_variable" name="summary_numerical_variable"/>
  </testsuite>
  <testsuite name="ds.summary::smk::summary of a character variable" timestamp="2020-05-04T23:38:22Z" hostname="fv-az14" tests="2" skipped="0" failures="0" errors="0" time="3.187">
    <testcase time="3.18499999999995" classname="ds.summary_smk_summary_of_a_character_variable" name="summary_character_variable"/>
    <testcase time="0.00199999999995271" classname="ds.summary_smk_summary_of_a_character_variable" name="summary_character_variable"/>
  </testsuite>
  <testsuite name="ds.summary::smk::summary of a factor variable" timestamp="2020-05-04T23:38:25Z" hostname="fv-az14" tests="22" skipped="0" failures="0" errors="0" time="4.773">
    <testcase time="4.74399999999969" classname="ds.summary_smk_summary_of_a_factor_variable" name="summary_factor_variable"/>
    <testcase time="0.00100000000020373" classname="ds.summary_smk_summary_of_a_factor_variable" name="summary_factor_variable"/>
    <testcase time="0.00100000000020373" classname="ds.summary_smk_summary_of_a_factor_variable" name="summary_factor_variable"/>
    <testcase time="0.00199999999995271" classname="ds.summary_smk_summary_of_a_factor_variable" name="summary_factor_variable"/>
    <testcase time="0.000999999999748979" classname="ds.summary_smk_summary_of_a_factor_variable" name="summary_factor_variable"/>
    <testcase time="0.00100000000020373" classname="ds.summary_smk_summary_of_a_factor_variable" name="summary_factor_variable"/>
    <testcase time="0.00199999999995271" classname="ds.summary_smk_summary_of_a_factor_variable" name="summary_factor_variable"/>
    <testcase time="0.000999999999748979" classname="ds.summary_smk_summary_of_a_factor_variable" name="summary_factor_variable"/>
    <testcase time="0.00100000000020373" classname="ds.summary_smk_summary_of_a_factor_variable" name="summary_factor_variable"/>
    <testcase time="0.00199999999995271" classname="ds.summary_smk_summary_of_a_factor_variable" name="summary_factor_variable"/>
    <testcase time="0.00100000000020373" classname="ds.summary_smk_summary_of_a_factor_variable" name="summary_factor_variable"/>
    <testcase time="0.00199999999995271" classname="ds.summary_smk_summary_of_a_factor_variable" name="summary_factor_variable"/>
    <testcase time="0.000999999999748979" classname="ds.summary_smk_summary_of_a_factor_variable" name="summary_factor_variable"/>
    <testcase time="0.00100000000020373" classname="ds.summary_smk_summary_of_a_factor_variable" name="summary_factor_variable"/>
    <testcase time="0.00199999999995271" classname="ds.summary_smk_summary_of_a_factor_variable" name="summary_factor_variable"/>
    <testcase time="0.000999999999748979" classname="ds.summary_smk_summary_of_a_factor_variable" name="summary_factor_variable"/>
    <testcase time="0.00100000000020373" classname="ds.summary_smk_summary_of_a_factor_variable" name="summary_factor_variable"/>
    <testcase time="0.00199999999995271" classname="ds.summary_smk_summary_of_a_factor_variable" name="summary_factor_variable"/>
    <testcase time="0.00100000000020373" classname="ds.summary_smk_summary_of_a_factor_variable" name="summary_factor_variable"/>
    <testcase time="0.00199999999995271" classname="ds.summary_smk_summary_of_a_factor_variable" name="summary_factor_variable"/>
    <testcase time="0.000999999999748979" classname="ds.summary_smk_summary_of_a_factor_variable" name="summary_factor_variable"/>
    <testcase time="0.00199999999995271" classname="ds.summary_smk_summary_of_a_factor_variable" name="summary_factor_variable"/>
  </testsuite>
  <testsuite name="ds.summary::smk::summary of a data frame" timestamp="2020-05-04T23:38:30Z" hostname="fv-az14" tests="5" skipped="0" failures="0" errors="0" time="3.096">
    <testcase time="3.09000000000015" classname="ds.summary_smk_summary_of_a_data_frame" name="summary_data_frame"/>
    <testcase time="0.00199999999995271" classname="ds.summary_smk_summary_of_a_data_frame" name="summary_data_frame"/>
    <testcase time="0.00100000000020373" classname="ds.summary_smk_summary_of_a_data_frame" name="summary_data_frame"/>
    <testcase time="0.000999999999748979" classname="ds.summary_smk_summary_of_a_data_frame" name="summary_data_frame"/>
    <testcase time="0.00199999999995271" classname="ds.summary_smk_summary_of_a_data_frame" name="summary_data_frame"/>
  </testsuite>
  <testsuite name="ds.summary::smk::teardown" timestamp="2020-05-04T23:38:33Z" hostname="fv-az14" tests="3" skipped="0" failures="0" errors="0" time="0.281">
    <testcase time="0.278000000000247" classname="ds.summary_smk_teardown" name="shutdown"/>
    <testcase time="0.000999999999748979" classname="ds.summary_smk_teardown" name="shutdown"/>
    <testcase time="0.00200000000040745" classname="ds.summary_smk_teardown" name="shutdown"/>
  </testsuite>
  <testsuite name="ds.summary::smk::done" timestamp="2020-05-04T23:38:34Z" hostname="fv-az14" tests="0" skipped="0" failures="0" errors="0" time="0"/>
  <testsuite name="ds.table1D::smk::setup" timestamp="2020-05-04T23:38:34Z" hostname="fv-az14" tests="3" skipped="0" failures="0" errors="0" time="5.571">
    <testcase time="5.56899999999996" classname="ds.table1D_smk_setup" name="setup"/>
    <testcase time="0.000999999999748979" classname="ds.table1D_smk_setup" name="setup"/>
    <testcase time="0.00100000000020373" classname="ds.table1D_smk_setup" name="setup"/>
  </testsuite>
  <testsuite name="ds.table1D::smk::generate a one dimensional table, outputting combined contingency tables" timestamp="2020-05-04T23:38:39Z" hostname="fv-az14" tests="3" skipped="0" failures="0" errors="0" time="1.232">
    <testcase time="1.23000000000002" classname="ds.table1D_smk_generate_a_one_dimensional_table_outputting_combined_contingency_tables" name="GENDER_normal"/>
    <testcase time="0.000999999999748979" classname="ds.table1D_smk_generate_a_one_dimensional_table_outputting_combined_contingency_tables" name="GENDER_normal"/>
    <testcase time="0.00100000000020373" classname="ds.table1D_smk_generate_a_one_dimensional_table_outputting_combined_contingency_tables" name="GENDER_normal"/>
  </testsuite>
  <testsuite name="ds.table1D::smk::generate a one dimensional table, outputting combined contingency tables fail" timestamp="2020-05-04T23:38:40Z" hostname="fv-az14" tests="1" skipped="1" failures="0" errors="0" time="1.233">
    <testcase time="1.23300000000017" classname="ds.table1D_smk_generate_a_one_dimensional_table_outputting_combined_contingency_tables_fail" name="DIS_CVA_invalid">
      <skipped/>
    </testcase>
  </testsuite>
  <testsuite name="ds.table1D::smk::generate a one dimensional table, outputting combined contingency tables fail split" timestamp="2020-05-04T23:38:41Z" hostname="fv-az14" tests="1" skipped="1" failures="0" errors="0" time="1.226">
    <testcase time="1.22600000000011" classname="ds.table1D_smk_generate_a_one_dimensional_table_outputting_combined_contingency_tables_fail_split" name="DIS_CVA_invalid_split">
      <skipped/>
    </testcase>
  </testsuite>
  <testsuite name="ds.table1D::smk::generate a one dimensional table, outputting study specific contingency tables" timestamp="2020-05-04T23:38:42Z" hostname="fv-az14" tests="4" skipped="0" failures="0" errors="0" time="1.233">
    <testcase time="1.22899999999981" classname="ds.table1D_smk_generate_a_one_dimensional_table_outputting_study_specific_contingency_tables" name="GENDER_split"/>
    <testcase time="0.00100000000020373" classname="ds.table1D_smk_generate_a_one_dimensional_table_outputting_study_specific_contingency_tables" name="GENDER_split"/>
    <testcase time="0.000999999999748979" classname="ds.table1D_smk_generate_a_one_dimensional_table_outputting_study_specific_contingency_tables" name="GENDER_split"/>
    <testcase time="0.00199999999995271" classname="ds.table1D_smk_generate_a_one_dimensional_table_outputting_study_specific_contingency_tables" name="GENDER_split"/>
  </testsuite>
  <testsuite name="ds.table1D::smk::generate a one dimensional table, outputting study specific contingency tables for study 1 and 2" timestamp="2020-05-04T23:38:44Z" hostname="fv-az14" tests="4" skipped="0" failures="0" errors="0" time="0.975">
    <testcase time="0.971000000000004" classname="ds.table1D_smk_generate_a_one_dimensional_table_outputting_study_specific_contingency_tables_for_study_1_and_2" name="GENDER_split_12"/>
    <testcase time="0.00100000000020373" classname="ds.table1D_smk_generate_a_one_dimensional_table_outputting_study_specific_contingency_tables_for_study_1_and_2" name="GENDER_split_12"/>
    <testcase time="0.00199999999995271" classname="ds.table1D_smk_generate_a_one_dimensional_table_outputting_study_specific_contingency_tables_for_study_1_and_2" name="GENDER_split_12"/>
    <testcase time="0.00100000000020373" classname="ds.table1D_smk_generate_a_one_dimensional_table_outputting_study_specific_contingency_tables_for_study_1_and_2" name="GENDER_split_12"/>
  </testsuite>
  <testsuite name="ds.table1D::smk::generate a one dimensional table, outputting study specific and combined contingency tables" timestamp="2020-05-04T23:38:45Z" hostname="fv-az14" tests="3" skipped="0" failures="0" errors="0" time="1.232">
    <testcase time="1.22999999999956" classname="ds.table1D_smk_generate_a_one_dimensional_table_outputting_study_specific_and_combined_contingency_tables" name="GENDER_normal_2"/>
    <testcase time="0.00100000000020373" classname="ds.table1D_smk_generate_a_one_dimensional_table_outputting_study_specific_and_combined_contingency_tables" name="GENDER_normal_2"/>
    <testcase time="0.00100000000020373" classname="ds.table1D_smk_generate_a_one_dimensional_table_outputting_study_specific_and_combined_contingency_tables" name="GENDER_normal_2"/>
  </testsuite>
  <testsuite name="ds.table1D::smk::shutdown" timestamp="2020-05-04T23:38:46Z" hostname="fv-az14" tests="3" skipped="0" failures="0" errors="0" time="0.281">
    <testcase time="0.277999999999793" classname="ds.table1D_smk_shutdown" name="shutdown"/>
    <testcase time="0.00100000000020373" classname="ds.table1D_smk_shutdown" name="shutdown"/>
    <testcase time="0.00199999999995271" classname="ds.table1D_smk_shutdown" name="shutdown"/>
  </testsuite>
  <testsuite name="ds.table1D::smk::done" timestamp="2020-05-04T23:38:47Z" hostname="fv-az14" tests="0" skipped="0" failures="0" errors="0" time="0"/>
  <testsuite name="ds.table2D::smk::setup" timestamp="2020-05-04T23:38:47Z" hostname="fv-az14" tests="3" skipped="0" failures="0" errors="0" time="5.546">
    <testcase time="5.54299999999967" classname="ds.table2D_smk_setup" name="setup"/>
    <testcase time="0.00200000000040745" classname="ds.table2D_smk_setup" name="setup"/>
    <testcase time="0.000999999999748979" classname="ds.table2D_smk_setup" name="setup"/>
  </testsuite>
  <testsuite name="ds.table2D::smk" timestamp="2020-05-04T23:38:52Z" hostname="fv-az14" tests="22" skipped="0" failures="0" errors="0" time="1.004">
    <testcase time="0.969000000000051" classname="ds.table2D_smk" name="simple_table2D"/>
    <testcase time="0.00100000000020373" classname="ds.table2D_smk" name="simple_table2D"/>
    <testcase time="0.000999999999748979" classname="ds.table2D_smk" name="simple_table2D"/>
    <testcase time="0.000999999999748979" classname="ds.table2D_smk" name="simple_table2D"/>
    <testcase time="0.00100000000020373" classname="ds.table2D_smk" name="simple_table2D"/>
    <testcase time="0.000999999999748979" classname="ds.table2D_smk" name="simple_table2D"/>
    <testcase time="0.00100000000020373" classname="ds.table2D_smk" name="simple_table2D"/>
    <testcase time="0.0109999999999673" classname="ds.table2D_smk" name="simple_table2D"/>
    <testcase time="0.000999999999748979" classname="ds.table2D_smk" name="simple_table2D"/>
    <testcase time="0.00100000000020373" classname="ds.table2D_smk" name="simple_table2D"/>
    <testcase time="0.00199999999995271" classname="ds.table2D_smk" name="simple_table2D"/>
    <testcase time="0.00100000000020373" classname="ds.table2D_smk" name="simple_table2D"/>
    <testcase time="0.000999999999748979" classname="ds.table2D_smk" name="simple_table2D"/>
    <testcase time="0.00100000000020373" classname="ds.table2D_smk" name="simple_table2D"/>
    <testcase time="0.000999999999748979" classname="ds.table2D_smk" name="simple_table2D"/>
    <testcase time="0.00199999999995271" classname="ds.table2D_smk" name="simple_table2D"/>
    <testcase time="0.00100000000020373" classname="ds.table2D_smk" name="simple_table2D"/>
    <testcase time="0.00199999999995271" classname="ds.table2D_smk" name="simple_table2D"/>
    <testcase time="0.00100000000020373" classname="ds.table2D_smk" name="simple_table2D"/>
    <testcase time="0.00199999999995271" classname="ds.table2D_smk" name="simple_table2D"/>
    <testcase time="0.000999999999748979" classname="ds.table2D_smk" name="simple_table2D"/>
    <testcase time="0.00100000000020373" classname="ds.table2D_smk" name="simple_table2D"/>
  </testsuite>
  <testsuite name="ds.table2D::smk::shutdown" timestamp="2020-05-04T23:38:53Z" hostname="fv-az14" tests="3" skipped="0" failures="0" errors="0" time="0.284">
    <testcase time="0.280999999999949" classname="ds.table2D_smk_shutdown" name="shutdown"/>
    <testcase time="0.00100000000020373" classname="ds.table2D_smk_shutdown" name="shutdown"/>
    <testcase time="0.00199999999995271" classname="ds.table2D_smk_shutdown" name="shutdown"/>
  </testsuite>
  <testsuite name="ds.table2D::smk::done" timestamp="2020-05-04T23:38:53Z" hostname="fv-az14" tests="0" skipped="0" failures="0" errors="0" time="0"/>
  <testsuite name="ds.table::smk::setup" timestamp="2020-05-04T23:38:53Z" hostname="fv-az14" tests="3" skipped="0" failures="0" errors="0" time="5.644">
    <testcase time="5.64199999999983" classname="ds.table_smk_setup" name="setup"/>
    <testcase time="0.00100000000020373" classname="ds.table_smk_setup" name="setup"/>
    <testcase time="0.000999999999748979" classname="ds.table_smk_setup" name="setup"/>
  </testsuite>
  <testsuite name="ds.table::smk" timestamp="2020-05-04T23:38:59Z" hostname="fv-az14" tests="19" skipped="0" failures="0" errors="0" time="4.918">
    <testcase time="4.0300000000002" classname="ds.table_smk" name="simple_table"/>
    <testcase time="0.000999999999748979" classname="ds.table_smk" name="simple_table"/>
    <testcase time="0.00100000000020373" classname="ds.table_smk" name="simple_table"/>
    <testcase time="0.865999999999985" classname="ds.table_smk" name="simple_table"/>
    <testcase time="0.000999999999748979" classname="ds.table_smk" name="simple_table"/>
    <testcase time="0.00199999999995271" classname="ds.table_smk" name="simple_table"/>
    <testcase time="0.00100000000020373" classname="ds.table_smk" name="simple_table"/>
    <testcase time="0.00100000000020373" classname="ds.table_smk" name="simple_table"/>
    <testcase time="0.000999999999748979" classname="ds.table_smk" name="simple_table"/>
    <testcase time="0.000999999999748979" classname="ds.table_smk" name="simple_table"/>
    <testcase time="0.00100000000020373" classname="ds.table_smk" name="simple_table"/>
    <testcase time="0.00199999999995271" classname="ds.table_smk" name="simple_table"/>
    <testcase time="0.000999999999748979" classname="ds.table_smk" name="simple_table"/>
    <testcase time="0.00200000000040745" classname="ds.table_smk" name="simple_table"/>
    <testcase time="0.000999999999748979" classname="ds.table_smk" name="simple_table"/>
    <testcase time="0.00100000000020373" classname="ds.table_smk" name="simple_table"/>
    <testcase time="0.00199999999995271" classname="ds.table_smk" name="simple_table"/>
    <testcase time="0.000999999999748979" classname="ds.table_smk" name="simple_table"/>
    <testcase time="0.00199999999995271" classname="ds.table_smk" name="simple_table"/>
  </testsuite>
  <testsuite name="ds.table::smk::shutdown" timestamp="2020-05-04T23:39:03Z" hostname="fv-az14" tests="3" skipped="0" failures="0" errors="0" time="0.283">
    <testcase time="0.2800000000002" classname="ds.table_smk_shutdown" name="shutdown"/>
    <testcase time="0.00100000000020373" classname="ds.table_smk_shutdown" name="shutdown"/>
    <testcase time="0.00199999999995271" classname="ds.table_smk_shutdown" name="shutdown"/>
  </testsuite>
  <testsuite name="ds.table::smk::done" timestamp="2020-05-04T23:39:04Z" hostname="fv-az14" tests="0" skipped="0" failures="0" errors="0" time="0"/>
  <testsuite name="ds.tapply::smk::setup" timestamp="2020-05-04T23:39:04Z" hostname="fv-az14" tests="3" skipped="0" failures="0" errors="0" time="5.675">
    <testcase time="5.67200000000003" classname="ds.tapply_smk_setup" name="setup"/>
    <testcase time="0.000999999999748979" classname="ds.tapply_smk_setup" name="setup"/>
    <testcase time="0.00199999999995271" classname="ds.tapply_smk_setup" name="setup"/>
  </testsuite>
  <testsuite name="ds.tapply::smk::fun=mean" timestamp="2020-05-04T23:39:10Z" hostname="fv-az14" tests="22" skipped="0" failures="0" errors="0" time="1.369">
    <testcase time="1.34000000000015" classname="ds.tapply_smk_fun_mean" name="simplest_ds.tapply_fun_mean"/>
    <testcase time="0.000999999999748979" classname="ds.tapply_smk_fun_mean" name="simplest_ds.tapply_fun_mean"/>
    <testcase time="0.00200000000040745" classname="ds.tapply_smk_fun_mean" name="simplest_ds.tapply_fun_mean"/>
    <testcase time="0.000999999999748979" classname="ds.tapply_smk_fun_mean" name="simplest_ds.tapply_fun_mean"/>
    <testcase time="0.00100000000020373" classname="ds.tapply_smk_fun_mean" name="simplest_ds.tapply_fun_mean"/>
    <testcase time="0.000999999999748979" classname="ds.tapply_smk_fun_mean" name="simplest_ds.tapply_fun_mean"/>
    <testcase time="0.00199999999995271" classname="ds.tapply_smk_fun_mean" name="simplest_ds.tapply_fun_mean"/>
    <testcase time="0.00100000000020373" classname="ds.tapply_smk_fun_mean" name="simplest_ds.tapply_fun_mean"/>
    <testcase time="0.000999999999748979" classname="ds.tapply_smk_fun_mean" name="simplest_ds.tapply_fun_mean"/>
    <testcase time="0.00200000000040745" classname="ds.tapply_smk_fun_mean" name="simplest_ds.tapply_fun_mean"/>
    <testcase time="0.000999999999748979" classname="ds.tapply_smk_fun_mean" name="simplest_ds.tapply_fun_mean"/>
    <testcase time="0.00100000000020373" classname="ds.tapply_smk_fun_mean" name="simplest_ds.tapply_fun_mean"/>
    <testcase time="0.000999999999748979" classname="ds.tapply_smk_fun_mean" name="simplest_ds.tapply_fun_mean"/>
    <testcase time="0.00199999999995271" classname="ds.tapply_smk_fun_mean" name="simplest_ds.tapply_fun_mean"/>
    <testcase time="0.00100000000020373" classname="ds.tapply_smk_fun_mean" name="simplest_ds.tapply_fun_mean"/>
    <testcase time="0.00199999999995271" classname="ds.tapply_smk_fun_mean" name="simplest_ds.tapply_fun_mean"/>
    <testcase time="0.000999999999748979" classname="ds.tapply_smk_fun_mean" name="simplest_ds.tapply_fun_mean"/>
    <testcase time="0.00200000000040745" classname="ds.tapply_smk_fun_mean" name="simplest_ds.tapply_fun_mean"/>
    <testcase time="0.000999999999748979" classname="ds.tapply_smk_fun_mean" name="simplest_ds.tapply_fun_mean"/>
    <testcase time="0.00199999999995271" classname="ds.tapply_smk_fun_mean" name="simplest_ds.tapply_fun_mean"/>
    <testcase time="0.00199999999995271" classname="ds.tapply_smk_fun_mean" name="simplest_ds.tapply_fun_mean"/>
    <testcase time="0.00100000000020373" classname="ds.tapply_smk_fun_mean" name="simplest_ds.tapply_fun_mean"/>
  </testsuite>
  <testsuite name="ds.tapply::smk::fun=sd" timestamp="2020-05-04T23:39:11Z" hostname="fv-az14" tests="22" skipped="0" failures="0" errors="0" time="0.304">
    <testcase time="0.275000000000091" classname="ds.tapply_smk_fun_sd" name="simplest_ds.tapply_fun_sd"/>
    <testcase time="0.000999999999748979" classname="ds.tapply_smk_fun_sd" name="simplest_ds.tapply_fun_sd"/>
    <testcase time="0.00100000000020373" classname="ds.tapply_smk_fun_sd" name="simplest_ds.tapply_fun_sd"/>
    <testcase time="0.00199999999995271" classname="ds.tapply_smk_fun_sd" name="simplest_ds.tapply_fun_sd"/>
    <testcase time="0.000999999999748979" classname="ds.tapply_smk_fun_sd" name="simplest_ds.tapply_fun_sd"/>
    <testcase time="0.00100000000020373" classname="ds.tapply_smk_fun_sd" name="simplest_ds.tapply_fun_sd"/>
    <testcase time="0.00100000000020373" classname="ds.tapply_smk_fun_sd" name="simplest_ds.tapply_fun_sd"/>
    <testcase time="0.00199999999995271" classname="ds.tapply_smk_fun_sd" name="simplest_ds.tapply_fun_sd"/>
    <testcase time="0.000999999999748979" classname="ds.tapply_smk_fun_sd" name="simplest_ds.tapply_fun_sd"/>
    <testcase time="0.00100000000020373" classname="ds.tapply_smk_fun_sd" name="simplest_ds.tapply_fun_sd"/>
    <testcase time="0.00199999999995271" classname="ds.tapply_smk_fun_sd" name="simplest_ds.tapply_fun_sd"/>
    <testcase time="0.000999999999748979" classname="ds.tapply_smk_fun_sd" name="simplest_ds.tapply_fun_sd"/>
    <testcase time="0.00100000000020373" classname="ds.tapply_smk_fun_sd" name="simplest_ds.tapply_fun_sd"/>
    <testcase time="0.00199999999995271" classname="ds.tapply_smk_fun_sd" name="simplest_ds.tapply_fun_sd"/>
    <testcase time="0.00100000000020373" classname="ds.tapply_smk_fun_sd" name="simplest_ds.tapply_fun_sd"/>
    <testcase time="0.000999999999748979" classname="ds.tapply_smk_fun_sd" name="simplest_ds.tapply_fun_sd"/>
    <testcase time="0.00199999999995271" classname="ds.tapply_smk_fun_sd" name="simplest_ds.tapply_fun_sd"/>
    <testcase time="0.00100000000020373" classname="ds.tapply_smk_fun_sd" name="simplest_ds.tapply_fun_sd"/>
    <testcase time="0.00199999999995271" classname="ds.tapply_smk_fun_sd" name="simplest_ds.tapply_fun_sd"/>
    <testcase time="0.00199999999995271" classname="ds.tapply_smk_fun_sd" name="simplest_ds.tapply_fun_sd"/>
    <testcase time="0.00100000000020373" classname="ds.tapply_smk_fun_sd" name="simplest_ds.tapply_fun_sd"/>
    <testcase time="0.00199999999995271" classname="ds.tapply_smk_fun_sd" name="simplest_ds.tapply_fun_sd"/>
  </testsuite>
  <testsuite name="ds.tapply::smk::fun=sum" timestamp="2020-05-04T23:39:11Z" hostname="fv-az14" tests="22" skipped="0" failures="0" errors="0" time="0.316">
    <testcase time="0.288000000000011" classname="ds.tapply_smk_fun_sum" name="simplest_ds.tapply_fun_sum"/>
    <testcase time="0.00199999999995271" classname="ds.tapply_smk_fun_sum" name="simplest_ds.tapply_fun_sum"/>
    <testcase time="0.000999999999748979" classname="ds.tapply_smk_fun_sum" name="simplest_ds.tapply_fun_sum"/>
    <testcase time="0.00100000000020373" classname="ds.tapply_smk_fun_sum" name="simplest_ds.tapply_fun_sum"/>
    <testcase time="0.000999999999748979" classname="ds.tapply_smk_fun_sum" name="simplest_ds.tapply_fun_sum"/>
    <testcase time="0.00100000000020373" classname="ds.tapply_smk_fun_sum" name="simplest_ds.tapply_fun_sum"/>
    <testcase time="0.00199999999995271" classname="ds.tapply_smk_fun_sum" name="simplest_ds.tapply_fun_sum"/>
    <testcase time="0.00100000000020373" classname="ds.tapply_smk_fun_sum" name="simplest_ds.tapply_fun_sum"/>
    <testcase time="0.000999999999748979" classname="ds.tapply_smk_fun_sum" name="simplest_ds.tapply_fun_sum"/>
    <testcase time="0.00100000000020373" classname="ds.tapply_smk_fun_sum" name="simplest_ds.tapply_fun_sum"/>
    <testcase time="0.00199999999995271" classname="ds.tapply_smk_fun_sum" name="simplest_ds.tapply_fun_sum"/>
    <testcase time="0.000999999999748979" classname="ds.tapply_smk_fun_sum" name="simplest_ds.tapply_fun_sum"/>
    <testcase time="0.00100000000020373" classname="ds.tapply_smk_fun_sum" name="simplest_ds.tapply_fun_sum"/>
    <testcase time="0.00100000000020373" classname="ds.tapply_smk_fun_sum" name="simplest_ds.tapply_fun_sum"/>
    <testcase time="0.00199999999995271" classname="ds.tapply_smk_fun_sum" name="simplest_ds.tapply_fun_sum"/>
    <testcase time="0.000999999999748979" classname="ds.tapply_smk_fun_sum" name="simplest_ds.tapply_fun_sum"/>
    <testcase time="0.00100000000020373" classname="ds.tapply_smk_fun_sum" name="simplest_ds.tapply_fun_sum"/>
    <testcase time="0.00199999999995271" classname="ds.tapply_smk_fun_sum" name="simplest_ds.tapply_fun_sum"/>
    <testcase time="0.000999999999748979" classname="ds.tapply_smk_fun_sum" name="simplest_ds.tapply_fun_sum"/>
    <testcase time="0.00199999999995271" classname="ds.tapply_smk_fun_sum" name="simplest_ds.tapply_fun_sum"/>
    <testcase time="0.00100000000020373" classname="ds.tapply_smk_fun_sum" name="simplest_ds.tapply_fun_sum"/>
    <testcase time="0.00199999999995271" classname="ds.tapply_smk_fun_sum" name="simplest_ds.tapply_fun_sum"/>
  </testsuite>
  <testsuite name="ds.tapply::smk::fun=quantile" timestamp="2020-05-04T23:39:11Z" hostname="fv-az14" tests="10" skipped="0" failures="0" errors="0" time="0.29">
    <testcase time="0.278999999999996" classname="ds.tapply_smk_fun_quantile" name="simplest_ds.tapply_fun_quantile"/>
    <testcase time="0.00100000000020373" classname="ds.tapply_smk_fun_quantile" name="simplest_ds.tapply_fun_quantile"/>
    <testcase time="0.000999999999748979" classname="ds.tapply_smk_fun_quantile" name="simplest_ds.tapply_fun_quantile"/>
    <testcase time="0.00199999999995271" classname="ds.tapply_smk_fun_quantile" name="simplest_ds.tapply_fun_quantile"/>
    <testcase time="0.00100000000020373" classname="ds.tapply_smk_fun_quantile" name="simplest_ds.tapply_fun_quantile"/>
    <testcase time="0.000999999999748979" classname="ds.tapply_smk_fun_quantile" name="simplest_ds.tapply_fun_quantile"/>
    <testcase time="0.00100000000020373" classname="ds.tapply_smk_fun_quantile" name="simplest_ds.tapply_fun_quantile"/>
    <testcase time="0.00100000000020373" classname="ds.tapply_smk_fun_quantile" name="simplest_ds.tapply_fun_quantile"/>
    <testcase time="0.00199999999995271" classname="ds.tapply_smk_fun_quantile" name="simplest_ds.tapply_fun_quantile"/>
    <testcase time="0.000999999999748979" classname="ds.tapply_smk_fun_quantile" name="simplest_ds.tapply_fun_quantile"/>
  </testsuite>
  <testsuite name="ds.tapply::smk::shutdown" timestamp="2020-05-04T23:39:12Z" hostname="fv-az14" tests="3" skipped="0" failures="0" errors="0" time="0.286">
    <testcase time="0.282999999999902" classname="ds.tapply_smk_shutdown" name="shutdown"/>
    <testcase time="0.00200000000040745" classname="ds.tapply_smk_shutdown" name="shutdown"/>
    <testcase time="0.000999999999748979" classname="ds.tapply_smk_shutdown" name="shutdown"/>
  </testsuite>
  <testsuite name="ds.tapply::smk::done" timestamp="2020-05-04T23:39:13Z" hostname="fv-az14" tests="0" skipped="0" failures="0" errors="0" time="0"/>
  <testsuite name="ds.testObjExists::smk::setup" timestamp="2020-05-04T23:39:13Z" hostname="fv-az14" tests="3" skipped="0" failures="0" errors="0" time="5.373">
    <testcase time="5.37100000000009" classname="ds.testObjExists_smk_setup" name="setup"/>
    <testcase time="0.000999999999748979" classname="ds.testObjExists_smk_setup" name="setup"/>
    <testcase time="0.00100000000020373" classname="ds.testObjExists_smk_setup" name="setup"/>
  </testsuite>
  <testsuite name="ds.testObjExists::smk::discordant" timestamp="2020-05-04T23:39:17Z" hostname="fv-az14" tests="20" skipped="0" failures="0" errors="0" time="0.613">
    <testcase time="0.326999999999771" classname="ds.testObjExists_smk_discordant" name="simple_testObjExists_discordant"/>
    <testcase time="0.00100000000020373" classname="ds.testObjExists_smk_discordant" name="simple_testObjExists_discordant"/>
    <testcase time="0.262000000000171" classname="ds.testObjExists_smk_discordant" name="data.frame_testObjExists_discordant"/>
    <testcase time="0.00199999999995271" classname="ds.testObjExists_smk_discordant" name="data.frame_testObjExists_discordant"/>
    <testcase time="0.000999999999748979" classname="ds.testObjExists_smk_discordant" name="data.frame_testObjExists_discordant"/>
    <testcase time="0.00100000000020373" classname="ds.testObjExists_smk_discordant" name="data.frame_testObjExists_discordant"/>
    <testcase time="0.000999999999748979" classname="ds.testObjExists_smk_discordant" name="data.frame_testObjExists_discordant"/>
    <testcase time="0.00200000000040745" classname="ds.testObjExists_smk_discordant" name="data.frame_testObjExists_discordant"/>
    <testcase time="0.000999999999748979" classname="ds.testObjExists_smk_discordant" name="data.frame_testObjExists_discordant"/>
    <testcase time="0.00100000000020373" classname="ds.testObjExists_smk_discordant" name="data.frame_testObjExists_discordant"/>
    <testcase time="0.000999999999748979" classname="ds.testObjExists_smk_discordant" name="data.frame_testObjExists_discordant"/>
    <testcase time="0.00199999999995271" classname="ds.testObjExists_smk_discordant" name="data.frame_testObjExists_discordant"/>
    <testcase time="0.00100000000020373" classname="ds.testObjExists_smk_discordant" name="data.frame_testObjExists_discordant"/>
    <testcase time="0.000999999999748979" classname="ds.testObjExists_smk_discordant" name="data.frame_testObjExists_discordant"/>
    <testcase time="0.00200000000040745" classname="ds.testObjExists_smk_discordant" name="data.frame_testObjExists_discordant"/>
    <testcase time="0.000999999999748979" classname="ds.testObjExists_smk_discordant" name="data.frame_testObjExists_discordant"/>
    <testcase time="0.00100000000020373" classname="ds.testObjExists_smk_discordant" name="data.frame_testObjExists_discordant"/>
    <testcase time="0.00199999999995271" classname="ds.testObjExists_smk_discordant" name="data.frame_testObjExists_discordant"/>
    <testcase time="0.000999999999748979" classname="ds.testObjExists_smk_discordant" name="data.frame_testObjExists_discordant"/>
    <testcase time="0.00199999999995271" classname="ds.testObjExists_smk_discordant" name="data.frame_testObjExists_discordant"/>
  </testsuite>
  <testsuite name="ds.testObjExists::smk::shutdown" timestamp="2020-05-04T23:39:18Z" hostname="fv-az14" tests="3" skipped="0" failures="0" errors="0" time="0.331">
    <testcase time="0.329000000000178" classname="ds.testObjExists_smk_shutdown" name="shutdown"/>
    <testcase time="0.00100000000020373" classname="ds.testObjExists_smk_shutdown" name="shutdown"/>
    <testcase time="0.000999999999748979" classname="ds.testObjExists_smk_shutdown" name="shutdown"/>
  </testsuite>
  <testsuite name="ds.testObjExists::smk::done" timestamp="2020-05-04T23:39:19Z" hostname="fv-az14" tests="0" skipped="0" failures="0" errors="0" time="0"/>
  <testsuite name="ds.testObjExists::smk::setup" timestamp="2020-05-04T23:39:19Z" hostname="fv-az14" tests="3" skipped="0" failures="0" errors="0" time="5.548">
    <testcase time="5.54599999999982" classname="ds.testObjExists_smk_setup" name="setup"/>
    <testcase time="0.00100000000020373" classname="ds.testObjExists_smk_setup" name="setup"/>
    <testcase time="0.00100000000020373" classname="ds.testObjExists_smk_setup" name="setup"/>
  </testsuite>
  <testsuite name="ds.testObjExists::smk" timestamp="2020-05-04T23:39:24Z" hostname="fv-az14" tests="40" skipped="0" failures="0" errors="0" time="2.514">
    <testcase time="0.320999999999913" classname="ds.testObjExists_smk" name="simple_testObjExists"/>
    <testcase time="0.000999999999748979" classname="ds.testObjExists_smk" name="simple_testObjExists"/>
    <testcase time="1.5930000000003" classname="ds.testObjExists_smk" name="data.frame_testObjExists"/>
    <testcase time="0.00199999999995271" classname="ds.testObjExists_smk" name="data.frame_testObjExists"/>
    <testcase time="0.266999999999825" classname="ds.testObjExists_smk" name="data.frame_testObjExists"/>
    <testcase time="0.00199999999995271" classname="ds.testObjExists_smk" name="data.frame_testObjExists"/>
    <testcase time="0.00100000000020373" classname="ds.testObjExists_smk" name="data.frame_testObjExists"/>
    <testcase time="0.000999999999748979" classname="ds.testObjExists_smk" name="data.frame_testObjExists"/>
    <testcase time="0.00199999999995271" classname="ds.testObjExists_smk" name="data.frame_testObjExists"/>
    <testcase time="0.00100000000020373" classname="ds.testObjExists_smk" name="data.frame_testObjExists"/>
    <testcase time="0.00100000000020373" classname="ds.testObjExists_smk" name="data.frame_testObjExists"/>
    <testcase time="0.00199999999995271" classname="ds.testObjExists_smk" name="data.frame_testObjExists"/>
    <testcase time="0.000999999999748979" classname="ds.testObjExists_smk" name="data.frame_testObjExists"/>
    <testcase time="0.00199999999995271" classname="ds.testObjExists_smk" name="data.frame_testObjExists"/>
    <testcase time="0.00100000000020373" classname="ds.testObjExists_smk" name="data.frame_testObjExists"/>
    <testcase time="0.000999999999748979" classname="ds.testObjExists_smk" name="data.frame_testObjExists"/>
    <testcase time="0.00200000000040745" classname="ds.testObjExists_smk" name="data.frame_testObjExists"/>
    <testcase time="0.000999999999748979" classname="ds.testObjExists_smk" name="data.frame_testObjExists"/>
    <testcase time="0.00199999999995271" classname="ds.testObjExists_smk" name="data.frame_testObjExists"/>
    <testcase time="0.00100000000020373" classname="ds.testObjExists_smk" name="data.frame_testObjExists"/>
    <testcase time="0.00199999999995271" classname="ds.testObjExists_smk" name="data.frame_testObjExists"/>
    <testcase time="0.00199999999995271" classname="ds.testObjExists_smk" name="data.frame_testObjExists"/>
    <testcase time="0.268999999999778" classname="ds.testObjExists_smk" name="data.frame_testObjExists"/>
    <testcase time="0.011000000000422" classname="ds.testObjExists_smk" name="data.frame_testObjExists"/>
    <testcase time="0.000999999999748979" classname="ds.testObjExists_smk" name="data.frame_testObjExists"/>
    <testcase time="0.00199999999995271" classname="ds.testObjExists_smk" name="data.frame_testObjExists"/>
    <testcase time="0.00100000000020373" classname="ds.testObjExists_smk" name="data.frame_testObjExists"/>
    <testcase time="0.00199999999995271" classname="ds.testObjExists_smk" name="data.frame_testObjExists"/>
    <testcase time="0.000999999999748979" classname="ds.testObjExists_smk" name="data.frame_testObjExists"/>
    <testcase time="0.00199999999995271" classname="ds.testObjExists_smk" name="data.frame_testObjExists"/>
    <testcase time="0.00100000000020373" classname="ds.testObjExists_smk" name="data.frame_testObjExists"/>
    <testcase time="0.00199999999995271" classname="ds.testObjExists_smk" name="data.frame_testObjExists"/>
    <testcase time="0.00100000000020373" classname="ds.testObjExists_smk" name="data.frame_testObjExists"/>
    <testcase time="0.00199999999995271" classname="ds.testObjExists_smk" name="data.frame_testObjExists"/>
    <testcase time="0.00199999999995271" classname="ds.testObjExists_smk" name="data.frame_testObjExists"/>
    <testcase time="0.000999999999748979" classname="ds.testObjExists_smk" name="data.frame_testObjExists"/>
    <testcase time="0.00200000000040745" classname="ds.testObjExists_smk" name="data.frame_testObjExists"/>
    <testcase time="0.00199999999995271" classname="ds.testObjExists_smk" name="data.frame_testObjExists"/>
    <testcase time="0.00199999999995271" classname="ds.testObjExists_smk" name="data.frame_testObjExists"/>
    <testcase time="0.000999999999748979" classname="ds.testObjExists_smk" name="data.frame_testObjExists"/>
  </testsuite>
  <testsuite name="ds.testObjExists::smk::shutdown" timestamp="2020-05-04T23:39:26Z" hostname="fv-az14" tests="3" skipped="0" failures="0" errors="0" time="0.279">
    <testcase time="0.277000000000044" classname="ds.testObjExists_smk_shutdown" name="shutdown"/>
    <testcase time="0.00100000000020373" classname="ds.testObjExists_smk_shutdown" name="shutdown"/>
    <testcase time="0.000999999999748979" classname="ds.testObjExists_smk_shutdown" name="shutdown"/>
  </testsuite>
  <testsuite name="ds.testObjExists::smk::done" timestamp="2020-05-04T23:39:27Z" hostname="fv-az14" tests="0" skipped="0" failures="0" errors="0" time="0"/>
  <testsuite name="ds.unList::smk::setup" timestamp="2020-05-04T23:39:27Z" hostname="fv-az14" tests="3" skipped="0" failures="0" errors="0" time="5.441">
    <testcase time="5.4380000000001" classname="ds.unList_smk_setup" name="setup"/>
    <testcase time="0.00199999999995271" classname="ds.unList_smk_setup" name="setup"/>
    <testcase time="0.00100000000020373" classname="ds.unList_smk_setup" name="setup"/>
  </testsuite>
  <testsuite name="ds.unList::smk::simple test" timestamp="2020-05-04T23:39:32Z" hostname="fv-az14" tests="7" skipped="0" failures="0" errors="0" time="1.279">
    <testcase time="1.26999999999998" classname="ds.unList_smk_simple_test" name="simple_test"/>
    <testcase time="0.00199999999995271" classname="ds.unList_smk_simple_test" name="simple_test"/>
    <testcase time="0.000999999999748979" classname="ds.unList_smk_simple_test" name="simple_test"/>
    <testcase time="0.00100000000020373" classname="ds.unList_smk_simple_test" name="simple_test"/>
    <testcase time="0.00199999999995271" classname="ds.unList_smk_simple_test" name="simple_test"/>
    <testcase time="0.00100000000020373" classname="ds.unList_smk_simple_test" name="simple_test"/>
    <testcase time="0.00199999999995271" classname="ds.unList_smk_simple_test" name="simple_test"/>
  </testsuite>
  <testsuite name="ds.unList::smk::shutdown" timestamp="2020-05-04T23:39:33Z" hostname="fv-az14" tests="3" skipped="0" failures="0" errors="0" time="0.282">
    <testcase time="0.279999999999745" classname="ds.unList_smk_shutdown" name="shutdown"/>
    <testcase time="0.00100000000020373" classname="ds.unList_smk_shutdown" name="shutdown"/>
    <testcase time="0.000999999999748979" classname="ds.unList_smk_shutdown" name="shutdown"/>
  </testsuite>
  <testsuite name="ds.unList::smk::done" timestamp="2020-05-04T23:39:34Z" hostname="fv-az14" tests="0" skipped="0" failures="0" errors="0" time="0"/>
  <testsuite name="ds.var::smk::setup" timestamp="2020-05-04T23:39:34Z" hostname="fv-az14" tests="3" skipped="0" failures="0" errors="0" time="5.508">
    <testcase time="5.50600000000031" classname="ds.var_smk_setup" name="setup"/>
    <testcase time="0.000999999999748979" classname="ds.var_smk_setup" name="setup"/>
    <testcase time="0.00100000000020373" classname="ds.var_smk_setup" name="setup"/>
  </testsuite>
  <testsuite name="ds.var::smk::split" timestamp="2020-05-04T23:39:39Z" hostname="fv-az14" tests="19" skipped="0" failures="0" errors="0" time="0.31">
    <testcase time="0.281999999999698" classname="ds.var_smk_split" name="simple_var_split"/>
    <testcase time="0.00200000000040745" classname="ds.var_smk_split" name="simple_var_split"/>
    <testcase time="0.000999999999748979" classname="ds.var_smk_split" name="simple_var_split"/>
    <testcase time="0.00199999999995271" classname="ds.var_smk_split" name="simple_var_split"/>
    <testcase time="0.00100000000020373" classname="ds.var_smk_split" name="simple_var_split"/>
    <testcase time="0.00199999999995271" classname="ds.var_smk_split" name="simple_var_split"/>
    <testcase time="0.00199999999995271" classname="ds.var_smk_split" name="simple_var_split"/>
    <testcase time="0.00100000000020373" classname="ds.var_smk_split" name="simple_var_split"/>
    <testcase time="0.00199999999995271" classname="ds.var_smk_split" name="simple_var_split"/>
    <testcase time="0.000999999999748979" classname="ds.var_smk_split" name="simple_var_split"/>
    <testcase time="0.00199999999995271" classname="ds.var_smk_split" name="simple_var_split"/>
    <testcase time="0.00100000000020373" classname="ds.var_smk_split" name="simple_var_split"/>
    <testcase time="0.00199999999995271" classname="ds.var_smk_split" name="simple_var_split"/>
    <testcase time="0.00100000000020373" classname="ds.var_smk_split" name="simple_var_split"/>
    <testcase time="0.00199999999995271" classname="ds.var_smk_split" name="simple_var_split"/>
    <testcase time="0.00199999999995271" classname="ds.var_smk_split" name="simple_var_split"/>
    <testcase time="0.000999999999748979" classname="ds.var_smk_split" name="simple_var_split"/>
    <testcase time="0.00199999999995271" classname="ds.var_smk_split" name="simple_var_split"/>
    <testcase time="0.00100000000020373" classname="ds.var_smk_split" name="simple_var_split"/>
  </testsuite>
  <testsuite name="ds.var::smk::combine" timestamp="2020-05-04T23:39:39Z" hostname="fv-az14" tests="11" skipped="0" failures="0" errors="0" time="0.299">
    <testcase time="0.286000000000058" classname="ds.var_smk_combine" name="simple_var_combine"/>
    <testcase time="0.00199999999995271" classname="ds.var_smk_combine" name="simple_var_combine"/>
    <testcase time="0.000999999999748979" classname="ds.var_smk_combine" name="simple_var_combine"/>
    <testcase time="0.00100000000020373" classname="ds.var_smk_combine" name="simple_var_combine"/>
    <testcase time="0.00199999999995271" classname="ds.var_smk_combine" name="simple_var_combine"/>
    <testcase time="0.00100000000020373" classname="ds.var_smk_combine" name="simple_var_combine"/>
    <testcase time="0.000999999999748979" classname="ds.var_smk_combine" name="simple_var_combine"/>
    <testcase time="0.00100000000020373" classname="ds.var_smk_combine" name="simple_var_combine"/>
    <testcase time="0.00199999999995271" classname="ds.var_smk_combine" name="simple_var_combine"/>
    <testcase time="0.000999999999748979" classname="ds.var_smk_combine" name="simple_var_combine"/>
    <testcase time="0.00100000000020373" classname="ds.var_smk_combine" name="simple_var_combine"/>
  </testsuite>
  <testsuite name="ds.var::smk::both" timestamp="2020-05-04T23:39:40Z" hostname="fv-az14" tests="24" skipped="0" failures="0" errors="0" time="0.347">
    <testcase time="0.315000000000055" classname="ds.var_smk_both" name="simple_var_both"/>
    <testcase time="0.000999999999748979" classname="ds.var_smk_both" name="simple_var_both"/>
    <testcase time="0.00100000000020373" classname="ds.var_smk_both" name="simple_var_both"/>
    <testcase time="0.00199999999995271" classname="ds.var_smk_both" name="simple_var_both"/>
    <testcase time="0.00100000000020373" classname="ds.var_smk_both" name="simple_var_both"/>
    <testcase time="0.000999999999748979" classname="ds.var_smk_both" name="simple_var_both"/>
    <testcase time="0.00199999999995271" classname="ds.var_smk_both" name="simple_var_both"/>
    <testcase time="0.00100000000020373" classname="ds.var_smk_both" name="simple_var_both"/>
    <testcase time="0.00199999999995271" classname="ds.var_smk_both" name="simple_var_both"/>
    <testcase time="0.00100000000020373" classname="ds.var_smk_both" name="simple_var_both"/>
    <testcase time="0.000999999999748979" classname="ds.var_smk_both" name="simple_var_both"/>
    <testcase time="0.00199999999995271" classname="ds.var_smk_both" name="simple_var_both"/>
    <testcase time="0.00100000000020373" classname="ds.var_smk_both" name="simple_var_both"/>
    <testcase time="0.00199999999995271" classname="ds.var_smk_both" name="simple_var_both"/>
    <testcase time="0.000999999999748979" classname="ds.var_smk_both" name="simple_var_both"/>
    <testcase time="0.00199999999995271" classname="ds.var_smk_both" name="simple_var_both"/>
    <testcase time="0.00100000000020373" classname="ds.var_smk_both" name="simple_var_both"/>
    <testcase time="0.00199999999995271" classname="ds.var_smk_both" name="simple_var_both"/>
    <testcase time="0.00100000000020373" classname="ds.var_smk_both" name="simple_var_both"/>
    <testcase time="0.00199999999995271" classname="ds.var_smk_both" name="simple_var_both"/>
    <testcase time="0.000999999999748979" classname="ds.var_smk_both" name="simple_var_both"/>
    <testcase time="0.00100000000020373" classname="ds.var_smk_both" name="simple_var_both"/>
    <testcase time="0.00100000000020373" classname="ds.var_smk_both" name="simple_var_both"/>
    <testcase time="0.00199999999995271" classname="ds.var_smk_both" name="simple_var_both"/>
  </testsuite>
  <testsuite name="ds.var::smk::shutdown" timestamp="2020-05-04T23:39:40Z" hostname="fv-az14" tests="3" skipped="0" failures="0" errors="0" time="0.317">
    <testcase time="0.313999999999851" classname="ds.var_smk_shutdown" name="shutdown"/>
    <testcase time="0.00100000000020373" classname="ds.var_smk_shutdown" name="shutdown"/>
    <testcase time="0.00199999999995271" classname="ds.var_smk_shutdown" name="shutdown"/>
  </testsuite>
  <testsuite name="ds.var::smk::done" timestamp="2020-05-04T23:39:41Z" hostname="fv-az14" tests="0" skipped="0" failures="0" errors="0" time="0"/>
  <testsuite name="ds.vectorCalc::smk::setup" timestamp="2020-05-04T23:39:41Z" hostname="fv-az14" tests="3" skipped="0" failures="0" errors="0" time="5.573">
    <testcase time="5.57000000000016" classname="ds.vectorCalc_smk_setup" name="setup"/>
    <testcase time="0.00199999999995271" classname="ds.vectorCalc_smk_setup" name="setup"/>
    <testcase time="0.000999999999748979" classname="ds.vectorCalc_smk_setup" name="setup"/>
  </testsuite>
  <testsuite name="ds.vectorCalc::smk" timestamp="2020-05-04T23:39:46Z" hostname="fv-az14" tests="17" skipped="0" failures="0" errors="0" time="3.048">
    <testcase time="2.24000000000024" classname="ds.vectorCalc_smk" name="simple_test"/>
    <testcase time="0.523999999999887" classname="ds.vectorCalc_smk" name="simple_test"/>
    <testcase time="0.00100000000020373" classname="ds.vectorCalc_smk" name="simple_test"/>
    <testcase time="0.000999999999748979" classname="ds.vectorCalc_smk" name="simple_test"/>
    <testcase time="0.00199999999995271" classname="ds.vectorCalc_smk" name="simple_test"/>
    <testcase time="0.00100000000020373" classname="ds.vectorCalc_smk" name="simple_test"/>
    <testcase time="0.000999999999748979" classname="ds.vectorCalc_smk" name="simple_test"/>
    <testcase time="0.00100000000020373" classname="ds.vectorCalc_smk" name="simple_test"/>
    <testcase time="0.264999999999873" classname="ds.vectorCalc_smk" name="simple_test"/>
    <testcase time="0.00100000000020373" classname="ds.vectorCalc_smk" name="simple_test"/>
    <testcase time="0.00199999999995271" classname="ds.vectorCalc_smk" name="simple_test"/>
    <testcase time="0.000999999999748979" classname="ds.vectorCalc_smk" name="simple_test"/>
    <testcase time="0.00200000000040745" classname="ds.vectorCalc_smk" name="simple_test"/>
    <testcase time="0.000999999999748979" classname="ds.vectorCalc_smk" name="simple_test"/>
    <testcase time="0.00199999999995271" classname="ds.vectorCalc_smk" name="simple_test"/>
    <testcase time="0.00100000000020373" classname="ds.vectorCalc_smk" name="simple_test"/>
    <testcase time="0.00199999999995271" classname="ds.vectorCalc_smk" name="simple_test"/>
  </testsuite>
  <testsuite name="ds.vectorCalc::smk::shutdown" timestamp="2020-05-04T23:39:49Z" hostname="fv-az14" tests="3" skipped="0" failures="0" errors="0" time="0.297">
    <testcase time="0.293999999999869" classname="ds.vectorCalc_smk_shutdown" name="shutdown"/>
    <testcase time="0.00100000000020373" classname="ds.vectorCalc_smk_shutdown" name="shutdown"/>
    <testcase time="0.00199999999995271" classname="ds.vectorCalc_smk_shutdown" name="shutdown"/>
  </testsuite>
  <testsuite name="ds.vectorCalc::smk::done" timestamp="2020-05-04T23:39:50Z" hostname="fv-az14" tests="0" skipped="0" failures="0" errors="0" time="0"/>
  <testsuite name="ds.mean::smk_expt::type=combine" timestamp="2020-05-04T23:39:55Z" hostname="fv-az14" tests="1" skipped="0" failures="0" errors="0" time="5.624">
    <testcase time="5.6239999999998" classname="ds.mean_smk_expt_type_combine" name="mean_values_combine_"/>
  </testsuite>
  <testsuite name="ds.mean::smk_expt::type=split" timestamp="2020-05-04T23:39:55Z" hostname="fv-az14" tests="1" skipped="0" failures="0" errors="0" time="0.284">
    <testcase time="0.284000000000106" classname="ds.mean_smk_expt_type_split" name="mean_values_split_"/>
  </testsuite>
  <testsuite name="ds.mean::smk_expt::type=both" timestamp="2020-05-04T23:39:55Z" hostname="fv-az14" tests="1" skipped="0" failures="0" errors="0" time="0.29">
    <testcase time="0.289999999999964" classname="ds.mean_smk_expt_type_both" name="mean_values_both_"/>
  </testsuite>
  <testsuite name="ds.mean::smk_expt::type=combine" timestamp="2020-05-04T23:39:56Z" hostname="fv-az14" tests="1" skipped="0" failures="0" errors="0" time="0.278">
    <testcase time="0.278000000000247" classname="ds.mean_smk_expt_type_combine" name="mean_values_combine_"/>
  </testsuite>
  <testsuite name="ds.mean::smk_expt::type=split" timestamp="2020-05-04T23:39:56Z" hostname="fv-az14" tests="1" skipped="0" failures="0" errors="0" time="0.276">
    <testcase time="0.27599999999984" classname="ds.mean_smk_expt_type_split" name="mean_values_split_"/>
  </testsuite>
  <testsuite name="ds.mean::smk_expt::type=both" timestamp="2020-05-04T23:39:56Z" hostname="fv-az14" tests="1" skipped="0" failures="0" errors="0" time="0.288">
    <testcase time="0.288000000000011" classname="ds.mean_smk_expt_type_both" name="mean_values_both_"/>
  </testsuite>
  <testsuite name="ds.mean::smk_expt::type=combine" timestamp="2020-05-04T23:39:56Z" hostname="fv-az14" tests="1" skipped="0" failures="0" errors="0" time="0.284">
    <testcase time="0.284000000000106" classname="ds.mean_smk_expt_type_combine" name="mean_values_combine_"/>
  </testsuite>
  <testsuite name="ds.mean::smk_expt::type=split" timestamp="2020-05-04T23:39:57Z" hostname="fv-az14" tests="1" skipped="0" failures="0" errors="0" time="0.278">
    <testcase time="0.277999999999793" classname="ds.mean_smk_expt_type_split" name="mean_values_split_"/>
  </testsuite>
  <testsuite name="ds.mean::smk_expt::type=both" timestamp="2020-05-04T23:39:57Z" hostname="fv-az14" tests="1" skipped="0" failures="0" errors="0" time="0.28">
    <testcase time="0.2800000000002" classname="ds.mean_smk_expt_type_both" name="mean_values_both_"/>
  </testsuite>
  <testsuite name="ds.mean::smk_expt::type=combine" timestamp="2020-05-04T23:39:57Z" hostname="fv-az14" tests="1" skipped="0" failures="0" errors="0" time="0.282">
    <testcase time="0.281999999999698" classname="ds.mean_smk_expt_type_combine" name="mean_values_combine_"/>
  </testsuite>
  <testsuite name="ds.mean::smk_expt::type=split" timestamp="2020-05-04T23:39:58Z" hostname="fv-az14" tests="1" skipped="0" failures="0" errors="0" time="0.282">
    <testcase time="0.282000000000153" classname="ds.mean_smk_expt_type_split" name="mean_values_split_"/>
  </testsuite>
  <testsuite name="ds.mean::smk_expt::type=both" timestamp="2020-05-04T23:39:58Z" hostname="fv-az14" tests="1" skipped="0" failures="0" errors="0" time="0.277">
    <testcase time="0.277000000000044" classname="ds.mean_smk_expt_type_both" name="mean_values_both_"/>
  </testsuite>
  <testsuite name="ds.mean::smk_expt::type=combine" timestamp="2020-05-04T23:39:58Z" hostname="fv-az14" tests="1" skipped="0" failures="0" errors="0" time="0.275">
    <testcase time="0.275000000000091" classname="ds.mean_smk_expt_type_combine" name="mean_values_combine_"/>
  </testsuite>
  <testsuite name="ds.mean::smk_expt::type=split" timestamp="2020-05-04T23:39:58Z" hostname="fv-az14" tests="1" skipped="0" failures="0" errors="0" time="0.282">
    <testcase time="0.281999999999698" classname="ds.mean_smk_expt_type_split" name="mean_values_split_"/>
  </testsuite>
  <testsuite name="ds.mean::smk_expt::type=both" timestamp="2020-05-04T23:39:59Z" hostname="fv-az14" tests="1" skipped="0" failures="0" errors="0" time="0.289">
    <testcase time="0.289000000000215" classname="ds.mean_smk_expt_type_both" name="mean_values_both_"/>
  </testsuite>
  <testsuite name="ds.mean::smk_expt::type=combine" timestamp="2020-05-04T23:39:59Z" hostname="fv-az14" tests="1" skipped="0" failures="0" errors="0" time="1.069">
    <testcase time="1.06899999999996" classname="ds.mean_smk_expt_type_combine" name="mean_values_combine_"/>
  </testsuite>
  <testsuite name="ds.mean::smk_expt::type=split" timestamp="2020-05-04T23:40:00Z" hostname="fv-az14" tests="1" skipped="0" failures="0" errors="0" time="1.433">
    <testcase time="1.43299999999999" classname="ds.mean_smk_expt_type_split" name="mean_values_split_"/>
  </testsuite>
  <testsuite name="ds.mean::smk_expt::type=both" timestamp="2020-05-04T23:40:01Z" hostname="fv-az14" tests="1" skipped="0" failures="0" errors="0" time="1.087">
    <testcase time="1.08699999999999" classname="ds.mean_smk_expt_type_both" name="mean_values_both_"/>
  </testsuite>
  <testsuite name="ds.mean::smk_expt::type=combine" timestamp="2020-05-04T23:40:03Z" hostname="fv-az14" tests="1" skipped="0" failures="0" errors="0" time="1.073">
    <testcase time="1.07299999999987" classname="ds.mean_smk_expt_type_combine" name="mean_values_combine_"/>
  </testsuite>
  <testsuite name="ds.mean::smk_expt::type=split" timestamp="2020-05-04T23:40:04Z" hostname="fv-az14" tests="1" skipped="0" failures="0" errors="0" time="1.071">
    <testcase time="1.07100000000037" classname="ds.mean_smk_expt_type_split" name="mean_values_split_"/>
  </testsuite>
  <testsuite name="ds.mean::smk_expt::type=both" timestamp="2020-05-04T23:40:05Z" hostname="fv-az14" tests="1" skipped="0" failures="0" errors="0" time="1.076">
    <testcase time="1.07599999999957" classname="ds.mean_smk_expt_type_both" name="mean_values_both_"/>
  </testsuite>
  <testsuite name="ds.mean::smk_expt::type=combine" timestamp="2020-05-04T23:40:06Z" hostname="fv-az14" tests="1" skipped="0" failures="0" errors="0" time="1.067">
    <testcase time="1.06700000000001" classname="ds.mean_smk_expt_type_combine" name="mean_values_combine_"/>
  </testsuite>
  <testsuite name="ds.mean::smk_expt::type=split" timestamp="2020-05-04T23:40:07Z" hostname="fv-az14" tests="1" skipped="0" failures="0" errors="0" time="1.084">
    <testcase time="1.08400000000029" classname="ds.mean_smk_expt_type_split" name="mean_values_split_"/>
  </testsuite>
  <testsuite name="ds.mean::smk_expt::type=both" timestamp="2020-05-04T23:40:08Z" hostname="fv-az14" tests="1" skipped="0" failures="0" errors="0" time="1.075">
    <testcase time="1.07499999999982" classname="ds.mean_smk_expt_type_both" name="mean_values_both_"/>
  </testsuite>
  <testsuite name="ds.mean::smk_expt::type=combine" timestamp="2020-05-04T23:40:09Z" hostname="fv-az14" tests="1" skipped="0" failures="0" errors="0" time="1.068">
    <testcase time="1.06800000000021" classname="ds.mean_smk_expt_type_combine" name="mean_values_combine_"/>
  </testsuite>
  <testsuite name="ds.mean::smk_expt::type=split" timestamp="2020-05-04T23:40:10Z" hostname="fv-az14" tests="1" skipped="0" failures="0" errors="0" time="1.073">
    <testcase time="1.07299999999987" classname="ds.mean_smk_expt_type_split" name="mean_values_split_"/>
  </testsuite>
  <testsuite name="ds.mean::smk_expt::type=both" timestamp="2020-05-04T23:40:11Z" hostname="fv-az14" tests="1" skipped="0" failures="0" errors="0" time="1.084">
    <testcase time="1.08399999999983" classname="ds.mean_smk_expt_type_both" name="mean_values_both_"/>
  </testsuite>
  <testsuite name="ds.mean::smk_expt::type=combine" timestamp="2020-05-04T23:40:12Z" hostname="fv-az14" tests="1" skipped="0" failures="0" errors="0" time="1.065">
    <testcase time="1.06500000000005" classname="ds.mean_smk_expt_type_combine" name="mean_values_combine_"/>
  </testsuite>
  <testsuite name="ds.mean::smk_expt::type=split" timestamp="2020-05-04T23:40:13Z" hostname="fv-az14" tests="1" skipped="0" failures="0" errors="0" time="1.114">
    <testcase time="1.11400000000003" classname="ds.mean_smk_expt_type_split" name="mean_values_split_"/>
  </testsuite>
  <testsuite name="ds.mean::smk_expt::type=both" timestamp="2020-05-04T23:40:14Z" hostname="fv-az14" tests="1" skipped="0" failures="0" errors="0" time="1.156">
    <testcase time="1.15599999999995" classname="ds.mean_smk_expt_type_both" name="mean_values_both_"/>
  </testsuite>
  <testsuite name="ds.mean::smk_expt::type=combine" timestamp="2020-05-04T23:40:16Z" hostname="fv-az14" tests="1" skipped="0" failures="0" errors="0" time="1.068">
    <testcase time="1.06800000000021" classname="ds.mean_smk_expt_type_combine" name="mean_values_combine_"/>
  </testsuite>
  <testsuite name="ds.mean::smk_expt::type=split" timestamp="2020-05-04T23:40:17Z" hostname="fv-az14" tests="1" skipped="0" failures="0" errors="0" time="1.082">
    <testcase time="1.08199999999988" classname="ds.mean_smk_expt_type_split" name="mean_values_split_"/>
  </testsuite>
  <testsuite name="ds.mean::smk_expt::type=both" timestamp="2020-05-04T23:40:18Z" hostname="fv-az14" tests="1" skipped="0" failures="0" errors="0" time="1.072">
    <testcase time="1.07200000000012" classname="ds.mean_smk_expt_type_both" name="mean_values_both_"/>
  </testsuite>
  <testsuite name="vm-test::_::setup" timestamp="2020-05-04T23:40:19Z" hostname="fv-az14" tests="0" skipped="0" failures="0" errors="0" time="0"/>
  <testsuite name="vm-test::_::tests::vm" timestamp="2020-05-04T23:40:20Z" hostname="fv-az14" tests="1" skipped="0" failures="0" errors="0" time="0.862">
    <testcase time="0.86200000000008" classname="vm_test___tests_vm" name="The_virtual_machine_is_loaded._"/>
  </testsuite>
  <testsuite name="vm-test::_::shutdown" timestamp="2020-05-04T23:40:20Z" hostname="fv-az14" tests="0" skipped="0" failures="0" errors="0" time="0"/>
  <testsuite name="vm-test::_::done" timestamp="2020-05-04T23:40:20Z" hostname="fv-az14" tests="0" skipped="0" failures="0" errors="0" time="0"/>
</testsuites>
