<?xml version="1.0" encoding="UTF-8"?>
<testsuites>
  <testsuite name="ds.asCharacter::arg::test errors" timestamp="2020-03-24T19:59:35Z" hostname="fv-az32" tests="1" skipped="0" failures="0" errors="0" time="4.891">
    <testcase time="4.891" classname="ds.asCharacter_arg_test_errors" name="asCharacter_erros"/>
  </testsuite>
  <testsuite name="ds.asDataMatrix::arg::test errors" timestamp="2020-03-24T19:59:40Z" hostname="fv-az32" tests="1" skipped="0" failures="0" errors="0" time="5.454">
    <testcase time="5.454" classname="ds.asDataMatrix_arg_test_errors" name="asDataMatrix_erros"/>
  </testsuite>
  <testsuite name="ds.asFactor::arg::test errors" timestamp="2020-03-24T19:59:46Z" hostname="fv-az32" tests="3" skipped="0" failures="0" errors="0" time="5.293">
    <testcase time="5.21" classname="ds.asFactor_arg_test_errors" name="asFactor_erros"/>
    <testcase time="0.0679999999999978" classname="ds.asFactor_arg_test_errors" name="asFactor_erros"/>
    <testcase time="0.0150000000000006" classname="ds.asFactor_arg_test_errors" name="asFactor_erros"/>
  </testsuite>
  <testsuite name="ds.asInteger::arg::test errors" timestamp="2020-03-24T19:59:51Z" hostname="fv-az32" tests="1" skipped="0" failures="0" errors="0" time="5.198">
    <testcase time="5.198" classname="ds.asInteger_arg_test_errors" name="asInteger_erros"/>
  </testsuite>
  <testsuite name="ds.asList::arg::test errors" timestamp="2020-03-24T19:59:56Z" hostname="fv-az32" tests="1" skipped="0" failures="0" errors="0" time="5.19">
    <testcase time="5.19" classname="ds.asList_arg_test_errors" name="asList_erros"/>
  </testsuite>
  <testsuite name="ds.asLogical::arg::test errors" timestamp="2020-03-24T20:00:01Z" hostname="fv-az32" tests="1" skipped="0" failures="0" errors="0" time="5.066">
    <testcase time="5.066" classname="ds.asLogical_arg_test_errors" name="asLogical_erros"/>
  </testsuite>
  <testsuite name="ds.asMatrix::arg::test errors" timestamp="2020-03-24T20:00:06Z" hostname="fv-az32" tests="1" skipped="0" failures="0" errors="0" time="5.063">
    <testcase time="5.063" classname="ds.asMatrix_arg_test_errors" name="asMatrix_erros"/>
  </testsuite>
  <testsuite name="ds.asNumeric::arg::test errors" timestamp="2020-03-24T20:00:11Z" hostname="fv-az32" tests="1" skipped="0" failures="0" errors="0" time="5.207">
    <testcase time="5.207" classname="ds.asNumeric_arg_test_errors" name="asNumeric_erros"/>
  </testsuite>
  <testsuite name="ds.assign::arg::test errors" timestamp="2020-03-24T20:00:17Z" hostname="fv-az32" tests="1" skipped="0" failures="0" errors="0" time="5.027">
    <testcase time="5.02699999999999" classname="ds.assign_arg_test_errors" name="assign_erros"/>
  </testsuite>
  <testsuite name="ds.Boole::arg::test errors" timestamp="2020-03-24T20:00:22Z" hostname="fv-az32" tests="5" skipped="0" failures="0" errors="0" time="5.243">
    <testcase time="5.11600000000001" classname="ds.Boole_arg_test_errors" name="Boole_erros"/>
    <testcase time="0.105999999999995" classname="ds.Boole_arg_test_errors" name="Boole_erros"/>
    <testcase time="0.007000000000005" classname="ds.Boole_arg_test_errors" name="Boole_erros"/>
    <testcase time="0.0069999999999979" classname="ds.Boole_arg_test_errors" name="Boole_erros"/>
    <testcase time="0.0069999999999979" classname="ds.Boole_arg_test_errors" name="Boole_erros"/>
  </testsuite>
  <testsuite name="ds.cbind::arg::test errors" timestamp="2020-03-24T20:00:27Z" hostname="fv-az32" tests="2" skipped="0" failures="0" errors="0" time="6.613">
    <testcase time="5.428" classname="ds.cbind_arg_test_errors" name="cbind_erros"/>
    <testcase time="1.185" classname="ds.cbind_arg_test_errors" name="cbind_erros"/>
  </testsuite>
  <testsuite name="ds.changeRefGroup::arg::test errors" timestamp="2020-03-24T20:00:33Z" hostname="fv-az32" tests="3" skipped="0" failures="0" errors="0" time="6.146">
    <testcase time="5.066" classname="ds.changeRefGroup_arg_test_errors" name="changeRefGroup_erros"/>
    <testcase time="0.0460000000000065" classname="ds.changeRefGroup_arg_test_errors" name="changeRefGroup_erros"/>
    <testcase time="1.03399999999999" classname="ds.changeRefGroup_arg_test_errors" name="changeRefGroup_erros"/>
  </testsuite>
  <testsuite name="ds.class::arg::test errors" timestamp="2020-03-24T20:00:40Z" hostname="fv-az32" tests="1" skipped="0" failures="0" errors="0" time="5.095">
    <testcase time="5.095" classname="ds.class_arg_test_errors" name="class_erros"/>
  </testsuite>
  <testsuite name="ds.colnames::arg::test errors" timestamp="2020-03-24T20:00:45Z" hostname="fv-az32" tests="1" skipped="0" failures="0" errors="0" time="5.058">
    <testcase time="5.05800000000001" classname="ds.colnames_arg_test_errors" name="simple_colnames_errors"/>
  </testsuite>
  <testsuite name="ds.completeCases::arg::test errors" timestamp="2020-03-24T20:00:50Z" hostname="fv-az32" tests="1" skipped="0" failures="0" errors="0" time="5.123">
    <testcase time="5.123" classname="ds.completeCases_arg_test_errors" name="completeCases_errors"/>
  </testsuite>
  <testsuite name="ds.cor::arg::test errors" timestamp="2020-03-24T20:00:55Z" hostname="fv-az32" tests="3" skipped="0" failures="0" errors="0" time="8.402">
    <testcase time="4.893" classname="ds.cor_arg_test_errors" name="cor_erros"/>
    <testcase time="1.26799999999999" classname="ds.cor_arg_test_errors" name="cor_erros"/>
    <testcase time="2.241" classname="ds.cor_arg_test_errors" name="cor_erros"/>
  </testsuite>
  <testsuite name="ds.corTest::arg" timestamp="2020-03-24T20:01:03Z" hostname="fv-az32" tests="2" skipped="0" failures="0" errors="0" time="5.008">
    <testcase time="4.965" classname="ds.corTest_arg" name="simple_arg_test"/>
    <testcase time="0.0430000000000064" classname="ds.corTest_arg" name="simple_arg_test"/>
  </testsuite>
  <testsuite name="ds.cov::arg::test errors" timestamp="2020-03-24T20:01:08Z" hostname="fv-az32" tests="3" skipped="0" failures="0" errors="0" time="8.391">
    <testcase time="4.974" classname="ds.cov_arg_test_errors" name="cov_erros"/>
    <testcase time="1.19500000000001" classname="ds.cov_arg_test_errors" name="cov_erros"/>
    <testcase time="2.22199999999999" classname="ds.cov_arg_test_errors" name="cov_erros"/>
  </testsuite>
  <testsuite name="ds.c::arg::test errors" timestamp="2020-03-24T20:01:17Z" hostname="fv-az32" tests="1" skipped="0" failures="0" errors="0" time="4.981">
    <testcase time="4.98100000000001" classname="ds.c_arg_test_errors" name="simple_c_errors"/>
  </testsuite>
  <testsuite name="ds.dataFrameFill::arg::test errors" timestamp="2020-03-24T20:01:22Z" hostname="fv-az32" tests="3" skipped="0" failures="0" errors="0" time="6.426">
    <testcase time="5.06899999999999" classname="ds.dataFrameFill_arg_test_errors" name="dataFrameFill_erros"/>
    <testcase time="0.384" classname="ds.dataFrameFill_arg_test_errors" name="dataFrameFill_erros"/>
    <testcase time="0.972999999999999" classname="ds.dataFrameFill_arg_test_errors" name="dataFrameFill_erros"/>
  </testsuite>
  <testsuite name="ds.dataFrame::arg::test errors" timestamp="2020-03-24T20:01:28Z" hostname="fv-az32" tests="2" skipped="0" failures="0" errors="0" time="6.459">
    <testcase time="5.045" classname="ds.dataFrame_arg_test_errors" name="dataframe_erros"/>
    <testcase time="1.414" classname="ds.dataFrame_arg_test_errors" name="dataframe_erros"/>
  </testsuite>
  <testsuite name="ds.dataFrameSubset::arg::test errors" timestamp="2020-03-24T20:01:34Z" hostname="fv-az32" tests="1" skipped="0" failures="0" errors="0" time="4.93">
    <testcase time="4.92999999999999" classname="ds.dataFrameSubset_arg_test_errors" name="dataFrameSubset_erros"/>
  </testsuite>
  <testsuite name="ds.dim::arg::test errors" timestamp="2020-03-24T20:01:39Z" hostname="fv-az32" tests="3" skipped="0" failures="0" errors="0" time="6.397">
    <testcase time="5.04600000000002" classname="ds.dim_arg_test_errors" name="dim_erros"/>
    <testcase time="1.04299999999998" classname="ds.dim_arg_test_errors" name="dim_erros"/>
    <testcase time="0.308000000000021" classname="ds.dim_arg_test_errors" name="dim_erros"/>
  </testsuite>
  <testsuite name="ds.exists::arg::test errors" timestamp="2020-03-24T20:01:46Z" hostname="fv-az32" tests="1" skipped="0" failures="0" errors="0" time="5.031">
    <testcase time="5.03099999999998" classname="ds.exists_arg_test_errors" name="simple_exists_errors"/>
  </testsuite>
  <testsuite name="ds.exp::arg::test errors" timestamp="2020-03-24T20:01:51Z" hostname="fv-az32" tests="1" skipped="0" failures="0" errors="0" time="5.087">
    <testcase time="5.08700000000002" classname="ds.exp_arg_test_errors" name="exp_erros"/>
  </testsuite>
  <testsuite name="ds.foobar::arg::setup" timestamp="2020-03-24T20:01:51Z" hostname="fv-az32" tests="3" skipped="0" failures="0" errors="0" time="5.303">
    <testcase time="5.30099999999999" classname="ds.foobar_arg_setup" name="setup"/>
    <testcase time="0.00100000000000477" classname="ds.foobar_arg_setup" name="setup"/>
    <testcase time="0.00100000000000477" classname="ds.foobar_arg_setup" name="setup"/>
  </testsuite>
  <testsuite name="ds.foobar::arg::aggregate" timestamp="2020-03-24T20:01:56Z" hostname="fv-az32" tests="1" skipped="0" failures="0" errors="0" time="0.01">
    <testcase time="0.00999999999999091" classname="ds.foobar_arg_aggregate" name="NULL_connections"/>
  </testsuite>
  <testsuite name="ds.foobar::arg::aggregate" timestamp="2020-03-24T20:01:56Z" hostname="fv-az32" tests="1" skipped="0" failures="0" errors="0" time="0.01">
    <testcase time="0.0100000000000193" classname="ds.foobar_arg_aggregate" name="NULL_expr"/>
  </testsuite>
  <testsuite name="ds.foobar::arg::aggregate" timestamp="2020-03-24T20:01:56Z" hostname="fv-az32" tests="1" skipped="0" failures="0" errors="0" time="0.205">
    <testcase time="0.204999999999984" classname="ds.foobar_arg_aggregate" name="non_existent_aggregate_foobarDS"/>
  </testsuite>
  <testsuite name="ds.foobar::arg::assign" timestamp="2020-03-24T20:01:56Z" hostname="fv-az32" tests="1" skipped="0" failures="0" errors="0" time="0.01">
    <testcase time="0.00999999999999091" classname="ds.foobar_arg_assign" name="NULL_connections"/>
  </testsuite>
  <testsuite name="ds.foobar::arg::assign" timestamp="2020-03-24T20:01:56Z" hostname="fv-az32" tests="1" skipped="0" failures="0" errors="0" time="0.009">
    <testcase time="0.00900000000001455" classname="ds.foobar_arg_assign" name="NULL_value"/>
  </testsuite>
  <testsuite name="ds.foobar::arg::assign" timestamp="2020-03-24T20:01:56Z" hostname="fv-az32" tests="1" skipped="0" failures="0" errors="0" time="0.203">
    <testcase time="0.203000000000003" classname="ds.foobar_arg_assign" name="non_existent_assign_foobarDS"/>
  </testsuite>
  <testsuite name="ds.foobar::arg::shutdown" timestamp="2020-03-24T20:01:57Z" hostname="fv-az32" tests="3" skipped="0" failures="0" errors="0" time="0.298">
    <testcase time="0.294999999999987" classname="ds.foobar_arg_shutdown" name="shutdown"/>
    <testcase time="0.00100000000000477" classname="ds.foobar_arg_shutdown" name="shutdown"/>
    <testcase time="0.00200000000000955" classname="ds.foobar_arg_shutdown" name="shutdown"/>
  </testsuite>
  <testsuite name="ds.foobar::arg::done" timestamp="2020-03-24T20:01:57Z" hostname="fv-az32" tests="0" skipped="0" failures="0" errors="0" time="0"/>
  <testsuite name="ds.glmerSLMA::arg::setup" timestamp="2020-03-24T20:01:57Z" hostname="fv-az32" tests="3" skipped="0" failures="0" errors="0" time="5.241">
    <testcase time="5.239" classname="ds.glmerSLMA_arg_setup" name="setup"/>
    <testcase time="0.000999999999976353" classname="ds.glmerSLMA_arg_setup" name="setup"/>
    <testcase time="0.00100000000000477" classname="ds.glmerSLMA_arg_setup" name="setup"/>
  </testsuite>
  <testsuite name="ds.glmerSLMA::arg" timestamp="2020-03-24T20:02:02Z" hostname="fv-az32" tests="15" skipped="0" failures="0" errors="0" time="21.148">
    <testcase time="0.0109999999999957" classname="ds.glmerSLMA_arg" name="simple_glmerSLMA_tesing_mis_use_of_arguments"/>
    <testcase time="2.798" classname="ds.glmerSLMA_arg" name="simple_glmerSLMA_tesing_mis_use_of_arguments"/>
    <testcase time="0.610000000000014" classname="ds.glmerSLMA_arg" name="simple_glmerSLMA_tesing_mis_use_of_arguments"/>
    <testcase time="0.283999999999992" classname="ds.glmerSLMA_arg" name="simple_glmerSLMA_tesing_mis_use_of_arguments"/>
    <testcase time="0.629000000000019" classname="ds.glmerSLMA_arg" name="simple_glmerSLMA_tesing_mis_use_of_arguments"/>
    <testcase time="0.00699999999997658" classname="ds.glmerSLMA_arg" name="simple_glmerSLMA_tesing_mis_use_of_arguments"/>
    <testcase time="2.45600000000002" classname="ds.glmerSLMA_arg" name="simple_glmerSLMA_tesing_mis_use_of_arguments"/>
    <testcase time="0.686999999999983" classname="ds.glmerSLMA_arg" name="simple_glmerSLMA_tesing_mis_use_of_arguments"/>
    <testcase time="2.39100000000002" classname="ds.glmerSLMA_arg" name="simple_glmerSLMA_tesing_mis_use_of_arguments"/>
    <testcase time="4.81199999999998" classname="ds.glmerSLMA_arg" name="test_offsets_and_weights"/>
    <testcase time="1.18100000000001" classname="ds.glmerSLMA_arg" name="test_offsets_and_weights"/>
    <testcase time="1.15600000000001" classname="ds.glmerSLMA_arg" name="test_offsets_and_weights"/>
    <testcase time="1.149" classname="ds.glmerSLMA_arg" name="test_offsets_and_weights"/>
    <testcase time="1.49199999999999" classname="ds.glmerSLMA_arg" name="alternative_formulae_for_nested_groups"/>
    <testcase time="1.48499999999999" classname="ds.glmerSLMA_arg" name="alternative_formulae_for_nested_groups"/>
  </testsuite>
  <testsuite name="ds.glmerSLMA::arg::switch" timestamp="2020-03-24T20:02:24Z" hostname="fv-az32" tests="0" skipped="0" failures="0" errors="0" time="0"/>
  <testsuite name="ds.glmerSLMA::arg::setup" timestamp="2020-03-24T20:02:24Z" hostname="fv-az32" tests="3" skipped="0" failures="0" errors="0" time="6.218">
    <testcase time="6.215" classname="ds.glmerSLMA_arg_setup" name="setup"/>
    <testcase time="0.00100000000000477" classname="ds.glmerSLMA_arg_setup" name="setup"/>
    <testcase time="0.00200000000000955" classname="ds.glmerSLMA_arg_setup" name="setup"/>
  </testsuite>
  <testsuite name="ds.glmerSLMA::arg" timestamp="2020-03-24T20:02:30Z" hostname="fv-az32" tests="4" skipped="0" failures="2" errors="0" time="21.664">
    <testcase time="11.821" classname="ds.glmerSLMA_arg" name="check_slope_formulae"/>
    <testcase time="0.0029999999999859" classname="ds.glmerSLMA_arg" name="check_slope_formulae">
      <failure type="failure" message="res$Convergence.error.message[2] not equal to &quot;Study2: no convergence error reported&quot;. (@test-arg-ds.glmerSLMA.R#101)">res$Convergence.error.message[2] not equal to "Study2: no convergence error reported".
1/1 mismatches
x[1]: "Study2: unable to evaluate scaled gradient"
y[1]: "Study2: no convergence error reported"</failure>
    </testcase>
    <testcase time="9.83800000000002" classname="ds.glmerSLMA_arg" name="check_slope_formulae"/>
    <testcase time="0.00199999999998113" classname="ds.glmerSLMA_arg" name="check_slope_formulae">
      <failure type="failure" message="res$Convergence.error.message[2] not equal to &quot;Study2: no convergence error reported&quot;. (@test-arg-ds.glmerSLMA.R#103)">res$Convergence.error.message[2] not equal to "Study2: no convergence error reported".
1/1 mismatches
x[1]: "Study2: unable to evaluate scaled gradient"
y[1]: "Study2: no convergence error reported"</failure>
    </testcase>
  </testsuite>
  <testsuite name="ds.glmerSLMA::arg::shutdown" timestamp="2020-03-24T20:02:51Z" hostname="fv-az32" tests="0" skipped="0" failures="0" errors="0" time="0"/>
  <testsuite name="ds.glmerSLMA::arg::done" timestamp="2020-03-24T20:02:52Z" hostname="fv-az32" tests="0" skipped="0" failures="0" errors="0" time="0"/>
  <testsuite name="ds.glm::arg::test errors" timestamp="2020-03-24T20:02:56Z" hostname="fv-az32" tests="2" skipped="0" failures="0" errors="0" time="5.736">
    <testcase time="5.215" classname="ds.glm_arg_test_errors" name="glm_erros"/>
    <testcase time="0.521000000000015" classname="ds.glm_arg_test_errors" name="glm_erros"/>
  </testsuite>
  <testsuite name="ds.glmSLMA::arg::test errors" timestamp="2020-03-24T20:03:02Z" hostname="fv-az32" tests="1" skipped="0" failures="0" errors="0" time="5.232">
    <testcase time="5.232" classname="ds.glmSLMA_arg_test_errors" name="glmSLMA_erros"/>
  </testsuite>
  <testsuite name="ds.isNA()::smk::errors" timestamp="2020-03-24T20:03:07Z" hostname="fv-az32" tests="1" skipped="0" failures="0" errors="0" time="5.139">
    <testcase time="5.13899999999998" classname="ds.isNA_smk_errors" name="isNA_errors"/>
  </testsuite>
  <testsuite name="ds.isValid()::smk::errors" timestamp="2020-03-24T20:03:13Z" hostname="fv-az32" tests="2" skipped="0" failures="0" errors="0" time="6.168">
    <testcase time="5.166" classname="ds.isValid_smk_errors" name="isValid_errors"/>
    <testcase time="1.00200000000001" classname="ds.isValid_smk_errors" name="isValid_errors"/>
  </testsuite>
  <testsuite name="ds.length::arg::test errors" timestamp="2020-03-24T20:03:19Z" hostname="fv-az32" tests="5" skipped="0" failures="0" errors="0" time="8.144">
    <testcase time="6.12899999999999" classname="ds.length_arg_test_errors" name="length_erros"/>
    <testcase time="0.0760000000000218" classname="ds.length_arg_test_errors" name="length_erros"/>
    <testcase time="0.00699999999997658" classname="ds.length_arg_test_errors" name="length_erros"/>
    <testcase time="0.964000000000027" classname="ds.length_arg_test_errors" name="length_erros"/>
    <testcase time="0.967999999999989" classname="ds.length_arg_test_errors" name="length_erros"/>
  </testsuite>
  <testsuite name="ds.levels::arg" timestamp="2020-03-24T20:03:27Z" hostname="fv-az32" tests="2" skipped="0" failures="0" errors="0" time="5.472">
    <testcase time="5.161" classname="ds.levels_arg" name="simple_levels"/>
    <testcase time="0.311000000000007" classname="ds.levels_arg" name="simple_levels"/>
  </testsuite>
  <testsuite name="ds.lexis::arg::test errors" timestamp="2020-03-24T20:03:32Z" hostname="fv-az32" tests="1" skipped="0" failures="0" errors="0" time="5.089">
    <testcase time="5.089" classname="ds.lexis_arg_test_errors" name="lexis_erros"/>
  </testsuite>
  <testsuite name="ds.list::arg::test errors" timestamp="2020-03-24T20:03:37Z" hostname="fv-az32" tests="1" skipped="0" failures="0" errors="0" time="5.198">
    <testcase time="5.19799999999998" classname="ds.list_arg_test_errors" name="simple_ds.list_errors"/>
  </testsuite>
  <testsuite name="ds.lmerSLMA::arg::setup" timestamp="2020-03-24T20:03:38Z" hostname="fv-az32" tests="3" skipped="0" failures="0" errors="0" time="5.4">
    <testcase time="5.398" classname="ds.lmerSLMA_arg_setup" name="setup"/>
    <testcase time="0.0010000000000332" classname="ds.lmerSLMA_arg_setup" name="setup"/>
    <testcase time="0.000999999999976353" classname="ds.lmerSLMA_arg_setup" name="setup"/>
  </testsuite>
  <testsuite name="ds.lmerSLMA::arg" timestamp="2020-03-24T20:03:43Z" hostname="fv-az32" tests="15" skipped="0" failures="0" errors="0" time="15.246">
    <testcase time="2.44600000000003" classname="ds.lmerSLMA_arg" name="simple_lmerSLMA_tesing_mis_use_of_arguments"/>
    <testcase time="0.784999999999968" classname="ds.lmerSLMA_arg" name="simple_lmerSLMA_tesing_mis_use_of_arguments"/>
    <testcase time="0.283999999999992" classname="ds.lmerSLMA_arg" name="simple_lmerSLMA_tesing_mis_use_of_arguments"/>
    <testcase time="0.722000000000037" classname="ds.lmerSLMA_arg" name="simple_lmerSLMA_tesing_mis_use_of_arguments"/>
    <testcase time="0.00599999999997181" classname="ds.lmerSLMA_arg" name="simple_lmerSLMA_tesing_mis_use_of_arguments"/>
    <testcase time="0.920999999999992" classname="ds.lmerSLMA_arg" name="simple_lmerSLMA_tesing_mis_use_of_arguments"/>
    <testcase time="0.699000000000012" classname="ds.lmerSLMA_arg" name="simple_lmerSLMA_tesing_mis_use_of_arguments"/>
    <testcase time="0.281999999999982" classname="ds.lmerSLMA_arg" name="simple_lmerSLMA_tesing_mis_use_of_arguments"/>
    <testcase time="0.740000000000009" classname="ds.lmerSLMA_arg" name="simple_lmerSLMA_tesing_mis_use_of_arguments"/>
    <testcase time="0.814000000000021" classname="ds.lmerSLMA_arg" name="alternative_formulae_for_nested_groups"/>
    <testcase time="0.822000000000003" classname="ds.lmerSLMA_arg" name="alternative_formulae_for_nested_groups"/>
    <testcase time="4.39499999999998" classname="ds.lmerSLMA_arg" name="test_offsets_and_weights"/>
    <testcase time="0.781000000000006" classname="ds.lmerSLMA_arg" name="test_offsets_and_weights"/>
    <testcase time="0.776999999999987" classname="ds.lmerSLMA_arg" name="test_offsets_and_weights"/>
    <testcase time="0.771999999999991" classname="ds.lmerSLMA_arg" name="test_offsets_and_weights"/>
  </testsuite>
  <testsuite name="ds.lmerSLMA::arg::switch" timestamp="2020-03-24T20:03:58Z" hostname="fv-az32" tests="0" skipped="0" failures="0" errors="0" time="0"/>
  <testsuite name="ds.lmerSLMA::arg::setup" timestamp="2020-03-24T20:03:59Z" hostname="fv-az32" tests="3" skipped="0" failures="0" errors="0" time="6.141">
    <testcase time="6.13800000000003" classname="ds.lmerSLMA_arg_setup" name="setup"/>
    <testcase time="0.00200000000000955" classname="ds.lmerSLMA_arg_setup" name="setup"/>
    <testcase time="0.000999999999976353" classname="ds.lmerSLMA_arg_setup" name="setup"/>
  </testsuite>
  <testsuite name="ds.lmerSLMA::arg" timestamp="2020-03-24T20:04:04Z" hostname="fv-az32" tests="8" skipped="0" failures="2" errors="0" time="5.561">
    <testcase time="3.73399999999998" classname="ds.lmerSLMA_arg" name="check_slope_formulae"/>
    <testcase time="0.0010000000000332" classname="ds.lmerSLMA_arg" name="check_slope_formulae"/>
    <testcase time="0.00200000000000955" classname="ds.lmerSLMA_arg" name="check_slope_formulae"/>
    <testcase time="0.00200000000000955" classname="ds.lmerSLMA_arg" name="check_slope_formulae">
      <failure type="failure" message="res$Convergence.error.message[2] not equal to &quot;Study2: no convergence error reported&quot;. (@test-arg-ds.lmerSLMA.R#104)">res$Convergence.error.message[2] not equal to "Study2: no convergence error reported".
1/1 mismatches
x[1]: "Study2: unable to evaluate scaled gradient"
y[1]: "Study2: no convergence error reported"</failure>
    </testcase>
    <testcase time="1.81799999999998" classname="ds.lmerSLMA_arg" name="check_slope_formulae"/>
    <testcase time="0.000999999999976353" classname="ds.lmerSLMA_arg" name="check_slope_formulae"/>
    <testcase time="0.000999999999976353" classname="ds.lmerSLMA_arg" name="check_slope_formulae"/>
    <testcase time="0.00200000000000955" classname="ds.lmerSLMA_arg" name="check_slope_formulae">
      <failure type="failure" message="res$Convergence.error.message[2] not equal to &quot;Study2: no convergence error reported&quot;. (@test-arg-ds.lmerSLMA.R#106)">res$Convergence.error.message[2] not equal to "Study2: no convergence error reported".
1/1 mismatches
x[1]: "Study2: unable to evaluate scaled gradient"
y[1]: "Study2: no convergence error reported"</failure>
    </testcase>
  </testsuite>
  <testsuite name="ds.lmerSLMA::arg::shutdown" timestamp="2020-03-24T20:04:10Z" hostname="fv-az32" tests="0" skipped="0" failures="0" errors="0" time="0"/>
  <testsuite name="ds.lmerSLMA::arg::done" timestamp="2020-03-24T20:04:11Z" hostname="fv-az32" tests="0" skipped="0" failures="0" errors="0" time="0"/>
  <testsuite name="ds.log::arg::test errors" timestamp="2020-03-24T20:04:15Z" hostname="fv-az32" tests="1" skipped="0" failures="0" errors="0" time="5.469">
    <testcase time="5.46899999999999" classname="ds.log_arg_test_errors" name="log_erros"/>
  </testsuite>
  <testsuite name="ds.look::arg::test errors" timestamp="2020-03-24T20:04:20Z" hostname="fv-az32" tests="1" skipped="0" failures="0" errors="0" time="5.197">
    <testcase time="5.197" classname="ds.look_arg_test_errors" name="look_erros"/>
  </testsuite>
  <testsuite name="ds.make::arg::test errors" timestamp="2020-03-24T20:04:26Z" hostname="fv-az32" tests="1" skipped="0" failures="0" errors="0" time="5.178">
    <testcase time="5.178" classname="ds.make_arg_test_errors" name="make_erros"/>
  </testsuite>
  <testsuite name="ds.matrixDet::arg::test errors" timestamp="2020-03-24T20:04:31Z" hostname="fv-az32" tests="1" skipped="0" failures="0" errors="0" time="5.192">
    <testcase time="5.19200000000001" classname="ds.matrixDet_arg_test_errors" name="matrixDet_erros"/>
  </testsuite>
  <testsuite name="ds.matrixDet.report::arg::test errors" timestamp="2020-03-24T20:04:36Z" hostname="fv-az32" tests="1" skipped="0" failures="0" errors="0" time="5.193">
    <testcase time="5.19299999999998" classname="ds.matrixDet.report_arg_test_errors" name="ds.matixDet.report_erros"/>
  </testsuite>
  <testsuite name="ds.matrixDiag::arg::test errors" timestamp="2020-03-24T20:04:41Z" hostname="fv-az32" tests="2" skipped="0" failures="0" errors="0" time="5.145">
    <testcase time="5.14400000000001" classname="ds.matrixDiag_arg_test_errors" name="matrixDiag_erros"/>
    <testcase time="0.0010000000000332" classname="ds.matrixDiag_arg_test_errors" name="matrixDiag_erros"/>
  </testsuite>
  <testsuite name="ds.matrixDimnames::arg::test errors" timestamp="2020-03-24T20:04:46Z" hostname="fv-az32" tests="1" skipped="0" failures="0" errors="0" time="5.247">
    <testcase time="5.24699999999996" classname="ds.matrixDimnames_arg_test_errors" name="matrixDimnames_erros"/>
  </testsuite>
  <testsuite name="ds.matrixInvert::arg::test errors" timestamp="2020-03-24T20:04:52Z" hostname="fv-az32" tests="1" skipped="0" failures="0" errors="0" time="5.271">
    <testcase time="5.27100000000002" classname="ds.matrixInvert_arg_test_errors" name="matrixInvert_erros"/>
  </testsuite>
  <testsuite name="ds.matrixMult::arg::test errors" timestamp="2020-03-24T20:04:57Z" hostname="fv-az32" tests="1" skipped="0" failures="0" errors="0" time="5.204">
    <testcase time="5.20400000000001" classname="ds.matrixMult_arg_test_errors" name="matrixMult_erros"/>
  </testsuite>
  <testsuite name="ds.matrix::arg::test errors" timestamp="2020-03-24T20:05:02Z" hostname="fv-az32" tests="1" skipped="0" failures="0" errors="0" time="5.17">
    <testcase time="5.17000000000002" classname="ds.matrix_arg_test_errors" name="matrix_erros"/>
  </testsuite>
  <testsuite name="ds.matrixTranspose::arg::test errors" timestamp="2020-03-24T20:05:07Z" hostname="fv-az32" tests="1" skipped="0" failures="0" errors="0" time="5.167">
    <testcase time="5.16699999999997" classname="ds.matrixTranspose_arg_test_errors" name="matrixTranspose_erros"/>
  </testsuite>
  <testsuite name="ds.meanByClass::arg::test errors" timestamp="2020-03-24T20:05:12Z" hostname="fv-az32" tests="5" skipped="0" failures="0" errors="0" time="15.527">
    <testcase time="8.10300000000001" classname="ds.meanByClass_arg_test_errors" name="meanByClass_erros"/>
    <testcase time="1.25" classname="ds.meanByClass_arg_test_errors" name="meanByClass_erros"/>
    <testcase time="1.93799999999999" classname="ds.meanByClass_arg_test_errors" name="meanByClass_erros"/>
    <testcase time="0.007000000000005" classname="ds.meanByClass_arg_test_errors" name="meanByClass_erros"/>
    <testcase time="4.22899999999998" classname="ds.meanByClass_arg_test_errors" name="meanByClass_erros"/>
  </testsuite>
  <testsuite name="ds.mean::arg::test errors" timestamp="2020-03-24T20:05:28Z" hostname="fv-az32" tests="3" skipped="0" failures="0" errors="0" time="7.137">
    <testcase time="6.05500000000001" classname="ds.mean_arg_test_errors" name="mean_erros"/>
    <testcase time="0.120000000000005" classname="ds.mean_arg_test_errors" name="mean_erros"/>
    <testcase time="0.961999999999989" classname="ds.mean_arg_test_errors" name="mean_erros"/>
  </testsuite>
  <testsuite name="ds.meanSdGp::arg::test errors" timestamp="2020-03-24T20:05:35Z" hostname="fv-az32" tests="1" skipped="0" failures="0" errors="0" time="5.233">
    <testcase time="5.233" classname="ds.meanSdGp_arg_test_errors" name="meanSdGp_erros"/>
  </testsuite>
  <testsuite name="ds.merge::arg::test errors" timestamp="2020-03-24T20:05:40Z" hostname="fv-az32" tests="5" skipped="0" failures="0" errors="0" time="5.455">
    <testcase time="5.346" classname="ds.merge_arg_test_errors" name="merge_erros"/>
    <testcase time="0.0840000000000032" classname="ds.merge_arg_test_errors" name="merge_erros"/>
    <testcase time="0.00900000000001455" classname="ds.merge_arg_test_errors" name="merge_erros"/>
    <testcase time="0.00799999999998136" classname="ds.merge_arg_test_errors" name="merge_erros"/>
    <testcase time="0.00799999999998136" classname="ds.merge_arg_test_errors" name="merge_erros"/>
  </testsuite>
  <testsuite name="ds.message::arg" timestamp="2020-03-24T20:05:46Z" hostname="fv-az32" tests="1" skipped="0" failures="0" errors="0" time="5.193">
    <testcase time="5.19300000000004" classname="ds.message_arg" name="request_message_for_NULL"/>
  </testsuite>
  <testsuite name="ds.names::arg::test errors" timestamp="2020-03-24T20:05:51Z" hostname="fv-az32" tests="2" skipped="0" failures="0" errors="0" time="6.285">
    <testcase time="5.29300000000001" classname="ds.names_arg_test_errors" name="simple_ds.names_errors"/>
    <testcase time="0.991999999999962" classname="ds.names_arg_test_errors" name="simple_ds.names_errors"/>
  </testsuite>
  <testsuite name="ds.numNA::arg::test errors" timestamp="2020-03-24T20:05:57Z" hostname="fv-az32" tests="1" skipped="0" failures="0" errors="0" time="5.254">
    <testcase time="5.25400000000002" classname="ds.numNA_arg_test_errors" name="simple_ds.numNA_errors"/>
  </testsuite>
  <testsuite name="ds.quantileMean::arg::test errors" timestamp="2020-03-24T20:06:02Z" hostname="fv-az32" tests="3" skipped="0" failures="0" errors="0" time="8.88">
    <testcase time="6.01800000000003" classname="ds.quantileMean_arg_test_errors" name="quantileMean_erros"/>
    <testcase time="1.88299999999998" classname="ds.quantileMean_arg_test_errors" name="quantileMean_erros"/>
    <testcase time="0.978999999999985" classname="ds.quantileMean_arg_test_errors" name="quantileMean_erros"/>
  </testsuite>
  <testsuite name="ds.rbind::arg::test errors" timestamp="2020-03-24T20:06:11Z" hostname="fv-az32" tests="1" skipped="0" failures="0" errors="0" time="5.232">
    <testcase time="5.23200000000003" classname="ds.rbind_arg_test_errors" name="rbind_erros"/>
  </testsuite>
  <testsuite name="ds.rBinom::arg::test errors" timestamp="2020-03-24T20:06:17Z" hostname="fv-az32" tests="2" skipped="0" failures="0" errors="0" time="5.199">
    <testcase time="5.197" classname="ds.rBinom_arg_test_errors" name="rBinom_erros"/>
    <testcase time="0.00199999999995271" classname="ds.rBinom_arg_test_errors" name="rBinom_erros"/>
  </testsuite>
  <testsuite name="ds.recodeLevels::arg::test errors" timestamp="2020-03-24T20:06:22Z" hostname="fv-az32" tests="4" skipped="0" failures="0" errors="0" time="7.426">
    <testcase time="5.17400000000004" classname="ds.recodeLevels_arg_test_errors" name="recodeLevels_erros"/>
    <testcase time="0.0450000000000159" classname="ds.recodeLevels_arg_test_errors" name="recodeLevels_erros"/>
    <testcase time="0.967999999999961" classname="ds.recodeLevels_arg_test_errors" name="recodeLevels_erros"/>
    <testcase time="1.23900000000003" classname="ds.recodeLevels_arg_test_errors" name="recodeLevels_erros"/>
  </testsuite>
  <testsuite name="ds.recodeValues::arg::test errors" timestamp="2020-03-24T20:06:29Z" hostname="fv-az32" tests="6" skipped="0" failures="0" errors="0" time="5.427">
    <testcase time="5.27599999999995" classname="ds.recodeValues_arg_test_errors" name="recodeValues_erros"/>
    <testcase time="0.113" classname="ds.recodeValues_arg_test_errors" name="recodeValues_erros"/>
    <testcase time="0.007000000000005" classname="ds.recodeValues_arg_test_errors" name="recodeValues_erros"/>
    <testcase time="0.0180000000000291" classname="ds.recodeValues_arg_test_errors" name="recodeValues_erros"/>
    <testcase time="0.00599999999997181" classname="ds.recodeValues_arg_test_errors" name="recodeValues_erros"/>
    <testcase time="0.007000000000005" classname="ds.recodeValues_arg_test_errors" name="recodeValues_erros"/>
  </testsuite>
  <testsuite name="ds.replaceNA::arg::test errors" timestamp="2020-03-24T20:06:35Z" hostname="fv-az32" tests="2" skipped="0" failures="0" errors="0" time="5.269">
    <testcase time="5.20800000000003" classname="ds.replaceNA_arg_test_errors" name="simple_ds.replaceNA_errors"/>
    <testcase time="0.0609999999999786" classname="ds.replaceNA_arg_test_errors" name="simple_ds.replaceNA_errors"/>
  </testsuite>
  <testsuite name="ds.rep::arg::setup" timestamp="2020-03-24T20:06:35Z" hostname="fv-az32" tests="0" skipped="0" failures="0" errors="0" time="0"/>
  <testsuite name="ds.rep::arg::test errors" timestamp="2020-03-24T20:06:40Z" hostname="fv-az32" tests="1" skipped="0" failures="0" errors="0" time="5.125">
    <testcase time="5.125" classname="ds.rep_arg_test_errors" name="ds.rep_erros"/>
  </testsuite>
  <testsuite name="ds.rep::arg::shutdown" timestamp="2020-03-24T20:06:40Z" hostname="fv-az32" tests="0" skipped="0" failures="0" errors="0" time="0"/>
  <testsuite name="ds.rep::arg::done" timestamp="2020-03-24T20:06:40Z" hostname="fv-az32" tests="0" skipped="0" failures="0" errors="0" time="0"/>
  <testsuite name="ds.reShape::arg::test errors" timestamp="2020-03-24T20:06:45Z" hostname="fv-az32" tests="4" skipped="0" failures="0" errors="0" time="5.398">
    <testcase time="5.29900000000004" classname="ds.reShape_arg_test_errors" name="reShape_erros"/>
    <testcase time="0.0839999999999463" classname="ds.reShape_arg_test_errors" name="reShape_erros"/>
    <testcase time="0.0080000000000382" classname="ds.reShape_arg_test_errors" name="reShape_erros"/>
    <testcase time="0.007000000000005" classname="ds.reShape_arg_test_errors" name="reShape_erros"/>
  </testsuite>
  <testsuite name="ds.rm::arg::test errors" timestamp="2020-03-24T20:06:50Z" hostname="fv-az32" tests="1" skipped="0" failures="0" errors="0" time="5.193">
    <testcase time="5.19299999999998" classname="ds.rm_arg_test_errors" name="ds.rm_erros"/>
  </testsuite>
  <testsuite name="ds.rNorm::arg::test errors" timestamp="2020-03-24T20:06:56Z" hostname="fv-az32" tests="2" skipped="0" failures="0" errors="0" time="5.26">
    <testcase time="5.25799999999998" classname="ds.rNorm_arg_test_errors" name="rNorm_erros"/>
    <testcase time="0.00200000000000955" classname="ds.rNorm_arg_test_errors" name="rNorm_erros"/>
  </testsuite>
  <testsuite name="ds.rowColCalc::arg::test errors" timestamp="2020-03-24T20:07:01Z" hostname="fv-az32" tests="3" skipped="0" failures="0" errors="0" time="12.935">
    <testcase time="5.16399999999999" classname="ds.rowColCalc_arg_test_errors" name="rowColCalc_errors"/>
    <testcase time="3.92200000000003" classname="ds.rowColCalc_arg_test_errors" name="rowColCalc_errors"/>
    <testcase time="3.84900000000005" classname="ds.rowColCalc_arg_test_errors" name="rowColCalc_errors"/>
  </testsuite>
  <testsuite name="ds.rPois::arg::test errors" timestamp="2020-03-24T20:07:14Z" hostname="fv-az32" tests="2" skipped="0" failures="0" errors="0" time="5.201">
    <testcase time="5.19999999999999" classname="ds.rPois_arg_test_errors" name="rPois_erros"/>
    <testcase time="0.000999999999976353" classname="ds.rPois_arg_test_errors" name="rPois_erros"/>
  </testsuite>
  <testsuite name="ds.rUnif::arg::test errors" timestamp="2020-03-24T20:07:19Z" hostname="fv-az32" tests="2" skipped="0" failures="0" errors="0" time="5.165">
    <testcase time="5.16399999999999" classname="ds.rUnif_arg_test_errors" name="rUnif_erros"/>
    <testcase time="0.0010000000000332" classname="ds.rUnif_arg_test_errors" name="rUnif_erros"/>
  </testsuite>
  <testsuite name="ds.seq::arg::test errors" timestamp="2020-03-24T20:07:24Z" hostname="fv-az32" tests="1" skipped="0" failures="0" errors="0" time="5.121">
    <testcase time="5.12099999999998" classname="ds.seq_arg_test_errors" name="seq_erros"/>
  </testsuite>
  <testsuite name="ds.setSeed::arg::test errors" timestamp="2020-03-24T20:07:29Z" hostname="fv-az32" tests="1" skipped="0" failures="0" errors="0" time="5.197">
    <testcase time="5.197" classname="ds.setSeed_arg_test_errors" name="setSeed_erros"/>
  </testsuite>
  <testsuite name="ds.subsetByClass::arg::test errors" timestamp="2020-03-24T20:07:35Z" hostname="fv-az32" tests="2" skipped="0" failures="0" errors="0" time="6.261">
    <testcase time="5.23099999999999" classname="ds.subsetByClass_arg_test_errors" name="subsetByClass_erros"/>
    <testcase time="1.03000000000003" classname="ds.subsetByClass_arg_test_errors" name="subsetByClass_erros"/>
  </testsuite>
  <testsuite name="ds.subset::arg::test errors" timestamp="2020-03-24T20:07:41Z" hostname="fv-az32" tests="1" skipped="0" failures="0" errors="0" time="5.244">
    <testcase time="5.24399999999997" classname="ds.subset_arg_test_errors" name="subset_erros"/>
  </testsuite>
  <testsuite name="ds.summary::arg::test errors" timestamp="2020-03-24T20:07:46Z" hostname="fv-az32" tests="1" skipped="0" failures="0" errors="0" time="5.234">
    <testcase time="5.23400000000004" classname="ds.summary_arg_test_errors" name="summary_erros"/>
  </testsuite>
  <testsuite name="ds.table1D::arg::test errors" timestamp="2020-03-24T20:07:51Z" hostname="fv-az32" tests="2" skipped="0" failures="0" errors="0" time="6.562">
    <testcase time="5.21299999999997" classname="ds.table1D_arg_test_errors" name="table1D_erros"/>
    <testcase time="1.34899999999999" classname="ds.table1D_arg_test_errors" name="table1D_erros"/>
  </testsuite>
  <testsuite name="ds.table2D::arg::test errors" timestamp="2020-03-24T20:07:58Z" hostname="fv-az32" tests="1" skipped="0" failures="0" errors="0" time="5.318">
    <testcase time="5.31800000000004" classname="ds.table2D_arg_test_errors" name="table2D_erros"/>
  </testsuite>
  <testsuite name="ds.table::arg::test rvar has value" timestamp="2020-03-24T20:08:03Z" hostname="fv-az32" tests="1" skipped="0" failures="0" errors="0" time="5.273">
    <testcase time="5.27300000000002" classname="ds.table_arg_test_rvar_has_value" name="table_rvar_has_value"/>
  </testsuite>
  <testsuite name="ds.table::arg::test cvar has value" timestamp="2020-03-24T20:08:03Z" hostname="fv-az32" tests="1" skipped="0" failures="0" errors="0" time="1.268">
    <testcase time="1.26799999999992" classname="ds.table_arg_test_cvar_has_value" name="table_cvar_has_value"/>
  </testsuite>
  <testsuite name="ds.table::arg::test stvar has value" timestamp="2020-03-24T20:08:04Z" hostname="fv-az32" tests="1" skipped="0" failures="0" errors="0" time="0.006">
    <testcase time="0.00600000000008549" classname="ds.table_arg_test_stvar_has_value" name="table_stvar_has_value"/>
  </testsuite>
  <testsuite name="ds.table::arg::test stvar has CORRECT value" timestamp="2020-03-24T20:08:04Z" hostname="fv-az32" tests="1" skipped="0" failures="0" errors="0" time="0.005">
    <testcase time="0.00499999999999545" classname="ds.table_arg_test_stvar_has_CORRECT_value" name="table_useNA_has_value"/>
  </testsuite>
  <testsuite name="ds.table::arg::test force.nfilter has value" timestamp="2020-03-24T20:08:04Z" hostname="fv-az32" tests="1" skipped="0" failures="0" errors="0" time="0.005">
    <testcase time="0.00499999999999545" classname="ds.table_arg_test_force.nfilter_has_value" name="table_force.nfilter_has_value"/>
  </testsuite>
  <testsuite name="ds.tapply.assign::arg::test errors" timestamp="2020-03-24T20:08:10Z" hostname="fv-az32" tests="8" skipped="0" failures="0" errors="0" time="5.251">
    <testcase time="5.17399999999998" classname="ds.tapply.assign_arg_test_errors" name="tapply_erros"/>
    <testcase time="0.00199999999995271" classname="ds.tapply.assign_arg_test_errors" name="tapply_erros"/>
    <testcase time="0.0660000000000309" classname="ds.tapply.assign_arg_test_errors" name="tapply_erros"/>
    <testcase time="0.00199999999995271" classname="ds.tapply.assign_arg_test_errors" name="tapply_erros"/>
    <testcase time="0.00100000000009004" classname="ds.tapply.assign_arg_test_errors" name="tapply_erros"/>
    <testcase time="0.00199999999995271" classname="ds.tapply.assign_arg_test_errors" name="tapply_erros"/>
    <testcase time="0.00199999999995271" classname="ds.tapply.assign_arg_test_errors" name="tapply_erros"/>
    <testcase time="0.00200000000006639" classname="ds.tapply.assign_arg_test_errors" name="tapply_erros"/>
  </testsuite>
  <testsuite name="ds.tapply::arg::test errors" timestamp="2020-03-24T20:08:15Z" hostname="fv-az32" tests="8" skipped="0" failures="0" errors="0" time="5.242">
    <testcase time="5.21199999999999" classname="ds.tapply_arg_test_errors" name="tapply_erros"/>
    <testcase time="0.000999999999976353" classname="ds.tapply_arg_test_errors" name="tapply_erros"/>
    <testcase time="0.0220000000000482" classname="ds.tapply_arg_test_errors" name="tapply_erros"/>
    <testcase time="0.00199999999995271" classname="ds.tapply_arg_test_errors" name="tapply_erros"/>
    <testcase time="0.000999999999976353" classname="ds.tapply_arg_test_errors" name="tapply_erros"/>
    <testcase time="0.00200000000006639" classname="ds.tapply_arg_test_errors" name="tapply_erros"/>
    <testcase time="0.000999999999976353" classname="ds.tapply_arg_test_errors" name="tapply_erros"/>
    <testcase time="0.000999999999976353" classname="ds.tapply_arg_test_errors" name="tapply_erros"/>
  </testsuite>
  <testsuite name="ds.testObjExists::arg::test errors" timestamp="2020-03-24T20:08:20Z" hostname="fv-az32" tests="1" skipped="0" failures="0" errors="0" time="5.185">
    <testcase time="5.18500000000006" classname="ds.testObjExists_arg_test_errors" name="testObjExists_erros"/>
  </testsuite>
  <testsuite name="ds.unList::arg::test errors" timestamp="2020-03-24T20:08:25Z" hostname="fv-az32" tests="1" skipped="0" failures="0" errors="0" time="5.155">
    <testcase time="5.15499999999997" classname="ds.unList_arg_test_errors" name="unList_erros"/>
  </testsuite>
  <testsuite name="ds.var::arg::test errors" timestamp="2020-03-24T20:08:31Z" hostname="fv-az32" tests="2" skipped="0" failures="0" errors="0" time="7.21">
    <testcase time="6.12" classname="ds.var_arg_test_errors" name="var_erros"/>
    <testcase time="1.09000000000003" classname="ds.var_arg_test_errors" name="var_erros"/>
  </testsuite>
  <testsuite name="ds.vectorCalc::arg::test errors" timestamp="2020-03-24T20:08:38Z" hostname="fv-az32" tests="1" skipped="0" failures="0" errors="0" time="5.253">
    <testcase time="5.25299999999993" classname="ds.vectorCalc_arg_test_errors" name="ds.vectorCalc_erros"/>
  </testsuite>
  <testsuite name="CLUSTER_INT::datachk::setup" timestamp="2020-03-24T20:08:38Z" hostname="fv-az32" tests="3" skipped="0" failures="0" errors="0" time="5.507">
    <testcase time="5.50400000000002" classname="CLUSTER_INT_datachk_setup" name="setup"/>
    <testcase time="0.000999999999976353" classname="CLUSTER_INT_datachk_setup" name="setup"/>
    <testcase time="0.00200000000006639" classname="CLUSTER_INT_datachk_setup" name="setup"/>
  </testsuite>
  <testsuite name="CLUSTER_INT::datachk" timestamp="2020-03-24T20:08:43Z" hostname="fv-az32" tests="230" skipped="0" failures="0" errors="0" time="14.112">
    <testcase time="0.571000000000026" classname="CLUSTER_INT_datachk" name="Check_CLUSTER_INT_dataset"/>
    <testcase time="0.00199999999995271" classname="CLUSTER_INT_datachk" name="Check_CLUSTER_INT_dataset"/>
    <testcase time="0.00200000000006639" classname="CLUSTER_INT_datachk" name="Check_CLUSTER_INT_dataset"/>
    <testcase time="0.000999999999976353" classname="CLUSTER_INT_datachk" name="Check_CLUSTER_INT_dataset"/>
    <testcase time="0.00199999999995271" classname="CLUSTER_INT_datachk" name="Check_CLUSTER_INT_dataset"/>
    <testcase time="0.000999999999976353" classname="CLUSTER_INT_datachk" name="Check_CLUSTER_INT_dataset"/>
    <testcase time="0.00200000000006639" classname="CLUSTER_INT_datachk" name="Check_CLUSTER_INT_dataset"/>
    <testcase time="0.286999999999921" classname="CLUSTER_INT_datachk" name="Check_CLUSTER_INT_dataset"/>
    <testcase time="0.00200000000006639" classname="CLUSTER_INT_datachk" name="Check_CLUSTER_INT_dataset"/>
    <testcase time="0.00199999999995271" classname="CLUSTER_INT_datachk" name="Check_CLUSTER_INT_dataset"/>
    <testcase time="0.000999999999976353" classname="CLUSTER_INT_datachk" name="Check_CLUSTER_INT_dataset"/>
    <testcase time="0.00200000000006639" classname="CLUSTER_INT_datachk" name="Check_CLUSTER_INT_dataset"/>
    <testcase time="0.000999999999976353" classname="CLUSTER_INT_datachk" name="Check_CLUSTER_INT_dataset"/>
    <testcase time="0.000999999999976353" classname="CLUSTER_INT_datachk" name="Check_CLUSTER_INT_dataset"/>
    <testcase time="0.000999999999976353" classname="CLUSTER_INT_datachk" name="Check_CLUSTER_INT_dataset"/>
    <testcase time="1.24699999999996" classname="CLUSTER_INT_datachk" name="Check_CLUSTER_INT_dataset"/>
    <testcase time="0.000999999999976353" classname="CLUSTER_INT_datachk" name="Check_CLUSTER_INT_dataset"/>
    <testcase time="0.00200000000006639" classname="CLUSTER_INT_datachk" name="Check_CLUSTER_INT_dataset"/>
    <testcase time="0.00199999999995271" classname="CLUSTER_INT_datachk" name="Check_CLUSTER_INT_dataset"/>
    <testcase time="0.00200000000006639" classname="CLUSTER_INT_datachk" name="Check_CLUSTER_INT_dataset"/>
    <testcase time="0.000999999999976353" classname="CLUSTER_INT_datachk" name="Check_CLUSTER_INT_dataset"/>
    <testcase time="0.00199999999995271" classname="CLUSTER_INT_datachk" name="Check_CLUSTER_INT_dataset"/>
    <testcase time="0.567999999999984" classname="CLUSTER_INT_datachk" name="Check_CLUSTER_INT_dataset"/>
    <testcase time="0.00200000000006639" classname="CLUSTER_INT_datachk" name="Check_CLUSTER_INT_dataset"/>
    <testcase time="0.00199999999995271" classname="CLUSTER_INT_datachk" name="Check_CLUSTER_INT_dataset"/>
    <testcase time="0.00200000000006639" classname="CLUSTER_INT_datachk" name="Check_CLUSTER_INT_dataset"/>
    <testcase time="0.000999999999976353" classname="CLUSTER_INT_datachk" name="Check_CLUSTER_INT_dataset"/>
    <testcase time="0.00199999999995271" classname="CLUSTER_INT_datachk" name="Check_CLUSTER_INT_dataset"/>
    <testcase time="0.00200000000006639" classname="CLUSTER_INT_datachk" name="Check_CLUSTER_INT_dataset"/>
    <testcase time="0.293999999999983" classname="CLUSTER_INT_datachk" name="Check_CLUSTER_INT_dataset"/>
    <testcase time="0.00199999999995271" classname="CLUSTER_INT_datachk" name="Check_CLUSTER_INT_dataset"/>
    <testcase time="0.00300000000004275" classname="CLUSTER_INT_datachk" name="Check_CLUSTER_INT_dataset"/>
    <testcase time="0.00199999999995271" classname="CLUSTER_INT_datachk" name="Check_CLUSTER_INT_dataset"/>
    <testcase time="0.00200000000006639" classname="CLUSTER_INT_datachk" name="Check_CLUSTER_INT_dataset"/>
    <testcase time="0.00199999999995271" classname="CLUSTER_INT_datachk" name="Check_CLUSTER_INT_dataset"/>
    <testcase time="0.00199999999995271" classname="CLUSTER_INT_datachk" name="Check_CLUSTER_INT_dataset"/>
    <testcase time="0.00200000000006639" classname="CLUSTER_INT_datachk" name="Check_CLUSTER_INT_dataset"/>
    <testcase time="0.00199999999995271" classname="CLUSTER_INT_datachk" name="Check_CLUSTER_INT_dataset"/>
    <testcase time="0.555000000000064" classname="CLUSTER_INT_datachk" name="Check_CLUSTER_INT_dataset"/>
    <testcase time="0.00199999999995271" classname="CLUSTER_INT_datachk" name="Check_CLUSTER_INT_dataset"/>
    <testcase time="0.00200000000006639" classname="CLUSTER_INT_datachk" name="Check_CLUSTER_INT_dataset"/>
    <testcase time="0.00199999999995271" classname="CLUSTER_INT_datachk" name="Check_CLUSTER_INT_dataset"/>
    <testcase time="0.00199999999995271" classname="CLUSTER_INT_datachk" name="Check_CLUSTER_INT_dataset"/>
    <testcase time="0.00200000000006639" classname="CLUSTER_INT_datachk" name="Check_CLUSTER_INT_dataset"/>
    <testcase time="0.00199999999995271" classname="CLUSTER_INT_datachk" name="Check_CLUSTER_INT_dataset"/>
    <testcase time="0.274999999999977" classname="CLUSTER_INT_datachk" name="Check_CLUSTER_INT_dataset"/>
    <testcase time="0.00300000000004275" classname="CLUSTER_INT_datachk" name="Check_CLUSTER_INT_dataset"/>
    <testcase time="0.00199999999995271" classname="CLUSTER_INT_datachk" name="Check_CLUSTER_INT_dataset"/>
    <testcase time="0.00300000000004275" classname="CLUSTER_INT_datachk" name="Check_CLUSTER_INT_dataset"/>
    <testcase time="0.00200000000006639" classname="CLUSTER_INT_datachk" name="Check_CLUSTER_INT_dataset"/>
    <testcase time="0.00199999999995271" classname="CLUSTER_INT_datachk" name="Check_CLUSTER_INT_dataset"/>
    <testcase time="0.00300000000004275" classname="CLUSTER_INT_datachk" name="Check_CLUSTER_INT_dataset"/>
    <testcase time="0.00199999999995271" classname="CLUSTER_INT_datachk" name="Check_CLUSTER_INT_dataset"/>
    <testcase time="0.00199999999995271" classname="CLUSTER_INT_datachk" name="Check_CLUSTER_INT_dataset"/>
    <testcase time="0.568000000000097" classname="CLUSTER_INT_datachk" name="Check_CLUSTER_INT_dataset"/>
    <testcase time="0.00199999999995271" classname="CLUSTER_INT_datachk" name="Check_CLUSTER_INT_dataset"/>
    <testcase time="0.00300000000004275" classname="CLUSTER_INT_datachk" name="Check_CLUSTER_INT_dataset"/>
    <testcase time="0.00199999999995271" classname="CLUSTER_INT_datachk" name="Check_CLUSTER_INT_dataset"/>
    <testcase time="0.00199999999995271" classname="CLUSTER_INT_datachk" name="Check_CLUSTER_INT_dataset"/>
    <testcase time="0.00300000000004275" classname="CLUSTER_INT_datachk" name="Check_CLUSTER_INT_dataset"/>
    <testcase time="0.00300000000004275" classname="CLUSTER_INT_datachk" name="Check_CLUSTER_INT_dataset"/>
    <testcase time="0.278999999999996" classname="CLUSTER_INT_datachk" name="Check_CLUSTER_INT_dataset"/>
    <testcase time="0.00199999999995271" classname="CLUSTER_INT_datachk" name="Check_CLUSTER_INT_dataset"/>
    <testcase time="0.00300000000004275" classname="CLUSTER_INT_datachk" name="Check_CLUSTER_INT_dataset"/>
    <testcase time="0.00199999999995271" classname="CLUSTER_INT_datachk" name="Check_CLUSTER_INT_dataset"/>
    <testcase time="0.00300000000004275" classname="CLUSTER_INT_datachk" name="Check_CLUSTER_INT_dataset"/>
    <testcase time="0.00199999999995271" classname="CLUSTER_INT_datachk" name="Check_CLUSTER_INT_dataset"/>
    <testcase time="0.0040000000000191" classname="CLUSTER_INT_datachk" name="Check_CLUSTER_INT_dataset"/>
    <testcase time="0.00200000000006639" classname="CLUSTER_INT_datachk" name="Check_CLUSTER_INT_dataset"/>
    <testcase time="0.00299999999992906" classname="CLUSTER_INT_datachk" name="Check_CLUSTER_INT_dataset"/>
    <testcase time="0.551000000000045" classname="CLUSTER_INT_datachk" name="Check_CLUSTER_INT_dataset"/>
    <testcase time="0.00199999999995271" classname="CLUSTER_INT_datachk" name="Check_CLUSTER_INT_dataset"/>
    <testcase time="0.0040000000000191" classname="CLUSTER_INT_datachk" name="Check_CLUSTER_INT_dataset"/>
    <testcase time="0.00200000000006639" classname="CLUSTER_INT_datachk" name="Check_CLUSTER_INT_dataset"/>
    <testcase time="0.00299999999992906" classname="CLUSTER_INT_datachk" name="Check_CLUSTER_INT_dataset"/>
    <testcase time="0.00300000000004275" classname="CLUSTER_INT_datachk" name="Check_CLUSTER_INT_dataset"/>
    <testcase time="0.00199999999995271" classname="CLUSTER_INT_datachk" name="Check_CLUSTER_INT_dataset"/>
    <testcase time="0.276000000000067" classname="CLUSTER_INT_datachk" name="Check_CLUSTER_INT_dataset"/>
    <testcase time="0.00299999999992906" classname="CLUSTER_INT_datachk" name="Check_CLUSTER_INT_dataset"/>
    <testcase time="0.00300000000004275" classname="CLUSTER_INT_datachk" name="Check_CLUSTER_INT_dataset"/>
    <testcase time="0.00999999999999091" classname="CLUSTER_INT_datachk" name="Check_CLUSTER_INT_dataset"/>
    <testcase time="0.00300000000004275" classname="CLUSTER_INT_datachk" name="Check_CLUSTER_INT_dataset"/>
    <testcase time="0.00199999999995271" classname="CLUSTER_INT_datachk" name="Check_CLUSTER_INT_dataset"/>
    <testcase time="0.00300000000004275" classname="CLUSTER_INT_datachk" name="Check_CLUSTER_INT_dataset"/>
    <testcase time="0.00299999999992906" classname="CLUSTER_INT_datachk" name="Check_CLUSTER_INT_dataset"/>
    <testcase time="0.00200000000006639" classname="CLUSTER_INT_datachk" name="Check_CLUSTER_INT_dataset"/>
    <testcase time="0.552999999999997" classname="CLUSTER_INT_datachk" name="Check_CLUSTER_INT_dataset"/>
    <testcase time="0.00299999999992906" classname="CLUSTER_INT_datachk" name="Check_CLUSTER_INT_dataset"/>
    <testcase time="0.00200000000006639" classname="CLUSTER_INT_datachk" name="Check_CLUSTER_INT_dataset"/>
    <testcase time="0.00299999999992906" classname="CLUSTER_INT_datachk" name="Check_CLUSTER_INT_dataset"/>
    <testcase time="0.00200000000006639" classname="CLUSTER_INT_datachk" name="Check_CLUSTER_INT_dataset"/>
    <testcase time="0.00299999999992906" classname="CLUSTER_INT_datachk" name="Check_CLUSTER_INT_dataset"/>
    <testcase time="0.00200000000006639" classname="CLUSTER_INT_datachk" name="Check_CLUSTER_INT_dataset"/>
    <testcase time="0.280999999999949" classname="CLUSTER_INT_datachk" name="Check_CLUSTER_INT_dataset"/>
    <testcase time="0.00300000000004275" classname="CLUSTER_INT_datachk" name="Check_CLUSTER_INT_dataset"/>
    <testcase time="0.00299999999992906" classname="CLUSTER_INT_datachk" name="Check_CLUSTER_INT_dataset"/>
    <testcase time="0.00300000000004275" classname="CLUSTER_INT_datachk" name="Check_CLUSTER_INT_dataset"/>
    <testcase time="0.00300000000004275" classname="CLUSTER_INT_datachk" name="Check_CLUSTER_INT_dataset"/>
    <testcase time="0.00299999999992906" classname="CLUSTER_INT_datachk" name="Check_CLUSTER_INT_dataset"/>
    <testcase time="0.00300000000004275" classname="CLUSTER_INT_datachk" name="Check_CLUSTER_INT_dataset"/>
    <testcase time="0.0040000000000191" classname="CLUSTER_INT_datachk" name="Check_CLUSTER_INT_dataset"/>
    <testcase time="0.0040000000000191" classname="CLUSTER_INT_datachk" name="Check_CLUSTER_INT_dataset"/>
    <testcase time="0.572000000000003" classname="CLUSTER_INT_datachk" name="Check_CLUSTER_INT_dataset"/>
    <testcase time="0.00299999999992906" classname="CLUSTER_INT_datachk" name="Check_CLUSTER_INT_dataset"/>
    <testcase time="0.00200000000006639" classname="CLUSTER_INT_datachk" name="Check_CLUSTER_INT_dataset"/>
    <testcase time="0.00300000000004275" classname="CLUSTER_INT_datachk" name="Check_CLUSTER_INT_dataset"/>
    <testcase time="0.00299999999992906" classname="CLUSTER_INT_datachk" name="Check_CLUSTER_INT_dataset"/>
    <testcase time="0.00300000000004275" classname="CLUSTER_INT_datachk" name="Check_CLUSTER_INT_dataset"/>
    <testcase time="0.0040000000000191" classname="CLUSTER_INT_datachk" name="Check_CLUSTER_INT_dataset"/>
    <testcase time="0.27699999999993" classname="CLUSTER_INT_datachk" name="Check_CLUSTER_INT_dataset"/>
    <testcase time="0.00300000000004275" classname="CLUSTER_INT_datachk" name="Check_CLUSTER_INT_dataset"/>
    <testcase time="0.00299999999992906" classname="CLUSTER_INT_datachk" name="Check_CLUSTER_INT_dataset"/>
    <testcase time="0.00300000000004275" classname="CLUSTER_INT_datachk" name="Check_CLUSTER_INT_dataset"/>
    <testcase time="0.0040000000000191" classname="CLUSTER_INT_datachk" name="Check_CLUSTER_INT_dataset"/>
    <testcase time="0.00300000000004275" classname="CLUSTER_INT_datachk" name="Check_CLUSTER_INT_dataset"/>
    <testcase time="0.00299999999992906" classname="CLUSTER_INT_datachk" name="Check_CLUSTER_INT_dataset"/>
    <testcase time="0.0040000000000191" classname="CLUSTER_INT_datachk" name="Check_CLUSTER_INT_dataset"/>
    <testcase time="0.00300000000004275" classname="CLUSTER_INT_datachk" name="Check_CLUSTER_INT_dataset"/>
    <testcase time="0.548999999999978" classname="CLUSTER_INT_datachk" name="Check_CLUSTER_INT_dataset"/>
    <testcase time="0.00299999999992906" classname="CLUSTER_INT_datachk" name="Check_CLUSTER_INT_dataset"/>
    <testcase time="0.0130000000000337" classname="CLUSTER_INT_datachk" name="Check_CLUSTER_INT_dataset"/>
    <testcase time="0.00300000000004275" classname="CLUSTER_INT_datachk" name="Check_CLUSTER_INT_dataset"/>
    <testcase time="0.0040000000000191" classname="CLUSTER_INT_datachk" name="Check_CLUSTER_INT_dataset"/>
    <testcase time="0.00199999999995271" classname="CLUSTER_INT_datachk" name="Check_CLUSTER_INT_dataset"/>
    <testcase time="0.00300000000004275" classname="CLUSTER_INT_datachk" name="Check_CLUSTER_INT_dataset"/>
    <testcase time="0.271999999999935" classname="CLUSTER_INT_datachk" name="Check_CLUSTER_INT_dataset"/>
    <testcase time="0.0040000000000191" classname="CLUSTER_INT_datachk" name="Check_CLUSTER_INT_dataset"/>
    <testcase time="0.00300000000004275" classname="CLUSTER_INT_datachk" name="Check_CLUSTER_INT_dataset"/>
    <testcase time="0.00299999999992906" classname="CLUSTER_INT_datachk" name="Check_CLUSTER_INT_dataset"/>
    <testcase time="0.00300000000004275" classname="CLUSTER_INT_datachk" name="Check_CLUSTER_INT_dataset"/>
    <testcase time="0.0040000000000191" classname="CLUSTER_INT_datachk" name="Check_CLUSTER_INT_dataset"/>
    <testcase time="0.00300000000004275" classname="CLUSTER_INT_datachk" name="Check_CLUSTER_INT_dataset"/>
    <testcase time="0.00399999999990541" classname="CLUSTER_INT_datachk" name="Check_CLUSTER_INT_dataset"/>
    <testcase time="0.00300000000004275" classname="CLUSTER_INT_datachk" name="Check_CLUSTER_INT_dataset"/>
    <testcase time="0.546000000000049" classname="CLUSTER_INT_datachk" name="Check_CLUSTER_INT_dataset"/>
    <testcase time="0.00399999999990541" classname="CLUSTER_INT_datachk" name="Check_CLUSTER_INT_dataset"/>
    <testcase time="0.0040000000000191" classname="CLUSTER_INT_datachk" name="Check_CLUSTER_INT_dataset"/>
    <testcase time="0.0040000000000191" classname="CLUSTER_INT_datachk" name="Check_CLUSTER_INT_dataset"/>
    <testcase time="0.0040000000000191" classname="CLUSTER_INT_datachk" name="Check_CLUSTER_INT_dataset"/>
    <testcase time="0.0040000000000191" classname="CLUSTER_INT_datachk" name="Check_CLUSTER_INT_dataset"/>
    <testcase time="0.00499999999999545" classname="CLUSTER_INT_datachk" name="Check_CLUSTER_INT_dataset"/>
    <testcase time="0.293000000000006" classname="CLUSTER_INT_datachk" name="Check_CLUSTER_INT_dataset"/>
    <testcase time="0.0040000000000191" classname="CLUSTER_INT_datachk" name="Check_CLUSTER_INT_dataset"/>
    <testcase time="0.00299999999992906" classname="CLUSTER_INT_datachk" name="Check_CLUSTER_INT_dataset"/>
    <testcase time="0.00300000000004275" classname="CLUSTER_INT_datachk" name="Check_CLUSTER_INT_dataset"/>
    <testcase time="0.0040000000000191" classname="CLUSTER_INT_datachk" name="Check_CLUSTER_INT_dataset"/>
    <testcase time="0.0040000000000191" classname="CLUSTER_INT_datachk" name="Check_CLUSTER_INT_dataset"/>
    <testcase time="0.0040000000000191" classname="CLUSTER_INT_datachk" name="Check_CLUSTER_INT_dataset"/>
    <testcase time="0.00399999999990541" classname="CLUSTER_INT_datachk" name="Check_CLUSTER_INT_dataset"/>
    <testcase time="0.0040000000000191" classname="CLUSTER_INT_datachk" name="Check_CLUSTER_INT_dataset"/>
    <testcase time="0.567000000000007" classname="CLUSTER_INT_datachk" name="Check_CLUSTER_INT_dataset"/>
    <testcase time="0.0040000000000191" classname="CLUSTER_INT_datachk" name="Check_CLUSTER_INT_dataset"/>
    <testcase time="0.00300000000004275" classname="CLUSTER_INT_datachk" name="Check_CLUSTER_INT_dataset"/>
    <testcase time="0.00399999999990541" classname="CLUSTER_INT_datachk" name="Check_CLUSTER_INT_dataset"/>
    <testcase time="0.0040000000000191" classname="CLUSTER_INT_datachk" name="Check_CLUSTER_INT_dataset"/>
    <testcase time="0.0040000000000191" classname="CLUSTER_INT_datachk" name="Check_CLUSTER_INT_dataset"/>
    <testcase time="0.0040000000000191" classname="CLUSTER_INT_datachk" name="Check_CLUSTER_INT_dataset"/>
    <testcase time="0.293000000000006" classname="CLUSTER_INT_datachk" name="Check_CLUSTER_INT_dataset"/>
    <testcase time="0.0040000000000191" classname="CLUSTER_INT_datachk" name="Check_CLUSTER_INT_dataset"/>
    <testcase time="0.0040000000000191" classname="CLUSTER_INT_datachk" name="Check_CLUSTER_INT_dataset"/>
    <testcase time="0.00399999999990541" classname="CLUSTER_INT_datachk" name="Check_CLUSTER_INT_dataset"/>
    <testcase time="0.0040000000000191" classname="CLUSTER_INT_datachk" name="Check_CLUSTER_INT_dataset"/>
    <testcase time="0.00300000000004275" classname="CLUSTER_INT_datachk" name="Check_CLUSTER_INT_dataset"/>
    <testcase time="0.0040000000000191" classname="CLUSTER_INT_datachk" name="Check_CLUSTER_INT_dataset"/>
    <testcase time="0.00399999999990541" classname="CLUSTER_INT_datachk" name="Check_CLUSTER_INT_dataset"/>
    <testcase time="0.0040000000000191" classname="CLUSTER_INT_datachk" name="Check_CLUSTER_INT_dataset"/>
    <testcase time="0.562999999999988" classname="CLUSTER_INT_datachk" name="Check_CLUSTER_INT_dataset"/>
    <testcase time="0.00300000000004275" classname="CLUSTER_INT_datachk" name="Check_CLUSTER_INT_dataset"/>
    <testcase time="0.00599999999997181" classname="CLUSTER_INT_datachk" name="Check_CLUSTER_INT_dataset"/>
    <testcase time="0.0040000000000191" classname="CLUSTER_INT_datachk" name="Check_CLUSTER_INT_dataset"/>
    <testcase time="0.0040000000000191" classname="CLUSTER_INT_datachk" name="Check_CLUSTER_INT_dataset"/>
    <testcase time="0.0040000000000191" classname="CLUSTER_INT_datachk" name="Check_CLUSTER_INT_dataset"/>
    <testcase time="0.0040000000000191" classname="CLUSTER_INT_datachk" name="Check_CLUSTER_INT_dataset"/>
    <testcase time="0.293999999999983" classname="CLUSTER_INT_datachk" name="Check_CLUSTER_INT_dataset"/>
    <testcase time="0.00499999999999545" classname="CLUSTER_INT_datachk" name="Check_CLUSTER_INT_dataset"/>
    <testcase time="0.0040000000000191" classname="CLUSTER_INT_datachk" name="Check_CLUSTER_INT_dataset"/>
    <testcase time="0.00399999999990541" classname="CLUSTER_INT_datachk" name="Check_CLUSTER_INT_dataset"/>
    <testcase time="0.0040000000000191" classname="CLUSTER_INT_datachk" name="Check_CLUSTER_INT_dataset"/>
    <testcase time="0.0040000000000191" classname="CLUSTER_INT_datachk" name="Check_CLUSTER_INT_dataset"/>
    <testcase time="0.0040000000000191" classname="CLUSTER_INT_datachk" name="Check_CLUSTER_INT_dataset"/>
    <testcase time="0.00499999999999545" classname="CLUSTER_INT_datachk" name="Check_CLUSTER_INT_dataset"/>
    <testcase time="0.00499999999999545" classname="CLUSTER_INT_datachk" name="Check_CLUSTER_INT_dataset"/>
    <testcase time="0.552000000000021" classname="CLUSTER_INT_datachk" name="Check_CLUSTER_INT_dataset"/>
    <testcase time="0.0040000000000191" classname="CLUSTER_INT_datachk" name="Check_CLUSTER_INT_dataset"/>
    <testcase time="0.00499999999999545" classname="CLUSTER_INT_datachk" name="Check_CLUSTER_INT_dataset"/>
    <testcase time="0.00499999999999545" classname="CLUSTER_INT_datachk" name="Check_CLUSTER_INT_dataset"/>
    <testcase time="0.00499999999999545" classname="CLUSTER_INT_datachk" name="Check_CLUSTER_INT_dataset"/>
    <testcase time="0.0040000000000191" classname="CLUSTER_INT_datachk" name="Check_CLUSTER_INT_dataset"/>
    <testcase time="0.00499999999999545" classname="CLUSTER_INT_datachk" name="Check_CLUSTER_INT_dataset"/>
    <testcase time="0.289999999999964" classname="CLUSTER_INT_datachk" name="Check_CLUSTER_INT_dataset"/>
    <testcase time="0.00499999999999545" classname="CLUSTER_INT_datachk" name="Check_CLUSTER_INT_dataset"/>
    <testcase time="0.00499999999999545" classname="CLUSTER_INT_datachk" name="Check_CLUSTER_INT_dataset"/>
    <testcase time="0.0040000000000191" classname="CLUSTER_INT_datachk" name="Check_CLUSTER_INT_dataset"/>
    <testcase time="0.00499999999999545" classname="CLUSTER_INT_datachk" name="Check_CLUSTER_INT_dataset"/>
    <testcase time="0.00499999999999545" classname="CLUSTER_INT_datachk" name="Check_CLUSTER_INT_dataset"/>
    <testcase time="0.0040000000000191" classname="CLUSTER_INT_datachk" name="Check_CLUSTER_INT_dataset"/>
    <testcase time="0.00499999999999545" classname="CLUSTER_INT_datachk" name="Check_CLUSTER_INT_dataset"/>
    <testcase time="0.00499999999999545" classname="CLUSTER_INT_datachk" name="Check_CLUSTER_INT_dataset"/>
    <testcase time="0.561000000000035" classname="CLUSTER_INT_datachk" name="Check_CLUSTER_INT_dataset"/>
    <testcase time="0.00499999999999545" classname="CLUSTER_INT_datachk" name="Check_CLUSTER_INT_dataset"/>
    <testcase time="0.00499999999999545" classname="CLUSTER_INT_datachk" name="Check_CLUSTER_INT_dataset"/>
    <testcase time="0.00499999999999545" classname="CLUSTER_INT_datachk" name="Check_CLUSTER_INT_dataset"/>
    <testcase time="0.00499999999999545" classname="CLUSTER_INT_datachk" name="Check_CLUSTER_INT_dataset"/>
    <testcase time="0.0040000000000191" classname="CLUSTER_INT_datachk" name="Check_CLUSTER_INT_dataset"/>
    <testcase time="0.00699999999994816" classname="CLUSTER_INT_datachk" name="Check_CLUSTER_INT_dataset"/>
    <testcase time="0.297000000000025" classname="CLUSTER_INT_datachk" name="Check_CLUSTER_INT_dataset"/>
    <testcase time="0.00499999999999545" classname="CLUSTER_INT_datachk" name="Check_CLUSTER_INT_dataset"/>
    <testcase time="0.00499999999999545" classname="CLUSTER_INT_datachk" name="Check_CLUSTER_INT_dataset"/>
    <testcase time="0.00499999999999545" classname="CLUSTER_INT_datachk" name="Check_CLUSTER_INT_dataset"/>
    <testcase time="0.0040000000000191" classname="CLUSTER_INT_datachk" name="Check_CLUSTER_INT_dataset"/>
    <testcase time="0.0040000000000191" classname="CLUSTER_INT_datachk" name="Check_CLUSTER_INT_dataset"/>
    <testcase time="0.00499999999999545" classname="CLUSTER_INT_datachk" name="Check_CLUSTER_INT_dataset"/>
    <testcase time="0.00499999999999545" classname="CLUSTER_INT_datachk" name="Check_CLUSTER_INT_dataset"/>
    <testcase time="0.00499999999999545" classname="CLUSTER_INT_datachk" name="Check_CLUSTER_INT_dataset"/>
    <testcase time="0.649999999999977" classname="CLUSTER_INT_datachk" name="Check_CLUSTER_INT_dataset"/>
    <testcase time="0.00499999999999545" classname="CLUSTER_INT_datachk" name="Check_CLUSTER_INT_dataset"/>
    <testcase time="0.00499999999999545" classname="CLUSTER_INT_datachk" name="Check_CLUSTER_INT_dataset"/>
    <testcase time="0.00600000000008549" classname="CLUSTER_INT_datachk" name="Check_CLUSTER_INT_dataset"/>
    <testcase time="0.266999999999939" classname="CLUSTER_INT_datachk" name="Check_CLUSTER_INT_dataset"/>
    <testcase time="0.00499999999999545" classname="CLUSTER_INT_datachk" name="Check_CLUSTER_INT_dataset"/>
    <testcase time="0.00499999999999545" classname="CLUSTER_INT_datachk" name="Check_CLUSTER_INT_dataset"/>
    <testcase time="0.283000000000015" classname="CLUSTER_INT_datachk" name="Check_CLUSTER_INT_dataset"/>
    <testcase time="0.00499999999999545" classname="CLUSTER_INT_datachk" name="Check_CLUSTER_INT_dataset"/>
    <testcase time="0.00499999999999545" classname="CLUSTER_INT_datachk" name="Check_CLUSTER_INT_dataset"/>
    <testcase time="0.00499999999999545" classname="CLUSTER_INT_datachk" name="Check_CLUSTER_INT_dataset"/>
    <testcase time="0.00499999999999545" classname="CLUSTER_INT_datachk" name="Check_CLUSTER_INT_dataset"/>
    <testcase time="0.00499999999999545" classname="CLUSTER_INT_datachk" name="Check_CLUSTER_INT_dataset"/>
    <testcase time="0.00600000000008549" classname="CLUSTER_INT_datachk" name="Check_CLUSTER_INT_dataset"/>
    <testcase time="0.00499999999999545" classname="CLUSTER_INT_datachk" name="Check_CLUSTER_INT_dataset"/>
    <testcase time="0.00499999999999545" classname="CLUSTER_INT_datachk" name="Check_CLUSTER_INT_dataset"/>
  </testsuite>
  <testsuite name="CLUSTER_INT::datachk::shutdown" timestamp="2020-03-24T20:08:57Z" hostname="fv-az32" tests="3" skipped="0" failures="0" errors="0" time="0.289">
    <testcase time="0.286999999999921" classname="CLUSTER_INT_datachk_shutdown" name="shutdown"/>
    <testcase time="0.00100000000009004" classname="CLUSTER_INT_datachk_shutdown" name="shutdown"/>
    <testcase time="0.000999999999976353" classname="CLUSTER_INT_datachk_shutdown" name="shutdown"/>
  </testsuite>
  <testsuite name="CLUSTER_INT::datachk::done" timestamp="2020-03-24T20:08:58Z" hostname="fv-az32" tests="0" skipped="0" failures="0" errors="0" time="0"/>
  <testsuite name="CLUSTER_SLO::datachk::setup" timestamp="2020-03-24T20:08:58Z" hostname="fv-az32" tests="3" skipped="0" failures="0" errors="0" time="6.214">
    <testcase time="6.21100000000001" classname="CLUSTER_SLO_datachk_setup" name="setup"/>
    <testcase time="0.000999999999976353" classname="CLUSTER_SLO_datachk_setup" name="setup"/>
    <testcase time="0.00199999999995271" classname="CLUSTER_SLO_datachk_setup" name="setup"/>
  </testsuite>
  <testsuite name="CLUSTER_SLO::datachk" timestamp="2020-03-24T20:09:04Z" hostname="fv-az32" tests="230" skipped="0" failures="0" errors="0" time="13.799">
    <testcase time="0.547000000000025" classname="CLUSTER_SLO_datachk" name="Check_CLUSTER_SLO_dataset"/>
    <testcase time="0.00199999999995271" classname="CLUSTER_SLO_datachk" name="Check_CLUSTER_SLO_dataset"/>
    <testcase time="0.00200000000006639" classname="CLUSTER_SLO_datachk" name="Check_CLUSTER_SLO_dataset"/>
    <testcase time="0.000999999999976353" classname="CLUSTER_SLO_datachk" name="Check_CLUSTER_SLO_dataset"/>
    <testcase time="0.000999999999976353" classname="CLUSTER_SLO_datachk" name="Check_CLUSTER_SLO_dataset"/>
    <testcase time="0.00200000000006639" classname="CLUSTER_SLO_datachk" name="Check_CLUSTER_SLO_dataset"/>
    <testcase time="0.000999999999976353" classname="CLUSTER_SLO_datachk" name="Check_CLUSTER_SLO_dataset"/>
    <testcase time="0.277000000000044" classname="CLUSTER_SLO_datachk" name="Check_CLUSTER_SLO_dataset"/>
    <testcase time="0.00199999999995271" classname="CLUSTER_SLO_datachk" name="Check_CLUSTER_SLO_dataset"/>
    <testcase time="0.000999999999976353" classname="CLUSTER_SLO_datachk" name="Check_CLUSTER_SLO_dataset"/>
    <testcase time="0.00200000000006639" classname="CLUSTER_SLO_datachk" name="Check_CLUSTER_SLO_dataset"/>
    <testcase time="0.000999999999976353" classname="CLUSTER_SLO_datachk" name="Check_CLUSTER_SLO_dataset"/>
    <testcase time="0.00199999999995271" classname="CLUSTER_SLO_datachk" name="Check_CLUSTER_SLO_dataset"/>
    <testcase time="0.000999999999976353" classname="CLUSTER_SLO_datachk" name="Check_CLUSTER_SLO_dataset"/>
    <testcase time="0.00200000000006639" classname="CLUSTER_SLO_datachk" name="Check_CLUSTER_SLO_dataset"/>
    <testcase time="1.27099999999996" classname="CLUSTER_SLO_datachk" name="Check_CLUSTER_SLO_dataset"/>
    <testcase time="0.00200000000006639" classname="CLUSTER_SLO_datachk" name="Check_CLUSTER_SLO_dataset"/>
    <testcase time="0.00199999999995271" classname="CLUSTER_SLO_datachk" name="Check_CLUSTER_SLO_dataset"/>
    <testcase time="0.000999999999976353" classname="CLUSTER_SLO_datachk" name="Check_CLUSTER_SLO_dataset"/>
    <testcase time="0.00200000000006639" classname="CLUSTER_SLO_datachk" name="Check_CLUSTER_SLO_dataset"/>
    <testcase time="0.00199999999995271" classname="CLUSTER_SLO_datachk" name="Check_CLUSTER_SLO_dataset"/>
    <testcase time="0.000999999999976353" classname="CLUSTER_SLO_datachk" name="Check_CLUSTER_SLO_dataset"/>
    <testcase time="0.543999999999983" classname="CLUSTER_SLO_datachk" name="Check_CLUSTER_SLO_dataset"/>
    <testcase time="0.00200000000006639" classname="CLUSTER_SLO_datachk" name="Check_CLUSTER_SLO_dataset"/>
    <testcase time="0.00199999999995271" classname="CLUSTER_SLO_datachk" name="Check_CLUSTER_SLO_dataset"/>
    <testcase time="0.000999999999976353" classname="CLUSTER_SLO_datachk" name="Check_CLUSTER_SLO_dataset"/>
    <testcase time="0.00200000000006639" classname="CLUSTER_SLO_datachk" name="Check_CLUSTER_SLO_dataset"/>
    <testcase time="0.00199999999995271" classname="CLUSTER_SLO_datachk" name="Check_CLUSTER_SLO_dataset"/>
    <testcase time="0.00200000000006639" classname="CLUSTER_SLO_datachk" name="Check_CLUSTER_SLO_dataset"/>
    <testcase time="0.285999999999945" classname="CLUSTER_SLO_datachk" name="Check_CLUSTER_SLO_dataset"/>
    <testcase time="0.00200000000006639" classname="CLUSTER_SLO_datachk" name="Check_CLUSTER_SLO_dataset"/>
    <testcase time="0.00199999999995271" classname="CLUSTER_SLO_datachk" name="Check_CLUSTER_SLO_dataset"/>
    <testcase time="0.00199999999995271" classname="CLUSTER_SLO_datachk" name="Check_CLUSTER_SLO_dataset"/>
    <testcase time="0.00200000000006639" classname="CLUSTER_SLO_datachk" name="Check_CLUSTER_SLO_dataset"/>
    <testcase time="0.00300000000004275" classname="CLUSTER_SLO_datachk" name="Check_CLUSTER_SLO_dataset"/>
    <testcase time="0.00199999999995271" classname="CLUSTER_SLO_datachk" name="Check_CLUSTER_SLO_dataset"/>
    <testcase time="0.00199999999995271" classname="CLUSTER_SLO_datachk" name="Check_CLUSTER_SLO_dataset"/>
    <testcase time="0.00200000000006639" classname="CLUSTER_SLO_datachk" name="Check_CLUSTER_SLO_dataset"/>
    <testcase time="0.547000000000025" classname="CLUSTER_SLO_datachk" name="Check_CLUSTER_SLO_dataset"/>
    <testcase time="0.00299999999992906" classname="CLUSTER_SLO_datachk" name="Check_CLUSTER_SLO_dataset"/>
    <testcase time="0.00200000000006639" classname="CLUSTER_SLO_datachk" name="Check_CLUSTER_SLO_dataset"/>
    <testcase time="0.00199999999995271" classname="CLUSTER_SLO_datachk" name="Check_CLUSTER_SLO_dataset"/>
    <testcase time="0.00199999999995271" classname="CLUSTER_SLO_datachk" name="Check_CLUSTER_SLO_dataset"/>
    <testcase time="0.00200000000006639" classname="CLUSTER_SLO_datachk" name="Check_CLUSTER_SLO_dataset"/>
    <testcase time="0.00199999999995271" classname="CLUSTER_SLO_datachk" name="Check_CLUSTER_SLO_dataset"/>
    <testcase time="0.271000000000072" classname="CLUSTER_SLO_datachk" name="Check_CLUSTER_SLO_dataset"/>
    <testcase time="0.00199999999995271" classname="CLUSTER_SLO_datachk" name="Check_CLUSTER_SLO_dataset"/>
    <testcase time="0.00199999999995271" classname="CLUSTER_SLO_datachk" name="Check_CLUSTER_SLO_dataset"/>
    <testcase time="0.00200000000006639" classname="CLUSTER_SLO_datachk" name="Check_CLUSTER_SLO_dataset"/>
    <testcase time="0.00299999999992906" classname="CLUSTER_SLO_datachk" name="Check_CLUSTER_SLO_dataset"/>
    <testcase time="0.00200000000006639" classname="CLUSTER_SLO_datachk" name="Check_CLUSTER_SLO_dataset"/>
    <testcase time="0.00199999999995271" classname="CLUSTER_SLO_datachk" name="Check_CLUSTER_SLO_dataset"/>
    <testcase time="0.00200000000006639" classname="CLUSTER_SLO_datachk" name="Check_CLUSTER_SLO_dataset"/>
    <testcase time="0.00199999999995271" classname="CLUSTER_SLO_datachk" name="Check_CLUSTER_SLO_dataset"/>
    <testcase time="0.579000000000065" classname="CLUSTER_SLO_datachk" name="Check_CLUSTER_SLO_dataset"/>
    <testcase time="0.00299999999992906" classname="CLUSTER_SLO_datachk" name="Check_CLUSTER_SLO_dataset"/>
    <testcase time="0.00200000000006639" classname="CLUSTER_SLO_datachk" name="Check_CLUSTER_SLO_dataset"/>
    <testcase time="0.00199999999995271" classname="CLUSTER_SLO_datachk" name="Check_CLUSTER_SLO_dataset"/>
    <testcase time="0.00199999999995271" classname="CLUSTER_SLO_datachk" name="Check_CLUSTER_SLO_dataset"/>
    <testcase time="0.00300000000004275" classname="CLUSTER_SLO_datachk" name="Check_CLUSTER_SLO_dataset"/>
    <testcase time="0.00199999999995271" classname="CLUSTER_SLO_datachk" name="Check_CLUSTER_SLO_dataset"/>
    <testcase time="0.27900000000011" classname="CLUSTER_SLO_datachk" name="Check_CLUSTER_SLO_dataset"/>
    <testcase time="0.00199999999995271" classname="CLUSTER_SLO_datachk" name="Check_CLUSTER_SLO_dataset"/>
    <testcase time="0.00300000000004275" classname="CLUSTER_SLO_datachk" name="Check_CLUSTER_SLO_dataset"/>
    <testcase time="0.00199999999995271" classname="CLUSTER_SLO_datachk" name="Check_CLUSTER_SLO_dataset"/>
    <testcase time="0.00300000000004275" classname="CLUSTER_SLO_datachk" name="Check_CLUSTER_SLO_dataset"/>
    <testcase time="0.00199999999995271" classname="CLUSTER_SLO_datachk" name="Check_CLUSTER_SLO_dataset"/>
    <testcase time="0.00300000000004275" classname="CLUSTER_SLO_datachk" name="Check_CLUSTER_SLO_dataset"/>
    <testcase time="0.00199999999995271" classname="CLUSTER_SLO_datachk" name="Check_CLUSTER_SLO_dataset"/>
    <testcase time="0.00300000000004275" classname="CLUSTER_SLO_datachk" name="Check_CLUSTER_SLO_dataset"/>
    <testcase time="0.558999999999969" classname="CLUSTER_SLO_datachk" name="Check_CLUSTER_SLO_dataset"/>
    <testcase time="0.00199999999995271" classname="CLUSTER_SLO_datachk" name="Check_CLUSTER_SLO_dataset"/>
    <testcase time="0.00300000000004275" classname="CLUSTER_SLO_datachk" name="Check_CLUSTER_SLO_dataset"/>
    <testcase time="0.00300000000004275" classname="CLUSTER_SLO_datachk" name="Check_CLUSTER_SLO_dataset"/>
    <testcase time="0.00299999999992906" classname="CLUSTER_SLO_datachk" name="Check_CLUSTER_SLO_dataset"/>
    <testcase time="0.00200000000006639" classname="CLUSTER_SLO_datachk" name="Check_CLUSTER_SLO_dataset"/>
    <testcase time="0.00399999999990541" classname="CLUSTER_SLO_datachk" name="Check_CLUSTER_SLO_dataset"/>
    <testcase time="0.280000000000086" classname="CLUSTER_SLO_datachk" name="Check_CLUSTER_SLO_dataset"/>
    <testcase time="0.0119999999999436" classname="CLUSTER_SLO_datachk" name="Check_CLUSTER_SLO_dataset"/>
    <testcase time="0.00300000000004275" classname="CLUSTER_SLO_datachk" name="Check_CLUSTER_SLO_dataset"/>
    <testcase time="0.00299999999992906" classname="CLUSTER_SLO_datachk" name="Check_CLUSTER_SLO_dataset"/>
    <testcase time="0.00200000000006639" classname="CLUSTER_SLO_datachk" name="Check_CLUSTER_SLO_dataset"/>
    <testcase time="0.00300000000004275" classname="CLUSTER_SLO_datachk" name="Check_CLUSTER_SLO_dataset"/>
    <testcase time="0.00199999999995271" classname="CLUSTER_SLO_datachk" name="Check_CLUSTER_SLO_dataset"/>
    <testcase time="0.00300000000004275" classname="CLUSTER_SLO_datachk" name="Check_CLUSTER_SLO_dataset"/>
    <testcase time="0.00199999999995271" classname="CLUSTER_SLO_datachk" name="Check_CLUSTER_SLO_dataset"/>
    <testcase time="0.552000000000021" classname="CLUSTER_SLO_datachk" name="Check_CLUSTER_SLO_dataset"/>
    <testcase time="0.00299999999992906" classname="CLUSTER_SLO_datachk" name="Check_CLUSTER_SLO_dataset"/>
    <testcase time="0.00300000000004275" classname="CLUSTER_SLO_datachk" name="Check_CLUSTER_SLO_dataset"/>
    <testcase time="0.00300000000004275" classname="CLUSTER_SLO_datachk" name="Check_CLUSTER_SLO_dataset"/>
    <testcase time="0.00299999999992906" classname="CLUSTER_SLO_datachk" name="Check_CLUSTER_SLO_dataset"/>
    <testcase time="0.00300000000004275" classname="CLUSTER_SLO_datachk" name="Check_CLUSTER_SLO_dataset"/>
    <testcase time="0.00199999999995271" classname="CLUSTER_SLO_datachk" name="Check_CLUSTER_SLO_dataset"/>
    <testcase time="0.280000000000086" classname="CLUSTER_SLO_datachk" name="Check_CLUSTER_SLO_dataset"/>
    <testcase time="0.00299999999992906" classname="CLUSTER_SLO_datachk" name="Check_CLUSTER_SLO_dataset"/>
    <testcase time="0.00300000000004275" classname="CLUSTER_SLO_datachk" name="Check_CLUSTER_SLO_dataset"/>
    <testcase time="0.00299999999992906" classname="CLUSTER_SLO_datachk" name="Check_CLUSTER_SLO_dataset"/>
    <testcase time="0.00300000000004275" classname="CLUSTER_SLO_datachk" name="Check_CLUSTER_SLO_dataset"/>
    <testcase time="0.00300000000004275" classname="CLUSTER_SLO_datachk" name="Check_CLUSTER_SLO_dataset"/>
    <testcase time="0.00299999999992906" classname="CLUSTER_SLO_datachk" name="Check_CLUSTER_SLO_dataset"/>
    <testcase time="0.00300000000004275" classname="CLUSTER_SLO_datachk" name="Check_CLUSTER_SLO_dataset"/>
    <testcase time="0.0040000000000191" classname="CLUSTER_SLO_datachk" name="Check_CLUSTER_SLO_dataset"/>
    <testcase time="0.58299999999997" classname="CLUSTER_SLO_datachk" name="Check_CLUSTER_SLO_dataset"/>
    <testcase time="0.00300000000004275" classname="CLUSTER_SLO_datachk" name="Check_CLUSTER_SLO_dataset"/>
    <testcase time="0.00299999999992906" classname="CLUSTER_SLO_datachk" name="Check_CLUSTER_SLO_dataset"/>
    <testcase time="0.00300000000004275" classname="CLUSTER_SLO_datachk" name="Check_CLUSTER_SLO_dataset"/>
    <testcase time="0.00300000000004275" classname="CLUSTER_SLO_datachk" name="Check_CLUSTER_SLO_dataset"/>
    <testcase time="0.00399999999990541" classname="CLUSTER_SLO_datachk" name="Check_CLUSTER_SLO_dataset"/>
    <testcase time="0.00300000000004275" classname="CLUSTER_SLO_datachk" name="Check_CLUSTER_SLO_dataset"/>
    <testcase time="0.282000000000039" classname="CLUSTER_SLO_datachk" name="Check_CLUSTER_SLO_dataset"/>
    <testcase time="0.00299999999992906" classname="CLUSTER_SLO_datachk" name="Check_CLUSTER_SLO_dataset"/>
    <testcase time="0.00300000000004275" classname="CLUSTER_SLO_datachk" name="Check_CLUSTER_SLO_dataset"/>
    <testcase time="0.00299999999992906" classname="CLUSTER_SLO_datachk" name="Check_CLUSTER_SLO_dataset"/>
    <testcase time="0.0040000000000191" classname="CLUSTER_SLO_datachk" name="Check_CLUSTER_SLO_dataset"/>
    <testcase time="0.00300000000004275" classname="CLUSTER_SLO_datachk" name="Check_CLUSTER_SLO_dataset"/>
    <testcase time="0.00300000000004275" classname="CLUSTER_SLO_datachk" name="Check_CLUSTER_SLO_dataset"/>
    <testcase time="0.00299999999992906" classname="CLUSTER_SLO_datachk" name="Check_CLUSTER_SLO_dataset"/>
    <testcase time="0.00499999999999545" classname="CLUSTER_SLO_datachk" name="Check_CLUSTER_SLO_dataset"/>
    <testcase time="0.561000000000035" classname="CLUSTER_SLO_datachk" name="Check_CLUSTER_SLO_dataset"/>
    <testcase time="0.00300000000004275" classname="CLUSTER_SLO_datachk" name="Check_CLUSTER_SLO_dataset"/>
    <testcase time="0.00299999999992906" classname="CLUSTER_SLO_datachk" name="Check_CLUSTER_SLO_dataset"/>
    <testcase time="0.00300000000004275" classname="CLUSTER_SLO_datachk" name="Check_CLUSTER_SLO_dataset"/>
    <testcase time="0.00299999999992906" classname="CLUSTER_SLO_datachk" name="Check_CLUSTER_SLO_dataset"/>
    <testcase time="0.00300000000004275" classname="CLUSTER_SLO_datachk" name="Check_CLUSTER_SLO_dataset"/>
    <testcase time="0.0040000000000191" classname="CLUSTER_SLO_datachk" name="Check_CLUSTER_SLO_dataset"/>
    <testcase time="0.27699999999993" classname="CLUSTER_SLO_datachk" name="Check_CLUSTER_SLO_dataset"/>
    <testcase time="0.0040000000000191" classname="CLUSTER_SLO_datachk" name="Check_CLUSTER_SLO_dataset"/>
    <testcase time="0.00300000000004275" classname="CLUSTER_SLO_datachk" name="Check_CLUSTER_SLO_dataset"/>
    <testcase time="0.0040000000000191" classname="CLUSTER_SLO_datachk" name="Check_CLUSTER_SLO_dataset"/>
    <testcase time="0.00299999999992906" classname="CLUSTER_SLO_datachk" name="Check_CLUSTER_SLO_dataset"/>
    <testcase time="0.0040000000000191" classname="CLUSTER_SLO_datachk" name="Check_CLUSTER_SLO_dataset"/>
    <testcase time="0.00300000000004275" classname="CLUSTER_SLO_datachk" name="Check_CLUSTER_SLO_dataset"/>
    <testcase time="0.0040000000000191" classname="CLUSTER_SLO_datachk" name="Check_CLUSTER_SLO_dataset"/>
    <testcase time="0.00299999999992906" classname="CLUSTER_SLO_datachk" name="Check_CLUSTER_SLO_dataset"/>
    <testcase time="0.552999999999997" classname="CLUSTER_SLO_datachk" name="Check_CLUSTER_SLO_dataset"/>
    <testcase time="0.0040000000000191" classname="CLUSTER_SLO_datachk" name="Check_CLUSTER_SLO_dataset"/>
    <testcase time="0.0040000000000191" classname="CLUSTER_SLO_datachk" name="Check_CLUSTER_SLO_dataset"/>
    <testcase time="0.0130000000000337" classname="CLUSTER_SLO_datachk" name="Check_CLUSTER_SLO_dataset"/>
    <testcase time="0.0040000000000191" classname="CLUSTER_SLO_datachk" name="Check_CLUSTER_SLO_dataset"/>
    <testcase time="0.00399999999990541" classname="CLUSTER_SLO_datachk" name="Check_CLUSTER_SLO_dataset"/>
    <testcase time="0.00300000000004275" classname="CLUSTER_SLO_datachk" name="Check_CLUSTER_SLO_dataset"/>
    <testcase time="0.278999999999996" classname="CLUSTER_SLO_datachk" name="Check_CLUSTER_SLO_dataset"/>
    <testcase time="0.00300000000004275" classname="CLUSTER_SLO_datachk" name="Check_CLUSTER_SLO_dataset"/>
    <testcase time="0.00399999999990541" classname="CLUSTER_SLO_datachk" name="Check_CLUSTER_SLO_dataset"/>
    <testcase time="0.0040000000000191" classname="CLUSTER_SLO_datachk" name="Check_CLUSTER_SLO_dataset"/>
    <testcase time="0.0040000000000191" classname="CLUSTER_SLO_datachk" name="Check_CLUSTER_SLO_dataset"/>
    <testcase time="0.00300000000004275" classname="CLUSTER_SLO_datachk" name="Check_CLUSTER_SLO_dataset"/>
    <testcase time="0.0040000000000191" classname="CLUSTER_SLO_datachk" name="Check_CLUSTER_SLO_dataset"/>
    <testcase time="0.00399999999990541" classname="CLUSTER_SLO_datachk" name="Check_CLUSTER_SLO_dataset"/>
    <testcase time="0.00300000000004275" classname="CLUSTER_SLO_datachk" name="Check_CLUSTER_SLO_dataset"/>
    <testcase time="0.548999999999978" classname="CLUSTER_SLO_datachk" name="Check_CLUSTER_SLO_dataset"/>
    <testcase time="0.0040000000000191" classname="CLUSTER_SLO_datachk" name="Check_CLUSTER_SLO_dataset"/>
    <testcase time="0.0040000000000191" classname="CLUSTER_SLO_datachk" name="Check_CLUSTER_SLO_dataset"/>
    <testcase time="0.0040000000000191" classname="CLUSTER_SLO_datachk" name="Check_CLUSTER_SLO_dataset"/>
    <testcase time="0.0040000000000191" classname="CLUSTER_SLO_datachk" name="Check_CLUSTER_SLO_dataset"/>
    <testcase time="0.01299999999992" classname="CLUSTER_SLO_datachk" name="Check_CLUSTER_SLO_dataset"/>
    <testcase time="0.0040000000000191" classname="CLUSTER_SLO_datachk" name="Check_CLUSTER_SLO_dataset"/>
    <testcase time="0.274000000000001" classname="CLUSTER_SLO_datachk" name="Check_CLUSTER_SLO_dataset"/>
    <testcase time="0.0040000000000191" classname="CLUSTER_SLO_datachk" name="Check_CLUSTER_SLO_dataset"/>
    <testcase time="0.0040000000000191" classname="CLUSTER_SLO_datachk" name="Check_CLUSTER_SLO_dataset"/>
    <testcase time="0.00299999999992906" classname="CLUSTER_SLO_datachk" name="Check_CLUSTER_SLO_dataset"/>
    <testcase time="0.0040000000000191" classname="CLUSTER_SLO_datachk" name="Check_CLUSTER_SLO_dataset"/>
    <testcase time="0.00599999999997181" classname="CLUSTER_SLO_datachk" name="Check_CLUSTER_SLO_dataset"/>
    <testcase time="0.00500000000010914" classname="CLUSTER_SLO_datachk" name="Check_CLUSTER_SLO_dataset"/>
    <testcase time="0.00399999999990541" classname="CLUSTER_SLO_datachk" name="Check_CLUSTER_SLO_dataset"/>
    <testcase time="0.0040000000000191" classname="CLUSTER_SLO_datachk" name="Check_CLUSTER_SLO_dataset"/>
    <testcase time="0.561000000000035" classname="CLUSTER_SLO_datachk" name="Check_CLUSTER_SLO_dataset"/>
    <testcase time="0.0040000000000191" classname="CLUSTER_SLO_datachk" name="Check_CLUSTER_SLO_dataset"/>
    <testcase time="0.00499999999999545" classname="CLUSTER_SLO_datachk" name="Check_CLUSTER_SLO_dataset"/>
    <testcase time="0.0040000000000191" classname="CLUSTER_SLO_datachk" name="Check_CLUSTER_SLO_dataset"/>
    <testcase time="0.00399999999990541" classname="CLUSTER_SLO_datachk" name="Check_CLUSTER_SLO_dataset"/>
    <testcase time="0.0160000000000764" classname="CLUSTER_SLO_datachk" name="Check_CLUSTER_SLO_dataset"/>
    <testcase time="0.0040000000000191" classname="CLUSTER_SLO_datachk" name="Check_CLUSTER_SLO_dataset"/>
    <testcase time="0.279999999999973" classname="CLUSTER_SLO_datachk" name="Check_CLUSTER_SLO_dataset"/>
    <testcase time="0.00499999999999545" classname="CLUSTER_SLO_datachk" name="Check_CLUSTER_SLO_dataset"/>
    <testcase time="0.00499999999999545" classname="CLUSTER_SLO_datachk" name="Check_CLUSTER_SLO_dataset"/>
    <testcase time="0.0040000000000191" classname="CLUSTER_SLO_datachk" name="Check_CLUSTER_SLO_dataset"/>
    <testcase time="0.00499999999999545" classname="CLUSTER_SLO_datachk" name="Check_CLUSTER_SLO_dataset"/>
    <testcase time="0.0040000000000191" classname="CLUSTER_SLO_datachk" name="Check_CLUSTER_SLO_dataset"/>
    <testcase time="0.00499999999999545" classname="CLUSTER_SLO_datachk" name="Check_CLUSTER_SLO_dataset"/>
    <testcase time="0.00399999999990541" classname="CLUSTER_SLO_datachk" name="Check_CLUSTER_SLO_dataset"/>
    <testcase time="0.00500000000010914" classname="CLUSTER_SLO_datachk" name="Check_CLUSTER_SLO_dataset"/>
    <testcase time="0.552999999999997" classname="CLUSTER_SLO_datachk" name="Check_CLUSTER_SLO_dataset"/>
    <testcase time="0.00499999999999545" classname="CLUSTER_SLO_datachk" name="Check_CLUSTER_SLO_dataset"/>
    <testcase time="0.00399999999990541" classname="CLUSTER_SLO_datachk" name="Check_CLUSTER_SLO_dataset"/>
    <testcase time="0.00499999999999545" classname="CLUSTER_SLO_datachk" name="Check_CLUSTER_SLO_dataset"/>
    <testcase time="0.0160000000000764" classname="CLUSTER_SLO_datachk" name="Check_CLUSTER_SLO_dataset"/>
    <testcase time="0.0040000000000191" classname="CLUSTER_SLO_datachk" name="Check_CLUSTER_SLO_dataset"/>
    <testcase time="0.00499999999999545" classname="CLUSTER_SLO_datachk" name="Check_CLUSTER_SLO_dataset"/>
    <testcase time="0.363999999999919" classname="CLUSTER_SLO_datachk" name="Check_CLUSTER_SLO_dataset"/>
    <testcase time="0.0040000000000191" classname="CLUSTER_SLO_datachk" name="Check_CLUSTER_SLO_dataset"/>
    <testcase time="0.00599999999997181" classname="CLUSTER_SLO_datachk" name="Check_CLUSTER_SLO_dataset"/>
    <testcase time="0.0040000000000191" classname="CLUSTER_SLO_datachk" name="Check_CLUSTER_SLO_dataset"/>
    <testcase time="0.00499999999999545" classname="CLUSTER_SLO_datachk" name="Check_CLUSTER_SLO_dataset"/>
    <testcase time="0.0040000000000191" classname="CLUSTER_SLO_datachk" name="Check_CLUSTER_SLO_dataset"/>
    <testcase time="0.00499999999999545" classname="CLUSTER_SLO_datachk" name="Check_CLUSTER_SLO_dataset"/>
    <testcase time="0.0040000000000191" classname="CLUSTER_SLO_datachk" name="Check_CLUSTER_SLO_dataset"/>
    <testcase time="0.00499999999999545" classname="CLUSTER_SLO_datachk" name="Check_CLUSTER_SLO_dataset"/>
    <testcase time="0.560000000000059" classname="CLUSTER_SLO_datachk" name="Check_CLUSTER_SLO_dataset"/>
    <testcase time="0.0149999999999864" classname="CLUSTER_SLO_datachk" name="Check_CLUSTER_SLO_dataset"/>
    <testcase time="0.00499999999999545" classname="CLUSTER_SLO_datachk" name="Check_CLUSTER_SLO_dataset"/>
    <testcase time="0.0040000000000191" classname="CLUSTER_SLO_datachk" name="Check_CLUSTER_SLO_dataset"/>
    <testcase time="0.00399999999990541" classname="CLUSTER_SLO_datachk" name="Check_CLUSTER_SLO_dataset"/>
    <testcase time="0.0040000000000191" classname="CLUSTER_SLO_datachk" name="Check_CLUSTER_SLO_dataset"/>
    <testcase time="0.0040000000000191" classname="CLUSTER_SLO_datachk" name="Check_CLUSTER_SLO_dataset"/>
    <testcase time="0.283000000000015" classname="CLUSTER_SLO_datachk" name="Check_CLUSTER_SLO_dataset"/>
    <testcase time="0.00499999999999545" classname="CLUSTER_SLO_datachk" name="Check_CLUSTER_SLO_dataset"/>
    <testcase time="0.00499999999999545" classname="CLUSTER_SLO_datachk" name="Check_CLUSTER_SLO_dataset"/>
    <testcase time="0.00499999999999545" classname="CLUSTER_SLO_datachk" name="Check_CLUSTER_SLO_dataset"/>
    <testcase time="0.00499999999999545" classname="CLUSTER_SLO_datachk" name="Check_CLUSTER_SLO_dataset"/>
    <testcase time="0.00499999999999545" classname="CLUSTER_SLO_datachk" name="Check_CLUSTER_SLO_dataset"/>
    <testcase time="0.00499999999999545" classname="CLUSTER_SLO_datachk" name="Check_CLUSTER_SLO_dataset"/>
    <testcase time="0.0040000000000191" classname="CLUSTER_SLO_datachk" name="Check_CLUSTER_SLO_dataset"/>
    <testcase time="0.00599999999997181" classname="CLUSTER_SLO_datachk" name="Check_CLUSTER_SLO_dataset"/>
    <testcase time="0.552999999999997" classname="CLUSTER_SLO_datachk" name="Check_CLUSTER_SLO_dataset"/>
    <testcase time="0.0040000000000191" classname="CLUSTER_SLO_datachk" name="Check_CLUSTER_SLO_dataset"/>
    <testcase time="0.0040000000000191" classname="CLUSTER_SLO_datachk" name="Check_CLUSTER_SLO_dataset"/>
    <testcase time="0.00499999999999545" classname="CLUSTER_SLO_datachk" name="Check_CLUSTER_SLO_dataset"/>
    <testcase time="0.0040000000000191" classname="CLUSTER_SLO_datachk" name="Check_CLUSTER_SLO_dataset"/>
    <testcase time="0.0040000000000191" classname="CLUSTER_SLO_datachk" name="Check_CLUSTER_SLO_dataset"/>
    <testcase time="0.00499999999999545" classname="CLUSTER_SLO_datachk" name="Check_CLUSTER_SLO_dataset"/>
    <testcase time="0.280999999999949" classname="CLUSTER_SLO_datachk" name="Check_CLUSTER_SLO_dataset"/>
    <testcase time="0.0040000000000191" classname="CLUSTER_SLO_datachk" name="Check_CLUSTER_SLO_dataset"/>
    <testcase time="0.00499999999999545" classname="CLUSTER_SLO_datachk" name="Check_CLUSTER_SLO_dataset"/>
    <testcase time="0.00499999999999545" classname="CLUSTER_SLO_datachk" name="Check_CLUSTER_SLO_dataset"/>
    <testcase time="0.00499999999999545" classname="CLUSTER_SLO_datachk" name="Check_CLUSTER_SLO_dataset"/>
    <testcase time="0.00499999999999545" classname="CLUSTER_SLO_datachk" name="Check_CLUSTER_SLO_dataset"/>
    <testcase time="0.00499999999999545" classname="CLUSTER_SLO_datachk" name="Check_CLUSTER_SLO_dataset"/>
    <testcase time="0.00499999999999545" classname="CLUSTER_SLO_datachk" name="Check_CLUSTER_SLO_dataset"/>
    <testcase time="0.0160000000000764" classname="CLUSTER_SLO_datachk" name="Check_CLUSTER_SLO_dataset"/>
  </testsuite>
  <testsuite name="CLUSTER_SLO::datachk::shutdown" timestamp="2020-03-24T20:09:18Z" hostname="fv-az32" tests="3" skipped="0" failures="0" errors="0" time="0.286">
    <testcase time="0.283000000000015" classname="CLUSTER_SLO_datachk_shutdown" name="shutdown"/>
    <testcase time="0.00199999999995271" classname="CLUSTER_SLO_datachk_shutdown" name="shutdown"/>
    <testcase time="0.000999999999976353" classname="CLUSTER_SLO_datachk_shutdown" name="shutdown"/>
  </testsuite>
  <testsuite name="CLUSTER_SLO::datachk::done" timestamp="2020-03-24T20:09:19Z" hostname="fv-az32" tests="0" skipped="0" failures="0" errors="0" time="0"/>
  <testsuite name="CNSIM::datachk::setup" timestamp="2020-03-24T20:09:19Z" hostname="fv-az32" tests="3" skipped="0" failures="0" errors="0" time="5.669">
    <testcase time="5.66600000000005" classname="CNSIM_datachk_setup" name="setup"/>
    <testcase time="0.00199999999995271" classname="CNSIM_datachk_setup" name="setup"/>
    <testcase time="0.000999999999976353" classname="CNSIM_datachk_setup" name="setup"/>
  </testsuite>
  <testsuite name="CNSIM::datachk" timestamp="2020-03-24T20:09:24Z" hostname="fv-az32" tests="198" skipped="0" failures="0" errors="0" time="11.867">
    <testcase time="0.549000000000092" classname="CNSIM_datachk" name="Check_CNSIM_dataset"/>
    <testcase time="0.00199999999995271" classname="CNSIM_datachk" name="Check_CNSIM_dataset"/>
    <testcase time="0.000999999999976353" classname="CNSIM_datachk" name="Check_CNSIM_dataset"/>
    <testcase time="0.000999999999976353" classname="CNSIM_datachk" name="Check_CNSIM_dataset"/>
    <testcase time="0.00200000000006639" classname="CNSIM_datachk" name="Check_CNSIM_dataset"/>
    <testcase time="0.000999999999976353" classname="CNSIM_datachk" name="Check_CNSIM_dataset"/>
    <testcase time="0.00199999999995271" classname="CNSIM_datachk" name="Check_CNSIM_dataset"/>
    <testcase time="0.27800000000002" classname="CNSIM_datachk" name="Check_CNSIM_dataset"/>
    <testcase time="0.00200000000006639" classname="CNSIM_datachk" name="Check_CNSIM_dataset"/>
    <testcase time="0.000999999999976353" classname="CNSIM_datachk" name="Check_CNSIM_dataset"/>
    <testcase time="0.00199999999995271" classname="CNSIM_datachk" name="Check_CNSIM_dataset"/>
    <testcase time="0.00200000000006639" classname="CNSIM_datachk" name="Check_CNSIM_dataset"/>
    <testcase time="0.000999999999976353" classname="CNSIM_datachk" name="Check_CNSIM_dataset"/>
    <testcase time="0.00199999999995271" classname="CNSIM_datachk" name="Check_CNSIM_dataset"/>
    <testcase time="0.00200000000006639" classname="CNSIM_datachk" name="Check_CNSIM_dataset"/>
    <testcase time="1.23199999999997" classname="CNSIM_datachk" name="Check_CNSIM_dataset"/>
    <testcase time="0.000999999999976353" classname="CNSIM_datachk" name="Check_CNSIM_dataset"/>
    <testcase time="0.00200000000006639" classname="CNSIM_datachk" name="Check_CNSIM_dataset"/>
    <testcase time="0.00199999999995271" classname="CNSIM_datachk" name="Check_CNSIM_dataset"/>
    <testcase time="0.00199999999995271" classname="CNSIM_datachk" name="Check_CNSIM_dataset"/>
    <testcase time="0.00200000000006639" classname="CNSIM_datachk" name="Check_CNSIM_dataset"/>
    <testcase time="0.00199999999995271" classname="CNSIM_datachk" name="Check_CNSIM_dataset"/>
    <testcase time="0.551000000000045" classname="CNSIM_datachk" name="Check_CNSIM_dataset"/>
    <testcase time="0.00199999999995271" classname="CNSIM_datachk" name="Check_CNSIM_dataset"/>
    <testcase time="0.00200000000006639" classname="CNSIM_datachk" name="Check_CNSIM_dataset"/>
    <testcase time="0.00199999999995271" classname="CNSIM_datachk" name="Check_CNSIM_dataset"/>
    <testcase time="0.00200000000006639" classname="CNSIM_datachk" name="Check_CNSIM_dataset"/>
    <testcase time="0.00199999999995271" classname="CNSIM_datachk" name="Check_CNSIM_dataset"/>
    <testcase time="0.00199999999995271" classname="CNSIM_datachk" name="Check_CNSIM_dataset"/>
    <testcase time="0.290000000000077" classname="CNSIM_datachk" name="Check_CNSIM_dataset"/>
    <testcase time="0.00199999999995271" classname="CNSIM_datachk" name="Check_CNSIM_dataset"/>
    <testcase time="0.00300000000004275" classname="CNSIM_datachk" name="Check_CNSIM_dataset"/>
    <testcase time="0.00199999999995271" classname="CNSIM_datachk" name="Check_CNSIM_dataset"/>
    <testcase time="0.00200000000006639" classname="CNSIM_datachk" name="Check_CNSIM_dataset"/>
    <testcase time="0.00999999999999091" classname="CNSIM_datachk" name="Check_CNSIM_dataset"/>
    <testcase time="0.00199999999995271" classname="CNSIM_datachk" name="Check_CNSIM_dataset"/>
    <testcase time="0.00199999999995271" classname="CNSIM_datachk" name="Check_CNSIM_dataset"/>
    <testcase time="0.00200000000006639" classname="CNSIM_datachk" name="Check_CNSIM_dataset"/>
    <testcase time="0.54200000000003" classname="CNSIM_datachk" name="Check_CNSIM_dataset"/>
    <testcase time="0.00199999999995271" classname="CNSIM_datachk" name="Check_CNSIM_dataset"/>
    <testcase time="0.00199999999995271" classname="CNSIM_datachk" name="Check_CNSIM_dataset"/>
    <testcase time="0.00200000000006639" classname="CNSIM_datachk" name="Check_CNSIM_dataset"/>
    <testcase time="0.000999999999976353" classname="CNSIM_datachk" name="Check_CNSIM_dataset"/>
    <testcase time="0.000999999999976353" classname="CNSIM_datachk" name="Check_CNSIM_dataset"/>
    <testcase time="0.00200000000006639" classname="CNSIM_datachk" name="Check_CNSIM_dataset"/>
    <testcase time="0.273000000000025" classname="CNSIM_datachk" name="Check_CNSIM_dataset"/>
    <testcase time="0.00199999999995271" classname="CNSIM_datachk" name="Check_CNSIM_dataset"/>
    <testcase time="0.00200000000006639" classname="CNSIM_datachk" name="Check_CNSIM_dataset"/>
    <testcase time="0.00199999999995271" classname="CNSIM_datachk" name="Check_CNSIM_dataset"/>
    <testcase time="0.00200000000006639" classname="CNSIM_datachk" name="Check_CNSIM_dataset"/>
    <testcase time="0.00199999999995271" classname="CNSIM_datachk" name="Check_CNSIM_dataset"/>
    <testcase time="0.00199999999995271" classname="CNSIM_datachk" name="Check_CNSIM_dataset"/>
    <testcase time="0.00200000000006639" classname="CNSIM_datachk" name="Check_CNSIM_dataset"/>
    <testcase time="0.00199999999995271" classname="CNSIM_datachk" name="Check_CNSIM_dataset"/>
    <testcase time="0.552999999999997" classname="CNSIM_datachk" name="Check_CNSIM_dataset"/>
    <testcase time="0.00300000000004275" classname="CNSIM_datachk" name="Check_CNSIM_dataset"/>
    <testcase time="0.00199999999995271" classname="CNSIM_datachk" name="Check_CNSIM_dataset"/>
    <testcase time="0.00300000000004275" classname="CNSIM_datachk" name="Check_CNSIM_dataset"/>
    <testcase time="0.00199999999995271" classname="CNSIM_datachk" name="Check_CNSIM_dataset"/>
    <testcase time="0.0110000000000809" classname="CNSIM_datachk" name="Check_CNSIM_dataset"/>
    <testcase time="0.00299999999992906" classname="CNSIM_datachk" name="Check_CNSIM_dataset"/>
    <testcase time="0.281000000000063" classname="CNSIM_datachk" name="Check_CNSIM_dataset"/>
    <testcase time="0.00299999999992906" classname="CNSIM_datachk" name="Check_CNSIM_dataset"/>
    <testcase time="0.00200000000006639" classname="CNSIM_datachk" name="Check_CNSIM_dataset"/>
    <testcase time="0.00299999999992906" classname="CNSIM_datachk" name="Check_CNSIM_dataset"/>
    <testcase time="0.00200000000006639" classname="CNSIM_datachk" name="Check_CNSIM_dataset"/>
    <testcase time="0.00299999999992906" classname="CNSIM_datachk" name="Check_CNSIM_dataset"/>
    <testcase time="0.0040000000000191" classname="CNSIM_datachk" name="Check_CNSIM_dataset"/>
    <testcase time="0.00200000000006639" classname="CNSIM_datachk" name="Check_CNSIM_dataset"/>
    <testcase time="0.00199999999995271" classname="CNSIM_datachk" name="Check_CNSIM_dataset"/>
    <testcase time="0.562999999999988" classname="CNSIM_datachk" name="Check_CNSIM_dataset"/>
    <testcase time="0.00300000000004275" classname="CNSIM_datachk" name="Check_CNSIM_dataset"/>
    <testcase time="0.00199999999995271" classname="CNSIM_datachk" name="Check_CNSIM_dataset"/>
    <testcase time="0.00199999999995271" classname="CNSIM_datachk" name="Check_CNSIM_dataset"/>
    <testcase time="0.00300000000004275" classname="CNSIM_datachk" name="Check_CNSIM_dataset"/>
    <testcase time="0.00299999999992906" classname="CNSIM_datachk" name="Check_CNSIM_dataset"/>
    <testcase time="0.00300000000004275" classname="CNSIM_datachk" name="Check_CNSIM_dataset"/>
    <testcase time="0.283999999999992" classname="CNSIM_datachk" name="Check_CNSIM_dataset"/>
    <testcase time="0.00300000000004275" classname="CNSIM_datachk" name="Check_CNSIM_dataset"/>
    <testcase time="0.00299999999992906" classname="CNSIM_datachk" name="Check_CNSIM_dataset"/>
    <testcase time="0.00300000000004275" classname="CNSIM_datachk" name="Check_CNSIM_dataset"/>
    <testcase time="0.00299999999992906" classname="CNSIM_datachk" name="Check_CNSIM_dataset"/>
    <testcase time="0.00300000000004275" classname="CNSIM_datachk" name="Check_CNSIM_dataset"/>
    <testcase time="0.00200000000006639" classname="CNSIM_datachk" name="Check_CNSIM_dataset"/>
    <testcase time="0.00299999999992906" classname="CNSIM_datachk" name="Check_CNSIM_dataset"/>
    <testcase time="0.00300000000004275" classname="CNSIM_datachk" name="Check_CNSIM_dataset"/>
    <testcase time="0.553999999999974" classname="CNSIM_datachk" name="Check_CNSIM_dataset"/>
    <testcase time="0.00300000000004275" classname="CNSIM_datachk" name="Check_CNSIM_dataset"/>
    <testcase time="0.00299999999992906" classname="CNSIM_datachk" name="Check_CNSIM_dataset"/>
    <testcase time="0.00300000000004275" classname="CNSIM_datachk" name="Check_CNSIM_dataset"/>
    <testcase time="0.00199999999995271" classname="CNSIM_datachk" name="Check_CNSIM_dataset"/>
    <testcase time="0.00300000000004275" classname="CNSIM_datachk" name="Check_CNSIM_dataset"/>
    <testcase time="0.00199999999995271" classname="CNSIM_datachk" name="Check_CNSIM_dataset"/>
    <testcase time="0.282000000000039" classname="CNSIM_datachk" name="Check_CNSIM_dataset"/>
    <testcase time="0.0040000000000191" classname="CNSIM_datachk" name="Check_CNSIM_dataset"/>
    <testcase time="0.00299999999992906" classname="CNSIM_datachk" name="Check_CNSIM_dataset"/>
    <testcase time="0.00200000000006639" classname="CNSIM_datachk" name="Check_CNSIM_dataset"/>
    <testcase time="0.00299999999992906" classname="CNSIM_datachk" name="Check_CNSIM_dataset"/>
    <testcase time="0.00300000000004275" classname="CNSIM_datachk" name="Check_CNSIM_dataset"/>
    <testcase time="0.00300000000004275" classname="CNSIM_datachk" name="Check_CNSIM_dataset"/>
    <testcase time="0.00299999999992906" classname="CNSIM_datachk" name="Check_CNSIM_dataset"/>
    <testcase time="0.00300000000004275" classname="CNSIM_datachk" name="Check_CNSIM_dataset"/>
    <testcase time="0.56899999999996" classname="CNSIM_datachk" name="Check_CNSIM_dataset"/>
    <testcase time="0.00300000000004275" classname="CNSIM_datachk" name="Check_CNSIM_dataset"/>
    <testcase time="0.00300000000004275" classname="CNSIM_datachk" name="Check_CNSIM_dataset"/>
    <testcase time="0.00299999999992906" classname="CNSIM_datachk" name="Check_CNSIM_dataset"/>
    <testcase time="0.00300000000004275" classname="CNSIM_datachk" name="Check_CNSIM_dataset"/>
    <testcase time="0.00299999999992906" classname="CNSIM_datachk" name="Check_CNSIM_dataset"/>
    <testcase time="0.00300000000004275" classname="CNSIM_datachk" name="Check_CNSIM_dataset"/>
    <testcase time="0.27800000000002" classname="CNSIM_datachk" name="Check_CNSIM_dataset"/>
    <testcase time="0.00300000000004275" classname="CNSIM_datachk" name="Check_CNSIM_dataset"/>
    <testcase time="0.00299999999992906" classname="CNSIM_datachk" name="Check_CNSIM_dataset"/>
    <testcase time="0.00300000000004275" classname="CNSIM_datachk" name="Check_CNSIM_dataset"/>
    <testcase time="0.00299999999992906" classname="CNSIM_datachk" name="Check_CNSIM_dataset"/>
    <testcase time="0.00299999999992906" classname="CNSIM_datachk" name="Check_CNSIM_dataset"/>
    <testcase time="0.00300000000004275" classname="CNSIM_datachk" name="Check_CNSIM_dataset"/>
    <testcase time="0.0040000000000191" classname="CNSIM_datachk" name="Check_CNSIM_dataset"/>
    <testcase time="0.00299999999992906" classname="CNSIM_datachk" name="Check_CNSIM_dataset"/>
    <testcase time="0.545000000000073" classname="CNSIM_datachk" name="Check_CNSIM_dataset"/>
    <testcase time="0.00299999999992906" classname="CNSIM_datachk" name="Check_CNSIM_dataset"/>
    <testcase time="0.00300000000004275" classname="CNSIM_datachk" name="Check_CNSIM_dataset"/>
    <testcase time="0.0040000000000191" classname="CNSIM_datachk" name="Check_CNSIM_dataset"/>
    <testcase time="0.00299999999992906" classname="CNSIM_datachk" name="Check_CNSIM_dataset"/>
    <testcase time="0.00300000000004275" classname="CNSIM_datachk" name="Check_CNSIM_dataset"/>
    <testcase time="0.0040000000000191" classname="CNSIM_datachk" name="Check_CNSIM_dataset"/>
    <testcase time="0.29099999999994" classname="CNSIM_datachk" name="Check_CNSIM_dataset"/>
    <testcase time="0.00300000000004275" classname="CNSIM_datachk" name="Check_CNSIM_dataset"/>
    <testcase time="0.0040000000000191" classname="CNSIM_datachk" name="Check_CNSIM_dataset"/>
    <testcase time="0.00299999999992906" classname="CNSIM_datachk" name="Check_CNSIM_dataset"/>
    <testcase time="0.00300000000004275" classname="CNSIM_datachk" name="Check_CNSIM_dataset"/>
    <testcase time="0.0040000000000191" classname="CNSIM_datachk" name="Check_CNSIM_dataset"/>
    <testcase time="0.00300000000004275" classname="CNSIM_datachk" name="Check_CNSIM_dataset"/>
    <testcase time="0.00399999999990541" classname="CNSIM_datachk" name="Check_CNSIM_dataset"/>
    <testcase time="0.0040000000000191" classname="CNSIM_datachk" name="Check_CNSIM_dataset"/>
    <testcase time="0.552999999999997" classname="CNSIM_datachk" name="Check_CNSIM_dataset"/>
    <testcase time="0.0040000000000191" classname="CNSIM_datachk" name="Check_CNSIM_dataset"/>
    <testcase time="0.00300000000004275" classname="CNSIM_datachk" name="Check_CNSIM_dataset"/>
    <testcase time="0.00399999999990541" classname="CNSIM_datachk" name="Check_CNSIM_dataset"/>
    <testcase time="0.0040000000000191" classname="CNSIM_datachk" name="Check_CNSIM_dataset"/>
    <testcase time="0.0040000000000191" classname="CNSIM_datachk" name="Check_CNSIM_dataset"/>
    <testcase time="0.0040000000000191" classname="CNSIM_datachk" name="Check_CNSIM_dataset"/>
    <testcase time="0.289999999999964" classname="CNSIM_datachk" name="Check_CNSIM_dataset"/>
    <testcase time="0.00300000000004275" classname="CNSIM_datachk" name="Check_CNSIM_dataset"/>
    <testcase time="0.0040000000000191" classname="CNSIM_datachk" name="Check_CNSIM_dataset"/>
    <testcase time="0.0040000000000191" classname="CNSIM_datachk" name="Check_CNSIM_dataset"/>
    <testcase time="0.00399999999990541" classname="CNSIM_datachk" name="Check_CNSIM_dataset"/>
    <testcase time="0.0040000000000191" classname="CNSIM_datachk" name="Check_CNSIM_dataset"/>
    <testcase time="0.00300000000004275" classname="CNSIM_datachk" name="Check_CNSIM_dataset"/>
    <testcase time="0.0040000000000191" classname="CNSIM_datachk" name="Check_CNSIM_dataset"/>
    <testcase time="0.0040000000000191" classname="CNSIM_datachk" name="Check_CNSIM_dataset"/>
    <testcase time="0.563999999999965" classname="CNSIM_datachk" name="Check_CNSIM_dataset"/>
    <testcase time="0.0040000000000191" classname="CNSIM_datachk" name="Check_CNSIM_dataset"/>
    <testcase time="0.00299999999992906" classname="CNSIM_datachk" name="Check_CNSIM_dataset"/>
    <testcase time="0.0040000000000191" classname="CNSIM_datachk" name="Check_CNSIM_dataset"/>
    <testcase time="0.00499999999999545" classname="CNSIM_datachk" name="Check_CNSIM_dataset"/>
    <testcase time="0.00499999999999545" classname="CNSIM_datachk" name="Check_CNSIM_dataset"/>
    <testcase time="0.00499999999999545" classname="CNSIM_datachk" name="Check_CNSIM_dataset"/>
    <testcase time="0.281000000000063" classname="CNSIM_datachk" name="Check_CNSIM_dataset"/>
    <testcase time="0.00499999999999545" classname="CNSIM_datachk" name="Check_CNSIM_dataset"/>
    <testcase time="0.0219999999999345" classname="CNSIM_datachk" name="Check_CNSIM_dataset"/>
    <testcase time="0.0040000000000191" classname="CNSIM_datachk" name="Check_CNSIM_dataset"/>
    <testcase time="0.0040000000000191" classname="CNSIM_datachk" name="Check_CNSIM_dataset"/>
    <testcase time="0.0040000000000191" classname="CNSIM_datachk" name="Check_CNSIM_dataset"/>
    <testcase time="0.00299999999992906" classname="CNSIM_datachk" name="Check_CNSIM_dataset"/>
    <testcase time="0.0040000000000191" classname="CNSIM_datachk" name="Check_CNSIM_dataset"/>
    <testcase time="0.0040000000000191" classname="CNSIM_datachk" name="Check_CNSIM_dataset"/>
    <testcase time="0.551000000000045" classname="CNSIM_datachk" name="Check_CNSIM_dataset"/>
    <testcase time="0.0040000000000191" classname="CNSIM_datachk" name="Check_CNSIM_dataset"/>
    <testcase time="0.00399999999990541" classname="CNSIM_datachk" name="Check_CNSIM_dataset"/>
    <testcase time="0.0040000000000191" classname="CNSIM_datachk" name="Check_CNSIM_dataset"/>
    <testcase time="0.00300000000004275" classname="CNSIM_datachk" name="Check_CNSIM_dataset"/>
    <testcase time="0.0040000000000191" classname="CNSIM_datachk" name="Check_CNSIM_dataset"/>
    <testcase time="0.0040000000000191" classname="CNSIM_datachk" name="Check_CNSIM_dataset"/>
    <testcase time="0.280999999999949" classname="CNSIM_datachk" name="Check_CNSIM_dataset"/>
    <testcase time="0.00499999999999545" classname="CNSIM_datachk" name="Check_CNSIM_dataset"/>
    <testcase time="0.0040000000000191" classname="CNSIM_datachk" name="Check_CNSIM_dataset"/>
    <testcase time="0.00499999999999545" classname="CNSIM_datachk" name="Check_CNSIM_dataset"/>
    <testcase time="0.0130000000000337" classname="CNSIM_datachk" name="Check_CNSIM_dataset"/>
    <testcase time="0.00399999999990541" classname="CNSIM_datachk" name="Check_CNSIM_dataset"/>
    <testcase time="0.00499999999999545" classname="CNSIM_datachk" name="Check_CNSIM_dataset"/>
    <testcase time="0.0040000000000191" classname="CNSIM_datachk" name="Check_CNSIM_dataset"/>
    <testcase time="0.0040000000000191" classname="CNSIM_datachk" name="Check_CNSIM_dataset"/>
    <testcase time="0.57000000000005" classname="CNSIM_datachk" name="Check_CNSIM_dataset"/>
    <testcase time="0.00499999999999545" classname="CNSIM_datachk" name="Check_CNSIM_dataset"/>
    <testcase time="0.00599999999997181" classname="CNSIM_datachk" name="Check_CNSIM_dataset"/>
    <testcase time="0.0040000000000191" classname="CNSIM_datachk" name="Check_CNSIM_dataset"/>
    <testcase time="0.0040000000000191" classname="CNSIM_datachk" name="Check_CNSIM_dataset"/>
    <testcase time="0.00399999999990541" classname="CNSIM_datachk" name="Check_CNSIM_dataset"/>
    <testcase time="0.00700000000006185" classname="CNSIM_datachk" name="Check_CNSIM_dataset"/>
    <testcase time="0.27800000000002" classname="CNSIM_datachk" name="Check_CNSIM_dataset"/>
    <testcase time="0.00599999999997181" classname="CNSIM_datachk" name="Check_CNSIM_dataset"/>
    <testcase time="0.0040000000000191" classname="CNSIM_datachk" name="Check_CNSIM_dataset"/>
    <testcase time="0.00499999999999545" classname="CNSIM_datachk" name="Check_CNSIM_dataset"/>
    <testcase time="0.01400000000001" classname="CNSIM_datachk" name="Check_CNSIM_dataset"/>
    <testcase time="0.0040000000000191" classname="CNSIM_datachk" name="Check_CNSIM_dataset"/>
    <testcase time="0.00499999999999545" classname="CNSIM_datachk" name="Check_CNSIM_dataset"/>
    <testcase time="0.00499999999999545" classname="CNSIM_datachk" name="Check_CNSIM_dataset"/>
    <testcase time="0.00499999999999545" classname="CNSIM_datachk" name="Check_CNSIM_dataset"/>
  </testsuite>
  <testsuite name="CNSIM::datachk::shutdown" timestamp="2020-03-24T20:09:36Z" hostname="fv-az32" tests="3" skipped="0" failures="0" errors="0" time="0.283">
    <testcase time="0.280999999999949" classname="CNSIM_datachk_shutdown" name="shutdown"/>
    <testcase time="0.000999999999976353" classname="CNSIM_datachk_shutdown" name="shutdown"/>
    <testcase time="0.00100000000009004" classname="CNSIM_datachk_shutdown" name="shutdown"/>
  </testsuite>
  <testsuite name="CNSIM::datachk::done" timestamp="2020-03-24T20:09:36Z" hostname="fv-az32" tests="0" skipped="0" failures="0" errors="0" time="0"/>
  <testsuite name="DASIM::datachk::setup" timestamp="2020-03-24T20:09:36Z" hostname="fv-az32" tests="3" skipped="0" failures="0" errors="0" time="6.631">
    <testcase time="6.62899999999991" classname="DASIM_datachk_setup" name="setup"/>
    <testcase time="0.00100000000009004" classname="DASIM_datachk_setup" name="setup"/>
    <testcase time="0.000999999999976353" classname="DASIM_datachk_setup" name="setup"/>
  </testsuite>
  <testsuite name="DASIM::datachk" timestamp="2020-03-24T20:09:42Z" hostname="fv-az32" tests="182" skipped="0" failures="0" errors="0" time="10.949">
    <testcase time="0.557000000000016" classname="DASIM_datachk" name="Check_DASIM_dataset"/>
    <testcase time="0.000999999999976353" classname="DASIM_datachk" name="Check_DASIM_dataset"/>
    <testcase time="0.00199999999995271" classname="DASIM_datachk" name="Check_DASIM_dataset"/>
    <testcase time="0.00100000000009004" classname="DASIM_datachk" name="Check_DASIM_dataset"/>
    <testcase time="0.00199999999995271" classname="DASIM_datachk" name="Check_DASIM_dataset"/>
    <testcase time="0.00199999999995271" classname="DASIM_datachk" name="Check_DASIM_dataset"/>
    <testcase time="0.00100000000009004" classname="DASIM_datachk" name="Check_DASIM_dataset"/>
    <testcase time="0.27699999999993" classname="DASIM_datachk" name="Check_DASIM_dataset"/>
    <testcase time="0.00200000000006639" classname="DASIM_datachk" name="Check_DASIM_dataset"/>
    <testcase time="0.000999999999976353" classname="DASIM_datachk" name="Check_DASIM_dataset"/>
    <testcase time="0.00199999999995271" classname="DASIM_datachk" name="Check_DASIM_dataset"/>
    <testcase time="0.000999999999976353" classname="DASIM_datachk" name="Check_DASIM_dataset"/>
    <testcase time="0.00200000000006639" classname="DASIM_datachk" name="Check_DASIM_dataset"/>
    <testcase time="0.00199999999995271" classname="DASIM_datachk" name="Check_DASIM_dataset"/>
    <testcase time="0.00200000000006639" classname="DASIM_datachk" name="Check_DASIM_dataset"/>
    <testcase time="1.23799999999994" classname="DASIM_datachk" name="Check_DASIM_dataset"/>
    <testcase time="0.00300000000004275" classname="DASIM_datachk" name="Check_DASIM_dataset"/>
    <testcase time="0.00199999999995271" classname="DASIM_datachk" name="Check_DASIM_dataset"/>
    <testcase time="0.000999999999976353" classname="DASIM_datachk" name="Check_DASIM_dataset"/>
    <testcase time="0.00300000000004275" classname="DASIM_datachk" name="Check_DASIM_dataset"/>
    <testcase time="0.00199999999995271" classname="DASIM_datachk" name="Check_DASIM_dataset"/>
    <testcase time="0.00100000000009004" classname="DASIM_datachk" name="Check_DASIM_dataset"/>
    <testcase time="0.55499999999995" classname="DASIM_datachk" name="Check_DASIM_dataset"/>
    <testcase time="0.00100000000009004" classname="DASIM_datachk" name="Check_DASIM_dataset"/>
    <testcase time="0.00199999999995271" classname="DASIM_datachk" name="Check_DASIM_dataset"/>
    <testcase time="0.00199999999995271" classname="DASIM_datachk" name="Check_DASIM_dataset"/>
    <testcase time="0.00100000000009004" classname="DASIM_datachk" name="Check_DASIM_dataset"/>
    <testcase time="0.00199999999995271" classname="DASIM_datachk" name="Check_DASIM_dataset"/>
    <testcase time="0.00199999999995271" classname="DASIM_datachk" name="Check_DASIM_dataset"/>
    <testcase time="0.281000000000063" classname="DASIM_datachk" name="Check_DASIM_dataset"/>
    <testcase time="0.00199999999995271" classname="DASIM_datachk" name="Check_DASIM_dataset"/>
    <testcase time="0.00200000000006639" classname="DASIM_datachk" name="Check_DASIM_dataset"/>
    <testcase time="0.00199999999995271" classname="DASIM_datachk" name="Check_DASIM_dataset"/>
    <testcase time="0.00200000000006639" classname="DASIM_datachk" name="Check_DASIM_dataset"/>
    <testcase time="0.00199999999995271" classname="DASIM_datachk" name="Check_DASIM_dataset"/>
    <testcase time="0.00199999999995271" classname="DASIM_datachk" name="Check_DASIM_dataset"/>
    <testcase time="0.00200000000006639" classname="DASIM_datachk" name="Check_DASIM_dataset"/>
    <testcase time="0.00199999999995271" classname="DASIM_datachk" name="Check_DASIM_dataset"/>
    <testcase time="0.553999999999974" classname="DASIM_datachk" name="Check_DASIM_dataset"/>
    <testcase time="0.00200000000006639" classname="DASIM_datachk" name="Check_DASIM_dataset"/>
    <testcase time="0.00199999999995271" classname="DASIM_datachk" name="Check_DASIM_dataset"/>
    <testcase time="0.00200000000006639" classname="DASIM_datachk" name="Check_DASIM_dataset"/>
    <testcase time="0.00199999999995271" classname="DASIM_datachk" name="Check_DASIM_dataset"/>
    <testcase time="0.00199999999995271" classname="DASIM_datachk" name="Check_DASIM_dataset"/>
    <testcase time="0.00200000000006639" classname="DASIM_datachk" name="Check_DASIM_dataset"/>
    <testcase time="0.267000000000053" classname="DASIM_datachk" name="Check_DASIM_dataset"/>
    <testcase time="0.00299999999992906" classname="DASIM_datachk" name="Check_DASIM_dataset"/>
    <testcase time="0.00300000000004275" classname="DASIM_datachk" name="Check_DASIM_dataset"/>
    <testcase time="0.00199999999995271" classname="DASIM_datachk" name="Check_DASIM_dataset"/>
    <testcase time="0.00200000000006639" classname="DASIM_datachk" name="Check_DASIM_dataset"/>
    <testcase time="0.00199999999995271" classname="DASIM_datachk" name="Check_DASIM_dataset"/>
    <testcase time="0.00200000000006639" classname="DASIM_datachk" name="Check_DASIM_dataset"/>
    <testcase time="0.00199999999995271" classname="DASIM_datachk" name="Check_DASIM_dataset"/>
    <testcase time="0.00300000000004275" classname="DASIM_datachk" name="Check_DASIM_dataset"/>
    <testcase time="0.563999999999965" classname="DASIM_datachk" name="Check_DASIM_dataset"/>
    <testcase time="0.00199999999995271" classname="DASIM_datachk" name="Check_DASIM_dataset"/>
    <testcase time="0.00200000000006639" classname="DASIM_datachk" name="Check_DASIM_dataset"/>
    <testcase time="0.00299999999992906" classname="DASIM_datachk" name="Check_DASIM_dataset"/>
    <testcase time="0.00200000000006639" classname="DASIM_datachk" name="Check_DASIM_dataset"/>
    <testcase time="0.00299999999992906" classname="DASIM_datachk" name="Check_DASIM_dataset"/>
    <testcase time="0.00300000000004275" classname="DASIM_datachk" name="Check_DASIM_dataset"/>
    <testcase time="0.282000000000039" classname="DASIM_datachk" name="Check_DASIM_dataset"/>
    <testcase time="0.00299999999992906" classname="DASIM_datachk" name="Check_DASIM_dataset"/>
    <testcase time="0.00200000000006639" classname="DASIM_datachk" name="Check_DASIM_dataset"/>
    <testcase time="0.00299999999992906" classname="DASIM_datachk" name="Check_DASIM_dataset"/>
    <testcase time="0.00200000000006639" classname="DASIM_datachk" name="Check_DASIM_dataset"/>
    <testcase time="0.0040000000000191" classname="DASIM_datachk" name="Check_DASIM_dataset"/>
    <testcase time="0.00199999999995271" classname="DASIM_datachk" name="Check_DASIM_dataset"/>
    <testcase time="0.00300000000004275" classname="DASIM_datachk" name="Check_DASIM_dataset"/>
    <testcase time="0.00199999999995271" classname="DASIM_datachk" name="Check_DASIM_dataset"/>
    <testcase time="0.562000000000012" classname="DASIM_datachk" name="Check_DASIM_dataset"/>
    <testcase time="0.00199999999995271" classname="DASIM_datachk" name="Check_DASIM_dataset"/>
    <testcase time="0.00300000000004275" classname="DASIM_datachk" name="Check_DASIM_dataset"/>
    <testcase time="0.00300000000004275" classname="DASIM_datachk" name="Check_DASIM_dataset"/>
    <testcase time="0.00199999999995271" classname="DASIM_datachk" name="Check_DASIM_dataset"/>
    <testcase time="0.00300000000004275" classname="DASIM_datachk" name="Check_DASIM_dataset"/>
    <testcase time="0.00299999999992906" classname="DASIM_datachk" name="Check_DASIM_dataset"/>
    <testcase time="0.27800000000002" classname="DASIM_datachk" name="Check_DASIM_dataset"/>
    <testcase time="0.00300000000004275" classname="DASIM_datachk" name="Check_DASIM_dataset"/>
    <testcase time="0.00299999999992906" classname="DASIM_datachk" name="Check_DASIM_dataset"/>
    <testcase time="0.00200000000006639" classname="DASIM_datachk" name="Check_DASIM_dataset"/>
    <testcase time="0.00999999999999091" classname="DASIM_datachk" name="Check_DASIM_dataset"/>
    <testcase time="0.00199999999995271" classname="DASIM_datachk" name="Check_DASIM_dataset"/>
    <testcase time="0.00300000000004275" classname="DASIM_datachk" name="Check_DASIM_dataset"/>
    <testcase time="0.00199999999995271" classname="DASIM_datachk" name="Check_DASIM_dataset"/>
    <testcase time="0.00300000000004275" classname="DASIM_datachk" name="Check_DASIM_dataset"/>
    <testcase time="0.551000000000045" classname="DASIM_datachk" name="Check_DASIM_dataset"/>
    <testcase time="0.00199999999995271" classname="DASIM_datachk" name="Check_DASIM_dataset"/>
    <testcase time="0.00300000000004275" classname="DASIM_datachk" name="Check_DASIM_dataset"/>
    <testcase time="0.00299999999992906" classname="DASIM_datachk" name="Check_DASIM_dataset"/>
    <testcase time="0.0040000000000191" classname="DASIM_datachk" name="Check_DASIM_dataset"/>
    <testcase time="0.00199999999995271" classname="DASIM_datachk" name="Check_DASIM_dataset"/>
    <testcase time="0.00300000000004275" classname="DASIM_datachk" name="Check_DASIM_dataset"/>
    <testcase time="0.275999999999954" classname="DASIM_datachk" name="Check_DASIM_dataset"/>
    <testcase time="0.00299999999992906" classname="DASIM_datachk" name="Check_DASIM_dataset"/>
    <testcase time="0.00300000000004275" classname="DASIM_datachk" name="Check_DASIM_dataset"/>
    <testcase time="0.00300000000004275" classname="DASIM_datachk" name="Check_DASIM_dataset"/>
    <testcase time="0.00399999999990541" classname="DASIM_datachk" name="Check_DASIM_dataset"/>
    <testcase time="0.00300000000004275" classname="DASIM_datachk" name="Check_DASIM_dataset"/>
    <testcase time="0.00300000000004275" classname="DASIM_datachk" name="Check_DASIM_dataset"/>
    <testcase time="0.00299999999992906" classname="DASIM_datachk" name="Check_DASIM_dataset"/>
    <testcase time="0.00300000000004275" classname="DASIM_datachk" name="Check_DASIM_dataset"/>
    <testcase time="0.547000000000025" classname="DASIM_datachk" name="Check_DASIM_dataset"/>
    <testcase time="0.00299999999992906" classname="DASIM_datachk" name="Check_DASIM_dataset"/>
    <testcase time="0.00300000000004275" classname="DASIM_datachk" name="Check_DASIM_dataset"/>
    <testcase time="0.00300000000004275" classname="DASIM_datachk" name="Check_DASIM_dataset"/>
    <testcase time="0.00199999999995271" classname="DASIM_datachk" name="Check_DASIM_dataset"/>
    <testcase time="0.00300000000004275" classname="DASIM_datachk" name="Check_DASIM_dataset"/>
    <testcase time="0.00299999999992906" classname="DASIM_datachk" name="Check_DASIM_dataset"/>
    <testcase time="0.273000000000025" classname="DASIM_datachk" name="Check_DASIM_dataset"/>
    <testcase time="0.00300000000004275" classname="DASIM_datachk" name="Check_DASIM_dataset"/>
    <testcase time="0.00299999999992906" classname="DASIM_datachk" name="Check_DASIM_dataset"/>
    <testcase time="0.0040000000000191" classname="DASIM_datachk" name="Check_DASIM_dataset"/>
    <testcase time="0.00300000000004275" classname="DASIM_datachk" name="Check_DASIM_dataset"/>
    <testcase time="0.00300000000004275" classname="DASIM_datachk" name="Check_DASIM_dataset"/>
    <testcase time="0.00399999999990541" classname="DASIM_datachk" name="Check_DASIM_dataset"/>
    <testcase time="0.00300000000004275" classname="DASIM_datachk" name="Check_DASIM_dataset"/>
    <testcase time="0.00300000000004275" classname="DASIM_datachk" name="Check_DASIM_dataset"/>
    <testcase time="0.556999999999903" classname="DASIM_datachk" name="Check_DASIM_dataset"/>
    <testcase time="0.00300000000004275" classname="DASIM_datachk" name="Check_DASIM_dataset"/>
    <testcase time="0.0040000000000191" classname="DASIM_datachk" name="Check_DASIM_dataset"/>
    <testcase time="0.0109999999999673" classname="DASIM_datachk" name="Check_DASIM_dataset"/>
    <testcase time="0.0040000000000191" classname="DASIM_datachk" name="Check_DASIM_dataset"/>
    <testcase time="0.00300000000004275" classname="DASIM_datachk" name="Check_DASIM_dataset"/>
    <testcase time="0.00299999999992906" classname="DASIM_datachk" name="Check_DASIM_dataset"/>
    <testcase time="0.286000000000058" classname="DASIM_datachk" name="Check_DASIM_dataset"/>
    <testcase time="0.0040000000000191" classname="DASIM_datachk" name="Check_DASIM_dataset"/>
    <testcase time="0.00399999999990541" classname="DASIM_datachk" name="Check_DASIM_dataset"/>
    <testcase time="0.00300000000004275" classname="DASIM_datachk" name="Check_DASIM_dataset"/>
    <testcase time="0.00300000000004275" classname="DASIM_datachk" name="Check_DASIM_dataset"/>
    <testcase time="0.0040000000000191" classname="DASIM_datachk" name="Check_DASIM_dataset"/>
    <testcase time="0.00299999999992906" classname="DASIM_datachk" name="Check_DASIM_dataset"/>
    <testcase time="0.0040000000000191" classname="DASIM_datachk" name="Check_DASIM_dataset"/>
    <testcase time="0.00300000000004275" classname="DASIM_datachk" name="Check_DASIM_dataset"/>
    <testcase time="0.55499999999995" classname="DASIM_datachk" name="Check_DASIM_dataset"/>
    <testcase time="0.0040000000000191" classname="DASIM_datachk" name="Check_DASIM_dataset"/>
    <testcase time="0.0040000000000191" classname="DASIM_datachk" name="Check_DASIM_dataset"/>
    <testcase time="0.0040000000000191" classname="DASIM_datachk" name="Check_DASIM_dataset"/>
    <testcase time="0.00299999999992906" classname="DASIM_datachk" name="Check_DASIM_dataset"/>
    <testcase time="0.0040000000000191" classname="DASIM_datachk" name="Check_DASIM_dataset"/>
    <testcase time="0.0040000000000191" classname="DASIM_datachk" name="Check_DASIM_dataset"/>
    <testcase time="0.274999999999977" classname="DASIM_datachk" name="Check_DASIM_dataset"/>
    <testcase time="0.00300000000004275" classname="DASIM_datachk" name="Check_DASIM_dataset"/>
    <testcase time="0.00399999999990541" classname="DASIM_datachk" name="Check_DASIM_dataset"/>
    <testcase time="0.00300000000004275" classname="DASIM_datachk" name="Check_DASIM_dataset"/>
    <testcase time="0.00300000000004275" classname="DASIM_datachk" name="Check_DASIM_dataset"/>
    <testcase time="0.0040000000000191" classname="DASIM_datachk" name="Check_DASIM_dataset"/>
    <testcase time="0.00399999999990541" classname="DASIM_datachk" name="Check_DASIM_dataset"/>
    <testcase time="0.00300000000004275" classname="DASIM_datachk" name="Check_DASIM_dataset"/>
    <testcase time="0.0040000000000191" classname="DASIM_datachk" name="Check_DASIM_dataset"/>
    <testcase time="0.558999999999969" classname="DASIM_datachk" name="Check_DASIM_dataset"/>
    <testcase time="0.0040000000000191" classname="DASIM_datachk" name="Check_DASIM_dataset"/>
    <testcase time="0.0040000000000191" classname="DASIM_datachk" name="Check_DASIM_dataset"/>
    <testcase time="0.00499999999999545" classname="DASIM_datachk" name="Check_DASIM_dataset"/>
    <testcase time="0.0040000000000191" classname="DASIM_datachk" name="Check_DASIM_dataset"/>
    <testcase time="0.00399999999990541" classname="DASIM_datachk" name="Check_DASIM_dataset"/>
    <testcase time="0.0040000000000191" classname="DASIM_datachk" name="Check_DASIM_dataset"/>
    <testcase time="0.280000000000086" classname="DASIM_datachk" name="Check_DASIM_dataset"/>
    <testcase time="0.00299999999992906" classname="DASIM_datachk" name="Check_DASIM_dataset"/>
    <testcase time="0.0040000000000191" classname="DASIM_datachk" name="Check_DASIM_dataset"/>
    <testcase time="0.00300000000004275" classname="DASIM_datachk" name="Check_DASIM_dataset"/>
    <testcase time="0.00399999999990541" classname="DASIM_datachk" name="Check_DASIM_dataset"/>
    <testcase time="0.00300000000004275" classname="DASIM_datachk" name="Check_DASIM_dataset"/>
    <testcase time="0.0040000000000191" classname="DASIM_datachk" name="Check_DASIM_dataset"/>
    <testcase time="0.00300000000004275" classname="DASIM_datachk" name="Check_DASIM_dataset"/>
    <testcase time="0.00499999999999545" classname="DASIM_datachk" name="Check_DASIM_dataset"/>
    <testcase time="0.616999999999962" classname="DASIM_datachk" name="Check_DASIM_dataset"/>
    <testcase time="0.0040000000000191" classname="DASIM_datachk" name="Check_DASIM_dataset"/>
    <testcase time="0.00499999999999545" classname="DASIM_datachk" name="Check_DASIM_dataset"/>
    <testcase time="0.0040000000000191" classname="DASIM_datachk" name="Check_DASIM_dataset"/>
    <testcase time="0.00299999999992906" classname="DASIM_datachk" name="Check_DASIM_dataset"/>
    <testcase time="0.0040000000000191" classname="DASIM_datachk" name="Check_DASIM_dataset"/>
    <testcase time="0.00499999999999545" classname="DASIM_datachk" name="Check_DASIM_dataset"/>
    <testcase time="0.284999999999968" classname="DASIM_datachk" name="Check_DASIM_dataset"/>
    <testcase time="0.00299999999992906" classname="DASIM_datachk" name="Check_DASIM_dataset"/>
    <testcase time="0.0040000000000191" classname="DASIM_datachk" name="Check_DASIM_dataset"/>
    <testcase time="0.0040000000000191" classname="DASIM_datachk" name="Check_DASIM_dataset"/>
    <testcase time="0.0040000000000191" classname="DASIM_datachk" name="Check_DASIM_dataset"/>
    <testcase time="0.0040000000000191" classname="DASIM_datachk" name="Check_DASIM_dataset"/>
    <testcase time="0.00499999999999545" classname="DASIM_datachk" name="Check_DASIM_dataset"/>
    <testcase time="0.00399999999990541" classname="DASIM_datachk" name="Check_DASIM_dataset"/>
    <testcase time="0.0040000000000191" classname="DASIM_datachk" name="Check_DASIM_dataset"/>
  </testsuite>
  <testsuite name="DASIM::datachk::shutdown" timestamp="2020-03-24T20:09:53Z" hostname="fv-az32" tests="3" skipped="0" failures="0" errors="0" time="0.285">
    <testcase time="0.282000000000039" classname="DASIM_datachk_shutdown" name="shutdown"/>
    <testcase time="0.00199999999995271" classname="DASIM_datachk_shutdown" name="shutdown"/>
    <testcase time="0.00100000000009004" classname="DASIM_datachk_shutdown" name="shutdown"/>
  </testsuite>
  <testsuite name="DASIM::datachk::done" timestamp="2020-03-24T20:09:54Z" hostname="fv-az32" tests="0" skipped="0" failures="0" errors="0" time="0"/>
  <testsuite name="FACTOR_LEVELS::datachk::setup" timestamp="2020-03-24T20:09:54Z" hostname="fv-az32" tests="3" skipped="0" failures="0" errors="0" time="5.668">
    <testcase time="5.66499999999996" classname="FACTOR_LEVELS_datachk_setup" name="setup"/>
    <testcase time="0.00199999999995271" classname="FACTOR_LEVELS_datachk_setup" name="setup"/>
    <testcase time="0.000999999999976353" classname="FACTOR_LEVELS_datachk_setup" name="setup"/>
  </testsuite>
  <testsuite name="FACTOR_LEVELS::datachk" timestamp="2020-03-24T20:09:59Z" hostname="fv-az32" tests="182" skipped="0" failures="0" errors="0" time="10.962">
    <testcase time="0.558000000000106" classname="FACTOR_LEVELS_datachk" name="Check_FACTOR_LEVELS_dataset"/>
    <testcase time="0.00199999999995271" classname="FACTOR_LEVELS_datachk" name="Check_FACTOR_LEVELS_dataset"/>
    <testcase time="0.00199999999995271" classname="FACTOR_LEVELS_datachk" name="Check_FACTOR_LEVELS_dataset"/>
    <testcase time="0.00100000000009004" classname="FACTOR_LEVELS_datachk" name="Check_FACTOR_LEVELS_dataset"/>
    <testcase time="0.00199999999995271" classname="FACTOR_LEVELS_datachk" name="Check_FACTOR_LEVELS_dataset"/>
    <testcase time="0.000999999999976353" classname="FACTOR_LEVELS_datachk" name="Check_FACTOR_LEVELS_dataset"/>
    <testcase time="0.00200000000006639" classname="FACTOR_LEVELS_datachk" name="Check_FACTOR_LEVELS_dataset"/>
    <testcase time="0.285999999999945" classname="FACTOR_LEVELS_datachk" name="Check_FACTOR_LEVELS_dataset"/>
    <testcase time="0.00200000000006639" classname="FACTOR_LEVELS_datachk" name="Check_FACTOR_LEVELS_dataset"/>
    <testcase time="0.00199999999995271" classname="FACTOR_LEVELS_datachk" name="Check_FACTOR_LEVELS_dataset"/>
    <testcase time="0.000999999999976353" classname="FACTOR_LEVELS_datachk" name="Check_FACTOR_LEVELS_dataset"/>
    <testcase time="0.00200000000006639" classname="FACTOR_LEVELS_datachk" name="Check_FACTOR_LEVELS_dataset"/>
    <testcase time="0.000999999999976353" classname="FACTOR_LEVELS_datachk" name="Check_FACTOR_LEVELS_dataset"/>
    <testcase time="0.00199999999995271" classname="FACTOR_LEVELS_datachk" name="Check_FACTOR_LEVELS_dataset"/>
    <testcase time="0.00200000000006639" classname="FACTOR_LEVELS_datachk" name="Check_FACTOR_LEVELS_dataset"/>
    <testcase time="1.24199999999996" classname="FACTOR_LEVELS_datachk" name="Check_FACTOR_LEVELS_dataset"/>
    <testcase time="0.00199999999995271" classname="FACTOR_LEVELS_datachk" name="Check_FACTOR_LEVELS_dataset"/>
    <testcase time="0.00200000000006639" classname="FACTOR_LEVELS_datachk" name="Check_FACTOR_LEVELS_dataset"/>
    <testcase time="0.00199999999995271" classname="FACTOR_LEVELS_datachk" name="Check_FACTOR_LEVELS_dataset"/>
    <testcase time="0.00200000000006639" classname="FACTOR_LEVELS_datachk" name="Check_FACTOR_LEVELS_dataset"/>
    <testcase time="0.000999999999976353" classname="FACTOR_LEVELS_datachk" name="Check_FACTOR_LEVELS_dataset"/>
    <testcase time="0.00199999999995271" classname="FACTOR_LEVELS_datachk" name="Check_FACTOR_LEVELS_dataset"/>
    <testcase time="0.547000000000025" classname="FACTOR_LEVELS_datachk" name="Check_FACTOR_LEVELS_dataset"/>
    <testcase time="0.00199999999995271" classname="FACTOR_LEVELS_datachk" name="Check_FACTOR_LEVELS_dataset"/>
    <testcase time="0.00200000000006639" classname="FACTOR_LEVELS_datachk" name="Check_FACTOR_LEVELS_dataset"/>
    <testcase time="0.00199999999995271" classname="FACTOR_LEVELS_datachk" name="Check_FACTOR_LEVELS_dataset"/>
    <testcase time="0.00200000000006639" classname="FACTOR_LEVELS_datachk" name="Check_FACTOR_LEVELS_dataset"/>
    <testcase time="0.00199999999995271" classname="FACTOR_LEVELS_datachk" name="Check_FACTOR_LEVELS_dataset"/>
    <testcase time="0.00200000000006639" classname="FACTOR_LEVELS_datachk" name="Check_FACTOR_LEVELS_dataset"/>
    <testcase time="0.279999999999973" classname="FACTOR_LEVELS_datachk" name="Check_FACTOR_LEVELS_dataset"/>
    <testcase time="0.00299999999992906" classname="FACTOR_LEVELS_datachk" name="Check_FACTOR_LEVELS_dataset"/>
    <testcase time="0.00200000000006639" classname="FACTOR_LEVELS_datachk" name="Check_FACTOR_LEVELS_dataset"/>
    <testcase time="0.00199999999995271" classname="FACTOR_LEVELS_datachk" name="Check_FACTOR_LEVELS_dataset"/>
    <testcase time="0.00999999999999091" classname="FACTOR_LEVELS_datachk" name="Check_FACTOR_LEVELS_dataset"/>
    <testcase time="0.00200000000006639" classname="FACTOR_LEVELS_datachk" name="Check_FACTOR_LEVELS_dataset"/>
    <testcase time="0.00299999999992906" classname="FACTOR_LEVELS_datachk" name="Check_FACTOR_LEVELS_dataset"/>
    <testcase time="0.00200000000006639" classname="FACTOR_LEVELS_datachk" name="Check_FACTOR_LEVELS_dataset"/>
    <testcase time="0.00199999999995271" classname="FACTOR_LEVELS_datachk" name="Check_FACTOR_LEVELS_dataset"/>
    <testcase time="0.561000000000035" classname="FACTOR_LEVELS_datachk" name="Check_FACTOR_LEVELS_dataset"/>
    <testcase time="0.00299999999992906" classname="FACTOR_LEVELS_datachk" name="Check_FACTOR_LEVELS_dataset"/>
    <testcase time="0.00200000000006639" classname="FACTOR_LEVELS_datachk" name="Check_FACTOR_LEVELS_dataset"/>
    <testcase time="0.00199999999995271" classname="FACTOR_LEVELS_datachk" name="Check_FACTOR_LEVELS_dataset"/>
    <testcase time="0.00200000000006639" classname="FACTOR_LEVELS_datachk" name="Check_FACTOR_LEVELS_dataset"/>
    <testcase time="0.00199999999995271" classname="FACTOR_LEVELS_datachk" name="Check_FACTOR_LEVELS_dataset"/>
    <testcase time="0.00200000000006639" classname="FACTOR_LEVELS_datachk" name="Check_FACTOR_LEVELS_dataset"/>
    <testcase time="0.282999999999902" classname="FACTOR_LEVELS_datachk" name="Check_FACTOR_LEVELS_dataset"/>
    <testcase time="0.00300000000004275" classname="FACTOR_LEVELS_datachk" name="Check_FACTOR_LEVELS_dataset"/>
    <testcase time="0.00199999999995271" classname="FACTOR_LEVELS_datachk" name="Check_FACTOR_LEVELS_dataset"/>
    <testcase time="0.00200000000006639" classname="FACTOR_LEVELS_datachk" name="Check_FACTOR_LEVELS_dataset"/>
    <testcase time="0.0040000000000191" classname="FACTOR_LEVELS_datachk" name="Check_FACTOR_LEVELS_dataset"/>
    <testcase time="0.00199999999995271" classname="FACTOR_LEVELS_datachk" name="Check_FACTOR_LEVELS_dataset"/>
    <testcase time="0.00300000000004275" classname="FACTOR_LEVELS_datachk" name="Check_FACTOR_LEVELS_dataset"/>
    <testcase time="0.00199999999995271" classname="FACTOR_LEVELS_datachk" name="Check_FACTOR_LEVELS_dataset"/>
    <testcase time="0.00300000000004275" classname="FACTOR_LEVELS_datachk" name="Check_FACTOR_LEVELS_dataset"/>
    <testcase time="0.564999999999941" classname="FACTOR_LEVELS_datachk" name="Check_FACTOR_LEVELS_dataset"/>
    <testcase time="0.00300000000004275" classname="FACTOR_LEVELS_datachk" name="Check_FACTOR_LEVELS_dataset"/>
    <testcase time="0.00300000000004275" classname="FACTOR_LEVELS_datachk" name="Check_FACTOR_LEVELS_dataset"/>
    <testcase time="0.00299999999992906" classname="FACTOR_LEVELS_datachk" name="Check_FACTOR_LEVELS_dataset"/>
    <testcase time="0.0120000000000573" classname="FACTOR_LEVELS_datachk" name="Check_FACTOR_LEVELS_dataset"/>
    <testcase time="0.00299999999992906" classname="FACTOR_LEVELS_datachk" name="Check_FACTOR_LEVELS_dataset"/>
    <testcase time="0.00200000000006639" classname="FACTOR_LEVELS_datachk" name="Check_FACTOR_LEVELS_dataset"/>
    <testcase time="0.289999999999964" classname="FACTOR_LEVELS_datachk" name="Check_FACTOR_LEVELS_dataset"/>
    <testcase time="0.00300000000004275" classname="FACTOR_LEVELS_datachk" name="Check_FACTOR_LEVELS_dataset"/>
    <testcase time="0.00299999999992906" classname="FACTOR_LEVELS_datachk" name="Check_FACTOR_LEVELS_dataset"/>
    <testcase time="0.00300000000004275" classname="FACTOR_LEVELS_datachk" name="Check_FACTOR_LEVELS_dataset"/>
    <testcase time="0.00300000000004275" classname="FACTOR_LEVELS_datachk" name="Check_FACTOR_LEVELS_dataset"/>
    <testcase time="0.00299999999992906" classname="FACTOR_LEVELS_datachk" name="Check_FACTOR_LEVELS_dataset"/>
    <testcase time="0.00300000000004275" classname="FACTOR_LEVELS_datachk" name="Check_FACTOR_LEVELS_dataset"/>
    <testcase time="0.00199999999995271" classname="FACTOR_LEVELS_datachk" name="Check_FACTOR_LEVELS_dataset"/>
    <testcase time="0.00300000000004275" classname="FACTOR_LEVELS_datachk" name="Check_FACTOR_LEVELS_dataset"/>
    <testcase time="0.544999999999959" classname="FACTOR_LEVELS_datachk" name="Check_FACTOR_LEVELS_dataset"/>
    <testcase time="0.00200000000006639" classname="FACTOR_LEVELS_datachk" name="Check_FACTOR_LEVELS_dataset"/>
    <testcase time="0.00299999999992906" classname="FACTOR_LEVELS_datachk" name="Check_FACTOR_LEVELS_dataset"/>
    <testcase time="0.00200000000006639" classname="FACTOR_LEVELS_datachk" name="Check_FACTOR_LEVELS_dataset"/>
    <testcase time="0.00299999999992906" classname="FACTOR_LEVELS_datachk" name="Check_FACTOR_LEVELS_dataset"/>
    <testcase time="0.00300000000004275" classname="FACTOR_LEVELS_datachk" name="Check_FACTOR_LEVELS_dataset"/>
    <testcase time="0.00300000000004275" classname="FACTOR_LEVELS_datachk" name="Check_FACTOR_LEVELS_dataset"/>
    <testcase time="0.270999999999958" classname="FACTOR_LEVELS_datachk" name="Check_FACTOR_LEVELS_dataset"/>
    <testcase time="0.00300000000004275" classname="FACTOR_LEVELS_datachk" name="Check_FACTOR_LEVELS_dataset"/>
    <testcase time="0.00299999999992906" classname="FACTOR_LEVELS_datachk" name="Check_FACTOR_LEVELS_dataset"/>
    <testcase time="0.00300000000004275" classname="FACTOR_LEVELS_datachk" name="Check_FACTOR_LEVELS_dataset"/>
    <testcase time="0.00300000000004275" classname="FACTOR_LEVELS_datachk" name="Check_FACTOR_LEVELS_dataset"/>
    <testcase time="0.00299999999992906" classname="FACTOR_LEVELS_datachk" name="Check_FACTOR_LEVELS_dataset"/>
    <testcase time="0.00300000000004275" classname="FACTOR_LEVELS_datachk" name="Check_FACTOR_LEVELS_dataset"/>
    <testcase time="0.00299999999992906" classname="FACTOR_LEVELS_datachk" name="Check_FACTOR_LEVELS_dataset"/>
    <testcase time="0.0110000000000809" classname="FACTOR_LEVELS_datachk" name="Check_FACTOR_LEVELS_dataset"/>
    <testcase time="0.548000000000002" classname="FACTOR_LEVELS_datachk" name="Check_FACTOR_LEVELS_dataset"/>
    <testcase time="0.00299999999992906" classname="FACTOR_LEVELS_datachk" name="Check_FACTOR_LEVELS_dataset"/>
    <testcase time="0.00300000000004275" classname="FACTOR_LEVELS_datachk" name="Check_FACTOR_LEVELS_dataset"/>
    <testcase time="0.00300000000004275" classname="FACTOR_LEVELS_datachk" name="Check_FACTOR_LEVELS_dataset"/>
    <testcase time="0.00299999999992906" classname="FACTOR_LEVELS_datachk" name="Check_FACTOR_LEVELS_dataset"/>
    <testcase time="0.00300000000004275" classname="FACTOR_LEVELS_datachk" name="Check_FACTOR_LEVELS_dataset"/>
    <testcase time="0.0040000000000191" classname="FACTOR_LEVELS_datachk" name="Check_FACTOR_LEVELS_dataset"/>
    <testcase time="0.27699999999993" classname="FACTOR_LEVELS_datachk" name="Check_FACTOR_LEVELS_dataset"/>
    <testcase time="0.00300000000004275" classname="FACTOR_LEVELS_datachk" name="Check_FACTOR_LEVELS_dataset"/>
    <testcase time="0.00300000000004275" classname="FACTOR_LEVELS_datachk" name="Check_FACTOR_LEVELS_dataset"/>
    <testcase time="0.00299999999992906" classname="FACTOR_LEVELS_datachk" name="Check_FACTOR_LEVELS_dataset"/>
    <testcase time="0.00300000000004275" classname="FACTOR_LEVELS_datachk" name="Check_FACTOR_LEVELS_dataset"/>
    <testcase time="0.0040000000000191" classname="FACTOR_LEVELS_datachk" name="Check_FACTOR_LEVELS_dataset"/>
    <testcase time="0.00399999999990541" classname="FACTOR_LEVELS_datachk" name="Check_FACTOR_LEVELS_dataset"/>
    <testcase time="0.00300000000004275" classname="FACTOR_LEVELS_datachk" name="Check_FACTOR_LEVELS_dataset"/>
    <testcase time="0.00300000000004275" classname="FACTOR_LEVELS_datachk" name="Check_FACTOR_LEVELS_dataset"/>
    <testcase time="0.555999999999926" classname="FACTOR_LEVELS_datachk" name="Check_FACTOR_LEVELS_dataset"/>
    <testcase time="0.00300000000004275" classname="FACTOR_LEVELS_datachk" name="Check_FACTOR_LEVELS_dataset"/>
    <testcase time="0.00199999999995271" classname="FACTOR_LEVELS_datachk" name="Check_FACTOR_LEVELS_dataset"/>
    <testcase time="0.00300000000004275" classname="FACTOR_LEVELS_datachk" name="Check_FACTOR_LEVELS_dataset"/>
    <testcase time="0.00300000000004275" classname="FACTOR_LEVELS_datachk" name="Check_FACTOR_LEVELS_dataset"/>
    <testcase time="0.00299999999992906" classname="FACTOR_LEVELS_datachk" name="Check_FACTOR_LEVELS_dataset"/>
    <testcase time="0.00300000000004275" classname="FACTOR_LEVELS_datachk" name="Check_FACTOR_LEVELS_dataset"/>
    <testcase time="0.285999999999945" classname="FACTOR_LEVELS_datachk" name="Check_FACTOR_LEVELS_dataset"/>
    <testcase time="0.00300000000004275" classname="FACTOR_LEVELS_datachk" name="Check_FACTOR_LEVELS_dataset"/>
    <testcase time="0.0040000000000191" classname="FACTOR_LEVELS_datachk" name="Check_FACTOR_LEVELS_dataset"/>
    <testcase time="0.00299999999992906" classname="FACTOR_LEVELS_datachk" name="Check_FACTOR_LEVELS_dataset"/>
    <testcase time="0.00300000000004275" classname="FACTOR_LEVELS_datachk" name="Check_FACTOR_LEVELS_dataset"/>
    <testcase time="0.00300000000004275" classname="FACTOR_LEVELS_datachk" name="Check_FACTOR_LEVELS_dataset"/>
    <testcase time="0.00299999999992906" classname="FACTOR_LEVELS_datachk" name="Check_FACTOR_LEVELS_dataset"/>
    <testcase time="0.0040000000000191" classname="FACTOR_LEVELS_datachk" name="Check_FACTOR_LEVELS_dataset"/>
    <testcase time="0.00300000000004275" classname="FACTOR_LEVELS_datachk" name="Check_FACTOR_LEVELS_dataset"/>
    <testcase time="0.547000000000025" classname="FACTOR_LEVELS_datachk" name="Check_FACTOR_LEVELS_dataset"/>
    <testcase time="0.00399999999990541" classname="FACTOR_LEVELS_datachk" name="Check_FACTOR_LEVELS_dataset"/>
    <testcase time="0.0040000000000191" classname="FACTOR_LEVELS_datachk" name="Check_FACTOR_LEVELS_dataset"/>
    <testcase time="0.00499999999999545" classname="FACTOR_LEVELS_datachk" name="Check_FACTOR_LEVELS_dataset"/>
    <testcase time="0.0040000000000191" classname="FACTOR_LEVELS_datachk" name="Check_FACTOR_LEVELS_dataset"/>
    <testcase time="0.00300000000004275" classname="FACTOR_LEVELS_datachk" name="Check_FACTOR_LEVELS_dataset"/>
    <testcase time="0.0119999999999436" classname="FACTOR_LEVELS_datachk" name="Check_FACTOR_LEVELS_dataset"/>
    <testcase time="0.279999999999973" classname="FACTOR_LEVELS_datachk" name="Check_FACTOR_LEVELS_dataset"/>
    <testcase time="0.00300000000004275" classname="FACTOR_LEVELS_datachk" name="Check_FACTOR_LEVELS_dataset"/>
    <testcase time="0.0040000000000191" classname="FACTOR_LEVELS_datachk" name="Check_FACTOR_LEVELS_dataset"/>
    <testcase time="0.00300000000004275" classname="FACTOR_LEVELS_datachk" name="Check_FACTOR_LEVELS_dataset"/>
    <testcase time="0.00399999999990541" classname="FACTOR_LEVELS_datachk" name="Check_FACTOR_LEVELS_dataset"/>
    <testcase time="0.00300000000004275" classname="FACTOR_LEVELS_datachk" name="Check_FACTOR_LEVELS_dataset"/>
    <testcase time="0.0040000000000191" classname="FACTOR_LEVELS_datachk" name="Check_FACTOR_LEVELS_dataset"/>
    <testcase time="0.00299999999992906" classname="FACTOR_LEVELS_datachk" name="Check_FACTOR_LEVELS_dataset"/>
    <testcase time="0.0040000000000191" classname="FACTOR_LEVELS_datachk" name="Check_FACTOR_LEVELS_dataset"/>
    <testcase time="0.548999999999978" classname="FACTOR_LEVELS_datachk" name="Check_FACTOR_LEVELS_dataset"/>
    <testcase time="0.0040000000000191" classname="FACTOR_LEVELS_datachk" name="Check_FACTOR_LEVELS_dataset"/>
    <testcase time="0.00300000000004275" classname="FACTOR_LEVELS_datachk" name="Check_FACTOR_LEVELS_dataset"/>
    <testcase time="0.0040000000000191" classname="FACTOR_LEVELS_datachk" name="Check_FACTOR_LEVELS_dataset"/>
    <testcase time="0.0040000000000191" classname="FACTOR_LEVELS_datachk" name="Check_FACTOR_LEVELS_dataset"/>
    <testcase time="0.00499999999999545" classname="FACTOR_LEVELS_datachk" name="Check_FACTOR_LEVELS_dataset"/>
    <testcase time="0.00499999999999545" classname="FACTOR_LEVELS_datachk" name="Check_FACTOR_LEVELS_dataset"/>
    <testcase time="0.293999999999983" classname="FACTOR_LEVELS_datachk" name="Check_FACTOR_LEVELS_dataset"/>
    <testcase time="0.00299999999992906" classname="FACTOR_LEVELS_datachk" name="Check_FACTOR_LEVELS_dataset"/>
    <testcase time="0.00499999999999545" classname="FACTOR_LEVELS_datachk" name="Check_FACTOR_LEVELS_dataset"/>
    <testcase time="0.0040000000000191" classname="FACTOR_LEVELS_datachk" name="Check_FACTOR_LEVELS_dataset"/>
    <testcase time="0.0040000000000191" classname="FACTOR_LEVELS_datachk" name="Check_FACTOR_LEVELS_dataset"/>
    <testcase time="0.0040000000000191" classname="FACTOR_LEVELS_datachk" name="Check_FACTOR_LEVELS_dataset"/>
    <testcase time="0.0040000000000191" classname="FACTOR_LEVELS_datachk" name="Check_FACTOR_LEVELS_dataset"/>
    <testcase time="0.00299999999992906" classname="FACTOR_LEVELS_datachk" name="Check_FACTOR_LEVELS_dataset"/>
    <testcase time="0.0040000000000191" classname="FACTOR_LEVELS_datachk" name="Check_FACTOR_LEVELS_dataset"/>
    <testcase time="0.548000000000002" classname="FACTOR_LEVELS_datachk" name="Check_FACTOR_LEVELS_dataset"/>
    <testcase time="0.0040000000000191" classname="FACTOR_LEVELS_datachk" name="Check_FACTOR_LEVELS_dataset"/>
    <testcase time="0.0040000000000191" classname="FACTOR_LEVELS_datachk" name="Check_FACTOR_LEVELS_dataset"/>
    <testcase time="0.0040000000000191" classname="FACTOR_LEVELS_datachk" name="Check_FACTOR_LEVELS_dataset"/>
    <testcase time="0.0040000000000191" classname="FACTOR_LEVELS_datachk" name="Check_FACTOR_LEVELS_dataset"/>
    <testcase time="0.00399999999990541" classname="FACTOR_LEVELS_datachk" name="Check_FACTOR_LEVELS_dataset"/>
    <testcase time="0.00499999999999545" classname="FACTOR_LEVELS_datachk" name="Check_FACTOR_LEVELS_dataset"/>
    <testcase time="0.276000000000067" classname="FACTOR_LEVELS_datachk" name="Check_FACTOR_LEVELS_dataset"/>
    <testcase time="0.0130000000000337" classname="FACTOR_LEVELS_datachk" name="Check_FACTOR_LEVELS_dataset"/>
    <testcase time="0.00399999999990541" classname="FACTOR_LEVELS_datachk" name="Check_FACTOR_LEVELS_dataset"/>
    <testcase time="0.00499999999999545" classname="FACTOR_LEVELS_datachk" name="Check_FACTOR_LEVELS_dataset"/>
    <testcase time="0.0040000000000191" classname="FACTOR_LEVELS_datachk" name="Check_FACTOR_LEVELS_dataset"/>
    <testcase time="0.0040000000000191" classname="FACTOR_LEVELS_datachk" name="Check_FACTOR_LEVELS_dataset"/>
    <testcase time="0.0040000000000191" classname="FACTOR_LEVELS_datachk" name="Check_FACTOR_LEVELS_dataset"/>
    <testcase time="0.0040000000000191" classname="FACTOR_LEVELS_datachk" name="Check_FACTOR_LEVELS_dataset"/>
    <testcase time="0.0040000000000191" classname="FACTOR_LEVELS_datachk" name="Check_FACTOR_LEVELS_dataset"/>
    <testcase time="0.546999999999912" classname="FACTOR_LEVELS_datachk" name="Check_FACTOR_LEVELS_dataset"/>
    <testcase time="0.0040000000000191" classname="FACTOR_LEVELS_datachk" name="Check_FACTOR_LEVELS_dataset"/>
    <testcase time="0.0040000000000191" classname="FACTOR_LEVELS_datachk" name="Check_FACTOR_LEVELS_dataset"/>
    <testcase time="0.0040000000000191" classname="FACTOR_LEVELS_datachk" name="Check_FACTOR_LEVELS_dataset"/>
    <testcase time="0.00499999999999545" classname="FACTOR_LEVELS_datachk" name="Check_FACTOR_LEVELS_dataset"/>
    <testcase time="0.0040000000000191" classname="FACTOR_LEVELS_datachk" name="Check_FACTOR_LEVELS_dataset"/>
    <testcase time="0.00499999999999545" classname="FACTOR_LEVELS_datachk" name="Check_FACTOR_LEVELS_dataset"/>
    <testcase time="0.283999999999992" classname="FACTOR_LEVELS_datachk" name="Check_FACTOR_LEVELS_dataset"/>
    <testcase time="0.0130000000000337" classname="FACTOR_LEVELS_datachk" name="Check_FACTOR_LEVELS_dataset"/>
    <testcase time="0.00399999999990541" classname="FACTOR_LEVELS_datachk" name="Check_FACTOR_LEVELS_dataset"/>
    <testcase time="0.0040000000000191" classname="FACTOR_LEVELS_datachk" name="Check_FACTOR_LEVELS_dataset"/>
    <testcase time="0.00499999999999545" classname="FACTOR_LEVELS_datachk" name="Check_FACTOR_LEVELS_dataset"/>
    <testcase time="0.0040000000000191" classname="FACTOR_LEVELS_datachk" name="Check_FACTOR_LEVELS_dataset"/>
    <testcase time="0.00499999999999545" classname="FACTOR_LEVELS_datachk" name="Check_FACTOR_LEVELS_dataset"/>
    <testcase time="0.0040000000000191" classname="FACTOR_LEVELS_datachk" name="Check_FACTOR_LEVELS_dataset"/>
    <testcase time="0.0040000000000191" classname="FACTOR_LEVELS_datachk" name="Check_FACTOR_LEVELS_dataset"/>
  </testsuite>
  <testsuite name="FACTOR_LEVELS::datachk::shutdown" timestamp="2020-03-24T20:10:10Z" hostname="fv-az32" tests="3" skipped="0" failures="0" errors="0" time="0.291">
    <testcase time="0.288000000000011" classname="FACTOR_LEVELS_datachk_shutdown" name="shutdown"/>
    <testcase time="0.00199999999995271" classname="FACTOR_LEVELS_datachk_shutdown" name="shutdown"/>
    <testcase time="0.000999999999976353" classname="FACTOR_LEVELS_datachk_shutdown" name="shutdown"/>
  </testsuite>
  <testsuite name="FACTOR_LEVELS::datachk::done" timestamp="2020-03-24T20:10:11Z" hostname="fv-az32" tests="0" skipped="0" failures="0" errors="0" time="0"/>
  <testsuite name="ds.mean::disc::type=both" timestamp="2020-03-24T20:10:16Z" hostname="fv-az32" tests="29" skipped="0" failures="0" errors="0" time="9.221">
    <testcase time="8.89600000000007" classname="ds.mean_disc_type_both" name="mean_values_both_"/>
    <testcase time="0.00199999999995271" classname="ds.mean_disc_type_both" name="mean_values_both_"/>
    <testcase time="0.000999999999976353" classname="ds.mean_disc_type_both" name="mean_values_both_"/>
    <testcase time="0.00200000000006639" classname="ds.mean_disc_type_both" name="mean_values_both_"/>
    <testcase time="0.00199999999995271" classname="ds.mean_disc_type_both" name="mean_values_both_"/>
    <testcase time="0.278999999999996" classname="ds.mean_disc_type_both" name="mean_values_both_"/>
    <testcase time="0.000999999999976353" classname="ds.mean_disc_type_both" name="mean_values_both_"/>
    <testcase time="0.00200000000006639" classname="ds.mean_disc_type_both" name="mean_values_both_"/>
    <testcase time="0.000999999999976353" classname="ds.mean_disc_type_both" name="mean_values_both_"/>
    <testcase time="0.000999999999976353" classname="ds.mean_disc_type_both" name="mean_values_both_"/>
    <testcase time="0.00200000000006639" classname="ds.mean_disc_type_both" name="mean_values_both_"/>
    <testcase time="0.00199999999995271" classname="ds.mean_disc_type_both" name="mean_values_both_"/>
    <testcase time="0.00199999999995271" classname="ds.mean_disc_type_both" name="mean_values_both_"/>
    <testcase time="0.00200000000006639" classname="ds.mean_disc_type_both" name="mean_values_both_"/>
    <testcase time="0.000999999999976353" classname="ds.mean_disc_type_both" name="mean_values_both_"/>
    <testcase time="0.00200000000006639" classname="ds.mean_disc_type_both" name="mean_values_both_"/>
    <testcase time="0.00199999999995271" classname="ds.mean_disc_type_both" name="mean_values_both_"/>
    <testcase time="0.000999999999976353" classname="ds.mean_disc_type_both" name="mean_values_both_"/>
    <testcase time="0.00200000000006639" classname="ds.mean_disc_type_both" name="mean_values_both_"/>
    <testcase time="0.00199999999995271" classname="ds.mean_disc_type_both" name="mean_values_both_"/>
    <testcase time="0.000999999999976353" classname="ds.mean_disc_type_both" name="mean_values_both_"/>
    <testcase time="0.00200000000006639" classname="ds.mean_disc_type_both" name="mean_values_both_"/>
    <testcase time="0.00199999999995271" classname="ds.mean_disc_type_both" name="mean_values_both_"/>
    <testcase time="0.000999999999976353" classname="ds.mean_disc_type_both" name="mean_values_both_"/>
    <testcase time="0.00200000000006639" classname="ds.mean_disc_type_both" name="mean_values_both_"/>
    <testcase time="0.00199999999995271" classname="ds.mean_disc_type_both" name="mean_values_both_"/>
    <testcase time="0.00199999999995271" classname="ds.mean_disc_type_both" name="mean_values_both_"/>
    <testcase time="0.00200000000006639" classname="ds.mean_disc_type_both" name="mean_values_both_"/>
    <testcase time="0.00199999999995271" classname="ds.mean_disc_type_both" name="mean_values_both_"/>
  </testsuite>
  <testsuite name="ds.rm::disc" timestamp="2020-03-24T20:10:25Z" hostname="fv-az32" tests="31" skipped="0" failures="0" errors="0" time="6.343">
    <testcase time="5.46600000000001" classname="ds.rm_disc" name="justovertest"/>
    <testcase time="0.000999999999976353" classname="ds.rm_disc" name="justovertest"/>
    <testcase time="0.00200000000006639" classname="ds.rm_disc" name="justovertest"/>
    <testcase time="0.00199999999995271" classname="ds.rm_disc" name="justovertest"/>
    <testcase time="0.000999999999976353" classname="ds.rm_disc" name="justovertest"/>
    <testcase time="0.00200000000006639" classname="ds.rm_disc" name="justovertest"/>
    <testcase time="0.00199999999995271" classname="ds.rm_disc" name="justovertest"/>
    <testcase time="0.280000000000086" classname="ds.rm_disc" name="justovertest"/>
    <testcase time="0.00199999999995271" classname="ds.rm_disc" name="justovertest"/>
    <testcase time="0.00199999999995271" classname="ds.rm_disc" name="justovertest"/>
    <testcase time="0.00100000000009004" classname="ds.rm_disc" name="justovertest"/>
    <testcase time="0.00199999999995271" classname="ds.rm_disc" name="justovertest"/>
    <testcase time="0.00199999999995271" classname="ds.rm_disc" name="justovertest"/>
    <testcase time="0.00200000000006639" classname="ds.rm_disc" name="justovertest"/>
    <testcase time="0.000999999999976353" classname="ds.rm_disc" name="justovertest"/>
    <testcase time="0.00200000000006639" classname="ds.rm_disc" name="justovertest"/>
    <testcase time="0.00199999999995271" classname="ds.rm_disc" name="justovertest"/>
    <testcase time="0.273000000000025" classname="ds.rm_disc" name="simple_test"/>
    <testcase time="0.00199999999995271" classname="ds.rm_disc" name="simple_test"/>
    <testcase time="0.00200000000006639" classname="ds.rm_disc" name="simple_test"/>
    <testcase time="0.00199999999995271" classname="ds.rm_disc" name="simple_test"/>
    <testcase time="0.00200000000006639" classname="ds.rm_disc" name="simple_test"/>
    <testcase time="0.000999999999976353" classname="ds.rm_disc" name="simple_test"/>
    <testcase time="0.00299999999992906" classname="ds.rm_disc" name="simple_test"/>
    <testcase time="0.276000000000067" classname="ds.rm_disc" name="simple_test"/>
    <testcase time="0.00199999999995271" classname="ds.rm_disc" name="simple_test"/>
    <testcase time="0.000999999999976353" classname="ds.rm_disc" name="simple_test"/>
    <testcase time="0.00200000000006639" classname="ds.rm_disc" name="simple_test"/>
    <testcase time="0.00199999999995271" classname="ds.rm_disc" name="simple_test"/>
    <testcase time="0.000999999999976353" classname="ds.rm_disc" name="simple_test"/>
    <testcase time="0.00200000000006639" classname="ds.rm_disc" name="simple_test"/>
  </testsuite>
  <testsuite name="ds.table::disc" timestamp="2020-03-24T20:10:32Z" hostname="fv-az32" tests="3" skipped="0" failures="0" errors="0" time="10.01">
    <testcase time="10.0069999999999" classname="ds.table_disc" name="table_disclosure"/>
    <testcase time="0.00200000000006639" classname="ds.table_disc" name="table_disclosure"/>
    <testcase time="0.000999999999976353" classname="ds.table_disc" name="table_disclosure"/>
  </testsuite>
  <testsuite name="ds.var::disc::type=both" timestamp="2020-03-24T20:10:41Z" hostname="fv-az32" tests="29" skipped="0" failures="0" errors="0" time="9.155">
    <testcase time="8.81600000000003" classname="ds.var_disc_type_both" name="var_values_both_"/>
    <testcase time="0.000999999999976353" classname="ds.var_disc_type_both" name="var_values_both_"/>
    <testcase time="0.00199999999995271" classname="ds.var_disc_type_both" name="var_values_both_"/>
    <testcase time="0.00200000000006639" classname="ds.var_disc_type_both" name="var_values_both_"/>
    <testcase time="0.00199999999995271" classname="ds.var_disc_type_both" name="var_values_both_"/>
    <testcase time="0.289999999999964" classname="ds.var_disc_type_both" name="var_values_both_"/>
    <testcase time="0.00100000000009004" classname="ds.var_disc_type_both" name="var_values_both_"/>
    <testcase time="0.00199999999995271" classname="ds.var_disc_type_both" name="var_values_both_"/>
    <testcase time="0.00199999999995271" classname="ds.var_disc_type_both" name="var_values_both_"/>
    <testcase time="0.00200000000006639" classname="ds.var_disc_type_both" name="var_values_both_"/>
    <testcase time="0.00199999999995271" classname="ds.var_disc_type_both" name="var_values_both_"/>
    <testcase time="0.00100000000009004" classname="ds.var_disc_type_both" name="var_values_both_"/>
    <testcase time="0.00199999999995271" classname="ds.var_disc_type_both" name="var_values_both_"/>
    <testcase time="0.00199999999995271" classname="ds.var_disc_type_both" name="var_values_both_"/>
    <testcase time="0.00200000000006639" classname="ds.var_disc_type_both" name="var_values_both_"/>
    <testcase time="0.000999999999976353" classname="ds.var_disc_type_both" name="var_values_both_"/>
    <testcase time="0.00199999999995271" classname="ds.var_disc_type_both" name="var_values_both_"/>
    <testcase time="0.00200000000006639" classname="ds.var_disc_type_both" name="var_values_both_"/>
    <testcase time="0.00199999999995271" classname="ds.var_disc_type_both" name="var_values_both_"/>
    <testcase time="0.00200000000006639" classname="ds.var_disc_type_both" name="var_values_both_"/>
    <testcase time="0.000999999999976353" classname="ds.var_disc_type_both" name="var_values_both_"/>
    <testcase time="0.00199999999995271" classname="ds.var_disc_type_both" name="var_values_both_"/>
    <testcase time="0.00200000000006639" classname="ds.var_disc_type_both" name="var_values_both_"/>
    <testcase time="0.00199999999995271" classname="ds.var_disc_type_both" name="var_values_both_"/>
    <testcase time="0.00200000000006639" classname="ds.var_disc_type_both" name="var_values_both_"/>
    <testcase time="0.00199999999995271" classname="ds.var_disc_type_both" name="var_values_both_"/>
    <testcase time="0.00199999999995271" classname="ds.var_disc_type_both" name="var_values_both_"/>
    <testcase time="0.00200000000006639" classname="ds.var_disc_type_both" name="var_values_both_"/>
    <testcase time="0.00199999999995271" classname="ds.var_disc_type_both" name="var_values_both_"/>
  </testsuite>
  <testsuite name="ds.dataFrame()::expt::one_column::single" timestamp="2020-03-24T20:10:46Z" hostname="fv-az32" tests="24" skipped="0" failures="0" errors="0" time="23.144">
    <testcase time="6.34500000000003" classname="ds.dataFrame_expt_one_column_single" name="numeric_data"/>
    <testcase time="0.000999999999976353" classname="ds.dataFrame_expt_one_column_single" name="numeric_data"/>
    <testcase time="0.00200000000006639" classname="ds.dataFrame_expt_one_column_single" name="numeric_data"/>
    <testcase time="2.4079999999999" classname="ds.dataFrame_expt_one_column_single" name="numeric_data"/>
    <testcase time="0.00200000000006639" classname="ds.dataFrame_expt_one_column_single" name="numeric_data"/>
    <testcase time="0.00199999999995271" classname="ds.dataFrame_expt_one_column_single" name="numeric_data"/>
    <testcase time="2.38800000000003" classname="ds.dataFrame_expt_one_column_single" name="numeric_data"/>
    <testcase time="0.00199999999995271" classname="ds.dataFrame_expt_one_column_single" name="numeric_data"/>
    <testcase time="0.00200000000006639" classname="ds.dataFrame_expt_one_column_single" name="numeric_data"/>
    <testcase time="2.41599999999994" classname="ds.dataFrame_expt_one_column_single" name="numeric_data"/>
    <testcase time="0.000999999999976353" classname="ds.dataFrame_expt_one_column_single" name="numeric_data"/>
    <testcase time="0.00199999999995271" classname="ds.dataFrame_expt_one_column_single" name="numeric_data"/>
    <testcase time="2.36400000000003" classname="ds.dataFrame_expt_one_column_single" name="numeric_data"/>
    <testcase time="0.00199999999995271" classname="ds.dataFrame_expt_one_column_single" name="numeric_data"/>
    <testcase time="0.00200000000006639" classname="ds.dataFrame_expt_one_column_single" name="numeric_data"/>
    <testcase time="2.39099999999996" classname="ds.dataFrame_expt_one_column_single" name="numeric_data"/>
    <testcase time="0.00199999999995271" classname="ds.dataFrame_expt_one_column_single" name="numeric_data"/>
    <testcase time="0.00100000000009004" classname="ds.dataFrame_expt_one_column_single" name="numeric_data"/>
    <testcase time="2.40299999999991" classname="ds.dataFrame_expt_one_column_single" name="numeric_data"/>
    <testcase time="0.00100000000009004" classname="ds.dataFrame_expt_one_column_single" name="numeric_data"/>
    <testcase time="0.00199999999995271" classname="ds.dataFrame_expt_one_column_single" name="numeric_data"/>
    <testcase time="2.40099999999995" classname="ds.dataFrame_expt_one_column_single" name="numeric_data"/>
    <testcase time="0.00200000000006639" classname="ds.dataFrame_expt_one_column_single" name="numeric_data"/>
    <testcase time="0.00199999999995271" classname="ds.dataFrame_expt_one_column_single" name="numeric_data"/>
  </testsuite>
  <testsuite name="ds.dataFrame()::expt::several_columns::single" timestamp="2020-03-24T20:11:08Z" hostname="fv-az32" tests="12" skipped="0" failures="0" errors="0" time="9.691">
    <testcase time="6.56200000000001" classname="ds.dataFrame_expt_several_columns_single" name="numeric_data"/>
    <testcase time="0.00200000000006639" classname="ds.dataFrame_expt_several_columns_single" name="numeric_data"/>
    <testcase time="0.000999999999976353" classname="ds.dataFrame_expt_several_columns_single" name="numeric_data"/>
    <testcase time="0.000999999999976353" classname="ds.dataFrame_expt_several_columns_single" name="numeric_data"/>
    <testcase time="0.00300000000004275" classname="ds.dataFrame_expt_several_columns_single" name="numeric_data"/>
    <testcase time="0.000999999999976353" classname="ds.dataFrame_expt_several_columns_single" name="numeric_data"/>
    <testcase time="3.11299999999994" classname="ds.dataFrame_expt_several_columns_single" name="numeric_data"/>
    <testcase time="0.00200000000006639" classname="ds.dataFrame_expt_several_columns_single" name="numeric_data"/>
    <testcase time="0.000999999999976353" classname="ds.dataFrame_expt_several_columns_single" name="numeric_data"/>
    <testcase time="0.00199999999995271" classname="ds.dataFrame_expt_several_columns_single" name="numeric_data"/>
    <testcase time="0.00100000000009004" classname="ds.dataFrame_expt_several_columns_single" name="numeric_data"/>
    <testcase time="0.00199999999995271" classname="ds.dataFrame_expt_several_columns_single" name="numeric_data"/>
  </testsuite>
  <testsuite name="ds.dataFrame()::expt::one_column::multiple" timestamp="2020-03-24T20:11:18Z" hostname="fv-az32" tests="40" skipped="0" failures="0" errors="0" time="30.262">
    <testcase time="8.06700000000001" classname="ds.dataFrame_expt_one_column_multiple" name="numeric_data"/>
    <testcase time="0.00199999999995271" classname="ds.dataFrame_expt_one_column_multiple" name="numeric_data"/>
    <testcase time="0.00100000000009004" classname="ds.dataFrame_expt_one_column_multiple" name="numeric_data"/>
    <testcase time="0.000999999999976353" classname="ds.dataFrame_expt_one_column_multiple" name="numeric_data"/>
    <testcase time="0.00199999999995271" classname="ds.dataFrame_expt_one_column_multiple" name="numeric_data"/>
    <testcase time="3.13499999999999" classname="ds.dataFrame_expt_one_column_multiple" name="numeric_data"/>
    <testcase time="0.00100000000009004" classname="ds.dataFrame_expt_one_column_multiple" name="numeric_data"/>
    <testcase time="0.00199999999995271" classname="ds.dataFrame_expt_one_column_multiple" name="numeric_data"/>
    <testcase time="0.000999999999976353" classname="ds.dataFrame_expt_one_column_multiple" name="numeric_data"/>
    <testcase time="0.00200000000006639" classname="ds.dataFrame_expt_one_column_multiple" name="numeric_data"/>
    <testcase time="3.13599999999997" classname="ds.dataFrame_expt_one_column_multiple" name="numeric_data"/>
    <testcase time="0.00199999999995271" classname="ds.dataFrame_expt_one_column_multiple" name="numeric_data"/>
    <testcase time="0.000999999999976353" classname="ds.dataFrame_expt_one_column_multiple" name="numeric_data"/>
    <testcase time="0.00200000000006639" classname="ds.dataFrame_expt_one_column_multiple" name="numeric_data"/>
    <testcase time="0.000999999999976353" classname="ds.dataFrame_expt_one_column_multiple" name="numeric_data"/>
    <testcase time="3.27600000000007" classname="ds.dataFrame_expt_one_column_multiple" name="numeric_data"/>
    <testcase time="0.00199999999995271" classname="ds.dataFrame_expt_one_column_multiple" name="numeric_data"/>
    <testcase time="0.000999999999976353" classname="ds.dataFrame_expt_one_column_multiple" name="numeric_data"/>
    <testcase time="0.00200000000006639" classname="ds.dataFrame_expt_one_column_multiple" name="numeric_data"/>
    <testcase time="0.00199999999995271" classname="ds.dataFrame_expt_one_column_multiple" name="numeric_data"/>
    <testcase time="3.15599999999995" classname="ds.dataFrame_expt_one_column_multiple" name="numeric_data"/>
    <testcase time="0.00100000000009004" classname="ds.dataFrame_expt_one_column_multiple" name="numeric_data"/>
    <testcase time="0.00199999999995271" classname="ds.dataFrame_expt_one_column_multiple" name="numeric_data"/>
    <testcase time="0.00199999999995271" classname="ds.dataFrame_expt_one_column_multiple" name="numeric_data"/>
    <testcase time="0.00100000000009004" classname="ds.dataFrame_expt_one_column_multiple" name="numeric_data"/>
    <testcase time="3.14099999999996" classname="ds.dataFrame_expt_one_column_multiple" name="numeric_data"/>
    <testcase time="0.00199999999995271" classname="ds.dataFrame_expt_one_column_multiple" name="numeric_data"/>
    <testcase time="0.00200000000006639" classname="ds.dataFrame_expt_one_column_multiple" name="numeric_data"/>
    <testcase time="0.00199999999995271" classname="ds.dataFrame_expt_one_column_multiple" name="numeric_data"/>
    <testcase time="0.00200000000006639" classname="ds.dataFrame_expt_one_column_multiple" name="numeric_data"/>
    <testcase time="3.13699999999994" classname="ds.dataFrame_expt_one_column_multiple" name="numeric_data"/>
    <testcase time="0.00200000000006639" classname="ds.dataFrame_expt_one_column_multiple" name="numeric_data"/>
    <testcase time="0.00199999999995271" classname="ds.dataFrame_expt_one_column_multiple" name="numeric_data"/>
    <testcase time="0.000999999999976353" classname="ds.dataFrame_expt_one_column_multiple" name="numeric_data"/>
    <testcase time="0.00200000000006639" classname="ds.dataFrame_expt_one_column_multiple" name="numeric_data"/>
    <testcase time="3.15999999999997" classname="ds.dataFrame_expt_one_column_multiple" name="numeric_data"/>
    <testcase time="0.00199999999995271" classname="ds.dataFrame_expt_one_column_multiple" name="numeric_data"/>
    <testcase time="0.00200000000006639" classname="ds.dataFrame_expt_one_column_multiple" name="numeric_data"/>
    <testcase time="0.00199999999995271" classname="ds.dataFrame_expt_one_column_multiple" name="numeric_data"/>
    <testcase time="0.00200000000006639" classname="ds.dataFrame_expt_one_column_multiple" name="numeric_data"/>
  </testsuite>
  <testsuite name="ds.dataFrame()::expt::several_columns::single" timestamp="2020-03-24T20:11:48Z" hostname="fv-az32" tests="16" skipped="0" failures="0" errors="0" time="13.147">
    <testcase time="9.14599999999996" classname="ds.dataFrame_expt_several_columns_single" name="numeric_data"/>
    <testcase time="0.000999999999976353" classname="ds.dataFrame_expt_several_columns_single" name="numeric_data"/>
    <testcase time="0.00200000000006639" classname="ds.dataFrame_expt_several_columns_single" name="numeric_data"/>
    <testcase time="0.000999999999976353" classname="ds.dataFrame_expt_several_columns_single" name="numeric_data"/>
    <testcase time="0.00199999999995271" classname="ds.dataFrame_expt_several_columns_single" name="numeric_data"/>
    <testcase time="0.000999999999976353" classname="ds.dataFrame_expt_several_columns_single" name="numeric_data"/>
    <testcase time="0.00200000000006639" classname="ds.dataFrame_expt_several_columns_single" name="numeric_data"/>
    <testcase time="0.000999999999976353" classname="ds.dataFrame_expt_several_columns_single" name="numeric_data"/>
    <testcase time="3.97000000000003" classname="ds.dataFrame_expt_several_columns_single" name="numeric_data"/>
    <testcase time="0.00199999999995271" classname="ds.dataFrame_expt_several_columns_single" name="numeric_data"/>
    <testcase time="0.000999999999976353" classname="ds.dataFrame_expt_several_columns_single" name="numeric_data"/>
    <testcase time="0.0120000000000573" classname="ds.dataFrame_expt_several_columns_single" name="numeric_data"/>
    <testcase time="0.000999999999976353" classname="ds.dataFrame_expt_several_columns_single" name="numeric_data"/>
    <testcase time="0.00200000000006639" classname="ds.dataFrame_expt_several_columns_single" name="numeric_data"/>
    <testcase time="0.000999999999976353" classname="ds.dataFrame_expt_several_columns_single" name="numeric_data"/>
    <testcase time="0.00199999999995271" classname="ds.dataFrame_expt_several_columns_single" name="numeric_data"/>
  </testsuite>
  <testsuite name="ds.dataFrame()::expt::one_column_from_objects::single" timestamp="2020-03-24T20:12:02Z" hostname="fv-az32" tests="16" skipped="0" failures="0" errors="0" time="22.942">
    <testcase time="6.04399999999998" classname="ds.dataFrame_expt_one_column_from_objects_single" name="numeric_data"/>
    <testcase time="0.000999999999976353" classname="ds.dataFrame_expt_one_column_from_objects_single" name="numeric_data"/>
    <testcase time="2.4140000000001" classname="ds.dataFrame_expt_one_column_from_objects_single" name="numeric_data"/>
    <testcase time="0.00199999999995271" classname="ds.dataFrame_expt_one_column_from_objects_single" name="numeric_data"/>
    <testcase time="2.423" classname="ds.dataFrame_expt_one_column_from_objects_single" name="numeric_data"/>
    <testcase time="0.00199999999995271" classname="ds.dataFrame_expt_one_column_from_objects_single" name="numeric_data"/>
    <testcase time="2.44200000000001" classname="ds.dataFrame_expt_one_column_from_objects_single" name="numeric_data"/>
    <testcase time="0.00200000000006639" classname="ds.dataFrame_expt_one_column_from_objects_single" name="numeric_data"/>
    <testcase time="2.39800000000002" classname="ds.dataFrame_expt_one_column_from_objects_single" name="numeric_data"/>
    <testcase time="0.000999999999976353" classname="ds.dataFrame_expt_one_column_from_objects_single" name="numeric_data"/>
    <testcase time="2.41399999999999" classname="ds.dataFrame_expt_one_column_from_objects_single" name="numeric_data"/>
    <testcase time="0.00199999999995271" classname="ds.dataFrame_expt_one_column_from_objects_single" name="numeric_data"/>
    <testcase time="2.40600000000006" classname="ds.dataFrame_expt_one_column_from_objects_single" name="numeric_data"/>
    <testcase time="0.00199999999995271" classname="ds.dataFrame_expt_one_column_from_objects_single" name="numeric_data"/>
    <testcase time="2.38700000000006" classname="ds.dataFrame_expt_one_column_from_objects_single" name="numeric_data"/>
    <testcase time="0.00199999999995271" classname="ds.dataFrame_expt_one_column_from_objects_single" name="numeric_data"/>
  </testsuite>
  <testsuite name="ds.dataFrame()::expt::object::multiple" timestamp="2020-03-24T20:12:25Z" hostname="fv-az32" tests="32" skipped="0" failures="0" errors="0" time="26.847">
    <testcase time="7.67399999999998" classname="ds.dataFrame_expt_object_multiple" name="numeric_data"/>
    <testcase time="0.00200000000006639" classname="ds.dataFrame_expt_object_multiple" name="numeric_data"/>
    <testcase time="0.000999999999976353" classname="ds.dataFrame_expt_object_multiple" name="numeric_data"/>
    <testcase time="0.000999999999976353" classname="ds.dataFrame_expt_object_multiple" name="numeric_data"/>
    <testcase time="2.70100000000002" classname="ds.dataFrame_expt_object_multiple" name="numeric_data"/>
    <testcase time="0.00199999999995271" classname="ds.dataFrame_expt_object_multiple" name="numeric_data"/>
    <testcase time="0.00100000000009004" classname="ds.dataFrame_expt_object_multiple" name="numeric_data"/>
    <testcase time="0.000999999999976353" classname="ds.dataFrame_expt_object_multiple" name="numeric_data"/>
    <testcase time="2.69999999999993" classname="ds.dataFrame_expt_object_multiple" name="numeric_data"/>
    <testcase time="0.00100000000009004" classname="ds.dataFrame_expt_object_multiple" name="numeric_data"/>
    <testcase time="0.00199999999995271" classname="ds.dataFrame_expt_object_multiple" name="numeric_data"/>
    <testcase time="0.00199999999995271" classname="ds.dataFrame_expt_object_multiple" name="numeric_data"/>
    <testcase time="2.80000000000007" classname="ds.dataFrame_expt_object_multiple" name="numeric_data"/>
    <testcase time="0.000999999999976353" classname="ds.dataFrame_expt_object_multiple" name="numeric_data"/>
    <testcase time="0.00199999999995271" classname="ds.dataFrame_expt_object_multiple" name="numeric_data"/>
    <testcase time="0.00200000000006639" classname="ds.dataFrame_expt_object_multiple" name="numeric_data"/>
    <testcase time="2.75199999999995" classname="ds.dataFrame_expt_object_multiple" name="numeric_data"/>
    <testcase time="0.00200000000006639" classname="ds.dataFrame_expt_object_multiple" name="numeric_data"/>
    <testcase time="0.00199999999995271" classname="ds.dataFrame_expt_object_multiple" name="numeric_data"/>
    <testcase time="0.000999999999976353" classname="ds.dataFrame_expt_object_multiple" name="numeric_data"/>
    <testcase time="2.71199999999999" classname="ds.dataFrame_expt_object_multiple" name="numeric_data"/>
    <testcase time="0.00200000000006639" classname="ds.dataFrame_expt_object_multiple" name="numeric_data"/>
    <testcase time="0.00199999999995271" classname="ds.dataFrame_expt_object_multiple" name="numeric_data"/>
    <testcase time="0.000999999999976353" classname="ds.dataFrame_expt_object_multiple" name="numeric_data"/>
    <testcase time="2.726" classname="ds.dataFrame_expt_object_multiple" name="numeric_data"/>
    <testcase time="0.00200000000006639" classname="ds.dataFrame_expt_object_multiple" name="numeric_data"/>
    <testcase time="0.00199999999995271" classname="ds.dataFrame_expt_object_multiple" name="numeric_data"/>
    <testcase time="0.000999999999976353" classname="ds.dataFrame_expt_object_multiple" name="numeric_data"/>
    <testcase time="2.74300000000005" classname="ds.dataFrame_expt_object_multiple" name="numeric_data"/>
    <testcase time="0.00199999999995271" classname="ds.dataFrame_expt_object_multiple" name="numeric_data"/>
    <testcase time="0.00200000000006639" classname="ds.dataFrame_expt_object_multiple" name="numeric_data"/>
    <testcase time="0.00199999999995271" classname="ds.dataFrame_expt_object_multiple" name="numeric_data"/>
  </testsuite>
  <testsuite name="ds.dataFrame()::expt::several_objects::multiple" timestamp="2020-03-24T20:12:51Z" hostname="fv-az32" tests="4" skipped="0" failures="0" errors="0" time="8.946">
    <testcase time="8.94100000000003" classname="ds.dataFrame_expt_several_objects_multiple" name="several_objects"/>
    <testcase time="0.00199999999995271" classname="ds.dataFrame_expt_several_objects_multiple" name="several_objects"/>
    <testcase time="0.00100000000009004" classname="ds.dataFrame_expt_several_objects_multiple" name="several_objects"/>
    <testcase time="0.00199999999995271" classname="ds.dataFrame_expt_several_objects_multiple" name="several_objects"/>
  </testsuite>
  <testsuite name="ds.dataFrame()::expt::non_numeric::multiple" timestamp="2020-03-24T20:13:00Z" hostname="fv-az32" tests="18" skipped="0" failures="0" errors="0" time="16.97">
    <testcase time="8.29600000000005" classname="ds.dataFrame_expt_non_numeric_multiple" name="non_numeric"/>
    <testcase time="0.000999999999976353" classname="ds.dataFrame_expt_non_numeric_multiple" name="non_numeric"/>
    <testcase time="0.000999999999976353" classname="ds.dataFrame_expt_non_numeric_multiple" name="non_numeric"/>
    <testcase time="0.00199999999995271" classname="ds.dataFrame_expt_non_numeric_multiple" name="non_numeric"/>
    <testcase time="0.00100000000009004" classname="ds.dataFrame_expt_non_numeric_multiple" name="non_numeric"/>
    <testcase time="3.13999999999999" classname="ds.dataFrame_expt_non_numeric_multiple" name="non_numeric"/>
    <testcase time="0.00199999999995271" classname="ds.dataFrame_expt_non_numeric_multiple" name="non_numeric"/>
    <testcase time="0.000999999999976353" classname="ds.dataFrame_expt_non_numeric_multiple" name="non_numeric"/>
    <testcase time="0.00100000000009004" classname="ds.dataFrame_expt_non_numeric_multiple" name="non_numeric"/>
    <testcase time="0.00199999999995271" classname="ds.dataFrame_expt_non_numeric_multiple" name="non_numeric"/>
    <testcase time="2.73400000000004" classname="ds.dataFrame_expt_non_numeric_multiple" name="non_numeric"/>
    <testcase time="0.000999999999976353" classname="ds.dataFrame_expt_non_numeric_multiple" name="non_numeric"/>
    <testcase time="0.000999999999976353" classname="ds.dataFrame_expt_non_numeric_multiple" name="non_numeric"/>
    <testcase time="0.00200000000006639" classname="ds.dataFrame_expt_non_numeric_multiple" name="non_numeric"/>
    <testcase time="2.77999999999997" classname="ds.dataFrame_expt_non_numeric_multiple" name="non_numeric"/>
    <testcase time="0.000999999999976353" classname="ds.dataFrame_expt_non_numeric_multiple" name="non_numeric"/>
    <testcase time="0.00200000000006639" classname="ds.dataFrame_expt_non_numeric_multiple" name="non_numeric"/>
    <testcase time="0.00199999999995271" classname="ds.dataFrame_expt_non_numeric_multiple" name="non_numeric"/>
  </testsuite>
  <testsuite name="ds.dataFrame()::expt::non_numeric::multiple" timestamp="2020-03-24T20:13:17Z" hostname="fv-az32" tests="10" skipped="0" failures="0" errors="0" time="13.188">
    <testcase time="5.90899999999999" classname="ds.dataFrame_expt_non_numeric_multiple" name="_unnamed_"/>
    <testcase time="0.00199999999995271" classname="ds.dataFrame_expt_non_numeric_multiple" name="_unnamed_"/>
    <testcase time="0.00100000000009004" classname="ds.dataFrame_expt_non_numeric_multiple" name="_unnamed_"/>
    <testcase time="2.40099999999995" classname="ds.dataFrame_expt_non_numeric_multiple" name="_unnamed_"/>
    <testcase time="0.00200000000006639" classname="ds.dataFrame_expt_non_numeric_multiple" name="_unnamed_"/>
    <testcase time="0.000999999999976353" classname="ds.dataFrame_expt_non_numeric_multiple" name="_unnamed_"/>
    <testcase time="2.40699999999993" classname="ds.dataFrame_expt_non_numeric_multiple" name="_unnamed_"/>
    <testcase time="0.00200000000006639" classname="ds.dataFrame_expt_non_numeric_multiple" name="_unnamed_"/>
    <testcase time="2.46199999999999" classname="ds.dataFrame_expt_non_numeric_multiple" name="_unnamed_"/>
    <testcase time="0.000999999999976353" classname="ds.dataFrame_expt_non_numeric_multiple" name="_unnamed_"/>
  </testsuite>
  <testsuite name="ds.glmerSLMA::expt::setup" timestamp="2020-03-24T20:13:30Z" hostname="fv-az32" tests="3" skipped="0" failures="0" errors="0" time="5.084">
    <testcase time="5.08100000000002" classname="ds.glmerSLMA_expt_setup" name="setup"/>
    <testcase time="0.000999999999976353" classname="ds.glmerSLMA_expt_setup" name="setup"/>
    <testcase time="0.00200000000006639" classname="ds.glmerSLMA_expt_setup" name="setup"/>
  </testsuite>
  <testsuite name="ds.glmerSLMA()::expt::int::multiple" timestamp="2020-03-24T20:13:36Z" hostname="fv-az32" tests="1" skipped="0" failures="0" errors="0" time="5.501">
    <testcase time="5.50099999999998" classname="ds.glmerSLMA_expt_int_multiple" name="linear_mixed_model_with_2_levels_of_hierarchy"/>
  </testsuite>
  <testsuite name="ds.lmerSLMA::expt::done" timestamp="2020-03-24T20:13:42Z" hostname="fv-az32" tests="0" skipped="0" failures="0" errors="0" time="0"/>
  <testsuite name="ds.lmerSLMA::expt::setup" timestamp="2020-03-24T20:13:42Z" hostname="fv-az32" tests="3" skipped="0" failures="0" errors="0" time="5.629">
    <testcase time="5.62599999999998" classname="ds.lmerSLMA_expt_setup" name="setup"/>
    <testcase time="0.000999999999976353" classname="ds.lmerSLMA_expt_setup" name="setup"/>
    <testcase time="0.00200000000006639" classname="ds.lmerSLMA_expt_setup" name="setup"/>
  </testsuite>
  <testsuite name="ds.lmerSLMA()::expt::int::multiple" timestamp="2020-03-24T20:13:47Z" hostname="fv-az32" tests="2" skipped="0" failures="0" errors="0" time="3.087">
    <testcase time="3.0329999999999" classname="ds.lmerSLMA_expt_int_multiple" name="linear_mixed_model_with_2_levels_of_hierarchy"/>
    <testcase time="0.0540000000000873" classname="ds.lmerSLMA_expt_int_multiple" name="linear_mixed_model_with_2_levels_of_hierarchy"/>
  </testsuite>
  <testsuite name="ds.lmerSLMA::expt::done" timestamp="2020-03-24T20:13:50Z" hostname="fv-az32" tests="0" skipped="0" failures="0" errors="0" time="0"/>
  <testsuite name="ds.mean()::expt::combine::multiple" timestamp="2020-03-24T20:13:50Z" hostname="fv-az32" tests="8" skipped="0" failures="0" errors="0" time="15.386">
    <testcase time="6.71699999999998" classname="ds.mean_expt_combine_multiple" name="combined_data_set"/>
    <testcase time="1.24599999999998" classname="ds.mean_expt_combine_multiple" name="combined_data_set"/>
    <testcase time="1.23000000000002" classname="ds.mean_expt_combine_multiple" name="combined_data_set"/>
    <testcase time="1.24900000000002" classname="ds.mean_expt_combine_multiple" name="combined_data_set"/>
    <testcase time="1.22699999999998" classname="ds.mean_expt_combine_multiple" name="combined_data_set"/>
    <testcase time="1.24599999999998" classname="ds.mean_expt_combine_multiple" name="combined_data_set"/>
    <testcase time="1.23400000000004" classname="ds.mean_expt_combine_multiple" name="combined_data_set"/>
    <testcase time="1.23699999999997" classname="ds.mean_expt_combine_multiple" name="combined_data_set"/>
  </testsuite>
  <testsuite name="ds.mean()::expt::split::multiple" timestamp="2020-03-24T20:14:05Z" hostname="fv-az32" tests="24" skipped="0" failures="0" errors="0" time="15.065">
    <testcase time="6.404" classname="ds.mean_expt_split_multiple" name="split_data_set"/>
    <testcase time="0.000999999999976353" classname="ds.mean_expt_split_multiple" name="split_data_set"/>
    <testcase time="0.00200000000006639" classname="ds.mean_expt_split_multiple" name="split_data_set"/>
    <testcase time="1.23299999999995" classname="ds.mean_expt_split_multiple" name="split_data_set"/>
    <testcase time="0.00100000000009004" classname="ds.mean_expt_split_multiple" name="split_data_set"/>
    <testcase time="0.00199999999995271" classname="ds.mean_expt_split_multiple" name="split_data_set"/>
    <testcase time="1.22699999999998" classname="ds.mean_expt_split_multiple" name="split_data_set"/>
    <testcase time="0.00200000000006639" classname="ds.mean_expt_split_multiple" name="split_data_set"/>
    <testcase time="0.00199999999995271" classname="ds.mean_expt_split_multiple" name="split_data_set"/>
    <testcase time="1.23500000000001" classname="ds.mean_expt_split_multiple" name="split_data_set"/>
    <testcase time="0.00199999999995271" classname="ds.mean_expt_split_multiple" name="split_data_set"/>
    <testcase time="0.00200000000006639" classname="ds.mean_expt_split_multiple" name="split_data_set"/>
    <testcase time="1.23099999999999" classname="ds.mean_expt_split_multiple" name="split_data_set"/>
    <testcase time="0.00199999999995271" classname="ds.mean_expt_split_multiple" name="split_data_set"/>
    <testcase time="0.00200000000006639" classname="ds.mean_expt_split_multiple" name="split_data_set"/>
    <testcase time="1.24000000000001" classname="ds.mean_expt_split_multiple" name="split_data_set"/>
    <testcase time="0.00199999999995271" classname="ds.mean_expt_split_multiple" name="split_data_set"/>
    <testcase time="0.00300000000004275" classname="ds.mean_expt_split_multiple" name="split_data_set"/>
    <testcase time="1.23199999999997" classname="ds.mean_expt_split_multiple" name="split_data_set"/>
    <testcase time="0.00199999999995271" classname="ds.mean_expt_split_multiple" name="split_data_set"/>
    <testcase time="0.00200000000006639" classname="ds.mean_expt_split_multiple" name="split_data_set"/>
    <testcase time="1.23199999999997" classname="ds.mean_expt_split_multiple" name="split_data_set"/>
    <testcase time="0.00199999999995271" classname="ds.mean_expt_split_multiple" name="split_data_set"/>
    <testcase time="0.00200000000006639" classname="ds.mean_expt_split_multiple" name="split_data_set"/>
  </testsuite>
  <testsuite name="ds.mean()::expt::single" timestamp="2020-03-24T20:14:20Z" hostname="fv-az32" tests="8" skipped="0" failures="0" errors="0" time="9.321">
    <testcase time="4.35299999999995" classname="ds.mean_expt_single" name="combined_data_set"/>
    <testcase time="0.706999999999994" classname="ds.mean_expt_single" name="combined_data_set"/>
    <testcase time="0.704000000000065" classname="ds.mean_expt_single" name="combined_data_set"/>
    <testcase time="0.703999999999951" classname="ds.mean_expt_single" name="combined_data_set"/>
    <testcase time="0.710000000000036" classname="ds.mean_expt_single" name="combined_data_set"/>
    <testcase time="0.720000000000027" classname="ds.mean_expt_single" name="combined_data_set"/>
    <testcase time="0.711999999999989" classname="ds.mean_expt_single" name="combined_data_set"/>
    <testcase time="0.711000000000013" classname="ds.mean_expt_single" name="combined_data_set"/>
  </testsuite>
  <testsuite name="ds.mean()::expt::large_values::single" timestamp="2020-03-24T20:14:30Z" hostname="fv-az32" tests="8" skipped="0" failures="0" errors="0" time="14.85">
    <testcase time="4.81899999999996" classname="ds.mean_expt_large_values_single" name="combined_data_set"/>
    <testcase time="1.42599999999993" classname="ds.mean_expt_large_values_single" name="combined_data_set"/>
    <testcase time="1.43500000000006" classname="ds.mean_expt_large_values_single" name="combined_data_set"/>
    <testcase time="1.41599999999994" classname="ds.mean_expt_large_values_single" name="combined_data_set"/>
    <testcase time="1.42400000000009" classname="ds.mean_expt_large_values_single" name="combined_data_set"/>
    <testcase time="1.428" classname="ds.mean_expt_large_values_single" name="combined_data_set"/>
    <testcase time="1.46799999999996" classname="ds.mean_expt_large_values_single" name="combined_data_set"/>
    <testcase time="1.43399999999997" classname="ds.mean_expt_large_values_single" name="combined_data_set"/>
  </testsuite>
  <testsuite name="ds.mean()::expt::large_values::multiple" timestamp="2020-03-24T20:14:44Z" hostname="fv-az32" tests="8" skipped="0" failures="0" errors="0" time="21.634">
    <testcase time="7.096" classname="ds.mean_expt_large_values_multiple" name="combined_data_set"/>
    <testcase time="2.05200000000002" classname="ds.mean_expt_large_values_multiple" name="combined_data_set"/>
    <testcase time="2.07500000000005" classname="ds.mean_expt_large_values_multiple" name="combined_data_set"/>
    <testcase time="2.04999999999995" classname="ds.mean_expt_large_values_multiple" name="combined_data_set"/>
    <testcase time="2.06500000000005" classname="ds.mean_expt_large_values_multiple" name="combined_data_set"/>
    <testcase time="2.07599999999991" classname="ds.mean_expt_large_values_multiple" name="combined_data_set"/>
    <testcase time="2.16800000000001" classname="ds.mean_expt_large_values_multiple" name="combined_data_set"/>
    <testcase time="2.05200000000002" classname="ds.mean_expt_large_values_multiple" name="combined_data_set"/>
  </testsuite>
  <testsuite name="ds.reshape()::expt::multiple" timestamp="2020-03-24T20:15:06Z" hostname="fv-az32" tests="1" skipped="1" failures="0" errors="0" time="0.799">
    <testcase time="0.798999999999978" classname="ds.reshape_expt_multiple" name="copy_and_transform">
      <skipped/>
    </testcase>
  </testsuite>
  <testsuite name="ds.table::expt::setup" timestamp="2020-03-24T20:15:07Z" hostname="fv-az32" tests="1" skipped="0" failures="0" errors="1" time="0.015">
    <testcase time="0.0150000000001" classname="ds.table_expt_setup" name="_unnamed_">
      <error type="error" message="could not find function &quot;connect.testing.group.dataset.1&quot; (@test-expt-ds.table.R#12)">could not find function "connect.testing.group.dataset.1"</error>
    </testcase>
  </testsuite>
  <testsuite name="ds.var()::expt::multiple" timestamp="2020-03-24T20:15:07Z" hostname="fv-az32" tests="8" skipped="0" failures="0" errors="0" time="14.789">
    <testcase time="6.17999999999995" classname="ds.var_expt_multiple" name="combined_data_set"/>
    <testcase time="1.24099999999999" classname="ds.var_expt_multiple" name="combined_data_set"/>
    <testcase time="1.23000000000002" classname="ds.var_expt_multiple" name="combined_data_set"/>
    <testcase time="1.23099999999999" classname="ds.var_expt_multiple" name="combined_data_set"/>
    <testcase time="1.226" classname="ds.var_expt_multiple" name="combined_data_set"/>
    <testcase time="1.22900000000004" classname="ds.var_expt_multiple" name="combined_data_set"/>
    <testcase time="1.2349999999999" classname="ds.var_expt_multiple" name="combined_data_set"/>
    <testcase time="1.2170000000001" classname="ds.var_expt_multiple" name="combined_data_set"/>
  </testsuite>
  <testsuite name="ds.var()::expt::single" timestamp="2020-03-24T20:15:22Z" hostname="fv-az32" tests="24" skipped="0" failures="0" errors="0" time="14.976">
    <testcase time="6.34499999999991" classname="ds.var_expt_single" name="split_data_set"/>
    <testcase time="0.00200000000006639" classname="ds.var_expt_single" name="split_data_set"/>
    <testcase time="0.00199999999995271" classname="ds.var_expt_single" name="split_data_set"/>
    <testcase time="1.23099999999999" classname="ds.var_expt_single" name="split_data_set"/>
    <testcase time="0.00200000000006639" classname="ds.var_expt_single" name="split_data_set"/>
    <testcase time="0.000999999999976353" classname="ds.var_expt_single" name="split_data_set"/>
    <testcase time="1.22299999999996" classname="ds.var_expt_single" name="split_data_set"/>
    <testcase time="0.00200000000006639" classname="ds.var_expt_single" name="split_data_set"/>
    <testcase time="0.00199999999995271" classname="ds.var_expt_single" name="split_data_set"/>
    <testcase time="1.22800000000007" classname="ds.var_expt_single" name="split_data_set"/>
    <testcase time="0.00199999999995271" classname="ds.var_expt_single" name="split_data_set"/>
    <testcase time="0.000999999999976353" classname="ds.var_expt_single" name="split_data_set"/>
    <testcase time="1.22800000000007" classname="ds.var_expt_single" name="split_data_set"/>
    <testcase time="0.00199999999995271" classname="ds.var_expt_single" name="split_data_set"/>
    <testcase time="0.00199999999995271" classname="ds.var_expt_single" name="split_data_set"/>
    <testcase time="1.221" classname="ds.var_expt_single" name="split_data_set"/>
    <testcase time="0.00900000000001455" classname="ds.var_expt_single" name="split_data_set"/>
    <testcase time="0.00200000000006639" classname="ds.var_expt_single" name="split_data_set"/>
    <testcase time="1.23299999999995" classname="ds.var_expt_single" name="split_data_set"/>
    <testcase time="0.00200000000006639" classname="ds.var_expt_single" name="split_data_set"/>
    <testcase time="0.00199999999995271" classname="ds.var_expt_single" name="split_data_set"/>
    <testcase time="1.23000000000002" classname="ds.var_expt_single" name="split_data_set"/>
    <testcase time="0.00199999999995271" classname="ds.var_expt_single" name="split_data_set"/>
    <testcase time="0.00200000000006639" classname="ds.var_expt_single" name="split_data_set"/>
  </testsuite>
  <testsuite name="ds.var()::expt::large_values::multiple" timestamp="2020-03-24T20:15:37Z" hostname="fv-az32" tests="8" skipped="0" failures="0" errors="0" time="21.718">
    <testcase time="7.17899999999997" classname="ds.var_expt_large_values_multiple" name="large_values"/>
    <testcase time="2.072" classname="ds.var_expt_large_values_multiple" name="large_values"/>
    <testcase time="2.048" classname="ds.var_expt_large_values_multiple" name="large_values"/>
    <testcase time="2.05099999999993" classname="ds.var_expt_large_values_multiple" name="large_values"/>
    <testcase time="2.0390000000001" classname="ds.var_expt_large_values_multiple" name="large_values"/>
    <testcase time="2.13499999999999" classname="ds.var_expt_large_values_multiple" name="large_values"/>
    <testcase time="2.154" classname="ds.var_expt_large_values_multiple" name="large_values"/>
    <testcase time="2.03999999999996" classname="ds.var_expt_large_values_multiple" name="large_values"/>
  </testsuite>
  <testsuite name="ds.var()::expt::large_values::single" timestamp="2020-03-24T20:15:58Z" hostname="fv-az32" tests="8" skipped="0" failures="0" errors="0" time="15.035">
    <testcase time="5.01400000000001" classname="ds.var_expt_large_values_single" name="large_values"/>
    <testcase time="1.41899999999998" classname="ds.var_expt_large_values_single" name="large_values"/>
    <testcase time="1.42399999999998" classname="ds.var_expt_large_values_single" name="large_values"/>
    <testcase time="1.42100000000005" classname="ds.var_expt_large_values_single" name="large_values"/>
    <testcase time="1.42399999999998" classname="ds.var_expt_large_values_single" name="large_values"/>
    <testcase time="1.43399999999997" classname="ds.var_expt_large_values_single" name="large_values"/>
    <testcase time="1.47900000000004" classname="ds.var_expt_large_values_single" name="large_values"/>
    <testcase time="1.41999999999996" classname="ds.var_expt_large_values_single" name="large_values"/>
  </testsuite>
  <testsuite name="ds.asFactor()::math::multiple" timestamp="2020-03-24T20:16:13Z" hostname="fv-az32" tests="9" skipped="0" failures="0" errors="0" time="12.358">
    <testcase time="5.79200000000003" classname="ds.asFactor_math_multiple" name="every_factor_should_be_unique"/>
    <testcase time="0.823999999999955" classname="ds.asFactor_math_multiple" name="every_factor_should_be_unique"/>
    <testcase time="0.826999999999998" classname="ds.asFactor_math_multiple" name="every_factor_should_be_unique"/>
    <testcase time="0.824000000000069" classname="ds.asFactor_math_multiple" name="every_factor_should_be_unique"/>
    <testcase time="0.821000000000026" classname="ds.asFactor_math_multiple" name="every_factor_should_be_unique"/>
    <testcase time="0.822999999999979" classname="ds.asFactor_math_multiple" name="every_factor_should_be_unique"/>
    <testcase time="0.828999999999951" classname="ds.asFactor_math_multiple" name="every_factor_should_be_unique"/>
    <testcase time="0.805000000000064" classname="ds.asFactor_math_multiple" name="every_factor_should_be_unique"/>
    <testcase time="0.812999999999988" classname="ds.asFactor_math_multiple" name="every_factor_should_be_unique"/>
  </testsuite>
  <testsuite name="ds.asFactor()::math::multiple" timestamp="2020-03-24T20:16:26Z" hostname="fv-az32" tests="9" skipped="0" failures="0" errors="0" time="10.061">
    <testcase time="4.30199999999991" classname="ds.asFactor_math_multiple" name="every_factor_should_be_unique"/>
    <testcase time="0.715000000000146" classname="ds.asFactor_math_multiple" name="every_factor_should_be_unique"/>
    <testcase time="0.715999999999894" classname="ds.asFactor_math_multiple" name="every_factor_should_be_unique"/>
    <testcase time="0.720000000000027" classname="ds.asFactor_math_multiple" name="every_factor_should_be_unique"/>
    <testcase time="0.717000000000098" classname="ds.asFactor_math_multiple" name="every_factor_should_be_unique"/>
    <testcase time="0.721000000000004" classname="ds.asFactor_math_multiple" name="every_factor_should_be_unique"/>
    <testcase time="0.721000000000004" classname="ds.asFactor_math_multiple" name="every_factor_should_be_unique"/>
    <testcase time="0.728999999999814" classname="ds.asFactor_math_multiple" name="every_factor_should_be_unique"/>
    <testcase time="0.720000000000027" classname="ds.asFactor_math_multiple" name="every_factor_should_be_unique"/>
  </testsuite>
  <testsuite name="ds.make()::math::transformation::multiple" timestamp="2020-03-24T20:16:36Z" hostname="fv-az32" tests="64" skipped="0" failures="0" errors="0" time="179.481">
    <testcase time="10.4880000000001" classname="ds.make_math_transformation_multiple" name="transformation"/>
    <testcase time="0.000999999999976353" classname="ds.make_math_transformation_multiple" name="transformation"/>
    <testcase time="5.46800000000007" classname="ds.make_math_transformation_multiple" name="transformation"/>
    <testcase time="0.000999999999976353" classname="ds.make_math_transformation_multiple" name="transformation"/>
    <testcase time="5.46800000000007" classname="ds.make_math_transformation_multiple" name="transformation"/>
    <testcase time="0.00199999999995271" classname="ds.make_math_transformation_multiple" name="transformation"/>
    <testcase time="5.43299999999999" classname="ds.make_math_transformation_multiple" name="transformation"/>
    <testcase time="0.00199999999995271" classname="ds.make_math_transformation_multiple" name="transformation"/>
    <testcase time="5.42000000000007" classname="ds.make_math_transformation_multiple" name="transformation"/>
    <testcase time="0.00199999999995271" classname="ds.make_math_transformation_multiple" name="transformation"/>
    <testcase time="5.48099999999999" classname="ds.make_math_transformation_multiple" name="transformation"/>
    <testcase time="0.000999999999976353" classname="ds.make_math_transformation_multiple" name="transformation"/>
    <testcase time="5.40699999999993" classname="ds.make_math_transformation_multiple" name="transformation"/>
    <testcase time="0.00100000000020373" classname="ds.make_math_transformation_multiple" name="transformation"/>
    <testcase time="5.45399999999995" classname="ds.make_math_transformation_multiple" name="transformation"/>
    <testcase time="0.00199999999995271" classname="ds.make_math_transformation_multiple" name="transformation"/>
    <testcase time="5.48099999999999" classname="ds.make_math_transformation_multiple" name="transformation"/>
    <testcase time="0.00199999999995271" classname="ds.make_math_transformation_multiple" name="transformation"/>
    <testcase time="5.452" classname="ds.make_math_transformation_multiple" name="transformation"/>
    <testcase time="0.00199999999995271" classname="ds.make_math_transformation_multiple" name="transformation"/>
    <testcase time="5.46600000000012" classname="ds.make_math_transformation_multiple" name="transformation"/>
    <testcase time="0.00199999999995271" classname="ds.make_math_transformation_multiple" name="transformation"/>
    <testcase time="5.47399999999993" classname="ds.make_math_transformation_multiple" name="transformation"/>
    <testcase time="0.00200000000018008" classname="ds.make_math_transformation_multiple" name="transformation"/>
    <testcase time="5.44599999999991" classname="ds.make_math_transformation_multiple" name="transformation"/>
    <testcase time="0.00199999999995271" classname="ds.make_math_transformation_multiple" name="transformation"/>
    <testcase time="5.46800000000007" classname="ds.make_math_transformation_multiple" name="transformation"/>
    <testcase time="0.00199999999995271" classname="ds.make_math_transformation_multiple" name="transformation"/>
    <testcase time="5.452" classname="ds.make_math_transformation_multiple" name="transformation"/>
    <testcase time="0.00199999999995271" classname="ds.make_math_transformation_multiple" name="transformation"/>
    <testcase time="5.47800000000007" classname="ds.make_math_transformation_multiple" name="transformation"/>
    <testcase time="0.000999999999976353" classname="ds.make_math_transformation_multiple" name="transformation"/>
    <testcase time="5.46900000000005" classname="ds.make_math_transformation_multiple" name="transformation"/>
    <testcase time="0.00199999999995271" classname="ds.make_math_transformation_multiple" name="transformation"/>
    <testcase time="5.43399999999997" classname="ds.make_math_transformation_multiple" name="transformation"/>
    <testcase time="0.012000000000171" classname="ds.make_math_transformation_multiple" name="transformation"/>
    <testcase time="5.41799999999989" classname="ds.make_math_transformation_multiple" name="transformation"/>
    <testcase time="0.00199999999995271" classname="ds.make_math_transformation_multiple" name="transformation"/>
    <testcase time="5.46000000000004" classname="ds.make_math_transformation_multiple" name="transformation"/>
    <testcase time="0.00199999999995271" classname="ds.make_math_transformation_multiple" name="transformation"/>
    <testcase time="5.46199999999999" classname="ds.make_math_transformation_multiple" name="transformation"/>
    <testcase time="0.00200000000018008" classname="ds.make_math_transformation_multiple" name="transformation"/>
    <testcase time="5.42999999999984" classname="ds.make_math_transformation_multiple" name="transformation"/>
    <testcase time="0.00200000000018008" classname="ds.make_math_transformation_multiple" name="transformation"/>
    <testcase time="5.42999999999984" classname="ds.make_math_transformation_multiple" name="transformation"/>
    <testcase time="0.00300000000015643" classname="ds.make_math_transformation_multiple" name="transformation"/>
    <testcase time="5.43099999999981" classname="ds.make_math_transformation_multiple" name="transformation"/>
    <testcase time="0.00200000000018008" classname="ds.make_math_transformation_multiple" name="transformation"/>
    <testcase time="5.42699999999991" classname="ds.make_math_transformation_multiple" name="transformation"/>
    <testcase time="0.00199999999995271" classname="ds.make_math_transformation_multiple" name="transformation"/>
    <testcase time="5.45299999999997" classname="ds.make_math_transformation_multiple" name="transformation"/>
    <testcase time="0.00200000000018008" classname="ds.make_math_transformation_multiple" name="transformation"/>
    <testcase time="5.44399999999996" classname="ds.make_math_transformation_multiple" name="transformation"/>
    <testcase time="0.00199999999995271" classname="ds.make_math_transformation_multiple" name="transformation"/>
    <testcase time="5.44700000000012" classname="ds.make_math_transformation_multiple" name="transformation"/>
    <testcase time="0.00199999999995271" classname="ds.make_math_transformation_multiple" name="transformation"/>
    <testcase time="5.43000000000006" classname="ds.make_math_transformation_multiple" name="transformation"/>
    <testcase time="0.00199999999995271" classname="ds.make_math_transformation_multiple" name="transformation"/>
    <testcase time="5.46000000000004" classname="ds.make_math_transformation_multiple" name="transformation"/>
    <testcase time="0.00399999999990541" classname="ds.make_math_transformation_multiple" name="transformation"/>
    <testcase time="5.4369999999999" classname="ds.make_math_transformation_multiple" name="transformation"/>
    <testcase time="0.00299999999992906" classname="ds.make_math_transformation_multiple" name="transformation"/>
    <testcase time="5.43900000000008" classname="ds.make_math_transformation_multiple" name="transformation"/>
    <testcase time="0.00299999999992906" classname="ds.make_math_transformation_multiple" name="transformation"/>
  </testsuite>
  <testsuite name="ds.mean()::math::residual::multiple" timestamp="2020-03-24T20:19:35Z" hostname="fv-az32" tests="32" skipped="0" failures="0" errors="0" time="24.909">
    <testcase time="6.38599999999997" classname="ds.mean_math_residual_multiple" name="residual_deviation_tends_to_0"/>
    <testcase time="1.23000000000002" classname="ds.mean_math_residual_multiple" name="residual_deviation_tends_to_0"/>
    <testcase time="1.221" classname="ds.mean_math_residual_multiple" name="residual_deviation_tends_to_0"/>
    <testcase time="1.221" classname="ds.mean_math_residual_multiple" name="residual_deviation_tends_to_0"/>
    <testcase time="1.21499999999992" classname="ds.mean_math_residual_multiple" name="residual_deviation_tends_to_0"/>
    <testcase time="1.2170000000001" classname="ds.mean_math_residual_multiple" name="residual_deviation_tends_to_0"/>
    <testcase time="1.22399999999993" classname="ds.mean_math_residual_multiple" name="residual_deviation_tends_to_0"/>
    <testcase time="1.23500000000013" classname="ds.mean_math_residual_multiple" name="residual_deviation_tends_to_0"/>
    <testcase time="1.23899999999981" classname="ds.mean_math_residual_multiple" name="residual_deviation_tends_to_0"/>
    <testcase time="0.00200000000018008" classname="ds.mean_math_residual_multiple" name="residual_deviation_tends_to_0"/>
    <testcase time="0.000999999999976353" classname="ds.mean_math_residual_multiple" name="residual_deviation_tends_to_0"/>
    <testcase time="1.22199999999998" classname="ds.mean_math_residual_multiple" name="residual_deviation_tends_to_0"/>
    <testcase time="0.000999999999976353" classname="ds.mean_math_residual_multiple" name="residual_deviation_tends_to_0"/>
    <testcase time="0.00199999999995271" classname="ds.mean_math_residual_multiple" name="residual_deviation_tends_to_0"/>
    <testcase time="1.21199999999999" classname="ds.mean_math_residual_multiple" name="residual_deviation_tends_to_0"/>
    <testcase time="0.000999999999976353" classname="ds.mean_math_residual_multiple" name="residual_deviation_tends_to_0"/>
    <testcase time="0.00199999999995271" classname="ds.mean_math_residual_multiple" name="residual_deviation_tends_to_0"/>
    <testcase time="1.221" classname="ds.mean_math_residual_multiple" name="residual_deviation_tends_to_0"/>
    <testcase time="0.00200000000018008" classname="ds.mean_math_residual_multiple" name="residual_deviation_tends_to_0"/>
    <testcase time="0.000999999999976353" classname="ds.mean_math_residual_multiple" name="residual_deviation_tends_to_0"/>
    <testcase time="1.23000000000002" classname="ds.mean_math_residual_multiple" name="residual_deviation_tends_to_0"/>
    <testcase time="0.00199999999995271" classname="ds.mean_math_residual_multiple" name="residual_deviation_tends_to_0"/>
    <testcase time="0.00199999999995271" classname="ds.mean_math_residual_multiple" name="residual_deviation_tends_to_0"/>
    <testcase time="1.23000000000002" classname="ds.mean_math_residual_multiple" name="residual_deviation_tends_to_0"/>
    <testcase time="0.000999999999976353" classname="ds.mean_math_residual_multiple" name="residual_deviation_tends_to_0"/>
    <testcase time="0.00199999999995271" classname="ds.mean_math_residual_multiple" name="residual_deviation_tends_to_0"/>
    <testcase time="1.36000000000013" classname="ds.mean_math_residual_multiple" name="residual_deviation_tends_to_0"/>
    <testcase time="0.000999999999976353" classname="ds.mean_math_residual_multiple" name="residual_deviation_tends_to_0"/>
    <testcase time="0.00199999999995271" classname="ds.mean_math_residual_multiple" name="residual_deviation_tends_to_0"/>
    <testcase time="1.22000000000003" classname="ds.mean_math_residual_multiple" name="residual_deviation_tends_to_0"/>
    <testcase time="0.00199999999995271" classname="ds.mean_math_residual_multiple" name="residual_deviation_tends_to_0"/>
    <testcase time="0.00199999999995271" classname="ds.mean_math_residual_multiple" name="residual_deviation_tends_to_0"/>
  </testsuite>
  <testsuite name="ds.mean()::math::residual::multiple" timestamp="2020-03-24T20:20:00Z" hostname="fv-az32" tests="32" skipped="0" failures="0" errors="0" time="24.964">
    <testcase time="6.43700000000013" classname="ds.mean_math_residual_multiple" name="residual_deviation_tends_to_0"/>
    <testcase time="1.23399999999992" classname="ds.mean_math_residual_multiple" name="residual_deviation_tends_to_0"/>
    <testcase time="1.22700000000009" classname="ds.mean_math_residual_multiple" name="residual_deviation_tends_to_0"/>
    <testcase time="1.22499999999991" classname="ds.mean_math_residual_multiple" name="residual_deviation_tends_to_0"/>
    <testcase time="1.21299999999997" classname="ds.mean_math_residual_multiple" name="residual_deviation_tends_to_0"/>
    <testcase time="1.221" classname="ds.mean_math_residual_multiple" name="residual_deviation_tends_to_0"/>
    <testcase time="1.23000000000002" classname="ds.mean_math_residual_multiple" name="residual_deviation_tends_to_0"/>
    <testcase time="1.21000000000004" classname="ds.mean_math_residual_multiple" name="residual_deviation_tends_to_0"/>
    <testcase time="1.23099999999999" classname="ds.mean_math_residual_multiple" name="residual_deviation_tends_to_0"/>
    <testcase time="0.00199999999995271" classname="ds.mean_math_residual_multiple" name="residual_deviation_tends_to_0"/>
    <testcase time="0.000999999999976353" classname="ds.mean_math_residual_multiple" name="residual_deviation_tends_to_0"/>
    <testcase time="1.22600000000011" classname="ds.mean_math_residual_multiple" name="residual_deviation_tends_to_0"/>
    <testcase time="0.00199999999995271" classname="ds.mean_math_residual_multiple" name="residual_deviation_tends_to_0"/>
    <testcase time="0.000999999999976353" classname="ds.mean_math_residual_multiple" name="residual_deviation_tends_to_0"/>
    <testcase time="1.22400000000016" classname="ds.mean_math_residual_multiple" name="residual_deviation_tends_to_0"/>
    <testcase time="0.00199999999995271" classname="ds.mean_math_residual_multiple" name="residual_deviation_tends_to_0"/>
    <testcase time="0.000999999999976353" classname="ds.mean_math_residual_multiple" name="residual_deviation_tends_to_0"/>
    <testcase time="1.22900000000004" classname="ds.mean_math_residual_multiple" name="residual_deviation_tends_to_0"/>
    <testcase time="0.00199999999995271" classname="ds.mean_math_residual_multiple" name="residual_deviation_tends_to_0"/>
    <testcase time="0.000999999999976353" classname="ds.mean_math_residual_multiple" name="residual_deviation_tends_to_0"/>
    <testcase time="1.21800000000007" classname="ds.mean_math_residual_multiple" name="residual_deviation_tends_to_0"/>
    <testcase time="0.00199999999995271" classname="ds.mean_math_residual_multiple" name="residual_deviation_tends_to_0"/>
    <testcase time="0.000999999999976353" classname="ds.mean_math_residual_multiple" name="residual_deviation_tends_to_0"/>
    <testcase time="1.23099999999999" classname="ds.mean_math_residual_multiple" name="residual_deviation_tends_to_0"/>
    <testcase time="0.000999999999976353" classname="ds.mean_math_residual_multiple" name="residual_deviation_tends_to_0"/>
    <testcase time="0.00199999999995271" classname="ds.mean_math_residual_multiple" name="residual_deviation_tends_to_0"/>
    <testcase time="1.35500000000002" classname="ds.mean_math_residual_multiple" name="residual_deviation_tends_to_0"/>
    <testcase time="0.00199999999995271" classname="ds.mean_math_residual_multiple" name="residual_deviation_tends_to_0"/>
    <testcase time="0.00200000000018008" classname="ds.mean_math_residual_multiple" name="residual_deviation_tends_to_0"/>
    <testcase time="1.22699999999986" classname="ds.mean_math_residual_multiple" name="residual_deviation_tends_to_0"/>
    <testcase time="0.00199999999995271" classname="ds.mean_math_residual_multiple" name="residual_deviation_tends_to_0"/>
    <testcase time="0.00200000000018008" classname="ds.mean_math_residual_multiple" name="residual_deviation_tends_to_0"/>
  </testsuite>
  <testsuite name="ds.mean()::math::location_parameter::single" timestamp="2020-03-24T20:20:25Z" hostname="fv-az32" tests="8" skipped="0" failures="0" errors="0" time="20.636">
    <testcase time="5.72000000000003" classname="ds.mean_math_location_parameter_single" name="mean_X_a_mean_X_a"/>
    <testcase time="2.12899999999991" classname="ds.mean_math_location_parameter_single" name="mean_X_a_mean_X_a"/>
    <testcase time="2.13400000000001" classname="ds.mean_math_location_parameter_single" name="mean_X_a_mean_X_a"/>
    <testcase time="2.11699999999996" classname="ds.mean_math_location_parameter_single" name="mean_X_a_mean_X_a"/>
    <testcase time="2.16300000000001" classname="ds.mean_math_location_parameter_single" name="mean_X_a_mean_X_a"/>
    <testcase time="2.12100000000009" classname="ds.mean_math_location_parameter_single" name="mean_X_a_mean_X_a"/>
    <testcase time="2.12400000000002" classname="ds.mean_math_location_parameter_single" name="mean_X_a_mean_X_a"/>
    <testcase time="2.12799999999993" classname="ds.mean_math_location_parameter_single" name="mean_X_a_mean_X_a"/>
  </testsuite>
  <testsuite name="ds.mean()::math::location_parameter::multiple" timestamp="2020-03-24T20:20:46Z" hostname="fv-az32" tests="8" skipped="0" failures="0" errors="0" time="31.058">
    <testcase time="8.20900000000006" classname="ds.mean_math_location_parameter_multiple" name="mean_X_a_mean_X_a"/>
    <testcase time="3.26299999999992" classname="ds.mean_math_location_parameter_multiple" name="mean_X_a_mean_X_a"/>
    <testcase time="3.24499999999989" classname="ds.mean_math_location_parameter_multiple" name="mean_X_a_mean_X_a"/>
    <testcase time="3.26100000000019" classname="ds.mean_math_location_parameter_multiple" name="mean_X_a_mean_X_a"/>
    <testcase time="3.32599999999979" classname="ds.mean_math_location_parameter_multiple" name="mean_X_a_mean_X_a"/>
    <testcase time="3.26800000000003" classname="ds.mean_math_location_parameter_multiple" name="mean_X_a_mean_X_a"/>
    <testcase time="3.26099999999997" classname="ds.mean_math_location_parameter_multiple" name="mean_X_a_mean_X_a"/>
    <testcase time="3.22500000000014" classname="ds.mean_math_location_parameter_multiple" name="mean_X_a_mean_X_a"/>
  </testsuite>
  <testsuite name="ds.mean()::math::scale::multiple" timestamp="2020-03-24T20:21:17Z" hostname="fv-az32" tests="8" skipped="0" failures="0" errors="0" time="31.523">
    <testcase time="8.49199999999996" classname="ds.mean_math_scale_multiple" name="mean_X_a_mean_X_a"/>
    <testcase time="3.25399999999991" classname="ds.mean_math_scale_multiple" name="mean_X_a_mean_X_a"/>
    <testcase time="3.44500000000016" classname="ds.mean_math_scale_multiple" name="mean_X_a_mean_X_a"/>
    <testcase time="3.22799999999984" classname="ds.mean_math_scale_multiple" name="mean_X_a_mean_X_a"/>
    <testcase time="3.35900000000015" classname="ds.mean_math_scale_multiple" name="mean_X_a_mean_X_a"/>
    <testcase time="3.24099999999999" classname="ds.mean_math_scale_multiple" name="mean_X_a_mean_X_a"/>
    <testcase time="3.25" classname="ds.mean_math_scale_multiple" name="mean_X_a_mean_X_a"/>
    <testcase time="3.25399999999991" classname="ds.mean_math_scale_multiple" name="mean_X_a_mean_X_a"/>
  </testsuite>
  <testsuite name="ds.mean()::math::scale::single" timestamp="2020-03-24T20:21:48Z" hostname="fv-az32" tests="8" skipped="0" failures="0" errors="0" time="20.595">
    <testcase time="5.66100000000006" classname="ds.mean_math_scale_single" name="mean_X_a_mean_X_a"/>
    <testcase time="2.12900000000013" classname="ds.mean_math_scale_single" name="mean_X_a_mean_X_a"/>
    <testcase time="2.1239999999998" classname="ds.mean_math_scale_single" name="mean_X_a_mean_X_a"/>
    <testcase time="2.13400000000001" classname="ds.mean_math_scale_single" name="mean_X_a_mean_X_a"/>
    <testcase time="2.17700000000013" classname="ds.mean_math_scale_single" name="mean_X_a_mean_X_a"/>
    <testcase time="2.11699999999996" classname="ds.mean_math_scale_single" name="mean_X_a_mean_X_a"/>
    <testcase time="2.13100000000009" classname="ds.mean_math_scale_single" name="mean_X_a_mean_X_a"/>
    <testcase time="2.12199999999984" classname="ds.mean_math_scale_single" name="mean_X_a_mean_X_a"/>
  </testsuite>
  <testsuite name="ds.rUnif()::math::mean_variance::single" timestamp="2020-03-24T20:22:09Z" hostname="fv-az32" tests="12" skipped="0" failures="0" errors="0" time="12.969">
    <testcase time="6.67100000000005" classname="ds.rUnif_math_mean_variance_single" name="mean_variance"/>
    <testcase time="0.000999999999976353" classname="ds.rUnif_math_mean_variance_single" name="mean_variance"/>
    <testcase time="0.00199999999995271" classname="ds.rUnif_math_mean_variance_single" name="mean_variance"/>
    <testcase time="0.000999999999976353" classname="ds.rUnif_math_mean_variance_single" name="mean_variance"/>
    <testcase time="3.16800000000012" classname="ds.rUnif_math_mean_variance_single" name="mean_variance"/>
    <testcase time="0.00199999999995271" classname="ds.rUnif_math_mean_variance_single" name="mean_variance"/>
    <testcase time="0.000999999999976353" classname="ds.rUnif_math_mean_variance_single" name="mean_variance"/>
    <testcase time="0.00199999999995271" classname="ds.rUnif_math_mean_variance_single" name="mean_variance"/>
    <testcase time="3.11400000000003" classname="ds.rUnif_math_mean_variance_single" name="mean_variance"/>
    <testcase time="0.00199999999995271" classname="ds.rUnif_math_mean_variance_single" name="mean_variance"/>
    <testcase time="0.00200000000018008" classname="ds.rUnif_math_mean_variance_single" name="mean_variance"/>
    <testcase time="0.00299999999992906" classname="ds.rUnif_math_mean_variance_single" name="mean_variance"/>
  </testsuite>
  <testsuite name="ds.rUnif()::math::distributions comparison::single" timestamp="2020-03-24T20:22:22Z" hostname="fv-az32" tests="12" skipped="0" failures="0" errors="0" time="40.236">
    <testcase time="9.54700000000003" classname="ds.rUnif_math_distributions_comparison_single" name="changes_in_distribution"/>
    <testcase time="0.000999999999976353" classname="ds.rUnif_math_distributions_comparison_single" name="changes_in_distribution"/>
    <testcase time="6.13300000000004" classname="ds.rUnif_math_distributions_comparison_single" name="changes_in_distribution"/>
    <testcase time="0.00199999999995271" classname="ds.rUnif_math_distributions_comparison_single" name="changes_in_distribution"/>
    <testcase time="6.2639999999999" classname="ds.rUnif_math_distributions_comparison_single" name="changes_in_distribution"/>
    <testcase time="0.00200000000018008" classname="ds.rUnif_math_distributions_comparison_single" name="changes_in_distribution"/>
    <testcase time="6.16499999999996" classname="ds.rUnif_math_distributions_comparison_single" name="changes_in_distribution"/>
    <testcase time="0.000999999999976353" classname="ds.rUnif_math_distributions_comparison_single" name="changes_in_distribution"/>
    <testcase time="6.01199999999994" classname="ds.rUnif_math_distributions_comparison_single" name="changes_in_distribution"/>
    <testcase time="0.00199999999995271" classname="ds.rUnif_math_distributions_comparison_single" name="changes_in_distribution"/>
    <testcase time="6.10500000000002" classname="ds.rUnif_math_distributions_comparison_single" name="changes_in_distribution"/>
    <testcase time="0.00200000000018008" classname="ds.rUnif_math_distributions_comparison_single" name="changes_in_distribution"/>
  </testsuite>
  <testsuite name="ds.rUnif()::math::distributions comparison::multiple" timestamp="2020-03-24T20:23:02Z" hostname="fv-az32" tests="12" skipped="0" failures="0" errors="0" time="122.265">
    <testcase time="24.2239999999999" classname="ds.rUnif_math_distributions_comparison_multiple" name="changes_in_distribution"/>
    <testcase time="0.000999999999976353" classname="ds.rUnif_math_distributions_comparison_multiple" name="changes_in_distribution"/>
    <testcase time="19.25" classname="ds.rUnif_math_distributions_comparison_multiple" name="changes_in_distribution"/>
    <testcase time="0.000999999999976353" classname="ds.rUnif_math_distributions_comparison_multiple" name="changes_in_distribution"/>
    <testcase time="19.3789999999999" classname="ds.rUnif_math_distributions_comparison_multiple" name="changes_in_distribution"/>
    <testcase time="0.00100000000020373" classname="ds.rUnif_math_distributions_comparison_multiple" name="changes_in_distribution"/>
    <testcase time="20.0339999999999" classname="ds.rUnif_math_distributions_comparison_multiple" name="changes_in_distribution"/>
    <testcase time="0.00199999999995271" classname="ds.rUnif_math_distributions_comparison_multiple" name="changes_in_distribution"/>
    <testcase time="19.7650000000001" classname="ds.rUnif_math_distributions_comparison_multiple" name="changes_in_distribution"/>
    <testcase time="0.00199999999995271" classname="ds.rUnif_math_distributions_comparison_multiple" name="changes_in_distribution"/>
    <testcase time="19.604" classname="ds.rUnif_math_distributions_comparison_multiple" name="changes_in_distribution"/>
    <testcase time="0.00199999999995271" classname="ds.rUnif_math_distributions_comparison_multiple" name="changes_in_distribution"/>
  </testsuite>
  <testsuite name="ds.table::math::row and col proportions::multiple" timestamp="2020-03-24T20:25:04Z" hostname="fv-az32" tests="1" skipped="0" failures="0" errors="1" time="0.012">
    <testcase time="0.0119999999999436" classname="ds.table_math_row_and_col_proportions_multiple" name="row_and_col_proportions_sum_to_1">
      <error type="error" message="could not find function &quot;connect.testing.group.dataset.1&quot; (@test-math-ds.table.R#16)">could not find function "connect.testing.group.dataset.1"</error>
    </testcase>
  </testsuite>
  <testsuite name="ds.var()::math::positive_result::multiple" timestamp="2020-03-24T20:25:04Z" hostname="fv-az32" tests="32" skipped="0" failures="0" errors="0" time="24.904">
    <testcase time="6.39600000000019" classname="ds.var_math_positive_result_multiple" name="variance_0"/>
    <testcase time="1.25" classname="ds.var_math_positive_result_multiple" name="variance_0"/>
    <testcase time="1.22899999999981" classname="ds.var_math_positive_result_multiple" name="variance_0"/>
    <testcase time="1.22500000000014" classname="ds.var_math_positive_result_multiple" name="variance_0"/>
    <testcase time="1.221" classname="ds.var_math_positive_result_multiple" name="variance_0"/>
    <testcase time="1.20799999999986" classname="ds.var_math_positive_result_multiple" name="variance_0"/>
    <testcase time="1.23099999999999" classname="ds.var_math_positive_result_multiple" name="variance_0"/>
    <testcase time="1.21900000000005" classname="ds.var_math_positive_result_multiple" name="variance_0"/>
    <testcase time="1.22700000000009" classname="ds.var_math_positive_result_multiple" name="variance_0"/>
    <testcase time="0.000999999999976353" classname="ds.var_math_positive_result_multiple" name="variance_0"/>
    <testcase time="0.000999999999976353" classname="ds.var_math_positive_result_multiple" name="variance_0"/>
    <testcase time="1.22000000000003" classname="ds.var_math_positive_result_multiple" name="variance_0"/>
    <testcase time="0.000999999999976353" classname="ds.var_math_positive_result_multiple" name="variance_0"/>
    <testcase time="0.00199999999995271" classname="ds.var_math_positive_result_multiple" name="variance_0"/>
    <testcase time="1.21900000000005" classname="ds.var_math_positive_result_multiple" name="variance_0"/>
    <testcase time="0.00199999999995271" classname="ds.var_math_positive_result_multiple" name="variance_0"/>
    <testcase time="0.00900000000001455" classname="ds.var_math_positive_result_multiple" name="variance_0"/>
    <testcase time="1.21499999999992" classname="ds.var_math_positive_result_multiple" name="variance_0"/>
    <testcase time="0.00200000000018008" classname="ds.var_math_positive_result_multiple" name="variance_0"/>
    <testcase time="0.00199999999995271" classname="ds.var_math_positive_result_multiple" name="variance_0"/>
    <testcase time="1.23000000000002" classname="ds.var_math_positive_result_multiple" name="variance_0"/>
    <testcase time="0.00199999999995271" classname="ds.var_math_positive_result_multiple" name="variance_0"/>
    <testcase time="0.00199999999995271" classname="ds.var_math_positive_result_multiple" name="variance_0"/>
    <testcase time="1.22400000000016" classname="ds.var_math_positive_result_multiple" name="variance_0"/>
    <testcase time="0.00299999999992906" classname="ds.var_math_positive_result_multiple" name="variance_0"/>
    <testcase time="0.000999999999976353" classname="ds.var_math_positive_result_multiple" name="variance_0"/>
    <testcase time="1.33600000000001" classname="ds.var_math_positive_result_multiple" name="variance_0"/>
    <testcase time="0.00199999999995271" classname="ds.var_math_positive_result_multiple" name="variance_0"/>
    <testcase time="0.000999999999976353" classname="ds.var_math_positive_result_multiple" name="variance_0"/>
    <testcase time="1.221" classname="ds.var_math_positive_result_multiple" name="variance_0"/>
    <testcase time="0.000999999999976353" classname="ds.var_math_positive_result_multiple" name="variance_0"/>
    <testcase time="0.00100000000020373" classname="ds.var_math_positive_result_multiple" name="variance_0"/>
  </testsuite>
  <testsuite name="ds.var()::math::positive_result::single" timestamp="2020-03-24T20:25:29Z" hostname="fv-az32" tests="32" skipped="0" failures="0" errors="0" time="14.878">
    <testcase time="4.19299999999998" classname="ds.var_math_positive_result_single" name="variance_0"/>
    <testcase time="0.705999999999904" classname="ds.var_math_positive_result_single" name="variance_0"/>
    <testcase time="0.711000000000013" classname="ds.var_math_positive_result_single" name="variance_0"/>
    <testcase time="0.705999999999904" classname="ds.var_math_positive_result_single" name="variance_0"/>
    <testcase time="0.707000000000107" classname="ds.var_math_positive_result_single" name="variance_0"/>
    <testcase time="0.708000000000084" classname="ds.var_math_positive_result_single" name="variance_0"/>
    <testcase time="0.702999999999975" classname="ds.var_math_positive_result_single" name="variance_0"/>
    <testcase time="0.703999999999951" classname="ds.var_math_positive_result_single" name="variance_0"/>
    <testcase time="0.708000000000084" classname="ds.var_math_positive_result_single" name="variance_0"/>
    <testcase time="0.000999999999976353" classname="ds.var_math_positive_result_single" name="variance_0"/>
    <testcase time="0.00199999999995271" classname="ds.var_math_positive_result_single" name="variance_0"/>
    <testcase time="0.704999999999927" classname="ds.var_math_positive_result_single" name="variance_0"/>
    <testcase time="0.00100000000020373" classname="ds.var_math_positive_result_single" name="variance_0"/>
    <testcase time="0.00199999999995271" classname="ds.var_math_positive_result_single" name="variance_0"/>
    <testcase time="0.707999999999856" classname="ds.var_math_positive_result_single" name="variance_0"/>
    <testcase time="0.00200000000018008" classname="ds.var_math_positive_result_single" name="variance_0"/>
    <testcase time="0.000999999999976353" classname="ds.var_math_positive_result_single" name="variance_0"/>
    <testcase time="0.723999999999933" classname="ds.var_math_positive_result_single" name="variance_0"/>
    <testcase time="0.00199999999995271" classname="ds.var_math_positive_result_single" name="variance_0"/>
    <testcase time="0.00199999999995271" classname="ds.var_math_positive_result_single" name="variance_0"/>
    <testcase time="0.704000000000178" classname="ds.var_math_positive_result_single" name="variance_0"/>
    <testcase time="0.00199999999995271" classname="ds.var_math_positive_result_single" name="variance_0"/>
    <testcase time="0.000999999999976353" classname="ds.var_math_positive_result_single" name="variance_0"/>
    <testcase time="0.705999999999904" classname="ds.var_math_positive_result_single" name="variance_0"/>
    <testcase time="0.00200000000018008" classname="ds.var_math_positive_result_single" name="variance_0"/>
    <testcase time="0.00199999999995271" classname="ds.var_math_positive_result_single" name="variance_0"/>
    <testcase time="0.751999999999953" classname="ds.var_math_positive_result_single" name="variance_0"/>
    <testcase time="0.00199999999995271" classname="ds.var_math_positive_result_single" name="variance_0"/>
    <testcase time="0.00199999999995271" classname="ds.var_math_positive_result_single" name="variance_0"/>
    <testcase time="0.705000000000155" classname="ds.var_math_positive_result_single" name="variance_0"/>
    <testcase time="0.00199999999995271" classname="ds.var_math_positive_result_single" name="variance_0"/>
    <testcase time="0.00199999999995271" classname="ds.var_math_positive_result_single" name="variance_0"/>
  </testsuite>
  <testsuite name="ds.var()::math::square_root_std::single" timestamp="2020-03-24T20:25:44Z" hostname="fv-az32" tests="8" skipped="0" failures="0" errors="0" time="5.36">
    <testcase time="3.66800000000012" classname="ds.var_math_square_root_std_single" name="variance_is_to_the_power_of_2_of_the_standard_deviation"/>
    <testcase time="0.243999999999915" classname="ds.var_math_square_root_std_single" name="variance_is_to_the_power_of_2_of_the_standard_deviation"/>
    <testcase time="0.240999999999985" classname="ds.var_math_square_root_std_single" name="variance_is_to_the_power_of_2_of_the_standard_deviation"/>
    <testcase time="0.241999999999962" classname="ds.var_math_square_root_std_single" name="variance_is_to_the_power_of_2_of_the_standard_deviation"/>
    <testcase time="0.240000000000009" classname="ds.var_math_square_root_std_single" name="variance_is_to_the_power_of_2_of_the_standard_deviation"/>
    <testcase time="0.240000000000009" classname="ds.var_math_square_root_std_single" name="variance_is_to_the_power_of_2_of_the_standard_deviation"/>
    <testcase time="0.240999999999985" classname="ds.var_math_square_root_std_single" name="variance_is_to_the_power_of_2_of_the_standard_deviation"/>
    <testcase time="0.244000000000142" classname="ds.var_math_square_root_std_single" name="variance_is_to_the_power_of_2_of_the_standard_deviation"/>
  </testsuite>
  <testsuite name="ds.var()::math::square_root_std::multiple" timestamp="2020-03-24T20:25:50Z" hostname="fv-az32" tests="32" skipped="0" failures="0" errors="0" time="9.387">
    <testcase time="5.24199999999996" classname="ds.var_math_square_root_std_multiple" name="variance_is_to_the_power_of_2_of_the_standard_deviation"/>
    <testcase time="0.269999999999982" classname="ds.var_math_square_root_std_multiple" name="variance_is_to_the_power_of_2_of_the_standard_deviation"/>
    <testcase time="0.281999999999925" classname="ds.var_math_square_root_std_multiple" name="variance_is_to_the_power_of_2_of_the_standard_deviation"/>
    <testcase time="0.274000000000115" classname="ds.var_math_square_root_std_multiple" name="variance_is_to_the_power_of_2_of_the_standard_deviation"/>
    <testcase time="0.27800000000002" classname="ds.var_math_square_root_std_multiple" name="variance_is_to_the_power_of_2_of_the_standard_deviation"/>
    <testcase time="0.272999999999911" classname="ds.var_math_square_root_std_multiple" name="variance_is_to_the_power_of_2_of_the_standard_deviation"/>
    <testcase time="0.271999999999935" classname="ds.var_math_square_root_std_multiple" name="variance_is_to_the_power_of_2_of_the_standard_deviation"/>
    <testcase time="0.27800000000002" classname="ds.var_math_square_root_std_multiple" name="variance_is_to_the_power_of_2_of_the_standard_deviation"/>
    <testcase time="0.285000000000082" classname="ds.var_math_square_root_std_multiple" name="variance_is_to_the_power_of_2_of_the_standard_deviation"/>
    <testcase time="0.00199999999995271" classname="ds.var_math_square_root_std_multiple" name="variance_is_to_the_power_of_2_of_the_standard_deviation"/>
    <testcase time="0.000999999999976353" classname="ds.var_math_square_root_std_multiple" name="variance_is_to_the_power_of_2_of_the_standard_deviation"/>
    <testcase time="0.272999999999911" classname="ds.var_math_square_root_std_multiple" name="variance_is_to_the_power_of_2_of_the_standard_deviation"/>
    <testcase time="0.00100000000020373" classname="ds.var_math_square_root_std_multiple" name="variance_is_to_the_power_of_2_of_the_standard_deviation"/>
    <testcase time="0.00199999999995271" classname="ds.var_math_square_root_std_multiple" name="variance_is_to_the_power_of_2_of_the_standard_deviation"/>
    <testcase time="0.27599999999984" classname="ds.var_math_square_root_std_multiple" name="variance_is_to_the_power_of_2_of_the_standard_deviation"/>
    <testcase time="0.00200000000018008" classname="ds.var_math_square_root_std_multiple" name="variance_is_to_the_power_of_2_of_the_standard_deviation"/>
    <testcase time="0.00199999999995271" classname="ds.var_math_square_root_std_multiple" name="variance_is_to_the_power_of_2_of_the_standard_deviation"/>
    <testcase time="0.271999999999935" classname="ds.var_math_square_root_std_multiple" name="variance_is_to_the_power_of_2_of_the_standard_deviation"/>
    <testcase time="0.000999999999976353" classname="ds.var_math_square_root_std_multiple" name="variance_is_to_the_power_of_2_of_the_standard_deviation"/>
    <testcase time="0.00300000000015643" classname="ds.var_math_square_root_std_multiple" name="variance_is_to_the_power_of_2_of_the_standard_deviation"/>
    <testcase time="0.272999999999911" classname="ds.var_math_square_root_std_multiple" name="variance_is_to_the_power_of_2_of_the_standard_deviation"/>
    <testcase time="0.00199999999995271" classname="ds.var_math_square_root_std_multiple" name="variance_is_to_the_power_of_2_of_the_standard_deviation"/>
    <testcase time="0.00199999999995271" classname="ds.var_math_square_root_std_multiple" name="variance_is_to_the_power_of_2_of_the_standard_deviation"/>
    <testcase time="0.271000000000186" classname="ds.var_math_square_root_std_multiple" name="variance_is_to_the_power_of_2_of_the_standard_deviation"/>
    <testcase time="0.000999999999976353" classname="ds.var_math_square_root_std_multiple" name="variance_is_to_the_power_of_2_of_the_standard_deviation"/>
    <testcase time="0.00199999999995271" classname="ds.var_math_square_root_std_multiple" name="variance_is_to_the_power_of_2_of_the_standard_deviation"/>
    <testcase time="0.269000000000005" classname="ds.var_math_square_root_std_multiple" name="variance_is_to_the_power_of_2_of_the_standard_deviation"/>
    <testcase time="0.00199999999995271" classname="ds.var_math_square_root_std_multiple" name="variance_is_to_the_power_of_2_of_the_standard_deviation"/>
    <testcase time="0.00199999999995271" classname="ds.var_math_square_root_std_multiple" name="variance_is_to_the_power_of_2_of_the_standard_deviation"/>
    <testcase time="0.269999999999982" classname="ds.var_math_square_root_std_multiple" name="variance_is_to_the_power_of_2_of_the_standard_deviation"/>
    <testcase time="0.00200000000018008" classname="ds.var_math_square_root_std_multiple" name="variance_is_to_the_power_of_2_of_the_standard_deviation"/>
    <testcase time="0.00199999999995271" classname="ds.var_math_square_root_std_multiple" name="variance_is_to_the_power_of_2_of_the_standard_deviation"/>
  </testsuite>
  <testsuite name="ds.var()::math::location::parameter::single" timestamp="2020-03-24T20:25:59Z" hostname="fv-az32" tests="8" skipped="0" failures="0" errors="0" time="20.688">
    <testcase time="5.73599999999988" classname="ds.var_math_location_parameter_single" name="var_X_a_Var_X_"/>
    <testcase time="2.13599999999997" classname="ds.var_math_location_parameter_single" name="var_X_a_Var_X_"/>
    <testcase time="2.12000000000012" classname="ds.var_math_location_parameter_single" name="var_X_a_Var_X_"/>
    <testcase time="2.14499999999998" classname="ds.var_math_location_parameter_single" name="var_X_a_Var_X_"/>
    <testcase time="2.16699999999992" classname="ds.var_math_location_parameter_single" name="var_X_a_Var_X_"/>
    <testcase time="2.13600000000019" classname="ds.var_math_location_parameter_single" name="var_X_a_Var_X_"/>
    <testcase time="2.12899999999991" classname="ds.var_math_location_parameter_single" name="var_X_a_Var_X_"/>
    <testcase time="2.11899999999991" classname="ds.var_math_location_parameter_single" name="var_X_a_Var_X_"/>
  </testsuite>
  <testsuite name="ds.var()::math::location::parameter::multiple" timestamp="2020-03-24T20:26:20Z" hostname="fv-az32" tests="8" skipped="0" failures="0" errors="0" time="31.292">
    <testcase time="8.30200000000013" classname="ds.var_math_location_parameter_multiple" name="var_X_a_Var_X_"/>
    <testcase time="3.23800000000006" classname="ds.var_math_location_parameter_multiple" name="var_X_a_Var_X_"/>
    <testcase time="3.22899999999981" classname="ds.var_math_location_parameter_multiple" name="var_X_a_Var_X_"/>
    <testcase time="3.25600000000009" classname="ds.var_math_location_parameter_multiple" name="var_X_a_Var_X_"/>
    <testcase time="3.32500000000005" classname="ds.var_math_location_parameter_multiple" name="var_X_a_Var_X_"/>
    <testcase time="3.47399999999993" classname="ds.var_math_location_parameter_multiple" name="var_X_a_Var_X_"/>
    <testcase time="3.2360000000001" classname="ds.var_math_location_parameter_multiple" name="var_X_a_Var_X_"/>
    <testcase time="3.23199999999997" classname="ds.var_math_location_parameter_multiple" name="var_X_a_Var_X_"/>
  </testsuite>
  <testsuite name="ds.var()::math::scale::single" timestamp="2020-03-24T20:26:51Z" hostname="fv-az32" tests="8" skipped="0" failures="0" errors="0" time="20.685">
    <testcase time="5.71199999999999" classname="ds.var_math_scale_single" name="var_aX_a_2Var_X_"/>
    <testcase time="2.13599999999997" classname="ds.var_math_scale_single" name="var_aX_a_2Var_X_"/>
    <testcase time="2.125" classname="ds.var_math_scale_single" name="var_aX_a_2Var_X_"/>
    <testcase time="2.13300000000004" classname="ds.var_math_scale_single" name="var_aX_a_2Var_X_"/>
    <testcase time="2.18200000000002" classname="ds.var_math_scale_single" name="var_aX_a_2Var_X_"/>
    <testcase time="2.1389999999999" classname="ds.var_math_scale_single" name="var_aX_a_2Var_X_"/>
    <testcase time="2.12200000000007" classname="ds.var_math_scale_single" name="var_aX_a_2Var_X_"/>
    <testcase time="2.13599999999997" classname="ds.var_math_scale_single" name="var_aX_a_2Var_X_"/>
  </testsuite>
  <testsuite name="ds.var()::math::scale::multiple" timestamp="2020-03-24T20:27:12Z" hostname="fv-az32" tests="8" skipped="0" failures="0" errors="0" time="31.026">
    <testcase time="8.19800000000009" classname="ds.var_math_scale_multiple" name="var_aX_a_2Var_X_"/>
    <testcase time="3.25099999999998" classname="ds.var_math_scale_multiple" name="var_aX_a_2Var_X_"/>
    <testcase time="3.23599999999988" classname="ds.var_math_scale_multiple" name="var_aX_a_2Var_X_"/>
    <testcase time="3.2650000000001" classname="ds.var_math_scale_multiple" name="var_aX_a_2Var_X_"/>
    <testcase time="3.31299999999987" classname="ds.var_math_scale_multiple" name="var_aX_a_2Var_X_"/>
    <testcase time="3.25400000000013" classname="ds.var_math_scale_multiple" name="var_aX_a_2Var_X_"/>
    <testcase time="3.25999999999999" classname="ds.var_math_scale_multiple" name="var_aX_a_2Var_X_"/>
    <testcase time="3.24900000000002" classname="ds.var_math_scale_multiple" name="var_aX_a_2Var_X_"/>
  </testsuite>
  <testsuite name="checkClass::smk::discordant::setup" timestamp="2020-03-24T20:27:43Z" hostname="fv-az32" tests="3" skipped="0" failures="0" errors="0" time="5.104">
    <testcase time="5.10199999999986" classname="checkClass_smk_discordant_setup" name="setup"/>
    <testcase time="0.000999999999976353" classname="checkClass_smk_discordant_setup" name="setup"/>
    <testcase time="0.00100000000020373" classname="checkClass_smk_discordant_setup" name="setup"/>
  </testsuite>
  <testsuite name="checkClass::smk::discordant" timestamp="2020-03-24T20:27:48Z" hostname="fv-az32" tests="3" skipped="0" failures="0" errors="0" time="2.072">
    <testcase time="0.686999999999898" classname="checkClass_smk_discordant" name="simple_test_discordant_dataset_A"/>
    <testcase time="0.692999999999984" classname="checkClass_smk_discordant" name="simple_test_discordant_dataset_B"/>
    <testcase time="0.692000000000007" classname="checkClass_smk_discordant" name="simple_test_discordant_dataset_C"/>
  </testsuite>
  <testsuite name="checkClass::smk::discordant::shutdown" timestamp="2020-03-24T20:27:50Z" hostname="fv-az32" tests="3" skipped="0" failures="0" errors="0" time="0.294">
    <testcase time="0.29099999999994" classname="checkClass_smk_discordant_shutdown" name="shutdown"/>
    <testcase time="0.000999999999976353" classname="checkClass_smk_discordant_shutdown" name="shutdown"/>
    <testcase time="0.00200000000018008" classname="checkClass_smk_discordant_shutdown" name="shutdown"/>
  </testsuite>
  <testsuite name="checkClass::smk::discordant::done" timestamp="2020-03-24T20:27:51Z" hostname="fv-az32" tests="0" skipped="0" failures="0" errors="0" time="0"/>
  <testsuite name="checkClass::smk::setup" timestamp="2020-03-24T20:27:51Z" hostname="fv-az32" tests="3" skipped="0" failures="0" errors="0" time="5.57">
    <testcase time="5.56799999999998" classname="checkClass_smk_setup" name="setup"/>
    <testcase time="0.000999999999976353" classname="checkClass_smk_setup" name="setup"/>
    <testcase time="0.000999999999976353" classname="checkClass_smk_setup" name="setup"/>
  </testsuite>
  <testsuite name="checkClass::smk::simple test" timestamp="2020-03-24T20:27:56Z" hostname="fv-az32" tests="24" skipped="0" failures="0" errors="0" time="6.871">
    <testcase time="0.68100000000004" classname="checkClass_smk_simple_test" name="simple_test"/>
    <testcase time="0.000999999999976353" classname="checkClass_smk_simple_test" name="simple_test"/>
    <testcase time="0.000999999999976353" classname="checkClass_smk_simple_test" name="simple_test"/>
    <testcase time="0.682000000000016" classname="checkClass_smk_simple_test" name="simple_test"/>
    <testcase time="0.00199999999995271" classname="checkClass_smk_simple_test" name="simple_test"/>
    <testcase time="0.000999999999976353" classname="checkClass_smk_simple_test" name="simple_test"/>
    <testcase time="0.684999999999945" classname="checkClass_smk_simple_test" name="simple_test"/>
    <testcase time="0.00200000000018008" classname="checkClass_smk_simple_test" name="simple_test"/>
    <testcase time="0.00199999999995271" classname="checkClass_smk_simple_test" name="simple_test"/>
    <testcase time="0.680000000000064" classname="checkClass_smk_simple_test" name="simple_test"/>
    <testcase time="0.00900000000001455" classname="checkClass_smk_simple_test" name="simple_test"/>
    <testcase time="0.000999999999976353" classname="checkClass_smk_simple_test" name="simple_test"/>
    <testcase time="0.682000000000016" classname="checkClass_smk_simple_test" name="simple_test"/>
    <testcase time="0.00199999999995271" classname="checkClass_smk_simple_test" name="simple_test"/>
    <testcase time="0.00199999999995271" classname="checkClass_smk_simple_test" name="simple_test"/>
    <testcase time="0.691000000000031" classname="checkClass_smk_simple_test" name="simple_test"/>
    <testcase time="0.00199999999995271" classname="checkClass_smk_simple_test" name="simple_test"/>
    <testcase time="0.00199999999995271" classname="checkClass_smk_simple_test" name="simple_test"/>
    <testcase time="2.04899999999998" classname="checkClass_smk_simple_test" name="data.frame_test"/>
    <testcase time="0.00200000000018008" classname="checkClass_smk_simple_test" name="data.frame_test"/>
    <testcase time="0.000999999999976353" classname="checkClass_smk_simple_test" name="data.frame_test"/>
    <testcase time="0.687999999999874" classname="checkClass_smk_simple_test" name="missing_test"/>
    <testcase time="0.00200000000018008" classname="checkClass_smk_simple_test" name="missing_test"/>
    <testcase time="0.000999999999976353" classname="checkClass_smk_simple_test" name="missing_test"/>
  </testsuite>
  <testsuite name="checkClass::smk::shutdown" timestamp="2020-03-24T20:28:03Z" hostname="fv-az32" tests="3" skipped="0" failures="0" errors="0" time="0.283">
    <testcase time="0.279999999999973" classname="checkClass_smk_shutdown" name="shutdown"/>
    <testcase time="0.00199999999995271" classname="checkClass_smk_shutdown" name="shutdown"/>
    <testcase time="0.000999999999976353" classname="checkClass_smk_shutdown" name="shutdown"/>
  </testsuite>
  <testsuite name="checkClass::smk::done" timestamp="2020-03-24T20:28:03Z" hostname="fv-az32" tests="0" skipped="0" failures="0" errors="0" time="0"/>
  <testsuite name="ds.asCharacter::smk::setup" timestamp="2020-03-24T20:28:03Z" hostname="fv-az32" tests="3" skipped="0" failures="0" errors="0" time="5.5">
    <testcase time="5.49700000000007" classname="ds.asCharacter_smk_setup" name="setup"/>
    <testcase time="0.00199999999995271" classname="ds.asCharacter_smk_setup" name="setup"/>
    <testcase time="0.000999999999976353" classname="ds.asCharacter_smk_setup" name="setup"/>
  </testsuite>
  <testsuite name="ds.asCharacter::smk::simple test" timestamp="2020-03-24T20:28:08Z" hostname="fv-az32" tests="3" skipped="0" failures="0" errors="0" time="0.84">
    <testcase time="0.837999999999965" classname="ds.asCharacter_smk_simple_test" name="simple_test"/>
    <testcase time="0.000999999999976353" classname="ds.asCharacter_smk_simple_test" name="simple_test"/>
    <testcase time="0.000999999999976353" classname="ds.asCharacter_smk_simple_test" name="simple_test"/>
  </testsuite>
  <testsuite name="ds.asCharacter::smk::stutdown" timestamp="2020-03-24T20:28:09Z" hostname="fv-az32" tests="3" skipped="0" failures="0" errors="0" time="0.276">
    <testcase time="0.273000000000138" classname="ds.asCharacter_smk_stutdown" name="setup"/>
    <testcase time="0.00199999999995271" classname="ds.asCharacter_smk_stutdown" name="setup"/>
    <testcase time="0.000999999999976353" classname="ds.asCharacter_smk_stutdown" name="setup"/>
  </testsuite>
  <testsuite name="ds.asCharacter::smk::done" timestamp="2020-03-24T20:28:10Z" hostname="fv-az32" tests="0" skipped="0" failures="0" errors="0" time="0"/>
  <testsuite name="ds.asDataMatrix::smk::setup" timestamp="2020-03-24T20:28:10Z" hostname="fv-az32" tests="3" skipped="0" failures="0" errors="0" time="5.687">
    <testcase time="5.68399999999997" classname="ds.asDataMatrix_smk_setup" name="setup"/>
    <testcase time="0.000999999999976353" classname="ds.asDataMatrix_smk_setup" name="setup"/>
    <testcase time="0.00200000000018008" classname="ds.asDataMatrix_smk_setup" name="setup"/>
  </testsuite>
  <testsuite name="ds.asDataMatrix::smk::simple test" timestamp="2020-03-24T20:28:15Z" hostname="fv-az32" tests="3" skipped="0" failures="0" errors="0" time="0.882">
    <testcase time="0.879999999999882" classname="ds.asDataMatrix_smk_simple_test" name="simple_test"/>
    <testcase time="0.000999999999976353" classname="ds.asDataMatrix_smk_simple_test" name="simple_test"/>
    <testcase time="0.000999999999976353" classname="ds.asDataMatrix_smk_simple_test" name="simple_test"/>
  </testsuite>
  <testsuite name="ds.asDataMatrix::smk::shutdown" timestamp="2020-03-24T20:28:16Z" hostname="fv-az32" tests="3" skipped="0" failures="0" errors="0" time="0.272">
    <testcase time="0.269999999999982" classname="ds.asDataMatrix_smk_shutdown" name="shutdown"/>
    <testcase time="0.000999999999976353" classname="ds.asDataMatrix_smk_shutdown" name="shutdown"/>
    <testcase time="0.00100000000020373" classname="ds.asDataMatrix_smk_shutdown" name="shutdown"/>
  </testsuite>
  <testsuite name="ds.asDataMatrix::smk::done" timestamp="2020-03-24T20:28:17Z" hostname="fv-az32" tests="0" skipped="0" failures="0" errors="0" time="0"/>
  <testsuite name="ds.asFactor::smk::setup" timestamp="2020-03-24T20:28:17Z" hostname="fv-az32" tests="3" skipped="0" failures="0" errors="0" time="5.502">
    <testcase time="5.5" classname="ds.asFactor_smk_setup" name="setup"/>
    <testcase time="0.000999999999976353" classname="ds.asFactor_smk_setup" name="setup"/>
    <testcase time="0.000999999999976353" classname="ds.asFactor_smk_setup" name="setup"/>
  </testsuite>
  <testsuite name="ds.asFactor::smk::force.factor.levels" timestamp="2020-03-24T20:28:23Z" hostname="fv-az32" tests="20" skipped="0" failures="0" errors="0" time="13.766">
    <testcase time="3.42699999999991" classname="ds.asFactor_smk_force.factor.levels" name="with_no_force.factor.levels"/>
    <testcase time="0.00199999999995271" classname="ds.asFactor_smk_force.factor.levels" name="with_no_force.factor.levels"/>
    <testcase time="0.00100000000020373" classname="ds.asFactor_smk_force.factor.levels" name="with_no_force.factor.levels"/>
    <testcase time="0.000999999999976353" classname="ds.asFactor_smk_force.factor.levels" name="with_no_force.factor.levels"/>
    <testcase time="2.54700000000003" classname="ds.asFactor_smk_force.factor.levels" name="with_forced.factor.levels_of_1_6"/>
    <testcase time="0.00199999999995271" classname="ds.asFactor_smk_force.factor.levels" name="with_forced.factor.levels_of_1_6"/>
    <testcase time="0.000999999999976353" classname="ds.asFactor_smk_force.factor.levels" name="with_forced.factor.levels_of_1_6"/>
    <testcase time="0.00199999999995271" classname="ds.asFactor_smk_force.factor.levels" name="with_forced.factor.levels_of_1_6"/>
    <testcase time="2.65599999999995" classname="ds.asFactor_smk_force.factor.levels" name="with_force.factor.levels_of_0_10"/>
    <testcase time="0.00199999999995271" classname="ds.asFactor_smk_force.factor.levels" name="with_force.factor.levels_of_0_10"/>
    <testcase time="0.00100000000020373" classname="ds.asFactor_smk_force.factor.levels" name="with_force.factor.levels_of_0_10"/>
    <testcase time="0.00199999999995271" classname="ds.asFactor_smk_force.factor.levels" name="with_force.factor.levels_of_0_10"/>
    <testcase time="2.57399999999984" classname="ds.asFactor_smk_force.factor.levels" name="with_force.factor.levels_of_2_3"/>
    <testcase time="0.00200000000018008" classname="ds.asFactor_smk_force.factor.levels" name="with_force.factor.levels_of_2_3"/>
    <testcase time="0.00199999999995271" classname="ds.asFactor_smk_force.factor.levels" name="with_force.factor.levels_of_2_3"/>
    <testcase time="0.000999999999976353" classname="ds.asFactor_smk_force.factor.levels" name="with_force.factor.levels_of_2_3"/>
    <testcase time="2.53700000000003" classname="ds.asFactor_smk_force.factor.levels" name="with_force.factor.levels_of_c_1_2_3_4_a_h_5_"/>
    <testcase time="0.00199999999995271" classname="ds.asFactor_smk_force.factor.levels" name="with_force.factor.levels_of_c_1_2_3_4_a_h_5_"/>
    <testcase time="0.000999999999976353" classname="ds.asFactor_smk_force.factor.levels" name="with_force.factor.levels_of_c_1_2_3_4_a_h_5_"/>
    <testcase time="0.00299999999992906" classname="ds.asFactor_smk_force.factor.levels" name="with_force.factor.levels_of_c_1_2_3_4_a_h_5_"/>
  </testsuite>
  <testsuite name="ds.asFactor::smk::fixed.dummy.vars" timestamp="2020-03-24T20:28:36Z" hostname="fv-az32" tests="6" skipped="0" failures="0" errors="0" time="2.724">
    <testcase time="1.37100000000009" classname="ds.asFactor_smk_fixed.dummy.vars" name="with_fixed.dummy.vars_of_TRUE"/>
    <testcase time="0.000999999999976353" classname="ds.asFactor_smk_fixed.dummy.vars" name="with_fixed.dummy.vars_of_TRUE"/>
    <testcase time="0.000999999999976353" classname="ds.asFactor_smk_fixed.dummy.vars" name="with_fixed.dummy.vars_of_TRUE"/>
    <testcase time="1.34900000000016" classname="ds.asFactor_smk_fixed.dummy.vars" name="with_fixed.dummy.vars_of_TRUE_and_baseline.level_of_6"/>
    <testcase time="0.000999999999976353" classname="ds.asFactor_smk_fixed.dummy.vars" name="with_fixed.dummy.vars_of_TRUE_and_baseline.level_of_6"/>
    <testcase time="0.000999999999976353" classname="ds.asFactor_smk_fixed.dummy.vars" name="with_fixed.dummy.vars_of_TRUE_and_baseline.level_of_6"/>
  </testsuite>
  <testsuite name="ds.asFactor::smk::shutdown" timestamp="2020-03-24T20:28:38Z" hostname="fv-az32" tests="3" skipped="0" failures="0" errors="0" time="0.286">
    <testcase time="0.283999999999878" classname="ds.asFactor_smk_shutdown" name="shutdown"/>
    <testcase time="0.00100000000020373" classname="ds.asFactor_smk_shutdown" name="shutdown"/>
    <testcase time="0.000999999999976353" classname="ds.asFactor_smk_shutdown" name="shutdown"/>
  </testsuite>
  <testsuite name="ds.asFactor::smk::done" timestamp="2020-03-24T20:28:39Z" hostname="fv-az32" tests="0" skipped="0" failures="0" errors="0" time="0"/>
  <testsuite name="ds.asInteger::smk::setup" timestamp="2020-03-24T20:28:39Z" hostname="fv-az32" tests="3" skipped="0" failures="0" errors="0" time="5.519">
    <testcase time="5.51599999999985" classname="ds.asInteger_smk_setup" name="setup"/>
    <testcase time="0.00200000000018008" classname="ds.asInteger_smk_setup" name="setup"/>
    <testcase time="0.000999999999976353" classname="ds.asInteger_smk_setup" name="setup"/>
  </testsuite>
  <testsuite name="ds.asInteger::smk::simple test" timestamp="2020-03-24T20:28:44Z" hostname="fv-az32" tests="3" skipped="0" failures="0" errors="0" time="0.894">
    <testcase time="0.890999999999849" classname="ds.asInteger_smk_simple_test" name="simple_test"/>
    <testcase time="0.00200000000018008" classname="ds.asInteger_smk_simple_test" name="simple_test"/>
    <testcase time="0.000999999999976353" classname="ds.asInteger_smk_simple_test" name="simple_test"/>
  </testsuite>
  <testsuite name="ds.asInteger::smk::stutdown" timestamp="2020-03-24T20:28:45Z" hostname="fv-az32" tests="3" skipped="0" failures="0" errors="0" time="0.276">
    <testcase time="0.273999999999887" classname="ds.asInteger_smk_stutdown" name="stutdown"/>
    <testcase time="0.000999999999976353" classname="ds.asInteger_smk_stutdown" name="stutdown"/>
    <testcase time="0.000999999999976353" classname="ds.asInteger_smk_stutdown" name="stutdown"/>
  </testsuite>
  <testsuite name="ds.asInteger::smk::done" timestamp="2020-03-24T20:28:46Z" hostname="fv-az32" tests="0" skipped="0" failures="0" errors="0" time="0"/>
  <testsuite name="ds.asList::smk::setup" timestamp="2020-03-24T20:28:46Z" hostname="fv-az32" tests="3" skipped="0" failures="0" errors="0" time="5.575">
    <testcase time="5.57200000000012" classname="ds.asList_smk_setup" name="setup"/>
    <testcase time="0.000999999999976353" classname="ds.asList_smk_setup" name="setup"/>
    <testcase time="0.00199999999995271" classname="ds.asList_smk_setup" name="setup"/>
  </testsuite>
  <testsuite name="ds.asList::smk::simple test" timestamp="2020-03-24T20:28:51Z" hostname="fv-az32" tests="10" skipped="0" failures="0" errors="0" time="0.397">
    <testcase time="0.384000000000015" classname="ds.asList_smk_simple_test" name="simple_test"/>
    <testcase time="0.00199999999995271" classname="ds.asList_smk_simple_test" name="simple_test"/>
    <testcase time="0.000999999999976353" classname="ds.asList_smk_simple_test" name="simple_test"/>
    <testcase time="0.00100000000020373" classname="ds.asList_smk_simple_test" name="simple_test"/>
    <testcase time="0.00199999999995271" classname="ds.asList_smk_simple_test" name="simple_test"/>
    <testcase time="0.000999999999976353" classname="ds.asList_smk_simple_test" name="simple_test"/>
    <testcase time="0.00199999999995271" classname="ds.asList_smk_simple_test" name="simple_test"/>
    <testcase time="0.000999999999976353" classname="ds.asList_smk_simple_test" name="simple_test"/>
    <testcase time="0.000999999999976353" classname="ds.asList_smk_simple_test" name="simple_test"/>
    <testcase time="0.00199999999995271" classname="ds.asList_smk_simple_test" name="simple_test"/>
  </testsuite>
  <testsuite name="ds.asList::smk::shutdown" timestamp="2020-03-24T20:28:51Z" hostname="fv-az32" tests="3" skipped="0" failures="0" errors="0" time="0.281">
    <testcase time="0.277000000000044" classname="ds.asList_smk_shutdown" name="stutdown"/>
    <testcase time="0.00199999999995271" classname="ds.asList_smk_shutdown" name="stutdown"/>
    <testcase time="0.00200000000018008" classname="ds.asList_smk_shutdown" name="stutdown"/>
  </testsuite>
  <testsuite name="ds.asList::smk::done" timestamp="2020-03-24T20:28:52Z" hostname="fv-az32" tests="0" skipped="0" failures="0" errors="0" time="0"/>
  <testsuite name="ds.asLogical::smk::setup" timestamp="2020-03-24T20:28:52Z" hostname="fv-az32" tests="3" skipped="0" failures="0" errors="0" time="5.488">
    <testcase time="5.4849999999999" classname="ds.asLogical_smk_setup" name="setup"/>
    <testcase time="0.00199999999995271" classname="ds.asLogical_smk_setup" name="setup"/>
    <testcase time="0.000999999999976353" classname="ds.asLogical_smk_setup" name="setup"/>
  </testsuite>
  <testsuite name="ds.asLogical::smk::simple test" timestamp="2020-03-24T20:28:57Z" hostname="fv-az32" tests="3" skipped="0" failures="0" errors="0" time="0.874">
    <testcase time="0.871000000000095" classname="ds.asLogical_smk_simple_test" name="simple_test"/>
    <testcase time="0.000999999999976353" classname="ds.asLogical_smk_simple_test" name="simple_test"/>
    <testcase time="0.00199999999995271" classname="ds.asLogical_smk_simple_test" name="simple_test"/>
  </testsuite>
  <testsuite name="ds.asLogical::smk::shutdown" timestamp="2020-03-24T20:28:58Z" hostname="fv-az32" tests="3" skipped="0" failures="0" errors="0" time="0.272">
    <testcase time="0.269000000000005" classname="ds.asLogical_smk_shutdown" name="shutdown"/>
    <testcase time="0.00200000000018008" classname="ds.asLogical_smk_shutdown" name="shutdown"/>
    <testcase time="0.000999999999976353" classname="ds.asLogical_smk_shutdown" name="shutdown"/>
  </testsuite>
  <testsuite name="ds.asLogical::smk::done" timestamp="2020-03-24T20:28:59Z" hostname="fv-az32" tests="0" skipped="0" failures="0" errors="0" time="0"/>
  <testsuite name="ds.asMatrix::smk::setup" timestamp="2020-03-24T20:28:59Z" hostname="fv-az32" tests="3" skipped="0" failures="0" errors="0" time="5.595">
    <testcase time="5.59299999999985" classname="ds.asMatrix_smk_setup" name="setup"/>
    <testcase time="0.000999999999976353" classname="ds.asMatrix_smk_setup" name="setup"/>
    <testcase time="0.00100000000020373" classname="ds.asMatrix_smk_setup" name="setup"/>
  </testsuite>
  <testsuite name="ds.asMatrix::smk::simple test" timestamp="2020-03-24T20:29:04Z" hostname="fv-az32" tests="3" skipped="0" failures="0" errors="0" time="0.827">
    <testcase time="0.823999999999842" classname="ds.asMatrix_smk_simple_test" name="simple_test"/>
    <testcase time="0.00199999999995271" classname="ds.asMatrix_smk_simple_test" name="simple_test"/>
    <testcase time="0.00100000000020373" classname="ds.asMatrix_smk_simple_test" name="simple_test"/>
  </testsuite>
  <testsuite name="ds.asMatrix::smk::shutdown" timestamp="2020-03-24T20:29:05Z" hostname="fv-az32" tests="3" skipped="0" failures="0" errors="0" time="0.273">
    <testcase time="0.269999999999982" classname="ds.asMatrix_smk_shutdown" name="shutdown"/>
    <testcase time="0.00199999999995271" classname="ds.asMatrix_smk_shutdown" name="shutdown"/>
    <testcase time="0.000999999999976353" classname="ds.asMatrix_smk_shutdown" name="shutdown"/>
  </testsuite>
  <testsuite name="ds.asMatrix::smk::done" timestamp="2020-03-24T20:29:05Z" hostname="fv-az32" tests="0" skipped="0" failures="0" errors="0" time="0"/>
  <testsuite name="ds.asNumeric::smk::setup" timestamp="2020-03-24T20:29:05Z" hostname="fv-az32" tests="3" skipped="0" failures="0" errors="0" time="5.522">
    <testcase time="5.51999999999998" classname="ds.asNumeric_smk_setup" name="setup"/>
    <testcase time="0.000999999999976353" classname="ds.asNumeric_smk_setup" name="setup"/>
    <testcase time="0.000999999999976353" classname="ds.asNumeric_smk_setup" name="setup"/>
  </testsuite>
  <testsuite name="ds.asNumeric::smk::simple test" timestamp="2020-03-24T20:29:10Z" hostname="fv-az32" tests="3" skipped="0" failures="0" errors="0" time="0.819">
    <testcase time="0.816000000000031" classname="ds.asNumeric_smk_simple_test" name="simple_test"/>
    <testcase time="0.00199999999995271" classname="ds.asNumeric_smk_simple_test" name="simple_test"/>
    <testcase time="0.000999999999976353" classname="ds.asNumeric_smk_simple_test" name="simple_test"/>
  </testsuite>
  <testsuite name="ds.asNumeric::smk::shutdown" timestamp="2020-03-24T20:29:11Z" hostname="fv-az32" tests="3" skipped="0" failures="0" errors="0" time="0.273">
    <testcase time="0.271000000000186" classname="ds.asNumeric_smk_shutdown" name="shutdown"/>
    <testcase time="0.000999999999976353" classname="ds.asNumeric_smk_shutdown" name="shutdown"/>
    <testcase time="0.000999999999976353" classname="ds.asNumeric_smk_shutdown" name="shutdown"/>
  </testsuite>
  <testsuite name="ds.asNumeric::smk::done" timestamp="2020-03-24T20:29:12Z" hostname="fv-az32" tests="0" skipped="0" failures="0" errors="0" time="0"/>
  <testsuite name="ds.assign::smk::setup" timestamp="2020-03-24T20:29:12Z" hostname="fv-az32" tests="3" skipped="0" failures="0" errors="0" time="5.593">
    <testcase time="5.58999999999992" classname="ds.assign_smk_setup" name="setup"/>
    <testcase time="0.00199999999995271" classname="ds.assign_smk_setup" name="setup"/>
    <testcase time="0.000999999999976353" classname="ds.assign_smk_setup" name="setup"/>
  </testsuite>
  <testsuite name="ds.assign::smk" timestamp="2020-03-24T20:29:17Z" hostname="fv-az32" tests="1" skipped="0" failures="0" errors="0" time="0.552">
    <testcase time="0.552000000000135" classname="ds.assign_smk" name="test_assign"/>
  </testsuite>
  <testsuite name="ds.assign::smk::shutdown" timestamp="2020-03-24T20:29:18Z" hostname="fv-az32" tests="3" skipped="0" failures="0" errors="0" time="0.277">
    <testcase time="0.274999999999864" classname="ds.assign_smk_shutdown" name="shutdown"/>
    <testcase time="0.00100000000020373" classname="ds.assign_smk_shutdown" name="shutdown"/>
    <testcase time="0.000999999999976353" classname="ds.assign_smk_shutdown" name="shutdown"/>
  </testsuite>
  <testsuite name="ds.assign::smk::done" timestamp="2020-03-24T20:29:18Z" hostname="fv-az32" tests="0" skipped="0" failures="0" errors="0" time="0"/>
  <testsuite name="ds.Boole::smk::setup" timestamp="2020-03-24T20:29:18Z" hostname="fv-az32" tests="3" skipped="0" failures="0" errors="0" time="5.55">
    <testcase time="5.54700000000003" classname="ds.Boole_smk_setup" name="setup"/>
    <testcase time="0.00199999999995271" classname="ds.Boole_smk_setup" name="setup"/>
    <testcase time="0.000999999999976353" classname="ds.Boole_smk_setup" name="setup"/>
  </testsuite>
  <testsuite name="ds.Boole::smk" timestamp="2020-03-24T20:29:23Z" hostname="fv-az32" tests="3" skipped="0" failures="0" errors="0" time="1.317">
    <testcase time="1.31400000000008" classname="ds.Boole_smk" name="simple_boole"/>
    <testcase time="0.000999999999976353" classname="ds.Boole_smk" name="simple_boole"/>
    <testcase time="0.00199999999995271" classname="ds.Boole_smk" name="simple_boole"/>
  </testsuite>
  <testsuite name="ds.Boole::smk::shutdown" timestamp="2020-03-24T20:29:25Z" hostname="fv-az32" tests="3" skipped="0" failures="0" errors="0" time="0.274">
    <testcase time="0.271999999999935" classname="ds.Boole_smk_shutdown" name="shutdown"/>
    <testcase time="0.000999999999976353" classname="ds.Boole_smk_shutdown" name="shutdown"/>
    <testcase time="0.000999999999976353" classname="ds.Boole_smk_shutdown" name="shutdown"/>
  </testsuite>
  <testsuite name="ds.Boole::smk::done" timestamp="2020-03-24T20:29:26Z" hostname="fv-az32" tests="0" skipped="0" failures="0" errors="0" time="0"/>
  <testsuite name="ds.cbind::smk::setup" timestamp="2020-03-24T20:29:26Z" hostname="fv-az32" tests="3" skipped="0" failures="0" errors="0" time="5.426">
    <testcase time="5.423" classname="ds.cbind_smk_setup" name="setup"/>
    <testcase time="0.00100000000020373" classname="ds.cbind_smk_setup" name="setup"/>
    <testcase time="0.00199999999995271" classname="ds.cbind_smk_setup" name="setup"/>
  </testsuite>
  <testsuite name="ds.cbind::smk" timestamp="2020-03-24T20:29:30Z" hostname="fv-az32" tests="5" skipped="0" failures="0" errors="0" time="2.45">
    <testcase time="1.89300000000003" classname="ds.cbind_smk" name="simple_test"/>
    <testcase time="0.00199999999995271" classname="ds.cbind_smk" name="simple_test"/>
    <testcase time="0.551999999999907" classname="ds.cbind_smk" name="simple_test"/>
    <testcase time="0.00199999999995271" classname="ds.cbind_smk" name="simple_test"/>
    <testcase time="0.00100000000020373" classname="ds.cbind_smk" name="simple_test"/>
  </testsuite>
  <testsuite name="ds.cbind::smk::shutdown" timestamp="2020-03-24T20:29:33Z" hostname="fv-az32" tests="3" skipped="0" failures="0" errors="0" time="0.279">
    <testcase time="0.276999999999816" classname="ds.cbind_smk_shutdown" name="setup"/>
    <testcase time="0.000999999999976353" classname="ds.cbind_smk_shutdown" name="setup"/>
    <testcase time="0.00100000000020373" classname="ds.cbind_smk_shutdown" name="setup"/>
  </testsuite>
  <testsuite name="ds.cbind::smk::done" timestamp="2020-03-24T20:29:34Z" hostname="fv-az32" tests="0" skipped="0" failures="0" errors="0" time="0"/>
  <testsuite name="ds.changeRefGroup::smk::setup" timestamp="2020-03-24T20:29:34Z" hostname="fv-az32" tests="3" skipped="0" failures="0" errors="0" time="5.55">
    <testcase time="5.548" classname="ds.changeRefGroup_smk_setup" name="setup"/>
    <testcase time="0.000999999999976353" classname="ds.changeRefGroup_smk_setup" name="setup"/>
    <testcase time="0.000999999999976353" classname="ds.changeRefGroup_smk_setup" name="setup"/>
  </testsuite>
  <testsuite name="ds.changeRefGroup::smk" timestamp="2020-03-24T20:29:39Z" hostname="fv-az32" tests="21" skipped="0" failures="0" errors="0" time="5.045">
    <testcase time="5.01599999999985" classname="ds.changeRefGroup_smk" name="simple_changeRefGroup"/>
    <testcase time="0.00100000000020373" classname="ds.changeRefGroup_smk" name="simple_changeRefGroup"/>
    <testcase time="0.000999999999976353" classname="ds.changeRefGroup_smk" name="simple_changeRefGroup"/>
    <testcase time="0.00199999999995271" classname="ds.changeRefGroup_smk" name="simple_changeRefGroup"/>
    <testcase time="0.000999999999976353" classname="ds.changeRefGroup_smk" name="simple_changeRefGroup"/>
    <testcase time="0.000999999999976353" classname="ds.changeRefGroup_smk" name="simple_changeRefGroup"/>
    <testcase time="0.00199999999995271" classname="ds.changeRefGroup_smk" name="simple_changeRefGroup"/>
    <testcase time="0.000999999999976353" classname="ds.changeRefGroup_smk" name="simple_changeRefGroup"/>
    <testcase time="0.00100000000020373" classname="ds.changeRefGroup_smk" name="simple_changeRefGroup"/>
    <testcase time="0.000999999999976353" classname="ds.changeRefGroup_smk" name="simple_changeRefGroup"/>
    <testcase time="0.00199999999995271" classname="ds.changeRefGroup_smk" name="simple_changeRefGroup"/>
    <testcase time="0.000999999999976353" classname="ds.changeRefGroup_smk" name="simple_changeRefGroup"/>
    <testcase time="0.00199999999995271" classname="ds.changeRefGroup_smk" name="simple_changeRefGroup"/>
    <testcase time="0.000999999999976353" classname="ds.changeRefGroup_smk" name="simple_changeRefGroup"/>
    <testcase time="0.00199999999995271" classname="ds.changeRefGroup_smk" name="simple_changeRefGroup"/>
    <testcase time="0.00100000000020373" classname="ds.changeRefGroup_smk" name="simple_changeRefGroup"/>
    <testcase time="0.00199999999995271" classname="ds.changeRefGroup_smk" name="simple_changeRefGroup"/>
    <testcase time="0.00199999999995271" classname="ds.changeRefGroup_smk" name="simple_changeRefGroup"/>
    <testcase time="0.000999999999976353" classname="ds.changeRefGroup_smk" name="simple_changeRefGroup"/>
    <testcase time="0.00199999999995271" classname="ds.changeRefGroup_smk" name="simple_changeRefGroup"/>
    <testcase time="0.00200000000018008" classname="ds.changeRefGroup_smk" name="simple_changeRefGroup"/>
  </testsuite>
  <testsuite name="ds.changeRefGroup::smk::shutdown" timestamp="2020-03-24T20:29:44Z" hostname="fv-az32" tests="3" skipped="0" failures="0" errors="0" time="0.293">
    <testcase time="0.289999999999964" classname="ds.changeRefGroup_smk_shutdown" name="shutdown"/>
    <testcase time="0.000999999999976353" classname="ds.changeRefGroup_smk_shutdown" name="shutdown"/>
    <testcase time="0.00199999999995271" classname="ds.changeRefGroup_smk_shutdown" name="shutdown"/>
  </testsuite>
  <testsuite name="ds.changeRefGroup::smk::done" timestamp="2020-03-24T20:29:45Z" hostname="fv-az32" tests="0" skipped="0" failures="0" errors="0" time="0"/>
  <testsuite name="ds.class::smk::setup" timestamp="2020-03-24T20:29:45Z" hostname="fv-az32" tests="3" skipped="0" failures="0" errors="0" time="5.432">
    <testcase time="5.43000000000006" classname="ds.class_smk_setup" name="setup"/>
    <testcase time="0.000999999999976353" classname="ds.class_smk_setup" name="setup"/>
    <testcase time="0.000999999999976353" classname="ds.class_smk_setup" name="setup"/>
  </testsuite>
  <testsuite name="ds.class::smk" timestamp="2020-03-24T20:29:50Z" hostname="fv-az32" tests="14" skipped="0" failures="0" errors="0" time="1.116">
    <testcase time="0.555000000000064" classname="ds.class_smk" name="simple_class"/>
    <testcase time="0.00199999999995271" classname="ds.class_smk" name="simple_class"/>
    <testcase time="0.000999999999976353" classname="ds.class_smk" name="simple_class"/>
    <testcase time="0.000999999999976353" classname="ds.class_smk" name="simple_class"/>
    <testcase time="0.00199999999995271" classname="ds.class_smk" name="simple_class"/>
    <testcase time="0.000999999999976353" classname="ds.class_smk" name="simple_class"/>
    <testcase time="0.00100000000020373" classname="ds.class_smk" name="simple_class"/>
    <testcase time="0.542999999999893" classname="ds.class_smk" name="simple_class"/>
    <testcase time="0.000999999999976353" classname="ds.class_smk" name="simple_class"/>
    <testcase time="0.00199999999995271" classname="ds.class_smk" name="simple_class"/>
    <testcase time="0.000999999999976353" classname="ds.class_smk" name="simple_class"/>
    <testcase time="0.00300000000015643" classname="ds.class_smk" name="simple_class"/>
    <testcase time="0.000999999999976353" classname="ds.class_smk" name="simple_class"/>
    <testcase time="0.00199999999995271" classname="ds.class_smk" name="simple_class"/>
  </testsuite>
  <testsuite name="ds.class::smk::shutdown" timestamp="2020-03-24T20:29:51Z" hostname="fv-az32" tests="3" skipped="0" failures="0" errors="0" time="0.277">
    <testcase time="0.274000000000115" classname="ds.class_smk_shutdown" name="shutdown"/>
    <testcase time="0.00199999999995271" classname="ds.class_smk_shutdown" name="shutdown"/>
    <testcase time="0.000999999999976353" classname="ds.class_smk_shutdown" name="shutdown"/>
  </testsuite>
  <testsuite name="ds.class::smk::done" timestamp="2020-03-24T20:29:51Z" hostname="fv-az32" tests="0" skipped="0" failures="0" errors="0" time="0"/>
  <testsuite name="ds.colnames::smk::setup" timestamp="2020-03-24T20:29:51Z" hostname="fv-az32" tests="3" skipped="0" failures="0" errors="0" time="5.555">
    <testcase time="5.55299999999988" classname="ds.colnames_smk_setup" name="setup"/>
    <testcase time="0.00100000000020373" classname="ds.colnames_smk_setup" name="setup"/>
    <testcase time="0.000999999999976353" classname="ds.colnames_smk_setup" name="setup"/>
  </testsuite>
  <testsuite name="ds.colnames::smk" timestamp="2020-03-24T20:29:56Z" hostname="fv-az32" tests="10" skipped="0" failures="0" errors="0" time="2.607">
    <testcase time="2.596" classname="ds.colnames_smk" name="simple_colnames"/>
    <testcase time="0.000999999999976353" classname="ds.colnames_smk" name="simple_colnames"/>
    <testcase time="0.00199999999995271" classname="ds.colnames_smk" name="simple_colnames"/>
    <testcase time="0.000999999999976353" classname="ds.colnames_smk" name="simple_colnames"/>
    <testcase time="0.000999999999976353" classname="ds.colnames_smk" name="simple_colnames"/>
    <testcase time="0.00199999999995271" classname="ds.colnames_smk" name="simple_colnames"/>
    <testcase time="0.000999999999976353" classname="ds.colnames_smk" name="simple_colnames"/>
    <testcase time="0.00100000000020373" classname="ds.colnames_smk" name="simple_colnames"/>
    <testcase time="0.000999999999976353" classname="ds.colnames_smk" name="simple_colnames"/>
    <testcase time="0.000999999999976353" classname="ds.colnames_smk" name="simple_colnames"/>
  </testsuite>
  <testsuite name="ds.colnames::smk::shutdown" timestamp="2020-03-24T20:29:59Z" hostname="fv-az32" tests="3" skipped="0" failures="0" errors="0" time="0.291">
    <testcase time="0.288000000000011" classname="ds.colnames_smk_shutdown" name="shutdown"/>
    <testcase time="0.000999999999976353" classname="ds.colnames_smk_shutdown" name="shutdown"/>
    <testcase time="0.00199999999995271" classname="ds.colnames_smk_shutdown" name="shutdown"/>
  </testsuite>
  <testsuite name="ds.colnames::smk::done" timestamp="2020-03-24T20:30:00Z" hostname="fv-az32" tests="0" skipped="0" failures="0" errors="0" time="0"/>
  <testsuite name="ds.completeCases::smk::setup" timestamp="2020-03-24T20:30:00Z" hostname="fv-az32" tests="3" skipped="0" failures="0" errors="0" time="5.673">
    <testcase time="5.6690000000001" classname="ds.completeCases_smk_setup" name="setup"/>
    <testcase time="0.000999999999976353" classname="ds.completeCases_smk_setup" name="setup"/>
    <testcase time="0.00299999999992906" classname="ds.completeCases_smk_setup" name="setup"/>
  </testsuite>
  <testsuite name="ds.completeCases::sm::data.frame" timestamp="2020-03-24T20:30:05Z" hostname="fv-az32" tests="37" skipped="0" failures="0" errors="0" time="6.342">
    <testcase time="4.66100000000006" classname="ds.completeCases_sm_data.frame" name="completeCases_data.frame"/>
    <testcase time="0.00199999999995271" classname="ds.completeCases_sm_data.frame" name="completeCases_data.frame"/>
    <testcase time="0.000999999999976353" classname="ds.completeCases_sm_data.frame" name="completeCases_data.frame"/>
    <testcase time="0.54099999999994" classname="ds.completeCases_sm_data.frame" name="completeCases_data.frame"/>
    <testcase time="0.00100000000020373" classname="ds.completeCases_sm_data.frame" name="completeCases_data.frame"/>
    <testcase time="0.000999999999976353" classname="ds.completeCases_sm_data.frame" name="completeCases_data.frame"/>
    <testcase time="0.00199999999995271" classname="ds.completeCases_sm_data.frame" name="completeCases_data.frame"/>
    <testcase time="0.542999999999893" classname="ds.completeCases_sm_data.frame" name="completeCases_data.frame"/>
    <testcase time="0.00100000000020373" classname="ds.completeCases_sm_data.frame" name="completeCases_data.frame"/>
    <testcase time="0.000999999999976353" classname="ds.completeCases_sm_data.frame" name="completeCases_data.frame"/>
    <testcase time="0.00199999999995271" classname="ds.completeCases_sm_data.frame" name="completeCases_data.frame"/>
    <testcase time="0.266000000000076" classname="ds.completeCases_sm_data.frame" name="completeCases_data.frame"/>
    <testcase time="0.000999999999976353" classname="ds.completeCases_sm_data.frame" name="completeCases_data.frame"/>
    <testcase time="0.00199999999995271" classname="ds.completeCases_sm_data.frame" name="completeCases_data.frame"/>
    <testcase time="0.00199999999995271" classname="ds.completeCases_sm_data.frame" name="completeCases_data.frame"/>
    <testcase time="0.000999999999976353" classname="ds.completeCases_sm_data.frame" name="completeCases_data.frame"/>
    <testcase time="0.00199999999995271" classname="ds.completeCases_sm_data.frame" name="completeCases_data.frame"/>
    <testcase time="0.000999999999976353" classname="ds.completeCases_sm_data.frame" name="completeCases_data.frame"/>
    <testcase time="0.00200000000018008" classname="ds.completeCases_sm_data.frame" name="completeCases_data.frame"/>
    <testcase time="0.00199999999995271" classname="ds.completeCases_sm_data.frame" name="completeCases_data.frame"/>
    <testcase time="0.000999999999976353" classname="ds.completeCases_sm_data.frame" name="completeCases_data.frame"/>
    <testcase time="0.00199999999995271" classname="ds.completeCases_sm_data.frame" name="completeCases_data.frame"/>
    <testcase time="0.000999999999976353" classname="ds.completeCases_sm_data.frame" name="completeCases_data.frame"/>
    <testcase time="0.00199999999995271" classname="ds.completeCases_sm_data.frame" name="completeCases_data.frame"/>
    <testcase time="0.273000000000138" classname="ds.completeCases_sm_data.frame" name="completeCases_data.frame"/>
    <testcase time="0.000999999999976353" classname="ds.completeCases_sm_data.frame" name="completeCases_data.frame"/>
    <testcase time="0.00199999999995271" classname="ds.completeCases_sm_data.frame" name="completeCases_data.frame"/>
    <testcase time="0.00199999999995271" classname="ds.completeCases_sm_data.frame" name="completeCases_data.frame"/>
    <testcase time="0.0080000000000382" classname="ds.completeCases_sm_data.frame" name="completeCases_data.frame"/>
    <testcase time="0.00199999999995271" classname="ds.completeCases_sm_data.frame" name="completeCases_data.frame"/>
    <testcase time="0.00200000000018008" classname="ds.completeCases_sm_data.frame" name="completeCases_data.frame"/>
    <testcase time="0.00199999999995271" classname="ds.completeCases_sm_data.frame" name="completeCases_data.frame"/>
    <testcase time="0.000999999999976353" classname="ds.completeCases_sm_data.frame" name="completeCases_data.frame"/>
    <testcase time="0.000999999999976353" classname="ds.completeCases_sm_data.frame" name="completeCases_data.frame"/>
    <testcase time="0.00199999999995271" classname="ds.completeCases_sm_data.frame" name="completeCases_data.frame"/>
    <testcase time="0.00200000000018008" classname="ds.completeCases_sm_data.frame" name="completeCases_data.frame"/>
    <testcase time="0.00299999999992906" classname="ds.completeCases_sm_data.frame" name="completeCases_data.frame"/>
  </testsuite>
  <testsuite name="ds.completeCases::smk::matrix" timestamp="2020-03-24T20:30:11Z" hostname="fv-az32" tests="29" skipped="0" failures="0" errors="0" time="3.435">
    <testcase time="1.66200000000003" classname="ds.completeCases_smk_matrix" name="completeCases_matrix"/>
    <testcase time="0.000999999999976353" classname="ds.completeCases_smk_matrix" name="completeCases_matrix"/>
    <testcase time="0.000999999999976353" classname="ds.completeCases_smk_matrix" name="completeCases_matrix"/>
    <testcase time="0.585000000000036" classname="ds.completeCases_smk_matrix" name="completeCases_matrix"/>
    <testcase time="0.00199999999995271" classname="ds.completeCases_smk_matrix" name="completeCases_matrix"/>
    <testcase time="0.000999999999976353" classname="ds.completeCases_smk_matrix" name="completeCases_matrix"/>
    <testcase time="0.00199999999995271" classname="ds.completeCases_smk_matrix" name="completeCases_matrix"/>
    <testcase time="0.593000000000075" classname="ds.completeCases_smk_matrix" name="completeCases_matrix"/>
    <testcase time="0.00199999999995271" classname="ds.completeCases_smk_matrix" name="completeCases_matrix"/>
    <testcase time="0.000999999999976353" classname="ds.completeCases_smk_matrix" name="completeCases_matrix"/>
    <testcase time="0.00199999999995271" classname="ds.completeCases_smk_matrix" name="completeCases_matrix"/>
    <testcase time="0.279000000000224" classname="ds.completeCases_smk_matrix" name="completeCases_matrix"/>
    <testcase time="0.00199999999995271" classname="ds.completeCases_smk_matrix" name="completeCases_matrix"/>
    <testcase time="0.000999999999976353" classname="ds.completeCases_smk_matrix" name="completeCases_matrix"/>
    <testcase time="0.00199999999995271" classname="ds.completeCases_smk_matrix" name="completeCases_matrix"/>
    <testcase time="0.000999999999976353" classname="ds.completeCases_smk_matrix" name="completeCases_matrix"/>
    <testcase time="0.00199999999995271" classname="ds.completeCases_smk_matrix" name="completeCases_matrix"/>
    <testcase time="0.00200000000018008" classname="ds.completeCases_smk_matrix" name="completeCases_matrix"/>
    <testcase time="0.000999999999976353" classname="ds.completeCases_smk_matrix" name="completeCases_matrix"/>
    <testcase time="0.00199999999995271" classname="ds.completeCases_smk_matrix" name="completeCases_matrix"/>
    <testcase time="0.00199999999995271" classname="ds.completeCases_smk_matrix" name="completeCases_matrix"/>
    <testcase time="0.00199999999995271" classname="ds.completeCases_smk_matrix" name="completeCases_matrix"/>
    <testcase time="0.00199999999995271" classname="ds.completeCases_smk_matrix" name="completeCases_matrix"/>
    <testcase time="0.00200000000018008" classname="ds.completeCases_smk_matrix" name="completeCases_matrix"/>
    <testcase time="0.27599999999984" classname="ds.completeCases_smk_matrix" name="completeCases_matrix"/>
    <testcase time="0.00100000000020373" classname="ds.completeCases_smk_matrix" name="completeCases_matrix"/>
    <testcase time="0.00199999999995271" classname="ds.completeCases_smk_matrix" name="completeCases_matrix"/>
    <testcase time="0.00199999999995271" classname="ds.completeCases_smk_matrix" name="completeCases_matrix"/>
    <testcase time="0.00199999999995271" classname="ds.completeCases_smk_matrix" name="completeCases_matrix"/>
  </testsuite>
  <testsuite name="ds.completeCases::smk::vector" timestamp="2020-03-24T20:30:15Z" hostname="fv-az32" tests="21" skipped="0" failures="0" errors="0" time="4.014">
    <testcase time="2.33500000000004" classname="ds.completeCases_smk_vector" name="completeCases_vector"/>
    <testcase time="0.000999999999976353" classname="ds.completeCases_smk_vector" name="completeCases_vector"/>
    <testcase time="0.00299999999992906" classname="ds.completeCases_smk_vector" name="completeCases_vector"/>
    <testcase time="0.557999999999993" classname="ds.completeCases_smk_vector" name="completeCases_vector"/>
    <testcase time="0.00200000000018008" classname="ds.completeCases_smk_vector" name="completeCases_vector"/>
    <testcase time="0.000999999999976353" classname="ds.completeCases_smk_vector" name="completeCases_vector"/>
    <testcase time="0.00199999999995271" classname="ds.completeCases_smk_vector" name="completeCases_vector"/>
    <testcase time="0.545000000000073" classname="ds.completeCases_smk_vector" name="completeCases_vector"/>
    <testcase time="0.000999999999976353" classname="ds.completeCases_smk_vector" name="completeCases_vector"/>
    <testcase time="0.00199999999995271" classname="ds.completeCases_smk_vector" name="completeCases_vector"/>
    <testcase time="0.000999999999976353" classname="ds.completeCases_smk_vector" name="completeCases_vector"/>
    <testcase time="0.277000000000044" classname="ds.completeCases_smk_vector" name="completeCases_vector"/>
    <testcase time="0.00199999999995271" classname="ds.completeCases_smk_vector" name="completeCases_vector"/>
    <testcase time="0.000999999999976353" classname="ds.completeCases_smk_vector" name="completeCases_vector"/>
    <testcase time="0.00199999999995271" classname="ds.completeCases_smk_vector" name="completeCases_vector"/>
    <testcase time="0.00200000000018008" classname="ds.completeCases_smk_vector" name="completeCases_vector"/>
    <testcase time="0.271999999999935" classname="ds.completeCases_smk_vector" name="completeCases_vector"/>
    <testcase time="0.00199999999995271" classname="ds.completeCases_smk_vector" name="completeCases_vector"/>
    <testcase time="0.000999999999976353" classname="ds.completeCases_smk_vector" name="completeCases_vector"/>
    <testcase time="0.00199999999995271" classname="ds.completeCases_smk_vector" name="completeCases_vector"/>
    <testcase time="0.00200000000018008" classname="ds.completeCases_smk_vector" name="completeCases_vector"/>
  </testsuite>
  <testsuite name="ds.completeCases::smk::shutdown" timestamp="2020-03-24T20:30:19Z" hostname="fv-az32" tests="3" skipped="0" failures="0" errors="0" time="0.289">
    <testcase time="0.286999999999807" classname="ds.completeCases_smk_shutdown" name="shutdown"/>
    <testcase time="0.00100000000020373" classname="ds.completeCases_smk_shutdown" name="shutdown"/>
    <testcase time="0.000999999999976353" classname="ds.completeCases_smk_shutdown" name="shutdown"/>
  </testsuite>
  <testsuite name="ds.completeCases::smk::done" timestamp="2020-03-24T20:30:20Z" hostname="fv-az32" tests="0" skipped="0" failures="0" errors="0" time="0"/>
  <testsuite name="ds.cor::smk::setup" timestamp="2020-03-24T20:30:20Z" hostname="fv-az32" tests="3" skipped="0" failures="0" errors="0" time="5.445">
    <testcase time="5.44200000000001" classname="ds.cor_smk_setup" name="setup"/>
    <testcase time="0.00199999999995271" classname="ds.cor_smk_setup" name="setup"/>
    <testcase time="0.000999999999976353" classname="ds.cor_smk_setup" name="setup"/>
  </testsuite>
  <testsuite name="ds.cor::smk" timestamp="2020-03-24T20:30:25Z" hostname="fv-az32" tests="56" skipped="0" failures="0" errors="0" time="8.853">
    <testcase time="2.17799999999988" classname="ds.cor_smk" name="simple_test_combine_pairwise.complete"/>
    <testcase time="0.00100000000020373" classname="ds.cor_smk" name="simple_test_combine_pairwise.complete"/>
    <testcase time="0.000999999999976353" classname="ds.cor_smk" name="simple_test_combine_pairwise.complete"/>
    <testcase time="0.00199999999995271" classname="ds.cor_smk" name="simple_test_combine_pairwise.complete"/>
    <testcase time="0.000999999999976353" classname="ds.cor_smk" name="simple_test_combine_pairwise.complete"/>
    <testcase time="0.000999999999976353" classname="ds.cor_smk" name="simple_test_combine_pairwise.complete"/>
    <testcase time="0.00199999999995271" classname="ds.cor_smk" name="simple_test_combine_pairwise.complete"/>
    <testcase time="0.00199999999995271" classname="ds.cor_smk" name="simple_test_combine_pairwise.complete"/>
    <testcase time="0.00100000000020373" classname="ds.cor_smk" name="simple_test_combine_pairwise.complete"/>
    <testcase time="2.17899999999986" classname="ds.cor_smk" name="simple_test_combine_casewise.complete"/>
    <testcase time="0.00199999999995271" classname="ds.cor_smk" name="simple_test_combine_casewise.complete"/>
    <testcase time="0.00100000000020373" classname="ds.cor_smk" name="simple_test_combine_casewise.complete"/>
    <testcase time="0.00199999999995271" classname="ds.cor_smk" name="simple_test_combine_casewise.complete"/>
    <testcase time="0.000999999999976353" classname="ds.cor_smk" name="simple_test_combine_casewise.complete"/>
    <testcase time="0.00199999999995271" classname="ds.cor_smk" name="simple_test_combine_casewise.complete"/>
    <testcase time="0.000999999999976353" classname="ds.cor_smk" name="simple_test_combine_casewise.complete"/>
    <testcase time="0.00199999999995271" classname="ds.cor_smk" name="simple_test_combine_casewise.complete"/>
    <testcase time="0.00200000000018008" classname="ds.cor_smk" name="simple_test_combine_casewise.complete"/>
    <testcase time="2.15999999999985" classname="ds.cor_smk" name="simple_test_split_pairwise.complete"/>
    <testcase time="0.000999999999976353" classname="ds.cor_smk" name="simple_test_split_pairwise.complete"/>
    <testcase time="0.00199999999995271" classname="ds.cor_smk" name="simple_test_split_pairwise.complete"/>
    <testcase time="0.00200000000018008" classname="ds.cor_smk" name="simple_test_split_pairwise.complete"/>
    <testcase time="0.000999999999976353" classname="ds.cor_smk" name="simple_test_split_pairwise.complete"/>
    <testcase time="0.00199999999995271" classname="ds.cor_smk" name="simple_test_split_pairwise.complete"/>
    <testcase time="0.00199999999995271" classname="ds.cor_smk" name="simple_test_split_pairwise.complete"/>
    <testcase time="0.00199999999995271" classname="ds.cor_smk" name="simple_test_split_pairwise.complete"/>
    <testcase time="0.00200000000018008" classname="ds.cor_smk" name="simple_test_split_pairwise.complete"/>
    <testcase time="0.000999999999976353" classname="ds.cor_smk" name="simple_test_split_pairwise.complete"/>
    <testcase time="0.00199999999995271" classname="ds.cor_smk" name="simple_test_split_pairwise.complete"/>
    <testcase time="0.00199999999995271" classname="ds.cor_smk" name="simple_test_split_pairwise.complete"/>
    <testcase time="0.00199999999995271" classname="ds.cor_smk" name="simple_test_split_pairwise.complete"/>
    <testcase time="0.000999999999976353" classname="ds.cor_smk" name="simple_test_split_pairwise.complete"/>
    <testcase time="0.00200000000018008" classname="ds.cor_smk" name="simple_test_split_pairwise.complete"/>
    <testcase time="0.00299999999992906" classname="ds.cor_smk" name="simple_test_split_pairwise.complete"/>
    <testcase time="0.00199999999995271" classname="ds.cor_smk" name="simple_test_split_pairwise.complete"/>
    <testcase time="0.00199999999995271" classname="ds.cor_smk" name="simple_test_split_pairwise.complete"/>
    <testcase time="0.00200000000018008" classname="ds.cor_smk" name="simple_test_split_pairwise.complete"/>
    <testcase time="2.24000000000001" classname="ds.cor_smk" name="simple_test_split_casewise.complete"/>
    <testcase time="0.00299999999992906" classname="ds.cor_smk" name="simple_test_split_casewise.complete"/>
    <testcase time="0.00199999999995271" classname="ds.cor_smk" name="simple_test_split_casewise.complete"/>
    <testcase time="0.00199999999995271" classname="ds.cor_smk" name="simple_test_split_casewise.complete"/>
    <testcase time="0.00200000000018008" classname="ds.cor_smk" name="simple_test_split_casewise.complete"/>
    <testcase time="0.00199999999995271" classname="ds.cor_smk" name="simple_test_split_casewise.complete"/>
    <testcase time="0.00199999999995271" classname="ds.cor_smk" name="simple_test_split_casewise.complete"/>
    <testcase time="0.00199999999995271" classname="ds.cor_smk" name="simple_test_split_casewise.complete"/>
    <testcase time="0.00199999999995271" classname="ds.cor_smk" name="simple_test_split_casewise.complete"/>
    <testcase time="0.00200000000018008" classname="ds.cor_smk" name="simple_test_split_casewise.complete"/>
    <testcase time="0.00199999999995271" classname="ds.cor_smk" name="simple_test_split_casewise.complete"/>
    <testcase time="0.00199999999995271" classname="ds.cor_smk" name="simple_test_split_casewise.complete"/>
    <testcase time="0.00199999999995271" classname="ds.cor_smk" name="simple_test_split_casewise.complete"/>
    <testcase time="0.000999999999976353" classname="ds.cor_smk" name="simple_test_split_casewise.complete"/>
    <testcase time="0.00300000000015643" classname="ds.cor_smk" name="simple_test_split_casewise.complete"/>
    <testcase time="0.00199999999995271" classname="ds.cor_smk" name="simple_test_split_casewise.complete"/>
    <testcase time="0.00199999999995271" classname="ds.cor_smk" name="simple_test_split_casewise.complete"/>
    <testcase time="0.00299999999992906" classname="ds.cor_smk" name="simple_test_split_casewise.complete"/>
    <testcase time="0.00300000000015643" classname="ds.cor_smk" name="simple_test_split_casewise.complete"/>
  </testsuite>
  <testsuite name="ds.cor::smk::setup::shutdown" timestamp="2020-03-24T20:30:33Z" hostname="fv-az32" tests="3" skipped="0" failures="0" errors="0" time="0.291">
    <testcase time="0.288999999999987" classname="ds.cor_smk_setup_shutdown" name="shutdown"/>
    <testcase time="0.000999999999976353" classname="ds.cor_smk_setup_shutdown" name="shutdown"/>
    <testcase time="0.000999999999976353" classname="ds.cor_smk_setup_shutdown" name="shutdown"/>
  </testsuite>
  <testsuite name="ds.cor::smk::setup::done" timestamp="2020-03-24T20:30:34Z" hostname="fv-az32" tests="0" skipped="0" failures="0" errors="0" time="0"/>
  <testsuite name="ds.corTest::smk::setup" timestamp="2020-03-24T20:30:34Z" hostname="fv-az32" tests="3" skipped="0" failures="0" errors="0" time="5.5">
    <testcase time="5.49800000000005" classname="ds.corTest_smk_setup" name="setup"/>
    <testcase time="0.000999999999976353" classname="ds.corTest_smk_setup" name="setup"/>
    <testcase time="0.000999999999976353" classname="ds.corTest_smk_setup" name="setup"/>
  </testsuite>
  <testsuite name="ds.corTest::smk" timestamp="2020-03-24T20:30:39Z" hostname="fv-az32" tests="28" skipped="0" failures="0" errors="0" time="2.226">
    <testcase time="2.19000000000005" classname="ds.corTest_smk" name="simple_test"/>
    <testcase time="0.000999999999976353" classname="ds.corTest_smk" name="simple_test"/>
    <testcase time="0.000999999999976353" classname="ds.corTest_smk" name="simple_test"/>
    <testcase time="0.000999999999976353" classname="ds.corTest_smk" name="simple_test"/>
    <testcase time="0.000999999999976353" classname="ds.corTest_smk" name="simple_test"/>
    <testcase time="0.00199999999995271" classname="ds.corTest_smk" name="simple_test"/>
    <testcase time="0.000999999999976353" classname="ds.corTest_smk" name="simple_test"/>
    <testcase time="0.00100000000020373" classname="ds.corTest_smk" name="simple_test"/>
    <testcase time="0.000999999999976353" classname="ds.corTest_smk" name="simple_test"/>
    <testcase time="0.000999999999976353" classname="ds.corTest_smk" name="simple_test"/>
    <testcase time="0.000999999999976353" classname="ds.corTest_smk" name="simple_test"/>
    <testcase time="0.00199999999995271" classname="ds.corTest_smk" name="simple_test"/>
    <testcase time="0.000999999999976353" classname="ds.corTest_smk" name="simple_test"/>
    <testcase time="0.000999999999976353" classname="ds.corTest_smk" name="simple_test"/>
    <testcase time="0.00200000000018008" classname="ds.corTest_smk" name="simple_test"/>
    <testcase time="0.000999999999976353" classname="ds.corTest_smk" name="simple_test"/>
    <testcase time="0.000999999999976353" classname="ds.corTest_smk" name="simple_test"/>
    <testcase time="0.00199999999995271" classname="ds.corTest_smk" name="simple_test"/>
    <testcase time="0.000999999999976353" classname="ds.corTest_smk" name="simple_test"/>
    <testcase time="0.00199999999995271" classname="ds.corTest_smk" name="simple_test"/>
    <testcase time="0.000999999999976353" classname="ds.corTest_smk" name="simple_test"/>
    <testcase time="0.00200000000018008" classname="ds.corTest_smk" name="simple_test"/>
    <testcase time="0.00199999999995271" classname="ds.corTest_smk" name="simple_test"/>
    <testcase time="0.000999999999976353" classname="ds.corTest_smk" name="simple_test"/>
    <testcase time="0.00199999999995271" classname="ds.corTest_smk" name="simple_test"/>
    <testcase time="0.000999999999976353" classname="ds.corTest_smk" name="simple_test"/>
    <testcase time="0.00200000000018008" classname="ds.corTest_smk" name="simple_test"/>
    <testcase time="0.000999999999976353" classname="ds.corTest_smk" name="simple_test"/>
  </testsuite>
  <testsuite name="ds.corTest::smk::shutdown" timestamp="2020-03-24T20:30:41Z" hostname="fv-az32" tests="3" skipped="0" failures="0" errors="0" time="0.278">
    <testcase time="0.27599999999984" classname="ds.corTest_smk_shutdown" name="shutdown"/>
    <testcase time="0.000999999999976353" classname="ds.corTest_smk_shutdown" name="shutdown"/>
    <testcase time="0.00100000000020373" classname="ds.corTest_smk_shutdown" name="shutdown"/>
  </testsuite>
  <testsuite name="ds.corTest::smk::done" timestamp="2020-03-24T20:30:42Z" hostname="fv-az32" tests="0" skipped="0" failures="0" errors="0" time="0"/>
  <testsuite name="ds.cov::smk::setup" timestamp="2020-03-24T20:30:42Z" hostname="fv-az32" tests="3" skipped="0" failures="0" errors="0" time="5.524">
    <testcase time="5.52099999999996" classname="ds.cov_smk_setup" name="setup"/>
    <testcase time="0.00199999999995271" classname="ds.cov_smk_setup" name="setup"/>
    <testcase time="0.000999999999976353" classname="ds.cov_smk_setup" name="setup"/>
  </testsuite>
  <testsuite name="ds.cov::smk" timestamp="2020-03-24T20:30:47Z" hostname="fv-az32" tests="28" skipped="0" failures="0" errors="0" time="4.399">
    <testcase time="2.173" classname="ds.cov_smk" name="simple_test_split"/>
    <testcase time="0.000999999999976353" classname="ds.cov_smk" name="simple_test_split"/>
    <testcase time="0.00199999999995271" classname="ds.cov_smk" name="simple_test_split"/>
    <testcase time="0.000999999999976353" classname="ds.cov_smk" name="simple_test_split"/>
    <testcase time="0.00100000000020373" classname="ds.cov_smk" name="simple_test_split"/>
    <testcase time="0.00199999999995271" classname="ds.cov_smk" name="simple_test_split"/>
    <testcase time="0.000999999999976353" classname="ds.cov_smk" name="simple_test_split"/>
    <testcase time="0.000999999999976353" classname="ds.cov_smk" name="simple_test_split"/>
    <testcase time="0.00199999999995271" classname="ds.cov_smk" name="simple_test_split"/>
    <testcase time="0.000999999999976353" classname="ds.cov_smk" name="simple_test_split"/>
    <testcase time="0.000999999999976353" classname="ds.cov_smk" name="simple_test_split"/>
    <testcase time="0.00200000000018008" classname="ds.cov_smk" name="simple_test_split"/>
    <testcase time="0.00299999999992906" classname="ds.cov_smk" name="simple_test_split"/>
    <testcase time="0.000999999999976353" classname="ds.cov_smk" name="simple_test_split"/>
    <testcase time="0.00199999999995271" classname="ds.cov_smk" name="simple_test_split"/>
    <testcase time="0.000999999999976353" classname="ds.cov_smk" name="simple_test_split"/>
    <testcase time="0.00200000000018008" classname="ds.cov_smk" name="simple_test_split"/>
    <testcase time="0.000999999999976353" classname="ds.cov_smk" name="simple_test_split"/>
    <testcase time="0.00199999999995271" classname="ds.cov_smk" name="simple_test_split"/>
    <testcase time="2.18499999999995" classname="ds.cov_smk" name="simple_test_combine"/>
    <testcase time="0.00199999999995271" classname="ds.cov_smk" name="simple_test_combine"/>
    <testcase time="0.00199999999995271" classname="ds.cov_smk" name="simple_test_combine"/>
    <testcase time="0.00100000000020373" classname="ds.cov_smk" name="simple_test_combine"/>
    <testcase time="0.00299999999992906" classname="ds.cov_smk" name="simple_test_combine"/>
    <testcase time="0.000999999999976353" classname="ds.cov_smk" name="simple_test_combine"/>
    <testcase time="0.000999999999976353" classname="ds.cov_smk" name="simple_test_combine"/>
    <testcase time="0.00199999999995271" classname="ds.cov_smk" name="simple_test_combine"/>
    <testcase time="0.00200000000018008" classname="ds.cov_smk" name="simple_test_combine"/>
  </testsuite>
  <testsuite name="ds.cov::smk::shutdown" timestamp="2020-03-24T20:30:52Z" hostname="fv-az32" tests="3" skipped="0" failures="0" errors="0" time="0.283">
    <testcase time="0.280999999999949" classname="ds.cov_smk_shutdown" name="shutdown"/>
    <testcase time="0.000999999999976353" classname="ds.cov_smk_shutdown" name="shutdown"/>
    <testcase time="0.000999999999976353" classname="ds.cov_smk_shutdown" name="shutdown"/>
  </testsuite>
  <testsuite name="ds.cov::smk::done" timestamp="2020-03-24T20:30:52Z" hostname="fv-az32" tests="0" skipped="0" failures="0" errors="0" time="0"/>
  <testsuite name="ds.c::smk::setup" timestamp="2020-03-24T20:30:52Z" hostname="fv-az32" tests="3" skipped="0" failures="0" errors="0" time="5.612">
    <testcase time="5.60899999999992" classname="ds.c_smk_setup" name="setup"/>
    <testcase time="0.00200000000018008" classname="ds.c_smk_setup" name="setup"/>
    <testcase time="0.000999999999976353" classname="ds.c_smk_setup" name="setup"/>
  </testsuite>
  <testsuite name="ds.c::smk" timestamp="2020-03-24T20:30:58Z" hostname="fv-az32" tests="1" skipped="0" failures="0" errors="0" time="1.517">
    <testcase time="1.51699999999983" classname="ds.c_smk" name="simple_c"/>
  </testsuite>
  <testsuite name="ds.c::smk::shutdown" timestamp="2020-03-24T20:30:59Z" hostname="fv-az32" tests="3" skipped="0" failures="0" errors="0" time="0.277">
    <testcase time="0.275000000000091" classname="ds.c_smk_shutdown" name="setup"/>
    <testcase time="0.000999999999976353" classname="ds.c_smk_shutdown" name="setup"/>
    <testcase time="0.000999999999976353" classname="ds.c_smk_shutdown" name="setup"/>
  </testsuite>
  <testsuite name="ds.c::smk::done" timestamp="2020-03-24T20:31:00Z" hostname="fv-az32" tests="0" skipped="0" failures="0" errors="0" time="0"/>
  <testsuite name="ds.dataFrameFill::smk::setup" timestamp="2020-03-24T20:31:00Z" hostname="fv-az32" tests="3" skipped="0" failures="0" errors="0" time="5.565">
    <testcase time="5.56200000000013" classname="ds.dataFrameFill_smk_setup" name="setup"/>
    <testcase time="0.00199999999995271" classname="ds.dataFrameFill_smk_setup" name="setup"/>
    <testcase time="0.000999999999976353" classname="ds.dataFrameFill_smk_setup" name="setup"/>
  </testsuite>
  <testsuite name="ds.dataFrameFill::smk::donothing dataframes" timestamp="2020-03-24T20:31:05Z" hostname="fv-az32" tests="14" skipped="0" failures="0" errors="0" time="4.348">
    <testcase time="1.23399999999992" classname="ds.dataFrameFill_smk_donothing_dataframes" name="dataFrameFill_donothing"/>
    <testcase time="0.000999999999976353" classname="ds.dataFrameFill_smk_donothing_dataframes" name="dataFrameFill_donothing"/>
    <testcase time="0.00200000000018008" classname="ds.dataFrameFill_smk_donothing_dataframes" name="dataFrameFill_donothing"/>
    <testcase time="0.000999999999976353" classname="ds.dataFrameFill_smk_donothing_dataframes" name="dataFrameFill_donothing"/>
    <testcase time="0.00299999999992906" classname="ds.dataFrameFill_smk_donothing_dataframes" name="dataFrameFill_donothing"/>
    <testcase time="0.000999999999976353" classname="ds.dataFrameFill_smk_donothing_dataframes" name="dataFrameFill_donothing"/>
    <testcase time="0.000999999999976353" classname="ds.dataFrameFill_smk_donothing_dataframes" name="dataFrameFill_donothing"/>
    <testcase time="0.00200000000018008" classname="ds.dataFrameFill_smk_donothing_dataframes" name="dataFrameFill_donothing"/>
    <testcase time="0.000999999999976353" classname="ds.dataFrameFill_smk_donothing_dataframes" name="dataFrameFill_donothing"/>
    <testcase time="0.00199999999995271" classname="ds.dataFrameFill_smk_donothing_dataframes" name="dataFrameFill_donothing"/>
    <testcase time="0.000999999999976353" classname="ds.dataFrameFill_smk_donothing_dataframes" name="dataFrameFill_donothing"/>
    <testcase time="0.00199999999995271" classname="ds.dataFrameFill_smk_donothing_dataframes" name="dataFrameFill_donothing"/>
    <testcase time="0.000999999999976353" classname="ds.dataFrameFill_smk_donothing_dataframes" name="dataFrameFill_donothing"/>
    <testcase time="3.096" classname="ds.dataFrameFill_smk_donothing_dataframes" name="dataFrameFill_donothing"/>
  </testsuite>
  <testsuite name="ds.dataFrameFill::smk::shutdown" timestamp="2020-03-24T20:31:09Z" hostname="fv-az32" tests="3" skipped="0" failures="0" errors="0" time="0.302">
    <testcase time="0.299999999999955" classname="ds.dataFrameFill_smk_shutdown" name="shutdown"/>
    <testcase time="0.00100000000020373" classname="ds.dataFrameFill_smk_shutdown" name="shutdown"/>
    <testcase time="0.000999999999976353" classname="ds.dataFrameFill_smk_shutdown" name="shutdown"/>
  </testsuite>
  <testsuite name="ds.dataFrameFill::smk::done" timestamp="2020-03-24T20:31:10Z" hostname="fv-az32" tests="0" skipped="0" failures="0" errors="0" time="0"/>
  <testsuite name="ds.dataFrameFill::smk::setup" timestamp="2020-03-24T20:31:10Z" hostname="fv-az32" tests="3" skipped="0" failures="0" errors="0" time="5.411">
    <testcase time="5.40899999999988" classname="ds.dataFrameFill_smk_setup" name="setup"/>
    <testcase time="0.000999999999976353" classname="ds.dataFrameFill_smk_setup" name="setup"/>
    <testcase time="0.000999999999976353" classname="ds.dataFrameFill_smk_setup" name="setup"/>
  </testsuite>
  <testsuite name="ds.dataFrameFill::smk::extend unfilled dataframes" timestamp="2020-03-24T20:31:15Z" hostname="fv-az32" tests="26" skipped="0" failures="0" errors="0" time="6.359">
    <testcase time="1.22300000000018" classname="ds.dataFrameFill_smk_extend_unfilled_dataframes" name="dataFrameFill_exists"/>
    <testcase time="0.000999999999976353" classname="ds.dataFrameFill_smk_extend_unfilled_dataframes" name="dataFrameFill_exists"/>
    <testcase time="0.00199999999995271" classname="ds.dataFrameFill_smk_extend_unfilled_dataframes" name="dataFrameFill_exists"/>
    <testcase time="0.00199999999995271" classname="ds.dataFrameFill_smk_extend_unfilled_dataframes" name="dataFrameFill_exists"/>
    <testcase time="0.000999999999976353" classname="ds.dataFrameFill_smk_extend_unfilled_dataframes" name="dataFrameFill_exists"/>
    <testcase time="0.000999999999976353" classname="ds.dataFrameFill_smk_extend_unfilled_dataframes" name="dataFrameFill_exists"/>
    <testcase time="0.00200000000018008" classname="ds.dataFrameFill_smk_extend_unfilled_dataframes" name="dataFrameFill_exists"/>
    <testcase time="0.000999999999976353" classname="ds.dataFrameFill_smk_extend_unfilled_dataframes" name="dataFrameFill_exists"/>
    <testcase time="0.000999999999976353" classname="ds.dataFrameFill_smk_extend_unfilled_dataframes" name="dataFrameFill_exists"/>
    <testcase time="0.00199999999995271" classname="ds.dataFrameFill_smk_extend_unfilled_dataframes" name="dataFrameFill_exists"/>
    <testcase time="3.89400000000001" classname="ds.dataFrameFill_smk_extend_unfilled_dataframes" name="dataFrameFill_exists"/>
    <testcase time="0.00199999999995271" classname="ds.dataFrameFill_smk_extend_unfilled_dataframes" name="dataFrameFill_exists"/>
    <testcase time="0.00199999999995271" classname="ds.dataFrameFill_smk_extend_unfilled_dataframes" name="dataFrameFill_exists"/>
    <testcase time="1.20500000000015" classname="ds.dataFrameFill_smk_extend_unfilled_dataframes" name="dataFrameFill_exists"/>
    <testcase time="0.00199999999995271" classname="ds.dataFrameFill_smk_extend_unfilled_dataframes" name="dataFrameFill_exists"/>
    <testcase time="0.000999999999976353" classname="ds.dataFrameFill_smk_extend_unfilled_dataframes" name="dataFrameFill_exists"/>
    <testcase time="0.00199999999995271" classname="ds.dataFrameFill_smk_extend_unfilled_dataframes" name="dataFrameFill_exists"/>
    <testcase time="0.000999999999976353" classname="ds.dataFrameFill_smk_extend_unfilled_dataframes" name="dataFrameFill_exists"/>
    <testcase time="0.00199999999995271" classname="ds.dataFrameFill_smk_extend_unfilled_dataframes" name="dataFrameFill_exists"/>
    <testcase time="0.00100000000020373" classname="ds.dataFrameFill_smk_extend_unfilled_dataframes" name="dataFrameFill_exists"/>
    <testcase time="0.00199999999995271" classname="ds.dataFrameFill_smk_extend_unfilled_dataframes" name="dataFrameFill_exists"/>
    <testcase time="0.00199999999995271" classname="ds.dataFrameFill_smk_extend_unfilled_dataframes" name="dataFrameFill_exists"/>
    <testcase time="0.000999999999976353" classname="ds.dataFrameFill_smk_extend_unfilled_dataframes" name="dataFrameFill_exists"/>
    <testcase time="0.00199999999995271" classname="ds.dataFrameFill_smk_extend_unfilled_dataframes" name="dataFrameFill_exists"/>
    <testcase time="0.00200000000018008" classname="ds.dataFrameFill_smk_extend_unfilled_dataframes" name="dataFrameFill_exists"/>
    <testcase time="0.00199999999995271" classname="ds.dataFrameFill_smk_extend_unfilled_dataframes" name="dataFrameFill_exists"/>
  </testsuite>
  <testsuite name="ds.dataFrameFill::smk::shutdown" timestamp="2020-03-24T20:31:21Z" hostname="fv-az32" tests="3" skipped="0" failures="0" errors="0" time="0.28">
    <testcase time="0.27800000000002" classname="ds.dataFrameFill_smk_shutdown" name="shutdown"/>
    <testcase time="0.000999999999976353" classname="ds.dataFrameFill_smk_shutdown" name="shutdown"/>
    <testcase time="0.000999999999976353" classname="ds.dataFrameFill_smk_shutdown" name="shutdown"/>
  </testsuite>
  <testsuite name="ds.dataFrameFill::smk::done" timestamp="2020-03-24T20:31:22Z" hostname="fv-az32" tests="0" skipped="0" failures="0" errors="0" time="0"/>
  <testsuite name="ds.dataFrame::smk::setup" timestamp="2020-03-24T20:31:22Z" hostname="fv-az32" tests="3" skipped="0" failures="0" errors="0" time="5.536">
    <testcase time="5.53399999999988" classname="ds.dataFrame_smk_setup" name="setup"/>
    <testcase time="0.000999999999976353" classname="ds.dataFrame_smk_setup" name="setup"/>
    <testcase time="0.00100000000020373" classname="ds.dataFrame_smk_setup" name="setup"/>
  </testsuite>
  <testsuite name="ds.dataFrame::smk::create a dataframe" timestamp="2020-03-24T20:31:27Z" hostname="fv-az32" tests="3" skipped="0" failures="0" errors="0" time="1.628">
    <testcase time="1.625" classname="ds.dataFrame_smk_create_a_dataframe" name="dataframe_exists"/>
    <testcase time="0.000999999999976353" classname="ds.dataFrame_smk_create_a_dataframe" name="dataframe_exists"/>
    <testcase time="0.00199999999995271" classname="ds.dataFrame_smk_create_a_dataframe" name="dataframe_exists"/>
  </testsuite>
  <testsuite name="ds.dataFrame::smk::create a dataframe, with DataSHIELD.checks" timestamp="2020-03-24T20:31:29Z" hostname="fv-az32" tests="3" skipped="0" failures="0" errors="0" time="3.534">
    <testcase time="3.53199999999993" classname="ds.dataFrame_smk_create_a_dataframe_with_DataSHIELD.checks" name="dataframe_exists_with_DataSHIELD.checks"/>
    <testcase time="0.000999999999976353" classname="ds.dataFrame_smk_create_a_dataframe_with_DataSHIELD.checks" name="dataframe_exists_with_DataSHIELD.checks"/>
    <testcase time="0.00100000000020373" classname="ds.dataFrame_smk_create_a_dataframe_with_DataSHIELD.checks" name="dataframe_exists_with_DataSHIELD.checks"/>
  </testsuite>
  <testsuite name="ds.dataFrame::smk::shutdown" timestamp="2020-03-24T20:31:32Z" hostname="fv-az32" tests="3" skipped="0" failures="0" errors="0" time="0.286">
    <testcase time="0.282999999999902" classname="ds.dataFrame_smk_shutdown" name="shutdown"/>
    <testcase time="0.00199999999995271" classname="ds.dataFrame_smk_shutdown" name="shutdown"/>
    <testcase time="0.000999999999976353" classname="ds.dataFrame_smk_shutdown" name="shutdown"/>
  </testsuite>
  <testsuite name="ds.dataFrame::smk::done" timestamp="2020-03-24T20:31:33Z" hostname="fv-az32" tests="0" skipped="0" failures="0" errors="0" time="0"/>
  <testsuite name="ds.dataFrameSort::smk::setup" timestamp="2020-03-24T20:31:33Z" hostname="fv-az32" tests="3" skipped="0" failures="0" errors="0" time="5.514">
    <testcase time="5.51099999999997" classname="ds.dataFrameSort_smk_setup" name="setup"/>
    <testcase time="0.00100000000020373" classname="ds.dataFrameSort_smk_setup" name="setup"/>
    <testcase time="0.00199999999995271" classname="ds.dataFrameSort_smk_setup" name="setup"/>
  </testsuite>
  <testsuite name="ds.dataFrameSort::smk::create a sorted dataframe" timestamp="2020-03-24T20:31:38Z" hostname="fv-az32" tests="3" skipped="0" failures="0" errors="0" time="2.156">
    <testcase time="2.15300000000002" classname="ds.dataFrameSort_smk_create_a_sorted_dataframe" name="dataFrameSort_exists"/>
    <testcase time="0.00199999999995271" classname="ds.dataFrameSort_smk_create_a_sorted_dataframe" name="dataFrameSort_exists"/>
    <testcase time="0.000999999999976353" classname="ds.dataFrameSort_smk_create_a_sorted_dataframe" name="dataFrameSort_exists"/>
  </testsuite>
  <testsuite name="ds.dataFrameSort::smk::shutdown" timestamp="2020-03-24T20:31:40Z" hostname="fv-az32" tests="3" skipped="0" failures="0" errors="0" time="0.283">
    <testcase time="0.280999999999949" classname="ds.dataFrameSort_smk_shutdown" name="shutdown"/>
    <testcase time="0.000999999999976353" classname="ds.dataFrameSort_smk_shutdown" name="shutdown"/>
    <testcase time="0.000999999999976353" classname="ds.dataFrameSort_smk_shutdown" name="shutdown"/>
  </testsuite>
  <testsuite name="ds.dataFrameSort::smk::done" timestamp="2020-03-24T20:31:41Z" hostname="fv-az32" tests="0" skipped="0" failures="0" errors="0" time="0"/>
  <testsuite name="ds.dataFrameSubset::smk::setup" timestamp="2020-03-24T20:31:41Z" hostname="fv-az32" tests="3" skipped="0" failures="0" errors="0" time="5.502">
    <testcase time="5.5" classname="ds.dataFrameSubset_smk_setup" name="setup"/>
    <testcase time="0.000999999999976353" classname="ds.dataFrameSubset_smk_setup" name="setup"/>
    <testcase time="0.00100000000020373" classname="ds.dataFrameSubset_smk_setup" name="setup"/>
  </testsuite>
  <testsuite name="ds.dataFrameSubset::smk::create a subset dataframe" timestamp="2020-03-24T20:31:46Z" hostname="fv-az32" tests="23" skipped="0" failures="0" errors="0" time="3.866">
    <testcase time="1.64899999999989" classname="ds.dataFrameSubset_smk_create_a_subset_dataframe" name="dataFrameSubset_exists"/>
    <testcase time="0.000999999999976353" classname="ds.dataFrameSubset_smk_create_a_subset_dataframe" name="dataFrameSubset_exists"/>
    <testcase time="0.00199999999995271" classname="ds.dataFrameSubset_smk_create_a_subset_dataframe" name="dataFrameSubset_exists"/>
    <testcase time="0.00100000000020373" classname="ds.dataFrameSubset_smk_create_a_subset_dataframe" name="dataFrameSubset_exists"/>
    <testcase time="0.000999999999976353" classname="ds.dataFrameSubset_smk_create_a_subset_dataframe" name="dataFrameSubset_exists"/>
    <testcase time="0.00199999999995271" classname="ds.dataFrameSubset_smk_create_a_subset_dataframe" name="dataFrameSubset_exists"/>
    <testcase time="0.000999999999976353" classname="ds.dataFrameSubset_smk_create_a_subset_dataframe" name="dataFrameSubset_exists"/>
    <testcase time="0.00199999999995271" classname="ds.dataFrameSubset_smk_create_a_subset_dataframe" name="dataFrameSubset_exists"/>
    <testcase time="0.000999999999976353" classname="ds.dataFrameSubset_smk_create_a_subset_dataframe" name="dataFrameSubset_exists"/>
    <testcase time="0.00199999999995271" classname="ds.dataFrameSubset_smk_create_a_subset_dataframe" name="dataFrameSubset_exists"/>
    <testcase time="2.18600000000015" classname="ds.dataFrameSubset_smk_create_a_subset_dataframe" name="dataFrameSubset_exists"/>
    <testcase time="0.000999999999976353" classname="ds.dataFrameSubset_smk_create_a_subset_dataframe" name="dataFrameSubset_exists"/>
    <testcase time="0.00199999999995271" classname="ds.dataFrameSubset_smk_create_a_subset_dataframe" name="dataFrameSubset_exists"/>
    <testcase time="0.00199999999995271" classname="ds.dataFrameSubset_smk_create_a_subset_dataframe" name="dataFrameSubset_exists"/>
    <testcase time="0.000999999999976353" classname="ds.dataFrameSubset_smk_create_a_subset_dataframe" name="dataFrameSubset_exists"/>
    <testcase time="0.00200000000018008" classname="ds.dataFrameSubset_smk_create_a_subset_dataframe" name="dataFrameSubset_exists"/>
    <testcase time="0.000999999999976353" classname="ds.dataFrameSubset_smk_create_a_subset_dataframe" name="dataFrameSubset_exists"/>
    <testcase time="0.000999999999976353" classname="ds.dataFrameSubset_smk_create_a_subset_dataframe" name="dataFrameSubset_exists"/>
    <testcase time="0.00199999999995271" classname="ds.dataFrameSubset_smk_create_a_subset_dataframe" name="dataFrameSubset_exists"/>
    <testcase time="0.00199999999995271" classname="ds.dataFrameSubset_smk_create_a_subset_dataframe" name="dataFrameSubset_exists"/>
    <testcase time="0.000999999999976353" classname="ds.dataFrameSubset_smk_create_a_subset_dataframe" name="dataFrameSubset_exists"/>
    <testcase time="0.000999999999976353" classname="ds.dataFrameSubset_smk_create_a_subset_dataframe" name="dataFrameSubset_exists"/>
    <testcase time="0.00200000000018008" classname="ds.dataFrameSubset_smk_create_a_subset_dataframe" name="dataFrameSubset_exists"/>
  </testsuite>
  <testsuite name="ds.dataFrameSubset::smk::create a subset dataframe, based on scalar" timestamp="2020-03-24T20:31:50Z" hostname="fv-az32" tests="23" skipped="0" failures="0" errors="0" time="4.323">
    <testcase time="1.91899999999987" classname="ds.dataFrameSubset_smk_create_a_subset_dataframe_based_on_scalar" name="dataFrameSubset_exists_scalar"/>
    <testcase time="0.000999999999976353" classname="ds.dataFrameSubset_smk_create_a_subset_dataframe_based_on_scalar" name="dataFrameSubset_exists_scalar"/>
    <testcase time="0.00200000000018008" classname="ds.dataFrameSubset_smk_create_a_subset_dataframe_based_on_scalar" name="dataFrameSubset_exists_scalar"/>
    <testcase time="0.00199999999995271" classname="ds.dataFrameSubset_smk_create_a_subset_dataframe_based_on_scalar" name="dataFrameSubset_exists_scalar"/>
    <testcase time="0.000999999999976353" classname="ds.dataFrameSubset_smk_create_a_subset_dataframe_based_on_scalar" name="dataFrameSubset_exists_scalar"/>
    <testcase time="0.00199999999995271" classname="ds.dataFrameSubset_smk_create_a_subset_dataframe_based_on_scalar" name="dataFrameSubset_exists_scalar"/>
    <testcase time="0.000999999999976353" classname="ds.dataFrameSubset_smk_create_a_subset_dataframe_based_on_scalar" name="dataFrameSubset_exists_scalar"/>
    <testcase time="0.00199999999995271" classname="ds.dataFrameSubset_smk_create_a_subset_dataframe_based_on_scalar" name="dataFrameSubset_exists_scalar"/>
    <testcase time="0.00100000000020373" classname="ds.dataFrameSubset_smk_create_a_subset_dataframe_based_on_scalar" name="dataFrameSubset_exists_scalar"/>
    <testcase time="0.00199999999995271" classname="ds.dataFrameSubset_smk_create_a_subset_dataframe_based_on_scalar" name="dataFrameSubset_exists_scalar"/>
    <testcase time="2.37099999999987" classname="ds.dataFrameSubset_smk_create_a_subset_dataframe_based_on_scalar" name="dataFrameSubset_exists_scalar"/>
    <testcase time="0.00100000000020373" classname="ds.dataFrameSubset_smk_create_a_subset_dataframe_based_on_scalar" name="dataFrameSubset_exists_scalar"/>
    <testcase time="0.00199999999995271" classname="ds.dataFrameSubset_smk_create_a_subset_dataframe_based_on_scalar" name="dataFrameSubset_exists_scalar"/>
    <testcase time="0.000999999999976353" classname="ds.dataFrameSubset_smk_create_a_subset_dataframe_based_on_scalar" name="dataFrameSubset_exists_scalar"/>
    <testcase time="0.00199999999995271" classname="ds.dataFrameSubset_smk_create_a_subset_dataframe_based_on_scalar" name="dataFrameSubset_exists_scalar"/>
    <testcase time="0.00199999999995271" classname="ds.dataFrameSubset_smk_create_a_subset_dataframe_based_on_scalar" name="dataFrameSubset_exists_scalar"/>
    <testcase time="0.000999999999976353" classname="ds.dataFrameSubset_smk_create_a_subset_dataframe_based_on_scalar" name="dataFrameSubset_exists_scalar"/>
    <testcase time="0.00200000000018008" classname="ds.dataFrameSubset_smk_create_a_subset_dataframe_based_on_scalar" name="dataFrameSubset_exists_scalar"/>
    <testcase time="0.00199999999995271" classname="ds.dataFrameSubset_smk_create_a_subset_dataframe_based_on_scalar" name="dataFrameSubset_exists_scalar"/>
    <testcase time="0.00199999999995271" classname="ds.dataFrameSubset_smk_create_a_subset_dataframe_based_on_scalar" name="dataFrameSubset_exists_scalar"/>
    <testcase time="0.000999999999976353" classname="ds.dataFrameSubset_smk_create_a_subset_dataframe_based_on_scalar" name="dataFrameSubset_exists_scalar"/>
    <testcase time="0.00199999999995271" classname="ds.dataFrameSubset_smk_create_a_subset_dataframe_based_on_scalar" name="dataFrameSubset_exists_scalar"/>
    <testcase time="0.000999999999976353" classname="ds.dataFrameSubset_smk_create_a_subset_dataframe_based_on_scalar" name="dataFrameSubset_exists_scalar"/>
  </testsuite>
  <testsuite name="ds.dataFrameSubset::smk::shutdown" timestamp="2020-03-24T20:31:54Z" hostname="fv-az32" tests="3" skipped="0" failures="0" errors="0" time="0.285">
    <testcase time="0.282000000000153" classname="ds.dataFrameSubset_smk_shutdown" name="shutdown"/>
    <testcase time="0.00199999999995271" classname="ds.dataFrameSubset_smk_shutdown" name="shutdown"/>
    <testcase time="0.000999999999976353" classname="ds.dataFrameSubset_smk_shutdown" name="shutdown"/>
  </testsuite>
  <testsuite name="ds.dataFrameSubset::smk::down" timestamp="2020-03-24T20:31:55Z" hostname="fv-az32" tests="0" skipped="0" failures="0" errors="0" time="0"/>
  <testsuite name="ds.dim::smk::setup" timestamp="2020-03-24T20:31:55Z" hostname="fv-az32" tests="3" skipped="0" failures="0" errors="0" time="5.521">
    <testcase time="5.51800000000003" classname="ds.dim_smk_setup" name="setup"/>
    <testcase time="0.00199999999995271" classname="ds.dim_smk_setup" name="setup"/>
    <testcase time="0.000999999999976353" classname="ds.dim_smk_setup" name="setup"/>
  </testsuite>
  <testsuite name="ds.dim::smk" timestamp="2020-03-24T20:32:00Z" hostname="fv-az32" tests="13" skipped="0" failures="0" errors="0" time="0.299">
    <testcase time="0.281000000000176" classname="ds.dim_smk" name="simple_dim_both"/>
    <testcase time="0.000999999999976353" classname="ds.dim_smk" name="simple_dim_both"/>
    <testcase time="0.00199999999995271" classname="ds.dim_smk" name="simple_dim_both"/>
    <testcase time="0.000999999999976353" classname="ds.dim_smk" name="simple_dim_both"/>
    <testcase time="0.00199999999995271" classname="ds.dim_smk" name="simple_dim_both"/>
    <testcase time="0.000999999999976353" classname="ds.dim_smk" name="simple_dim_both"/>
    <testcase time="0.00199999999995271" classname="ds.dim_smk" name="simple_dim_both"/>
    <testcase time="0.00100000000020373" classname="ds.dim_smk" name="simple_dim_both"/>
    <testcase time="0.000999999999976353" classname="ds.dim_smk" name="simple_dim_both"/>
    <testcase time="0.00199999999995271" classname="ds.dim_smk" name="simple_dim_both"/>
    <testcase time="0.000999999999976353" classname="ds.dim_smk" name="simple_dim_both"/>
    <testcase time="0.00199999999995271" classname="ds.dim_smk" name="simple_dim_both"/>
    <testcase time="0.00199999999995271" classname="ds.dim_smk" name="simple_dim_both"/>
  </testsuite>
  <testsuite name="ds.dim::smk" timestamp="2020-03-24T20:32:00Z" hostname="fv-az32" tests="10" skipped="0" failures="0" errors="0" time="0.296">
    <testcase time="0.283000000000129" classname="ds.dim_smk" name="simple_dim_split"/>
    <testcase time="0.000999999999976353" classname="ds.dim_smk" name="simple_dim_split"/>
    <testcase time="0.00199999999995271" classname="ds.dim_smk" name="simple_dim_split"/>
    <testcase time="0.000999999999976353" classname="ds.dim_smk" name="simple_dim_split"/>
    <testcase time="0.000999999999976353" classname="ds.dim_smk" name="simple_dim_split"/>
    <testcase time="0.00200000000018008" classname="ds.dim_smk" name="simple_dim_split"/>
    <testcase time="0.000999999999976353" classname="ds.dim_smk" name="simple_dim_split"/>
    <testcase time="0.00199999999995271" classname="ds.dim_smk" name="simple_dim_split"/>
    <testcase time="0.000999999999976353" classname="ds.dim_smk" name="simple_dim_split"/>
    <testcase time="0.00199999999995271" classname="ds.dim_smk" name="simple_dim_split"/>
  </testsuite>
  <testsuite name="ds.dim::smk" timestamp="2020-03-24T20:32:01Z" hostname="fv-az32" tests="4" skipped="0" failures="0" errors="0" time="0.283">
    <testcase time="0.27800000000002" classname="ds.dim_smk" name="simple_dim_combine"/>
    <testcase time="0.000999999999976353" classname="ds.dim_smk" name="simple_dim_combine"/>
    <testcase time="0.00199999999995271" classname="ds.dim_smk" name="simple_dim_combine"/>
    <testcase time="0.00200000000018008" classname="ds.dim_smk" name="simple_dim_combine"/>
  </testsuite>
  <testsuite name="ds.dim::smk::shutdown" timestamp="2020-03-24T20:32:01Z" hostname="fv-az32" tests="3" skipped="0" failures="0" errors="0" time="0.286">
    <testcase time="0.283999999999878" classname="ds.dim_smk_shutdown" name="shutdown"/>
    <testcase time="0.000999999999976353" classname="ds.dim_smk_shutdown" name="shutdown"/>
    <testcase time="0.00100000000020373" classname="ds.dim_smk_shutdown" name="shutdown"/>
  </testsuite>
  <testsuite name="ds.dim::smk::done" timestamp="2020-03-24T20:32:02Z" hostname="fv-az32" tests="0" skipped="0" failures="0" errors="0" time="0"/>
  <testsuite name="ds.exists::smk::setup" timestamp="2020-03-24T20:32:02Z" hostname="fv-az32" tests="3" skipped="0" failures="0" errors="0" time="5.59">
    <testcase time="5.58699999999999" classname="ds.exists_smk_setup" name="setup"/>
    <testcase time="0.000999999999976353" classname="ds.exists_smk_setup" name="setup"/>
    <testcase time="0.00199999999995271" classname="ds.exists_smk_setup" name="setup"/>
  </testsuite>
  <testsuite name="ds.exists::smk" timestamp="2020-03-24T20:32:07Z" hostname="fv-az32" tests="7" skipped="0" failures="0" errors="0" time="0.285">
    <testcase time="0.276000000000067" classname="ds.exists_smk" name="simple_exists"/>
    <testcase time="0.00199999999995271" classname="ds.exists_smk" name="simple_exists"/>
    <testcase time="0.000999999999976353" classname="ds.exists_smk" name="simple_exists"/>
    <testcase time="0.000999999999976353" classname="ds.exists_smk" name="simple_exists"/>
    <testcase time="0.00199999999995271" classname="ds.exists_smk" name="simple_exists"/>
    <testcase time="0.000999999999976353" classname="ds.exists_smk" name="simple_exists"/>
    <testcase time="0.00200000000018008" classname="ds.exists_smk" name="simple_exists"/>
  </testsuite>
  <testsuite name="ds.exists::smk" timestamp="2020-03-24T20:32:07Z" hostname="fv-az32" tests="7" skipped="0" failures="0" errors="0" time="0.816">
    <testcase time="0.806999999999789" classname="ds.exists_smk" name="simple_exists"/>
    <testcase time="0.00200000000018008" classname="ds.exists_smk" name="simple_exists"/>
    <testcase time="0.000999999999976353" classname="ds.exists_smk" name="simple_exists"/>
    <testcase time="0.000999999999976353" classname="ds.exists_smk" name="simple_exists"/>
    <testcase time="0.00199999999995271" classname="ds.exists_smk" name="simple_exists"/>
    <testcase time="0.00199999999995271" classname="ds.exists_smk" name="simple_exists"/>
    <testcase time="0.000999999999976353" classname="ds.exists_smk" name="simple_exists"/>
  </testsuite>
  <testsuite name="ds.exists::smk::shutdown" timestamp="2020-03-24T20:32:08Z" hostname="fv-az32" tests="3" skipped="0" failures="0" errors="0" time="0.274">
    <testcase time="0.272000000000162" classname="ds.exists_smk_shutdown" name="shutdown"/>
    <testcase time="0.000999999999976353" classname="ds.exists_smk_shutdown" name="shutdown"/>
    <testcase time="0.000999999999976353" classname="ds.exists_smk_shutdown" name="shutdown"/>
  </testsuite>
  <testsuite name="ds.exists::smk::done" timestamp="2020-03-24T20:32:09Z" hostname="fv-az32" tests="0" skipped="0" failures="0" errors="0" time="0"/>
  <testsuite name="ds.exp::smk::setup" timestamp="2020-03-24T20:32:09Z" hostname="fv-az32" tests="3" skipped="0" failures="0" errors="0" time="5.549">
    <testcase time="5.54700000000003" classname="ds.exp_smk_setup" name="setup"/>
    <testcase time="0.000999999999976353" classname="ds.exp_smk_setup" name="setup"/>
    <testcase time="0.000999999999976353" classname="ds.exp_smk_setup" name="setup"/>
  </testsuite>
  <testsuite name="ds.exp::smk" timestamp="2020-03-24T20:32:14Z" hostname="fv-az32" tests="30" skipped="0" failures="0" errors="0" time="5.496">
    <testcase time="1.52700000000004" classname="ds.exp_smk" name="simple_exp"/>
    <testcase time="0.269999999999982" classname="ds.exp_smk" name="simple_exp"/>
    <testcase time="0.000999999999976353" classname="ds.exp_smk" name="simple_exp"/>
    <testcase time="0.00199999999995271" classname="ds.exp_smk" name="simple_exp"/>
    <testcase time="0.000999999999976353" classname="ds.exp_smk" name="simple_exp"/>
    <testcase time="0.000999999999976353" classname="ds.exp_smk" name="simple_exp"/>
    <testcase time="0.00200000000018008" classname="ds.exp_smk" name="simple_exp"/>
    <testcase time="0.000999999999976353" classname="ds.exp_smk" name="simple_exp"/>
    <testcase time="0.539999999999964" classname="ds.exp_smk" name="simple_exp"/>
    <testcase time="0.00199999999995271" classname="ds.exp_smk" name="simple_exp"/>
    <testcase time="0.000999999999976353" classname="ds.exp_smk" name="simple_exp"/>
    <testcase time="0.00199999999995271" classname="ds.exp_smk" name="simple_exp"/>
    <testcase time="0.00999999999999091" classname="ds.exp_smk" name="simple_exp"/>
    <testcase time="0.00100000000020373" classname="ds.exp_smk" name="simple_exp"/>
    <testcase time="0.00199999999995271" classname="ds.exp_smk" name="simple_exp"/>
    <testcase time="2.30299999999988" classname="ds.exp_smk" name="simple_exp"/>
    <testcase time="0.270999999999958" classname="ds.exp_smk" name="simple_exp"/>
    <testcase time="0.00200000000018008" classname="ds.exp_smk" name="simple_exp"/>
    <testcase time="0.00199999999995271" classname="ds.exp_smk" name="simple_exp"/>
    <testcase time="0.000999999999976353" classname="ds.exp_smk" name="simple_exp"/>
    <testcase time="0.00199999999995271" classname="ds.exp_smk" name="simple_exp"/>
    <testcase time="0.00199999999995271" classname="ds.exp_smk" name="simple_exp"/>
    <testcase time="0.00100000000020373" classname="ds.exp_smk" name="simple_exp"/>
    <testcase time="0.536999999999807" classname="ds.exp_smk" name="simple_exp"/>
    <testcase time="0.00400000000013279" classname="ds.exp_smk" name="simple_exp"/>
    <testcase time="0.00199999999995271" classname="ds.exp_smk" name="simple_exp"/>
    <testcase time="0.000999999999976353" classname="ds.exp_smk" name="simple_exp"/>
    <testcase time="0.00199999999995271" classname="ds.exp_smk" name="simple_exp"/>
    <testcase time="0.00199999999995271" classname="ds.exp_smk" name="simple_exp"/>
    <testcase time="0.00100000000020373" classname="ds.exp_smk" name="simple_exp"/>
  </testsuite>
  <testsuite name="ds.exp::smk::shutdown" timestamp="2020-03-24T20:32:19Z" hostname="fv-az32" tests="3" skipped="0" failures="0" errors="0" time="0.28">
    <testcase time="0.276999999999816" classname="ds.exp_smk_shutdown" name="shutdown"/>
    <testcase time="0.00100000000020373" classname="ds.exp_smk_shutdown" name="shutdown"/>
    <testcase time="0.00199999999995271" classname="ds.exp_smk_shutdown" name="shutdown"/>
  </testsuite>
  <testsuite name="ds.exp::smk::done" timestamp="2020-03-24T20:32:20Z" hostname="fv-az32" tests="0" skipped="0" failures="0" errors="0" time="0"/>
  <testsuite name="ds.glm::smk::binomial::setup" timestamp="2020-03-24T20:32:20Z" hostname="fv-az32" tests="3" skipped="0" failures="0" errors="0" time="5.477">
    <testcase time="5.47499999999991" classname="ds.glm_smk_binomial_setup" name="setup"/>
    <testcase time="0.000999999999976353" classname="ds.glm_smk_binomial_setup" name="setup"/>
    <testcase time="0.000999999999976353" classname="ds.glm_smk_binomial_setup" name="setup"/>
  </testsuite>
  <testsuite name="ds.glm::smk::binomial" timestamp="2020-03-24T20:32:25Z" hostname="fv-az32" tests="20" skipped="0" failures="0" errors="0" time="2.795">
    <testcase time="2.76700000000005" classname="ds.glm_smk_binomial" name="glm_binomial"/>
    <testcase time="0.000999999999976353" classname="ds.glm_smk_binomial" name="glm_binomial"/>
    <testcase time="0.000999999999976353" classname="ds.glm_smk_binomial" name="glm_binomial"/>
    <testcase time="0.00200000000018008" classname="ds.glm_smk_binomial" name="glm_binomial"/>
    <testcase time="0.000999999999976353" classname="ds.glm_smk_binomial" name="glm_binomial"/>
    <testcase time="0.00199999999995271" classname="ds.glm_smk_binomial" name="glm_binomial"/>
    <testcase time="0.000999999999976353" classname="ds.glm_smk_binomial" name="glm_binomial"/>
    <testcase time="0.000999999999976353" classname="ds.glm_smk_binomial" name="glm_binomial"/>
    <testcase time="0.00199999999995271" classname="ds.glm_smk_binomial" name="glm_binomial"/>
    <testcase time="0.000999999999976353" classname="ds.glm_smk_binomial" name="glm_binomial"/>
    <testcase time="0.00200000000018008" classname="ds.glm_smk_binomial" name="glm_binomial"/>
    <testcase time="0.00199999999995271" classname="ds.glm_smk_binomial" name="glm_binomial"/>
    <testcase time="0.00199999999995271" classname="ds.glm_smk_binomial" name="glm_binomial"/>
    <testcase time="0.000999999999976353" classname="ds.glm_smk_binomial" name="glm_binomial"/>
    <testcase time="0.000999999999976353" classname="ds.glm_smk_binomial" name="glm_binomial"/>
    <testcase time="0.00199999999995271" classname="ds.glm_smk_binomial" name="glm_binomial"/>
    <testcase time="0.00100000000020373" classname="ds.glm_smk_binomial" name="glm_binomial"/>
    <testcase time="0.00199999999995271" classname="ds.glm_smk_binomial" name="glm_binomial"/>
    <testcase time="0.00199999999995271" classname="ds.glm_smk_binomial" name="glm_binomial"/>
    <testcase time="0.000999999999976353" classname="ds.glm_smk_binomial" name="glm_binomial"/>
  </testsuite>
  <testsuite name="ds.glm::smk::binomial, with check" timestamp="2020-03-24T20:32:28Z" hostname="fv-az32" tests="21" skipped="0" failures="0" errors="0" time="11.175">
    <testcase time="11.1480000000001" classname="ds.glm_smk_binomial_with_check" name="glm_binomial_with_check"/>
    <testcase time="0.000999999999976353" classname="ds.glm_smk_binomial_with_check" name="glm_binomial_with_check"/>
    <testcase time="0.000999999999976353" classname="ds.glm_smk_binomial_with_check" name="glm_binomial_with_check"/>
    <testcase time="0.00199999999995271" classname="ds.glm_smk_binomial_with_check" name="glm_binomial_with_check"/>
    <testcase time="0.000999999999976353" classname="ds.glm_smk_binomial_with_check" name="glm_binomial_with_check"/>
    <testcase time="0.000999999999976353" classname="ds.glm_smk_binomial_with_check" name="glm_binomial_with_check"/>
    <testcase time="0.000999999999976353" classname="ds.glm_smk_binomial_with_check" name="glm_binomial_with_check"/>
    <testcase time="0.00199999999995271" classname="ds.glm_smk_binomial_with_check" name="glm_binomial_with_check"/>
    <testcase time="0.00100000000020373" classname="ds.glm_smk_binomial_with_check" name="glm_binomial_with_check"/>
    <testcase time="0.000999999999976353" classname="ds.glm_smk_binomial_with_check" name="glm_binomial_with_check"/>
    <testcase time="0.00199999999995271" classname="ds.glm_smk_binomial_with_check" name="glm_binomial_with_check"/>
    <testcase time="0.000999999999976353" classname="ds.glm_smk_binomial_with_check" name="glm_binomial_with_check"/>
    <testcase time="0.000999999999976353" classname="ds.glm_smk_binomial_with_check" name="glm_binomial_with_check"/>
    <testcase time="0.00199999999995271" classname="ds.glm_smk_binomial_with_check" name="glm_binomial_with_check"/>
    <testcase time="0.000999999999976353" classname="ds.glm_smk_binomial_with_check" name="glm_binomial_with_check"/>
    <testcase time="0.000999999999976353" classname="ds.glm_smk_binomial_with_check" name="glm_binomial_with_check"/>
    <testcase time="0.00200000000018008" classname="ds.glm_smk_binomial_with_check" name="glm_binomial_with_check"/>
    <testcase time="0.000999999999976353" classname="ds.glm_smk_binomial_with_check" name="glm_binomial_with_check"/>
    <testcase time="0.00199999999995271" classname="ds.glm_smk_binomial_with_check" name="glm_binomial_with_check"/>
    <testcase time="0.00199999999995271" classname="ds.glm_smk_binomial_with_check" name="glm_binomial_with_check"/>
    <testcase time="0.000999999999976353" classname="ds.glm_smk_binomial_with_check" name="glm_binomial_with_check"/>
  </testsuite>
  <testsuite name="ds.glm::smk::binomial::shutdown" timestamp="2020-03-24T20:32:39Z" hostname="fv-az32" tests="3" skipped="0" failures="0" errors="0" time="0.28">
    <testcase time="0.27800000000002" classname="ds.glm_smk_binomial_shutdown" name="shutdown"/>
    <testcase time="0.000999999999976353" classname="ds.glm_smk_binomial_shutdown" name="shutdown"/>
    <testcase time="0.000999999999976353" classname="ds.glm_smk_binomial_shutdown" name="shutdown"/>
  </testsuite>
  <testsuite name="ds.glm::smk::binomial::done" timestamp="2020-03-24T20:32:40Z" hostname="fv-az32" tests="0" skipped="0" failures="0" errors="0" time="0"/>
  <testsuite name="ds.glmerSLMA::smk::setup" timestamp="2020-03-24T20:32:40Z" hostname="fv-az32" tests="3" skipped="0" failures="0" errors="0" time="5.4">
    <testcase time="5.39800000000014" classname="ds.glmerSLMA_smk_setup" name="setup"/>
    <testcase time="0.000999999999976353" classname="ds.glmerSLMA_smk_setup" name="setup"/>
    <testcase time="0.000999999999976353" classname="ds.glmerSLMA_smk_setup" name="setup"/>
  </testsuite>
  <testsuite name="ds.glmerSLMA::smk" timestamp="2020-03-24T20:32:45Z" hostname="fv-az32" tests="1" skipped="0" failures="0" errors="0" time="3.435">
    <testcase time="3.43499999999995" classname="ds.glmerSLMA_smk" name="simple_glmerSLMA"/>
  </testsuite>
  <testsuite name="ds.glmerSLMA::smk::shutdown" timestamp="2020-03-24T20:32:48Z" hostname="fv-az32" tests="3" skipped="0" failures="0" errors="0" time="0.287">
    <testcase time="0.284000000000106" classname="ds.glmerSLMA_smk_shutdown" name="setup"/>
    <testcase time="0.000999999999976353" classname="ds.glmerSLMA_smk_shutdown" name="setup"/>
    <testcase time="0.00199999999995271" classname="ds.glmerSLMA_smk_shutdown" name="setup"/>
  </testsuite>
  <testsuite name="ds.glmerSLMA::smk::done" timestamp="2020-03-24T20:32:49Z" hostname="fv-az32" tests="0" skipped="0" failures="0" errors="0" time="0"/>
  <testsuite name="ds.glm::smk::gaussian::setup" timestamp="2020-03-24T20:32:49Z" hostname="fv-az32" tests="3" skipped="0" failures="0" errors="0" time="5.693">
    <testcase time="5.69100000000003" classname="ds.glm_smk_gaussian_setup" name="setup"/>
    <testcase time="0.000999999999976353" classname="ds.glm_smk_gaussian_setup" name="setup"/>
    <testcase time="0.000999999999976353" classname="ds.glm_smk_gaussian_setup" name="setup"/>
  </testsuite>
  <testsuite name="ds.glm::smk::gaussian" timestamp="2020-03-24T20:32:54Z" hostname="fv-az32" tests="20" skipped="0" failures="0" errors="0" time="1.152">
    <testcase time="1.12400000000002" classname="ds.glm_smk_gaussian" name="glm_gaussian"/>
    <testcase time="0.000999999999976353" classname="ds.glm_smk_gaussian" name="glm_gaussian"/>
    <testcase time="0.00199999999995271" classname="ds.glm_smk_gaussian" name="glm_gaussian"/>
    <testcase time="0.00100000000020373" classname="ds.glm_smk_gaussian" name="glm_gaussian"/>
    <testcase time="0.000999999999976353" classname="ds.glm_smk_gaussian" name="glm_gaussian"/>
    <testcase time="0.00199999999995271" classname="ds.glm_smk_gaussian" name="glm_gaussian"/>
    <testcase time="0.000999999999976353" classname="ds.glm_smk_gaussian" name="glm_gaussian"/>
    <testcase time="0.00199999999995271" classname="ds.glm_smk_gaussian" name="glm_gaussian"/>
    <testcase time="0.000999999999976353" classname="ds.glm_smk_gaussian" name="glm_gaussian"/>
    <testcase time="0.00199999999995271" classname="ds.glm_smk_gaussian" name="glm_gaussian"/>
    <testcase time="0.00100000000020373" classname="ds.glm_smk_gaussian" name="glm_gaussian"/>
    <testcase time="0.00199999999995271" classname="ds.glm_smk_gaussian" name="glm_gaussian"/>
    <testcase time="0.000999999999976353" classname="ds.glm_smk_gaussian" name="glm_gaussian"/>
    <testcase time="0.00199999999995271" classname="ds.glm_smk_gaussian" name="glm_gaussian"/>
    <testcase time="0.00199999999995271" classname="ds.glm_smk_gaussian" name="glm_gaussian"/>
    <testcase time="0.000999999999976353" classname="ds.glm_smk_gaussian" name="glm_gaussian"/>
    <testcase time="0.00200000000018008" classname="ds.glm_smk_gaussian" name="glm_gaussian"/>
    <testcase time="0.000999999999976353" classname="ds.glm_smk_gaussian" name="glm_gaussian"/>
    <testcase time="0.00199999999995271" classname="ds.glm_smk_gaussian" name="glm_gaussian"/>
    <testcase time="0.000999999999976353" classname="ds.glm_smk_gaussian" name="glm_gaussian"/>
  </testsuite>
  <testsuite name="ds.glm::smk::gaussian, with check" timestamp="2020-03-24T20:32:55Z" hostname="fv-az32" tests="21" skipped="0" failures="0" errors="0" time="5.735">
    <testcase time="5.70399999999995" classname="ds.glm_smk_gaussian_with_check" name="glm_gaussian_with_check"/>
    <testcase time="0.00199999999995271" classname="ds.glm_smk_gaussian_with_check" name="glm_gaussian_with_check"/>
    <testcase time="0.00100000000020373" classname="ds.glm_smk_gaussian_with_check" name="glm_gaussian_with_check"/>
    <testcase time="0.000999999999976353" classname="ds.glm_smk_gaussian_with_check" name="glm_gaussian_with_check"/>
    <testcase time="0.000999999999976353" classname="ds.glm_smk_gaussian_with_check" name="glm_gaussian_with_check"/>
    <testcase time="0.00199999999995271" classname="ds.glm_smk_gaussian_with_check" name="glm_gaussian_with_check"/>
    <testcase time="0.000999999999976353" classname="ds.glm_smk_gaussian_with_check" name="glm_gaussian_with_check"/>
    <testcase time="0.00199999999995271" classname="ds.glm_smk_gaussian_with_check" name="glm_gaussian_with_check"/>
    <testcase time="0.00200000000018008" classname="ds.glm_smk_gaussian_with_check" name="glm_gaussian_with_check"/>
    <testcase time="0.000999999999976353" classname="ds.glm_smk_gaussian_with_check" name="glm_gaussian_with_check"/>
    <testcase time="0.000999999999976353" classname="ds.glm_smk_gaussian_with_check" name="glm_gaussian_with_check"/>
    <testcase time="0.00199999999995271" classname="ds.glm_smk_gaussian_with_check" name="glm_gaussian_with_check"/>
    <testcase time="0.00199999999995271" classname="ds.glm_smk_gaussian_with_check" name="glm_gaussian_with_check"/>
    <testcase time="0.000999999999976353" classname="ds.glm_smk_gaussian_with_check" name="glm_gaussian_with_check"/>
    <testcase time="0.00200000000018008" classname="ds.glm_smk_gaussian_with_check" name="glm_gaussian_with_check"/>
    <testcase time="0.00199999999995271" classname="ds.glm_smk_gaussian_with_check" name="glm_gaussian_with_check"/>
    <testcase time="0.000999999999976353" classname="ds.glm_smk_gaussian_with_check" name="glm_gaussian_with_check"/>
    <testcase time="0.00199999999995271" classname="ds.glm_smk_gaussian_with_check" name="glm_gaussian_with_check"/>
    <testcase time="0.000999999999976353" classname="ds.glm_smk_gaussian_with_check" name="glm_gaussian_with_check"/>
    <testcase time="0.00199999999995271" classname="ds.glm_smk_gaussian_with_check" name="glm_gaussian_with_check"/>
    <testcase time="0.00200000000018008" classname="ds.glm_smk_gaussian_with_check" name="glm_gaussian_with_check"/>
  </testsuite>
  <testsuite name="ds.glm::smk::gaussian::shutdown" timestamp="2020-03-24T20:33:01Z" hostname="fv-az32" tests="3" skipped="0" failures="0" errors="0" time="0.276">
    <testcase time="0.272999999999911" classname="ds.glm_smk_gaussian_shutdown" name="shutdown"/>
    <testcase time="0.000999999999976353" classname="ds.glm_smk_gaussian_shutdown" name="shutdown"/>
    <testcase time="0.00199999999995271" classname="ds.glm_smk_gaussian_shutdown" name="shutdown"/>
  </testsuite>
  <testsuite name="ds.glm::smk::gaussian::done" timestamp="2020-03-24T20:33:02Z" hostname="fv-az32" tests="0" skipped="0" failures="0" errors="0" time="0"/>
  <testsuite name="ds.glm::smk::poisson::setup" timestamp="2020-03-24T20:33:02Z" hostname="fv-az32" tests="3" skipped="0" failures="0" errors="0" time="5.603">
    <testcase time="5.60000000000014" classname="ds.glm_smk_poisson_setup" name="setup"/>
    <testcase time="0.00199999999995271" classname="ds.glm_smk_poisson_setup" name="setup"/>
    <testcase time="0.000999999999976353" classname="ds.glm_smk_poisson_setup" name="setup"/>
  </testsuite>
  <testsuite name="ds.glm::smk::poisson" timestamp="2020-03-24T20:33:07Z" hostname="fv-az32" tests="20" skipped="0" failures="0" errors="0" time="2.468">
    <testcase time="2.43900000000008" classname="ds.glm_smk_poisson" name="glm_gaussian"/>
    <testcase time="0.00199999999995271" classname="ds.glm_smk_poisson" name="glm_gaussian"/>
    <testcase time="0.000999999999976353" classname="ds.glm_smk_poisson" name="glm_gaussian"/>
    <testcase time="0.000999999999976353" classname="ds.glm_smk_poisson" name="glm_gaussian"/>
    <testcase time="0.000999999999976353" classname="ds.glm_smk_poisson" name="glm_gaussian"/>
    <testcase time="0.00199999999995271" classname="ds.glm_smk_poisson" name="glm_gaussian"/>
    <testcase time="0.000999999999976353" classname="ds.glm_smk_poisson" name="glm_gaussian"/>
    <testcase time="0.00200000000018008" classname="ds.glm_smk_poisson" name="glm_gaussian"/>
    <testcase time="0.00199999999995271" classname="ds.glm_smk_poisson" name="glm_gaussian"/>
    <testcase time="0.000999999999976353" classname="ds.glm_smk_poisson" name="glm_gaussian"/>
    <testcase time="0.00199999999995271" classname="ds.glm_smk_poisson" name="glm_gaussian"/>
    <testcase time="0.000999999999976353" classname="ds.glm_smk_poisson" name="glm_gaussian"/>
    <testcase time="0.00199999999995271" classname="ds.glm_smk_poisson" name="glm_gaussian"/>
    <testcase time="0.00100000000020373" classname="ds.glm_smk_poisson" name="glm_gaussian"/>
    <testcase time="0.00199999999995271" classname="ds.glm_smk_poisson" name="glm_gaussian"/>
    <testcase time="0.00199999999995271" classname="ds.glm_smk_poisson" name="glm_gaussian"/>
    <testcase time="0.000999999999976353" classname="ds.glm_smk_poisson" name="glm_gaussian"/>
    <testcase time="0.00199999999995271" classname="ds.glm_smk_poisson" name="glm_gaussian"/>
    <testcase time="0.00200000000018008" classname="ds.glm_smk_poisson" name="glm_gaussian"/>
    <testcase time="0.000999999999976353" classname="ds.glm_smk_poisson" name="glm_gaussian"/>
  </testsuite>
  <testsuite name="ds.glm::smk::poisson, with check" timestamp="2020-03-24T20:33:09Z" hostname="fv-az32" tests="21" skipped="0" failures="0" errors="0" time="8.673">
    <testcase time="8.64499999999998" classname="ds.glm_smk_poisson_with_check" name="glm_gaussian_which_check"/>
    <testcase time="0.00199999999995271" classname="ds.glm_smk_poisson_with_check" name="glm_gaussian_which_check"/>
    <testcase time="0.000999999999976353" classname="ds.glm_smk_poisson_with_check" name="glm_gaussian_which_check"/>
    <testcase time="0.000999999999976353" classname="ds.glm_smk_poisson_with_check" name="glm_gaussian_which_check"/>
    <testcase time="0.000999999999976353" classname="ds.glm_smk_poisson_with_check" name="glm_gaussian_which_check"/>
    <testcase time="0.00199999999995271" classname="ds.glm_smk_poisson_with_check" name="glm_gaussian_which_check"/>
    <testcase time="0.00100000000020373" classname="ds.glm_smk_poisson_with_check" name="glm_gaussian_which_check"/>
    <testcase time="0.00199999999995271" classname="ds.glm_smk_poisson_with_check" name="glm_gaussian_which_check"/>
    <testcase time="0.000999999999976353" classname="ds.glm_smk_poisson_with_check" name="glm_gaussian_which_check"/>
    <testcase time="0.000999999999976353" classname="ds.glm_smk_poisson_with_check" name="glm_gaussian_which_check"/>
    <testcase time="0.000999999999976353" classname="ds.glm_smk_poisson_with_check" name="glm_gaussian_which_check"/>
    <testcase time="0.00199999999995271" classname="ds.glm_smk_poisson_with_check" name="glm_gaussian_which_check"/>
    <testcase time="0.000999999999976353" classname="ds.glm_smk_poisson_with_check" name="glm_gaussian_which_check"/>
    <testcase time="0.00200000000018008" classname="ds.glm_smk_poisson_with_check" name="glm_gaussian_which_check"/>
    <testcase time="0.000999999999976353" classname="ds.glm_smk_poisson_with_check" name="glm_gaussian_which_check"/>
    <testcase time="0.000999999999976353" classname="ds.glm_smk_poisson_with_check" name="glm_gaussian_which_check"/>
    <testcase time="0.00199999999995271" classname="ds.glm_smk_poisson_with_check" name="glm_gaussian_which_check"/>
    <testcase time="0.000999999999976353" classname="ds.glm_smk_poisson_with_check" name="glm_gaussian_which_check"/>
    <testcase time="0.00199999999995271" classname="ds.glm_smk_poisson_with_check" name="glm_gaussian_which_check"/>
    <testcase time="0.00100000000020373" classname="ds.glm_smk_poisson_with_check" name="glm_gaussian_which_check"/>
    <testcase time="0.00199999999995271" classname="ds.glm_smk_poisson_with_check" name="glm_gaussian_which_check"/>
  </testsuite>
  <testsuite name="ds.glm::smk::poisson::shutdown" timestamp="2020-03-24T20:33:18Z" hostname="fv-az32" tests="3" skipped="0" failures="0" errors="0" time="0.283">
    <testcase time="0.280999999999949" classname="ds.glm_smk_poisson_shutdown" name="shutdown"/>
    <testcase time="0.000999999999976353" classname="ds.glm_smk_poisson_shutdown" name="shutdown"/>
    <testcase time="0.000999999999976353" classname="ds.glm_smk_poisson_shutdown" name="shutdown"/>
  </testsuite>
  <testsuite name="ds.glm::smk::poisson::done" timestamp="2020-03-24T20:33:19Z" hostname="fv-az32" tests="0" skipped="0" failures="0" errors="0" time="0"/>
  <testsuite name="ds.glmSLMA::smk::setup" timestamp="2020-03-24T20:33:19Z" hostname="fv-az32" tests="3" skipped="0" failures="0" errors="0" time="5.537">
    <testcase time="5.53500000000008" classname="ds.glmSLMA_smk_setup" name="setup"/>
    <testcase time="0.000999999999976353" classname="ds.glmSLMA_smk_setup" name="setup"/>
    <testcase time="0.000999999999976353" classname="ds.glmSLMA_smk_setup" name="setup"/>
  </testsuite>
  <testsuite name="ds.glmSLMA::smk::gaussian" timestamp="2020-03-24T20:33:24Z" hostname="fv-az32" tests="43" skipped="0" failures="0" errors="0" time="0.959">
    <testcase time="0.884999999999991" classname="ds.glmSLMA_smk_gaussian" name="simple_glmSLMA_gaussian"/>
    <testcase time="0.000999999999976353" classname="ds.glmSLMA_smk_gaussian" name="simple_glmSLMA_gaussian"/>
    <testcase time="0.000999999999976353" classname="ds.glmSLMA_smk_gaussian" name="simple_glmSLMA_gaussian"/>
    <testcase time="0.00200000000018008" classname="ds.glmSLMA_smk_gaussian" name="simple_glmSLMA_gaussian"/>
    <testcase time="0.000999999999976353" classname="ds.glmSLMA_smk_gaussian" name="simple_glmSLMA_gaussian"/>
    <testcase time="0.000999999999976353" classname="ds.glmSLMA_smk_gaussian" name="simple_glmSLMA_gaussian"/>
    <testcase time="0.000999999999976353" classname="ds.glmSLMA_smk_gaussian" name="simple_glmSLMA_gaussian"/>
    <testcase time="0.00199999999995271" classname="ds.glmSLMA_smk_gaussian" name="simple_glmSLMA_gaussian"/>
    <testcase time="0.000999999999976353" classname="ds.glmSLMA_smk_gaussian" name="simple_glmSLMA_gaussian"/>
    <testcase time="0.000999999999976353" classname="ds.glmSLMA_smk_gaussian" name="simple_glmSLMA_gaussian"/>
    <testcase time="0.00300000000015643" classname="ds.glmSLMA_smk_gaussian" name="simple_glmSLMA_gaussian"/>
    <testcase time="0.000999999999976353" classname="ds.glmSLMA_smk_gaussian" name="simple_glmSLMA_gaussian"/>
    <testcase time="0.00199999999995271" classname="ds.glmSLMA_smk_gaussian" name="simple_glmSLMA_gaussian"/>
    <testcase time="0.000999999999976353" classname="ds.glmSLMA_smk_gaussian" name="simple_glmSLMA_gaussian"/>
    <testcase time="0.00199999999995271" classname="ds.glmSLMA_smk_gaussian" name="simple_glmSLMA_gaussian"/>
    <testcase time="0.000999999999976353" classname="ds.glmSLMA_smk_gaussian" name="simple_glmSLMA_gaussian"/>
    <testcase time="0.00200000000018008" classname="ds.glmSLMA_smk_gaussian" name="simple_glmSLMA_gaussian"/>
    <testcase time="0.00199999999995271" classname="ds.glmSLMA_smk_gaussian" name="simple_glmSLMA_gaussian"/>
    <testcase time="0.000999999999976353" classname="ds.glmSLMA_smk_gaussian" name="simple_glmSLMA_gaussian"/>
    <testcase time="0.00199999999995271" classname="ds.glmSLMA_smk_gaussian" name="simple_glmSLMA_gaussian"/>
    <testcase time="0.000999999999976353" classname="ds.glmSLMA_smk_gaussian" name="simple_glmSLMA_gaussian"/>
    <testcase time="0.00199999999995271" classname="ds.glmSLMA_smk_gaussian" name="simple_glmSLMA_gaussian"/>
    <testcase time="0.000999999999976353" classname="ds.glmSLMA_smk_gaussian" name="simple_glmSLMA_gaussian"/>
    <testcase time="0.00200000000018008" classname="ds.glmSLMA_smk_gaussian" name="simple_glmSLMA_gaussian"/>
    <testcase time="0.00199999999995271" classname="ds.glmSLMA_smk_gaussian" name="simple_glmSLMA_gaussian"/>
    <testcase time="0.00199999999995271" classname="ds.glmSLMA_smk_gaussian" name="simple_glmSLMA_gaussian"/>
    <testcase time="0.000999999999976353" classname="ds.glmSLMA_smk_gaussian" name="simple_glmSLMA_gaussian"/>
    <testcase time="0.00300000000015643" classname="ds.glmSLMA_smk_gaussian" name="simple_glmSLMA_gaussian"/>
    <testcase time="0.000999999999976353" classname="ds.glmSLMA_smk_gaussian" name="simple_glmSLMA_gaussian"/>
    <testcase time="0.000999999999976353" classname="ds.glmSLMA_smk_gaussian" name="simple_glmSLMA_gaussian"/>
    <testcase time="0.00199999999995271" classname="ds.glmSLMA_smk_gaussian" name="simple_glmSLMA_gaussian"/>
    <testcase time="0.00199999999995271" classname="ds.glmSLMA_smk_gaussian" name="simple_glmSLMA_gaussian"/>
    <testcase time="0.00199999999995271" classname="ds.glmSLMA_smk_gaussian" name="simple_glmSLMA_gaussian"/>
    <testcase time="0.00900000000001455" classname="ds.glmSLMA_smk_gaussian" name="simple_glmSLMA_gaussian"/>
    <testcase time="0.000999999999976353" classname="ds.glmSLMA_smk_gaussian" name="simple_glmSLMA_gaussian"/>
    <testcase time="0.00200000000018008" classname="ds.glmSLMA_smk_gaussian" name="simple_glmSLMA_gaussian"/>
    <testcase time="0.00199999999995271" classname="ds.glmSLMA_smk_gaussian" name="simple_glmSLMA_gaussian"/>
    <testcase time="0.00199999999995271" classname="ds.glmSLMA_smk_gaussian" name="simple_glmSLMA_gaussian"/>
    <testcase time="0.000999999999976353" classname="ds.glmSLMA_smk_gaussian" name="simple_glmSLMA_gaussian"/>
    <testcase time="0.00199999999995271" classname="ds.glmSLMA_smk_gaussian" name="simple_glmSLMA_gaussian"/>
    <testcase time="0.00200000000018008" classname="ds.glmSLMA_smk_gaussian" name="simple_glmSLMA_gaussian"/>
    <testcase time="0.00199999999995271" classname="ds.glmSLMA_smk_gaussian" name="simple_glmSLMA_gaussian"/>
    <testcase time="0.000999999999976353" classname="ds.glmSLMA_smk_gaussian" name="simple_glmSLMA_gaussian"/>
  </testsuite>
  <testsuite name="ds.glmSLMA::smk::binomial" timestamp="2020-03-24T20:33:25Z" hostname="fv-az32" tests="40" skipped="0" failures="0" errors="0" time="5.37">
    <testcase time="5.30799999999999" classname="ds.glmSLMA_smk_binomial" name="simple_glmSLMA_binomial"/>
    <testcase time="0.000999999999976353" classname="ds.glmSLMA_smk_binomial" name="simple_glmSLMA_binomial"/>
    <testcase time="0.000999999999976353" classname="ds.glmSLMA_smk_binomial" name="simple_glmSLMA_binomial"/>
    <testcase time="0.00199999999995271" classname="ds.glmSLMA_smk_binomial" name="simple_glmSLMA_binomial"/>
    <testcase time="0.00100000000020373" classname="ds.glmSLMA_smk_binomial" name="simple_glmSLMA_binomial"/>
    <testcase time="0.000999999999976353" classname="ds.glmSLMA_smk_binomial" name="simple_glmSLMA_binomial"/>
    <testcase time="0.00199999999995271" classname="ds.glmSLMA_smk_binomial" name="simple_glmSLMA_binomial"/>
    <testcase time="0.000999999999976353" classname="ds.glmSLMA_smk_binomial" name="simple_glmSLMA_binomial"/>
    <testcase time="0.000999999999976353" classname="ds.glmSLMA_smk_binomial" name="simple_glmSLMA_binomial"/>
    <testcase time="0.000999999999976353" classname="ds.glmSLMA_smk_binomial" name="simple_glmSLMA_binomial"/>
    <testcase time="0.000999999999976353" classname="ds.glmSLMA_smk_binomial" name="simple_glmSLMA_binomial"/>
    <testcase time="0.00200000000018008" classname="ds.glmSLMA_smk_binomial" name="simple_glmSLMA_binomial"/>
    <testcase time="0.000999999999976353" classname="ds.glmSLMA_smk_binomial" name="simple_glmSLMA_binomial"/>
    <testcase time="0.00299999999992906" classname="ds.glmSLMA_smk_binomial" name="simple_glmSLMA_binomial"/>
    <testcase time="0.00199999999995271" classname="ds.glmSLMA_smk_binomial" name="simple_glmSLMA_binomial"/>
    <testcase time="0.000999999999976353" classname="ds.glmSLMA_smk_binomial" name="simple_glmSLMA_binomial"/>
    <testcase time="0.00199999999995271" classname="ds.glmSLMA_smk_binomial" name="simple_glmSLMA_binomial"/>
    <testcase time="0.00100000000020373" classname="ds.glmSLMA_smk_binomial" name="simple_glmSLMA_binomial"/>
    <testcase time="0.00199999999995271" classname="ds.glmSLMA_smk_binomial" name="simple_glmSLMA_binomial"/>
    <testcase time="0.000999999999976353" classname="ds.glmSLMA_smk_binomial" name="simple_glmSLMA_binomial"/>
    <testcase time="0.00199999999995271" classname="ds.glmSLMA_smk_binomial" name="simple_glmSLMA_binomial"/>
    <testcase time="0.000999999999976353" classname="ds.glmSLMA_smk_binomial" name="simple_glmSLMA_binomial"/>
    <testcase time="0.00199999999995271" classname="ds.glmSLMA_smk_binomial" name="simple_glmSLMA_binomial"/>
    <testcase time="0.00200000000018008" classname="ds.glmSLMA_smk_binomial" name="simple_glmSLMA_binomial"/>
    <testcase time="0.000999999999976353" classname="ds.glmSLMA_smk_binomial" name="simple_glmSLMA_binomial"/>
    <testcase time="0.00199999999995271" classname="ds.glmSLMA_smk_binomial" name="simple_glmSLMA_binomial"/>
    <testcase time="0.00199999999995271" classname="ds.glmSLMA_smk_binomial" name="simple_glmSLMA_binomial"/>
    <testcase time="0.000999999999976353" classname="ds.glmSLMA_smk_binomial" name="simple_glmSLMA_binomial"/>
    <testcase time="0.00199999999995271" classname="ds.glmSLMA_smk_binomial" name="simple_glmSLMA_binomial"/>
    <testcase time="0.00200000000018008" classname="ds.glmSLMA_smk_binomial" name="simple_glmSLMA_binomial"/>
    <testcase time="0.00199999999995271" classname="ds.glmSLMA_smk_binomial" name="simple_glmSLMA_binomial"/>
    <testcase time="0.00199999999995271" classname="ds.glmSLMA_smk_binomial" name="simple_glmSLMA_binomial"/>
    <testcase time="0.00199999999995271" classname="ds.glmSLMA_smk_binomial" name="simple_glmSLMA_binomial"/>
    <testcase time="0.000999999999976353" classname="ds.glmSLMA_smk_binomial" name="simple_glmSLMA_binomial"/>
    <testcase time="0.00200000000018008" classname="ds.glmSLMA_smk_binomial" name="simple_glmSLMA_binomial"/>
    <testcase time="0.00199999999995271" classname="ds.glmSLMA_smk_binomial" name="simple_glmSLMA_binomial"/>
    <testcase time="0.00199999999995271" classname="ds.glmSLMA_smk_binomial" name="simple_glmSLMA_binomial"/>
    <testcase time="0.000999999999976353" classname="ds.glmSLMA_smk_binomial" name="simple_glmSLMA_binomial"/>
    <testcase time="0.00199999999995271" classname="ds.glmSLMA_smk_binomial" name="simple_glmSLMA_binomial"/>
    <testcase time="0.00200000000018008" classname="ds.glmSLMA_smk_binomial" name="simple_glmSLMA_binomial"/>
  </testsuite>
  <testsuite name="ds.glmSLMA::smk::poisson" timestamp="2020-03-24T20:33:30Z" hostname="fv-az32" tests="43" skipped="0" failures="0" errors="0" time="1.414">
    <testcase time="1.34999999999991" classname="ds.glmSLMA_smk_poisson" name="simple_glmSLMA_poisson"/>
    <testcase time="0.00199999999995271" classname="ds.glmSLMA_smk_poisson" name="simple_glmSLMA_poisson"/>
    <testcase time="0.000999999999976353" classname="ds.glmSLMA_smk_poisson" name="simple_glmSLMA_poisson"/>
    <testcase time="0.000999999999976353" classname="ds.glmSLMA_smk_poisson" name="simple_glmSLMA_poisson"/>
    <testcase time="0.000999999999976353" classname="ds.glmSLMA_smk_poisson" name="simple_glmSLMA_poisson"/>
    <testcase time="0.00200000000018008" classname="ds.glmSLMA_smk_poisson" name="simple_glmSLMA_poisson"/>
    <testcase time="0.000999999999976353" classname="ds.glmSLMA_smk_poisson" name="simple_glmSLMA_poisson"/>
    <testcase time="0.00199999999995271" classname="ds.glmSLMA_smk_poisson" name="simple_glmSLMA_poisson"/>
    <testcase time="0.000999999999976353" classname="ds.glmSLMA_smk_poisson" name="simple_glmSLMA_poisson"/>
    <testcase time="0.000999999999976353" classname="ds.glmSLMA_smk_poisson" name="simple_glmSLMA_poisson"/>
    <testcase time="0.00199999999995271" classname="ds.glmSLMA_smk_poisson" name="simple_glmSLMA_poisson"/>
    <testcase time="0.00100000000020373" classname="ds.glmSLMA_smk_poisson" name="simple_glmSLMA_poisson"/>
    <testcase time="0.000999999999748979" classname="ds.glmSLMA_smk_poisson" name="simple_glmSLMA_poisson"/>
    <testcase time="0.00199999999995271" classname="ds.glmSLMA_smk_poisson" name="simple_glmSLMA_poisson"/>
    <testcase time="0.00100000000020373" classname="ds.glmSLMA_smk_poisson" name="simple_glmSLMA_poisson"/>
    <testcase time="0.00199999999995271" classname="ds.glmSLMA_smk_poisson" name="simple_glmSLMA_poisson"/>
    <testcase time="0.00100000000020373" classname="ds.glmSLMA_smk_poisson" name="simple_glmSLMA_poisson"/>
    <testcase time="0.000999999999748979" classname="ds.glmSLMA_smk_poisson" name="simple_glmSLMA_poisson"/>
    <testcase time="0.00199999999995271" classname="ds.glmSLMA_smk_poisson" name="simple_glmSLMA_poisson"/>
    <testcase time="0.00199999999995271" classname="ds.glmSLMA_smk_poisson" name="simple_glmSLMA_poisson"/>
    <testcase time="0.00100000000020373" classname="ds.glmSLMA_smk_poisson" name="simple_glmSLMA_poisson"/>
    <testcase time="0.000999999999748979" classname="ds.glmSLMA_smk_poisson" name="simple_glmSLMA_poisson"/>
    <testcase time="0.00100000000020373" classname="ds.glmSLMA_smk_poisson" name="simple_glmSLMA_poisson"/>
    <testcase time="0.00199999999995271" classname="ds.glmSLMA_smk_poisson" name="simple_glmSLMA_poisson"/>
    <testcase time="0.000999999999748979" classname="ds.glmSLMA_smk_poisson" name="simple_glmSLMA_poisson"/>
    <testcase time="0.00199999999995271" classname="ds.glmSLMA_smk_poisson" name="simple_glmSLMA_poisson"/>
    <testcase time="0.00100000000020373" classname="ds.glmSLMA_smk_poisson" name="simple_glmSLMA_poisson"/>
    <testcase time="0.00199999999995271" classname="ds.glmSLMA_smk_poisson" name="simple_glmSLMA_poisson"/>
    <testcase time="0.00100000000020373" classname="ds.glmSLMA_smk_poisson" name="simple_glmSLMA_poisson"/>
    <testcase time="0.00199999999995271" classname="ds.glmSLMA_smk_poisson" name="simple_glmSLMA_poisson"/>
    <testcase time="0.00199999999995271" classname="ds.glmSLMA_smk_poisson" name="simple_glmSLMA_poisson"/>
    <testcase time="0.000999999999748979" classname="ds.glmSLMA_smk_poisson" name="simple_glmSLMA_poisson"/>
    <testcase time="0.000999999999748979" classname="ds.glmSLMA_smk_poisson" name="simple_glmSLMA_poisson"/>
    <testcase time="0.00200000000040745" classname="ds.glmSLMA_smk_poisson" name="simple_glmSLMA_poisson"/>
    <testcase time="0.000999999999748979" classname="ds.glmSLMA_smk_poisson" name="simple_glmSLMA_poisson"/>
    <testcase time="0.00199999999995271" classname="ds.glmSLMA_smk_poisson" name="simple_glmSLMA_poisson"/>
    <testcase time="0.00199999999995271" classname="ds.glmSLMA_smk_poisson" name="simple_glmSLMA_poisson"/>
    <testcase time="0.00199999999995271" classname="ds.glmSLMA_smk_poisson" name="simple_glmSLMA_poisson"/>
    <testcase time="0.00199999999995271" classname="ds.glmSLMA_smk_poisson" name="simple_glmSLMA_poisson"/>
    <testcase time="0.00200000000040745" classname="ds.glmSLMA_smk_poisson" name="simple_glmSLMA_poisson"/>
    <testcase time="0.00199999999995271" classname="ds.glmSLMA_smk_poisson" name="simple_glmSLMA_poisson"/>
    <testcase time="0.00199999999995271" classname="ds.glmSLMA_smk_poisson" name="simple_glmSLMA_poisson"/>
    <testcase time="0.00199999999995271" classname="ds.glmSLMA_smk_poisson" name="simple_glmSLMA_poisson"/>
  </testsuite>
  <testsuite name="ds.glmSLMA::smk::shutdown" timestamp="2020-03-24T20:33:32Z" hostname="fv-az32" tests="3" skipped="0" failures="0" errors="0" time="0.276">
    <testcase time="0.273999999999887" classname="ds.glmSLMA_smk_shutdown" name="shutdown"/>
    <testcase time="0.00100000000020373" classname="ds.glmSLMA_smk_shutdown" name="shutdown"/>
    <testcase time="0.000999999999748979" classname="ds.glmSLMA_smk_shutdown" name="shutdown"/>
  </testsuite>
  <testsuite name="ds.glmSLMA::smk::done" timestamp="2020-03-24T20:33:32Z" hostname="fv-az32" tests="0" skipped="0" failures="0" errors="0" time="0"/>
  <testsuite name="ds.isNA::smk::setup" timestamp="2020-03-24T20:33:32Z" hostname="fv-az32" tests="3" skipped="0" failures="0" errors="0" time="5.58">
    <testcase time="5.57799999999997" classname="ds.isNA_smk_setup" name="setup"/>
    <testcase time="0.00100000000020373" classname="ds.isNA_smk_setup" name="setup"/>
    <testcase time="0.000999999999748979" classname="ds.isNA_smk_setup" name="setup"/>
  </testsuite>
  <testsuite name="ds.isNA::smk" timestamp="2020-03-24T20:33:37Z" hostname="fv-az32" tests="3" skipped="0" failures="0" errors="0" time="1.721">
    <testcase time="1.71900000000005" classname="ds.isNA_smk" name="isNA"/>
    <testcase time="0.00100000000020373" classname="ds.isNA_smk" name="isNA"/>
    <testcase time="0.000999999999748979" classname="ds.isNA_smk" name="isNA"/>
  </testsuite>
  <testsuite name="ds.isNA::smk::shutdown" timestamp="2020-03-24T20:33:39Z" hostname="fv-az32" tests="3" skipped="0" failures="0" errors="0" time="0.286">
    <testcase time="0.283000000000357" classname="ds.isNA_smk_shutdown" name="shutdown"/>
    <testcase time="0.00199999999995271" classname="ds.isNA_smk_shutdown" name="shutdown"/>
    <testcase time="0.000999999999748979" classname="ds.isNA_smk_shutdown" name="shutdown"/>
  </testsuite>
  <testsuite name="ds.isNA::smk::done" timestamp="2020-03-24T20:33:40Z" hostname="fv-az32" tests="0" skipped="0" failures="0" errors="0" time="0"/>
  <testsuite name="ds.isValid::smk::setup" timestamp="2020-03-24T20:33:40Z" hostname="fv-az32" tests="3" skipped="0" failures="0" errors="0" time="5.544">
    <testcase time="5.54100000000017" classname="ds.isValid_smk_setup" name="setup"/>
    <testcase time="0.000999999999748979" classname="ds.isValid_smk_setup" name="setup"/>
    <testcase time="0.00200000000040745" classname="ds.isValid_smk_setup" name="setup"/>
  </testsuite>
  <testsuite name="ds.isValid::smk" timestamp="2020-03-24T20:33:45Z" hostname="fv-az32" tests="7" skipped="0" failures="0" errors="0" time="1.231">
    <testcase time="1.22199999999975" classname="ds.isValid_smk" name="isValid"/>
    <testcase time="0.00100000000020373" classname="ds.isValid_smk" name="isValid"/>
    <testcase time="0.00199999999995271" classname="ds.isValid_smk" name="isValid"/>
    <testcase time="0.00199999999995271" classname="ds.isValid_smk" name="isValid"/>
    <testcase time="0.000999999999748979" classname="ds.isValid_smk" name="isValid"/>
    <testcase time="0.00200000000040745" classname="ds.isValid_smk" name="isValid"/>
    <testcase time="0.000999999999748979" classname="ds.isValid_smk" name="isValid"/>
  </testsuite>
  <testsuite name="ds.isValid::smk::shutdown" timestamp="2020-03-24T20:33:46Z" hostname="fv-az32" tests="3" skipped="0" failures="0" errors="0" time="0.282">
    <testcase time="0.2800000000002" classname="ds.isValid_smk_shutdown" name="shutdown"/>
    <testcase time="0.000999999999748979" classname="ds.isValid_smk_shutdown" name="shutdown"/>
    <testcase time="0.00100000000020373" classname="ds.isValid_smk_shutdown" name="shutdown"/>
  </testsuite>
  <testsuite name="ds.isValid::smk::done" timestamp="2020-03-24T20:33:47Z" hostname="fv-az32" tests="0" skipped="0" failures="0" errors="0" time="0"/>
  <testsuite name="ds.length::smk::setup" timestamp="2020-03-24T20:33:47Z" hostname="fv-az32" tests="3" skipped="0" failures="0" errors="0" time="5.591">
    <testcase time="5.58799999999974" classname="ds.length_smk_setup" name="setup"/>
    <testcase time="0.00199999999995271" classname="ds.length_smk_setup" name="setup"/>
    <testcase time="0.00100000000020373" classname="ds.length_smk_setup" name="setup"/>
  </testsuite>
  <testsuite name="ds.length::smk" timestamp="2020-03-24T20:33:52Z" hostname="fv-az32" tests="22" skipped="0" failures="0" errors="0" time="4.53">
    <testcase time="0.275000000000091" classname="ds.length_smk" name="basic_length_both"/>
    <testcase time="0.000999999999748979" classname="ds.length_smk" name="basic_length_both"/>
    <testcase time="0.00300000000015643" classname="ds.length_smk" name="basic_length_both"/>
    <testcase time="0.00100000000020373" classname="ds.length_smk" name="basic_length_both"/>
    <testcase time="0.00199999999995271" classname="ds.length_smk" name="basic_length_both"/>
    <testcase time="0.271999999999935" classname="ds.length_smk" name="basic_length_split"/>
    <testcase time="0.00199999999995271" classname="ds.length_smk" name="basic_length_split"/>
    <testcase time="0.000999999999748979" classname="ds.length_smk" name="basic_length_split"/>
    <testcase time="0.00200000000040745" classname="ds.length_smk" name="basic_length_split"/>
    <testcase time="0.274999999999636" classname="ds.length_smk" name="basic_length_combine"/>
    <testcase time="0.00199999999995271" classname="ds.length_smk" name="basic_length_combine"/>
    <testcase time="1.21300000000019" classname="ds.length_smk" name="basic_length_both"/>
    <testcase time="0.00199999999995271" classname="ds.length_smk" name="basic_length_both"/>
    <testcase time="0.00100000000020373" classname="ds.length_smk" name="basic_length_both"/>
    <testcase time="0.00199999999995271" classname="ds.length_smk" name="basic_length_both"/>
    <testcase time="0.000999999999748979" classname="ds.length_smk" name="basic_length_both"/>
    <testcase time="1.23000000000002" classname="ds.length_smk" name="basic_length_split"/>
    <testcase time="0.00100000000020373" classname="ds.length_smk" name="basic_length_split"/>
    <testcase time="0.00199999999995271" classname="ds.length_smk" name="basic_length_split"/>
    <testcase time="0.00100000000020373" classname="ds.length_smk" name="basic_length_split"/>
    <testcase time="1.23799999999983" classname="ds.length_smk" name="basic_length_combine"/>
    <testcase time="0.00300000000015643" classname="ds.length_smk" name="basic_length_combine"/>
  </testsuite>
  <testsuite name="ds.length::smk::shutdown" timestamp="2020-03-24T20:33:57Z" hostname="fv-az32" tests="3" skipped="0" failures="0" errors="0" time="0.285">
    <testcase time="0.281999999999698" classname="ds.length_smk_shutdown" name="shutdown"/>
    <testcase time="0.00100000000020373" classname="ds.length_smk_shutdown" name="shutdown"/>
    <testcase time="0.00199999999995271" classname="ds.length_smk_shutdown" name="shutdown"/>
  </testsuite>
  <testsuite name="ds.length::smk::done" timestamp="2020-03-24T20:33:57Z" hostname="fv-az32" tests="0" skipped="0" failures="0" errors="0" time="0"/>
  <testsuite name="ds.levels::smk::setup" timestamp="2020-03-24T20:33:57Z" hostname="fv-az32" tests="3" skipped="0" failures="0" errors="0" time="5.595">
    <testcase time="5.5920000000001" classname="ds.levels_smk_setup" name="setup"/>
    <testcase time="0.000999999999748979" classname="ds.levels_smk_setup" name="setup"/>
    <testcase time="0.00199999999995271" classname="ds.levels_smk_setup" name="setup"/>
  </testsuite>
  <testsuite name="ds.levels::smk" timestamp="2020-03-24T20:34:02Z" hostname="fv-az32" tests="23" skipped="0" failures="0" errors="0" time="2.49">
    <testcase time="1.23399999999992" classname="ds.levels_smk" name="simple_levels"/>
    <testcase time="0.00100000000020373" classname="ds.levels_smk" name="simple_levels"/>
    <testcase time="0.00199999999995271" classname="ds.levels_smk" name="simple_levels"/>
    <testcase time="0.00100000000020373" classname="ds.levels_smk" name="simple_levels"/>
    <testcase time="0.00199999999995271" classname="ds.levels_smk" name="simple_levels"/>
    <testcase time="0.000999999999748979" classname="ds.levels_smk" name="simple_levels"/>
    <testcase time="0.00199999999995271" classname="ds.levels_smk" name="simple_levels"/>
    <testcase time="0.00100000000020373" classname="ds.levels_smk" name="simple_levels"/>
    <testcase time="0.00199999999995271" classname="ds.levels_smk" name="simple_levels"/>
    <testcase time="0.00100000000020373" classname="ds.levels_smk" name="simple_levels"/>
    <testcase time="1.22299999999996" classname="ds.levels_smk" name="simple_levels"/>
    <testcase time="0.000999999999748979" classname="ds.levels_smk" name="simple_levels"/>
    <testcase time="0.00199999999995271" classname="ds.levels_smk" name="simple_levels"/>
    <testcase time="0.00199999999995271" classname="ds.levels_smk" name="simple_levels"/>
    <testcase time="0.00100000000020373" classname="ds.levels_smk" name="simple_levels"/>
    <testcase time="0.00199999999995271" classname="ds.levels_smk" name="simple_levels"/>
    <testcase time="0.00199999999995271" classname="ds.levels_smk" name="simple_levels"/>
    <testcase time="0.00100000000020373" classname="ds.levels_smk" name="simple_levels"/>
    <testcase time="0.00199999999995271" classname="ds.levels_smk" name="simple_levels"/>
    <testcase time="0.00199999999995271" classname="ds.levels_smk" name="simple_levels"/>
    <testcase time="0.00199999999995271" classname="ds.levels_smk" name="simple_levels"/>
    <testcase time="0.00100000000020373" classname="ds.levels_smk" name="simple_levels"/>
    <testcase time="0.00199999999995271" classname="ds.levels_smk" name="simple_levels"/>
  </testsuite>
  <testsuite name="ds.levels::smk::shutdown" timestamp="2020-03-24T20:34:05Z" hostname="fv-az32" tests="3" skipped="0" failures="0" errors="0" time="0.283">
    <testcase time="0.280999999999949" classname="ds.levels_smk_shutdown" name="shutdown"/>
    <testcase time="0.000999999999748979" classname="ds.levels_smk_shutdown" name="shutdown"/>
    <testcase time="0.00100000000020373" classname="ds.levels_smk_shutdown" name="shutdown"/>
  </testsuite>
  <testsuite name="ds.levels::smk::done" timestamp="2020-03-24T20:34:06Z" hostname="fv-az32" tests="0" skipped="0" failures="0" errors="0" time="0"/>
  <testsuite name="ds.lexis::smk::setup" timestamp="2020-03-24T20:34:06Z" hostname="fv-az32" tests="3" skipped="0" failures="0" errors="0" time="5.59">
    <testcase time="5.58699999999999" classname="ds.lexis_smk_setup" name="setup"/>
    <testcase time="0.00199999999995271" classname="ds.lexis_smk_setup" name="setup"/>
    <testcase time="0.00100000000020373" classname="ds.lexis_smk_setup" name="setup"/>
  </testsuite>
  <testsuite name="ds.lexis::smk" timestamp="2020-03-24T20:34:11Z" hostname="fv-az32" tests="14" skipped="0" failures="0" errors="0" time="1.474">
    <testcase time="0.904999999999745" classname="ds.lexis_smk" name="simple_lexis"/>
    <testcase time="0.00199999999995271" classname="ds.lexis_smk" name="simple_lexis"/>
    <testcase time="0.00100000000020373" classname="ds.lexis_smk" name="simple_lexis"/>
    <testcase time="0.00199999999995271" classname="ds.lexis_smk" name="simple_lexis"/>
    <testcase time="0.00199999999995271" classname="ds.lexis_smk" name="simple_lexis"/>
    <testcase time="0.00100000000020373" classname="ds.lexis_smk" name="simple_lexis"/>
    <testcase time="0.272999999999683" classname="ds.lexis_smk" name="simple_lexis"/>
    <testcase time="0.00199999999995271" classname="ds.lexis_smk" name="simple_lexis"/>
    <testcase time="0.00100000000020373" classname="ds.lexis_smk" name="simple_lexis"/>
    <testcase time="0.00199999999995271" classname="ds.lexis_smk" name="simple_lexis"/>
    <testcase time="0.278999999999996" classname="ds.lexis_smk" name="simple_lexis"/>
    <testcase time="0.00100000000020373" classname="ds.lexis_smk" name="simple_lexis"/>
    <testcase time="0.00100000000020373" classname="ds.lexis_smk" name="simple_lexis"/>
    <testcase time="0.00199999999995271" classname="ds.lexis_smk" name="simple_lexis"/>
  </testsuite>
  <testsuite name="ds.lexis::smk::shutdown" timestamp="2020-03-24T20:34:12Z" hostname="fv-az32" tests="3" skipped="0" failures="0" errors="0" time="0.285">
    <testcase time="0.282000000000153" classname="ds.lexis_smk_shutdown" name="shutdown"/>
    <testcase time="0.000999999999748979" classname="ds.lexis_smk_shutdown" name="shutdown"/>
    <testcase time="0.00199999999995271" classname="ds.lexis_smk_shutdown" name="shutdown"/>
  </testsuite>
  <testsuite name="ds.lexis::smk::done" timestamp="2020-03-24T20:34:13Z" hostname="fv-az32" tests="0" skipped="0" failures="0" errors="0" time="0"/>
  <testsuite name="ds.listClientsideFunctions::smk::setup" timestamp="2020-03-24T20:34:13Z" hostname="fv-az32" tests="3" skipped="0" failures="0" errors="0" time="5.508">
    <testcase time="5.50600000000031" classname="ds.listClientsideFunctions_smk_setup" name="setup"/>
    <testcase time="0.000999999999748979" classname="ds.listClientsideFunctions_smk_setup" name="setup"/>
    <testcase time="0.00100000000020373" classname="ds.listClientsideFunctions_smk_setup" name="setup"/>
  </testsuite>
  <testsuite name="ds.listClientsideFunctions::smk::check results" timestamp="2020-03-24T20:34:18Z" hostname="fv-az32" tests="91" skipped="0" failures="0" errors="0" time="0.222">
    <testcase time="0.0139999999996689" classname="ds.listClientsideFunctions_smk_check_results" name="check_results"/>
    <testcase time="0.00100000000020373" classname="ds.listClientsideFunctions_smk_check_results" name="check_results"/>
    <testcase time="0.000999999999748979" classname="ds.listClientsideFunctions_smk_check_results" name="check_results"/>
    <testcase time="0.00200000000040745" classname="ds.listClientsideFunctions_smk_check_results" name="check_results"/>
    <testcase time="0.000999999999748979" classname="ds.listClientsideFunctions_smk_check_results" name="check_results"/>
    <testcase time="0.00100000000020373" classname="ds.listClientsideFunctions_smk_check_results" name="check_results"/>
    <testcase time="0.00199999999995271" classname="ds.listClientsideFunctions_smk_check_results" name="check_results"/>
    <testcase time="0.000999999999748979" classname="ds.listClientsideFunctions_smk_check_results" name="check_results"/>
    <testcase time="0.00100000000020373" classname="ds.listClientsideFunctions_smk_check_results" name="check_results"/>
    <testcase time="0.00199999999995271" classname="ds.listClientsideFunctions_smk_check_results" name="check_results"/>
    <testcase time="0.00100000000020373" classname="ds.listClientsideFunctions_smk_check_results" name="check_results"/>
    <testcase time="0.00199999999995271" classname="ds.listClientsideFunctions_smk_check_results" name="check_results"/>
    <testcase time="0.000999999999748979" classname="ds.listClientsideFunctions_smk_check_results" name="check_results"/>
    <testcase time="0.00199999999995271" classname="ds.listClientsideFunctions_smk_check_results" name="check_results"/>
    <testcase time="0.00100000000020373" classname="ds.listClientsideFunctions_smk_check_results" name="check_results"/>
    <testcase time="0.00199999999995271" classname="ds.listClientsideFunctions_smk_check_results" name="check_results"/>
    <testcase time="0.00199999999995271" classname="ds.listClientsideFunctions_smk_check_results" name="check_results"/>
    <testcase time="0.00100000000020373" classname="ds.listClientsideFunctions_smk_check_results" name="check_results"/>
    <testcase time="0.00199999999995271" classname="ds.listClientsideFunctions_smk_check_results" name="check_results"/>
    <testcase time="0.000999999999748979" classname="ds.listClientsideFunctions_smk_check_results" name="check_results"/>
    <testcase time="0.00199999999995271" classname="ds.listClientsideFunctions_smk_check_results" name="check_results"/>
    <testcase time="0.00100000000020373" classname="ds.listClientsideFunctions_smk_check_results" name="check_results"/>
    <testcase time="0.00199999999995271" classname="ds.listClientsideFunctions_smk_check_results" name="check_results"/>
    <testcase time="0.00199999999995271" classname="ds.listClientsideFunctions_smk_check_results" name="check_results"/>
    <testcase time="0.00100000000020373" classname="ds.listClientsideFunctions_smk_check_results" name="check_results"/>
    <testcase time="0.00199999999995271" classname="ds.listClientsideFunctions_smk_check_results" name="check_results"/>
    <testcase time="0.00199999999995271" classname="ds.listClientsideFunctions_smk_check_results" name="check_results"/>
    <testcase time="0.00199999999995271" classname="ds.listClientsideFunctions_smk_check_results" name="check_results"/>
    <testcase time="0.00100000000020373" classname="ds.listClientsideFunctions_smk_check_results" name="check_results"/>
    <testcase time="0.00199999999995271" classname="ds.listClientsideFunctions_smk_check_results" name="check_results"/>
    <testcase time="0.00199999999995271" classname="ds.listClientsideFunctions_smk_check_results" name="check_results"/>
    <testcase time="0.00199999999995271" classname="ds.listClientsideFunctions_smk_check_results" name="check_results"/>
    <testcase time="0.00199999999995271" classname="ds.listClientsideFunctions_smk_check_results" name="check_results"/>
    <testcase time="0.00199999999995271" classname="ds.listClientsideFunctions_smk_check_results" name="check_results"/>
    <testcase time="0.00199999999995271" classname="ds.listClientsideFunctions_smk_check_results" name="check_results"/>
    <testcase time="0.00199999999995271" classname="ds.listClientsideFunctions_smk_check_results" name="check_results"/>
    <testcase time="0.00199999999995271" classname="ds.listClientsideFunctions_smk_check_results" name="check_results"/>
    <testcase time="0.00199999999995271" classname="ds.listClientsideFunctions_smk_check_results" name="check_results"/>
    <testcase time="0.00200000000040745" classname="ds.listClientsideFunctions_smk_check_results" name="check_results"/>
    <testcase time="0.00199999999995271" classname="ds.listClientsideFunctions_smk_check_results" name="check_results"/>
    <testcase time="0.00199999999995271" classname="ds.listClientsideFunctions_smk_check_results" name="check_results"/>
    <testcase time="0.00299999999970169" classname="ds.listClientsideFunctions_smk_check_results" name="check_results"/>
    <testcase time="0.00200000000040745" classname="ds.listClientsideFunctions_smk_check_results" name="check_results"/>
    <testcase time="0.00199999999995271" classname="ds.listClientsideFunctions_smk_check_results" name="check_results"/>
    <testcase time="0.00299999999970169" classname="ds.listClientsideFunctions_smk_check_results" name="check_results"/>
    <testcase time="0.00199999999995271" classname="ds.listClientsideFunctions_smk_check_results" name="check_results"/>
    <testcase time="0.00199999999995271" classname="ds.listClientsideFunctions_smk_check_results" name="check_results"/>
    <testcase time="0.00200000000040745" classname="ds.listClientsideFunctions_smk_check_results" name="check_results"/>
    <testcase time="0.00199999999995271" classname="ds.listClientsideFunctions_smk_check_results" name="check_results"/>
    <testcase time="0.00299999999970169" classname="ds.listClientsideFunctions_smk_check_results" name="check_results"/>
    <testcase time="0.00199999999995271" classname="ds.listClientsideFunctions_smk_check_results" name="check_results"/>
    <testcase time="0.00200000000040745" classname="ds.listClientsideFunctions_smk_check_results" name="check_results"/>
    <testcase time="0.00299999999970169" classname="ds.listClientsideFunctions_smk_check_results" name="check_results"/>
    <testcase time="0.00199999999995271" classname="ds.listClientsideFunctions_smk_check_results" name="check_results"/>
    <testcase time="0.00300000000015643" classname="ds.listClientsideFunctions_smk_check_results" name="check_results"/>
    <testcase time="0.00199999999995271" classname="ds.listClientsideFunctions_smk_check_results" name="check_results"/>
    <testcase time="0.00300000000015643" classname="ds.listClientsideFunctions_smk_check_results" name="check_results"/>
    <testcase time="0.00199999999995271" classname="ds.listClientsideFunctions_smk_check_results" name="check_results"/>
    <testcase time="0.00199999999995271" classname="ds.listClientsideFunctions_smk_check_results" name="check_results"/>
    <testcase time="0.00300000000015643" classname="ds.listClientsideFunctions_smk_check_results" name="check_results"/>
    <testcase time="0.00399999999990541" classname="ds.listClientsideFunctions_smk_check_results" name="check_results"/>
    <testcase time="0.00399999999990541" classname="ds.listClientsideFunctions_smk_check_results" name="check_results"/>
    <testcase time="0.00199999999995271" classname="ds.listClientsideFunctions_smk_check_results" name="check_results"/>
    <testcase time="0.00300000000015643" classname="ds.listClientsideFunctions_smk_check_results" name="check_results"/>
    <testcase time="0.00199999999995271" classname="ds.listClientsideFunctions_smk_check_results" name="check_results"/>
    <testcase time="0.00300000000015643" classname="ds.listClientsideFunctions_smk_check_results" name="check_results"/>
    <testcase time="0.00299999999970169" classname="ds.listClientsideFunctions_smk_check_results" name="check_results"/>
    <testcase time="0.00199999999995271" classname="ds.listClientsideFunctions_smk_check_results" name="check_results"/>
    <testcase time="0.00199999999995271" classname="ds.listClientsideFunctions_smk_check_results" name="check_results"/>
    <testcase time="0.00300000000015643" classname="ds.listClientsideFunctions_smk_check_results" name="check_results"/>
    <testcase time="0.00299999999970169" classname="ds.listClientsideFunctions_smk_check_results" name="check_results"/>
    <testcase time="0.00300000000015643" classname="ds.listClientsideFunctions_smk_check_results" name="check_results"/>
    <testcase time="0.00199999999995271" classname="ds.listClientsideFunctions_smk_check_results" name="check_results"/>
    <testcase time="0.00300000000015643" classname="ds.listClientsideFunctions_smk_check_results" name="check_results"/>
    <testcase time="0.00299999999970169" classname="ds.listClientsideFunctions_smk_check_results" name="check_results"/>
    <testcase time="0.00300000000015643" classname="ds.listClientsideFunctions_smk_check_results" name="check_results"/>
    <testcase time="0.00199999999995271" classname="ds.listClientsideFunctions_smk_check_results" name="check_results"/>
    <testcase time="0.00399999999990541" classname="ds.listClientsideFunctions_smk_check_results" name="check_results"/>
    <testcase time="0.00199999999995271" classname="ds.listClientsideFunctions_smk_check_results" name="check_results"/>
    <testcase time="0.00300000000015643" classname="ds.listClientsideFunctions_smk_check_results" name="check_results"/>
    <testcase time="0.00300000000015643" classname="ds.listClientsideFunctions_smk_check_results" name="check_results"/>
    <testcase time="0.00299999999970169" classname="ds.listClientsideFunctions_smk_check_results" name="check_results"/>
    <testcase time="0.00300000000015643" classname="ds.listClientsideFunctions_smk_check_results" name="check_results"/>
    <testcase time="0.00300000000015643" classname="ds.listClientsideFunctions_smk_check_results" name="check_results"/>
    <testcase time="0.00299999999970169" classname="ds.listClientsideFunctions_smk_check_results" name="check_results"/>
    <testcase time="0.00300000000015643" classname="ds.listClientsideFunctions_smk_check_results" name="check_results"/>
    <testcase time="0.00300000000015643" classname="ds.listClientsideFunctions_smk_check_results" name="check_results"/>
    <testcase time="0.01299999999992" classname="ds.listClientsideFunctions_smk_check_results" name="check_results"/>
    <testcase time="0.00199999999995271" classname="ds.listClientsideFunctions_smk_check_results" name="check_results"/>
    <testcase time="0.00300000000015643" classname="ds.listClientsideFunctions_smk_check_results" name="check_results"/>
    <testcase time="0.00199999999995271" classname="ds.listClientsideFunctions_smk_check_results" name="check_results"/>
  </testsuite>
  <testsuite name="ds.listClientsideFunctions::smk::shutdown" timestamp="2020-03-24T20:34:18Z" hostname="fv-az32" tests="3" skipped="0" failures="0" errors="0" time="0.283">
    <testcase time="0.279999999999745" classname="ds.listClientsideFunctions_smk_shutdown" name="shutdown"/>
    <testcase time="0.00199999999995271" classname="ds.listClientsideFunctions_smk_shutdown" name="shutdown"/>
    <testcase time="0.00100000000020373" classname="ds.listClientsideFunctions_smk_shutdown" name="shutdown"/>
  </testsuite>
  <testsuite name="ds.listClientsideFunctions::smk::done" timestamp="2020-03-24T20:34:19Z" hostname="fv-az32" tests="0" skipped="0" failures="0" errors="0" time="0"/>
  <testsuite name="ds.listDisclosureSettings::smk::setup" timestamp="2020-03-24T20:34:19Z" hostname="fv-az32" tests="3" skipped="0" failures="0" errors="0" time="5.649">
    <testcase time="5.64600000000019" classname="ds.listDisclosureSettings_smk_setup" name="setup"/>
    <testcase time="0.000999999999748979" classname="ds.listDisclosureSettings_smk_setup" name="setup"/>
    <testcase time="0.00199999999995271" classname="ds.listDisclosureSettings_smk_setup" name="setup"/>
  </testsuite>
  <testsuite name="ds.listDisclosureSettings::smk::check results" timestamp="2020-03-24T20:34:24Z" hostname="fv-az32" tests="31" skipped="0" failures="0" errors="0" time="0.329">
    <testcase time="0.275000000000091" classname="ds.listDisclosureSettings_smk_check_results" name="check_results"/>
    <testcase time="0.00100000000020373" classname="ds.listDisclosureSettings_smk_check_results" name="check_results"/>
    <testcase time="0.00199999999995271" classname="ds.listDisclosureSettings_smk_check_results" name="check_results"/>
    <testcase time="0.000999999999748979" classname="ds.listDisclosureSettings_smk_check_results" name="check_results"/>
    <testcase time="0.00199999999995271" classname="ds.listDisclosureSettings_smk_check_results" name="check_results"/>
    <testcase time="0.00100000000020373" classname="ds.listDisclosureSettings_smk_check_results" name="check_results"/>
    <testcase time="0.00199999999995271" classname="ds.listDisclosureSettings_smk_check_results" name="check_results"/>
    <testcase time="0.00199999999995271" classname="ds.listDisclosureSettings_smk_check_results" name="check_results"/>
    <testcase time="0.00199999999995271" classname="ds.listDisclosureSettings_smk_check_results" name="check_results"/>
    <testcase time="0.00100000000020373" classname="ds.listDisclosureSettings_smk_check_results" name="check_results"/>
    <testcase time="0.00199999999995271" classname="ds.listDisclosureSettings_smk_check_results" name="check_results"/>
    <testcase time="0.000999999999748979" classname="ds.listDisclosureSettings_smk_check_results" name="check_results"/>
    <testcase time="0.00199999999995271" classname="ds.listDisclosureSettings_smk_check_results" name="check_results"/>
    <testcase time="0.00200000000040745" classname="ds.listDisclosureSettings_smk_check_results" name="check_results"/>
    <testcase time="0.00199999999995271" classname="ds.listDisclosureSettings_smk_check_results" name="check_results"/>
    <testcase time="0.00199999999995271" classname="ds.listDisclosureSettings_smk_check_results" name="check_results"/>
    <testcase time="0.00199999999995271" classname="ds.listDisclosureSettings_smk_check_results" name="check_results"/>
    <testcase time="0.00199999999995271" classname="ds.listDisclosureSettings_smk_check_results" name="check_results"/>
    <testcase time="0.00100000000020373" classname="ds.listDisclosureSettings_smk_check_results" name="check_results"/>
    <testcase time="0.00199999999995271" classname="ds.listDisclosureSettings_smk_check_results" name="check_results"/>
    <testcase time="0.00199999999995271" classname="ds.listDisclosureSettings_smk_check_results" name="check_results"/>
    <testcase time="0.00199999999995271" classname="ds.listDisclosureSettings_smk_check_results" name="check_results"/>
    <testcase time="0.00199999999995271" classname="ds.listDisclosureSettings_smk_check_results" name="check_results"/>
    <testcase time="0.00199999999995271" classname="ds.listDisclosureSettings_smk_check_results" name="check_results"/>
    <testcase time="0.00199999999995271" classname="ds.listDisclosureSettings_smk_check_results" name="check_results"/>
    <testcase time="0.00199999999995271" classname="ds.listDisclosureSettings_smk_check_results" name="check_results"/>
    <testcase time="0.00199999999995271" classname="ds.listDisclosureSettings_smk_check_results" name="check_results"/>
    <testcase time="0.00199999999995271" classname="ds.listDisclosureSettings_smk_check_results" name="check_results"/>
    <testcase time="0.00200000000040745" classname="ds.listDisclosureSettings_smk_check_results" name="check_results"/>
    <testcase time="0.00199999999995271" classname="ds.listDisclosureSettings_smk_check_results" name="check_results"/>
    <testcase time="0.00199999999995271" classname="ds.listDisclosureSettings_smk_check_results" name="check_results"/>
  </testsuite>
  <testsuite name="ds.listDisclosureSettings::smk::shutdown" timestamp="2020-03-24T20:34:25Z" hostname="fv-az32" tests="3" skipped="0" failures="0" errors="0" time="0.281">
    <testcase time="0.277999999999793" classname="ds.listDisclosureSettings_smk_shutdown" name="shutdown"/>
    <testcase time="0.00100000000020373" classname="ds.listDisclosureSettings_smk_shutdown" name="shutdown"/>
    <testcase time="0.00199999999995271" classname="ds.listDisclosureSettings_smk_shutdown" name="shutdown"/>
  </testsuite>
  <testsuite name="ds.listDisclosureSettings::smk::down" timestamp="2020-03-24T20:34:25Z" hostname="fv-az32" tests="0" skipped="0" failures="0" errors="0" time="0"/>
  <testsuite name="ds.list::smk::setup" timestamp="2020-03-24T20:34:25Z" hostname="fv-az32" tests="3" skipped="0" failures="0" errors="0" time="5.57">
    <testcase time="5.56700000000001" classname="ds.list_smk_setup" name="setup"/>
    <testcase time="0.000999999999748979" classname="ds.list_smk_setup" name="setup"/>
    <testcase time="0.00200000000040745" classname="ds.list_smk_setup" name="setup"/>
  </testsuite>
  <testsuite name="ds.list::smk" timestamp="2020-03-24T20:34:30Z" hostname="fv-az32" tests="25" skipped="0" failures="0" errors="0" time="4.572">
    <testcase time="2.50799999999981" classname="ds.list_smk" name="Is_List"/>
    <testcase time="0.277999999999793" classname="ds.list_smk" name="Is_List"/>
    <testcase time="0.00100000000020373" classname="ds.list_smk" name="Is_List"/>
    <testcase time="0.00100000000020373" classname="ds.list_smk" name="Is_List"/>
    <testcase time="0.00199999999995271" classname="ds.list_smk" name="Is_List"/>
    <testcase time="0.000999999999748979" classname="ds.list_smk" name="Is_List"/>
    <testcase time="0.00100000000020373" classname="ds.list_smk" name="Is_List"/>
    <testcase time="0.00199999999995271" classname="ds.list_smk" name="Is_List"/>
    <testcase time="0.000999999999748979" classname="ds.list_smk" name="Is_List"/>
    <testcase time="0.00199999999995271" classname="ds.list_smk" name="Is_List"/>
    <testcase time="0.00100000000020373" classname="ds.list_smk" name="Is_List"/>
    <testcase time="0.539000000000215" classname="ds.list_smk" name="Is_List"/>
    <testcase time="0.00199999999995271" classname="ds.list_smk" name="Is_List"/>
    <testcase time="0.000999999999748979" classname="ds.list_smk" name="Is_List"/>
    <testcase time="0.00199999999995271" classname="ds.list_smk" name="Is_List"/>
    <testcase time="1.21399999999994" classname="ds.list_smk" name="Is_List"/>
    <testcase time="0.00200000000040745" classname="ds.list_smk" name="Is_List"/>
    <testcase time="0.00199999999995271" classname="ds.list_smk" name="Is_List"/>
    <testcase time="0.000999999999748979" classname="ds.list_smk" name="Is_List"/>
    <testcase time="0.00199999999995271" classname="ds.list_smk" name="Is_List"/>
    <testcase time="0.00199999999995271" classname="ds.list_smk" name="Is_List"/>
    <testcase time="0.00200000000040745" classname="ds.list_smk" name="Is_List"/>
    <testcase time="0.00199999999995271" classname="ds.list_smk" name="Is_List"/>
    <testcase time="0.000999999999748979" classname="ds.list_smk" name="Is_List"/>
    <testcase time="0.00199999999995271" classname="ds.list_smk" name="Is_List"/>
  </testsuite>
  <testsuite name="ds.list::smk::shutdown" timestamp="2020-03-24T20:34:35Z" hostname="fv-az32" tests="3" skipped="0" failures="0" errors="0" time="0.29">
    <testcase time="0.287000000000262" classname="ds.list_smk_shutdown" name="shutdown"/>
    <testcase time="0.00199999999995271" classname="ds.list_smk_shutdown" name="shutdown"/>
    <testcase time="0.000999999999748979" classname="ds.list_smk_shutdown" name="shutdown"/>
  </testsuite>
  <testsuite name="ds.list::smk::down" timestamp="2020-03-24T20:34:36Z" hostname="fv-az32" tests="0" skipped="0" failures="0" errors="0" time="0"/>
  <testsuite name="ds.listServersideFunctions::smk::check results" timestamp="2020-03-24T20:34:41Z" hostname="fv-az32" tests="351" skipped="0" failures="0" errors="0" time="6.817">
    <testcase time="5.38900000000012" classname="ds.listServersideFunctions_smk_check_results" name="check_results"/>
    <testcase time="0.00100000000020373" classname="ds.listServersideFunctions_smk_check_results" name="check_results"/>
    <testcase time="0.00199999999995271" classname="ds.listServersideFunctions_smk_check_results" name="check_results"/>
    <testcase time="0.00199999999995271" classname="ds.listServersideFunctions_smk_check_results" name="check_results"/>
    <testcase time="0.000999999999748979" classname="ds.listServersideFunctions_smk_check_results" name="check_results"/>
    <testcase time="0.00100000000020373" classname="ds.listServersideFunctions_smk_check_results" name="check_results"/>
    <testcase time="0.000999999999748979" classname="ds.listServersideFunctions_smk_check_results" name="check_results"/>
    <testcase time="0.00100000000020373" classname="ds.listServersideFunctions_smk_check_results" name="check_results"/>
    <testcase time="0.000999999999748979" classname="ds.listServersideFunctions_smk_check_results" name="check_results"/>
    <testcase time="0.00100000000020373" classname="ds.listServersideFunctions_smk_check_results" name="check_results"/>
    <testcase time="0.00199999999995271" classname="ds.listServersideFunctions_smk_check_results" name="check_results"/>
    <testcase time="0.000999999999748979" classname="ds.listServersideFunctions_smk_check_results" name="check_results"/>
    <testcase time="0.00100000000020373" classname="ds.listServersideFunctions_smk_check_results" name="check_results"/>
    <testcase time="0.00199999999995271" classname="ds.listServersideFunctions_smk_check_results" name="check_results"/>
    <testcase time="0.00100000000020373" classname="ds.listServersideFunctions_smk_check_results" name="check_results"/>
    <testcase time="0.000999999999748979" classname="ds.listServersideFunctions_smk_check_results" name="check_results"/>
    <testcase time="0.00199999999995271" classname="ds.listServersideFunctions_smk_check_results" name="check_results"/>
    <testcase time="0.00100000000020373" classname="ds.listServersideFunctions_smk_check_results" name="check_results"/>
    <testcase time="0.00199999999995271" classname="ds.listServersideFunctions_smk_check_results" name="check_results"/>
    <testcase time="0.000999999999748979" classname="ds.listServersideFunctions_smk_check_results" name="check_results"/>
    <testcase time="0.00200000000040745" classname="ds.listServersideFunctions_smk_check_results" name="check_results"/>
    <testcase time="0.00199999999995271" classname="ds.listServersideFunctions_smk_check_results" name="check_results"/>
    <testcase time="0.000999999999748979" classname="ds.listServersideFunctions_smk_check_results" name="check_results"/>
    <testcase time="0.00199999999995271" classname="ds.listServersideFunctions_smk_check_results" name="check_results"/>
    <testcase time="0.00100000000020373" classname="ds.listServersideFunctions_smk_check_results" name="check_results"/>
    <testcase time="0.00199999999995271" classname="ds.listServersideFunctions_smk_check_results" name="check_results"/>
    <testcase time="0.00100000000020373" classname="ds.listServersideFunctions_smk_check_results" name="check_results"/>
    <testcase time="0.00199999999995271" classname="ds.listServersideFunctions_smk_check_results" name="check_results"/>
    <testcase time="0.000999999999748979" classname="ds.listServersideFunctions_smk_check_results" name="check_results"/>
    <testcase time="0.000999999999748979" classname="ds.listServersideFunctions_smk_check_results" name="check_results"/>
    <testcase time="0.00300000000015643" classname="ds.listServersideFunctions_smk_check_results" name="check_results"/>
    <testcase time="0.000999999999748979" classname="ds.listServersideFunctions_smk_check_results" name="check_results"/>
    <testcase time="0.00200000000040745" classname="ds.listServersideFunctions_smk_check_results" name="check_results"/>
    <testcase time="0.00199999999995271" classname="ds.listServersideFunctions_smk_check_results" name="check_results"/>
    <testcase time="0.00199999999995271" classname="ds.listServersideFunctions_smk_check_results" name="check_results"/>
    <testcase time="0.000999999999748979" classname="ds.listServersideFunctions_smk_check_results" name="check_results"/>
    <testcase time="0.00199999999995271" classname="ds.listServersideFunctions_smk_check_results" name="check_results"/>
    <testcase time="0.00200000000040745" classname="ds.listServersideFunctions_smk_check_results" name="check_results"/>
    <testcase time="0.00199999999995271" classname="ds.listServersideFunctions_smk_check_results" name="check_results"/>
    <testcase time="0.00199999999995271" classname="ds.listServersideFunctions_smk_check_results" name="check_results"/>
    <testcase time="0.00199999999995271" classname="ds.listServersideFunctions_smk_check_results" name="check_results"/>
    <testcase time="0.00199999999995271" classname="ds.listServersideFunctions_smk_check_results" name="check_results"/>
    <testcase time="0.00199999999995271" classname="ds.listServersideFunctions_smk_check_results" name="check_results"/>
    <testcase time="0.00199999999995271" classname="ds.listServersideFunctions_smk_check_results" name="check_results"/>
    <testcase time="0.00199999999995271" classname="ds.listServersideFunctions_smk_check_results" name="check_results"/>
    <testcase time="0.00199999999995271" classname="ds.listServersideFunctions_smk_check_results" name="check_results"/>
    <testcase time="0.00199999999995271" classname="ds.listServersideFunctions_smk_check_results" name="check_results"/>
    <testcase time="0.00200000000040745" classname="ds.listServersideFunctions_smk_check_results" name="check_results"/>
    <testcase time="0.00199999999995271" classname="ds.listServersideFunctions_smk_check_results" name="check_results"/>
    <testcase time="0.00199999999995271" classname="ds.listServersideFunctions_smk_check_results" name="check_results"/>
    <testcase time="0.00199999999995271" classname="ds.listServersideFunctions_smk_check_results" name="check_results"/>
    <testcase time="0.00199999999995271" classname="ds.listServersideFunctions_smk_check_results" name="check_results"/>
    <testcase time="0.00199999999995271" classname="ds.listServersideFunctions_smk_check_results" name="check_results"/>
    <testcase time="0.00300000000015643" classname="ds.listServersideFunctions_smk_check_results" name="check_results"/>
    <testcase time="0.00199999999995271" classname="ds.listServersideFunctions_smk_check_results" name="check_results"/>
    <testcase time="0.00199999999995271" classname="ds.listServersideFunctions_smk_check_results" name="check_results"/>
    <testcase time="0.00300000000015643" classname="ds.listServersideFunctions_smk_check_results" name="check_results"/>
    <testcase time="0.00199999999995271" classname="ds.listServersideFunctions_smk_check_results" name="check_results"/>
    <testcase time="0.00199999999995271" classname="ds.listServersideFunctions_smk_check_results" name="check_results"/>
    <testcase time="0.00199999999995271" classname="ds.listServersideFunctions_smk_check_results" name="check_results"/>
    <testcase time="0.00399999999990541" classname="ds.listServersideFunctions_smk_check_results" name="check_results"/>
    <testcase time="0.00199999999995271" classname="ds.listServersideFunctions_smk_check_results" name="check_results"/>
    <testcase time="0.00199999999995271" classname="ds.listServersideFunctions_smk_check_results" name="check_results"/>
    <testcase time="0.00300000000015643" classname="ds.listServersideFunctions_smk_check_results" name="check_results"/>
    <testcase time="0.00300000000015643" classname="ds.listServersideFunctions_smk_check_results" name="check_results"/>
    <testcase time="0.00199999999995271" classname="ds.listServersideFunctions_smk_check_results" name="check_results"/>
    <testcase time="0.00299999999970169" classname="ds.listServersideFunctions_smk_check_results" name="check_results"/>
    <testcase time="0.00200000000040745" classname="ds.listServersideFunctions_smk_check_results" name="check_results"/>
    <testcase time="0.00299999999970169" classname="ds.listServersideFunctions_smk_check_results" name="check_results"/>
    <testcase time="0.00199999999995271" classname="ds.listServersideFunctions_smk_check_results" name="check_results"/>
    <testcase time="0.00300000000015643" classname="ds.listServersideFunctions_smk_check_results" name="check_results"/>
    <testcase time="0.00199999999995271" classname="ds.listServersideFunctions_smk_check_results" name="check_results"/>
    <testcase time="0.00300000000015643" classname="ds.listServersideFunctions_smk_check_results" name="check_results"/>
    <testcase time="0.00199999999995271" classname="ds.listServersideFunctions_smk_check_results" name="check_results"/>
    <testcase time="0.00299999999970169" classname="ds.listServersideFunctions_smk_check_results" name="check_results"/>
    <testcase time="0.00300000000015643" classname="ds.listServersideFunctions_smk_check_results" name="check_results"/>
    <testcase time="0.00199999999995271" classname="ds.listServersideFunctions_smk_check_results" name="check_results"/>
    <testcase time="0.00300000000015643" classname="ds.listServersideFunctions_smk_check_results" name="check_results"/>
    <testcase time="0.00300000000015643" classname="ds.listServersideFunctions_smk_check_results" name="check_results"/>
    <testcase time="0.00299999999970169" classname="ds.listServersideFunctions_smk_check_results" name="check_results"/>
    <testcase time="0.00300000000015643" classname="ds.listServersideFunctions_smk_check_results" name="check_results"/>
    <testcase time="0.00300000000015643" classname="ds.listServersideFunctions_smk_check_results" name="check_results"/>
    <testcase time="0.00199999999995271" classname="ds.listServersideFunctions_smk_check_results" name="check_results"/>
    <testcase time="0.00299999999970169" classname="ds.listServersideFunctions_smk_check_results" name="check_results"/>
    <testcase time="0.00399999999990541" classname="ds.listServersideFunctions_smk_check_results" name="check_results"/>
    <testcase time="0.00200000000040745" classname="ds.listServersideFunctions_smk_check_results" name="check_results"/>
    <testcase time="0.00299999999970169" classname="ds.listServersideFunctions_smk_check_results" name="check_results"/>
    <testcase time="0.01299999999992" classname="ds.listServersideFunctions_smk_check_results" name="check_results"/>
    <testcase time="0.00300000000015643" classname="ds.listServersideFunctions_smk_check_results" name="check_results"/>
    <testcase time="0.00199999999995271" classname="ds.listServersideFunctions_smk_check_results" name="check_results"/>
    <testcase time="0.00199999999995271" classname="ds.listServersideFunctions_smk_check_results" name="check_results"/>
    <testcase time="0.00399999999990541" classname="ds.listServersideFunctions_smk_check_results" name="check_results"/>
    <testcase time="0.00200000000040745" classname="ds.listServersideFunctions_smk_check_results" name="check_results"/>
    <testcase time="0.00199999999995271" classname="ds.listServersideFunctions_smk_check_results" name="check_results"/>
    <testcase time="0.00299999999970169" classname="ds.listServersideFunctions_smk_check_results" name="check_results"/>
    <testcase time="0.00199999999995271" classname="ds.listServersideFunctions_smk_check_results" name="check_results"/>
    <testcase time="0.00200000000040745" classname="ds.listServersideFunctions_smk_check_results" name="check_results"/>
    <testcase time="0.00299999999970169" classname="ds.listServersideFunctions_smk_check_results" name="check_results"/>
    <testcase time="0.00300000000015643" classname="ds.listServersideFunctions_smk_check_results" name="check_results"/>
    <testcase time="0.00199999999995271" classname="ds.listServersideFunctions_smk_check_results" name="check_results"/>
    <testcase time="0.00199999999995271" classname="ds.listServersideFunctions_smk_check_results" name="check_results"/>
    <testcase time="0.00300000000015643" classname="ds.listServersideFunctions_smk_check_results" name="check_results"/>
    <testcase time="0.00199999999995271" classname="ds.listServersideFunctions_smk_check_results" name="check_results"/>
    <testcase time="0.00299999999970169" classname="ds.listServersideFunctions_smk_check_results" name="check_results"/>
    <testcase time="0.00200000000040745" classname="ds.listServersideFunctions_smk_check_results" name="check_results"/>
    <testcase time="0.00299999999970169" classname="ds.listServersideFunctions_smk_check_results" name="check_results"/>
    <testcase time="0.00300000000015643" classname="ds.listServersideFunctions_smk_check_results" name="check_results"/>
    <testcase time="0.00300000000015643" classname="ds.listServersideFunctions_smk_check_results" name="check_results"/>
    <testcase time="0.00299999999970169" classname="ds.listServersideFunctions_smk_check_results" name="check_results"/>
    <testcase time="0.00300000000015643" classname="ds.listServersideFunctions_smk_check_results" name="check_results"/>
    <testcase time="0.00300000000015643" classname="ds.listServersideFunctions_smk_check_results" name="check_results"/>
    <testcase time="0.00199999999995271" classname="ds.listServersideFunctions_smk_check_results" name="check_results"/>
    <testcase time="0.00299999999970169" classname="ds.listServersideFunctions_smk_check_results" name="check_results"/>
    <testcase time="0.00300000000015643" classname="ds.listServersideFunctions_smk_check_results" name="check_results"/>
    <testcase time="0.00300000000015643" classname="ds.listServersideFunctions_smk_check_results" name="check_results"/>
    <testcase time="0.00299999999970169" classname="ds.listServersideFunctions_smk_check_results" name="check_results"/>
    <testcase time="0.00399999999990541" classname="ds.listServersideFunctions_smk_check_results" name="check_results"/>
    <testcase time="0.00300000000015643" classname="ds.listServersideFunctions_smk_check_results" name="check_results"/>
    <testcase time="0.00300000000015643" classname="ds.listServersideFunctions_smk_check_results" name="check_results"/>
    <testcase time="0.00299999999970169" classname="ds.listServersideFunctions_smk_check_results" name="check_results"/>
    <testcase time="0.00700000000006185" classname="ds.listServersideFunctions_smk_check_results" name="check_results"/>
    <testcase time="0.00300000000015643" classname="ds.listServersideFunctions_smk_check_results" name="check_results"/>
    <testcase time="0.00199999999995271" classname="ds.listServersideFunctions_smk_check_results" name="check_results"/>
    <testcase time="0.00300000000015643" classname="ds.listServersideFunctions_smk_check_results" name="check_results"/>
    <testcase time="0.00499999999965439" classname="ds.listServersideFunctions_smk_check_results" name="check_results"/>
    <testcase time="0.00300000000015643" classname="ds.listServersideFunctions_smk_check_results" name="check_results"/>
    <testcase time="0.00300000000015643" classname="ds.listServersideFunctions_smk_check_results" name="check_results"/>
    <testcase time="0.00399999999990541" classname="ds.listServersideFunctions_smk_check_results" name="check_results"/>
    <testcase time="0.00399999999990541" classname="ds.listServersideFunctions_smk_check_results" name="check_results"/>
    <testcase time="0.00399999999990541" classname="ds.listServersideFunctions_smk_check_results" name="check_results"/>
    <testcase time="0.00300000000015643" classname="ds.listServersideFunctions_smk_check_results" name="check_results"/>
    <testcase time="0.00399999999990541" classname="ds.listServersideFunctions_smk_check_results" name="check_results"/>
    <testcase time="0.00300000000015643" classname="ds.listServersideFunctions_smk_check_results" name="check_results"/>
    <testcase time="0.00399999999990541" classname="ds.listServersideFunctions_smk_check_results" name="check_results"/>
    <testcase time="0.00300000000015643" classname="ds.listServersideFunctions_smk_check_results" name="check_results"/>
    <testcase time="0.00399999999990541" classname="ds.listServersideFunctions_smk_check_results" name="check_results"/>
    <testcase time="0.00300000000015643" classname="ds.listServersideFunctions_smk_check_results" name="check_results"/>
    <testcase time="0.00399999999990541" classname="ds.listServersideFunctions_smk_check_results" name="check_results"/>
    <testcase time="0.00300000000015643" classname="ds.listServersideFunctions_smk_check_results" name="check_results"/>
    <testcase time="0.00399999999990541" classname="ds.listServersideFunctions_smk_check_results" name="check_results"/>
    <testcase time="0.00399999999990541" classname="ds.listServersideFunctions_smk_check_results" name="check_results"/>
    <testcase time="0.00399999999990541" classname="ds.listServersideFunctions_smk_check_results" name="check_results"/>
    <testcase time="0.00399999999990541" classname="ds.listServersideFunctions_smk_check_results" name="check_results"/>
    <testcase time="0.00300000000015643" classname="ds.listServersideFunctions_smk_check_results" name="check_results"/>
    <testcase time="0.00399999999990541" classname="ds.listServersideFunctions_smk_check_results" name="check_results"/>
    <testcase time="0.00399999999990541" classname="ds.listServersideFunctions_smk_check_results" name="check_results"/>
    <testcase time="0.00300000000015643" classname="ds.listServersideFunctions_smk_check_results" name="check_results"/>
    <testcase time="0.00399999999990541" classname="ds.listServersideFunctions_smk_check_results" name="check_results"/>
    <testcase time="0.00399999999990541" classname="ds.listServersideFunctions_smk_check_results" name="check_results"/>
    <testcase time="0.00300000000015643" classname="ds.listServersideFunctions_smk_check_results" name="check_results"/>
    <testcase time="0.00399999999990541" classname="ds.listServersideFunctions_smk_check_results" name="check_results"/>
    <testcase time="0.00400000000036016" classname="ds.listServersideFunctions_smk_check_results" name="check_results"/>
    <testcase time="0.00399999999990541" classname="ds.listServersideFunctions_smk_check_results" name="check_results"/>
    <testcase time="0.00399999999990541" classname="ds.listServersideFunctions_smk_check_results" name="check_results"/>
    <testcase time="0.0149999999998727" classname="ds.listServersideFunctions_smk_check_results" name="check_results"/>
    <testcase time="0.00500000000010914" classname="ds.listServersideFunctions_smk_check_results" name="check_results"/>
    <testcase time="0.00399999999990541" classname="ds.listServersideFunctions_smk_check_results" name="check_results"/>
    <testcase time="0.00299999999970169" classname="ds.listServersideFunctions_smk_check_results" name="check_results"/>
    <testcase time="0.00400000000036016" classname="ds.listServersideFunctions_smk_check_results" name="check_results"/>
    <testcase time="0.00299999999970169" classname="ds.listServersideFunctions_smk_check_results" name="check_results"/>
    <testcase time="0.00300000000015643" classname="ds.listServersideFunctions_smk_check_results" name="check_results"/>
    <testcase time="0.00399999999990541" classname="ds.listServersideFunctions_smk_check_results" name="check_results"/>
    <testcase time="0.00300000000015643" classname="ds.listServersideFunctions_smk_check_results" name="check_results"/>
    <testcase time="0.00399999999990541" classname="ds.listServersideFunctions_smk_check_results" name="check_results"/>
    <testcase time="0.00399999999990541" classname="ds.listServersideFunctions_smk_check_results" name="check_results"/>
    <testcase time="0.00300000000015643" classname="ds.listServersideFunctions_smk_check_results" name="check_results"/>
    <testcase time="0.00399999999990541" classname="ds.listServersideFunctions_smk_check_results" name="check_results"/>
    <testcase time="0.00599999999985812" classname="ds.listServersideFunctions_smk_check_results" name="check_results"/>
    <testcase time="0.00400000000036016" classname="ds.listServersideFunctions_smk_check_results" name="check_results"/>
    <testcase time="0.00399999999990541" classname="ds.listServersideFunctions_smk_check_results" name="check_results"/>
    <testcase time="0.00299999999970169" classname="ds.listServersideFunctions_smk_check_results" name="check_results"/>
    <testcase time="0.00500000000010914" classname="ds.listServersideFunctions_smk_check_results" name="check_results"/>
    <testcase time="0.00399999999990541" classname="ds.listServersideFunctions_smk_check_results" name="check_results"/>
    <testcase time="0.00400000000036016" classname="ds.listServersideFunctions_smk_check_results" name="check_results"/>
    <testcase time="0.00399999999990541" classname="ds.listServersideFunctions_smk_check_results" name="check_results"/>
    <testcase time="0.00399999999990541" classname="ds.listServersideFunctions_smk_check_results" name="check_results"/>
    <testcase time="0.00399999999990541" classname="ds.listServersideFunctions_smk_check_results" name="check_results"/>
    <testcase time="0.00399999999990541" classname="ds.listServersideFunctions_smk_check_results" name="check_results"/>
    <testcase time="0.00300000000015643" classname="ds.listServersideFunctions_smk_check_results" name="check_results"/>
    <testcase time="0.00299999999970169" classname="ds.listServersideFunctions_smk_check_results" name="check_results"/>
    <testcase time="0.00400000000036016" classname="ds.listServersideFunctions_smk_check_results" name="check_results"/>
    <testcase time="0.00499999999965439" classname="ds.listServersideFunctions_smk_check_results" name="check_results"/>
    <testcase time="0.00400000000036016" classname="ds.listServersideFunctions_smk_check_results" name="check_results"/>
    <testcase time="0.00399999999990541" classname="ds.listServersideFunctions_smk_check_results" name="check_results"/>
    <testcase time="0.00399999999990541" classname="ds.listServersideFunctions_smk_check_results" name="check_results"/>
    <testcase time="0.00500000000010914" classname="ds.listServersideFunctions_smk_check_results" name="check_results"/>
    <testcase time="0.00399999999990541" classname="ds.listServersideFunctions_smk_check_results" name="check_results"/>
    <testcase time="0.00399999999990541" classname="ds.listServersideFunctions_smk_check_results" name="check_results"/>
    <testcase time="0.00399999999990541" classname="ds.listServersideFunctions_smk_check_results" name="check_results"/>
    <testcase time="0.00400000000036016" classname="ds.listServersideFunctions_smk_check_results" name="check_results"/>
    <testcase time="0.00399999999990541" classname="ds.listServersideFunctions_smk_check_results" name="check_results"/>
    <testcase time="0.00399999999990541" classname="ds.listServersideFunctions_smk_check_results" name="check_results"/>
    <testcase time="0.00399999999990541" classname="ds.listServersideFunctions_smk_check_results" name="check_results"/>
    <testcase time="0.00399999999990541" classname="ds.listServersideFunctions_smk_check_results" name="check_results"/>
    <testcase time="0.00400000000036016" classname="ds.listServersideFunctions_smk_check_results" name="check_results"/>
    <testcase time="0.00399999999990541" classname="ds.listServersideFunctions_smk_check_results" name="check_results"/>
    <testcase time="0.00399999999990541" classname="ds.listServersideFunctions_smk_check_results" name="check_results"/>
    <testcase time="0.00399999999990541" classname="ds.listServersideFunctions_smk_check_results" name="check_results"/>
    <testcase time="0.00399999999990541" classname="ds.listServersideFunctions_smk_check_results" name="check_results"/>
    <testcase time="0.00500000000010914" classname="ds.listServersideFunctions_smk_check_results" name="check_results"/>
    <testcase time="0.0140000000001237" classname="ds.listServersideFunctions_smk_check_results" name="check_results"/>
    <testcase time="0.00300000000015643" classname="ds.listServersideFunctions_smk_check_results" name="check_results"/>
    <testcase time="0.00399999999990541" classname="ds.listServersideFunctions_smk_check_results" name="check_results"/>
    <testcase time="0.00400000000036016" classname="ds.listServersideFunctions_smk_check_results" name="check_results"/>
    <testcase time="0.00399999999990541" classname="ds.listServersideFunctions_smk_check_results" name="check_results"/>
    <testcase time="0.00399999999990541" classname="ds.listServersideFunctions_smk_check_results" name="check_results"/>
    <testcase time="0.00300000000015643" classname="ds.listServersideFunctions_smk_check_results" name="check_results"/>
    <testcase time="0.00399999999990541" classname="ds.listServersideFunctions_smk_check_results" name="check_results"/>
    <testcase time="0.00399999999990541" classname="ds.listServersideFunctions_smk_check_results" name="check_results"/>
    <testcase time="0.00399999999990541" classname="ds.listServersideFunctions_smk_check_results" name="check_results"/>
    <testcase time="0.00399999999990541" classname="ds.listServersideFunctions_smk_check_results" name="check_results"/>
    <testcase time="0.00500000000010914" classname="ds.listServersideFunctions_smk_check_results" name="check_results"/>
    <testcase time="0.00300000000015643" classname="ds.listServersideFunctions_smk_check_results" name="check_results"/>
    <testcase time="0.00399999999990541" classname="ds.listServersideFunctions_smk_check_results" name="check_results"/>
    <testcase time="0.00399999999990541" classname="ds.listServersideFunctions_smk_check_results" name="check_results"/>
    <testcase time="0.00399999999990541" classname="ds.listServersideFunctions_smk_check_results" name="check_results"/>
    <testcase time="0.00400000000036016" classname="ds.listServersideFunctions_smk_check_results" name="check_results"/>
    <testcase time="0.00399999999990541" classname="ds.listServersideFunctions_smk_check_results" name="check_results"/>
    <testcase time="0.00399999999990541" classname="ds.listServersideFunctions_smk_check_results" name="check_results"/>
    <testcase time="0.00399999999990541" classname="ds.listServersideFunctions_smk_check_results" name="check_results"/>
    <testcase time="0.00500000000010914" classname="ds.listServersideFunctions_smk_check_results" name="check_results"/>
    <testcase time="0.00399999999990541" classname="ds.listServersideFunctions_smk_check_results" name="check_results"/>
    <testcase time="0.00500000000010914" classname="ds.listServersideFunctions_smk_check_results" name="check_results"/>
    <testcase time="0.00399999999990541" classname="ds.listServersideFunctions_smk_check_results" name="check_results"/>
    <testcase time="0.00500000000010914" classname="ds.listServersideFunctions_smk_check_results" name="check_results"/>
    <testcase time="0.00399999999990541" classname="ds.listServersideFunctions_smk_check_results" name="check_results"/>
    <testcase time="0.00500000000010914" classname="ds.listServersideFunctions_smk_check_results" name="check_results"/>
    <testcase time="0.00399999999990541" classname="ds.listServersideFunctions_smk_check_results" name="check_results"/>
    <testcase time="0.00500000000010914" classname="ds.listServersideFunctions_smk_check_results" name="check_results"/>
    <testcase time="0.00399999999990541" classname="ds.listServersideFunctions_smk_check_results" name="check_results"/>
    <testcase time="0.00500000000010914" classname="ds.listServersideFunctions_smk_check_results" name="check_results"/>
    <testcase time="0.00500000000010914" classname="ds.listServersideFunctions_smk_check_results" name="check_results"/>
    <testcase time="0.00499999999965439" classname="ds.listServersideFunctions_smk_check_results" name="check_results"/>
    <testcase time="0.00400000000036016" classname="ds.listServersideFunctions_smk_check_results" name="check_results"/>
    <testcase time="0.00499999999965439" classname="ds.listServersideFunctions_smk_check_results" name="check_results"/>
    <testcase time="0.00400000000036016" classname="ds.listServersideFunctions_smk_check_results" name="check_results"/>
    <testcase time="0.00500000000010914" classname="ds.listServersideFunctions_smk_check_results" name="check_results"/>
    <testcase time="0.00500000000010914" classname="ds.listServersideFunctions_smk_check_results" name="check_results"/>
    <testcase time="0.0139999999996689" classname="ds.listServersideFunctions_smk_check_results" name="check_results"/>
    <testcase time="0.00399999999990541" classname="ds.listServersideFunctions_smk_check_results" name="check_results"/>
    <testcase time="0.00500000000010914" classname="ds.listServersideFunctions_smk_check_results" name="check_results"/>
    <testcase time="0.00399999999990541" classname="ds.listServersideFunctions_smk_check_results" name="check_results"/>
    <testcase time="0.00399999999990541" classname="ds.listServersideFunctions_smk_check_results" name="check_results"/>
    <testcase time="0.00500000000010914" classname="ds.listServersideFunctions_smk_check_results" name="check_results"/>
    <testcase time="0.00399999999990541" classname="ds.listServersideFunctions_smk_check_results" name="check_results"/>
    <testcase time="0.00500000000010914" classname="ds.listServersideFunctions_smk_check_results" name="check_results"/>
    <testcase time="0.00399999999990541" classname="ds.listServersideFunctions_smk_check_results" name="check_results"/>
    <testcase time="0.00399999999990541" classname="ds.listServersideFunctions_smk_check_results" name="check_results"/>
    <testcase time="0.00500000000010914" classname="ds.listServersideFunctions_smk_check_results" name="check_results"/>
    <testcase time="0.00399999999990541" classname="ds.listServersideFunctions_smk_check_results" name="check_results"/>
    <testcase time="0.00500000000010914" classname="ds.listServersideFunctions_smk_check_results" name="check_results"/>
    <testcase time="0.00399999999990541" classname="ds.listServersideFunctions_smk_check_results" name="check_results"/>
    <testcase time="0.00500000000010914" classname="ds.listServersideFunctions_smk_check_results" name="check_results"/>
    <testcase time="0.00399999999990541" classname="ds.listServersideFunctions_smk_check_results" name="check_results"/>
    <testcase time="0.00600000000031287" classname="ds.listServersideFunctions_smk_check_results" name="check_results"/>
    <testcase time="0.00499999999965439" classname="ds.listServersideFunctions_smk_check_results" name="check_results"/>
    <testcase time="0.00500000000010914" classname="ds.listServersideFunctions_smk_check_results" name="check_results"/>
    <testcase time="0.00500000000010914" classname="ds.listServersideFunctions_smk_check_results" name="check_results"/>
    <testcase time="0.00500000000010914" classname="ds.listServersideFunctions_smk_check_results" name="check_results"/>
    <testcase time="0.00499999999965439" classname="ds.listServersideFunctions_smk_check_results" name="check_results"/>
    <testcase time="0.00500000000010914" classname="ds.listServersideFunctions_smk_check_results" name="check_results"/>
    <testcase time="0.00500000000010914" classname="ds.listServersideFunctions_smk_check_results" name="check_results"/>
    <testcase time="0.00500000000010914" classname="ds.listServersideFunctions_smk_check_results" name="check_results"/>
    <testcase time="0.00599999999985812" classname="ds.listServersideFunctions_smk_check_results" name="check_results"/>
    <testcase time="0.00500000000010914" classname="ds.listServersideFunctions_smk_check_results" name="check_results"/>
    <testcase time="0.00500000000010914" classname="ds.listServersideFunctions_smk_check_results" name="check_results"/>
    <testcase time="0.00499999999965439" classname="ds.listServersideFunctions_smk_check_results" name="check_results"/>
    <testcase time="0.00500000000010914" classname="ds.listServersideFunctions_smk_check_results" name="check_results"/>
    <testcase time="0.00500000000010914" classname="ds.listServersideFunctions_smk_check_results" name="check_results"/>
    <testcase time="0.00599999999985812" classname="ds.listServersideFunctions_smk_check_results" name="check_results"/>
    <testcase time="0.0160000000000764" classname="ds.listServersideFunctions_smk_check_results" name="check_results"/>
    <testcase time="0.00399999999990541" classname="ds.listServersideFunctions_smk_check_results" name="check_results"/>
    <testcase time="0.00500000000010914" classname="ds.listServersideFunctions_smk_check_results" name="check_results"/>
    <testcase time="0.00500000000010914" classname="ds.listServersideFunctions_smk_check_results" name="check_results"/>
    <testcase time="0.00500000000010914" classname="ds.listServersideFunctions_smk_check_results" name="check_results"/>
    <testcase time="0.00499999999965439" classname="ds.listServersideFunctions_smk_check_results" name="check_results"/>
    <testcase time="0.00399999999990541" classname="ds.listServersideFunctions_smk_check_results" name="check_results"/>
    <testcase time="0.00600000000031287" classname="ds.listServersideFunctions_smk_check_results" name="check_results"/>
    <testcase time="0.00500000000010914" classname="ds.listServersideFunctions_smk_check_results" name="check_results"/>
    <testcase time="0.0069999999996071" classname="ds.listServersideFunctions_smk_check_results" name="check_results"/>
    <testcase time="0.00500000000010914" classname="ds.listServersideFunctions_smk_check_results" name="check_results"/>
    <testcase time="0.00399999999990541" classname="ds.listServersideFunctions_smk_check_results" name="check_results"/>
    <testcase time="0.00500000000010914" classname="ds.listServersideFunctions_smk_check_results" name="check_results"/>
    <testcase time="0.00500000000010914" classname="ds.listServersideFunctions_smk_check_results" name="check_results"/>
    <testcase time="0.00500000000010914" classname="ds.listServersideFunctions_smk_check_results" name="check_results"/>
    <testcase time="0.00500000000010914" classname="ds.listServersideFunctions_smk_check_results" name="check_results"/>
    <testcase time="0.00500000000010914" classname="ds.listServersideFunctions_smk_check_results" name="check_results"/>
    <testcase time="0.00700000000006185" classname="ds.listServersideFunctions_smk_check_results" name="check_results"/>
    <testcase time="0.00599999999985812" classname="ds.listServersideFunctions_smk_check_results" name="check_results"/>
    <testcase time="0.00599999999985812" classname="ds.listServersideFunctions_smk_check_results" name="check_results"/>
    <testcase time="0.00500000000010914" classname="ds.listServersideFunctions_smk_check_results" name="check_results"/>
    <testcase time="0.00599999999985812" classname="ds.listServersideFunctions_smk_check_results" name="check_results"/>
    <testcase time="0.00600000000031287" classname="ds.listServersideFunctions_smk_check_results" name="check_results"/>
    <testcase time="0.00499999999965439" classname="ds.listServersideFunctions_smk_check_results" name="check_results"/>
    <testcase time="0.00600000000031287" classname="ds.listServersideFunctions_smk_check_results" name="check_results"/>
    <testcase time="0.00499999999965439" classname="ds.listServersideFunctions_smk_check_results" name="check_results"/>
    <testcase time="0.00600000000031287" classname="ds.listServersideFunctions_smk_check_results" name="check_results"/>
    <testcase time="0.00599999999985812" classname="ds.listServersideFunctions_smk_check_results" name="check_results"/>
    <testcase time="0.0149999999998727" classname="ds.listServersideFunctions_smk_check_results" name="check_results"/>
    <testcase time="0.00600000000031287" classname="ds.listServersideFunctions_smk_check_results" name="check_results"/>
    <testcase time="0.00499999999965439" classname="ds.listServersideFunctions_smk_check_results" name="check_results"/>
    <testcase time="0.00500000000010914" classname="ds.listServersideFunctions_smk_check_results" name="check_results"/>
    <testcase time="0.00500000000010914" classname="ds.listServersideFunctions_smk_check_results" name="check_results"/>
    <testcase time="0.00599999999985812" classname="ds.listServersideFunctions_smk_check_results" name="check_results"/>
    <testcase time="0.00500000000010914" classname="ds.listServersideFunctions_smk_check_results" name="check_results"/>
    <testcase time="0.00500000000010914" classname="ds.listServersideFunctions_smk_check_results" name="check_results"/>
    <testcase time="0.00700000000006185" classname="ds.listServersideFunctions_smk_check_results" name="check_results"/>
    <testcase time="0.00499999999965439" classname="ds.listServersideFunctions_smk_check_results" name="check_results"/>
    <testcase time="0.00500000000010914" classname="ds.listServersideFunctions_smk_check_results" name="check_results"/>
    <testcase time="0.00599999999985812" classname="ds.listServersideFunctions_smk_check_results" name="check_results"/>
    <testcase time="0.00500000000010914" classname="ds.listServersideFunctions_smk_check_results" name="check_results"/>
    <testcase time="0.00500000000010914" classname="ds.listServersideFunctions_smk_check_results" name="check_results"/>
    <testcase time="0.00599999999985812" classname="ds.listServersideFunctions_smk_check_results" name="check_results"/>
    <testcase time="0.00600000000031287" classname="ds.listServersideFunctions_smk_check_results" name="check_results"/>
    <testcase time="0.00599999999985812" classname="ds.listServersideFunctions_smk_check_results" name="check_results"/>
    <testcase time="0.00700000000006185" classname="ds.listServersideFunctions_smk_check_results" name="check_results"/>
    <testcase time="0.00500000000010914" classname="ds.listServersideFunctions_smk_check_results" name="check_results"/>
    <testcase time="0.00599999999985812" classname="ds.listServersideFunctions_smk_check_results" name="check_results"/>
    <testcase time="0.00599999999985812" classname="ds.listServersideFunctions_smk_check_results" name="check_results"/>
    <testcase time="0.00599999999985812" classname="ds.listServersideFunctions_smk_check_results" name="check_results"/>
    <testcase time="0.00600000000031287" classname="ds.listServersideFunctions_smk_check_results" name="check_results"/>
    <testcase time="0.00599999999985812" classname="ds.listServersideFunctions_smk_check_results" name="check_results"/>
    <testcase time="0.00700000000006185" classname="ds.listServersideFunctions_smk_check_results" name="check_results"/>
    <testcase time="0.0160000000000764" classname="ds.listServersideFunctions_smk_check_results" name="check_results"/>
    <testcase time="0.00500000000010914" classname="ds.listServersideFunctions_smk_check_results" name="check_results"/>
    <testcase time="0.00599999999985812" classname="ds.listServersideFunctions_smk_check_results" name="check_results"/>
    <testcase time="0.00599999999985812" classname="ds.listServersideFunctions_smk_check_results" name="check_results"/>
    <testcase time="0.00500000000010914" classname="ds.listServersideFunctions_smk_check_results" name="check_results"/>
    <testcase time="0.00599999999985812" classname="ds.listServersideFunctions_smk_check_results" name="check_results"/>
    <testcase time="0.00600000000031287" classname="ds.listServersideFunctions_smk_check_results" name="check_results"/>
    <testcase time="0.00599999999985812" classname="ds.listServersideFunctions_smk_check_results" name="check_results"/>
    <testcase time="0.00599999999985812" classname="ds.listServersideFunctions_smk_check_results" name="check_results"/>
    <testcase time="0.00600000000031287" classname="ds.listServersideFunctions_smk_check_results" name="check_results"/>
    <testcase time="0.00499999999965439" classname="ds.listServersideFunctions_smk_check_results" name="check_results"/>
    <testcase time="0.00600000000031287" classname="ds.listServersideFunctions_smk_check_results" name="check_results"/>
    <testcase time="0.00599999999985812" classname="ds.listServersideFunctions_smk_check_results" name="check_results"/>
    <testcase time="0.00599999999985812" classname="ds.listServersideFunctions_smk_check_results" name="check_results"/>
    <testcase time="0.00600000000031287" classname="ds.listServersideFunctions_smk_check_results" name="check_results"/>
    <testcase time="0.00599999999985812" classname="ds.listServersideFunctions_smk_check_results" name="check_results"/>
    <testcase time="0.00700000000006185" classname="ds.listServersideFunctions_smk_check_results" name="check_results"/>
    <testcase time="0.00700000000006185" classname="ds.listServersideFunctions_smk_check_results" name="check_results"/>
    <testcase time="0.00599999999985812" classname="ds.listServersideFunctions_smk_check_results" name="check_results"/>
    <testcase time="0.00599999999985812" classname="ds.listServersideFunctions_smk_check_results" name="check_results"/>
    <testcase time="0.00599999999985812" classname="ds.listServersideFunctions_smk_check_results" name="check_results"/>
    <testcase time="0.00700000000006185" classname="ds.listServersideFunctions_smk_check_results" name="check_results"/>
    <testcase time="0.00600000000031287" classname="ds.listServersideFunctions_smk_check_results" name="check_results"/>
    <testcase time="0.0160000000000764" classname="ds.listServersideFunctions_smk_check_results" name="check_results"/>
    <testcase time="0.00599999999985812" classname="ds.listServersideFunctions_smk_check_results" name="check_results"/>
    <testcase time="0.00599999999985812" classname="ds.listServersideFunctions_smk_check_results" name="check_results"/>
    <testcase time="0.00599999999985812" classname="ds.listServersideFunctions_smk_check_results" name="check_results"/>
    <testcase time="0.00600000000031287" classname="ds.listServersideFunctions_smk_check_results" name="check_results"/>
  </testsuite>
  <testsuite name="ds.lmerSLMA::smk::setup" timestamp="2020-03-24T20:34:43Z" hostname="fv-az32" tests="3" skipped="0" failures="0" errors="0" time="5.505">
    <testcase time="5.5029999999997" classname="ds.lmerSLMA_smk_setup" name="setup"/>
    <testcase time="0.00100000000020373" classname="ds.lmerSLMA_smk_setup" name="setup"/>
    <testcase time="0.00100000000020373" classname="ds.lmerSLMA_smk_setup" name="setup"/>
  </testsuite>
  <testsuite name="ds.lmerSLMA::smk" timestamp="2020-03-24T20:34:48Z" hostname="fv-az32" tests="1" skipped="0" failures="0" errors="0" time="2.837">
    <testcase time="2.83699999999999" classname="ds.lmerSLMA_smk" name="simple_lmerSLMA"/>
  </testsuite>
  <testsuite name="ds.lmerSLMA::smk::shutdown" timestamp="2020-03-24T20:34:50Z" hostname="fv-az32" tests="3" skipped="0" failures="0" errors="0" time="0.281">
    <testcase time="0.278000000000247" classname="ds.lmerSLMA_smk_shutdown" name="setup"/>
    <testcase time="0.00199999999995271" classname="ds.lmerSLMA_smk_shutdown" name="setup"/>
    <testcase time="0.000999999999748979" classname="ds.lmerSLMA_smk_shutdown" name="setup"/>
  </testsuite>
  <testsuite name="ds.lmerSLMA::smk::done" timestamp="2020-03-24T20:34:51Z" hostname="fv-az32" tests="0" skipped="0" failures="0" errors="0" time="0"/>
  <testsuite name="ds.log::smk::setup" timestamp="2020-03-24T20:34:51Z" hostname="fv-az32" tests="3" skipped="0" failures="0" errors="0" time="5.674">
    <testcase time="5.67100000000028" classname="ds.log_smk_setup" name="setup"/>
    <testcase time="0.00199999999995271" classname="ds.log_smk_setup" name="setup"/>
    <testcase time="0.000999999999748979" classname="ds.log_smk_setup" name="setup"/>
  </testsuite>
  <testsuite name="ds.log::smk" timestamp="2020-03-24T20:34:56Z" hostname="fv-az32" tests="30" skipped="0" failures="0" errors="0" time="5.54">
    <testcase time="1.53900000000021" classname="ds.log_smk" name="simple_log"/>
    <testcase time="0.272999999999683" classname="ds.log_smk" name="simple_log"/>
    <testcase time="0.00200000000040745" classname="ds.log_smk" name="simple_log"/>
    <testcase time="0.000999999999748979" classname="ds.log_smk" name="simple_log"/>
    <testcase time="0.00199999999995271" classname="ds.log_smk" name="simple_log"/>
    <testcase time="0.00100000000020373" classname="ds.log_smk" name="simple_log"/>
    <testcase time="0.00199999999995271" classname="ds.log_smk" name="simple_log"/>
    <testcase time="0.000999999999748979" classname="ds.log_smk" name="simple_log"/>
    <testcase time="0.548000000000229" classname="ds.log_smk" name="simple_log"/>
    <testcase time="0.000999999999748979" classname="ds.log_smk" name="simple_log"/>
    <testcase time="0.00200000000040745" classname="ds.log_smk" name="simple_log"/>
    <testcase time="0.00199999999995271" classname="ds.log_smk" name="simple_log"/>
    <testcase time="0.000999999999748979" classname="ds.log_smk" name="simple_log"/>
    <testcase time="0.00199999999995271" classname="ds.log_smk" name="simple_log"/>
    <testcase time="0.00100000000020373" classname="ds.log_smk" name="simple_log"/>
    <testcase time="2.32100000000037" classname="ds.log_smk" name="simple_log"/>
    <testcase time="0.268000000000029" classname="ds.log_smk" name="simple_log"/>
    <testcase time="0.00199999999995271" classname="ds.log_smk" name="simple_log"/>
    <testcase time="0.00199999999995271" classname="ds.log_smk" name="simple_log"/>
    <testcase time="0.000999999999748979" classname="ds.log_smk" name="simple_log"/>
    <testcase time="0.00199999999995271" classname="ds.log_smk" name="simple_log"/>
    <testcase time="0.00200000000040745" classname="ds.log_smk" name="simple_log"/>
    <testcase time="0.000999999999748979" classname="ds.log_smk" name="simple_log"/>
    <testcase time="0.552999999999884" classname="ds.log_smk" name="simple_log"/>
    <testcase time="0.00199999999995271" classname="ds.log_smk" name="simple_log"/>
    <testcase time="0.00200000000040745" classname="ds.log_smk" name="simple_log"/>
    <testcase time="0.000999999999748979" classname="ds.log_smk" name="simple_log"/>
    <testcase time="0.00199999999995271" classname="ds.log_smk" name="simple_log"/>
    <testcase time="0.00100000000020373" classname="ds.log_smk" name="simple_log"/>
    <testcase time="0.00199999999995271" classname="ds.log_smk" name="simple_log"/>
  </testsuite>
  <testsuite name="ds.log::smk::shutdown" timestamp="2020-03-24T20:35:02Z" hostname="fv-az32" tests="3" skipped="0" failures="0" errors="0" time="0.292">
    <testcase time="0.289999999999964" classname="ds.log_smk_shutdown" name="shutdown"/>
    <testcase time="0.00100000000020373" classname="ds.log_smk_shutdown" name="shutdown"/>
    <testcase time="0.000999999999748979" classname="ds.log_smk_shutdown" name="shutdown"/>
  </testsuite>
  <testsuite name="ds.log::smk::done" timestamp="2020-03-24T20:35:03Z" hostname="fv-az32" tests="0" skipped="0" failures="0" errors="0" time="0"/>
  <testsuite name="ds.look::smk::setup" timestamp="2020-03-24T20:35:03Z" hostname="fv-az32" tests="3" skipped="0" failures="0" errors="0" time="5.599">
    <testcase time="5.59700000000021" classname="ds.look_smk_setup" name="setup"/>
    <testcase time="0.000999999999748979" classname="ds.look_smk_setup" name="setup"/>
    <testcase time="0.00100000000020373" classname="ds.look_smk_setup" name="setup"/>
  </testsuite>
  <testsuite name="ds.look::smk" timestamp="2020-03-24T20:35:08Z" hostname="fv-az32" tests="5" skipped="0" failures="0" errors="0" time="0.289">
    <testcase time="0.282999999999902" classname="ds.look_smk" name="simple_look"/>
    <testcase time="0.00199999999995271" classname="ds.look_smk" name="simple_look"/>
    <testcase time="0.00199999999995271" classname="ds.look_smk" name="simple_look"/>
    <testcase time="0.00100000000020373" classname="ds.look_smk" name="simple_look"/>
    <testcase time="0.000999999999748979" classname="ds.look_smk" name="simple_look"/>
  </testsuite>
  <testsuite name="ds.look::smk::shutdown" timestamp="2020-03-24T20:35:08Z" hostname="fv-az32" tests="3" skipped="0" failures="0" errors="0" time="0.283">
    <testcase time="0.2800000000002" classname="ds.look_smk_shutdown" name="shutdown"/>
    <testcase time="0.00199999999995271" classname="ds.look_smk_shutdown" name="shutdown"/>
    <testcase time="0.000999999999748979" classname="ds.look_smk_shutdown" name="shutdown"/>
  </testsuite>
  <testsuite name="ds.look::smk::done" timestamp="2020-03-24T20:35:09Z" hostname="fv-az32" tests="0" skipped="0" failures="0" errors="0" time="0"/>
  <testsuite name="ds.ls::smk::setup" timestamp="2020-03-24T20:35:09Z" hostname="fv-az32" tests="3" skipped="0" failures="0" errors="0" time="5.611">
    <testcase time="5.60800000000017" classname="ds.ls_smk_setup" name="setup"/>
    <testcase time="0.000999999999748979" classname="ds.ls_smk_setup" name="setup"/>
    <testcase time="0.00199999999995271" classname="ds.ls_smk_setup" name="setup"/>
  </testsuite>
  <testsuite name="ds.ls::smk" timestamp="2020-03-24T20:35:14Z" hostname="fv-az32" tests="7" skipped="0" failures="0" errors="0" time="0.281">
    <testcase time="0.273000000000138" classname="ds.ls_smk" name="simple_ls"/>
    <testcase time="0.00199999999995271" classname="ds.ls_smk" name="simple_ls"/>
    <testcase time="0.00100000000020373" classname="ds.ls_smk" name="simple_ls"/>
    <testcase time="0.000999999999748979" classname="ds.ls_smk" name="simple_ls"/>
    <testcase time="0.00100000000020373" classname="ds.ls_smk" name="simple_ls"/>
    <testcase time="0.000999999999748979" classname="ds.ls_smk" name="simple_ls"/>
    <testcase time="0.00199999999995271" classname="ds.ls_smk" name="simple_ls"/>
  </testsuite>
  <testsuite name="ds.ls::smk::shutdown" timestamp="2020-03-24T20:35:14Z" hostname="fv-az32" tests="3" skipped="0" failures="0" errors="0" time="0.285">
    <testcase time="0.282000000000153" classname="ds.ls_smk_shutdown" name="shutdown"/>
    <testcase time="0.00199999999995271" classname="ds.ls_smk_shutdown" name="shutdown"/>
    <testcase time="0.00100000000020373" classname="ds.ls_smk_shutdown" name="shutdown"/>
  </testsuite>
  <testsuite name="ds.ls::smk::down" timestamp="2020-03-24T20:35:15Z" hostname="fv-az32" tests="0" skipped="0" failures="0" errors="0" time="0"/>
  <testsuite name="ds.make::smk::setup" timestamp="2020-03-24T20:35:15Z" hostname="fv-az32" tests="3" skipped="0" failures="0" errors="0" time="5.591">
    <testcase time="5.58799999999974" classname="ds.make_smk_setup" name="setup"/>
    <testcase time="0.00100000000020373" classname="ds.make_smk_setup" name="setup"/>
    <testcase time="0.00199999999995271" classname="ds.make_smk_setup" name="setup"/>
  </testsuite>
  <testsuite name="ds.make::smk" timestamp="2020-03-24T20:35:20Z" hostname="fv-az32" tests="3" skipped="0" failures="0" errors="0" time="0.816">
    <testcase time="0.813000000000102" classname="ds.make_smk" name="simple_make"/>
    <testcase time="0.00199999999995271" classname="ds.make_smk" name="simple_make"/>
    <testcase time="0.000999999999748979" classname="ds.make_smk" name="simple_make"/>
  </testsuite>
  <testsuite name="ds.make::smk::shutdown" timestamp="2020-03-24T20:35:21Z" hostname="fv-az32" tests="3" skipped="0" failures="0" errors="0" time="0.289">
    <testcase time="0.286000000000058" classname="ds.make_smk_shutdown" name="shutdown"/>
    <testcase time="0.00100000000020373" classname="ds.make_smk_shutdown" name="shutdown"/>
    <testcase time="0.00199999999995271" classname="ds.make_smk_shutdown" name="shutdown"/>
  </testsuite>
  <testsuite name="ds.make::smk::done" timestamp="2020-03-24T20:35:22Z" hostname="fv-az32" tests="0" skipped="0" failures="0" errors="0" time="0"/>
  <testsuite name="ds.matrixDet::smk::setup" timestamp="2020-03-24T20:35:22Z" hostname="fv-az32" tests="3" skipped="0" failures="0" errors="0" time="5.696">
    <testcase time="5.69299999999976" classname="ds.matrixDet_smk_setup" name="setup"/>
    <testcase time="0.00200000000040745" classname="ds.matrixDet_smk_setup" name="setup"/>
    <testcase time="0.000999999999748979" classname="ds.matrixDet_smk_setup" name="setup"/>
  </testsuite>
  <testsuite name="ds.matrixDet::smk" timestamp="2020-03-24T20:35:27Z" hostname="fv-az32" tests="7" skipped="0" failures="0" errors="0" time="2.291">
    <testcase time="1.75" classname="ds.matrixDet_smk" name="simplest_ds.matrixDet"/>
    <testcase time="0.00100000000020373" classname="ds.matrixDet_smk" name="simplest_ds.matrixDet"/>
    <testcase time="0.00199999999995271" classname="ds.matrixDet_smk" name="simplest_ds.matrixDet"/>
    <testcase time="0.534000000000106" classname="ds.matrixDet_smk" name="simplest_ds.matrixDet"/>
    <testcase time="0.000999999999748979" classname="ds.matrixDet_smk" name="simplest_ds.matrixDet"/>
    <testcase time="0.00199999999995271" classname="ds.matrixDet_smk" name="simplest_ds.matrixDet"/>
    <testcase time="0.00100000000020373" classname="ds.matrixDet_smk" name="simplest_ds.matrixDet"/>
  </testsuite>
  <testsuite name="ds.matrixDet::smk::shutdown" timestamp="2020-03-24T20:35:29Z" hostname="fv-az32" tests="3" skipped="0" failures="0" errors="0" time="0.288">
    <testcase time="0.286000000000058" classname="ds.matrixDet_smk_shutdown" name="shutdown"/>
    <testcase time="0.000999999999748979" classname="ds.matrixDet_smk_shutdown" name="shutdown"/>
    <testcase time="0.00100000000020373" classname="ds.matrixDet_smk_shutdown" name="shutdown"/>
  </testsuite>
  <testsuite name="ds.matrixDet::smk::done" timestamp="2020-03-24T20:35:30Z" hostname="fv-az32" tests="0" skipped="0" failures="0" errors="0" time="0"/>
  <testsuite name="ds.matrixDet.report::smk::setup" timestamp="2020-03-24T20:35:30Z" hostname="fv-az32" tests="3" skipped="0" failures="0" errors="0" time="5.618">
    <testcase time="5.61599999999999" classname="ds.matrixDet.report_smk_setup" name="setup"/>
    <testcase time="0.000999999999748979" classname="ds.matrixDet.report_smk_setup" name="setup"/>
    <testcase time="0.00100000000020373" classname="ds.matrixDet.report_smk_setup" name="setup"/>
  </testsuite>
  <testsuite name="ds.matrixDet.report::smk" timestamp="2020-03-24T20:35:35Z" hostname="fv-az32" tests="14" skipped="0" failures="0" errors="0" time="1.112">
    <testcase time="1.09400000000005" classname="ds.matrixDet.report_smk" name="simplest_ds.matrixDet.report"/>
    <testcase time="0.000999999999748979" classname="ds.matrixDet.report_smk" name="simplest_ds.matrixDet.report"/>
    <testcase time="0.00100000000020373" classname="ds.matrixDet.report_smk" name="simplest_ds.matrixDet.report"/>
    <testcase time="0.00100000000020373" classname="ds.matrixDet.report_smk" name="simplest_ds.matrixDet.report"/>
    <testcase time="0.000999999999748979" classname="ds.matrixDet.report_smk" name="simplest_ds.matrixDet.report"/>
    <testcase time="0.00200000000040745" classname="ds.matrixDet.report_smk" name="simplest_ds.matrixDet.report"/>
    <testcase time="0.00199999999995271" classname="ds.matrixDet.report_smk" name="simplest_ds.matrixDet.report"/>
    <testcase time="0.000999999999748979" classname="ds.matrixDet.report_smk" name="simplest_ds.matrixDet.report"/>
    <testcase time="0.00100000000020373" classname="ds.matrixDet.report_smk" name="simplest_ds.matrixDet.report"/>
    <testcase time="0.00199999999995271" classname="ds.matrixDet.report_smk" name="simplest_ds.matrixDet.report"/>
    <testcase time="0.00199999999995271" classname="ds.matrixDet.report_smk" name="simplest_ds.matrixDet.report"/>
    <testcase time="0.00100000000020373" classname="ds.matrixDet.report_smk" name="simplest_ds.matrixDet.report"/>
    <testcase time="0.00199999999995271" classname="ds.matrixDet.report_smk" name="simplest_ds.matrixDet.report"/>
    <testcase time="0.000999999999748979" classname="ds.matrixDet.report_smk" name="simplest_ds.matrixDet.report"/>
  </testsuite>
  <testsuite name="ds.matrixDet.report::smk::shutdown" timestamp="2020-03-24T20:35:36Z" hostname="fv-az32" tests="3" skipped="0" failures="0" errors="0" time="0.29">
    <testcase time="0.288000000000011" classname="ds.matrixDet.report_smk_shutdown" name="shutdown"/>
    <testcase time="0.00100000000020373" classname="ds.matrixDet.report_smk_shutdown" name="shutdown"/>
    <testcase time="0.000999999999748979" classname="ds.matrixDet.report_smk_shutdown" name="shutdown"/>
  </testsuite>
  <testsuite name="ds.matrixDet.report::smk::done" timestamp="2020-03-24T20:35:37Z" hostname="fv-az32" tests="0" skipped="0" failures="0" errors="0" time="0"/>
  <testsuite name="ds.matrixDiag::smk::setup" timestamp="2020-03-24T20:35:37Z" hostname="fv-az32" tests="3" skipped="0" failures="0" errors="0" time="5.633">
    <testcase time="5.63100000000031" classname="ds.matrixDiag_smk_setup" name="setup"/>
    <testcase time="0.000999999999748979" classname="ds.matrixDiag_smk_setup" name="setup"/>
    <testcase time="0.00100000000020373" classname="ds.matrixDiag_smk_setup" name="setup"/>
  </testsuite>
  <testsuite name="ds.matrixDiag::smk" timestamp="2020-03-24T20:35:42Z" hostname="fv-az32" tests="7" skipped="0" failures="0" errors="0" time="1.732">
    <testcase time="0.891999999999825" classname="ds.matrixDiag_smk" name="simplest_ds.matrixDiag"/>
    <testcase time="0.00100000000020373" classname="ds.matrixDiag_smk" name="simplest_ds.matrixDiag"/>
    <testcase time="0.00199999999995271" classname="ds.matrixDiag_smk" name="simplest_ds.matrixDiag"/>
    <testcase time="0.833000000000084" classname="ds.matrixDiag_smk" name="simplest_ds.matrixDiag"/>
    <testcase time="0.00199999999995271" classname="ds.matrixDiag_smk" name="simplest_ds.matrixDiag"/>
    <testcase time="0.000999999999748979" classname="ds.matrixDiag_smk" name="simplest_ds.matrixDiag"/>
    <testcase time="0.00100000000020373" classname="ds.matrixDiag_smk" name="simplest_ds.matrixDiag"/>
  </testsuite>
  <testsuite name="ds.matrixDiag::smk" timestamp="2020-03-24T20:35:44Z" hostname="fv-az32" tests="7" skipped="0" failures="0" errors="0" time="1.36">
    <testcase time="0.813000000000102" classname="ds.matrixDiag_smk" name="simplest_ds.matrixDiag"/>
    <testcase time="0.000999999999748979" classname="ds.matrixDiag_smk" name="simplest_ds.matrixDiag"/>
    <testcase time="0.00199999999995271" classname="ds.matrixDiag_smk" name="simplest_ds.matrixDiag"/>
    <testcase time="0.539000000000215" classname="ds.matrixDiag_smk" name="simplest_ds.matrixDiag"/>
    <testcase time="0.000999999999748979" classname="ds.matrixDiag_smk" name="simplest_ds.matrixDiag"/>
    <testcase time="0.00199999999995271" classname="ds.matrixDiag_smk" name="simplest_ds.matrixDiag"/>
    <testcase time="0.00199999999995271" classname="ds.matrixDiag_smk" name="simplest_ds.matrixDiag"/>
  </testsuite>
  <testsuite name="ds.matrixDiag::smk::shutdown" timestamp="2020-03-24T20:35:45Z" hostname="fv-az32" tests="3" skipped="0" failures="0" errors="0" time="0.296">
    <testcase time="0.294000000000324" classname="ds.matrixDiag_smk_shutdown" name="shutdown"/>
    <testcase time="0.00100000000020373" classname="ds.matrixDiag_smk_shutdown" name="shutdown"/>
    <testcase time="0.000999999999748979" classname="ds.matrixDiag_smk_shutdown" name="shutdown"/>
  </testsuite>
  <testsuite name="ds.matrixDiag::smk::done" timestamp="2020-03-24T20:35:46Z" hostname="fv-az32" tests="0" skipped="0" failures="0" errors="0" time="0"/>
  <testsuite name="ds.matrixDimnames::smk::setup" timestamp="2020-03-24T20:35:46Z" hostname="fv-az32" tests="3" skipped="0" failures="0" errors="0" time="5.637">
    <testcase time="5.63400000000001" classname="ds.matrixDimnames_smk_setup" name="setup"/>
    <testcase time="0.00100000000020373" classname="ds.matrixDimnames_smk_setup" name="setup"/>
    <testcase time="0.00199999999995271" classname="ds.matrixDimnames_smk_setup" name="setup"/>
  </testsuite>
  <testsuite name="ds.matrixDimnames::smk" timestamp="2020-03-24T20:35:51Z" hostname="fv-az32" tests="7" skipped="0" failures="0" errors="0" time="2.226">
    <testcase time="1.68200000000024" classname="ds.matrixDimnames_smk" name="simplest_ds.matrixDimnames"/>
    <testcase time="0.00199999999995271" classname="ds.matrixDimnames_smk" name="simplest_ds.matrixDimnames"/>
    <testcase time="0.000999999999748979" classname="ds.matrixDimnames_smk" name="simplest_ds.matrixDimnames"/>
    <testcase time="0.537000000000262" classname="ds.matrixDimnames_smk" name="simplest_ds.matrixDimnames"/>
    <testcase time="0.00199999999995271" classname="ds.matrixDimnames_smk" name="simplest_ds.matrixDimnames"/>
    <testcase time="0.000999999999748979" classname="ds.matrixDimnames_smk" name="simplest_ds.matrixDimnames"/>
    <testcase time="0.00100000000020373" classname="ds.matrixDimnames_smk" name="simplest_ds.matrixDimnames"/>
  </testsuite>
  <testsuite name="ds.matrixDimnames::smk::shutdown" timestamp="2020-03-24T20:35:53Z" hostname="fv-az32" tests="3" skipped="0" failures="0" errors="0" time="0.279">
    <testcase time="0.27599999999984" classname="ds.matrixDimnames_smk_shutdown" name="shutdown"/>
    <testcase time="0.00199999999995271" classname="ds.matrixDimnames_smk_shutdown" name="shutdown"/>
    <testcase time="0.00100000000020373" classname="ds.matrixDimnames_smk_shutdown" name="shutdown"/>
  </testsuite>
  <testsuite name="ds.matrixDimnames::smk::done" timestamp="2020-03-24T20:35:54Z" hostname="fv-az32" tests="0" skipped="0" failures="0" errors="0" time="0"/>
  <testsuite name="ds.matrixInvert::smk::setup" timestamp="2020-03-24T20:35:54Z" hostname="fv-az32" tests="3" skipped="0" failures="0" errors="0" time="5.637">
    <testcase time="5.63400000000001" classname="ds.matrixInvert_smk_setup" name="setup"/>
    <testcase time="0.000999999999748979" classname="ds.matrixInvert_smk_setup" name="setup"/>
    <testcase time="0.00199999999995271" classname="ds.matrixInvert_smk_setup" name="setup"/>
  </testsuite>
  <testsuite name="ds.matrixInvert::smk" timestamp="2020-03-24T20:35:59Z" hostname="fv-az32" tests="7" skipped="0" failures="0" errors="0" time="2.223">
    <testcase time="1.6840000000002" classname="ds.matrixInvert_smk" name="simplest_ds.matrixInvert"/>
    <testcase time="0.00100000000020373" classname="ds.matrixInvert_smk" name="simplest_ds.matrixInvert"/>
    <testcase time="0.000999999999748979" classname="ds.matrixInvert_smk" name="simplest_ds.matrixInvert"/>
    <testcase time="0.532999999999902" classname="ds.matrixInvert_smk" name="simplest_ds.matrixInvert"/>
    <testcase time="0.00199999999995271" classname="ds.matrixInvert_smk" name="simplest_ds.matrixInvert"/>
    <testcase time="0.00100000000020373" classname="ds.matrixInvert_smk" name="simplest_ds.matrixInvert"/>
    <testcase time="0.00100000000020373" classname="ds.matrixInvert_smk" name="simplest_ds.matrixInvert"/>
  </testsuite>
  <testsuite name="ds.matrixInvert::smk::shutdown" timestamp="2020-03-24T20:36:02Z" hostname="fv-az32" tests="3" skipped="0" failures="0" errors="0" time="0.282">
    <testcase time="0.279999999999745" classname="ds.matrixInvert_smk_shutdown" name="shutdown"/>
    <testcase time="0.00100000000020373" classname="ds.matrixInvert_smk_shutdown" name="shutdown"/>
    <testcase time="0.00100000000020373" classname="ds.matrixInvert_smk_shutdown" name="shutdown"/>
  </testsuite>
  <testsuite name="ds.matrixInvert::smk::done" timestamp="2020-03-24T20:36:02Z" hostname="fv-az32" tests="0" skipped="0" failures="0" errors="0" time="0"/>
  <testsuite name="ds.matrixMult::smk::setup" timestamp="2020-03-24T20:36:02Z" hostname="fv-az32" tests="3" skipped="0" failures="0" errors="0" time="5.682">
    <testcase time="5.67900000000009" classname="ds.matrixMult_smk_setup" name="setup"/>
    <testcase time="0.000999999999748979" classname="ds.matrixMult_smk_setup" name="setup"/>
    <testcase time="0.00199999999995271" classname="ds.matrixMult_smk_setup" name="setup"/>
  </testsuite>
  <testsuite name="ds.matrixMult::smk" timestamp="2020-03-24T20:36:08Z" hostname="fv-az32" tests="7" skipped="0" failures="0" errors="0" time="3.034">
    <testcase time="2.48900000000003" classname="ds.matrixMult_smk" name="simplest_ds.matrixMult"/>
    <testcase time="0.00199999999995271" classname="ds.matrixMult_smk" name="simplest_ds.matrixMult"/>
    <testcase time="0.00100000000020373" classname="ds.matrixMult_smk" name="simplest_ds.matrixMult"/>
    <testcase time="0.536999999999807" classname="ds.matrixMult_smk" name="simplest_ds.matrixMult"/>
    <testcase time="0.00199999999995271" classname="ds.matrixMult_smk" name="simplest_ds.matrixMult"/>
    <testcase time="0.00100000000020373" classname="ds.matrixMult_smk" name="simplest_ds.matrixMult"/>
    <testcase time="0.00199999999995271" classname="ds.matrixMult_smk" name="simplest_ds.matrixMult"/>
  </testsuite>
  <testsuite name="ds.matrixMult::smk::shutdown" timestamp="2020-03-24T20:36:11Z" hostname="fv-az32" tests="3" skipped="0" failures="0" errors="0" time="0.283">
    <testcase time="0.2800000000002" classname="ds.matrixMult_smk_shutdown" name="shutdown"/>
    <testcase time="0.000999999999748979" classname="ds.matrixMult_smk_shutdown" name="shutdown"/>
    <testcase time="0.00199999999995271" classname="ds.matrixMult_smk_shutdown" name="shutdown"/>
  </testsuite>
  <testsuite name="ds.matrixMult::smk::done" timestamp="2020-03-24T20:36:11Z" hostname="fv-az32" tests="0" skipped="0" failures="0" errors="0" time="0"/>
  <testsuite name="ds.matrix::smk::setup" timestamp="2020-03-24T20:36:11Z" hostname="fv-az32" tests="3" skipped="0" failures="0" errors="0" time="5.579">
    <testcase time="5.57600000000002" classname="ds.matrix_smk_setup" name="setup"/>
    <testcase time="0.00199999999995271" classname="ds.matrix_smk_setup" name="setup"/>
    <testcase time="0.00100000000020373" classname="ds.matrix_smk_setup" name="setup"/>
  </testsuite>
  <testsuite name="ds.matrix::smk" timestamp="2020-03-24T20:36:16Z" hostname="fv-az32" tests="7" skipped="0" failures="0" errors="0" time="1.368">
    <testcase time="0.815000000000055" classname="ds.matrix_smk" name="simplest_ds.matrix"/>
    <testcase time="0.00199999999995271" classname="ds.matrix_smk" name="simplest_ds.matrix"/>
    <testcase time="0.00199999999995271" classname="ds.matrix_smk" name="simplest_ds.matrix"/>
    <testcase time="0.543999999999869" classname="ds.matrix_smk" name="simplest_ds.matrix"/>
    <testcase time="0.00199999999995271" classname="ds.matrix_smk" name="simplest_ds.matrix"/>
    <testcase time="0.00100000000020373" classname="ds.matrix_smk" name="simplest_ds.matrix"/>
    <testcase time="0.00199999999995271" classname="ds.matrix_smk" name="simplest_ds.matrix"/>
  </testsuite>
  <testsuite name="ds.matrix::smk::shutdown" timestamp="2020-03-24T20:36:18Z" hostname="fv-az32" tests="3" skipped="0" failures="0" errors="0" time="0.291">
    <testcase time="0.288000000000011" classname="ds.matrix_smk_shutdown" name="shutdown"/>
    <testcase time="0.00100000000020373" classname="ds.matrix_smk_shutdown" name="shutdown"/>
    <testcase time="0.00199999999995271" classname="ds.matrix_smk_shutdown" name="shutdown"/>
  </testsuite>
  <testsuite name="ds.matrix::smk::done" timestamp="2020-03-24T20:36:19Z" hostname="fv-az32" tests="0" skipped="0" failures="0" errors="0" time="0"/>
  <testsuite name="ds.matrixTranspose::smk::setup" timestamp="2020-03-24T20:36:19Z" hostname="fv-az32" tests="3" skipped="0" failures="0" errors="0" time="5.605">
    <testcase time="5.60199999999986" classname="ds.matrixTranspose_smk_setup" name="setup"/>
    <testcase time="0.00200000000040745" classname="ds.matrixTranspose_smk_setup" name="setup"/>
    <testcase time="0.000999999999748979" classname="ds.matrixTranspose_smk_setup" name="setup"/>
  </testsuite>
  <testsuite name="ds.matrixTranspose::smk" timestamp="2020-03-24T20:36:24Z" hostname="fv-az32" tests="7" skipped="0" failures="0" errors="0" time="2.232">
    <testcase time="1.67900000000009" classname="ds.matrixTranspose_smk" name="simplest_ds.matrixTranspose"/>
    <testcase time="0.000999999999748979" classname="ds.matrixTranspose_smk" name="simplest_ds.matrixTranspose"/>
    <testcase time="0.00200000000040745" classname="ds.matrixTranspose_smk" name="simplest_ds.matrixTranspose"/>
    <testcase time="0.545999999999822" classname="ds.matrixTranspose_smk" name="simplest_ds.matrixTranspose"/>
    <testcase time="0.00100000000020373" classname="ds.matrixTranspose_smk" name="simplest_ds.matrixTranspose"/>
    <testcase time="0.00199999999995271" classname="ds.matrixTranspose_smk" name="simplest_ds.matrixTranspose"/>
    <testcase time="0.000999999999748979" classname="ds.matrixTranspose_smk" name="simplest_ds.matrixTranspose"/>
  </testsuite>
  <testsuite name="ds.matrixTranspose::smk::shutdown" timestamp="2020-03-24T20:36:26Z" hostname="fv-az32" tests="3" skipped="0" failures="0" errors="0" time="0.282">
    <testcase time="0.2800000000002" classname="ds.matrixTranspose_smk_shutdown" name="shutdown"/>
    <testcase time="0.000999999999748979" classname="ds.matrixTranspose_smk_shutdown" name="shutdown"/>
    <testcase time="0.00100000000020373" classname="ds.matrixTranspose_smk_shutdown" name="shutdown"/>
  </testsuite>
  <testsuite name="ds.matrixTranspose::smk::done" timestamp="2020-03-24T20:36:27Z" hostname="fv-az32" tests="0" skipped="0" failures="0" errors="0" time="0"/>
  <testsuite name="ds.meanByClass::smk::setup" timestamp="2020-03-24T20:36:27Z" hostname="fv-az32" tests="3" skipped="0" failures="0" errors="0" time="5.703">
    <testcase time="5.70100000000002" classname="ds.meanByClass_smk_setup" name="setup"/>
    <testcase time="0.000999999999748979" classname="ds.meanByClass_smk_setup" name="setup"/>
    <testcase time="0.00100000000020373" classname="ds.meanByClass_smk_setup" name="setup"/>
  </testsuite>
  <testsuite name="ds.meanByClass::smk::calculate the mean proportion for LAB_HDL across gender categories" timestamp="2020-03-24T20:36:32Z" hostname="fv-az32" tests="3" skipped="0" failures="0" errors="0" time="5.862">
    <testcase time="5.85899999999992" classname="ds.meanByClass_smk_calculate_the_mean_proportion_for_LAB_HDL_across_gender_categories" name="LAB_HDL_across_gender"/>
    <testcase time="0.00100000000020373" classname="ds.meanByClass_smk_calculate_the_mean_proportion_for_LAB_HDL_across_gender_categories" name="LAB_HDL_across_gender"/>
    <testcase time="0.00199999999995271" classname="ds.meanByClass_smk_calculate_the_mean_proportion_for_LAB_HDL_across_gender_categories" name="LAB_HDL_across_gender"/>
  </testsuite>
  <testsuite name="ds.meanByClass::smk::LAB_HDL across GENDER categories where both vectors are 'loose'" timestamp="2020-03-24T20:36:38Z" hostname="fv-az32" tests="3" skipped="0" failures="0" errors="0" time="8.126">
    <testcase time="8.12300000000005" classname="ds.meanByClass_smk_LAB_HDL_across_GENDER_categories_where_both_vectors_are_loose_" name="LAB_HDL_across_gender_loose"/>
    <testcase time="0.00199999999995271" classname="ds.meanByClass_smk_LAB_HDL_across_GENDER_categories_where_both_vectors_are_loose_" name="LAB_HDL_across_gender_loose"/>
    <testcase time="0.000999999999748979" classname="ds.meanByClass_smk_LAB_HDL_across_GENDER_categories_where_both_vectors_are_loose_" name="LAB_HDL_across_gender_loose"/>
  </testsuite>
  <testsuite name="ds.meanByClass::smk::calculate the mean proportion for LAB_HDL across gender and bmi categories" timestamp="2020-03-24T20:36:46Z" hostname="fv-az32" tests="5" skipped="0" failures="0" errors="0" time="7.488">
    <testcase time="7.48399999999992" classname="ds.meanByClass_smk_calculate_the_mean_proportion_for_LAB_HDL_across_gender_and_bmi_categories" name="LAB_HDL_across_gender_bmi"/>
    <testcase time="0.00100000000020373" classname="ds.meanByClass_smk_calculate_the_mean_proportion_for_LAB_HDL_across_gender_and_bmi_categories" name="LAB_HDL_across_gender_bmi"/>
    <testcase time="0.00100000000020373" classname="ds.meanByClass_smk_calculate_the_mean_proportion_for_LAB_HDL_across_gender_and_bmi_categories" name="LAB_HDL_across_gender_bmi"/>
    <testcase time="0.00100000000020373" classname="ds.meanByClass_smk_calculate_the_mean_proportion_for_LAB_HDL_across_gender_and_bmi_categories" name="LAB_HDL_across_gender_bmi"/>
    <testcase time="0.000999999999748979" classname="ds.meanByClass_smk_calculate_the_mean_proportion_for_LAB_HDL_across_gender_and_bmi_categories" name="LAB_HDL_across_gender_bmi"/>
  </testsuite>
  <testsuite name="ds.meanByClass::smk::calculate the mean proportion for LAB_HDL across gender bmi and diabetes status categories" timestamp="2020-03-24T20:36:53Z" hostname="fv-az32" tests="6" skipped="0" failures="0" errors="0" time="55.169">
    <testcase time="55.1619999999998" classname="ds.meanByClass_smk_calculate_the_mean_proportion_for_LAB_HDL_across_gender_bmi_and_diabetes_status_categories" name="LAB_HDL_across_gender_bmi_diabetes"/>
    <testcase time="0.00199999999995271" classname="ds.meanByClass_smk_calculate_the_mean_proportion_for_LAB_HDL_across_gender_bmi_and_diabetes_status_categories" name="LAB_HDL_across_gender_bmi_diabetes"/>
    <testcase time="0.00100000000020373" classname="ds.meanByClass_smk_calculate_the_mean_proportion_for_LAB_HDL_across_gender_bmi_and_diabetes_status_categories" name="LAB_HDL_across_gender_bmi_diabetes"/>
    <testcase time="0.00199999999995271" classname="ds.meanByClass_smk_calculate_the_mean_proportion_for_LAB_HDL_across_gender_bmi_and_diabetes_status_categories" name="LAB_HDL_across_gender_bmi_diabetes"/>
    <testcase time="0.000999999999748979" classname="ds.meanByClass_smk_calculate_the_mean_proportion_for_LAB_HDL_across_gender_bmi_and_diabetes_status_categories" name="LAB_HDL_across_gender_bmi_diabetes"/>
    <testcase time="0.00100000000020373" classname="ds.meanByClass_smk_calculate_the_mean_proportion_for_LAB_HDL_across_gender_bmi_and_diabetes_status_categories" name="LAB_HDL_across_gender_bmi_diabetes"/>
  </testsuite>
  <testsuite name="ds.meanByClass::smk::calculate the mean proportion for LAB_HDL across gender categories for each study separately" timestamp="2020-03-24T20:37:49Z" hostname="fv-az32" tests="6" skipped="0" failures="0" errors="0" time="8.369">
    <testcase time="8.36200000000008" classname="ds.meanByClass_smk_calculate_the_mean_proportion_for_LAB_HDL_across_gender_categories_for_each_study_separately" name="LAB_HDL_across_gender_split"/>
    <testcase time="0.000999999999748979" classname="ds.meanByClass_smk_calculate_the_mean_proportion_for_LAB_HDL_across_gender_categories_for_each_study_separately" name="LAB_HDL_across_gender_split"/>
    <testcase time="0.00200000000040745" classname="ds.meanByClass_smk_calculate_the_mean_proportion_for_LAB_HDL_across_gender_categories_for_each_study_separately" name="LAB_HDL_across_gender_split"/>
    <testcase time="0.000999999999748979" classname="ds.meanByClass_smk_calculate_the_mean_proportion_for_LAB_HDL_across_gender_categories_for_each_study_separately" name="LAB_HDL_across_gender_split"/>
    <testcase time="0.00199999999995271" classname="ds.meanByClass_smk_calculate_the_mean_proportion_for_LAB_HDL_across_gender_categories_for_each_study_separately" name="LAB_HDL_across_gender_split"/>
    <testcase time="0.00100000000020373" classname="ds.meanByClass_smk_calculate_the_mean_proportion_for_LAB_HDL_across_gender_categories_for_each_study_separately" name="LAB_HDL_across_gender_split"/>
  </testsuite>
  <testsuite name="ds.meanByClass::smk::shutdown" timestamp="2020-03-24T20:37:57Z" hostname="fv-az32" tests="1" skipped="1" failures="0" errors="0" time="0.011">
    <testcase time="0.0109999999999673" classname="ds.meanByClass_smk_shutdown" name="shutdown">
      <skipped/>
    </testcase>
  </testsuite>
  <testsuite name="ds.meanByClass::smk::done" timestamp="2020-03-24T20:37:58Z" hostname="fv-az32" tests="0" skipped="0" failures="0" errors="0" time="0"/>
  <testsuite name="ds.mean::smk::setup" timestamp="2020-03-24T20:37:58Z" hostname="fv-az32" tests="3" skipped="0" failures="0" errors="0" time="5.652">
    <testcase time="5.65000000000009" classname="ds.mean_smk_setup" name="setup"/>
    <testcase time="0.000999999999748979" classname="ds.mean_smk_setup" name="setup"/>
    <testcase time="0.00100000000020373" classname="ds.mean_smk_setup" name="setup"/>
  </testsuite>
  <testsuite name="ds.mean::smk::type=combine" timestamp="2020-03-24T20:38:03Z" hostname="fv-az32" tests="23" skipped="0" failures="0" errors="0" time="1.683">
    <testcase time="1.36599999999999" classname="ds.mean_smk_type_combine" name="mean_values_combine_"/>
    <testcase time="0.00199999999995271" classname="ds.mean_smk_type_combine" name="mean_values_combine_"/>
    <testcase time="0.000999999999748979" classname="ds.mean_smk_type_combine" name="mean_values_combine_"/>
    <testcase time="0.00199999999995271" classname="ds.mean_smk_type_combine" name="mean_values_combine_"/>
    <testcase time="0.00200000000040745" classname="ds.mean_smk_type_combine" name="mean_values_combine_"/>
    <testcase time="0.000999999999748979" classname="ds.mean_smk_type_combine" name="mean_values_combine_"/>
    <testcase time="0.00199999999995271" classname="ds.mean_smk_type_combine" name="mean_values_combine_"/>
    <testcase time="0.00199999999995271" classname="ds.mean_smk_type_combine" name="mean_values_combine_"/>
    <testcase time="0.00100000000020373" classname="ds.mean_smk_type_combine" name="mean_values_combine_"/>
    <testcase time="0.00199999999995271" classname="ds.mean_smk_type_combine" name="mean_values_combine_"/>
    <testcase time="0.00100000000020373" classname="ds.mean_smk_type_combine" name="mean_values_combine_"/>
    <testcase time="0.284999999999854" classname="ds.mean_smk_type_combine" name="mean_values_combine_"/>
    <testcase time="0.00199999999995271" classname="ds.mean_smk_type_combine" name="mean_values_combine_"/>
    <testcase time="0.00100000000020373" classname="ds.mean_smk_type_combine" name="mean_values_combine_"/>
    <testcase time="0.000999999999748979" classname="ds.mean_smk_type_combine" name="mean_values_combine_"/>
    <testcase time="0.00199999999995271" classname="ds.mean_smk_type_combine" name="mean_values_combine_"/>
    <testcase time="0.00100000000020373" classname="ds.mean_smk_type_combine" name="mean_values_combine_"/>
    <testcase time="0.00199999999995271" classname="ds.mean_smk_type_combine" name="mean_values_combine_"/>
    <testcase time="0.000999999999748979" classname="ds.mean_smk_type_combine" name="mean_values_combine_"/>
    <testcase time="0.00200000000040745" classname="ds.mean_smk_type_combine" name="mean_values_combine_"/>
    <testcase time="0.000999999999748979" classname="ds.mean_smk_type_combine" name="mean_values_combine_"/>
    <testcase time="0.00199999999995271" classname="ds.mean_smk_type_combine" name="mean_values_combine_"/>
    <testcase time="0.00100000000020373" classname="ds.mean_smk_type_combine" name="mean_values_combine_"/>
  </testsuite>
  <testsuite name="ds.mean::smk::type=split" timestamp="2020-03-24T20:38:04Z" hostname="fv-az32" tests="31" skipped="0" failures="0" errors="0" time="1.696">
    <testcase time="1.36999999999989" classname="ds.mean_smk_type_split" name="mean_values_split_"/>
    <testcase time="0.00199999999995271" classname="ds.mean_smk_type_split" name="mean_values_split_"/>
    <testcase time="0.00100000000020373" classname="ds.mean_smk_type_split" name="mean_values_split_"/>
    <testcase time="0.00199999999995271" classname="ds.mean_smk_type_split" name="mean_values_split_"/>
    <testcase time="0.000999999999748979" classname="ds.mean_smk_type_split" name="mean_values_split_"/>
    <testcase time="0.00199999999995271" classname="ds.mean_smk_type_split" name="mean_values_split_"/>
    <testcase time="0.00100000000020373" classname="ds.mean_smk_type_split" name="mean_values_split_"/>
    <testcase time="0.00199999999995271" classname="ds.mean_smk_type_split" name="mean_values_split_"/>
    <testcase time="0.00100000000020373" classname="ds.mean_smk_type_split" name="mean_values_split_"/>
    <testcase time="0.00199999999995271" classname="ds.mean_smk_type_split" name="mean_values_split_"/>
    <testcase time="0.00199999999995271" classname="ds.mean_smk_type_split" name="mean_values_split_"/>
    <testcase time="0.000999999999748979" classname="ds.mean_smk_type_split" name="mean_values_split_"/>
    <testcase time="0.00199999999995271" classname="ds.mean_smk_type_split" name="mean_values_split_"/>
    <testcase time="0.00200000000040745" classname="ds.mean_smk_type_split" name="mean_values_split_"/>
    <testcase time="0.000999999999748979" classname="ds.mean_smk_type_split" name="mean_values_split_"/>
    <testcase time="0.00199999999995271" classname="ds.mean_smk_type_split" name="mean_values_split_"/>
    <testcase time="0.00100000000020373" classname="ds.mean_smk_type_split" name="mean_values_split_"/>
    <testcase time="0.00199999999995271" classname="ds.mean_smk_type_split" name="mean_values_split_"/>
    <testcase time="0.00199999999995271" classname="ds.mean_smk_type_split" name="mean_values_split_"/>
    <testcase time="0.277000000000044" classname="ds.mean_smk_type_split" name="mean_values_split_"/>
    <testcase time="0.00300000000015643" classname="ds.mean_smk_type_split" name="mean_values_split_"/>
    <testcase time="0.000999999999748979" classname="ds.mean_smk_type_split" name="mean_values_split_"/>
    <testcase time="0.00199999999995271" classname="ds.mean_smk_type_split" name="mean_values_split_"/>
    <testcase time="0.00199999999995271" classname="ds.mean_smk_type_split" name="mean_values_split_"/>
    <testcase time="0.00199999999995271" classname="ds.mean_smk_type_split" name="mean_values_split_"/>
    <testcase time="0.00100000000020373" classname="ds.mean_smk_type_split" name="mean_values_split_"/>
    <testcase time="0.00199999999995271" classname="ds.mean_smk_type_split" name="mean_values_split_"/>
    <testcase time="0.00199999999995271" classname="ds.mean_smk_type_split" name="mean_values_split_"/>
    <testcase time="0.00199999999995271" classname="ds.mean_smk_type_split" name="mean_values_split_"/>
    <testcase time="0.00100000000020373" classname="ds.mean_smk_type_split" name="mean_values_split_"/>
    <testcase time="0.00199999999995271" classname="ds.mean_smk_type_split" name="mean_values_split_"/>
  </testsuite>
  <testsuite name="ds.mean::smk::type=both" timestamp="2020-03-24T20:38:06Z" hostname="fv-az32" tests="36" skipped="0" failures="0" errors="0" time="1.705">
    <testcase time="1.37199999999984" classname="ds.mean_smk_type_both" name="mean_values_both_"/>
    <testcase time="0.00199999999995271" classname="ds.mean_smk_type_both" name="mean_values_both_"/>
    <testcase time="0.00199999999995271" classname="ds.mean_smk_type_both" name="mean_values_both_"/>
    <testcase time="0.00100000000020373" classname="ds.mean_smk_type_both" name="mean_values_both_"/>
    <testcase time="0.00199999999995271" classname="ds.mean_smk_type_both" name="mean_values_both_"/>
    <testcase time="0.00100000000020373" classname="ds.mean_smk_type_both" name="mean_values_both_"/>
    <testcase time="0.00199999999995271" classname="ds.mean_smk_type_both" name="mean_values_both_"/>
    <testcase time="0.000999999999748979" classname="ds.mean_smk_type_both" name="mean_values_both_"/>
    <testcase time="0.00199999999995271" classname="ds.mean_smk_type_both" name="mean_values_both_"/>
    <testcase time="0.00100000000020373" classname="ds.mean_smk_type_both" name="mean_values_both_"/>
    <testcase time="0.00199999999995271" classname="ds.mean_smk_type_both" name="mean_values_both_"/>
    <testcase time="0.00199999999995271" classname="ds.mean_smk_type_both" name="mean_values_both_"/>
    <testcase time="0.00100000000020373" classname="ds.mean_smk_type_both" name="mean_values_both_"/>
    <testcase time="0.00199999999995271" classname="ds.mean_smk_type_both" name="mean_values_both_"/>
    <testcase time="0.000999999999748979" classname="ds.mean_smk_type_both" name="mean_values_both_"/>
    <testcase time="0.00199999999995271" classname="ds.mean_smk_type_both" name="mean_values_both_"/>
    <testcase time="0.00200000000040745" classname="ds.mean_smk_type_both" name="mean_values_both_"/>
    <testcase time="0.000999999999748979" classname="ds.mean_smk_type_both" name="mean_values_both_"/>
    <testcase time="0.00199999999995271" classname="ds.mean_smk_type_both" name="mean_values_both_"/>
    <testcase time="0.00199999999995271" classname="ds.mean_smk_type_both" name="mean_values_both_"/>
    <testcase time="0.00199999999995271" classname="ds.mean_smk_type_both" name="mean_values_both_"/>
    <testcase time="0.00100000000020373" classname="ds.mean_smk_type_both" name="mean_values_both_"/>
    <testcase time="0.00199999999995271" classname="ds.mean_smk_type_both" name="mean_values_both_"/>
    <testcase time="0.00199999999995271" classname="ds.mean_smk_type_both" name="mean_values_both_"/>
    <testcase time="0.273999999999887" classname="ds.mean_smk_type_both" name="mean_values_both_"/>
    <testcase time="0.00200000000040745" classname="ds.mean_smk_type_both" name="mean_values_both_"/>
    <testcase time="0.00199999999995271" classname="ds.mean_smk_type_both" name="mean_values_both_"/>
    <testcase time="0.000999999999748979" classname="ds.mean_smk_type_both" name="mean_values_both_"/>
    <testcase time="0.00199999999995271" classname="ds.mean_smk_type_both" name="mean_values_both_"/>
    <testcase time="0.00199999999995271" classname="ds.mean_smk_type_both" name="mean_values_both_"/>
    <testcase time="0.00200000000040745" classname="ds.mean_smk_type_both" name="mean_values_both_"/>
    <testcase time="0.00199999999995271" classname="ds.mean_smk_type_both" name="mean_values_both_"/>
    <testcase time="0.000999999999748979" classname="ds.mean_smk_type_both" name="mean_values_both_"/>
    <testcase time="0.00300000000015643" classname="ds.mean_smk_type_both" name="mean_values_both_"/>
    <testcase time="0.00199999999995271" classname="ds.mean_smk_type_both" name="mean_values_both_"/>
    <testcase time="0.00199999999995271" classname="ds.mean_smk_type_both" name="mean_values_both_"/>
  </testsuite>
  <testsuite name="ds.mean::smk::type=combine,save.mean.Nvalid=TRUE" timestamp="2020-03-24T20:38:08Z" hostname="fv-az32" tests="23" skipped="0" failures="0" errors="0" time="3.93">
    <testcase time="3.62899999999991" classname="ds.mean_smk_type_combine_save.mean.Nvalid_TRUE" name="mean_values_combine_"/>
    <testcase time="0.00100000000020373" classname="ds.mean_smk_type_combine_save.mean.Nvalid_TRUE" name="mean_values_combine_"/>
    <testcase time="0.00199999999995271" classname="ds.mean_smk_type_combine_save.mean.Nvalid_TRUE" name="mean_values_combine_"/>
    <testcase time="0.000999999999748979" classname="ds.mean_smk_type_combine_save.mean.Nvalid_TRUE" name="mean_values_combine_"/>
    <testcase time="0.00100000000020373" classname="ds.mean_smk_type_combine_save.mean.Nvalid_TRUE" name="mean_values_combine_"/>
    <testcase time="0.00199999999995271" classname="ds.mean_smk_type_combine_save.mean.Nvalid_TRUE" name="mean_values_combine_"/>
    <testcase time="0.00100000000020373" classname="ds.mean_smk_type_combine_save.mean.Nvalid_TRUE" name="mean_values_combine_"/>
    <testcase time="0.000999999999748979" classname="ds.mean_smk_type_combine_save.mean.Nvalid_TRUE" name="mean_values_combine_"/>
    <testcase time="0.00199999999995271" classname="ds.mean_smk_type_combine_save.mean.Nvalid_TRUE" name="mean_values_combine_"/>
    <testcase time="0.00100000000020373" classname="ds.mean_smk_type_combine_save.mean.Nvalid_TRUE" name="mean_values_combine_"/>
    <testcase time="0.00199999999995271" classname="ds.mean_smk_type_combine_save.mean.Nvalid_TRUE" name="mean_values_combine_"/>
    <testcase time="0.268999999999778" classname="ds.mean_smk_type_combine_save.mean.Nvalid_TRUE" name="mean_values_combine_"/>
    <testcase time="0.00100000000020373" classname="ds.mean_smk_type_combine_save.mean.Nvalid_TRUE" name="mean_values_combine_"/>
    <testcase time="0.00199999999995271" classname="ds.mean_smk_type_combine_save.mean.Nvalid_TRUE" name="mean_values_combine_"/>
    <testcase time="0.00199999999995271" classname="ds.mean_smk_type_combine_save.mean.Nvalid_TRUE" name="mean_values_combine_"/>
    <testcase time="0.00199999999995271" classname="ds.mean_smk_type_combine_save.mean.Nvalid_TRUE" name="mean_values_combine_"/>
    <testcase time="0.00199999999995271" classname="ds.mean_smk_type_combine_save.mean.Nvalid_TRUE" name="mean_values_combine_"/>
    <testcase time="0.00100000000020373" classname="ds.mean_smk_type_combine_save.mean.Nvalid_TRUE" name="mean_values_combine_"/>
    <testcase time="0.00199999999995271" classname="ds.mean_smk_type_combine_save.mean.Nvalid_TRUE" name="mean_values_combine_"/>
    <testcase time="0.00100000000020373" classname="ds.mean_smk_type_combine_save.mean.Nvalid_TRUE" name="mean_values_combine_"/>
    <testcase time="0.00199999999995271" classname="ds.mean_smk_type_combine_save.mean.Nvalid_TRUE" name="mean_values_combine_"/>
    <testcase time="0.00199999999995271" classname="ds.mean_smk_type_combine_save.mean.Nvalid_TRUE" name="mean_values_combine_"/>
    <testcase time="0.000999999999748979" classname="ds.mean_smk_type_combine_save.mean.Nvalid_TRUE" name="mean_values_combine_"/>
  </testsuite>
  <testsuite name="ds.mean::smk::type=split,save.mean.Nvalid=TRUE" timestamp="2020-03-24T20:38:12Z" hostname="fv-az32" tests="31" skipped="0" failures="0" errors="0" time="3.889">
    <testcase time="3.57000000000016" classname="ds.mean_smk_type_split_save.mean.Nvalid_TRUE" name="mean_values_split_"/>
    <testcase time="0.00199999999995271" classname="ds.mean_smk_type_split_save.mean.Nvalid_TRUE" name="mean_values_split_"/>
    <testcase time="0.00100000000020373" classname="ds.mean_smk_type_split_save.mean.Nvalid_TRUE" name="mean_values_split_"/>
    <testcase time="0.000999999999748979" classname="ds.mean_smk_type_split_save.mean.Nvalid_TRUE" name="mean_values_split_"/>
    <testcase time="0.00199999999995271" classname="ds.mean_smk_type_split_save.mean.Nvalid_TRUE" name="mean_values_split_"/>
    <testcase time="0.00100000000020373" classname="ds.mean_smk_type_split_save.mean.Nvalid_TRUE" name="mean_values_split_"/>
    <testcase time="0.00199999999995271" classname="ds.mean_smk_type_split_save.mean.Nvalid_TRUE" name="mean_values_split_"/>
    <testcase time="0.00100000000020373" classname="ds.mean_smk_type_split_save.mean.Nvalid_TRUE" name="mean_values_split_"/>
    <testcase time="0.00199999999995271" classname="ds.mean_smk_type_split_save.mean.Nvalid_TRUE" name="mean_values_split_"/>
    <testcase time="0.000999999999748979" classname="ds.mean_smk_type_split_save.mean.Nvalid_TRUE" name="mean_values_split_"/>
    <testcase time="0.00199999999995271" classname="ds.mean_smk_type_split_save.mean.Nvalid_TRUE" name="mean_values_split_"/>
    <testcase time="0.00199999999995271" classname="ds.mean_smk_type_split_save.mean.Nvalid_TRUE" name="mean_values_split_"/>
    <testcase time="0.00100000000020373" classname="ds.mean_smk_type_split_save.mean.Nvalid_TRUE" name="mean_values_split_"/>
    <testcase time="0.00199999999995271" classname="ds.mean_smk_type_split_save.mean.Nvalid_TRUE" name="mean_values_split_"/>
    <testcase time="0.00100000000020373" classname="ds.mean_smk_type_split_save.mean.Nvalid_TRUE" name="mean_values_split_"/>
    <testcase time="0.00199999999995271" classname="ds.mean_smk_type_split_save.mean.Nvalid_TRUE" name="mean_values_split_"/>
    <testcase time="0.000999999999748979" classname="ds.mean_smk_type_split_save.mean.Nvalid_TRUE" name="mean_values_split_"/>
    <testcase time="0.00199999999995271" classname="ds.mean_smk_type_split_save.mean.Nvalid_TRUE" name="mean_values_split_"/>
    <testcase time="0.00300000000015643" classname="ds.mean_smk_type_split_save.mean.Nvalid_TRUE" name="mean_values_split_"/>
    <testcase time="0.271000000000186" classname="ds.mean_smk_type_split_save.mean.Nvalid_TRUE" name="mean_values_split_"/>
    <testcase time="0.00100000000020373" classname="ds.mean_smk_type_split_save.mean.Nvalid_TRUE" name="mean_values_split_"/>
    <testcase time="0.00199999999995271" classname="ds.mean_smk_type_split_save.mean.Nvalid_TRUE" name="mean_values_split_"/>
    <testcase time="0.00199999999995271" classname="ds.mean_smk_type_split_save.mean.Nvalid_TRUE" name="mean_values_split_"/>
    <testcase time="0.00100000000020373" classname="ds.mean_smk_type_split_save.mean.Nvalid_TRUE" name="mean_values_split_"/>
    <testcase time="0.00199999999995271" classname="ds.mean_smk_type_split_save.mean.Nvalid_TRUE" name="mean_values_split_"/>
    <testcase time="0.00199999999995271" classname="ds.mean_smk_type_split_save.mean.Nvalid_TRUE" name="mean_values_split_"/>
    <testcase time="0.000999999999748979" classname="ds.mean_smk_type_split_save.mean.Nvalid_TRUE" name="mean_values_split_"/>
    <testcase time="0.00199999999995271" classname="ds.mean_smk_type_split_save.mean.Nvalid_TRUE" name="mean_values_split_"/>
    <testcase time="0.00199999999995271" classname="ds.mean_smk_type_split_save.mean.Nvalid_TRUE" name="mean_values_split_"/>
    <testcase time="0.00200000000040745" classname="ds.mean_smk_type_split_save.mean.Nvalid_TRUE" name="mean_values_split_"/>
    <testcase time="0.00199999999995271" classname="ds.mean_smk_type_split_save.mean.Nvalid_TRUE" name="mean_values_split_"/>
  </testsuite>
  <testsuite name="ds.mean::smk::type=both,save.mean.Nvalid=TRUE" timestamp="2020-03-24T20:38:16Z" hostname="fv-az32" tests="36" skipped="0" failures="0" errors="0" time="2.844">
    <testcase time="2.51499999999987" classname="ds.mean_smk_type_both_save.mean.Nvalid_TRUE" name="mean_values_both_"/>
    <testcase time="0.00100000000020373" classname="ds.mean_smk_type_both_save.mean.Nvalid_TRUE" name="mean_values_both_"/>
    <testcase time="0.00199999999995271" classname="ds.mean_smk_type_both_save.mean.Nvalid_TRUE" name="mean_values_both_"/>
    <testcase time="0.000999999999748979" classname="ds.mean_smk_type_both_save.mean.Nvalid_TRUE" name="mean_values_both_"/>
    <testcase time="0.00199999999995271" classname="ds.mean_smk_type_both_save.mean.Nvalid_TRUE" name="mean_values_both_"/>
    <testcase time="0.00100000000020373" classname="ds.mean_smk_type_both_save.mean.Nvalid_TRUE" name="mean_values_both_"/>
    <testcase time="0.000999999999748979" classname="ds.mean_smk_type_both_save.mean.Nvalid_TRUE" name="mean_values_both_"/>
    <testcase time="0.00100000000020373" classname="ds.mean_smk_type_both_save.mean.Nvalid_TRUE" name="mean_values_both_"/>
    <testcase time="0.00199999999995271" classname="ds.mean_smk_type_both_save.mean.Nvalid_TRUE" name="mean_values_both_"/>
    <testcase time="0.00299999999970169" classname="ds.mean_smk_type_both_save.mean.Nvalid_TRUE" name="mean_values_both_"/>
    <testcase time="0.00199999999995271" classname="ds.mean_smk_type_both_save.mean.Nvalid_TRUE" name="mean_values_both_"/>
    <testcase time="0.00100000000020373" classname="ds.mean_smk_type_both_save.mean.Nvalid_TRUE" name="mean_values_both_"/>
    <testcase time="0.00199999999995271" classname="ds.mean_smk_type_both_save.mean.Nvalid_TRUE" name="mean_values_both_"/>
    <testcase time="0.00199999999995271" classname="ds.mean_smk_type_both_save.mean.Nvalid_TRUE" name="mean_values_both_"/>
    <testcase time="0.00100000000020373" classname="ds.mean_smk_type_both_save.mean.Nvalid_TRUE" name="mean_values_both_"/>
    <testcase time="0.00199999999995271" classname="ds.mean_smk_type_both_save.mean.Nvalid_TRUE" name="mean_values_both_"/>
    <testcase time="0.000999999999748979" classname="ds.mean_smk_type_both_save.mean.Nvalid_TRUE" name="mean_values_both_"/>
    <testcase time="0.00199999999995271" classname="ds.mean_smk_type_both_save.mean.Nvalid_TRUE" name="mean_values_both_"/>
    <testcase time="0.00200000000040745" classname="ds.mean_smk_type_both_save.mean.Nvalid_TRUE" name="mean_values_both_"/>
    <testcase time="0.000999999999748979" classname="ds.mean_smk_type_both_save.mean.Nvalid_TRUE" name="mean_values_both_"/>
    <testcase time="0.00199999999995271" classname="ds.mean_smk_type_both_save.mean.Nvalid_TRUE" name="mean_values_both_"/>
    <testcase time="0.00199999999995271" classname="ds.mean_smk_type_both_save.mean.Nvalid_TRUE" name="mean_values_both_"/>
    <testcase time="0.00199999999995271" classname="ds.mean_smk_type_both_save.mean.Nvalid_TRUE" name="mean_values_both_"/>
    <testcase time="0.00200000000040745" classname="ds.mean_smk_type_both_save.mean.Nvalid_TRUE" name="mean_values_both_"/>
    <testcase time="0.270999999999731" classname="ds.mean_smk_type_both_save.mean.Nvalid_TRUE" name="mean_values_both_"/>
    <testcase time="0.00199999999995271" classname="ds.mean_smk_type_both_save.mean.Nvalid_TRUE" name="mean_values_both_"/>
    <testcase time="0.00199999999995271" classname="ds.mean_smk_type_both_save.mean.Nvalid_TRUE" name="mean_values_both_"/>
    <testcase time="0.00100000000020373" classname="ds.mean_smk_type_both_save.mean.Nvalid_TRUE" name="mean_values_both_"/>
    <testcase time="0.00199999999995271" classname="ds.mean_smk_type_both_save.mean.Nvalid_TRUE" name="mean_values_both_"/>
    <testcase time="0.00199999999995271" classname="ds.mean_smk_type_both_save.mean.Nvalid_TRUE" name="mean_values_both_"/>
    <testcase time="0.00199999999995271" classname="ds.mean_smk_type_both_save.mean.Nvalid_TRUE" name="mean_values_both_"/>
    <testcase time="0.00100000000020373" classname="ds.mean_smk_type_both_save.mean.Nvalid_TRUE" name="mean_values_both_"/>
    <testcase time="0.00199999999995271" classname="ds.mean_smk_type_both_save.mean.Nvalid_TRUE" name="mean_values_both_"/>
    <testcase time="0.00199999999995271" classname="ds.mean_smk_type_both_save.mean.Nvalid_TRUE" name="mean_values_both_"/>
    <testcase time="0.00199999999995271" classname="ds.mean_smk_type_both_save.mean.Nvalid_TRUE" name="mean_values_both_"/>
    <testcase time="0.00199999999995271" classname="ds.mean_smk_type_both_save.mean.Nvalid_TRUE" name="mean_values_both_"/>
  </testsuite>
  <testsuite name="ds.mean::smk::shutdown" timestamp="2020-03-24T20:38:18Z" hostname="fv-az32" tests="3" skipped="0" failures="0" errors="0" time="0.281">
    <testcase time="0.278000000000247" classname="ds.mean_smk_shutdown" name="shutdown"/>
    <testcase time="0.00199999999995271" classname="ds.mean_smk_shutdown" name="shutdown"/>
    <testcase time="0.000999999999748979" classname="ds.mean_smk_shutdown" name="shutdown"/>
  </testsuite>
  <testsuite name="ds.mean::smk::done" timestamp="2020-03-24T20:38:19Z" hostname="fv-az32" tests="0" skipped="0" failures="0" errors="0" time="0"/>
  <testsuite name="ds.meanSdGp::smk::setup" timestamp="2020-03-24T20:38:19Z" hostname="fv-az32" tests="3" skipped="0" failures="0" errors="0" time="5.632">
    <testcase time="5.63000000000011" classname="ds.meanSdGp_smk_setup" name="setup"/>
    <testcase time="0.00100000000020373" classname="ds.meanSdGp_smk_setup" name="setup"/>
    <testcase time="0.000999999999748979" classname="ds.meanSdGp_smk_setup" name="setup"/>
  </testsuite>
  <testsuite name="ds.meanSdGp::smk::type=split" timestamp="2020-03-24T20:38:24Z" hostname="fv-az32" tests="8" skipped="0" failures="0" errors="0" time="0.49">
    <testcase time="0.479000000000269" classname="ds.meanSdGp_smk_type_split" name="meanSdGp_values_split_"/>
    <testcase time="0.00199999999995271" classname="ds.meanSdGp_smk_type_split" name="meanSdGp_values_split_"/>
    <testcase time="0.000999999999748979" classname="ds.meanSdGp_smk_type_split" name="meanSdGp_values_split_"/>
    <testcase time="0.00199999999995271" classname="ds.meanSdGp_smk_type_split" name="meanSdGp_values_split_"/>
    <testcase time="0.00100000000020373" classname="ds.meanSdGp_smk_type_split" name="meanSdGp_values_split_"/>
    <testcase time="0.00199999999995271" classname="ds.meanSdGp_smk_type_split" name="meanSdGp_values_split_"/>
    <testcase time="0.000999999999748979" classname="ds.meanSdGp_smk_type_split" name="meanSdGp_values_split_"/>
    <testcase time="0.00200000000040745" classname="ds.meanSdGp_smk_type_split" name="meanSdGp_values_split_"/>
  </testsuite>
  <testsuite name="ds.meanSdGp::smk::type=combine" timestamp="2020-03-24T20:38:25Z" hostname="fv-az32" tests="8" skipped="0" failures="0" errors="0" time="0.296">
    <testcase time="0.285999999999603" classname="ds.meanSdGp_smk_type_combine" name="meanSdGp_values_combine_"/>
    <testcase time="0.00200000000040745" classname="ds.meanSdGp_smk_type_combine" name="meanSdGp_values_combine_"/>
    <testcase time="0.000999999999748979" classname="ds.meanSdGp_smk_type_combine" name="meanSdGp_values_combine_"/>
    <testcase time="0.00199999999995271" classname="ds.meanSdGp_smk_type_combine" name="meanSdGp_values_combine_"/>
    <testcase time="0.00100000000020373" classname="ds.meanSdGp_smk_type_combine" name="meanSdGp_values_combine_"/>
    <testcase time="0.000999999999748979" classname="ds.meanSdGp_smk_type_combine" name="meanSdGp_values_combine_"/>
    <testcase time="0.00199999999995271" classname="ds.meanSdGp_smk_type_combine" name="meanSdGp_values_combine_"/>
    <testcase time="0.00100000000020373" classname="ds.meanSdGp_smk_type_combine" name="meanSdGp_values_combine_"/>
  </testsuite>
  <testsuite name="ds.meanSdGp::smk::type=both" timestamp="2020-03-24T20:38:25Z" hostname="fv-az32" tests="8" skipped="0" failures="0" errors="0" time="0.294">
    <testcase time="0.284000000000106" classname="ds.meanSdGp_smk_type_both" name="meanSdGp_values_both_"/>
    <testcase time="0.00199999999995271" classname="ds.meanSdGp_smk_type_both" name="meanSdGp_values_both_"/>
    <testcase time="0.000999999999748979" classname="ds.meanSdGp_smk_type_both" name="meanSdGp_values_both_"/>
    <testcase time="0.00200000000040745" classname="ds.meanSdGp_smk_type_both" name="meanSdGp_values_both_"/>
    <testcase time="0.000999999999748979" classname="ds.meanSdGp_smk_type_both" name="meanSdGp_values_both_"/>
    <testcase time="0.00100000000020373" classname="ds.meanSdGp_smk_type_both" name="meanSdGp_values_both_"/>
    <testcase time="0.00199999999995271" classname="ds.meanSdGp_smk_type_both" name="meanSdGp_values_both_"/>
    <testcase time="0.000999999999748979" classname="ds.meanSdGp_smk_type_both" name="meanSdGp_values_both_"/>
  </testsuite>
  <testsuite name="ds.meanSdGp::smk::shutdown" timestamp="2020-03-24T20:38:25Z" hostname="fv-az32" tests="3" skipped="0" failures="0" errors="0" time="0.288">
    <testcase time="0.286000000000058" classname="ds.meanSdGp_smk_shutdown" name="shutdown"/>
    <testcase time="0.00100000000020373" classname="ds.meanSdGp_smk_shutdown" name="shutdown"/>
    <testcase time="0.000999999999748979" classname="ds.meanSdGp_smk_shutdown" name="shutdown"/>
  </testsuite>
  <testsuite name="ds.meanSdGp::smk::done" timestamp="2020-03-24T20:38:26Z" hostname="fv-az32" tests="0" skipped="0" failures="0" errors="0" time="0"/>
  <testsuite name="ds.merge::smk::setup" timestamp="2020-03-24T20:38:26Z" hostname="fv-az32" tests="3" skipped="0" failures="0" errors="0" time="5.741">
    <testcase time="5.73900000000003" classname="ds.merge_smk_setup" name="setup"/>
    <testcase time="0.00100000000020373" classname="ds.merge_smk_setup" name="setup"/>
    <testcase time="0.000999999999748979" classname="ds.merge_smk_setup" name="setup"/>
  </testsuite>
  <testsuite name="ds.merge::smk" timestamp="2020-03-24T20:38:31Z" hostname="fv-az32" tests="7" skipped="0" failures="0" errors="0" time="5.422">
    <testcase time="4.87400000000025" classname="ds.merge_smk" name="simple_test"/>
    <testcase time="0.00199999999995271" classname="ds.merge_smk" name="simple_test"/>
    <testcase time="0.000999999999748979" classname="ds.merge_smk" name="simple_test"/>
    <testcase time="0.539999999999964" classname="ds.merge_smk" name="simple_test"/>
    <testcase time="0.00200000000040745" classname="ds.merge_smk" name="simple_test"/>
    <testcase time="0.000999999999748979" classname="ds.merge_smk" name="simple_test"/>
    <testcase time="0.00199999999995271" classname="ds.merge_smk" name="simple_test"/>
  </testsuite>
  <testsuite name="ds.merge::smk::shutdown" timestamp="2020-03-24T20:38:37Z" hostname="fv-az32" tests="3" skipped="0" failures="0" errors="0" time="0.28">
    <testcase time="0.277000000000044" classname="ds.merge_smk_shutdown" name="shutdown"/>
    <testcase time="0.00199999999995271" classname="ds.merge_smk_shutdown" name="shutdown"/>
    <testcase time="0.00100000000020373" classname="ds.merge_smk_shutdown" name="shutdown"/>
  </testsuite>
  <testsuite name="ds.merge::smk::done" timestamp="2020-03-24T20:38:38Z" hostname="fv-az32" tests="0" skipped="0" failures="0" errors="0" time="0"/>
  <testsuite name="ds.message::smk::setup" timestamp="2020-03-24T20:38:38Z" hostname="fv-az32" tests="3" skipped="0" failures="0" errors="0" time="5.633">
    <testcase time="5.63099999999986" classname="ds.message_smk_setup" name="setup"/>
    <testcase time="0.00100000000020373" classname="ds.message_smk_setup" name="setup"/>
    <testcase time="0.000999999999748979" classname="ds.message_smk_setup" name="setup"/>
  </testsuite>
  <testsuite name="ds.message::smk" timestamp="2020-03-24T20:38:43Z" hostname="fv-az32" tests="12" skipped="0" failures="0" errors="0" time="3.291">
    <testcase time="0.282000000000153" classname="ds.message_smk" name="not_exists_request_message"/>
    <testcase time="0.000999999999748979" classname="ds.message_smk" name="not_exists_request_message"/>
    <testcase time="0.00200000000040745" classname="ds.message_smk" name="not_exists_request_message"/>
    <testcase time="0.000999999999748979" classname="ds.message_smk" name="not_exists_request_message"/>
    <testcase time="1.77500000000009" classname="ds.message_smk" name="exists_request_message"/>
    <testcase time="0.000999999999748979" classname="ds.message_smk" name="exists_request_message"/>
    <testcase time="0.00200000000040745" classname="ds.message_smk" name="exists_request_message"/>
    <testcase time="0.000999999999748979" classname="ds.message_smk" name="exists_request_message"/>
    <testcase time="1.221" classname="ds.message_smk" name="partial_request_message"/>
    <testcase time="0.00199999999995271" classname="ds.message_smk" name="partial_request_message"/>
    <testcase time="0.00100000000020373" classname="ds.message_smk" name="partial_request_message"/>
    <testcase time="0.00199999999995271" classname="ds.message_smk" name="partial_request_message"/>
  </testsuite>
  <testsuite name="ds.message::smk::shutdown" timestamp="2020-03-24T20:38:46Z" hostname="fv-az32" tests="1" skipped="1" failures="0" errors="0" time="0.009">
    <testcase time="0.00900000000001455" classname="ds.message_smk_shutdown" name="shutdown">
      <skipped/>
    </testcase>
  </testsuite>
  <testsuite name="ds.message::smk::done" timestamp="2020-03-24T20:38:47Z" hostname="fv-az32" tests="0" skipped="0" failures="0" errors="0" time="0"/>
  <testsuite name="ds.names::smk::setup" timestamp="2020-03-24T20:38:47Z" hostname="fv-az32" tests="3" skipped="0" failures="0" errors="0" time="5.657">
    <testcase time="5.65499999999975" classname="ds.names_smk_setup" name="setup"/>
    <testcase time="0.00100000000020373" classname="ds.names_smk_setup" name="setup"/>
    <testcase time="0.000999999999748979" classname="ds.names_smk_setup" name="setup"/>
  </testsuite>
  <testsuite name="ds.names::smk" timestamp="2020-03-24T20:38:52Z" hostname="fv-az32" tests="10" skipped="0" failures="0" errors="0" time="3.723">
    <testcase time="3.71000000000004" classname="ds.names_smk" name="level_names"/>
    <testcase time="0.00100000000020373" classname="ds.names_smk" name="level_names"/>
    <testcase time="0.00199999999995271" classname="ds.names_smk" name="level_names"/>
    <testcase time="0.00100000000020373" classname="ds.names_smk" name="level_names"/>
    <testcase time="0.000999999999748979" classname="ds.names_smk" name="level_names"/>
    <testcase time="0.00199999999995271" classname="ds.names_smk" name="level_names"/>
    <testcase time="0.00100000000020373" classname="ds.names_smk" name="level_names"/>
    <testcase time="0.000999999999748979" classname="ds.names_smk" name="level_names"/>
    <testcase time="0.00199999999995271" classname="ds.names_smk" name="level_names"/>
    <testcase time="0.00200000000040745" classname="ds.names_smk" name="level_names"/>
  </testsuite>
  <testsuite name="ds.names::smk::shutdown" timestamp="2020-03-24T20:38:55Z" hostname="fv-az32" tests="3" skipped="0" failures="0" errors="0" time="0.282">
    <testcase time="0.277999999999793" classname="ds.names_smk_shutdown" name="shutdown"/>
    <testcase time="0.00199999999995271" classname="ds.names_smk_shutdown" name="shutdown"/>
    <testcase time="0.00199999999995271" classname="ds.names_smk_shutdown" name="shutdown"/>
  </testsuite>
  <testsuite name="ds.names::smk::done" timestamp="2020-03-24T20:38:56Z" hostname="fv-az32" tests="0" skipped="0" failures="0" errors="0" time="0"/>
  <testsuite name="ds.numNA::smk::setup" timestamp="2020-03-24T20:38:56Z" hostname="fv-az32" tests="3" skipped="0" failures="0" errors="0" time="5.61">
    <testcase time="5.60800000000017" classname="ds.numNA_smk_setup" name="setup"/>
    <testcase time="0.000999999999748979" classname="ds.numNA_smk_setup" name="setup"/>
    <testcase time="0.00100000000020373" classname="ds.numNA_smk_setup" name="setup"/>
  </testsuite>
  <testsuite name="ds.numNA::smk" timestamp="2020-03-24T20:39:01Z" hostname="fv-az32" tests="12" skipped="0" failures="0" errors="0" time="1.674">
    <testcase time="0.570000000000164" classname="ds.numNA_smk" name="simple_numNA"/>
    <testcase time="0.00199999999995271" classname="ds.numNA_smk" name="simple_numNA"/>
    <testcase time="0.000999999999748979" classname="ds.numNA_smk" name="simple_numNA"/>
    <testcase time="0.00100000000020373" classname="ds.numNA_smk" name="simple_numNA"/>
    <testcase time="0.548999999999978" classname="ds.numNA_smk" name="simple_numNA"/>
    <testcase time="0.00199999999995271" classname="ds.numNA_smk" name="simple_numNA"/>
    <testcase time="0.00100000000020373" classname="ds.numNA_smk" name="simple_numNA"/>
    <testcase time="0.00199999999995271" classname="ds.numNA_smk" name="simple_numNA"/>
    <testcase time="0.541999999999916" classname="ds.numNA_smk" name="simple_numNA"/>
    <testcase time="0.00199999999995271" classname="ds.numNA_smk" name="simple_numNA"/>
    <testcase time="0.000999999999748979" classname="ds.numNA_smk" name="simple_numNA"/>
    <testcase time="0.00100000000020373" classname="ds.numNA_smk" name="simple_numNA"/>
  </testsuite>
  <testsuite name="ds.numNA::smk::shutdown" timestamp="2020-03-24T20:39:03Z" hostname="fv-az32" tests="3" skipped="0" failures="0" errors="0" time="0.277">
    <testcase time="0.273999999999887" classname="ds.numNA_smk_shutdown" name="shutdown"/>
    <testcase time="0.00100000000020373" classname="ds.numNA_smk_shutdown" name="shutdown"/>
    <testcase time="0.00199999999995271" classname="ds.numNA_smk_shutdown" name="shutdown"/>
  </testsuite>
  <testsuite name="ds.numNA::smk::done" timestamp="2020-03-24T20:39:04Z" hostname="fv-az32" tests="0" skipped="0" failures="0" errors="0" time="0"/>
  <testsuite name="ds.quantileMean::smk::setup" timestamp="2020-03-24T20:39:04Z" hostname="fv-az32" tests="3" skipped="0" failures="0" errors="0" time="5.666">
    <testcase time="5.66399999999976" classname="ds.quantileMean_smk_setup" name="setup"/>
    <testcase time="0.00100000000020373" classname="ds.quantileMean_smk_setup" name="setup"/>
    <testcase time="0.00100000000020373" classname="ds.quantileMean_smk_setup" name="setup"/>
  </testsuite>
  <testsuite name="ds.quantileMean::smk::standard" timestamp="2020-03-24T20:39:09Z" hostname="fv-az32" tests="9" skipped="0" failures="0" errors="0" time="1.801">
    <testcase time="1.78800000000001" classname="ds.quantileMean_smk_standard" name="quantileMean"/>
    <testcase time="0.00199999999995271" classname="ds.quantileMean_smk_standard" name="quantileMean"/>
    <testcase time="0.000999999999748979" classname="ds.quantileMean_smk_standard" name="quantileMean"/>
    <testcase time="0.00199999999995271" classname="ds.quantileMean_smk_standard" name="quantileMean"/>
    <testcase time="0.00100000000020373" classname="ds.quantileMean_smk_standard" name="quantileMean"/>
    <testcase time="0.00199999999995271" classname="ds.quantileMean_smk_standard" name="quantileMean"/>
    <testcase time="0.000999999999748979" classname="ds.quantileMean_smk_standard" name="quantileMean"/>
    <testcase time="0.00200000000040745" classname="ds.quantileMean_smk_standard" name="quantileMean"/>
    <testcase time="0.00199999999995271" classname="ds.quantileMean_smk_standard" name="quantileMean"/>
  </testsuite>
  <testsuite name="ds.quantileMean::smk::split" timestamp="2020-03-24T20:39:11Z" hostname="fv-az32" tests="28" skipped="0" failures="0" errors="0" time="2.374">
    <testcase time="2.33099999999968" classname="ds.quantileMean_smk_split" name="quantileMean_split"/>
    <testcase time="0.00200000000040745" classname="ds.quantileMean_smk_split" name="quantileMean_split"/>
    <testcase time="0.000999999999748979" classname="ds.quantileMean_smk_split" name="quantileMean_split"/>
    <testcase time="0.00199999999995271" classname="ds.quantileMean_smk_split" name="quantileMean_split"/>
    <testcase time="0.00100000000020373" classname="ds.quantileMean_smk_split" name="quantileMean_split"/>
    <testcase time="0.000999999999748979" classname="ds.quantileMean_smk_split" name="quantileMean_split"/>
    <testcase time="0.000999999999748979" classname="ds.quantileMean_smk_split" name="quantileMean_split"/>
    <testcase time="0.00199999999995271" classname="ds.quantileMean_smk_split" name="quantileMean_split"/>
    <testcase time="0.00100000000020373" classname="ds.quantileMean_smk_split" name="quantileMean_split"/>
    <testcase time="0.00199999999995271" classname="ds.quantileMean_smk_split" name="quantileMean_split"/>
    <testcase time="0.00100000000020373" classname="ds.quantileMean_smk_split" name="quantileMean_split"/>
    <testcase time="0.00199999999995271" classname="ds.quantileMean_smk_split" name="quantileMean_split"/>
    <testcase time="0.00199999999995271" classname="ds.quantileMean_smk_split" name="quantileMean_split"/>
    <testcase time="0.000999999999748979" classname="ds.quantileMean_smk_split" name="quantileMean_split"/>
    <testcase time="0.00100000000020373" classname="ds.quantileMean_smk_split" name="quantileMean_split"/>
    <testcase time="0.00199999999995271" classname="ds.quantileMean_smk_split" name="quantileMean_split"/>
    <testcase time="0.000999999999748979" classname="ds.quantileMean_smk_split" name="quantileMean_split"/>
    <testcase time="0.00199999999995271" classname="ds.quantileMean_smk_split" name="quantileMean_split"/>
    <testcase time="0.00199999999995271" classname="ds.quantileMean_smk_split" name="quantileMean_split"/>
    <testcase time="0.00100000000020373" classname="ds.quantileMean_smk_split" name="quantileMean_split"/>
    <testcase time="0.00199999999995271" classname="ds.quantileMean_smk_split" name="quantileMean_split"/>
    <testcase time="0.00199999999995271" classname="ds.quantileMean_smk_split" name="quantileMean_split"/>
    <testcase time="0.00199999999995271" classname="ds.quantileMean_smk_split" name="quantileMean_split"/>
    <testcase time="0.00199999999995271" classname="ds.quantileMean_smk_split" name="quantileMean_split"/>
    <testcase time="0.00100000000020373" classname="ds.quantileMean_smk_split" name="quantileMean_split"/>
    <testcase time="0.00199999999995271" classname="ds.quantileMean_smk_split" name="quantileMean_split"/>
    <testcase time="0.00199999999995271" classname="ds.quantileMean_smk_split" name="quantileMean_split"/>
    <testcase time="0.00199999999995271" classname="ds.quantileMean_smk_split" name="quantileMean_split"/>
  </testsuite>
  <testsuite name="ds.quantileMean::smk::shutdown" timestamp="2020-03-24T20:39:13Z" hostname="fv-az32" tests="3" skipped="0" failures="0" errors="0" time="0.285">
    <testcase time="0.282999999999902" classname="ds.quantileMean_smk_shutdown" name="shutdown"/>
    <testcase time="0.00100000000020373" classname="ds.quantileMean_smk_shutdown" name="shutdown"/>
    <testcase time="0.00100000000020373" classname="ds.quantileMean_smk_shutdown" name="shutdown"/>
  </testsuite>
  <testsuite name="ds.quantileMean::smk::done" timestamp="2020-03-24T20:39:14Z" hostname="fv-az32" tests="0" skipped="0" failures="0" errors="0" time="0"/>
  <testsuite name="ds.rbind::smk::setup" timestamp="2020-03-24T20:39:14Z" hostname="fv-az32" tests="3" skipped="0" failures="0" errors="0" time="5.574">
    <testcase time="5.57199999999966" classname="ds.rbind_smk_setup" name="setup"/>
    <testcase time="0.000999999999748979" classname="ds.rbind_smk_setup" name="setup"/>
    <testcase time="0.00100000000020373" classname="ds.rbind_smk_setup" name="setup"/>
  </testsuite>
  <testsuite name="ds.rbind::smk" timestamp="2020-03-24T20:39:19Z" hostname="fv-az32" tests="5" skipped="0" failures="0" errors="0" time="2.557">
    <testcase time="2.01800000000003" classname="ds.rbind_smk" name="simple_test"/>
    <testcase time="0.000999999999748979" classname="ds.rbind_smk" name="simple_test"/>
    <testcase time="0.535000000000309" classname="ds.rbind_smk" name="simple_test"/>
    <testcase time="0.000999999999748979" classname="ds.rbind_smk" name="simple_test"/>
    <testcase time="0.00199999999995271" classname="ds.rbind_smk" name="simple_test"/>
  </testsuite>
  <testsuite name="ds.rbind::smk::shutdown" timestamp="2020-03-24T20:39:22Z" hostname="fv-az32" tests="3" skipped="0" failures="0" errors="0" time="0.277">
    <testcase time="0.275000000000091" classname="ds.rbind_smk_shutdown" name="shutdown"/>
    <testcase time="0.00100000000020373" classname="ds.rbind_smk_shutdown" name="shutdown"/>
    <testcase time="0.000999999999748979" classname="ds.rbind_smk_shutdown" name="shutdown"/>
  </testsuite>
  <testsuite name="ds.rbind::smk::done" timestamp="2020-03-24T20:39:22Z" hostname="fv-az32" tests="0" skipped="0" failures="0" errors="0" time="0"/>
  <testsuite name="ds.rBinom::smk::setup" timestamp="2020-03-24T20:39:22Z" hostname="fv-az32" tests="3" skipped="0" failures="0" errors="0" time="5.583">
    <testcase time="5.57999999999993" classname="ds.rBinom_smk_setup" name="setup"/>
    <testcase time="0.00200000000040745" classname="ds.rBinom_smk_setup" name="setup"/>
    <testcase time="0.000999999999748979" classname="ds.rBinom_smk_setup" name="setup"/>
  </testsuite>
  <testsuite name="ds.rBinom::smk::simple test" timestamp="2020-03-24T20:39:27Z" hostname="fv-az32" tests="11" skipped="0" failures="0" errors="0" time="2.108">
    <testcase time="2.09400000000005" classname="ds.rBinom_smk_simple_test" name="simple_test"/>
    <testcase time="0.00100000000020373" classname="ds.rBinom_smk_simple_test" name="simple_test"/>
    <testcase time="0.00199999999995271" classname="ds.rBinom_smk_simple_test" name="simple_test"/>
    <testcase time="0.000999999999748979" classname="ds.rBinom_smk_simple_test" name="simple_test"/>
    <testcase time="0.00100000000020373" classname="ds.rBinom_smk_simple_test" name="simple_test"/>
    <testcase time="0.00199999999995271" classname="ds.rBinom_smk_simple_test" name="simple_test"/>
    <testcase time="0.000999999999748979" classname="ds.rBinom_smk_simple_test" name="simple_test"/>
    <testcase time="0.00200000000040745" classname="ds.rBinom_smk_simple_test" name="simple_test"/>
    <testcase time="0.000999999999748979" classname="ds.rBinom_smk_simple_test" name="simple_test"/>
    <testcase time="0.00199999999995271" classname="ds.rBinom_smk_simple_test" name="simple_test"/>
    <testcase time="0.00100000000020373" classname="ds.rBinom_smk_simple_test" name="simple_test"/>
  </testsuite>
  <testsuite name="ds.rBinom::smk::shutdown" timestamp="2020-03-24T20:39:29Z" hostname="fv-az32" tests="3" skipped="0" failures="0" errors="0" time="0.279">
    <testcase time="0.277000000000044" classname="ds.rBinom_smk_shutdown" name="shutdown"/>
    <testcase time="0.000999999999748979" classname="ds.rBinom_smk_shutdown" name="shutdown"/>
    <testcase time="0.00100000000020373" classname="ds.rBinom_smk_shutdown" name="shutdown"/>
  </testsuite>
  <testsuite name="ds.rBinom::smk::done" timestamp="2020-03-24T20:39:30Z" hostname="fv-az32" tests="0" skipped="0" failures="0" errors="0" time="0"/>
  <testsuite name="ds.recodeLevels::smk::setup" timestamp="2020-03-24T20:39:30Z" hostname="fv-az32" tests="3" skipped="0" failures="0" errors="0" time="5.642">
    <testcase time="5.63799999999992" classname="ds.recodeLevels_smk_setup" name="setup"/>
    <testcase time="0.00199999999995271" classname="ds.recodeLevels_smk_setup" name="setup"/>
    <testcase time="0.00199999999995271" classname="ds.recodeLevels_smk_setup" name="setup"/>
  </testsuite>
  <testsuite name="ds.recodeLevels::smk" timestamp="2020-03-24T20:39:35Z" hostname="fv-az32" tests="7" skipped="0" failures="0" errors="0" time="3.012">
    <testcase time="3.00300000000016" classname="ds.recodeLevels_smk" name="new_levels"/>
    <testcase time="0.00199999999995271" classname="ds.recodeLevels_smk" name="new_levels"/>
    <testcase time="0.000999999999748979" classname="ds.recodeLevels_smk" name="new_levels"/>
    <testcase time="0.00200000000040745" classname="ds.recodeLevels_smk" name="new_levels"/>
    <testcase time="0.000999999999748979" classname="ds.recodeLevels_smk" name="new_levels"/>
    <testcase time="0.00199999999995271" classname="ds.recodeLevels_smk" name="new_levels"/>
    <testcase time="0.00100000000020373" classname="ds.recodeLevels_smk" name="new_levels"/>
  </testsuite>
  <testsuite name="ds.recodeLevels::smk::no connections or newobj" timestamp="2020-03-24T20:39:38Z" hostname="fv-az32" tests="7" skipped="0" failures="0" errors="0" time="3.007">
    <testcase time="3" classname="ds.recodeLevels_smk_no_connections_or_newobj" name="new_levels_auto"/>
    <testcase time="0.000999999999748979" classname="ds.recodeLevels_smk_no_connections_or_newobj" name="new_levels_auto"/>
    <testcase time="0.00100000000020373" classname="ds.recodeLevels_smk_no_connections_or_newobj" name="new_levels_auto"/>
    <testcase time="0.000999999999748979" classname="ds.recodeLevels_smk_no_connections_or_newobj" name="new_levels_auto"/>
    <testcase time="0.00200000000040745" classname="ds.recodeLevels_smk_no_connections_or_newobj" name="new_levels_auto"/>
    <testcase time="0.000999999999748979" classname="ds.recodeLevels_smk_no_connections_or_newobj" name="new_levels_auto"/>
    <testcase time="0.00100000000020373" classname="ds.recodeLevels_smk_no_connections_or_newobj" name="new_levels_auto"/>
  </testsuite>
  <testsuite name="ds.recodeLevels::smk::shutdown" timestamp="2020-03-24T20:39:41Z" hostname="fv-az32" tests="3" skipped="0" failures="0" errors="0" time="0.286">
    <testcase time="0.283999999999651" classname="ds.recodeLevels_smk_shutdown" name="shutdown"/>
    <testcase time="0.00100000000020373" classname="ds.recodeLevels_smk_shutdown" name="shutdown"/>
    <testcase time="0.00100000000020373" classname="ds.recodeLevels_smk_shutdown" name="shutdown"/>
  </testsuite>
  <testsuite name="ds.recodeLevels::smk::done" timestamp="2020-03-24T20:39:42Z" hostname="fv-az32" tests="0" skipped="0" failures="0" errors="0" time="0"/>
  <testsuite name="ds.recodeValues::smk::setup" timestamp="2020-03-24T20:39:42Z" hostname="fv-az32" tests="3" skipped="0" failures="0" errors="0" time="5.652">
    <testcase time="5.64899999999989" classname="ds.recodeValues_smk_setup" name="setup"/>
    <testcase time="0.00199999999995271" classname="ds.recodeValues_smk_setup" name="setup"/>
    <testcase time="0.000999999999748979" classname="ds.recodeValues_smk_setup" name="setup"/>
  </testsuite>
  <testsuite name="ds.recodeValues::smk" timestamp="2020-03-24T20:39:47Z" hostname="fv-az32" tests="7" skipped="0" failures="0" errors="0" time="1.819">
    <testcase time="1.26700000000028" classname="ds.recodeValues_smk" name="simple_test"/>
    <testcase time="0.000999999999748979" classname="ds.recodeValues_smk" name="simple_test"/>
    <testcase time="0.00199999999995271" classname="ds.recodeValues_smk" name="simple_test"/>
    <testcase time="0.544000000000324" classname="ds.recodeValues_smk" name="simple_test"/>
    <testcase time="0.00199999999995271" classname="ds.recodeValues_smk" name="simple_test"/>
    <testcase time="0.000999999999748979" classname="ds.recodeValues_smk" name="simple_test"/>
    <testcase time="0.00200000000040745" classname="ds.recodeValues_smk" name="simple_test"/>
  </testsuite>
  <testsuite name="ds.recodeValues::smk::shutdown" timestamp="2020-03-24T20:39:49Z" hostname="fv-az32" tests="3" skipped="0" failures="0" errors="0" time="0.294">
    <testcase time="0.291999999999916" classname="ds.recodeValues_smk_shutdown" name="shutdown"/>
    <testcase time="0.000999999999748979" classname="ds.recodeValues_smk_shutdown" name="shutdown"/>
    <testcase time="0.00100000000020373" classname="ds.recodeValues_smk_shutdown" name="shutdown"/>
  </testsuite>
  <testsuite name="ds.recodeValues::smk::done" timestamp="2020-03-24T20:39:50Z" hostname="fv-az32" tests="0" skipped="0" failures="0" errors="0" time="0"/>
  <testsuite name="ds.replaceNA::smk::setup" timestamp="2020-03-24T20:39:50Z" hostname="fv-az32" tests="3" skipped="0" failures="0" errors="0" time="5.712">
    <testcase time="5.70899999999983" classname="ds.replaceNA_smk_setup" name="setup"/>
    <testcase time="0.00199999999995271" classname="ds.replaceNA_smk_setup" name="setup"/>
    <testcase time="0.00100000000020373" classname="ds.replaceNA_smk_setup" name="setup"/>
  </testsuite>
  <testsuite name="ds.replaceNA::smk" timestamp="2020-03-24T20:39:55Z" hostname="fv-az32" tests="3" skipped="0" failures="0" errors="0" time="9.362">
    <testcase time="3.13900000000012" classname="ds.replaceNA_smk" name="simple_replaceNA"/>
    <testcase time="3.10799999999972" classname="ds.replaceNA_smk" name="simple_replaceNA"/>
    <testcase time="3.11500000000024" classname="ds.replaceNA_smk" name="simple_replaceNA"/>
  </testsuite>
  <testsuite name="ds.replaceNA::smk::shutdown" timestamp="2020-03-24T20:40:05Z" hostname="fv-az32" tests="3" skipped="0" failures="0" errors="0" time="0.305">
    <testcase time="0.282999999999902" classname="ds.replaceNA_smk_shutdown" name="setup"/>
    <testcase time="0.0209999999997308" classname="ds.replaceNA_smk_shutdown" name="setup"/>
    <testcase time="0.00100000000020373" classname="ds.replaceNA_smk_shutdown" name="setup"/>
  </testsuite>
  <testsuite name="ds.replaceNA::smk::done" timestamp="2020-03-24T20:40:05Z" hostname="fv-az32" tests="0" skipped="0" failures="0" errors="0" time="0"/>
  <testsuite name="ds.rep::smk::setup" timestamp="2020-03-24T20:40:05Z" hostname="fv-az32" tests="3" skipped="0" failures="0" errors="0" time="5.606">
    <testcase time="5.60300000000007" classname="ds.rep_smk_setup" name="setup"/>
    <testcase time="0.00199999999995271" classname="ds.rep_smk_setup" name="setup"/>
    <testcase time="0.00100000000020373" classname="ds.rep_smk_setup" name="setup"/>
  </testsuite>
  <testsuite name="ds.rep::smk" timestamp="2020-03-24T20:40:10Z" hostname="fv-az32" tests="3" skipped="0" failures="0" errors="0" time="0.964">
    <testcase time="0.960999999999785" classname="ds.rep_smk" name="simple_test"/>
    <testcase time="0.00199999999995271" classname="ds.rep_smk" name="simple_test"/>
    <testcase time="0.00100000000020373" classname="ds.rep_smk" name="simple_test"/>
  </testsuite>
  <testsuite name="ds.rep::smk::shutdown" timestamp="2020-03-24T20:40:11Z" hostname="fv-az32" tests="3" skipped="0" failures="0" errors="0" time="0.282">
    <testcase time="0.278999999999996" classname="ds.rep_smk_shutdown" name="shutdown"/>
    <testcase time="0.00199999999995271" classname="ds.rep_smk_shutdown" name="shutdown"/>
    <testcase time="0.000999999999748979" classname="ds.rep_smk_shutdown" name="shutdown"/>
  </testsuite>
  <testsuite name="ds.rep::smk::done" timestamp="2020-03-24T20:40:12Z" hostname="fv-az32" tests="0" skipped="0" failures="0" errors="0" time="0"/>
  <testsuite name="ds.reShape::smk::setup" timestamp="2020-03-24T20:40:12Z" hostname="fv-az32" tests="3" skipped="0" failures="0" errors="0" time="5.781">
    <testcase time="5.779" classname="ds.reShape_smk_setup" name="setup"/>
    <testcase time="0.00100000000020373" classname="ds.reShape_smk_setup" name="setup"/>
    <testcase time="0.000999999999748979" classname="ds.reShape_smk_setup" name="setup"/>
  </testsuite>
  <testsuite name="ds.reShape::smk" timestamp="2020-03-24T20:40:17Z" hostname="fv-az32" tests="3" skipped="0" failures="0" errors="0" time="1.169">
    <testcase time="1.16600000000017" classname="ds.reShape_smk" name="simplest_ds.reShape_wide"/>
    <testcase time="0.00100000000020373" classname="ds.reShape_smk" name="simplest_ds.reShape_wide"/>
    <testcase time="0.00199999999995271" classname="ds.reShape_smk" name="simplest_ds.reShape_wide"/>
  </testsuite>
  <testsuite name="ds.reShape::smk::shutdown" timestamp="2020-03-24T20:40:19Z" hostname="fv-az32" tests="3" skipped="0" failures="0" errors="0" time="0.284">
    <testcase time="0.280999999999949" classname="ds.reShape_smk_shutdown" name="shutdown"/>
    <testcase time="0.000999999999748979" classname="ds.reShape_smk_shutdown" name="shutdown"/>
    <testcase time="0.00199999999995271" classname="ds.reShape_smk_shutdown" name="shutdown"/>
  </testsuite>
  <testsuite name="ds.reShape::smk::done" timestamp="2020-03-24T20:40:19Z" hostname="fv-az32" tests="0" skipped="0" failures="0" errors="0" time="0"/>
  <testsuite name="ds.rm::smk::setup" timestamp="2020-03-24T20:40:19Z" hostname="fv-az32" tests="3" skipped="0" failures="0" errors="0" time="5.605">
    <testcase time="5.60300000000007" classname="ds.rm_smk_setup" name="setup"/>
    <testcase time="0.00100000000020373" classname="ds.rm_smk_setup" name="setup"/>
    <testcase time="0.000999999999748979" classname="ds.rm_smk_setup" name="setup"/>
  </testsuite>
  <testsuite name="ds.rm::smk" timestamp="2020-03-24T20:40:25Z" hostname="fv-az32" tests="14" skipped="0" failures="0" errors="0" time="2.195">
    <testcase time="0.281000000000404" classname="ds.rm_smk" name="simple_test"/>
    <testcase time="0.00199999999995271" classname="ds.rm_smk" name="simple_test"/>
    <testcase time="0.000999999999748979" classname="ds.rm_smk" name="simple_test"/>
    <testcase time="0.00100000000020373" classname="ds.rm_smk" name="simple_test"/>
    <testcase time="0.00199999999995271" classname="ds.rm_smk" name="simple_test"/>
    <testcase time="0.000999999999748979" classname="ds.rm_smk" name="simple_test"/>
    <testcase time="0.00100000000020373" classname="ds.rm_smk" name="simple_test"/>
    <testcase time="1.89699999999993" classname="ds.rm_smk" name="simple_test"/>
    <testcase time="0.00199999999995271" classname="ds.rm_smk" name="simple_test"/>
    <testcase time="0.00100000000020373" classname="ds.rm_smk" name="simple_test"/>
    <testcase time="0.00199999999995271" classname="ds.rm_smk" name="simple_test"/>
    <testcase time="0.000999999999748979" classname="ds.rm_smk" name="simple_test"/>
    <testcase time="0.00100000000020373" classname="ds.rm_smk" name="simple_test"/>
    <testcase time="0.00199999999995271" classname="ds.rm_smk" name="simple_test"/>
  </testsuite>
  <testsuite name="ds.rm::smk::shutdown" timestamp="2020-03-24T20:40:27Z" hostname="fv-az32" tests="3" skipped="0" failures="0" errors="0" time="0.285">
    <testcase time="0.282000000000153" classname="ds.rm_smk_shutdown" name="shutdown"/>
    <testcase time="0.000999999999748979" classname="ds.rm_smk_shutdown" name="shutdown"/>
    <testcase time="0.00199999999995271" classname="ds.rm_smk_shutdown" name="shutdown"/>
  </testsuite>
  <testsuite name="ds.rm::smk::done" timestamp="2020-03-24T20:40:28Z" hostname="fv-az32" tests="0" skipped="0" failures="0" errors="0" time="0"/>
  <testsuite name="ds.rNorm::smk::setup" timestamp="2020-03-24T20:40:28Z" hostname="fv-az32" tests="3" skipped="0" failures="0" errors="0" time="5.636">
    <testcase time="5.63300000000027" classname="ds.rNorm_smk_setup" name="setup"/>
    <testcase time="0.00199999999995271" classname="ds.rNorm_smk_setup" name="setup"/>
    <testcase time="0.000999999999748979" classname="ds.rNorm_smk_setup" name="setup"/>
  </testsuite>
  <testsuite name="ds.rNorm::smk::simple test" timestamp="2020-03-24T20:40:33Z" hostname="fv-az32" tests="11" skipped="0" failures="0" errors="0" time="2.119">
    <testcase time="2.10400000000027" classname="ds.rNorm_smk_simple_test" name="simple_test"/>
    <testcase time="0.000999999999748979" classname="ds.rNorm_smk_simple_test" name="simple_test"/>
    <testcase time="0.00200000000040745" classname="ds.rNorm_smk_simple_test" name="simple_test"/>
    <testcase time="0.000999999999748979" classname="ds.rNorm_smk_simple_test" name="simple_test"/>
    <testcase time="0.00100000000020373" classname="ds.rNorm_smk_simple_test" name="simple_test"/>
    <testcase time="0.00199999999995271" classname="ds.rNorm_smk_simple_test" name="simple_test"/>
    <testcase time="0.000999999999748979" classname="ds.rNorm_smk_simple_test" name="simple_test"/>
    <testcase time="0.00199999999995271" classname="ds.rNorm_smk_simple_test" name="simple_test"/>
    <testcase time="0.00200000000040745" classname="ds.rNorm_smk_simple_test" name="simple_test"/>
    <testcase time="0.000999999999748979" classname="ds.rNorm_smk_simple_test" name="simple_test"/>
    <testcase time="0.00199999999995271" classname="ds.rNorm_smk_simple_test" name="simple_test"/>
  </testsuite>
  <testsuite name="ds.rNorm::smk::shutdown" timestamp="2020-03-24T20:40:35Z" hostname="fv-az32" tests="3" skipped="0" failures="0" errors="0" time="0.281">
    <testcase time="0.278999999999996" classname="ds.rNorm_smk_shutdown" name="shutdown"/>
    <testcase time="0.00100000000020373" classname="ds.rNorm_smk_shutdown" name="shutdown"/>
    <testcase time="0.000999999999748979" classname="ds.rNorm_smk_shutdown" name="shutdown"/>
  </testsuite>
  <testsuite name="ds.rNorm::smk::done" timestamp="2020-03-24T20:40:36Z" hostname="fv-az32" tests="0" skipped="0" failures="0" errors="0" time="0"/>
  <testsuite name="ds.rowColCalc::smk::setup" timestamp="2020-03-24T20:40:36Z" hostname="fv-az32" tests="3" skipped="0" failures="0" errors="0" time="5.608">
    <testcase time="5.60500000000002" classname="ds.rowColCalc_smk_setup" name="setup"/>
    <testcase time="0.00100000000020373" classname="ds.rowColCalc_smk_setup" name="setup"/>
    <testcase time="0.00199999999995271" classname="ds.rowColCalc_smk_setup" name="setup"/>
  </testsuite>
  <testsuite name="ds.rowColCalc::smk" timestamp="2020-03-24T20:40:41Z" hostname="fv-az32" tests="4" skipped="0" failures="0" errors="0" time="4.608">
    <testcase time="4.60500000000002" classname="ds.rowColCalc_smk" name="rowColCalc_exists"/>
    <testcase time="0.000999999999748979" classname="ds.rowColCalc_smk" name="rowColCalc_exists"/>
    <testcase time="0.00100000000020373" classname="ds.rowColCalc_smk" name="rowColCalc_exists"/>
    <testcase time="0.00100000000020373" classname="ds.rowColCalc_smk" name="rowColCalc_exists"/>
  </testsuite>
  <testsuite name="ds.rowColCalc::smk::no newobj" timestamp="2020-03-24T20:40:45Z" hostname="fv-az32" tests="4" skipped="0" failures="0" errors="0" time="4.604">
    <testcase time="4.60099999999966" classname="ds.rowColCalc_smk_no_newobj" name="rowColCalc_out_exists"/>
    <testcase time="0.00100000000020373" classname="ds.rowColCalc_smk_no_newobj" name="rowColCalc_out_exists"/>
    <testcase time="0.000999999999748979" classname="ds.rowColCalc_smk_no_newobj" name="rowColCalc_out_exists"/>
    <testcase time="0.00100000000020373" classname="ds.rowColCalc_smk_no_newobj" name="rowColCalc_out_exists"/>
  </testsuite>
  <testsuite name="ds.rowColCalc::smk::shutdown" timestamp="2020-03-24T20:40:50Z" hostname="fv-az32" tests="3" skipped="0" failures="0" errors="0" time="0.29">
    <testcase time="0.286999999999807" classname="ds.rowColCalc_smk_shutdown" name="shutdown"/>
    <testcase time="0.00199999999995271" classname="ds.rowColCalc_smk_shutdown" name="shutdown"/>
    <testcase time="0.00100000000020373" classname="ds.rowColCalc_smk_shutdown" name="shutdown"/>
  </testsuite>
  <testsuite name="ds.rowColCalc::smk::done" timestamp="2020-03-24T20:40:51Z" hostname="fv-az32" tests="0" skipped="0" failures="0" errors="0" time="0"/>
  <testsuite name="ds.rPois::smk::setup" timestamp="2020-03-24T20:40:51Z" hostname="fv-az32" tests="3" skipped="0" failures="0" errors="0" time="5.66">
    <testcase time="5.6579999999999" classname="ds.rPois_smk_setup" name="setup"/>
    <testcase time="0.00100000000020373" classname="ds.rPois_smk_setup" name="setup"/>
    <testcase time="0.000999999999748979" classname="ds.rPois_smk_setup" name="setup"/>
  </testsuite>
  <testsuite name="ds.rPois::smk::simple test" timestamp="2020-03-24T20:40:56Z" hostname="fv-az32" tests="11" skipped="0" failures="0" errors="0" time="2.107">
    <testcase time="2.0920000000001" classname="ds.rPois_smk_simple_test" name="simple_test"/>
    <testcase time="0.00199999999995271" classname="ds.rPois_smk_simple_test" name="simple_test"/>
    <testcase time="0.00100000000020373" classname="ds.rPois_smk_simple_test" name="simple_test"/>
    <testcase time="0.000999999999748979" classname="ds.rPois_smk_simple_test" name="simple_test"/>
    <testcase time="0.00199999999995271" classname="ds.rPois_smk_simple_test" name="simple_test"/>
    <testcase time="0.00100000000020373" classname="ds.rPois_smk_simple_test" name="simple_test"/>
    <testcase time="0.00199999999995271" classname="ds.rPois_smk_simple_test" name="simple_test"/>
    <testcase time="0.00199999999995271" classname="ds.rPois_smk_simple_test" name="simple_test"/>
    <testcase time="0.00199999999995271" classname="ds.rPois_smk_simple_test" name="simple_test"/>
    <testcase time="0.00100000000020373" classname="ds.rPois_smk_simple_test" name="simple_test"/>
    <testcase time="0.000999999999748979" classname="ds.rPois_smk_simple_test" name="simple_test"/>
  </testsuite>
  <testsuite name="ds.rPois::smk::shutdown" timestamp="2020-03-24T20:40:58Z" hostname="fv-az32" tests="3" skipped="0" failures="0" errors="0" time="0.282">
    <testcase time="0.2800000000002" classname="ds.rPois_smk_shutdown" name="shutdown"/>
    <testcase time="0.000999999999748979" classname="ds.rPois_smk_shutdown" name="shutdown"/>
    <testcase time="0.00100000000020373" classname="ds.rPois_smk_shutdown" name="shutdown"/>
  </testsuite>
  <testsuite name="ds.rPois::smk::done" timestamp="2020-03-24T20:40:59Z" hostname="fv-az32" tests="0" skipped="0" failures="0" errors="0" time="0"/>
  <testsuite name="ds.rUnif::smk::setup" timestamp="2020-03-24T20:40:59Z" hostname="fv-az32" tests="3" skipped="0" failures="0" errors="0" time="5.73">
    <testcase time="5.72499999999991" classname="ds.rUnif_smk_setup" name="setup"/>
    <testcase time="0.00300000000015643" classname="ds.rUnif_smk_setup" name="setup"/>
    <testcase time="0.00199999999995271" classname="ds.rUnif_smk_setup" name="setup"/>
  </testsuite>
  <testsuite name="ds.rUnif::smk::simple test" timestamp="2020-03-24T20:41:04Z" hostname="fv-az32" tests="11" skipped="0" failures="0" errors="0" time="1.991">
    <testcase time="1.97499999999991" classname="ds.rUnif_smk_simple_test" name="simple_test"/>
    <testcase time="0.00100000000020373" classname="ds.rUnif_smk_simple_test" name="simple_test"/>
    <testcase time="0.00199999999995271" classname="ds.rUnif_smk_simple_test" name="simple_test"/>
    <testcase time="0.000999999999748979" classname="ds.rUnif_smk_simple_test" name="simple_test"/>
    <testcase time="0.00200000000040745" classname="ds.rUnif_smk_simple_test" name="simple_test"/>
    <testcase time="0.00199999999995271" classname="ds.rUnif_smk_simple_test" name="simple_test"/>
    <testcase time="0.00199999999995271" classname="ds.rUnif_smk_simple_test" name="simple_test"/>
    <testcase time="0.000999999999748979" classname="ds.rUnif_smk_simple_test" name="simple_test"/>
    <testcase time="0.00199999999995271" classname="ds.rUnif_smk_simple_test" name="simple_test"/>
    <testcase time="0.00100000000020373" classname="ds.rUnif_smk_simple_test" name="simple_test"/>
    <testcase time="0.00199999999995271" classname="ds.rUnif_smk_simple_test" name="simple_test"/>
  </testsuite>
  <testsuite name="ds.rUnif::smk::shutdown" timestamp="2020-03-24T20:41:06Z" hostname="fv-az32" tests="3" skipped="0" failures="0" errors="0" time="0.282">
    <testcase time="0.278999999999996" classname="ds.rUnif_smk_shutdown" name="shutdown"/>
    <testcase time="0.00199999999995271" classname="ds.rUnif_smk_shutdown" name="shutdown"/>
    <testcase time="0.00100000000020373" classname="ds.rUnif_smk_shutdown" name="shutdown"/>
  </testsuite>
  <testsuite name="ds.rUnif::smk::done" timestamp="2020-03-24T20:41:07Z" hostname="fv-az32" tests="0" skipped="0" failures="0" errors="0" time="0"/>
  <testsuite name="ds.seq::smk::setup" timestamp="2020-03-24T20:41:07Z" hostname="fv-az32" tests="3" skipped="0" failures="0" errors="0" time="5.711">
    <testcase time="5.70899999999983" classname="ds.seq_smk_setup" name="setup"/>
    <testcase time="0.00100000000020373" classname="ds.seq_smk_setup" name="setup"/>
    <testcase time="0.000999999999748979" classname="ds.seq_smk_setup" name="setup"/>
  </testsuite>
  <testsuite name="ds.seq::smk" timestamp="2020-03-24T20:41:12Z" hostname="fv-az32" tests="6" skipped="0" failures="0" errors="0" time="1.753">
    <testcase time="0.936000000000149" classname="ds.seq_smk" name="simplest_ds.seq"/>
    <testcase time="0.00999999999976353" classname="ds.seq_smk" name="simplest_ds.seq"/>
    <testcase time="0.00100000000020373" classname="ds.seq_smk" name="simplest_ds.seq"/>
    <testcase time="0.802999999999884" classname="ds.seq_smk" name="simplest_ds.seq"/>
    <testcase time="0.00100000000020373" classname="ds.seq_smk" name="simplest_ds.seq"/>
    <testcase time="0.00199999999995271" classname="ds.seq_smk" name="simplest_ds.seq"/>
  </testsuite>
  <testsuite name="ds.seq::smk::shutdown" timestamp="2020-03-24T20:41:14Z" hostname="fv-az32" tests="3" skipped="0" failures="0" errors="0" time="0.284">
    <testcase time="0.281999999999698" classname="ds.seq_smk_shutdown" name="shutdown"/>
    <testcase time="0.00100000000020373" classname="ds.seq_smk_shutdown" name="shutdown"/>
    <testcase time="0.00100000000020373" classname="ds.seq_smk_shutdown" name="shutdown"/>
  </testsuite>
  <testsuite name="ds.seq::smk::done" timestamp="2020-03-24T20:41:15Z" hostname="fv-az32" tests="0" skipped="0" failures="0" errors="0" time="0"/>
  <testsuite name="ds.setSeed::smk::setup" timestamp="2020-03-24T20:41:15Z" hostname="fv-az32" tests="3" skipped="0" failures="0" errors="0" time="5.733">
    <testcase time="5.73000000000002" classname="ds.setSeed_smk_setup" name="setup"/>
    <testcase time="0.00199999999995271" classname="ds.setSeed_smk_setup" name="setup"/>
    <testcase time="0.000999999999748979" classname="ds.setSeed_smk_setup" name="setup"/>
  </testsuite>
  <testsuite name="ds.setSeed::smk" timestamp="2020-03-24T20:41:20Z" hostname="fv-az32" tests="9" skipped="0" failures="0" errors="0" time="0.309">
    <testcase time="0.300000000000182" classname="ds.setSeed_smk" name="basic_setSeed"/>
    <testcase time="0.000999999999748979" classname="ds.setSeed_smk" name="basic_setSeed"/>
    <testcase time="0.00100000000020373" classname="ds.setSeed_smk" name="basic_setSeed"/>
    <testcase time="0.000999999999748979" classname="ds.setSeed_smk" name="basic_setSeed"/>
    <testcase time="0.00100000000020373" classname="ds.setSeed_smk" name="basic_setSeed"/>
    <testcase time="0.00199999999995271" classname="ds.setSeed_smk" name="basic_setSeed"/>
    <testcase time="0.00100000000020373" classname="ds.setSeed_smk" name="basic_setSeed"/>
    <testcase time="0.000999999999748979" classname="ds.setSeed_smk" name="basic_setSeed"/>
    <testcase time="0.00100000000020373" classname="ds.setSeed_smk" name="basic_setSeed"/>
  </testsuite>
  <testsuite name="ds.setSeed::smk::shutdown" timestamp="2020-03-24T20:41:20Z" hostname="fv-az32" tests="3" skipped="0" failures="0" errors="0" time="0.284">
    <testcase time="0.280999999999949" classname="ds.setSeed_smk_shutdown" name="shutdown"/>
    <testcase time="0.000999999999748979" classname="ds.setSeed_smk_shutdown" name="shutdown"/>
    <testcase time="0.00200000000040745" classname="ds.setSeed_smk_shutdown" name="shutdown"/>
  </testsuite>
  <testsuite name="ds.setSeed::smk::done" timestamp="2020-03-24T20:41:21Z" hostname="fv-az32" tests="0" skipped="0" failures="0" errors="0" time="0"/>
  <testsuite name="ds.subsetByClass::smk::setup" timestamp="2020-03-24T20:41:21Z" hostname="fv-az32" tests="3" skipped="0" failures="0" errors="0" time="5.66">
    <testcase time="5.6579999999999" classname="ds.subsetByClass_smk_setup" name="setup"/>
    <testcase time="0.000999999999748979" classname="ds.subsetByClass_smk_setup" name="setup"/>
    <testcase time="0.00100000000020373" classname="ds.subsetByClass_smk_setup" name="setup"/>
  </testsuite>
  <testsuite name="ds.subsetByClass::smk" timestamp="2020-03-24T20:41:26Z" hostname="fv-az32" tests="11" skipped="0" failures="0" errors="0" time="5.58">
    <testcase time="4.35599999999977" classname="ds.subsetByClass_smk" name="gender"/>
    <testcase time="1.21000000000004" classname="ds.subsetByClass_smk" name="gender"/>
    <testcase time="0.00199999999995271" classname="ds.subsetByClass_smk" name="gender"/>
    <testcase time="0.00100000000020373" classname="ds.subsetByClass_smk" name="gender"/>
    <testcase time="0.00100000000020373" classname="ds.subsetByClass_smk" name="gender"/>
    <testcase time="0.00199999999995271" classname="ds.subsetByClass_smk" name="gender"/>
    <testcase time="0.000999999999748979" classname="ds.subsetByClass_smk" name="gender"/>
    <testcase time="0.00199999999995271" classname="ds.subsetByClass_smk" name="gender"/>
    <testcase time="0.00100000000020373" classname="ds.subsetByClass_smk" name="gender"/>
    <testcase time="0.00199999999995271" classname="ds.subsetByClass_smk" name="gender"/>
    <testcase time="0.00199999999995271" classname="ds.subsetByClass_smk" name="gender"/>
  </testsuite>
  <testsuite name="ds.subsetByClass::smk::shutdown" timestamp="2020-03-24T20:41:32Z" hostname="fv-az32" tests="3" skipped="0" failures="0" errors="0" time="0.284">
    <testcase time="0.280999999999949" classname="ds.subsetByClass_smk_shutdown" name="shutdown"/>
    <testcase time="0.00199999999995271" classname="ds.subsetByClass_smk_shutdown" name="shutdown"/>
    <testcase time="0.00100000000020373" classname="ds.subsetByClass_smk_shutdown" name="shutdown"/>
  </testsuite>
  <testsuite name="ds.subsetByClass::smk::done" timestamp="2020-03-24T20:41:32Z" hostname="fv-az32" tests="0" skipped="0" failures="0" errors="0" time="0"/>
  <testsuite name="ds.subset::smk::setup" timestamp="2020-03-24T20:41:32Z" hostname="fv-az32" tests="3" skipped="0" failures="0" errors="0" time="5.641">
    <testcase time="5.63799999999992" classname="ds.subset_smk_setup" name="setup"/>
    <testcase time="0.00100000000020373" classname="ds.subset_smk_setup" name="setup"/>
    <testcase time="0.00199999999995271" classname="ds.subset_smk_setup" name="setup"/>
  </testsuite>
  <testsuite name="ds.subset::smk::generate a subset of the assigned table (by default the table is named 'D') with the first 50 observations and the two first columns" timestamp="2020-03-24T20:41:37Z" hostname="fv-az32" tests="4" skipped="0" failures="0" errors="0" time="2.771">
    <testcase time="2.76800000000003" classname="ds.subset_smk_generate_a_subset_of_the_assigned_table_by_default_the_table_is_named_D_with_the_first_50_observations_and_the_two_first_columns" name="subD_exists"/>
    <testcase time="0.000999999999748979" classname="ds.subset_smk_generate_a_subset_of_the_assigned_table_by_default_the_table_is_named_D_with_the_first_50_observations_and_the_two_first_columns" name="subD_exists"/>
    <testcase time="0.00100000000020373" classname="ds.subset_smk_generate_a_subset_of_the_assigned_table_by_default_the_table_is_named_D_with_the_first_50_observations_and_the_two_first_columns" name="subD_exists"/>
    <testcase time="0.000999999999748979" classname="ds.subset_smk_generate_a_subset_of_the_assigned_table_by_default_the_table_is_named_D_with_the_first_50_observations_and_the_two_first_columns" name="subD_exists"/>
  </testsuite>
  <testsuite name="ds.subset::smk::generate a subset of the assigned table (by default the table is named 'D') with the first 50 observations and the two first columns refered to by their names" timestamp="2020-03-24T20:41:40Z" hostname="fv-az32" tests="4" skipped="0" failures="0" errors="0" time="2.65">
    <testcase time="2.64600000000019" classname="ds.subset_smk_generate_a_subset_of_the_assigned_table_by_default_the_table_is_named_D_with_the_first_50_observations_and_the_two_first_columns_refered_to_by_their_names" name="subD2_exists"/>
    <testcase time="0.000999999999748979" classname="ds.subset_smk_generate_a_subset_of_the_assigned_table_by_default_the_table_is_named_D_with_the_first_50_observations_and_the_two_first_columns_refered_to_by_their_names" name="subD2_exists"/>
    <testcase time="0.00199999999995271" classname="ds.subset_smk_generate_a_subset_of_the_assigned_table_by_default_the_table_is_named_D_with_the_first_50_observations_and_the_two_first_columns_refered_to_by_their_names" name="subD2_exists"/>
    <testcase time="0.00100000000020373" classname="ds.subset_smk_generate_a_subset_of_the_assigned_table_by_default_the_table_is_named_D_with_the_first_50_observations_and_the_two_first_columns_refered_to_by_their_names" name="subD2_exists"/>
  </testsuite>
  <testsuite name="ds.subset::smk::generate a subset of the table D with bmi values greater than or equal to 25." timestamp="2020-03-24T20:41:43Z" hostname="fv-az32" tests="4" skipped="0" failures="0" errors="0" time="1.523">
    <testcase time="1.51999999999998" classname="ds.subset_smk_generate_a_subset_of_the_table_D_with_bmi_values_greater_than_or_equal_to_25." name="subD3_exists"/>
    <testcase time="0.00100000000020373" classname="ds.subset_smk_generate_a_subset_of_the_table_D_with_bmi_values_greater_than_or_equal_to_25." name="subD3_exists"/>
    <testcase time="0.00100000000020373" classname="ds.subset_smk_generate_a_subset_of_the_table_D_with_bmi_values_greater_than_or_equal_to_25." name="subD3_exists"/>
    <testcase time="0.000999999999748979" classname="ds.subset_smk_generate_a_subset_of_the_table_D_with_bmi_values_greater_than_or_equal_to_25." name="subD3_exists"/>
  </testsuite>
  <testsuite name="ds.subset::smk::shutdown" timestamp="2020-03-24T20:41:44Z" hostname="fv-az32" tests="3" skipped="0" failures="0" errors="0" time="0.288">
    <testcase time="0.286000000000058" classname="ds.subset_smk_shutdown" name="shutdown"/>
    <testcase time="0.00100000000020373" classname="ds.subset_smk_shutdown" name="shutdown"/>
    <testcase time="0.000999999999748979" classname="ds.subset_smk_shutdown" name="shutdown"/>
  </testsuite>
  <testsuite name="ds.subset::smk::done" timestamp="2020-03-24T20:41:45Z" hostname="fv-az32" tests="0" skipped="0" failures="0" errors="0" time="0"/>
  <testsuite name="ds.summary::smk::setup" timestamp="2020-03-24T20:41:45Z" hostname="fv-az32" tests="3" skipped="0" failures="0" errors="0" time="5.772">
    <testcase time="5.76900000000023" classname="ds.summary_smk_setup" name="setup"/>
    <testcase time="0.00199999999995271" classname="ds.summary_smk_setup" name="setup"/>
    <testcase time="0.000999999999748979" classname="ds.summary_smk_setup" name="setup"/>
  </testsuite>
  <testsuite name="ds.summary::smk::summary of a numerical variable" timestamp="2020-03-24T20:41:50Z" hostname="fv-az32" tests="3" skipped="0" failures="0" errors="0" time="3.289">
    <testcase time="3.28600000000006" classname="ds.summary_smk_summary_of_a_numerical_variable" name="summary_numerical_variable"/>
    <testcase time="0.00100000000020373" classname="ds.summary_smk_summary_of_a_numerical_variable" name="summary_numerical_variable"/>
    <testcase time="0.00199999999995271" classname="ds.summary_smk_summary_of_a_numerical_variable" name="summary_numerical_variable"/>
  </testsuite>
  <testsuite name="ds.summary::smk::summary of a character variable" timestamp="2020-03-24T20:41:54Z" hostname="fv-az32" tests="2" skipped="0" failures="0" errors="0" time="3.214">
    <testcase time="3.21299999999974" classname="ds.summary_smk_summary_of_a_character_variable" name="summary_character_variable"/>
    <testcase time="0.00100000000020373" classname="ds.summary_smk_summary_of_a_character_variable" name="summary_character_variable"/>
  </testsuite>
  <testsuite name="ds.summary::smk::summary of a factor variable" timestamp="2020-03-24T20:41:57Z" hostname="fv-az32" tests="5" skipped="0" failures="0" errors="0" time="3.826">
    <testcase time="3.82000000000016" classname="ds.summary_smk_summary_of_a_factor_variable" name="summary_factor_variable"/>
    <testcase time="0.000999999999748979" classname="ds.summary_smk_summary_of_a_factor_variable" name="summary_factor_variable"/>
    <testcase time="0.00300000000015643" classname="ds.summary_smk_summary_of_a_factor_variable" name="summary_factor_variable"/>
    <testcase time="0.000999999999748979" classname="ds.summary_smk_summary_of_a_factor_variable" name="summary_factor_variable"/>
    <testcase time="0.00100000000020373" classname="ds.summary_smk_summary_of_a_factor_variable" name="summary_factor_variable"/>
  </testsuite>
  <testsuite name="ds.summary::smk::summary of a data frame" timestamp="2020-03-24T20:42:01Z" hostname="fv-az32" tests="5" skipped="0" failures="0" errors="0" time="3.122">
    <testcase time="3.11599999999999" classname="ds.summary_smk_summary_of_a_data_frame" name="summary_data_frame"/>
    <testcase time="0.00100000000020373" classname="ds.summary_smk_summary_of_a_data_frame" name="summary_data_frame"/>
    <testcase time="0.00199999999995271" classname="ds.summary_smk_summary_of_a_data_frame" name="summary_data_frame"/>
    <testcase time="0.000999999999748979" classname="ds.summary_smk_summary_of_a_data_frame" name="summary_data_frame"/>
    <testcase time="0.00199999999995271" classname="ds.summary_smk_summary_of_a_data_frame" name="summary_data_frame"/>
  </testsuite>
  <testsuite name="ds.summary::smk::setup" timestamp="2020-03-24T20:42:04Z" hostname="fv-az32" tests="3" skipped="0" failures="0" errors="0" time="0.283">
    <testcase time="0.280999999999949" classname="ds.summary_smk_setup" name="shutdown"/>
    <testcase time="0.00100000000020373" classname="ds.summary_smk_setup" name="shutdown"/>
    <testcase time="0.00100000000020373" classname="ds.summary_smk_setup" name="shutdown"/>
  </testsuite>
  <testsuite name="ds.summary::smk::done" timestamp="2020-03-24T20:42:05Z" hostname="fv-az32" tests="0" skipped="0" failures="0" errors="0" time="0"/>
  <testsuite name="ds.table1D::smk::setup" timestamp="2020-03-24T20:42:05Z" hostname="fv-az32" tests="3" skipped="0" failures="0" errors="0" time="5.701">
    <testcase time="5.69899999999961" classname="ds.table1D_smk_setup" name="setup"/>
    <testcase time="0.00100000000020373" classname="ds.table1D_smk_setup" name="setup"/>
    <testcase time="0.00100000000020373" classname="ds.table1D_smk_setup" name="setup"/>
  </testsuite>
  <testsuite name="ds.table1D::smk::generate a one dimensional table, outputting combined contingency tables" timestamp="2020-03-24T20:42:10Z" hostname="fv-az32" tests="3" skipped="0" failures="0" errors="0" time="1.241">
    <testcase time="1.23799999999983" classname="ds.table1D_smk_generate_a_one_dimensional_table_outputting_combined_contingency_tables" name="GENDER_normal"/>
    <testcase time="0.000999999999748979" classname="ds.table1D_smk_generate_a_one_dimensional_table_outputting_combined_contingency_tables" name="GENDER_normal"/>
    <testcase time="0.00200000000040745" classname="ds.table1D_smk_generate_a_one_dimensional_table_outputting_combined_contingency_tables" name="GENDER_normal"/>
  </testsuite>
  <testsuite name="ds.table1D::smk::generate a one dimensional table, outputting combined contingency tables fail" timestamp="2020-03-24T20:42:11Z" hostname="fv-az32" tests="1" skipped="1" failures="0" errors="0" time="1.25">
    <testcase time="1.25" classname="ds.table1D_smk_generate_a_one_dimensional_table_outputting_combined_contingency_tables_fail" name="DIS_CVA_invalid">
      <skipped/>
    </testcase>
  </testsuite>
  <testsuite name="ds.table1D::smk::generate a one dimensional table, outputting combined contingency tables fail split" timestamp="2020-03-24T20:42:12Z" hostname="fv-az32" tests="1" skipped="1" failures="0" errors="0" time="1.25">
    <testcase time="1.25" classname="ds.table1D_smk_generate_a_one_dimensional_table_outputting_combined_contingency_tables_fail_split" name="DIS_CVA_invalid_split">
      <skipped/>
    </testcase>
  </testsuite>
  <testsuite name="ds.table1D::smk::generate a one dimensional table, outputting study specific contingency tables" timestamp="2020-03-24T20:42:14Z" hostname="fv-az32" tests="4" skipped="0" failures="0" errors="0" time="1.228">
    <testcase time="1.22399999999971" classname="ds.table1D_smk_generate_a_one_dimensional_table_outputting_study_specific_contingency_tables" name="GENDER_split"/>
    <testcase time="0.00199999999995271" classname="ds.table1D_smk_generate_a_one_dimensional_table_outputting_study_specific_contingency_tables" name="GENDER_split"/>
    <testcase time="0.00100000000020373" classname="ds.table1D_smk_generate_a_one_dimensional_table_outputting_study_specific_contingency_tables" name="GENDER_split"/>
    <testcase time="0.000999999999748979" classname="ds.table1D_smk_generate_a_one_dimensional_table_outputting_study_specific_contingency_tables" name="GENDER_split"/>
  </testsuite>
  <testsuite name="ds.table1D::smk::generate a one dimensional table, outputting study specific contingency tables for study 1 and 2" timestamp="2020-03-24T20:42:15Z" hostname="fv-az32" tests="4" skipped="0" failures="0" errors="0" time="0.977">
    <testcase time="0.972000000000207" classname="ds.table1D_smk_generate_a_one_dimensional_table_outputting_study_specific_contingency_tables_for_study_1_and_2" name="GENDER_split_12"/>
    <testcase time="0.00199999999995271" classname="ds.table1D_smk_generate_a_one_dimensional_table_outputting_study_specific_contingency_tables_for_study_1_and_2" name="GENDER_split_12"/>
    <testcase time="0.00100000000020373" classname="ds.table1D_smk_generate_a_one_dimensional_table_outputting_study_specific_contingency_tables_for_study_1_and_2" name="GENDER_split_12"/>
    <testcase time="0.00199999999995271" classname="ds.table1D_smk_generate_a_one_dimensional_table_outputting_study_specific_contingency_tables_for_study_1_and_2" name="GENDER_split_12"/>
  </testsuite>
  <testsuite name="ds.table1D::smk::generate a one dimensional table, outputting study specific and combined contingency tables" timestamp="2020-03-24T20:42:16Z" hostname="fv-az32" tests="3" skipped="0" failures="0" errors="0" time="1.275">
    <testcase time="1.27199999999993" classname="ds.table1D_smk_generate_a_one_dimensional_table_outputting_study_specific_and_combined_contingency_tables" name="GENDER_normal_2"/>
    <testcase time="0.00199999999995271" classname="ds.table1D_smk_generate_a_one_dimensional_table_outputting_study_specific_and_combined_contingency_tables" name="GENDER_normal_2"/>
    <testcase time="0.00100000000020373" classname="ds.table1D_smk_generate_a_one_dimensional_table_outputting_study_specific_and_combined_contingency_tables" name="GENDER_normal_2"/>
  </testsuite>
  <testsuite name="ds.table1D::smk::shutdown" timestamp="2020-03-24T20:42:17Z" hostname="fv-az32" tests="3" skipped="0" failures="0" errors="0" time="0.281">
    <testcase time="0.277999999999793" classname="ds.table1D_smk_shutdown" name="shutdown"/>
    <testcase time="0.00100000000020373" classname="ds.table1D_smk_shutdown" name="shutdown"/>
    <testcase time="0.00199999999995271" classname="ds.table1D_smk_shutdown" name="shutdown"/>
  </testsuite>
  <testsuite name="ds.table1D::smk::done" timestamp="2020-03-24T20:42:18Z" hostname="fv-az32" tests="0" skipped="0" failures="0" errors="0" time="0"/>
  <testsuite name="ds.table2D::smk::setup" timestamp="2020-03-24T20:42:18Z" hostname="fv-az32" tests="3" skipped="0" failures="0" errors="0" time="5.628">
    <testcase time="5.625" classname="ds.table2D_smk_setup" name="setup"/>
    <testcase time="0.000999999999748979" classname="ds.table2D_smk_setup" name="setup"/>
    <testcase time="0.00199999999995271" classname="ds.table2D_smk_setup" name="setup"/>
  </testsuite>
  <testsuite name="ds.table2D::smk" timestamp="2020-03-24T20:42:23Z" hostname="fv-az32" tests="22" skipped="0" failures="0" errors="0" time="1.059">
    <testcase time="1.03099999999995" classname="ds.table2D_smk" name="simple_table2D"/>
    <testcase time="0.000999999999748979" classname="ds.table2D_smk" name="simple_table2D"/>
    <testcase time="0.00100000000020373" classname="ds.table2D_smk" name="simple_table2D"/>
    <testcase time="0.00100000000020373" classname="ds.table2D_smk" name="simple_table2D"/>
    <testcase time="0.000999999999748979" classname="ds.table2D_smk" name="simple_table2D"/>
    <testcase time="0.00199999999995271" classname="ds.table2D_smk" name="simple_table2D"/>
    <testcase time="0.00100000000020373" classname="ds.table2D_smk" name="simple_table2D"/>
    <testcase time="0.000999999999748979" classname="ds.table2D_smk" name="simple_table2D"/>
    <testcase time="0.00100000000020373" classname="ds.table2D_smk" name="simple_table2D"/>
    <testcase time="0.00199999999995271" classname="ds.table2D_smk" name="simple_table2D"/>
    <testcase time="0.00100000000020373" classname="ds.table2D_smk" name="simple_table2D"/>
    <testcase time="0.000999999999748979" classname="ds.table2D_smk" name="simple_table2D"/>
    <testcase time="0.00199999999995271" classname="ds.table2D_smk" name="simple_table2D"/>
    <testcase time="0.00100000000020373" classname="ds.table2D_smk" name="simple_table2D"/>
    <testcase time="0.000999999999748979" classname="ds.table2D_smk" name="simple_table2D"/>
    <testcase time="0.00199999999995271" classname="ds.table2D_smk" name="simple_table2D"/>
    <testcase time="0.00100000000020373" classname="ds.table2D_smk" name="simple_table2D"/>
    <testcase time="0.00199999999995271" classname="ds.table2D_smk" name="simple_table2D"/>
    <testcase time="0.00100000000020373" classname="ds.table2D_smk" name="simple_table2D"/>
    <testcase time="0.000999999999748979" classname="ds.table2D_smk" name="simple_table2D"/>
    <testcase time="0.00300000000015643" classname="ds.table2D_smk" name="simple_table2D"/>
    <testcase time="0.000999999999748979" classname="ds.table2D_smk" name="simple_table2D"/>
  </testsuite>
  <testsuite name="ds.table2D::smk::shutdown" timestamp="2020-03-24T20:42:24Z" hostname="fv-az32" tests="3" skipped="0" failures="0" errors="0" time="0.287">
    <testcase time="0.284000000000106" classname="ds.table2D_smk_shutdown" name="shutdown"/>
    <testcase time="0.00199999999995271" classname="ds.table2D_smk_shutdown" name="shutdown"/>
    <testcase time="0.00100000000020373" classname="ds.table2D_smk_shutdown" name="shutdown"/>
  </testsuite>
  <testsuite name="ds.table2D::smk::done" timestamp="2020-03-24T20:42:25Z" hostname="fv-az32" tests="0" skipped="0" failures="0" errors="0" time="0"/>
  <testsuite name="ds.table::smk::setup" timestamp="2020-03-24T20:42:25Z" hostname="fv-az32" tests="3" skipped="0" failures="0" errors="0" time="5.891">
    <testcase time="5.88900000000012" classname="ds.table_smk_setup" name="setup"/>
    <testcase time="0.000999999999748979" classname="ds.table_smk_setup" name="setup"/>
    <testcase time="0.00100000000020373" classname="ds.table_smk_setup" name="setup"/>
  </testsuite>
  <testsuite name="ds.table::smk" timestamp="2020-03-24T20:42:30Z" hostname="fv-az32" tests="19" skipped="0" failures="0" errors="0" time="4.463">
    <testcase time="4.12899999999991" classname="ds.table_smk" name="simple_table"/>
    <testcase time="0.00199999999995271" classname="ds.table_smk" name="simple_table"/>
    <testcase time="0.00100000000020373" classname="ds.table_smk" name="simple_table"/>
    <testcase time="0.308999999999742" classname="ds.table_smk" name="simple_table"/>
    <testcase time="0.00100000000020373" classname="ds.table_smk" name="simple_table"/>
    <testcase time="0.00199999999995271" classname="ds.table_smk" name="simple_table"/>
    <testcase time="0.000999999999748979" classname="ds.table_smk" name="simple_table"/>
    <testcase time="0.00199999999995271" classname="ds.table_smk" name="simple_table"/>
    <testcase time="0.00100000000020373" classname="ds.table_smk" name="simple_table"/>
    <testcase time="0.000999999999748979" classname="ds.table_smk" name="simple_table"/>
    <testcase time="0.00200000000040745" classname="ds.table_smk" name="simple_table"/>
    <testcase time="0.000999999999748979" classname="ds.table_smk" name="simple_table"/>
    <testcase time="0.00199999999995271" classname="ds.table_smk" name="simple_table"/>
    <testcase time="0.00100000000020373" classname="ds.table_smk" name="simple_table"/>
    <testcase time="0.000999999999748979" classname="ds.table_smk" name="simple_table"/>
    <testcase time="0.00199999999995271" classname="ds.table_smk" name="simple_table"/>
    <testcase time="0.00100000000020373" classname="ds.table_smk" name="simple_table"/>
    <testcase time="0.00199999999995271" classname="ds.table_smk" name="simple_table"/>
    <testcase time="0.00199999999995271" classname="ds.table_smk" name="simple_table"/>
  </testsuite>
  <testsuite name="ds.table::smk::shutdown" timestamp="2020-03-24T20:42:35Z" hostname="fv-az32" tests="4" skipped="0" failures="0" errors="1" time="0.859">
    <testcase time="0.282000000000153" classname="ds.table_smk_shutdown" name="shutdown"/>
    <testcase time="0.000999999999748979" classname="ds.table_smk_shutdown" name="shutdown"/>
    <testcase time="0.00200000000040745" classname="ds.table_smk_shutdown" name="shutdown"/>
    <testcase time="0.573999999999614" classname="ds.table_smk_shutdown" name="_unnamed_">
      <error type="error" message="could not find function &quot;connect.testing.group.dataset.1&quot; (@test-smk-ds.table.R#73)">could not find function "connect.testing.group.dataset.1"</error>
    </testcase>
  </testsuite>
  <testsuite name="ds.tapply.assign::smk::setup" timestamp="2020-03-24T20:42:36Z" hostname="fv-az32" tests="3" skipped="0" failures="0" errors="0" time="5.075">
    <testcase time="5.07200000000012" classname="ds.tapply.assign_smk_setup" name="setup"/>
    <testcase time="0.00100000000020373" classname="ds.tapply.assign_smk_setup" name="setup"/>
    <testcase time="0.00199999999995271" classname="ds.tapply.assign_smk_setup" name="setup"/>
  </testsuite>
  <testsuite name="ds.tapply.assign::smk::mean" timestamp="2020-03-24T20:42:42Z" hostname="fv-az32" tests="1" skipped="0" failures="0" errors="1" time="1.337">
    <testcase time="1.33699999999999" classname="ds.tapply.assign_smk_mean" name="simplest_ds.tapply.assign_mean_">
      <error type="error" message="Command 'tapplyDS.assign(&quot;LAB_TSC&quot;, &quot;GENDER&quot;, &quot;mean&quot;)' failed on 'sim1':  (@test-smk-ds.tapply.assign.R#33)">Command 'tapplyDS.assign("LAB_TSC", "GENDER", "mean")' failed on 'sim1': 
  object 'current.factor' not found
Backtrace:
 1. dsBaseClient::ds.tapply.assign(...) tests/testthat/test-smk-ds.tapply.assign.R:33:4
 2. DSI::datashield.assign(datasources, newobj, calltext)
 3. DSI::datashield.assign.expr(conns, symbol, value, async)
 4. base::lapply(...)
 5. DSI:::FUN(X[[i]], ...)
 7. DSOpal::dsFetch(results[[n]])
 8. DSOpal:::.datashield.command_result(o, res@rval$rid, wait = TRUE)</error>
    </testcase>
  </testsuite>
  <testsuite name="ds.tapply.assign::smk::sd" timestamp="2020-03-24T20:42:42Z" hostname="fv-az32" tests="1" skipped="0" failures="0" errors="1" time="0.269">
    <testcase time="0.268999999999778" classname="ds.tapply.assign_smk_sd" name="simplest_ds.tapply.assign_sd_">
      <error type="error" message="Command 'tapplyDS.assign(&quot;LAB_TSC&quot;, &quot;GENDER&quot;, &quot;sd&quot;)' failed on 'sim1':  (@test-smk-ds.tapply.assign.R#42)">Command 'tapplyDS.assign("LAB_TSC", "GENDER", "sd")' failed on 'sim1': 
  object 'current.factor' not found
Backtrace:
 1. dsBaseClient::ds.tapply.assign(...) tests/testthat/test-smk-ds.tapply.assign.R:42:4
 2. DSI::datashield.assign(datasources, newobj, calltext)
 3. DSI::datashield.assign.expr(conns, symbol, value, async)
 4. base::lapply(...)
 5. DSI:::FUN(X[[i]], ...)
 7. DSOpal::dsFetch(results[[n]])
 8. DSOpal:::.datashield.command_result(o, res@rval$rid, wait = TRUE)</error>
    </testcase>
  </testsuite>
  <testsuite name="ds.tapply.assign::smk::sum" timestamp="2020-03-24T20:42:42Z" hostname="fv-az32" tests="1" skipped="0" failures="0" errors="1" time="0.264">
    <testcase time="0.264000000000124" classname="ds.tapply.assign_smk_sum" name="simplest_ds.tapply.assign_sum_">
      <error type="error" message="Command 'tapplyDS.assign(&quot;LAB_TSC&quot;, &quot;GENDER&quot;, &quot;sum&quot;)' failed on 'sim1':  (@test-smk-ds.tapply.assign.R#51)">Command 'tapplyDS.assign("LAB_TSC", "GENDER", "sum")' failed on 'sim1': 
  object 'current.factor' not found
Backtrace:
 1. dsBaseClient::ds.tapply.assign(...) tests/testthat/test-smk-ds.tapply.assign.R:51:4
 2. DSI::datashield.assign(datasources, newobj, calltext)
 3. DSI::datashield.assign.expr(conns, symbol, value, async)
 4. base::lapply(...)
 5. DSI:::FUN(X[[i]], ...)
 7. DSOpal::dsFetch(results[[n]])
 8. DSOpal:::.datashield.command_result(o, res@rval$rid, wait = TRUE)</error>
    </testcase>
  </testsuite>
  <testsuite name="ds.tapply.assign::smk::quantile" timestamp="2020-03-24T20:42:43Z" hostname="fv-az32" tests="1" skipped="0" failures="0" errors="1" time="0.264">
    <testcase time="0.264000000000124" classname="ds.tapply.assign_smk_quantile" name="simplest_ds.tapply.assign_quantile_">
      <error type="error" message="Command 'tapplyDS.assign(&quot;LAB_TSC&quot;, &quot;GENDER&quot;, &quot;quantile&quot;)' failed on 'sim1':  (@test-smk-ds.tapply.assign.R#60)">Command 'tapplyDS.assign("LAB_TSC", "GENDER", "quantile")' failed on 'sim1': 
  object 'current.factor' not found
Backtrace:
 1. dsBaseClient::ds.tapply.assign(...) tests/testthat/test-smk-ds.tapply.assign.R:60:4
 2. DSI::datashield.assign(datasources, newobj, calltext)
 3. DSI::datashield.assign.expr(conns, symbol, value, async)
 4. base::lapply(...)
 5. DSI:::FUN(X[[i]], ...)
 7. DSOpal::dsFetch(results[[n]])
 8. DSOpal:::.datashield.command_result(o, res@rval$rid, wait = TRUE)</error>
    </testcase>
  </testsuite>
  <testsuite name="ds.tapply.assign::smk::shutdown" timestamp="2020-03-24T20:42:43Z" hostname="fv-az32" tests="3" skipped="0" failures="3" errors="0" time="0.297">
    <testcase time="0.293999999999869" classname="ds.tapply.assign_smk_shutdown" name="shutdown">
      <failure type="failure" message="`expected.variables`[c(2, 3, 4, 5, 6)] absent from `study.current.varables` (@test-smk-ds.tapply.assign.R#74)">`expected.variables`[c(2, 3, 4, 5, 6)] absent from `study.current.varables`</failure>
    </testcase>
    <testcase time="0.00100000000020373" classname="ds.tapply.assign_smk_shutdown" name="shutdown">
      <failure type="failure" message="`expected.variables`[c(2, 3, 4, 5, 6)] absent from `study.current.varables` (@test-smk-ds.tapply.assign.R#74)">`expected.variables`[c(2, 3, 4, 5, 6)] absent from `study.current.varables`</failure>
    </testcase>
    <testcase time="0.00199999999995271" classname="ds.tapply.assign_smk_shutdown" name="shutdown">
      <failure type="failure" message="`expected.variables`[c(2, 3, 4, 5, 6)] absent from `study.current.varables` (@test-smk-ds.tapply.assign.R#74)">`expected.variables`[c(2, 3, 4, 5, 6)] absent from `study.current.varables`</failure>
    </testcase>
  </testsuite>
  <testsuite name="ds.tapply.assign::smk::done" timestamp="2020-03-24T20:42:44Z" hostname="fv-az32" tests="0" skipped="0" failures="0" errors="0" time="0"/>
  <testsuite name="ds.tapply::smk::setup" timestamp="2020-03-24T20:42:44Z" hostname="fv-az32" tests="3" skipped="0" failures="0" errors="0" time="5.656">
    <testcase time="5.65299999999979" classname="ds.tapply_smk_setup" name="setup"/>
    <testcase time="0.00100000000020373" classname="ds.tapply_smk_setup" name="setup"/>
    <testcase time="0.00199999999995271" classname="ds.tapply_smk_setup" name="setup"/>
  </testsuite>
  <testsuite name="ds.tapply::smk::fun=mean" timestamp="2020-03-24T20:42:50Z" hostname="fv-az32" tests="22" skipped="0" failures="0" errors="0" time="1.394">
    <testcase time="1.35899999999992" classname="ds.tapply_smk_fun_mean" name="simplest_ds.tapply_fun_mean"/>
    <testcase time="0.00100000000020373" classname="ds.tapply_smk_fun_mean" name="simplest_ds.tapply_fun_mean"/>
    <testcase time="0.00199999999995271" classname="ds.tapply_smk_fun_mean" name="simplest_ds.tapply_fun_mean"/>
    <testcase time="0.000999999999748979" classname="ds.tapply_smk_fun_mean" name="simplest_ds.tapply_fun_mean"/>
    <testcase time="0.00199999999995271" classname="ds.tapply_smk_fun_mean" name="simplest_ds.tapply_fun_mean"/>
    <testcase time="0.00100000000020373" classname="ds.tapply_smk_fun_mean" name="simplest_ds.tapply_fun_mean"/>
    <testcase time="0.00199999999995271" classname="ds.tapply_smk_fun_mean" name="simplest_ds.tapply_fun_mean"/>
    <testcase time="0.00199999999995271" classname="ds.tapply_smk_fun_mean" name="simplest_ds.tapply_fun_mean"/>
    <testcase time="0.00100000000020373" classname="ds.tapply_smk_fun_mean" name="simplest_ds.tapply_fun_mean"/>
    <testcase time="0.00199999999995271" classname="ds.tapply_smk_fun_mean" name="simplest_ds.tapply_fun_mean"/>
    <testcase time="0.000999999999748979" classname="ds.tapply_smk_fun_mean" name="simplest_ds.tapply_fun_mean"/>
    <testcase time="0.00199999999995271" classname="ds.tapply_smk_fun_mean" name="simplest_ds.tapply_fun_mean"/>
    <testcase time="0.00199999999995271" classname="ds.tapply_smk_fun_mean" name="simplest_ds.tapply_fun_mean"/>
    <testcase time="0.00100000000020373" classname="ds.tapply_smk_fun_mean" name="simplest_ds.tapply_fun_mean"/>
    <testcase time="0.00199999999995271" classname="ds.tapply_smk_fun_mean" name="simplest_ds.tapply_fun_mean"/>
    <testcase time="0.00300000000015643" classname="ds.tapply_smk_fun_mean" name="simplest_ds.tapply_fun_mean"/>
    <testcase time="0.000999999999748979" classname="ds.tapply_smk_fun_mean" name="simplest_ds.tapply_fun_mean"/>
    <testcase time="0.00199999999995271" classname="ds.tapply_smk_fun_mean" name="simplest_ds.tapply_fun_mean"/>
    <testcase time="0.00200000000040745" classname="ds.tapply_smk_fun_mean" name="simplest_ds.tapply_fun_mean"/>
    <testcase time="0.00199999999995271" classname="ds.tapply_smk_fun_mean" name="simplest_ds.tapply_fun_mean"/>
    <testcase time="0.00199999999995271" classname="ds.tapply_smk_fun_mean" name="simplest_ds.tapply_fun_mean"/>
    <testcase time="0.000999999999748979" classname="ds.tapply_smk_fun_mean" name="simplest_ds.tapply_fun_mean"/>
  </testsuite>
  <testsuite name="ds.tapply::smk::fun=sd" timestamp="2020-03-24T20:42:50Z" hostname="fv-az32" tests="22" skipped="0" failures="0" errors="0" time="0.334">
    <testcase time="0.303000000000338" classname="ds.tapply_smk_fun_sd" name="simplest_ds.tapply_fun_sd"/>
    <testcase time="0.000999999999748979" classname="ds.tapply_smk_fun_sd" name="simplest_ds.tapply_fun_sd"/>
    <testcase time="0.00199999999995271" classname="ds.tapply_smk_fun_sd" name="simplest_ds.tapply_fun_sd"/>
    <testcase time="0.00100000000020373" classname="ds.tapply_smk_fun_sd" name="simplest_ds.tapply_fun_sd"/>
    <testcase time="0.000999999999748979" classname="ds.tapply_smk_fun_sd" name="simplest_ds.tapply_fun_sd"/>
    <testcase time="0.00199999999995271" classname="ds.tapply_smk_fun_sd" name="simplest_ds.tapply_fun_sd"/>
    <testcase time="0.00100000000020373" classname="ds.tapply_smk_fun_sd" name="simplest_ds.tapply_fun_sd"/>
    <testcase time="0.00199999999995271" classname="ds.tapply_smk_fun_sd" name="simplest_ds.tapply_fun_sd"/>
    <testcase time="0.00100000000020373" classname="ds.tapply_smk_fun_sd" name="simplest_ds.tapply_fun_sd"/>
    <testcase time="0.00199999999995271" classname="ds.tapply_smk_fun_sd" name="simplest_ds.tapply_fun_sd"/>
    <testcase time="0.000999999999748979" classname="ds.tapply_smk_fun_sd" name="simplest_ds.tapply_fun_sd"/>
    <testcase time="0.00199999999995271" classname="ds.tapply_smk_fun_sd" name="simplest_ds.tapply_fun_sd"/>
    <testcase time="0.00100000000020373" classname="ds.tapply_smk_fun_sd" name="simplest_ds.tapply_fun_sd"/>
    <testcase time="0.000999999999748979" classname="ds.tapply_smk_fun_sd" name="simplest_ds.tapply_fun_sd"/>
    <testcase time="0.00200000000040745" classname="ds.tapply_smk_fun_sd" name="simplest_ds.tapply_fun_sd"/>
    <testcase time="0.000999999999748979" classname="ds.tapply_smk_fun_sd" name="simplest_ds.tapply_fun_sd"/>
    <testcase time="0.00199999999995271" classname="ds.tapply_smk_fun_sd" name="simplest_ds.tapply_fun_sd"/>
    <testcase time="0.00100000000020373" classname="ds.tapply_smk_fun_sd" name="simplest_ds.tapply_fun_sd"/>
    <testcase time="0.00199999999995271" classname="ds.tapply_smk_fun_sd" name="simplest_ds.tapply_fun_sd"/>
    <testcase time="0.000999999999748979" classname="ds.tapply_smk_fun_sd" name="simplest_ds.tapply_fun_sd"/>
    <testcase time="0.00100000000020373" classname="ds.tapply_smk_fun_sd" name="simplest_ds.tapply_fun_sd"/>
    <testcase time="0.00300000000015643" classname="ds.tapply_smk_fun_sd" name="simplest_ds.tapply_fun_sd"/>
  </testsuite>
  <testsuite name="ds.tapply::smk::fun=sum" timestamp="2020-03-24T20:42:50Z" hostname="fv-az32" tests="22" skipped="0" failures="0" errors="0" time="0.314">
    <testcase time="0.280999999999949" classname="ds.tapply_smk_fun_sum" name="simplest_ds.tapply_fun_sum"/>
    <testcase time="0.00199999999995271" classname="ds.tapply_smk_fun_sum" name="simplest_ds.tapply_fun_sum"/>
    <testcase time="0.000999999999748979" classname="ds.tapply_smk_fun_sum" name="simplest_ds.tapply_fun_sum"/>
    <testcase time="0.00100000000020373" classname="ds.tapply_smk_fun_sum" name="simplest_ds.tapply_fun_sum"/>
    <testcase time="0.00199999999995271" classname="ds.tapply_smk_fun_sum" name="simplest_ds.tapply_fun_sum"/>
    <testcase time="0.00100000000020373" classname="ds.tapply_smk_fun_sum" name="simplest_ds.tapply_fun_sum"/>
    <testcase time="0.00199999999995271" classname="ds.tapply_smk_fun_sum" name="simplest_ds.tapply_fun_sum"/>
    <testcase time="0.000999999999748979" classname="ds.tapply_smk_fun_sum" name="simplest_ds.tapply_fun_sum"/>
    <testcase time="0.00100000000020373" classname="ds.tapply_smk_fun_sum" name="simplest_ds.tapply_fun_sum"/>
    <testcase time="0.00199999999995271" classname="ds.tapply_smk_fun_sum" name="simplest_ds.tapply_fun_sum"/>
    <testcase time="0.00100000000020373" classname="ds.tapply_smk_fun_sum" name="simplest_ds.tapply_fun_sum"/>
    <testcase time="0.00199999999995271" classname="ds.tapply_smk_fun_sum" name="simplest_ds.tapply_fun_sum"/>
    <testcase time="0.000999999999748979" classname="ds.tapply_smk_fun_sum" name="simplest_ds.tapply_fun_sum"/>
    <testcase time="0.00199999999995271" classname="ds.tapply_smk_fun_sum" name="simplest_ds.tapply_fun_sum"/>
    <testcase time="0.00100000000020373" classname="ds.tapply_smk_fun_sum" name="simplest_ds.tapply_fun_sum"/>
    <testcase time="0.00199999999995271" classname="ds.tapply_smk_fun_sum" name="simplest_ds.tapply_fun_sum"/>
    <testcase time="0.00199999999995271" classname="ds.tapply_smk_fun_sum" name="simplest_ds.tapply_fun_sum"/>
    <testcase time="0.00100000000020373" classname="ds.tapply_smk_fun_sum" name="simplest_ds.tapply_fun_sum"/>
    <testcase time="0.00199999999995271" classname="ds.tapply_smk_fun_sum" name="simplest_ds.tapply_fun_sum"/>
    <testcase time="0.00199999999995271" classname="ds.tapply_smk_fun_sum" name="simplest_ds.tapply_fun_sum"/>
    <testcase time="0.00199999999995271" classname="ds.tapply_smk_fun_sum" name="simplest_ds.tapply_fun_sum"/>
    <testcase time="0.00199999999995271" classname="ds.tapply_smk_fun_sum" name="simplest_ds.tapply_fun_sum"/>
  </testsuite>
  <testsuite name="ds.tapply::smk::fun=quantile" timestamp="2020-03-24T20:42:51Z" hostname="fv-az32" tests="10" skipped="0" failures="0" errors="0" time="0.289">
    <testcase time="0.277000000000044" classname="ds.tapply_smk_fun_quantile" name="simplest_ds.tapply_fun_quantile"/>
    <testcase time="0.00199999999995271" classname="ds.tapply_smk_fun_quantile" name="simplest_ds.tapply_fun_quantile"/>
    <testcase time="0.00100000000020373" classname="ds.tapply_smk_fun_quantile" name="simplest_ds.tapply_fun_quantile"/>
    <testcase time="0.000999999999748979" classname="ds.tapply_smk_fun_quantile" name="simplest_ds.tapply_fun_quantile"/>
    <testcase time="0.00100000000020373" classname="ds.tapply_smk_fun_quantile" name="simplest_ds.tapply_fun_quantile"/>
    <testcase time="0.00199999999995271" classname="ds.tapply_smk_fun_quantile" name="simplest_ds.tapply_fun_quantile"/>
    <testcase time="0.000999999999748979" classname="ds.tapply_smk_fun_quantile" name="simplest_ds.tapply_fun_quantile"/>
    <testcase time="0.00100000000020373" classname="ds.tapply_smk_fun_quantile" name="simplest_ds.tapply_fun_quantile"/>
    <testcase time="0.000999999999748979" classname="ds.tapply_smk_fun_quantile" name="simplest_ds.tapply_fun_quantile"/>
    <testcase time="0.00200000000040745" classname="ds.tapply_smk_fun_quantile" name="simplest_ds.tapply_fun_quantile"/>
  </testsuite>
  <testsuite name="ds.tapply::smk::shutdown" timestamp="2020-03-24T20:42:51Z" hostname="fv-az32" tests="3" skipped="0" failures="0" errors="0" time="0.287">
    <testcase time="0.283999999999651" classname="ds.tapply_smk_shutdown" name="shutdown"/>
    <testcase time="0.00100000000020373" classname="ds.tapply_smk_shutdown" name="shutdown"/>
    <testcase time="0.00199999999995271" classname="ds.tapply_smk_shutdown" name="shutdown"/>
  </testsuite>
  <testsuite name="ds.tapply::smk::done" timestamp="2020-03-24T20:42:52Z" hostname="fv-az32" tests="0" skipped="0" failures="0" errors="0" time="0"/>
  <testsuite name="ds.testObjExists::smk::setup" timestamp="2020-03-24T20:42:52Z" hostname="fv-az32" tests="3" skipped="0" failures="0" errors="0" time="5.68">
    <testcase time="5.67700000000013" classname="ds.testObjExists_smk_setup" name="setup"/>
    <testcase time="0.000999999999748979" classname="ds.testObjExists_smk_setup" name="setup"/>
    <testcase time="0.00199999999995271" classname="ds.testObjExists_smk_setup" name="setup"/>
  </testsuite>
  <testsuite name="ds.testObjExists::smk::discordant" timestamp="2020-03-24T20:42:57Z" hostname="fv-az32" tests="20" skipped="0" failures="0" errors="0" time="0.629">
    <testcase time="0.327000000000226" classname="ds.testObjExists_smk_discordant" name="simple_testObjExists_discordant"/>
    <testcase time="0.000999999999748979" classname="ds.testObjExists_smk_discordant" name="simple_testObjExists_discordant"/>
    <testcase time="0.276000000000295" classname="ds.testObjExists_smk_discordant" name="data.frame_testObjExists_discordant"/>
    <testcase time="0.000999999999748979" classname="ds.testObjExists_smk_discordant" name="data.frame_testObjExists_discordant"/>
    <testcase time="0.00199999999995271" classname="ds.testObjExists_smk_discordant" name="data.frame_testObjExists_discordant"/>
    <testcase time="0.00100000000020373" classname="ds.testObjExists_smk_discordant" name="data.frame_testObjExists_discordant"/>
    <testcase time="0.00199999999995271" classname="ds.testObjExists_smk_discordant" name="data.frame_testObjExists_discordant"/>
    <testcase time="0.00100000000020373" classname="ds.testObjExists_smk_discordant" name="data.frame_testObjExists_discordant"/>
    <testcase time="0.00199999999995271" classname="ds.testObjExists_smk_discordant" name="data.frame_testObjExists_discordant"/>
    <testcase time="0.000999999999748979" classname="ds.testObjExists_smk_discordant" name="data.frame_testObjExists_discordant"/>
    <testcase time="0.00100000000020373" classname="ds.testObjExists_smk_discordant" name="data.frame_testObjExists_discordant"/>
    <testcase time="0.00199999999995271" classname="ds.testObjExists_smk_discordant" name="data.frame_testObjExists_discordant"/>
    <testcase time="0.000999999999748979" classname="ds.testObjExists_smk_discordant" name="data.frame_testObjExists_discordant"/>
    <testcase time="0.00200000000040745" classname="ds.testObjExists_smk_discordant" name="data.frame_testObjExists_discordant"/>
    <testcase time="0.000999999999748979" classname="ds.testObjExists_smk_discordant" name="data.frame_testObjExists_discordant"/>
    <testcase time="0.00199999999995271" classname="ds.testObjExists_smk_discordant" name="data.frame_testObjExists_discordant"/>
    <testcase time="0.00100000000020373" classname="ds.testObjExists_smk_discordant" name="data.frame_testObjExists_discordant"/>
    <testcase time="0.00199999999995271" classname="ds.testObjExists_smk_discordant" name="data.frame_testObjExists_discordant"/>
    <testcase time="0.000999999999748979" classname="ds.testObjExists_smk_discordant" name="data.frame_testObjExists_discordant"/>
    <testcase time="0.00200000000040745" classname="ds.testObjExists_smk_discordant" name="data.frame_testObjExists_discordant"/>
  </testsuite>
  <testsuite name="ds.testObjExists::smk::shutdown" timestamp="2020-03-24T20:42:58Z" hostname="fv-az32" tests="3" skipped="0" failures="0" errors="0" time="0.294">
    <testcase time="0.290999999999713" classname="ds.testObjExists_smk_shutdown" name="shutdown"/>
    <testcase time="0.00100000000020373" classname="ds.testObjExists_smk_shutdown" name="shutdown"/>
    <testcase time="0.00199999999995271" classname="ds.testObjExists_smk_shutdown" name="shutdown"/>
  </testsuite>
  <testsuite name="ds.testObjExists::smk::done" timestamp="2020-03-24T20:42:59Z" hostname="fv-az32" tests="0" skipped="0" failures="0" errors="0" time="0"/>
  <testsuite name="ds.testObjExists::smk::setup" timestamp="2020-03-24T20:42:59Z" hostname="fv-az32" tests="3" skipped="0" failures="0" errors="0" time="5.624">
    <testcase time="5.62199999999984" classname="ds.testObjExists_smk_setup" name="setup"/>
    <testcase time="0.00100000000020373" classname="ds.testObjExists_smk_setup" name="setup"/>
    <testcase time="0.000999999999748979" classname="ds.testObjExists_smk_setup" name="setup"/>
  </testsuite>
  <testsuite name="ds.testObjExists::smk" timestamp="2020-03-24T20:43:04Z" hostname="fv-az32" tests="40" skipped="0" failures="0" errors="0" time="2.538">
    <testcase time="0.280999999999949" classname="ds.testObjExists_smk" name="simple_testObjExists"/>
    <testcase time="0.00100000000020373" classname="ds.testObjExists_smk" name="simple_testObjExists"/>
    <testcase time="1.65000000000009" classname="ds.testObjExists_smk" name="data.frame_testObjExists"/>
    <testcase time="0.000999999999748979" classname="ds.testObjExists_smk" name="data.frame_testObjExists"/>
    <testcase time="0.275000000000091" classname="ds.testObjExists_smk" name="data.frame_testObjExists"/>
    <testcase time="0.00100000000020373" classname="ds.testObjExists_smk" name="data.frame_testObjExists"/>
    <testcase time="0.00299999999970169" classname="ds.testObjExists_smk" name="data.frame_testObjExists"/>
    <testcase time="0.00199999999995271" classname="ds.testObjExists_smk" name="data.frame_testObjExists"/>
    <testcase time="0.00100000000020373" classname="ds.testObjExists_smk" name="data.frame_testObjExists"/>
    <testcase time="0.000999999999748979" classname="ds.testObjExists_smk" name="data.frame_testObjExists"/>
    <testcase time="0.00200000000040745" classname="ds.testObjExists_smk" name="data.frame_testObjExists"/>
    <testcase time="0.000999999999748979" classname="ds.testObjExists_smk" name="data.frame_testObjExists"/>
    <testcase time="0.00199999999995271" classname="ds.testObjExists_smk" name="data.frame_testObjExists"/>
    <testcase time="0.00100000000020373" classname="ds.testObjExists_smk" name="data.frame_testObjExists"/>
    <testcase time="0.00199999999995271" classname="ds.testObjExists_smk" name="data.frame_testObjExists"/>
    <testcase time="0.000999999999748979" classname="ds.testObjExists_smk" name="data.frame_testObjExists"/>
    <testcase time="0.00200000000040745" classname="ds.testObjExists_smk" name="data.frame_testObjExists"/>
    <testcase time="0.000999999999748979" classname="ds.testObjExists_smk" name="data.frame_testObjExists"/>
    <testcase time="0.00199999999995271" classname="ds.testObjExists_smk" name="data.frame_testObjExists"/>
    <testcase time="0.00100000000020373" classname="ds.testObjExists_smk" name="data.frame_testObjExists"/>
    <testcase time="0.00199999999995271" classname="ds.testObjExists_smk" name="data.frame_testObjExists"/>
    <testcase time="0.00199999999995271" classname="ds.testObjExists_smk" name="data.frame_testObjExists"/>
    <testcase time="0.273999999999887" classname="ds.testObjExists_smk" name="data.frame_testObjExists"/>
    <testcase time="0.00100000000020373" classname="ds.testObjExists_smk" name="data.frame_testObjExists"/>
    <testcase time="0.00199999999995271" classname="ds.testObjExists_smk" name="data.frame_testObjExists"/>
    <testcase time="0.000999999999748979" classname="ds.testObjExists_smk" name="data.frame_testObjExists"/>
    <testcase time="0.00200000000040745" classname="ds.testObjExists_smk" name="data.frame_testObjExists"/>
    <testcase time="0.000999999999748979" classname="ds.testObjExists_smk" name="data.frame_testObjExists"/>
    <testcase time="0.00199999999995271" classname="ds.testObjExists_smk" name="data.frame_testObjExists"/>
    <testcase time="0.00199999999995271" classname="ds.testObjExists_smk" name="data.frame_testObjExists"/>
    <testcase time="0.00100000000020373" classname="ds.testObjExists_smk" name="data.frame_testObjExists"/>
    <testcase time="0.00199999999995271" classname="ds.testObjExists_smk" name="data.frame_testObjExists"/>
    <testcase time="0.00199999999995271" classname="ds.testObjExists_smk" name="data.frame_testObjExists"/>
    <testcase time="0.00199999999995271" classname="ds.testObjExists_smk" name="data.frame_testObjExists"/>
    <testcase time="0.00100000000020373" classname="ds.testObjExists_smk" name="data.frame_testObjExists"/>
    <testcase time="0.00199999999995271" classname="ds.testObjExists_smk" name="data.frame_testObjExists"/>
    <testcase time="0.00199999999995271" classname="ds.testObjExists_smk" name="data.frame_testObjExists"/>
    <testcase time="0.00199999999995271" classname="ds.testObjExists_smk" name="data.frame_testObjExists"/>
    <testcase time="0.00199999999995271" classname="ds.testObjExists_smk" name="data.frame_testObjExists"/>
    <testcase time="0.00199999999995271" classname="ds.testObjExists_smk" name="data.frame_testObjExists"/>
  </testsuite>
  <testsuite name="ds.testObjExists::smk::shutdown" timestamp="2020-03-24T20:43:06Z" hostname="fv-az32" tests="3" skipped="0" failures="0" errors="0" time="0.288">
    <testcase time="0.285000000000309" classname="ds.testObjExists_smk_shutdown" name="shutdown"/>
    <testcase time="0.00199999999995271" classname="ds.testObjExists_smk_shutdown" name="shutdown"/>
    <testcase time="0.000999999999748979" classname="ds.testObjExists_smk_shutdown" name="shutdown"/>
  </testsuite>
  <testsuite name="ds.testObjExists::smk::done" timestamp="2020-03-24T20:43:07Z" hostname="fv-az32" tests="0" skipped="0" failures="0" errors="0" time="0"/>
  <testsuite name="ds.unList::smk::setup" timestamp="2020-03-24T20:43:07Z" hostname="fv-az32" tests="3" skipped="0" failures="0" errors="0" time="5.746">
    <testcase time="5.74299999999994" classname="ds.unList_smk_setup" name="setup"/>
    <testcase time="0.00199999999995271" classname="ds.unList_smk_setup" name="setup"/>
    <testcase time="0.00100000000020373" classname="ds.unList_smk_setup" name="setup"/>
  </testsuite>
  <testsuite name="ds.unList::smk::simple test" timestamp="2020-03-24T20:43:12Z" hostname="fv-az32" tests="7" skipped="0" failures="0" errors="0" time="1.274">
    <testcase time="1.26499999999987" classname="ds.unList_smk_simple_test" name="simple_test"/>
    <testcase time="0.00199999999995271" classname="ds.unList_smk_simple_test" name="simple_test"/>
    <testcase time="0.00100000000020373" classname="ds.unList_smk_simple_test" name="simple_test"/>
    <testcase time="0.00199999999995271" classname="ds.unList_smk_simple_test" name="simple_test"/>
    <testcase time="0.00100000000020373" classname="ds.unList_smk_simple_test" name="simple_test"/>
    <testcase time="0.00199999999995271" classname="ds.unList_smk_simple_test" name="simple_test"/>
    <testcase time="0.000999999999748979" classname="ds.unList_smk_simple_test" name="simple_test"/>
  </testsuite>
  <testsuite name="ds.unList::smk::shutdown" timestamp="2020-03-24T20:43:13Z" hostname="fv-az32" tests="3" skipped="0" failures="0" errors="0" time="0.294">
    <testcase time="0.291999999999916" classname="ds.unList_smk_shutdown" name="shutdown"/>
    <testcase time="0.00100000000020373" classname="ds.unList_smk_shutdown" name="shutdown"/>
    <testcase time="0.00100000000020373" classname="ds.unList_smk_shutdown" name="shutdown"/>
  </testsuite>
  <testsuite name="ds.unList::smk::done" timestamp="2020-03-24T20:43:14Z" hostname="fv-az32" tests="0" skipped="0" failures="0" errors="0" time="0"/>
  <testsuite name="ds.var::smk::setup" timestamp="2020-03-24T20:43:14Z" hostname="fv-az32" tests="3" skipped="0" failures="0" errors="0" time="5.746">
    <testcase time="5.74299999999994" classname="ds.var_smk_setup" name="setup"/>
    <testcase time="0.00199999999995271" classname="ds.var_smk_setup" name="setup"/>
    <testcase time="0.000999999999748979" classname="ds.var_smk_setup" name="setup"/>
  </testsuite>
  <testsuite name="ds.var::smk::split" timestamp="2020-03-24T20:43:19Z" hostname="fv-az32" tests="19" skipped="0" failures="0" errors="0" time="0.313">
    <testcase time="0.283000000000357" classname="ds.var_smk_split" name="simple_var_split"/>
    <testcase time="0.000999999999748979" classname="ds.var_smk_split" name="simple_var_split"/>
    <testcase time="0.00199999999995271" classname="ds.var_smk_split" name="simple_var_split"/>
    <testcase time="0.00100000000020373" classname="ds.var_smk_split" name="simple_var_split"/>
    <testcase time="0.00199999999995271" classname="ds.var_smk_split" name="simple_var_split"/>
    <testcase time="0.000999999999748979" classname="ds.var_smk_split" name="simple_var_split"/>
    <testcase time="0.00200000000040745" classname="ds.var_smk_split" name="simple_var_split"/>
    <testcase time="0.000999999999748979" classname="ds.var_smk_split" name="simple_var_split"/>
    <testcase time="0.00199999999995271" classname="ds.var_smk_split" name="simple_var_split"/>
    <testcase time="0.00100000000020373" classname="ds.var_smk_split" name="simple_var_split"/>
    <testcase time="0.00199999999995271" classname="ds.var_smk_split" name="simple_var_split"/>
    <testcase time="0.00199999999995271" classname="ds.var_smk_split" name="simple_var_split"/>
    <testcase time="0.000999999999748979" classname="ds.var_smk_split" name="simple_var_split"/>
    <testcase time="0.00400000000036016" classname="ds.var_smk_split" name="simple_var_split"/>
    <testcase time="0.000999999999748979" classname="ds.var_smk_split" name="simple_var_split"/>
    <testcase time="0.00199999999995271" classname="ds.var_smk_split" name="simple_var_split"/>
    <testcase time="0.00199999999995271" classname="ds.var_smk_split" name="simple_var_split"/>
    <testcase time="0.00200000000040745" classname="ds.var_smk_split" name="simple_var_split"/>
    <testcase time="0.000999999999748979" classname="ds.var_smk_split" name="simple_var_split"/>
  </testsuite>
  <testsuite name="ds.var::smk::combine" timestamp="2020-03-24T20:43:20Z" hostname="fv-az32" tests="11" skipped="0" failures="0" errors="0" time="0.303">
    <testcase time="0.286000000000058" classname="ds.var_smk_combine" name="simple_var_combine"/>
    <testcase time="0.00199999999995271" classname="ds.var_smk_combine" name="simple_var_combine"/>
    <testcase time="0.00100000000020373" classname="ds.var_smk_combine" name="simple_var_combine"/>
    <testcase time="0.00199999999995271" classname="ds.var_smk_combine" name="simple_var_combine"/>
    <testcase time="0.000999999999748979" classname="ds.var_smk_combine" name="simple_var_combine"/>
    <testcase time="0.00300000000015643" classname="ds.var_smk_combine" name="simple_var_combine"/>
    <testcase time="0.000999999999748979" classname="ds.var_smk_combine" name="simple_var_combine"/>
    <testcase time="0.00200000000040745" classname="ds.var_smk_combine" name="simple_var_combine"/>
    <testcase time="0.000999999999748979" classname="ds.var_smk_combine" name="simple_var_combine"/>
    <testcase time="0.00199999999995271" classname="ds.var_smk_combine" name="simple_var_combine"/>
    <testcase time="0.00199999999995271" classname="ds.var_smk_combine" name="simple_var_combine"/>
  </testsuite>
  <testsuite name="ds.var::smk::both" timestamp="2020-03-24T20:43:20Z" hostname="fv-az32" tests="24" skipped="0" failures="0" errors="0" time="0.341">
    <testcase time="0.292000000000371" classname="ds.var_smk_both" name="simple_var_both"/>
    <testcase time="0.00100000000020373" classname="ds.var_smk_both" name="simple_var_both"/>
    <testcase time="0.000999999999748979" classname="ds.var_smk_both" name="simple_var_both"/>
    <testcase time="0.00199999999995271" classname="ds.var_smk_both" name="simple_var_both"/>
    <testcase time="0.00199999999995271" classname="ds.var_smk_both" name="simple_var_both"/>
    <testcase time="0.00100000000020373" classname="ds.var_smk_both" name="simple_var_both"/>
    <testcase time="0.00199999999995271" classname="ds.var_smk_both" name="simple_var_both"/>
    <testcase time="0.00100000000020373" classname="ds.var_smk_both" name="simple_var_both"/>
    <testcase time="0.00199999999995271" classname="ds.var_smk_both" name="simple_var_both"/>
    <testcase time="0.00199999999995271" classname="ds.var_smk_both" name="simple_var_both"/>
    <testcase time="0.00199999999995271" classname="ds.var_smk_both" name="simple_var_both"/>
    <testcase time="0.012000000000171" classname="ds.var_smk_both" name="simple_var_both"/>
    <testcase time="0.000999999999748979" classname="ds.var_smk_both" name="simple_var_both"/>
    <testcase time="0.00199999999995271" classname="ds.var_smk_both" name="simple_var_both"/>
    <testcase time="0.00100000000020373" classname="ds.var_smk_both" name="simple_var_both"/>
    <testcase time="0.00199999999995271" classname="ds.var_smk_both" name="simple_var_both"/>
    <testcase time="0.00199999999995271" classname="ds.var_smk_both" name="simple_var_both"/>
    <testcase time="0.00100000000020373" classname="ds.var_smk_both" name="simple_var_both"/>
    <testcase time="0.00199999999995271" classname="ds.var_smk_both" name="simple_var_both"/>
    <testcase time="0.00299999999970169" classname="ds.var_smk_both" name="simple_var_both"/>
    <testcase time="0.00100000000020373" classname="ds.var_smk_both" name="simple_var_both"/>
    <testcase time="0.00199999999995271" classname="ds.var_smk_both" name="simple_var_both"/>
    <testcase time="0.00199999999995271" classname="ds.var_smk_both" name="simple_var_both"/>
    <testcase time="0.00199999999995271" classname="ds.var_smk_both" name="simple_var_both"/>
  </testsuite>
  <testsuite name="ds.var::smk::shutdown" timestamp="2020-03-24T20:43:20Z" hostname="fv-az32" tests="3" skipped="0" failures="0" errors="0" time="0.284">
    <testcase time="0.282000000000153" classname="ds.var_smk_shutdown" name="shutdown"/>
    <testcase time="0.000999999999748979" classname="ds.var_smk_shutdown" name="shutdown"/>
    <testcase time="0.00100000000020373" classname="ds.var_smk_shutdown" name="shutdown"/>
  </testsuite>
  <testsuite name="ds.var::smk::done" timestamp="2020-03-24T20:43:21Z" hostname="fv-az32" tests="0" skipped="0" failures="0" errors="0" time="0"/>
  <testsuite name="ds.vectorCalc::smk::setup" timestamp="2020-03-24T20:43:21Z" hostname="fv-az32" tests="3" skipped="0" failures="0" errors="0" time="5.731">
    <testcase time="5.72899999999981" classname="ds.vectorCalc_smk_setup" name="setup"/>
    <testcase time="0.00100000000020373" classname="ds.vectorCalc_smk_setup" name="setup"/>
    <testcase time="0.000999999999748979" classname="ds.vectorCalc_smk_setup" name="setup"/>
  </testsuite>
  <testsuite name="ds.vectorCalc::smk" timestamp="2020-03-24T20:43:26Z" hostname="fv-az32" tests="17" skipped="0" failures="0" errors="0" time="3.044">
    <testcase time="2.21600000000035" classname="ds.vectorCalc_smk" name="simple_test"/>
    <testcase time="0.53899999999976" classname="ds.vectorCalc_smk" name="simple_test"/>
    <testcase time="0.00100000000020373" classname="ds.vectorCalc_smk" name="simple_test"/>
    <testcase time="0.000999999999748979" classname="ds.vectorCalc_smk" name="simple_test"/>
    <testcase time="0.00199999999995271" classname="ds.vectorCalc_smk" name="simple_test"/>
    <testcase time="0.00100000000020373" classname="ds.vectorCalc_smk" name="simple_test"/>
    <testcase time="0.000999999999748979" classname="ds.vectorCalc_smk" name="simple_test"/>
    <testcase time="0.00100000000020373" classname="ds.vectorCalc_smk" name="simple_test"/>
    <testcase time="0.269000000000233" classname="ds.vectorCalc_smk" name="simple_test"/>
    <testcase time="0.00199999999995271" classname="ds.vectorCalc_smk" name="simple_test"/>
    <testcase time="0.00199999999995271" classname="ds.vectorCalc_smk" name="simple_test"/>
    <testcase time="0.000999999999748979" classname="ds.vectorCalc_smk" name="simple_test"/>
    <testcase time="0.00199999999995271" classname="ds.vectorCalc_smk" name="simple_test"/>
    <testcase time="0.00100000000020373" classname="ds.vectorCalc_smk" name="simple_test"/>
    <testcase time="0.00199999999995271" classname="ds.vectorCalc_smk" name="simple_test"/>
    <testcase time="0.00100000000020373" classname="ds.vectorCalc_smk" name="simple_test"/>
    <testcase time="0.00199999999995271" classname="ds.vectorCalc_smk" name="simple_test"/>
  </testsuite>
  <testsuite name="ds.vectorCalc::smk::shutdown" timestamp="2020-03-24T20:43:29Z" hostname="fv-az32" tests="3" skipped="0" failures="0" errors="0" time="0.282">
    <testcase time="0.278999999999996" classname="ds.vectorCalc_smk_shutdown" name="shutdown"/>
    <testcase time="0.000999999999748979" classname="ds.vectorCalc_smk_shutdown" name="shutdown"/>
    <testcase time="0.00199999999995271" classname="ds.vectorCalc_smk_shutdown" name="shutdown"/>
  </testsuite>
  <testsuite name="ds.vectorCalc::smk::done" timestamp="2020-03-24T20:43:30Z" hostname="fv-az32" tests="0" skipped="0" failures="0" errors="0" time="0"/>
  <testsuite name="ds.mean::smk_expt::type=combine" timestamp="2020-03-24T20:43:35Z" hostname="fv-az32" tests="1" skipped="0" failures="0" errors="0" time="5.747">
    <testcase time="5.7470000000003" classname="ds.mean_smk_expt_type_combine" name="mean_values_combine_"/>
  </testsuite>
  <testsuite name="ds.mean::smk_expt::type=split" timestamp="2020-03-24T20:43:36Z" hostname="fv-az32" tests="1" skipped="0" failures="0" errors="0" time="0.286">
    <testcase time="0.286000000000058" classname="ds.mean_smk_expt_type_split" name="mean_values_split_"/>
  </testsuite>
  <testsuite name="ds.mean::smk_expt::type=both" timestamp="2020-03-24T20:43:36Z" hostname="fv-az32" tests="1" skipped="0" failures="0" errors="0" time="0.282">
    <testcase time="0.282000000000153" classname="ds.mean_smk_expt_type_both" name="mean_values_both_"/>
  </testsuite>
  <testsuite name="ds.mean::smk_expt::type=combine" timestamp="2020-03-24T20:43:36Z" hostname="fv-az32" tests="1" skipped="0" failures="0" errors="0" time="0.295">
    <testcase time="0.295000000000073" classname="ds.mean_smk_expt_type_combine" name="mean_values_combine_"/>
  </testsuite>
  <testsuite name="ds.mean::smk_expt::type=split" timestamp="2020-03-24T20:43:36Z" hostname="fv-az32" tests="1" skipped="0" failures="0" errors="0" time="0.304">
    <testcase time="0.303999999999633" classname="ds.mean_smk_expt_type_split" name="mean_values_split_"/>
  </testsuite>
  <testsuite name="ds.mean::smk_expt::type=both" timestamp="2020-03-24T20:43:37Z" hostname="fv-az32" tests="1" skipped="0" failures="0" errors="0" time="0.281">
    <testcase time="0.281000000000404" classname="ds.mean_smk_expt_type_both" name="mean_values_both_"/>
  </testsuite>
  <testsuite name="ds.mean::smk_expt::type=combine" timestamp="2020-03-24T20:43:37Z" hostname="fv-az32" tests="1" skipped="0" failures="0" errors="0" time="0.282">
    <testcase time="0.281999999999698" classname="ds.mean_smk_expt_type_combine" name="mean_values_combine_"/>
  </testsuite>
  <testsuite name="ds.mean::smk_expt::type=split" timestamp="2020-03-24T20:43:37Z" hostname="fv-az32" tests="1" skipped="0" failures="0" errors="0" time="0.283">
    <testcase time="0.282999999999902" classname="ds.mean_smk_expt_type_split" name="mean_values_split_"/>
  </testsuite>
  <testsuite name="ds.mean::smk_expt::type=both" timestamp="2020-03-24T20:43:38Z" hostname="fv-az32" tests="1" skipped="0" failures="0" errors="0" time="0.284">
    <testcase time="0.284000000000106" classname="ds.mean_smk_expt_type_both" name="mean_values_both_"/>
  </testsuite>
  <testsuite name="ds.mean::smk_expt::type=combine" timestamp="2020-03-24T20:43:38Z" hostname="fv-az32" tests="1" skipped="0" failures="0" errors="0" time="0.28">
    <testcase time="0.2800000000002" classname="ds.mean_smk_expt_type_combine" name="mean_values_combine_"/>
  </testsuite>
  <testsuite name="ds.mean::smk_expt::type=split" timestamp="2020-03-24T20:43:38Z" hostname="fv-az32" tests="1" skipped="0" failures="0" errors="0" time="0.3">
    <testcase time="0.299999999999727" classname="ds.mean_smk_expt_type_split" name="mean_values_split_"/>
  </testsuite>
  <testsuite name="ds.mean::smk_expt::type=both" timestamp="2020-03-24T20:43:38Z" hostname="fv-az32" tests="1" skipped="0" failures="0" errors="0" time="0.29">
    <testcase time="0.289999999999964" classname="ds.mean_smk_expt_type_both" name="mean_values_both_"/>
  </testsuite>
  <testsuite name="ds.mean::smk_expt::type=combine" timestamp="2020-03-24T20:43:39Z" hostname="fv-az32" tests="1" skipped="0" failures="0" errors="0" time="0.295">
    <testcase time="0.295000000000073" classname="ds.mean_smk_expt_type_combine" name="mean_values_combine_"/>
  </testsuite>
  <testsuite name="ds.mean::smk_expt::type=split" timestamp="2020-03-24T20:43:39Z" hostname="fv-az32" tests="1" skipped="0" failures="0" errors="0" time="0.285">
    <testcase time="0.285000000000309" classname="ds.mean_smk_expt_type_split" name="mean_values_split_"/>
  </testsuite>
  <testsuite name="ds.mean::smk_expt::type=both" timestamp="2020-03-24T20:43:39Z" hostname="fv-az32" tests="1" skipped="0" failures="0" errors="0" time="0.286">
    <testcase time="0.286000000000058" classname="ds.mean_smk_expt_type_both" name="mean_values_both_"/>
  </testsuite>
  <testsuite name="ds.mean::smk_expt::type=combine" timestamp="2020-03-24T20:43:40Z" hostname="fv-az32" tests="1" skipped="0" failures="0" errors="0" time="1.086">
    <testcase time="1.08600000000024" classname="ds.mean_smk_expt_type_combine" name="mean_values_combine_"/>
  </testsuite>
  <testsuite name="ds.mean::smk_expt::type=split" timestamp="2020-03-24T20:43:41Z" hostname="fv-az32" tests="1" skipped="0" failures="0" errors="0" time="1.082">
    <testcase time="1.08199999999988" classname="ds.mean_smk_expt_type_split" name="mean_values_split_"/>
  </testsuite>
  <testsuite name="ds.mean::smk_expt::type=both" timestamp="2020-03-24T20:43:42Z" hostname="fv-az32" tests="1" skipped="0" failures="0" errors="0" time="1.102">
    <testcase time="1.10200000000032" classname="ds.mean_smk_expt_type_both" name="mean_values_both_"/>
  </testsuite>
  <testsuite name="ds.mean::smk_expt::type=combine" timestamp="2020-03-24T20:43:43Z" hostname="fv-az32" tests="1" skipped="0" failures="0" errors="0" time="1.096">
    <testcase time="1.096" classname="ds.mean_smk_expt_type_combine" name="mean_values_combine_"/>
  </testsuite>
  <testsuite name="ds.mean::smk_expt::type=split" timestamp="2020-03-24T20:43:44Z" hostname="fv-az32" tests="1" skipped="0" failures="0" errors="0" time="1.134">
    <testcase time="1.13400000000001" classname="ds.mean_smk_expt_type_split" name="mean_values_split_"/>
  </testsuite>
  <testsuite name="ds.mean::smk_expt::type=both" timestamp="2020-03-24T20:43:45Z" hostname="fv-az32" tests="1" skipped="0" failures="0" errors="0" time="1.142">
    <testcase time="1.14199999999983" classname="ds.mean_smk_expt_type_both" name="mean_values_both_"/>
  </testsuite>
  <testsuite name="ds.mean::smk_expt::type=combine" timestamp="2020-03-24T20:43:46Z" hostname="fv-az32" tests="1" skipped="0" failures="0" errors="0" time="1.091">
    <testcase time="1.09099999999989" classname="ds.mean_smk_expt_type_combine" name="mean_values_combine_"/>
  </testsuite>
  <testsuite name="ds.mean::smk_expt::type=split" timestamp="2020-03-24T20:43:47Z" hostname="fv-az32" tests="1" skipped="0" failures="0" errors="0" time="1.083">
    <testcase time="1.08300000000008" classname="ds.mean_smk_expt_type_split" name="mean_values_split_"/>
  </testsuite>
  <testsuite name="ds.mean::smk_expt::type=both" timestamp="2020-03-24T20:43:48Z" hostname="fv-az32" tests="1" skipped="0" failures="0" errors="0" time="1.093">
    <testcase time="1.09299999999985" classname="ds.mean_smk_expt_type_both" name="mean_values_both_"/>
  </testsuite>
  <testsuite name="ds.mean::smk_expt::type=combine" timestamp="2020-03-24T20:43:49Z" hostname="fv-az32" tests="1" skipped="0" failures="0" errors="0" time="1.107">
    <testcase time="1.10699999999997" classname="ds.mean_smk_expt_type_combine" name="mean_values_combine_"/>
  </testsuite>
  <testsuite name="ds.mean::smk_expt::type=split" timestamp="2020-03-24T20:43:51Z" hostname="fv-az32" tests="1" skipped="0" failures="0" errors="0" time="1.09">
    <testcase time="1.09000000000015" classname="ds.mean_smk_expt_type_split" name="mean_values_split_"/>
  </testsuite>
  <testsuite name="ds.mean::smk_expt::type=both" timestamp="2020-03-24T20:43:52Z" hostname="fv-az32" tests="1" skipped="0" failures="0" errors="0" time="1.106">
    <testcase time="1.10600000000022" classname="ds.mean_smk_expt_type_both" name="mean_values_both_"/>
  </testsuite>
  <testsuite name="ds.mean::smk_expt::type=combine" timestamp="2020-03-24T20:43:53Z" hostname="fv-az32" tests="1" skipped="0" failures="0" errors="0" time="1.109">
    <testcase time="1.10899999999992" classname="ds.mean_smk_expt_type_combine" name="mean_values_combine_"/>
  </testsuite>
  <testsuite name="ds.mean::smk_expt::type=split" timestamp="2020-03-24T20:43:54Z" hostname="fv-az32" tests="1" skipped="0" failures="0" errors="0" time="1.094">
    <testcase time="1.09400000000005" classname="ds.mean_smk_expt_type_split" name="mean_values_split_"/>
  </testsuite>
  <testsuite name="ds.mean::smk_expt::type=both" timestamp="2020-03-24T20:43:55Z" hostname="fv-az32" tests="1" skipped="0" failures="0" errors="0" time="1.101">
    <testcase time="1.10099999999966" classname="ds.mean_smk_expt_type_both" name="mean_values_both_"/>
  </testsuite>
  <testsuite name="ds.mean::smk_expt::type=combine" timestamp="2020-03-24T20:43:56Z" hostname="fv-az32" tests="1" skipped="0" failures="0" errors="0" time="1.122">
    <testcase time="1.1220000000003" classname="ds.mean_smk_expt_type_combine" name="mean_values_combine_"/>
  </testsuite>
  <testsuite name="ds.mean::smk_expt::type=split" timestamp="2020-03-24T20:43:57Z" hostname="fv-az32" tests="1" skipped="0" failures="0" errors="0" time="1.083">
    <testcase time="1.08300000000008" classname="ds.mean_smk_expt_type_split" name="mean_values_split_"/>
  </testsuite>
  <testsuite name="ds.mean::smk_expt::type=both" timestamp="2020-03-24T20:43:58Z" hostname="fv-az32" tests="1" skipped="0" failures="0" errors="0" time="1.105">
    <testcase time="1.10500000000002" classname="ds.mean_smk_expt_type_both" name="mean_values_both_"/>
  </testsuite>
</testsuites>
